[2024-10-04T18:59:11.530+0100] {local_task_job_runner.py:123} INFO - ::group::Pre task execution logs
[2024-10-04T18:59:11.533+0100] {taskinstance.py:2612} INFO - Dependencies all met for dep_context=non-requeueable deps ti=<TaskInstance: executing_multiple_tasks_2.taskC manual__2024-10-04T17:59:04.852713+00:00 [queued]>
[2024-10-04T18:59:11.535+0100] {taskinstance.py:2612} INFO - Dependencies all met for dep_context=requeueable deps ti=<TaskInstance: executing_multiple_tasks_2.taskC manual__2024-10-04T17:59:04.852713+00:00 [queued]>
[2024-10-04T18:59:11.535+0100] {taskinstance.py:2865} INFO - Starting attempt 1 of 1
[2024-10-04T18:59:11.539+0100] {taskinstance.py:2888} INFO - Executing <Task(BashOperator): taskC> on 2024-10-04 17:59:04.852713+00:00
[2024-10-04T18:59:11.541+0100] {standard_task_runner.py:72} INFO - Started process 26770 to run task
[2024-10-04T18:59:11.543+0100] {standard_task_runner.py:104} INFO - Running: ['airflow', 'tasks', 'run', 'executing_multiple_tasks_2', 'taskC', 'manual__2024-10-04T17:59:04.852713+00:00', '--job-id', '43', '--raw', '--subdir', 'DAGS_FOLDER/execute_multiple_2.py', '--cfg-path', '/var/folders/nl/1x330z2x7yzb268yb0bbvjcr0000gn/T/tmpoxl1dn7g']
[2024-10-04T18:59:11.544+0100] {standard_task_runner.py:105} INFO - Job 43: Subtask taskC
[2024-10-04T18:59:11.555+0100] {task_command.py:467} INFO - Running <TaskInstance: executing_multiple_tasks_2.taskC manual__2024-10-04T17:59:04.852713+00:00 [running]> on host mujtabas-macbook-pro.local
[2024-10-04T18:59:11.574+0100] {taskinstance.py:3131} INFO - Exporting env vars: AIRFLOW_CTX_DAG_OWNER='ali' AIRFLOW_CTX_DAG_ID='executing_multiple_tasks_2' AIRFLOW_CTX_TASK_ID='taskC' AIRFLOW_CTX_EXECUTION_DATE='2024-10-04T17:59:04.852713+00:00' AIRFLOW_CTX_TRY_NUMBER='1' AIRFLOW_CTX_DAG_RUN_ID='manual__2024-10-04T17:59:04.852713+00:00'
[2024-10-04T18:59:11.575+0100] {taskinstance.py:731} INFO - ::endgroup::
[2024-10-04T18:59:11.580+0100] {subprocess.py:63} INFO - Tmp dir root location: /var/folders/nl/1x330z2x7yzb268yb0bbvjcr0000gn/T
[2024-10-04T18:59:11.580+0100] {subprocess.py:75} INFO - Running command: ['/bin/bash', '-c', '\n            echo TASK C has started!\n            sleep 15\n            echo TASK C has ended!\n        ']
[2024-10-04T18:59:11.582+0100] {subprocess.py:86} INFO - Output:
[2024-10-04T18:59:11.584+0100] {subprocess.py:93} INFO - TASK C has started!
[2024-10-04T18:59:26.591+0100] {subprocess.py:93} INFO - TASK C has ended!
[2024-10-04T18:59:26.594+0100] {subprocess.py:97} INFO - Command exited with return code 0
[2024-10-04T18:59:26.612+0100] {taskinstance.py:340} INFO - ::group::Post task execution logs
[2024-10-04T18:59:26.613+0100] {taskinstance.py:352} INFO - Marking task as SUCCESS. dag_id=executing_multiple_tasks_2, task_id=taskC, run_id=manual__2024-10-04T17:59:04.852713+00:00, execution_date=20241004T175904, start_date=20241004T175911, end_date=20241004T175926
[2024-10-04T18:59:26.631+0100] {local_task_job_runner.py:266} INFO - Task exited with return code 0
[2024-10-04T18:59:26.641+0100] {taskinstance.py:3900} INFO - 1 downstream tasks scheduled from follow-on schedule check
[2024-10-04T18:59:26.642+0100] {local_task_job_runner.py:245} INFO - ::endgroup::
