[2024-10-04T18:57:39.439+0100] {local_task_job_runner.py:123} INFO - ::group::Pre task execution logs
[2024-10-04T18:57:39.443+0100] {taskinstance.py:2612} INFO - Dependencies all met for dep_context=non-requeueable deps ti=<TaskInstance: executing_multiple_tasks_2.taskC manual__2024-10-04T17:57:30.442380+00:00 [queued]>
[2024-10-04T18:57:39.444+0100] {taskinstance.py:2612} INFO - Dependencies all met for dep_context=requeueable deps ti=<TaskInstance: executing_multiple_tasks_2.taskC manual__2024-10-04T17:57:30.442380+00:00 [queued]>
[2024-10-04T18:57:39.444+0100] {taskinstance.py:2865} INFO - Starting attempt 1 of 1
[2024-10-04T18:57:39.448+0100] {taskinstance.py:2888} INFO - Executing <Task(BashOperator): taskC> on 2024-10-04 17:57:30.442380+00:00
[2024-10-04T18:57:39.450+0100] {standard_task_runner.py:72} INFO - Started process 26709 to run task
[2024-10-04T18:57:39.452+0100] {standard_task_runner.py:104} INFO - Running: ['airflow', 'tasks', 'run', 'executing_multiple_tasks_2', 'taskC', 'manual__2024-10-04T17:57:30.442380+00:00', '--job-id', '40', '--raw', '--subdir', 'DAGS_FOLDER/execute_multiple_2.py', '--cfg-path', '/var/folders/nl/1x330z2x7yzb268yb0bbvjcr0000gn/T/tmpe3pc5h0a']
[2024-10-04T18:57:39.453+0100] {standard_task_runner.py:105} INFO - Job 40: Subtask taskC
[2024-10-04T18:57:39.465+0100] {task_command.py:467} INFO - Running <TaskInstance: executing_multiple_tasks_2.taskC manual__2024-10-04T17:57:30.442380+00:00 [running]> on host mujtabas-macbook-pro.local
[2024-10-04T18:57:39.484+0100] {taskinstance.py:3131} INFO - Exporting env vars: AIRFLOW_CTX_DAG_OWNER='ali' AIRFLOW_CTX_DAG_ID='executing_multiple_tasks_2' AIRFLOW_CTX_TASK_ID='taskC' AIRFLOW_CTX_EXECUTION_DATE='2024-10-04T17:57:30.442380+00:00' AIRFLOW_CTX_TRY_NUMBER='1' AIRFLOW_CTX_DAG_RUN_ID='manual__2024-10-04T17:57:30.442380+00:00'
[2024-10-04T18:57:39.485+0100] {taskinstance.py:731} INFO - ::endgroup::
[2024-10-04T18:57:39.490+0100] {subprocess.py:63} INFO - Tmp dir root location: /var/folders/nl/1x330z2x7yzb268yb0bbvjcr0000gn/T
[2024-10-04T18:57:39.490+0100] {subprocess.py:75} INFO - Running command: ['/bin/bash', '-c', '\n            echo TASK C has started!\n            sleep 15\n            echo TASK C has ended!\n        ']
[2024-10-04T18:57:39.492+0100] {subprocess.py:86} INFO - Output:
[2024-10-04T18:57:39.493+0100] {subprocess.py:93} INFO - TASK C has started!
[2024-10-04T18:57:54.500+0100] {subprocess.py:93} INFO - TASK C has ended!
[2024-10-04T18:57:54.504+0100] {subprocess.py:97} INFO - Command exited with return code 0
[2024-10-04T18:57:54.519+0100] {taskinstance.py:340} INFO - ::group::Post task execution logs
[2024-10-04T18:57:54.520+0100] {taskinstance.py:352} INFO - Marking task as SUCCESS. dag_id=executing_multiple_tasks_2, task_id=taskC, run_id=manual__2024-10-04T17:57:30.442380+00:00, execution_date=20241004T175730, start_date=20241004T175739, end_date=20241004T175754
[2024-10-04T18:57:54.526+0100] {local_task_job_runner.py:266} INFO - Task exited with return code 0
[2024-10-04T18:57:54.531+0100] {taskinstance.py:3900} INFO - 0 downstream tasks scheduled from follow-on schedule check
[2024-10-04T18:57:54.532+0100] {local_task_job_runner.py:245} INFO - ::endgroup::
