[2024-10-09T01:38:22.578+0100] {local_task_job_runner.py:123} INFO - ::group::Pre task execution logs
[2024-10-09T01:38:22.583+0100] {taskinstance.py:2612} INFO - Dependencies all met for dep_context=non-requeueable deps ti=<TaskInstance: executing_multiple_tasks_3.taskB scheduled__2024-10-08T00:00:00+00:00 [queued]>
[2024-10-09T01:38:22.586+0100] {taskinstance.py:2612} INFO - Dependencies all met for dep_context=requeueable deps ti=<TaskInstance: executing_multiple_tasks_3.taskB scheduled__2024-10-08T00:00:00+00:00 [queued]>
[2024-10-09T01:38:22.586+0100] {taskinstance.py:2865} INFO - Starting attempt 1 of 1
[2024-10-09T01:38:22.590+0100] {taskinstance.py:2888} INFO - Executing <Task(BashOperator): taskB> on 2024-10-08 00:00:00+00:00
[2024-10-09T01:38:22.592+0100] {standard_task_runner.py:72} INFO - Started process 10817 to run task
[2024-10-09T01:38:22.595+0100] {standard_task_runner.py:104} INFO - Running: ['airflow', 'tasks', 'run', 'executing_multiple_tasks_3', 'taskB', 'scheduled__2024-10-08T00:00:00+00:00', '--job-id', '106', '--raw', '--subdir', 'DAGS_FOLDER/execute_multiple_3.py', '--cfg-path', '/var/folders/nl/1x330z2x7yzb268yb0bbvjcr0000gn/T/tmp5uk626nl']
[2024-10-09T01:38:22.596+0100] {standard_task_runner.py:105} INFO - Job 106: Subtask taskB
[2024-10-09T01:38:22.610+0100] {task_command.py:467} INFO - Running <TaskInstance: executing_multiple_tasks_3.taskB scheduled__2024-10-08T00:00:00+00:00 [running]> on host mujtabas-macbook-pro.local
[2024-10-09T01:38:22.629+0100] {taskinstance.py:3131} INFO - Exporting env vars: AIRFLOW_CTX_DAG_OWNER='ali' AIRFLOW_CTX_DAG_ID='executing_multiple_tasks_3' AIRFLOW_CTX_TASK_ID='taskB' AIRFLOW_CTX_EXECUTION_DATE='2024-10-08T00:00:00+00:00' AIRFLOW_CTX_TRY_NUMBER='1' AIRFLOW_CTX_DAG_RUN_ID='scheduled__2024-10-08T00:00:00+00:00'
[2024-10-09T01:38:22.629+0100] {taskinstance.py:731} INFO - ::endgroup::
[2024-10-09T01:38:22.634+0100] {subprocess.py:63} INFO - Tmp dir root location: /var/folders/nl/1x330z2x7yzb268yb0bbvjcr0000gn/T
[2024-10-09T01:38:22.634+0100] {subprocess.py:75} INFO - Running command: ['/bin/bash', '-c', 'echo TASK B has started!\nsleep 4\nexit 99\necho TASK B has ended!']
[2024-10-09T01:38:22.637+0100] {subprocess.py:86} INFO - Output:
[2024-10-09T01:38:22.638+0100] {subprocess.py:93} INFO - TASK B has started!
[2024-10-09T01:38:26.654+0100] {subprocess.py:97} INFO - Command exited with return code 99
[2024-10-09T01:38:26.658+0100] {taskinstance.py:301} INFO - Bash command returned exit code 99. Skipping.
[2024-10-09T01:38:26.674+0100] {taskinstance.py:340} INFO - ::group::Post task execution logs
[2024-10-09T01:38:26.675+0100] {taskinstance.py:352} INFO - Marking task as SKIPPED. dag_id=executing_multiple_tasks_3, task_id=taskB, run_id=scheduled__2024-10-08T00:00:00+00:00, execution_date=20241008T000000, start_date=20241009T003822, end_date=20241009T003826
[2024-10-09T01:38:26.707+0100] {local_task_job_runner.py:266} INFO - Task exited with return code 0
[2024-10-09T01:38:26.721+0100] {taskinstance.py:3900} INFO - 0 downstream tasks scheduled from follow-on schedule check
[2024-10-09T01:38:26.723+0100] {local_task_job_runner.py:245} INFO - ::endgroup::
