[2024-10-16T14:14:31.110+0100] {local_task_job_runner.py:123} INFO - ::group::Pre task execution logs
[2024-10-16T14:14:31.113+0100] {taskinstance.py:2612} INFO - Dependencies all met for dep_context=non-requeueable deps ti=<TaskInstance: executing_sql_pipeline_2.update_values scheduled__2024-10-15T00:00:00+00:00 [queued]>
[2024-10-16T14:14:31.115+0100] {taskinstance.py:2612} INFO - Dependencies all met for dep_context=requeueable deps ti=<TaskInstance: executing_sql_pipeline_2.update_values scheduled__2024-10-15T00:00:00+00:00 [queued]>
[2024-10-16T14:14:31.115+0100] {taskinstance.py:2865} INFO - Starting attempt 1 of 1
[2024-10-16T14:14:31.119+0100] {taskinstance.py:2888} INFO - Executing <Task(SqliteOperator): update_values> on 2024-10-15 00:00:00+00:00
[2024-10-16T14:14:31.121+0100] {standard_task_runner.py:72} INFO - Started process 71911 to run task
[2024-10-16T14:14:31.124+0100] {standard_task_runner.py:104} INFO - Running: ['airflow', 'tasks', 'run', 'executing_sql_pipeline_2', 'update_values', 'scheduled__2024-10-15T00:00:00+00:00', '--job-id', '211', '--raw', '--subdir', 'DAGS_FOLDER/sql_pipeline_multiple_2.py', '--cfg-path', '/var/folders/nl/1x330z2x7yzb268yb0bbvjcr0000gn/T/tmp_duw8ttz']
[2024-10-16T14:14:31.126+0100] {standard_task_runner.py:105} INFO - Job 211: Subtask update_values
[2024-10-16T14:14:31.138+0100] {task_command.py:467} INFO - Running <TaskInstance: executing_sql_pipeline_2.update_values scheduled__2024-10-15T00:00:00+00:00 [running]> on host mujtabas-macbook-pro.local
[2024-10-16T14:14:31.157+0100] {taskinstance.py:3131} INFO - Exporting env vars: AIRFLOW_CTX_DAG_OWNER='ali' AIRFLOW_CTX_DAG_ID='executing_sql_pipeline_2' AIRFLOW_CTX_TASK_ID='update_values' AIRFLOW_CTX_EXECUTION_DATE='2024-10-15T00:00:00+00:00' AIRFLOW_CTX_TRY_NUMBER='1' AIRFLOW_CTX_DAG_RUN_ID='scheduled__2024-10-15T00:00:00+00:00'
[2024-10-16T14:14:31.157+0100] {taskinstance.py:731} INFO - ::endgroup::
[2024-10-16T14:14:31.162+0100] {sql.py:266} INFO - Executing: 
            UPDATE users SET city = 'Seattle';
        
[2024-10-16T14:14:31.164+0100] {base.py:84} INFO - Retrieving connection 'my_sqlite_conn'
[2024-10-16T14:14:31.175+0100] {base.py:84} INFO - Retrieving connection 'my_sqlite_conn'
[2024-10-16T14:14:31.175+0100] {sql.py:509} INFO - Running statement: 
            UPDATE users SET city = 'Seattle';
        , parameters: None
[2024-10-16T14:14:31.176+0100] {sql.py:518} INFO - Rows affected: 6
[2024-10-16T14:14:31.177+0100] {taskinstance.py:340} INFO - ::group::Post task execution logs
[2024-10-16T14:14:31.178+0100] {taskinstance.py:352} INFO - Marking task as SUCCESS. dag_id=executing_sql_pipeline_2, task_id=update_values, run_id=scheduled__2024-10-15T00:00:00+00:00, execution_date=20241015T000000, start_date=20241016T131431, end_date=20241016T131431
[2024-10-16T14:14:31.186+0100] {local_task_job_runner.py:266} INFO - Task exited with return code 0
[2024-10-16T14:14:31.191+0100] {logging_mixin.py:190} WARNING - /opt/miniconda3/envs/airflow/lib/python3.8/site-packages/airflow/models/baseoperator.py:1378 AirflowProviderDeprecationWarning: Call to deprecated class SqliteOperator. (Please use `airflow.providers.common.sql.operators.sql.SQLExecuteQueryOperator`.)
[2024-10-16T14:14:31.194+0100] {taskinstance.py:3900} INFO - 1 downstream tasks scheduled from follow-on schedule check
[2024-10-16T14:14:31.194+0100] {local_task_job_runner.py:245} INFO - ::endgroup::
