[2024-10-11T02:22:35.996+0100] {local_task_job_runner.py:123} INFO - ::group::Pre task execution logs
[2024-10-11T02:22:35.999+0100] {taskinstance.py:2612} INFO - Dependencies all met for dep_context=non-requeueable deps ti=<TaskInstance: executing_multiple_tasks_3.taskG scheduled__2024-10-10T00:00:00+00:00 [queued]>
[2024-10-11T02:22:36.001+0100] {taskinstance.py:2612} INFO - Dependencies all met for dep_context=requeueable deps ti=<TaskInstance: executing_multiple_tasks_3.taskG scheduled__2024-10-10T00:00:00+00:00 [queued]>
[2024-10-11T02:22:36.001+0100] {taskinstance.py:2865} INFO - Starting attempt 1 of 1
[2024-10-11T02:22:36.005+0100] {taskinstance.py:2888} INFO - Executing <Task(BashOperator): taskG> on 2024-10-10 00:00:00+00:00
[2024-10-11T02:22:36.006+0100] {standard_task_runner.py:72} INFO - Started process 32950 to run task
[2024-10-11T02:22:36.009+0100] {standard_task_runner.py:104} INFO - Running: ['airflow', 'tasks', 'run', 'executing_multiple_tasks_3', 'taskG', 'scheduled__2024-10-10T00:00:00+00:00', '--job-id', '133', '--raw', '--subdir', 'DAGS_FOLDER/execute_multiple_3.py', '--cfg-path', '/var/folders/nl/1x330z2x7yzb268yb0bbvjcr0000gn/T/tmp8j7znd43']
[2024-10-11T02:22:36.010+0100] {standard_task_runner.py:105} INFO - Job 133: Subtask taskG
[2024-10-11T02:22:36.021+0100] {task_command.py:467} INFO - Running <TaskInstance: executing_multiple_tasks_3.taskG scheduled__2024-10-10T00:00:00+00:00 [running]> on host mujtabas-macbook-pro.local
[2024-10-11T02:22:36.038+0100] {taskinstance.py:3131} INFO - Exporting env vars: AIRFLOW_CTX_DAG_OWNER='ali' AIRFLOW_CTX_DAG_ID='executing_multiple_tasks_3' AIRFLOW_CTX_TASK_ID='taskG' AIRFLOW_CTX_EXECUTION_DATE='2024-10-10T00:00:00+00:00' AIRFLOW_CTX_TRY_NUMBER='1' AIRFLOW_CTX_DAG_RUN_ID='scheduled__2024-10-10T00:00:00+00:00'
[2024-10-11T02:22:36.038+0100] {taskinstance.py:731} INFO - ::endgroup::
[2024-10-11T02:22:36.043+0100] {subprocess.py:63} INFO - Tmp dir root location: /var/folders/nl/1x330z2x7yzb268yb0bbvjcr0000gn/T
[2024-10-11T02:22:36.044+0100] {subprocess.py:75} INFO - Running command: ['/bin/bash', '-c', 'echo TASK G completed!']
[2024-10-11T02:22:36.046+0100] {subprocess.py:86} INFO - Output:
[2024-10-11T02:22:36.047+0100] {subprocess.py:93} INFO - TASK G completed!
[2024-10-11T02:22:36.047+0100] {subprocess.py:97} INFO - Command exited with return code 0
[2024-10-11T02:22:36.053+0100] {taskinstance.py:340} INFO - ::group::Post task execution logs
[2024-10-11T02:22:36.053+0100] {taskinstance.py:352} INFO - Marking task as SUCCESS. dag_id=executing_multiple_tasks_3, task_id=taskG, run_id=scheduled__2024-10-10T00:00:00+00:00, execution_date=20241010T000000, start_date=20241011T012235, end_date=20241011T012236
[2024-10-11T02:22:36.082+0100] {local_task_job_runner.py:266} INFO - Task exited with return code 0
[2024-10-11T02:22:36.087+0100] {taskinstance.py:3900} INFO - 0 downstream tasks scheduled from follow-on schedule check
[2024-10-11T02:22:36.087+0100] {local_task_job_runner.py:245} INFO - ::endgroup::
