[2024-10-17T21:51:01.441+0100] {local_task_job_runner.py:123} INFO - ::group::Pre task execution logs
[2024-10-17T21:51:01.444+0100] {taskinstance.py:2612} INFO - Dependencies all met for dep_context=non-requeueable deps ti=<TaskInstance: cron_catchup_backfill_2.taskA scheduled__2024-09-28T00:00:00+00:00 [queued]>
[2024-10-17T21:51:01.446+0100] {taskinstance.py:2612} INFO - Dependencies all met for dep_context=requeueable deps ti=<TaskInstance: cron_catchup_backfill_2.taskA scheduled__2024-09-28T00:00:00+00:00 [queued]>
[2024-10-17T21:51:01.446+0100] {taskinstance.py:2865} INFO - Starting attempt 1 of 1
[2024-10-17T21:51:01.449+0100] {taskinstance.py:2888} INFO - Executing <Task(BashOperator): taskA> on 2024-09-28 00:00:00+00:00
[2024-10-17T21:51:01.451+0100] {standard_task_runner.py:72} INFO - Started process 5791 to run task
[2024-10-17T21:51:01.454+0100] {standard_task_runner.py:104} INFO - Running: ['airflow', 'tasks', 'run', 'cron_catchup_backfill_2', 'taskA', 'scheduled__2024-09-28T00:00:00+00:00', '--job-id', '290', '--raw', '--subdir', 'DAGS_FOLDER/cron_catchup_backfill_2.py', '--cfg-path', '/var/folders/nl/1x330z2x7yzb268yb0bbvjcr0000gn/T/tmpn41_sery']
[2024-10-17T21:51:01.455+0100] {standard_task_runner.py:105} INFO - Job 290: Subtask taskA
[2024-10-17T21:51:01.468+0100] {task_command.py:467} INFO - Running <TaskInstance: cron_catchup_backfill_2.taskA scheduled__2024-09-28T00:00:00+00:00 [running]> on host mujtabas-macbook-pro.local
[2024-10-17T21:51:01.488+0100] {taskinstance.py:3131} INFO - Exporting env vars: AIRFLOW_CTX_DAG_OWNER='ali' AIRFLOW_CTX_DAG_ID='cron_catchup_backfill_2' AIRFLOW_CTX_TASK_ID='taskA' AIRFLOW_CTX_EXECUTION_DATE='2024-09-28T00:00:00+00:00' AIRFLOW_CTX_TRY_NUMBER='1' AIRFLOW_CTX_DAG_RUN_ID='scheduled__2024-09-28T00:00:00+00:00'
[2024-10-17T21:51:01.488+0100] {taskinstance.py:731} INFO - ::endgroup::
[2024-10-17T21:51:01.492+0100] {subprocess.py:63} INFO - Tmp dir root location: /var/folders/nl/1x330z2x7yzb268yb0bbvjcr0000gn/T
[2024-10-17T21:51:01.493+0100] {subprocess.py:75} INFO - Running command: ['/bin/bash', '-c', 'echo TASK A has executed!']
[2024-10-17T21:51:01.497+0100] {subprocess.py:86} INFO - Output:
[2024-10-17T21:51:01.499+0100] {subprocess.py:93} INFO - TASK A has executed!
[2024-10-17T21:51:01.499+0100] {subprocess.py:97} INFO - Command exited with return code 0
[2024-10-17T21:51:01.504+0100] {taskinstance.py:340} INFO - ::group::Post task execution logs
[2024-10-17T21:51:01.504+0100] {taskinstance.py:352} INFO - Marking task as SUCCESS. dag_id=cron_catchup_backfill_2, task_id=taskA, run_id=scheduled__2024-09-28T00:00:00+00:00, execution_date=20240928T000000, start_date=20241017T205101, end_date=20241017T205101
[2024-10-17T21:51:01.516+0100] {local_task_job_runner.py:266} INFO - Task exited with return code 0
[2024-10-17T21:51:01.523+0100] {taskinstance.py:3900} INFO - 1 downstream tasks scheduled from follow-on schedule check
[2024-10-17T21:51:01.524+0100] {local_task_job_runner.py:245} INFO - ::endgroup::
