[2024-10-04T10:31:34.128+0100] {local_task_job_runner.py:123} INFO - ::group::Pre task execution logs
[2024-10-04T10:31:34.131+0100] {taskinstance.py:2612} INFO - Dependencies all met for dep_context=non-requeueable deps ti=<TaskInstance: example_branch_datetime_operator.datetime_branch manual__2024-10-04T09:31:31.707117+00:00 [queued]>
[2024-10-04T10:31:34.133+0100] {taskinstance.py:2612} INFO - Dependencies all met for dep_context=requeueable deps ti=<TaskInstance: example_branch_datetime_operator.datetime_branch manual__2024-10-04T09:31:31.707117+00:00 [queued]>
[2024-10-04T10:31:34.133+0100] {taskinstance.py:2865} INFO - Starting attempt 1 of 1
[2024-10-04T10:31:34.137+0100] {taskinstance.py:2888} INFO - Executing <Task(BranchDateTimeOperator): datetime_branch> on 2024-10-04 09:31:31.707117+00:00
[2024-10-04T10:31:34.139+0100] {standard_task_runner.py:72} INFO - Started process 21724 to run task
[2024-10-04T10:31:34.141+0100] {standard_task_runner.py:104} INFO - Running: ['airflow', 'tasks', 'run', 'example_branch_datetime_operator', 'datetime_branch', 'manual__2024-10-04T09:31:31.707117+00:00', '--job-id', '3', '--raw', '--subdir', '/opt/miniconda3/envs/airflow/lib/python3.8/site-packages/airflow/example_dags/example_branch_datetime_operator.py', '--cfg-path', '/var/folders/nl/1x330z2x7yzb268yb0bbvjcr0000gn/T/tmplj5psxji']
[2024-10-04T10:31:34.142+0100] {standard_task_runner.py:105} INFO - Job 3: Subtask datetime_branch
[2024-10-04T10:31:34.153+0100] {task_command.py:467} INFO - Running <TaskInstance: example_branch_datetime_operator.datetime_branch manual__2024-10-04T09:31:31.707117+00:00 [running]> on host mujtabas-macbook-pro.local
[2024-10-04T10:31:34.170+0100] {taskinstance.py:3131} INFO - Exporting env vars: AIRFLOW_CTX_DAG_OWNER='airflow' AIRFLOW_CTX_DAG_ID='example_branch_datetime_operator' AIRFLOW_CTX_TASK_ID='datetime_branch' AIRFLOW_CTX_EXECUTION_DATE='2024-10-04T09:31:31.707117+00:00' AIRFLOW_CTX_TRY_NUMBER='1' AIRFLOW_CTX_DAG_RUN_ID='manual__2024-10-04T09:31:31.707117+00:00'
[2024-10-04T10:31:34.170+0100] {logging_mixin.py:190} INFO - Task instance is in running state
[2024-10-04T10:31:34.171+0100] {logging_mixin.py:190} INFO -  Previous state of the Task instance: queued
[2024-10-04T10:31:34.171+0100] {logging_mixin.py:190} INFO - Current task name:datetime_branch state:running start_date:2024-10-04 09:31:34.131974+00:00
[2024-10-04T10:31:34.171+0100] {logging_mixin.py:190} INFO - Dag name:example_branch_datetime_operator and current dag run status:running
[2024-10-04T10:31:34.171+0100] {taskinstance.py:731} INFO - ::endgroup::
[2024-10-04T10:31:34.171+0100] {branch.py:38} INFO - Branch into ['date_outside_range']
[2024-10-04T10:31:34.172+0100] {skipmixin.py:230} INFO - Following branch {'date_outside_range'}
[2024-10-04T10:31:34.173+0100] {skipmixin.py:278} INFO - Skipping tasks [('date_in_range', -1)]
[2024-10-04T10:31:34.178+0100] {taskinstance.py:340} INFO - ::group::Post task execution logs
[2024-10-04T10:31:34.179+0100] {taskinstance.py:352} INFO - Marking task as SUCCESS. dag_id=example_branch_datetime_operator, task_id=datetime_branch, run_id=manual__2024-10-04T09:31:31.707117+00:00, execution_date=20241004T093131, start_date=20241004T093134, end_date=20241004T093134
[2024-10-04T10:31:34.180+0100] {logging_mixin.py:190} INFO - Task instance in success state
[2024-10-04T10:31:34.181+0100] {logging_mixin.py:190} INFO -  Previous state of the Task instance: running
[2024-10-04T10:31:34.181+0100] {logging_mixin.py:190} INFO - Dag name:example_branch_datetime_operator queued_at:2024-10-04 09:31:31.715023+00:00
[2024-10-04T10:31:34.181+0100] {logging_mixin.py:190} INFO - Task hostname:mujtabas-macbook-pro.local operator:BranchDateTimeOperator
[2024-10-04T10:31:34.203+0100] {local_task_job_runner.py:266} INFO - Task exited with return code 0
[2024-10-04T10:31:34.209+0100] {taskinstance.py:3900} INFO - 0 downstream tasks scheduled from follow-on schedule check
[2024-10-04T10:31:34.210+0100] {local_task_job_runner.py:245} INFO - ::endgroup::
