[2024-10-06T01:32:52.482+0100] {local_task_job_runner.py:123} INFO - ::group::Pre task execution logs
[2024-10-06T01:32:52.485+0100] {taskinstance.py:2612} INFO - Dependencies all met for dep_context=non-requeueable deps ti=<TaskInstance: executing_multiple_tasks_3.taskG scheduled__2024-10-05T00:00:00+00:00 [queued]>
[2024-10-06T01:32:52.487+0100] {taskinstance.py:2612} INFO - Dependencies all met for dep_context=requeueable deps ti=<TaskInstance: executing_multiple_tasks_3.taskG scheduled__2024-10-05T00:00:00+00:00 [queued]>
[2024-10-06T01:32:52.487+0100] {taskinstance.py:2865} INFO - Starting attempt 1 of 1
[2024-10-06T01:32:52.491+0100] {taskinstance.py:2888} INFO - Executing <Task(BashOperator): taskG> on 2024-10-05 00:00:00+00:00
[2024-10-06T01:32:52.492+0100] {standard_task_runner.py:72} INFO - Started process 35974 to run task
[2024-10-06T01:32:52.495+0100] {standard_task_runner.py:104} INFO - Running: ['airflow', 'tasks', 'run', 'executing_multiple_tasks_3', 'taskG', 'scheduled__2024-10-05T00:00:00+00:00', '--job-id', '75', '--raw', '--subdir', 'DAGS_FOLDER/execute_multiple_3.py', '--cfg-path', '/var/folders/nl/1x330z2x7yzb268yb0bbvjcr0000gn/T/tmpjdd7dzdj']
[2024-10-06T01:32:52.496+0100] {standard_task_runner.py:105} INFO - Job 75: Subtask taskG
[2024-10-06T01:32:52.507+0100] {task_command.py:467} INFO - Running <TaskInstance: executing_multiple_tasks_3.taskG scheduled__2024-10-05T00:00:00+00:00 [running]> on host mujtabas-macbook-pro.local
[2024-10-06T01:32:52.524+0100] {taskinstance.py:3131} INFO - Exporting env vars: AIRFLOW_CTX_DAG_OWNER='ali' AIRFLOW_CTX_DAG_ID='executing_multiple_tasks_3' AIRFLOW_CTX_TASK_ID='taskG' AIRFLOW_CTX_EXECUTION_DATE='2024-10-05T00:00:00+00:00' AIRFLOW_CTX_TRY_NUMBER='1' AIRFLOW_CTX_DAG_RUN_ID='scheduled__2024-10-05T00:00:00+00:00'
[2024-10-06T01:32:52.524+0100] {taskinstance.py:731} INFO - ::endgroup::
[2024-10-06T01:32:52.529+0100] {subprocess.py:63} INFO - Tmp dir root location: /var/folders/nl/1x330z2x7yzb268yb0bbvjcr0000gn/T
[2024-10-06T01:32:52.530+0100] {subprocess.py:75} INFO - Running command: ['/bin/bash', '-c', 'echo TASK G completed!']
[2024-10-06T01:32:52.532+0100] {subprocess.py:86} INFO - Output:
[2024-10-06T01:32:52.533+0100] {subprocess.py:93} INFO - TASK G completed!
[2024-10-06T01:32:52.533+0100] {subprocess.py:97} INFO - Command exited with return code 0
[2024-10-06T01:32:52.538+0100] {taskinstance.py:340} INFO - ::group::Post task execution logs
[2024-10-06T01:32:52.539+0100] {taskinstance.py:352} INFO - Marking task as SUCCESS. dag_id=executing_multiple_tasks_3, task_id=taskG, run_id=scheduled__2024-10-05T00:00:00+00:00, execution_date=20241005T000000, start_date=20241006T003252, end_date=20241006T003252
[2024-10-06T01:32:52.568+0100] {local_task_job_runner.py:266} INFO - Task exited with return code 0
[2024-10-06T01:32:52.573+0100] {taskinstance.py:3900} INFO - 0 downstream tasks scheduled from follow-on schedule check
[2024-10-06T01:32:52.573+0100] {local_task_job_runner.py:245} INFO - ::endgroup::
