[2024-10-17T21:08:31.729+0100] {local_task_job_runner.py:123} INFO - ::group::Pre task execution logs
[2024-10-17T21:08:31.732+0100] {taskinstance.py:2612} INFO - Dependencies all met for dep_context=non-requeueable deps ti=<TaskInstance: executing_multiple_tasks_2.taskD scheduled__2024-10-16T00:00:00+00:00 [queued]>
[2024-10-17T21:08:31.734+0100] {taskinstance.py:2612} INFO - Dependencies all met for dep_context=requeueable deps ti=<TaskInstance: executing_multiple_tasks_2.taskD scheduled__2024-10-16T00:00:00+00:00 [queued]>
[2024-10-17T21:08:31.734+0100] {taskinstance.py:2865} INFO - Starting attempt 1 of 1
[2024-10-17T21:08:31.738+0100] {taskinstance.py:2888} INFO - Executing <Task(BashOperator): taskD> on 2024-10-16 00:00:00+00:00
[2024-10-17T21:08:31.740+0100] {standard_task_runner.py:72} INFO - Started process 2105 to run task
[2024-10-17T21:08:31.743+0100] {standard_task_runner.py:104} INFO - Running: ['airflow', 'tasks', 'run', 'executing_multiple_tasks_2', 'taskD', 'scheduled__2024-10-16T00:00:00+00:00', '--job-id', '234', '--raw', '--subdir', 'DAGS_FOLDER/execute_multiple_2.py', '--cfg-path', '/var/folders/nl/1x330z2x7yzb268yb0bbvjcr0000gn/T/tmpkiigxpc_']
[2024-10-17T21:08:31.744+0100] {standard_task_runner.py:105} INFO - Job 234: Subtask taskD
[2024-10-17T21:08:31.756+0100] {task_command.py:467} INFO - Running <TaskInstance: executing_multiple_tasks_2.taskD scheduled__2024-10-16T00:00:00+00:00 [running]> on host mujtabas-macbook-pro.local
[2024-10-17T21:08:31.776+0100] {taskinstance.py:3131} INFO - Exporting env vars: AIRFLOW_CTX_DAG_OWNER='ali' AIRFLOW_CTX_DAG_ID='executing_multiple_tasks_2' AIRFLOW_CTX_TASK_ID='taskD' AIRFLOW_CTX_EXECUTION_DATE='2024-10-16T00:00:00+00:00' AIRFLOW_CTX_TRY_NUMBER='1' AIRFLOW_CTX_DAG_RUN_ID='scheduled__2024-10-16T00:00:00+00:00'
[2024-10-17T21:08:31.776+0100] {taskinstance.py:731} INFO - ::endgroup::
[2024-10-17T21:08:31.781+0100] {subprocess.py:63} INFO - Tmp dir root location: /var/folders/nl/1x330z2x7yzb268yb0bbvjcr0000gn/T
[2024-10-17T21:08:31.781+0100] {subprocess.py:75} INFO - Running command: ['/bin/bash', '-c', 'echo TASK D completed!']
[2024-10-17T21:08:31.784+0100] {subprocess.py:86} INFO - Output:
[2024-10-17T21:08:31.786+0100] {subprocess.py:93} INFO - TASK D completed!
[2024-10-17T21:08:31.786+0100] {subprocess.py:97} INFO - Command exited with return code 0
[2024-10-17T21:08:31.792+0100] {taskinstance.py:340} INFO - ::group::Post task execution logs
[2024-10-17T21:08:31.792+0100] {taskinstance.py:352} INFO - Marking task as SUCCESS. dag_id=executing_multiple_tasks_2, task_id=taskD, run_id=scheduled__2024-10-16T00:00:00+00:00, execution_date=20241016T000000, start_date=20241017T200831, end_date=20241017T200831
[2024-10-17T21:08:31.804+0100] {local_task_job_runner.py:266} INFO - Task exited with return code 0
[2024-10-17T21:08:31.808+0100] {taskinstance.py:3900} INFO - 0 downstream tasks scheduled from follow-on schedule check
[2024-10-17T21:08:31.809+0100] {local_task_job_runner.py:245} INFO - ::endgroup::
