[2024-10-17T21:51:26.215+0100] {local_task_job_runner.py:123} INFO - ::group::Pre task execution logs
[2024-10-17T21:51:26.218+0100] {taskinstance.py:2612} INFO - Dependencies all met for dep_context=non-requeueable deps ti=<TaskInstance: cron_catchup_backfill_2.taskBranch scheduled__2024-10-12T00:00:00+00:00 [queued]>
[2024-10-17T21:51:26.221+0100] {taskinstance.py:2612} INFO - Dependencies all met for dep_context=requeueable deps ti=<TaskInstance: cron_catchup_backfill_2.taskBranch scheduled__2024-10-12T00:00:00+00:00 [queued]>
[2024-10-17T21:51:26.221+0100] {taskinstance.py:2865} INFO - Starting attempt 1 of 1
[2024-10-17T21:51:26.224+0100] {taskinstance.py:2888} INFO - Executing <Task(BranchPythonOperator): taskBranch> on 2024-10-12 00:00:00+00:00
[2024-10-17T21:51:26.227+0100] {standard_task_runner.py:72} INFO - Started process 5890 to run task
[2024-10-17T21:51:26.230+0100] {standard_task_runner.py:104} INFO - Running: ['airflow', 'tasks', 'run', 'cron_catchup_backfill_2', 'taskBranch', 'scheduled__2024-10-12T00:00:00+00:00', '--job-id', '308', '--raw', '--subdir', 'DAGS_FOLDER/cron_catchup_backfill_2.py', '--cfg-path', '/var/folders/nl/1x330z2x7yzb268yb0bbvjcr0000gn/T/tmp0fvy8pn8']
[2024-10-17T21:51:26.231+0100] {standard_task_runner.py:105} INFO - Job 308: Subtask taskBranch
[2024-10-17T21:51:26.244+0100] {task_command.py:467} INFO - Running <TaskInstance: cron_catchup_backfill_2.taskBranch scheduled__2024-10-12T00:00:00+00:00 [running]> on host mujtabas-macbook-pro.local
[2024-10-17T21:51:26.267+0100] {taskinstance.py:3131} INFO - Exporting env vars: AIRFLOW_CTX_DAG_OWNER='ali' AIRFLOW_CTX_DAG_ID='cron_catchup_backfill_2' AIRFLOW_CTX_TASK_ID='taskBranch' AIRFLOW_CTX_EXECUTION_DATE='2024-10-12T00:00:00+00:00' AIRFLOW_CTX_TRY_NUMBER='1' AIRFLOW_CTX_DAG_RUN_ID='scheduled__2024-10-12T00:00:00+00:00'
[2024-10-17T21:51:26.268+0100] {taskinstance.py:731} INFO - ::endgroup::
[2024-10-17T21:51:26.272+0100] {baseoperator.py:405} WARNING - BranchPythonOperator.execute cannot be called outside TaskInstance!
[2024-10-17T21:51:26.274+0100] {python.py:240} INFO - Done. Returned value was: taskD
[2024-10-17T21:51:26.274+0100] {branch.py:38} INFO - Branch into taskD
[2024-10-17T21:51:26.275+0100] {skipmixin.py:230} INFO - Following branch {'taskD'}
[2024-10-17T21:51:26.276+0100] {skipmixin.py:278} INFO - Skipping tasks [('taskC', -1), ('taskE', -1)]
[2024-10-17T21:51:26.281+0100] {taskinstance.py:340} INFO - ::group::Post task execution logs
[2024-10-17T21:51:26.282+0100] {taskinstance.py:352} INFO - Marking task as SUCCESS. dag_id=cron_catchup_backfill_2, task_id=taskBranch, run_id=scheduled__2024-10-12T00:00:00+00:00, execution_date=20241012T000000, start_date=20241017T205126, end_date=20241017T205126
[2024-10-17T21:51:26.290+0100] {local_task_job_runner.py:266} INFO - Task exited with return code 0
[2024-10-17T21:51:26.298+0100] {taskinstance.py:3900} INFO - 0 downstream tasks scheduled from follow-on schedule check
[2024-10-17T21:51:26.299+0100] {local_task_job_runner.py:245} INFO - ::endgroup::
