[2024-10-16T14:08:36.022+0100] {local_task_job_runner.py:123} INFO - ::group::Pre task execution logs
[2024-10-16T14:08:36.026+0100] {taskinstance.py:2612} INFO - Dependencies all met for dep_context=non-requeueable deps ti=<TaskInstance: executing_sql_pipeline_multiple.insert_values_1 scheduled__2024-10-15T00:00:00+00:00 [queued]>
[2024-10-16T14:08:36.028+0100] {taskinstance.py:2612} INFO - Dependencies all met for dep_context=requeueable deps ti=<TaskInstance: executing_sql_pipeline_multiple.insert_values_1 scheduled__2024-10-15T00:00:00+00:00 [queued]>
[2024-10-16T14:08:36.028+0100] {taskinstance.py:2865} INFO - Starting attempt 1 of 1
[2024-10-16T14:08:36.032+0100] {taskinstance.py:2888} INFO - Executing <Task(SqliteOperator): insert_values_1> on 2024-10-15 00:00:00+00:00
[2024-10-16T14:08:36.034+0100] {standard_task_runner.py:72} INFO - Started process 71365 to run task
[2024-10-16T14:08:36.037+0100] {standard_task_runner.py:104} INFO - Running: ['airflow', 'tasks', 'run', 'executing_sql_pipeline_multiple', 'insert_values_1', 'scheduled__2024-10-15T00:00:00+00:00', '--job-id', '202', '--raw', '--subdir', 'DAGS_FOLDER/sql_pipeline_multiple.py', '--cfg-path', '/var/folders/nl/1x330z2x7yzb268yb0bbvjcr0000gn/T/tmp04j5csls']
[2024-10-16T14:08:36.038+0100] {standard_task_runner.py:105} INFO - Job 202: Subtask insert_values_1
[2024-10-16T14:08:36.050+0100] {task_command.py:467} INFO - Running <TaskInstance: executing_sql_pipeline_multiple.insert_values_1 scheduled__2024-10-15T00:00:00+00:00 [running]> on host mujtabas-macbook-pro.local
[2024-10-16T14:08:36.069+0100] {taskinstance.py:3131} INFO - Exporting env vars: AIRFLOW_CTX_DAG_OWNER='ali' AIRFLOW_CTX_DAG_ID='executing_sql_pipeline_multiple' AIRFLOW_CTX_TASK_ID='insert_values_1' AIRFLOW_CTX_EXECUTION_DATE='2024-10-15T00:00:00+00:00' AIRFLOW_CTX_TRY_NUMBER='1' AIRFLOW_CTX_DAG_RUN_ID='scheduled__2024-10-15T00:00:00+00:00'
[2024-10-16T14:08:36.069+0100] {taskinstance.py:731} INFO - ::endgroup::
[2024-10-16T14:08:36.075+0100] {sql.py:266} INFO - Executing: 
            INSERT INTO users (name, age, is_active) VALUES 
                ('Julie', 30, false),
                ('Peter', 55, true),
                ('Emily', 37, false),
                ('Katrina', 54, false),
                ('Joseph', 27, true);
        
[2024-10-16T14:08:36.077+0100] {base.py:84} INFO - Retrieving connection 'my_sqlite_conn'
[2024-10-16T14:08:36.089+0100] {base.py:84} INFO - Retrieving connection 'my_sqlite_conn'
[2024-10-16T14:08:36.089+0100] {sql.py:509} INFO - Running statement: 
            INSERT INTO users (name, age, is_active) VALUES 
                ('Julie', 30, false),
                ('Peter', 55, true),
                ('Emily', 37, false),
                ('Katrina', 54, false),
                ('Joseph', 27, true);
        , parameters: None
[2024-10-16T14:08:36.090+0100] {sql.py:518} INFO - Rows affected: 5
[2024-10-16T14:08:36.091+0100] {taskinstance.py:340} INFO - ::group::Post task execution logs
[2024-10-16T14:08:36.092+0100] {taskinstance.py:352} INFO - Marking task as SUCCESS. dag_id=executing_sql_pipeline_multiple, task_id=insert_values_1, run_id=scheduled__2024-10-15T00:00:00+00:00, execution_date=20241015T000000, start_date=20241016T130836, end_date=20241016T130836
[2024-10-16T14:08:36.098+0100] {local_task_job_runner.py:266} INFO - Task exited with return code 0
[2024-10-16T14:08:36.103+0100] {logging_mixin.py:190} WARNING - /opt/miniconda3/envs/airflow/lib/python3.8/site-packages/airflow/models/baseoperator.py:1378 AirflowProviderDeprecationWarning: Call to deprecated class SqliteOperator. (Please use `airflow.providers.common.sql.operators.sql.SQLExecuteQueryOperator`.)
[2024-10-16T14:08:36.106+0100] {taskinstance.py:3900} INFO - 0 downstream tasks scheduled from follow-on schedule check
[2024-10-16T14:08:36.106+0100] {local_task_job_runner.py:245} INFO - ::endgroup::
