[2024-10-06T01:15:19.158+0100] {local_task_job_runner.py:123} INFO - ::group::Pre task execution logs
[2024-10-06T01:15:19.162+0100] {taskinstance.py:2612} INFO - Dependencies all met for dep_context=non-requeueable deps ti=<TaskInstance: executing_multiple_tasks_2.taskB scheduled__2024-10-05T00:00:00+00:00 [queued]>
[2024-10-06T01:15:19.163+0100] {taskinstance.py:2612} INFO - Dependencies all met for dep_context=requeueable deps ti=<TaskInstance: executing_multiple_tasks_2.taskB scheduled__2024-10-05T00:00:00+00:00 [queued]>
[2024-10-06T01:15:19.164+0100] {taskinstance.py:2865} INFO - Starting attempt 1 of 1
[2024-10-06T01:15:19.167+0100] {taskinstance.py:2888} INFO - Executing <Task(BashOperator): taskB> on 2024-10-05 00:00:00+00:00
[2024-10-06T01:15:19.169+0100] {standard_task_runner.py:72} INFO - Started process 35947 to run task
[2024-10-06T01:15:19.171+0100] {standard_task_runner.py:104} INFO - Running: ['airflow', 'tasks', 'run', 'executing_multiple_tasks_2', 'taskB', 'scheduled__2024-10-05T00:00:00+00:00', '--job-id', '73', '--raw', '--subdir', 'DAGS_FOLDER/execute_multiple_2.py', '--cfg-path', '/var/folders/nl/1x330z2x7yzb268yb0bbvjcr0000gn/T/tmp2__gkir6']
[2024-10-06T01:15:19.172+0100] {standard_task_runner.py:105} INFO - Job 73: Subtask taskB
[2024-10-06T01:15:19.184+0100] {task_command.py:467} INFO - Running <TaskInstance: executing_multiple_tasks_2.taskB scheduled__2024-10-05T00:00:00+00:00 [running]> on host mujtabas-macbook-pro.local
[2024-10-06T01:15:19.203+0100] {taskinstance.py:3131} INFO - Exporting env vars: AIRFLOW_CTX_DAG_OWNER='ali' AIRFLOW_CTX_DAG_ID='executing_multiple_tasks_2' AIRFLOW_CTX_TASK_ID='taskB' AIRFLOW_CTX_EXECUTION_DATE='2024-10-05T00:00:00+00:00' AIRFLOW_CTX_TRY_NUMBER='1' AIRFLOW_CTX_DAG_RUN_ID='scheduled__2024-10-05T00:00:00+00:00'
[2024-10-06T01:15:19.204+0100] {taskinstance.py:731} INFO - ::endgroup::
[2024-10-06T01:15:19.208+0100] {subprocess.py:63} INFO - Tmp dir root location: /var/folders/nl/1x330z2x7yzb268yb0bbvjcr0000gn/T
[2024-10-06T01:15:19.209+0100] {subprocess.py:75} INFO - Running command: ['/bin/bash', '-c', '\n            echo TASK B has started!\n            sleep 4\n            echo TASK B has ended!\n        ']
[2024-10-06T01:15:19.211+0100] {subprocess.py:86} INFO - Output:
[2024-10-06T01:15:19.213+0100] {subprocess.py:93} INFO - TASK B has started!
[2024-10-06T01:15:23.225+0100] {subprocess.py:93} INFO - TASK B has ended!
[2024-10-06T01:15:23.228+0100] {subprocess.py:97} INFO - Command exited with return code 0
[2024-10-06T01:15:23.244+0100] {taskinstance.py:340} INFO - ::group::Post task execution logs
[2024-10-06T01:15:23.245+0100] {taskinstance.py:352} INFO - Marking task as SUCCESS. dag_id=executing_multiple_tasks_2, task_id=taskB, run_id=scheduled__2024-10-05T00:00:00+00:00, execution_date=20241005T000000, start_date=20241006T001519, end_date=20241006T001523
[2024-10-06T01:15:23.292+0100] {local_task_job_runner.py:266} INFO - Task exited with return code 0
[2024-10-06T01:15:23.304+0100] {taskinstance.py:3900} INFO - 0 downstream tasks scheduled from follow-on schedule check
[2024-10-06T01:15:23.304+0100] {local_task_job_runner.py:245} INFO - ::endgroup::
