[2024-10-04T17:51:17.520+0100] {local_task_job_runner.py:123} INFO - ::group::Pre task execution logs
[2024-10-04T17:51:17.524+0100] {taskinstance.py:2612} INFO - Dependencies all met for dep_context=non-requeueable deps ti=<TaskInstance: executing_multiple_tasks_2.taskD scheduled__2024-10-03T00:00:00+00:00 [queued]>
[2024-10-04T17:51:17.526+0100] {taskinstance.py:2612} INFO - Dependencies all met for dep_context=requeueable deps ti=<TaskInstance: executing_multiple_tasks_2.taskD scheduled__2024-10-03T00:00:00+00:00 [queued]>
[2024-10-04T17:51:17.526+0100] {taskinstance.py:2865} INFO - Starting attempt 1 of 1
[2024-10-04T17:51:17.530+0100] {taskinstance.py:2888} INFO - Executing <Task(BashOperator): taskD> on 2024-10-03 00:00:00+00:00
[2024-10-04T17:51:17.532+0100] {standard_task_runner.py:72} INFO - Started process 25831 to run task
[2024-10-04T17:51:17.534+0100] {standard_task_runner.py:104} INFO - Running: ['airflow', 'tasks', 'run', 'executing_multiple_tasks_2', 'taskD', 'scheduled__2024-10-03T00:00:00+00:00', '--job-id', '27', '--raw', '--subdir', 'DAGS_FOLDER/execute_multiple_2.py', '--cfg-path', '/var/folders/nl/1x330z2x7yzb268yb0bbvjcr0000gn/T/tmpje2c80vn']
[2024-10-04T17:51:17.535+0100] {standard_task_runner.py:105} INFO - Job 27: Subtask taskD
[2024-10-04T17:51:17.547+0100] {task_command.py:467} INFO - Running <TaskInstance: executing_multiple_tasks_2.taskD scheduled__2024-10-03T00:00:00+00:00 [running]> on host mujtabas-macbook-pro.local
[2024-10-04T17:51:17.564+0100] {taskinstance.py:3131} INFO - Exporting env vars: AIRFLOW_CTX_DAG_OWNER='ali' AIRFLOW_CTX_DAG_ID='executing_multiple_tasks_2' AIRFLOW_CTX_TASK_ID='taskD' AIRFLOW_CTX_EXECUTION_DATE='2024-10-03T00:00:00+00:00' AIRFLOW_CTX_TRY_NUMBER='1' AIRFLOW_CTX_DAG_RUN_ID='scheduled__2024-10-03T00:00:00+00:00'
[2024-10-04T17:51:17.565+0100] {taskinstance.py:731} INFO - ::endgroup::
[2024-10-04T17:51:17.570+0100] {subprocess.py:63} INFO - Tmp dir root location: /var/folders/nl/1x330z2x7yzb268yb0bbvjcr0000gn/T
[2024-10-04T17:51:17.570+0100] {subprocess.py:75} INFO - Running command: ['/bin/bash', '-c', 'echo TASK D completed!']
[2024-10-04T17:51:17.573+0100] {subprocess.py:86} INFO - Output:
[2024-10-04T17:51:17.574+0100] {subprocess.py:93} INFO - TASK D completed!
[2024-10-04T17:51:17.574+0100] {subprocess.py:97} INFO - Command exited with return code 0
[2024-10-04T17:51:17.579+0100] {taskinstance.py:340} INFO - ::group::Post task execution logs
[2024-10-04T17:51:17.580+0100] {taskinstance.py:352} INFO - Marking task as SUCCESS. dag_id=executing_multiple_tasks_2, task_id=taskD, run_id=scheduled__2024-10-03T00:00:00+00:00, execution_date=20241003T000000, start_date=20241004T165117, end_date=20241004T165117
[2024-10-04T17:51:17.596+0100] {local_task_job_runner.py:266} INFO - Task exited with return code 0
[2024-10-04T17:51:17.601+0100] {taskinstance.py:3900} INFO - 0 downstream tasks scheduled from follow-on schedule check
[2024-10-04T17:51:17.601+0100] {local_task_job_runner.py:245} INFO - ::endgroup::
