[2024-10-04T19:02:24.707+0100] {local_task_job_runner.py:123} INFO - ::group::Pre task execution logs
[2024-10-04T19:02:24.710+0100] {taskinstance.py:2612} INFO - Dependencies all met for dep_context=non-requeueable deps ti=<TaskInstance: executing_multiple_tasks_2.taskC manual__2024-10-04T18:02:17.837307+00:00 [queued]>
[2024-10-04T19:02:24.712+0100] {taskinstance.py:2612} INFO - Dependencies all met for dep_context=requeueable deps ti=<TaskInstance: executing_multiple_tasks_2.taskC manual__2024-10-04T18:02:17.837307+00:00 [queued]>
[2024-10-04T19:02:24.712+0100] {taskinstance.py:2865} INFO - Starting attempt 1 of 1
[2024-10-04T19:02:24.716+0100] {taskinstance.py:2888} INFO - Executing <Task(BashOperator): taskC> on 2024-10-04 18:02:17.837307+00:00
[2024-10-04T19:02:24.718+0100] {standard_task_runner.py:72} INFO - Started process 26849 to run task
[2024-10-04T19:02:24.720+0100] {standard_task_runner.py:104} INFO - Running: ['airflow', 'tasks', 'run', 'executing_multiple_tasks_2', 'taskC', 'manual__2024-10-04T18:02:17.837307+00:00', '--job-id', '47', '--raw', '--subdir', 'DAGS_FOLDER/execute_multiple_2.py', '--cfg-path', '/var/folders/nl/1x330z2x7yzb268yb0bbvjcr0000gn/T/tmpoa1wre_y']
[2024-10-04T19:02:24.721+0100] {standard_task_runner.py:105} INFO - Job 47: Subtask taskC
[2024-10-04T19:02:24.732+0100] {task_command.py:467} INFO - Running <TaskInstance: executing_multiple_tasks_2.taskC manual__2024-10-04T18:02:17.837307+00:00 [running]> on host mujtabas-macbook-pro.local
[2024-10-04T19:02:24.751+0100] {taskinstance.py:3131} INFO - Exporting env vars: AIRFLOW_CTX_DAG_OWNER='ali' AIRFLOW_CTX_DAG_ID='executing_multiple_tasks_2' AIRFLOW_CTX_TASK_ID='taskC' AIRFLOW_CTX_EXECUTION_DATE='2024-10-04T18:02:17.837307+00:00' AIRFLOW_CTX_TRY_NUMBER='1' AIRFLOW_CTX_DAG_RUN_ID='manual__2024-10-04T18:02:17.837307+00:00'
[2024-10-04T19:02:24.752+0100] {taskinstance.py:731} INFO - ::endgroup::
[2024-10-04T19:02:24.757+0100] {subprocess.py:63} INFO - Tmp dir root location: /var/folders/nl/1x330z2x7yzb268yb0bbvjcr0000gn/T
[2024-10-04T19:02:24.757+0100] {subprocess.py:75} INFO - Running command: ['/bin/bash', '-c', '\n            echo TASK C has started!\n            sleep 15\n            echo TASK C has ended!\n        ']
[2024-10-04T19:02:24.759+0100] {subprocess.py:86} INFO - Output:
[2024-10-04T19:02:24.761+0100] {subprocess.py:93} INFO - TASK C has started!
[2024-10-04T19:02:39.768+0100] {subprocess.py:93} INFO - TASK C has ended!
[2024-10-04T19:02:39.771+0100] {subprocess.py:97} INFO - Command exited with return code 0
[2024-10-04T19:02:39.792+0100] {taskinstance.py:340} INFO - ::group::Post task execution logs
[2024-10-04T19:02:39.793+0100] {taskinstance.py:352} INFO - Marking task as SUCCESS. dag_id=executing_multiple_tasks_2, task_id=taskC, run_id=manual__2024-10-04T18:02:17.837307+00:00, execution_date=20241004T180217, start_date=20241004T180224, end_date=20241004T180239
[2024-10-04T19:02:39.821+0100] {local_task_job_runner.py:266} INFO - Task exited with return code 0
[2024-10-04T19:02:39.831+0100] {taskinstance.py:3900} INFO - 1 downstream tasks scheduled from follow-on schedule check
[2024-10-04T19:02:39.832+0100] {local_task_job_runner.py:245} INFO - ::endgroup::
