[2024-10-04T19:51:21.427+0100] {local_task_job_runner.py:123} INFO - ::group::Pre task execution logs
[2024-10-04T19:51:21.431+0100] {taskinstance.py:2612} INFO - Dependencies all met for dep_context=non-requeueable deps ti=<TaskInstance: executing_multiple_tasks_3.taskA manual__2024-10-04T18:51:19.320221+00:00 [queued]>
[2024-10-04T19:51:21.432+0100] {taskinstance.py:2612} INFO - Dependencies all met for dep_context=requeueable deps ti=<TaskInstance: executing_multiple_tasks_3.taskA manual__2024-10-04T18:51:19.320221+00:00 [queued]>
[2024-10-04T19:51:21.432+0100] {taskinstance.py:2865} INFO - Starting attempt 1 of 1
[2024-10-04T19:51:21.436+0100] {taskinstance.py:2888} INFO - Executing <Task(BashOperator): taskA> on 2024-10-04 18:51:19.320221+00:00
[2024-10-04T19:51:21.438+0100] {standard_task_runner.py:72} INFO - Started process 27524 to run task
[2024-10-04T19:51:21.440+0100] {standard_task_runner.py:104} INFO - Running: ['airflow', 'tasks', 'run', 'executing_multiple_tasks_3', 'taskA', 'manual__2024-10-04T18:51:19.320221+00:00', '--job-id', '52', '--raw', '--subdir', 'DAGS_FOLDER/execute_multiple_3.py', '--cfg-path', '/var/folders/nl/1x330z2x7yzb268yb0bbvjcr0000gn/T/tmpnxydmo1s']
[2024-10-04T19:51:21.441+0100] {standard_task_runner.py:105} INFO - Job 52: Subtask taskA
[2024-10-04T19:51:21.454+0100] {task_command.py:467} INFO - Running <TaskInstance: executing_multiple_tasks_3.taskA manual__2024-10-04T18:51:19.320221+00:00 [running]> on host mujtabas-macbook-pro.local
[2024-10-04T19:51:21.473+0100] {taskinstance.py:3131} INFO - Exporting env vars: AIRFLOW_CTX_DAG_OWNER='ali' AIRFLOW_CTX_DAG_ID='executing_multiple_tasks_3' AIRFLOW_CTX_TASK_ID='taskA' AIRFLOW_CTX_EXECUTION_DATE='2024-10-04T18:51:19.320221+00:00' AIRFLOW_CTX_TRY_NUMBER='1' AIRFLOW_CTX_DAG_RUN_ID='manual__2024-10-04T18:51:19.320221+00:00'
[2024-10-04T19:51:21.473+0100] {taskinstance.py:731} INFO - ::endgroup::
[2024-10-04T19:51:21.480+0100] {subprocess.py:63} INFO - Tmp dir root location: /var/folders/nl/1x330z2x7yzb268yb0bbvjcr0000gn/T
[2024-10-04T19:51:21.480+0100] {subprocess.py:75} INFO - Running command: ['/bin/bash', '-c', 'echo TASK A has started!\n            \nfor i in {1..10}\ndo\n    echo TASK A printing $i\ndone\n\necho TASK A has ended!']
[2024-10-04T19:51:21.483+0100] {subprocess.py:86} INFO - Output:
[2024-10-04T19:51:21.484+0100] {subprocess.py:93} INFO - TASK A has started!
[2024-10-04T19:51:21.485+0100] {subprocess.py:93} INFO - TASK A printing 1
[2024-10-04T19:51:21.485+0100] {subprocess.py:93} INFO - TASK A printing 2
[2024-10-04T19:51:21.485+0100] {subprocess.py:93} INFO - TASK A printing 3
[2024-10-04T19:51:21.485+0100] {subprocess.py:93} INFO - TASK A printing 4
[2024-10-04T19:51:21.485+0100] {subprocess.py:93} INFO - TASK A printing 5
[2024-10-04T19:51:21.485+0100] {subprocess.py:93} INFO - TASK A printing 6
[2024-10-04T19:51:21.486+0100] {subprocess.py:93} INFO - TASK A printing 7
[2024-10-04T19:51:21.486+0100] {subprocess.py:93} INFO - TASK A printing 8
[2024-10-04T19:51:21.486+0100] {subprocess.py:93} INFO - TASK A printing 9
[2024-10-04T19:51:21.486+0100] {subprocess.py:93} INFO - TASK A printing 10
[2024-10-04T19:51:21.486+0100] {subprocess.py:93} INFO - TASK A has ended!
[2024-10-04T19:51:21.486+0100] {subprocess.py:97} INFO - Command exited with return code 0
[2024-10-04T19:51:21.492+0100] {taskinstance.py:340} INFO - ::group::Post task execution logs
[2024-10-04T19:51:21.492+0100] {taskinstance.py:352} INFO - Marking task as SUCCESS. dag_id=executing_multiple_tasks_3, task_id=taskA, run_id=manual__2024-10-04T18:51:19.320221+00:00, execution_date=20241004T185119, start_date=20241004T185121, end_date=20241004T185121
[2024-10-04T19:51:21.499+0100] {local_task_job_runner.py:266} INFO - Task exited with return code 0
[2024-10-04T19:51:21.507+0100] {taskinstance.py:3900} INFO - 3 downstream tasks scheduled from follow-on schedule check
[2024-10-04T19:51:21.507+0100] {local_task_job_runner.py:245} INFO - ::endgroup::
