[2024-10-04T19:02:19.848+0100] {local_task_job_runner.py:123} INFO - ::group::Pre task execution logs
[2024-10-04T19:02:19.851+0100] {taskinstance.py:2612} INFO - Dependencies all met for dep_context=non-requeueable deps ti=<TaskInstance: executing_multiple_tasks_2.taskB manual__2024-10-04T18:02:17.837307+00:00 [queued]>
[2024-10-04T19:02:19.853+0100] {taskinstance.py:2612} INFO - Dependencies all met for dep_context=requeueable deps ti=<TaskInstance: executing_multiple_tasks_2.taskB manual__2024-10-04T18:02:17.837307+00:00 [queued]>
[2024-10-04T19:02:19.853+0100] {taskinstance.py:2865} INFO - Starting attempt 1 of 1
[2024-10-04T19:02:19.857+0100] {taskinstance.py:2888} INFO - Executing <Task(BashOperator): taskB> on 2024-10-04 18:02:17.837307+00:00
[2024-10-04T19:02:19.859+0100] {standard_task_runner.py:72} INFO - Started process 26842 to run task
[2024-10-04T19:02:19.862+0100] {standard_task_runner.py:104} INFO - Running: ['airflow', 'tasks', 'run', 'executing_multiple_tasks_2', 'taskB', 'manual__2024-10-04T18:02:17.837307+00:00', '--job-id', '46', '--raw', '--subdir', 'DAGS_FOLDER/execute_multiple_2.py', '--cfg-path', '/var/folders/nl/1x330z2x7yzb268yb0bbvjcr0000gn/T/tmpyeys4ihx']
[2024-10-04T19:02:19.863+0100] {standard_task_runner.py:105} INFO - Job 46: Subtask taskB
[2024-10-04T19:02:19.876+0100] {task_command.py:467} INFO - Running <TaskInstance: executing_multiple_tasks_2.taskB manual__2024-10-04T18:02:17.837307+00:00 [running]> on host mujtabas-macbook-pro.local
[2024-10-04T19:02:19.897+0100] {taskinstance.py:3131} INFO - Exporting env vars: AIRFLOW_CTX_DAG_OWNER='ali' AIRFLOW_CTX_DAG_ID='executing_multiple_tasks_2' AIRFLOW_CTX_TASK_ID='taskB' AIRFLOW_CTX_EXECUTION_DATE='2024-10-04T18:02:17.837307+00:00' AIRFLOW_CTX_TRY_NUMBER='1' AIRFLOW_CTX_DAG_RUN_ID='manual__2024-10-04T18:02:17.837307+00:00'
[2024-10-04T19:02:19.898+0100] {taskinstance.py:731} INFO - ::endgroup::
[2024-10-04T19:02:19.903+0100] {subprocess.py:63} INFO - Tmp dir root location: /var/folders/nl/1x330z2x7yzb268yb0bbvjcr0000gn/T
[2024-10-04T19:02:19.904+0100] {subprocess.py:75} INFO - Running command: ['/bin/bash', '-c', '\n            echo TASK B has started!\n            sleep 4\n            echo TASK B has ended!\n        ']
[2024-10-04T19:02:19.906+0100] {subprocess.py:86} INFO - Output:
[2024-10-04T19:02:19.908+0100] {subprocess.py:93} INFO - TASK B has started!
[2024-10-04T19:02:23.915+0100] {subprocess.py:93} INFO - TASK B has ended!
[2024-10-04T19:02:23.917+0100] {subprocess.py:97} INFO - Command exited with return code 0
[2024-10-04T19:02:23.936+0100] {taskinstance.py:340} INFO - ::group::Post task execution logs
[2024-10-04T19:02:23.937+0100] {taskinstance.py:352} INFO - Marking task as SUCCESS. dag_id=executing_multiple_tasks_2, task_id=taskB, run_id=manual__2024-10-04T18:02:17.837307+00:00, execution_date=20241004T180217, start_date=20241004T180219, end_date=20241004T180223
[2024-10-04T19:02:23.959+0100] {local_task_job_runner.py:266} INFO - Task exited with return code 0
[2024-10-04T19:02:23.971+0100] {taskinstance.py:3900} INFO - 0 downstream tasks scheduled from follow-on schedule check
[2024-10-04T19:02:23.972+0100] {local_task_job_runner.py:245} INFO - ::endgroup::
