[2024-10-08T01:19:54.131+0100] {local_task_job_runner.py:123} INFO - ::group::Pre task execution logs
[2024-10-08T01:19:54.135+0100] {taskinstance.py:2612} INFO - Dependencies all met for dep_context=non-requeueable deps ti=<TaskInstance: executing_multiple_tasks_2.taskC scheduled__2024-10-07T00:00:00+00:00 [queued]>
[2024-10-08T01:19:54.138+0100] {taskinstance.py:2612} INFO - Dependencies all met for dep_context=requeueable deps ti=<TaskInstance: executing_multiple_tasks_2.taskC scheduled__2024-10-07T00:00:00+00:00 [queued]>
[2024-10-08T01:19:54.138+0100] {taskinstance.py:2865} INFO - Starting attempt 1 of 1
[2024-10-08T01:19:54.142+0100] {taskinstance.py:2888} INFO - Executing <Task(BashOperator): taskC> on 2024-10-07 00:00:00+00:00
[2024-10-08T01:19:54.144+0100] {standard_task_runner.py:72} INFO - Started process 4456 to run task
[2024-10-08T01:19:54.147+0100] {standard_task_runner.py:104} INFO - Running: ['airflow', 'tasks', 'run', 'executing_multiple_tasks_2', 'taskC', 'scheduled__2024-10-07T00:00:00+00:00', '--job-id', '95', '--raw', '--subdir', 'DAGS_FOLDER/execute_multiple_2.py', '--cfg-path', '/var/folders/nl/1x330z2x7yzb268yb0bbvjcr0000gn/T/tmpjyi_dypk']
[2024-10-08T01:19:54.148+0100] {standard_task_runner.py:105} INFO - Job 95: Subtask taskC
[2024-10-08T01:19:54.160+0100] {task_command.py:467} INFO - Running <TaskInstance: executing_multiple_tasks_2.taskC scheduled__2024-10-07T00:00:00+00:00 [running]> on host mujtabas-macbook-pro.local
[2024-10-08T01:19:54.181+0100] {taskinstance.py:3131} INFO - Exporting env vars: AIRFLOW_CTX_DAG_OWNER='ali' AIRFLOW_CTX_DAG_ID='executing_multiple_tasks_2' AIRFLOW_CTX_TASK_ID='taskC' AIRFLOW_CTX_EXECUTION_DATE='2024-10-07T00:00:00+00:00' AIRFLOW_CTX_TRY_NUMBER='1' AIRFLOW_CTX_DAG_RUN_ID='scheduled__2024-10-07T00:00:00+00:00'
[2024-10-08T01:19:54.181+0100] {taskinstance.py:731} INFO - ::endgroup::
[2024-10-08T01:19:54.186+0100] {subprocess.py:63} INFO - Tmp dir root location: /var/folders/nl/1x330z2x7yzb268yb0bbvjcr0000gn/T
[2024-10-08T01:19:54.187+0100] {subprocess.py:75} INFO - Running command: ['/bin/bash', '-c', '\n            echo TASK C has started!\n            sleep 15\n            echo TASK C has ended!\n        ']
[2024-10-08T01:19:54.189+0100] {subprocess.py:86} INFO - Output:
[2024-10-08T01:19:54.190+0100] {subprocess.py:93} INFO - TASK C has started!
[2024-10-08T01:37:46.920+0100] {job.py:229} INFO - Heartbeat recovered after 1072.83 seconds
[2024-10-08T01:53:03.653+0100] {job.py:229} INFO - Heartbeat recovered after 916.74 seconds
[2024-10-08T02:10:47.301+0100] {subprocess.py:93} INFO - TASK C has ended!
[2024-10-08T02:10:47.303+0100] {subprocess.py:97} INFO - Command exited with return code 0
[2024-10-08T02:10:47.315+0100] {taskinstance.py:340} INFO - ::group::Post task execution logs
[2024-10-08T02:10:47.316+0100] {taskinstance.py:352} INFO - Marking task as SUCCESS. dag_id=executing_multiple_tasks_2, task_id=taskC, run_id=scheduled__2024-10-07T00:00:00+00:00, execution_date=20241007T000000, start_date=20241008T001954, end_date=20241008T011047
[2024-10-08T02:10:47.355+0100] {local_task_job_runner.py:266} INFO - Task exited with return code 0
[2024-10-08T02:10:47.364+0100] {taskinstance.py:3900} INFO - 1 downstream tasks scheduled from follow-on schedule check
[2024-10-08T02:10:47.365+0100] {local_task_job_runner.py:245} INFO - ::endgroup::
