[2024-10-04T19:51:22.274+0100] {local_task_job_runner.py:123} INFO - ::group::Pre task execution logs
[2024-10-04T19:51:22.278+0100] {taskinstance.py:2612} INFO - Dependencies all met for dep_context=non-requeueable deps ti=<TaskInstance: executing_multiple_tasks_3.taskB manual__2024-10-04T18:51:19.320221+00:00 [queued]>
[2024-10-04T19:51:22.280+0100] {taskinstance.py:2612} INFO - Dependencies all met for dep_context=requeueable deps ti=<TaskInstance: executing_multiple_tasks_3.taskB manual__2024-10-04T18:51:19.320221+00:00 [queued]>
[2024-10-04T19:51:22.280+0100] {taskinstance.py:2865} INFO - Starting attempt 1 of 1
[2024-10-04T19:51:22.283+0100] {taskinstance.py:2888} INFO - Executing <Task(BashOperator): taskB> on 2024-10-04 18:51:19.320221+00:00
[2024-10-04T19:51:22.285+0100] {standard_task_runner.py:72} INFO - Started process 27530 to run task
[2024-10-04T19:51:22.287+0100] {standard_task_runner.py:104} INFO - Running: ['airflow', 'tasks', 'run', 'executing_multiple_tasks_3', 'taskB', 'manual__2024-10-04T18:51:19.320221+00:00', '--job-id', '53', '--raw', '--subdir', 'DAGS_FOLDER/execute_multiple_3.py', '--cfg-path', '/var/folders/nl/1x330z2x7yzb268yb0bbvjcr0000gn/T/tmpftge_0bb']
[2024-10-04T19:51:22.288+0100] {standard_task_runner.py:105} INFO - Job 53: Subtask taskB
[2024-10-04T19:51:22.300+0100] {task_command.py:467} INFO - Running <TaskInstance: executing_multiple_tasks_3.taskB manual__2024-10-04T18:51:19.320221+00:00 [running]> on host mujtabas-macbook-pro.local
[2024-10-04T19:51:22.317+0100] {taskinstance.py:3131} INFO - Exporting env vars: AIRFLOW_CTX_DAG_OWNER='ali' AIRFLOW_CTX_DAG_ID='executing_multiple_tasks_3' AIRFLOW_CTX_TASK_ID='taskB' AIRFLOW_CTX_EXECUTION_DATE='2024-10-04T18:51:19.320221+00:00' AIRFLOW_CTX_TRY_NUMBER='1' AIRFLOW_CTX_DAG_RUN_ID='manual__2024-10-04T18:51:19.320221+00:00'
[2024-10-04T19:51:22.318+0100] {taskinstance.py:731} INFO - ::endgroup::
[2024-10-04T19:51:22.323+0100] {subprocess.py:63} INFO - Tmp dir root location: /var/folders/nl/1x330z2x7yzb268yb0bbvjcr0000gn/T
[2024-10-04T19:51:22.323+0100] {subprocess.py:75} INFO - Running command: ['/bin/bash', '-c', 'echo TASK B has started!\nsleep 4\nexit 99\necho TASK B has ended!']
[2024-10-04T19:51:22.325+0100] {subprocess.py:86} INFO - Output:
[2024-10-04T19:51:22.327+0100] {subprocess.py:93} INFO - TASK B has started!
[2024-10-04T19:51:26.335+0100] {subprocess.py:97} INFO - Command exited with return code 99
[2024-10-04T19:51:26.339+0100] {taskinstance.py:301} INFO - Bash command returned exit code 99. Skipping.
[2024-10-04T19:51:26.355+0100] {taskinstance.py:340} INFO - ::group::Post task execution logs
[2024-10-04T19:51:26.356+0100] {taskinstance.py:352} INFO - Marking task as SKIPPED. dag_id=executing_multiple_tasks_3, task_id=taskB, run_id=manual__2024-10-04T18:51:19.320221+00:00, execution_date=20241004T185119, start_date=20241004T185122, end_date=20241004T185126
[2024-10-04T19:51:26.395+0100] {local_task_job_runner.py:266} INFO - Task exited with return code 0
[2024-10-04T19:51:26.408+0100] {taskinstance.py:3900} INFO - 0 downstream tasks scheduled from follow-on schedule check
[2024-10-04T19:51:26.410+0100] {local_task_job_runner.py:245} INFO - ::endgroup::
