[2024-10-04T17:50:56.126+0100] {local_task_job_runner.py:123} INFO - ::group::Pre task execution logs
[2024-10-04T17:50:56.130+0100] {taskinstance.py:2612} INFO - Dependencies all met for dep_context=non-requeueable deps ti=<TaskInstance: executing_multiple_tasks_2.taskB manual__2024-10-04T16:50:32.890842+00:00 [queued]>
[2024-10-04T17:50:56.132+0100] {taskinstance.py:2612} INFO - Dependencies all met for dep_context=requeueable deps ti=<TaskInstance: executing_multiple_tasks_2.taskB manual__2024-10-04T16:50:32.890842+00:00 [queued]>
[2024-10-04T17:50:56.132+0100] {taskinstance.py:2865} INFO - Starting attempt 1 of 1
[2024-10-04T17:50:56.135+0100] {taskinstance.py:2888} INFO - Executing <Task(BashOperator): taskB> on 2024-10-04 16:50:32.890842+00:00
[2024-10-04T17:50:56.137+0100] {standard_task_runner.py:72} INFO - Started process 25811 to run task
[2024-10-04T17:50:56.140+0100] {standard_task_runner.py:104} INFO - Running: ['airflow', 'tasks', 'run', 'executing_multiple_tasks_2', 'taskB', 'manual__2024-10-04T16:50:32.890842+00:00', '--job-id', '25', '--raw', '--subdir', 'DAGS_FOLDER/execute_multiple_2.py', '--cfg-path', '/var/folders/nl/1x330z2x7yzb268yb0bbvjcr0000gn/T/tmp3nhscwcv']
[2024-10-04T17:50:56.141+0100] {standard_task_runner.py:105} INFO - Job 25: Subtask taskB
[2024-10-04T17:50:56.153+0100] {task_command.py:467} INFO - Running <TaskInstance: executing_multiple_tasks_2.taskB manual__2024-10-04T16:50:32.890842+00:00 [running]> on host mujtabas-macbook-pro.local
[2024-10-04T17:50:56.171+0100] {taskinstance.py:3131} INFO - Exporting env vars: AIRFLOW_CTX_DAG_OWNER='ali' AIRFLOW_CTX_DAG_ID='executing_multiple_tasks_2' AIRFLOW_CTX_TASK_ID='taskB' AIRFLOW_CTX_EXECUTION_DATE='2024-10-04T16:50:32.890842+00:00' AIRFLOW_CTX_TRY_NUMBER='1' AIRFLOW_CTX_DAG_RUN_ID='manual__2024-10-04T16:50:32.890842+00:00'
[2024-10-04T17:50:56.172+0100] {taskinstance.py:731} INFO - ::endgroup::
[2024-10-04T17:50:56.177+0100] {subprocess.py:63} INFO - Tmp dir root location: /var/folders/nl/1x330z2x7yzb268yb0bbvjcr0000gn/T
[2024-10-04T17:50:56.177+0100] {subprocess.py:75} INFO - Running command: ['/bin/bash', '-c', '\n            echo TASK B has started!\n            sleep 4\n            echo TASK B has ended!\n        ']
[2024-10-04T17:50:56.179+0100] {subprocess.py:86} INFO - Output:
[2024-10-04T17:50:56.181+0100] {subprocess.py:93} INFO - TASK B has started!
[2024-10-04T17:51:00.188+0100] {subprocess.py:93} INFO - TASK B has ended!
[2024-10-04T17:51:00.190+0100] {subprocess.py:97} INFO - Command exited with return code 0
[2024-10-04T17:51:00.212+0100] {taskinstance.py:340} INFO - ::group::Post task execution logs
[2024-10-04T17:51:00.213+0100] {taskinstance.py:352} INFO - Marking task as SUCCESS. dag_id=executing_multiple_tasks_2, task_id=taskB, run_id=manual__2024-10-04T16:50:32.890842+00:00, execution_date=20241004T165032, start_date=20241004T165056, end_date=20241004T165100
[2024-10-04T17:51:00.238+0100] {local_task_job_runner.py:266} INFO - Task exited with return code 0
[2024-10-04T17:51:00.251+0100] {taskinstance.py:3900} INFO - 0 downstream tasks scheduled from follow-on schedule check
[2024-10-04T17:51:00.252+0100] {local_task_job_runner.py:245} INFO - ::endgroup::
