[2024-10-16T14:08:38.893+0100] {local_task_job_runner.py:123} INFO - ::group::Pre task execution logs
[2024-10-16T14:08:38.897+0100] {taskinstance.py:2612} INFO - Dependencies all met for dep_context=non-requeueable deps ti=<TaskInstance: executing_sql_pipeline_multiple.display_result scheduled__2024-10-15T00:00:00+00:00 [queued]>
[2024-10-16T14:08:38.899+0100] {taskinstance.py:2612} INFO - Dependencies all met for dep_context=requeueable deps ti=<TaskInstance: executing_sql_pipeline_multiple.display_result scheduled__2024-10-15T00:00:00+00:00 [queued]>
[2024-10-16T14:08:38.899+0100] {taskinstance.py:2865} INFO - Starting attempt 1 of 1
[2024-10-16T14:08:38.902+0100] {taskinstance.py:2888} INFO - Executing <Task(SqliteOperator): display_result> on 2024-10-15 00:00:00+00:00
[2024-10-16T14:08:38.904+0100] {standard_task_runner.py:72} INFO - Started process 71373 to run task
[2024-10-16T14:08:38.907+0100] {standard_task_runner.py:104} INFO - Running: ['airflow', 'tasks', 'run', 'executing_sql_pipeline_multiple', 'display_result', 'scheduled__2024-10-15T00:00:00+00:00', '--job-id', '204', '--raw', '--subdir', 'DAGS_FOLDER/sql_pipeline_multiple.py', '--cfg-path', '/var/folders/nl/1x330z2x7yzb268yb0bbvjcr0000gn/T/tmp1jbqhc9d']
[2024-10-16T14:08:38.908+0100] {standard_task_runner.py:105} INFO - Job 204: Subtask display_result
[2024-10-16T14:08:38.920+0100] {task_command.py:467} INFO - Running <TaskInstance: executing_sql_pipeline_multiple.display_result scheduled__2024-10-15T00:00:00+00:00 [running]> on host mujtabas-macbook-pro.local
[2024-10-16T14:08:38.939+0100] {taskinstance.py:3131} INFO - Exporting env vars: AIRFLOW_CTX_DAG_OWNER='ali' AIRFLOW_CTX_DAG_ID='executing_sql_pipeline_multiple' AIRFLOW_CTX_TASK_ID='display_result' AIRFLOW_CTX_EXECUTION_DATE='2024-10-15T00:00:00+00:00' AIRFLOW_CTX_TRY_NUMBER='1' AIRFLOW_CTX_DAG_RUN_ID='scheduled__2024-10-15T00:00:00+00:00'
[2024-10-16T14:08:38.939+0100] {taskinstance.py:731} INFO - ::endgroup::
[2024-10-16T14:08:38.945+0100] {sql.py:266} INFO - Executing: SELECT * FROM users
[2024-10-16T14:08:38.946+0100] {base.py:84} INFO - Retrieving connection 'my_sqlite_conn'
[2024-10-16T14:08:38.960+0100] {base.py:84} INFO - Retrieving connection 'my_sqlite_conn'
[2024-10-16T14:08:38.960+0100] {sql.py:509} INFO - Running statement: SELECT * FROM users, parameters: None
[2024-10-16T14:08:38.965+0100] {taskinstance.py:340} INFO - ::group::Post task execution logs
[2024-10-16T14:08:38.965+0100] {taskinstance.py:352} INFO - Marking task as SUCCESS. dag_id=executing_sql_pipeline_multiple, task_id=display_result, run_id=scheduled__2024-10-15T00:00:00+00:00, execution_date=20241015T000000, start_date=20241016T130838, end_date=20241016T130838
[2024-10-16T14:08:39.013+0100] {local_task_job_runner.py:266} INFO - Task exited with return code 0
[2024-10-16T14:08:39.019+0100] {taskinstance.py:3900} INFO - 0 downstream tasks scheduled from follow-on schedule check
[2024-10-16T14:08:39.019+0100] {local_task_job_runner.py:245} INFO - ::endgroup::
