[2024-10-11T01:17:38.479+0100] {local_task_job_runner.py:123} INFO - ::group::Pre task execution logs
[2024-10-11T01:17:38.484+0100] {taskinstance.py:2612} INFO - Dependencies all met for dep_context=non-requeueable deps ti=<TaskInstance: executing_multiple_tasks_2.taskB scheduled__2024-10-10T00:00:00+00:00 [queued]>
[2024-10-11T01:17:38.486+0100] {taskinstance.py:2612} INFO - Dependencies all met for dep_context=requeueable deps ti=<TaskInstance: executing_multiple_tasks_2.taskB scheduled__2024-10-10T00:00:00+00:00 [queued]>
[2024-10-11T01:17:38.486+0100] {taskinstance.py:2865} INFO - Starting attempt 1 of 1
[2024-10-11T01:17:38.491+0100] {taskinstance.py:2888} INFO - Executing <Task(BashOperator): taskB> on 2024-10-10 00:00:00+00:00
[2024-10-11T01:17:38.493+0100] {standard_task_runner.py:72} INFO - Started process 32896 to run task
[2024-10-11T01:17:38.496+0100] {standard_task_runner.py:104} INFO - Running: ['airflow', 'tasks', 'run', 'executing_multiple_tasks_2', 'taskB', 'scheduled__2024-10-10T00:00:00+00:00', '--job-id', '127', '--raw', '--subdir', 'DAGS_FOLDER/execute_multiple_2.py', '--cfg-path', '/var/folders/nl/1x330z2x7yzb268yb0bbvjcr0000gn/T/tmpxdr4jlpw']
[2024-10-11T01:17:38.497+0100] {standard_task_runner.py:105} INFO - Job 127: Subtask taskB
[2024-10-11T01:17:38.509+0100] {task_command.py:467} INFO - Running <TaskInstance: executing_multiple_tasks_2.taskB scheduled__2024-10-10T00:00:00+00:00 [running]> on host mujtabas-macbook-pro.local
[2024-10-11T01:17:38.530+0100] {taskinstance.py:3131} INFO - Exporting env vars: AIRFLOW_CTX_DAG_OWNER='ali' AIRFLOW_CTX_DAG_ID='executing_multiple_tasks_2' AIRFLOW_CTX_TASK_ID='taskB' AIRFLOW_CTX_EXECUTION_DATE='2024-10-10T00:00:00+00:00' AIRFLOW_CTX_TRY_NUMBER='1' AIRFLOW_CTX_DAG_RUN_ID='scheduled__2024-10-10T00:00:00+00:00'
[2024-10-11T01:17:38.530+0100] {taskinstance.py:731} INFO - ::endgroup::
[2024-10-11T01:17:38.536+0100] {subprocess.py:63} INFO - Tmp dir root location: /var/folders/nl/1x330z2x7yzb268yb0bbvjcr0000gn/T
[2024-10-11T01:17:38.536+0100] {subprocess.py:75} INFO - Running command: ['/bin/bash', '-c', '\n            echo TASK B has started!\n            sleep 4\n            echo TASK B has ended!\n        ']
[2024-10-11T01:17:38.538+0100] {subprocess.py:86} INFO - Output:
[2024-10-11T01:17:38.539+0100] {subprocess.py:93} INFO - TASK B has started!
[2024-10-11T01:17:42.554+0100] {subprocess.py:93} INFO - TASK B has ended!
[2024-10-11T01:17:42.557+0100] {subprocess.py:97} INFO - Command exited with return code 0
[2024-10-11T01:17:42.576+0100] {taskinstance.py:340} INFO - ::group::Post task execution logs
[2024-10-11T01:17:42.577+0100] {taskinstance.py:352} INFO - Marking task as SUCCESS. dag_id=executing_multiple_tasks_2, task_id=taskB, run_id=scheduled__2024-10-10T00:00:00+00:00, execution_date=20241010T000000, start_date=20241011T001738, end_date=20241011T001742
[2024-10-11T01:17:42.636+0100] {local_task_job_runner.py:266} INFO - Task exited with return code 0
[2024-10-11T01:17:42.653+0100] {taskinstance.py:3900} INFO - 0 downstream tasks scheduled from follow-on schedule check
[2024-10-11T01:17:42.654+0100] {local_task_job_runner.py:245} INFO - ::endgroup::
