[2024-10-17T21:49:50.017+0100] {processor.py:186} INFO - Started process (PID=5665) to work on /Users/mujtabaalimalik/airflow/dags/cron_catchup_backfill_2.py
[2024-10-17T21:49:50.018+0100] {processor.py:914} INFO - Processing file /Users/mujtabaalimalik/airflow/dags/cron_catchup_backfill_2.py for tasks to queue
[2024-10-17T21:49:50.018+0100] {logging_mixin.py:190} INFO - [2024-10-17T21:49:50.018+0100] {dagbag.py:588} INFO - Filling up the DagBag from /Users/mujtabaalimalik/airflow/dags/cron_catchup_backfill_2.py
[2024-10-17T21:49:50.028+0100] {processor.py:925} INFO - DAG(s) 'cron_catchup_backfill_2' retrieved from /Users/mujtabaalimalik/airflow/dags/cron_catchup_backfill_2.py
[2024-10-17T21:49:50.102+0100] {logging_mixin.py:190} INFO - [2024-10-17T21:49:50.101+0100] {override.py:1900} INFO - Created Permission View: can delete on DAG:cron_catchup_backfill_2
[2024-10-17T21:49:50.104+0100] {logging_mixin.py:190} INFO - [2024-10-17T21:49:50.104+0100] {override.py:1900} INFO - Created Permission View: can read on DAG:cron_catchup_backfill_2
[2024-10-17T21:49:50.106+0100] {logging_mixin.py:190} INFO - [2024-10-17T21:49:50.106+0100] {override.py:1900} INFO - Created Permission View: can edit on DAG:cron_catchup_backfill_2
[2024-10-17T21:49:50.108+0100] {logging_mixin.py:190} INFO - [2024-10-17T21:49:50.108+0100] {override.py:1900} INFO - Created Permission View: can delete on DAG Run:cron_catchup_backfill_2
[2024-10-17T21:49:50.110+0100] {logging_mixin.py:190} INFO - [2024-10-17T21:49:50.110+0100] {override.py:1900} INFO - Created Permission View: menu access on DAG Run:cron_catchup_backfill_2
[2024-10-17T21:49:50.112+0100] {logging_mixin.py:190} INFO - [2024-10-17T21:49:50.112+0100] {override.py:1900} INFO - Created Permission View: can read on DAG Run:cron_catchup_backfill_2
[2024-10-17T21:49:50.114+0100] {logging_mixin.py:190} INFO - [2024-10-17T21:49:50.114+0100] {override.py:1900} INFO - Created Permission View: can create on DAG Run:cron_catchup_backfill_2
[2024-10-17T21:49:50.114+0100] {logging_mixin.py:190} INFO - [2024-10-17T21:49:50.114+0100] {dag.py:3239} INFO - Sync 1 DAGs
[2024-10-17T21:49:50.118+0100] {logging_mixin.py:190} INFO - [2024-10-17T21:49:50.118+0100] {dag.py:3262} INFO - Creating ORM DAG for cron_catchup_backfill_2
[2024-10-17T21:49:50.121+0100] {logging_mixin.py:190} INFO - [2024-10-17T21:49:50.121+0100] {dag.py:4180} INFO - Setting next_dagrun for cron_catchup_backfill_2 to 2024-09-21 00:00:00+00:00, run_after=2024-09-21 12:00:00+00:00
[2024-10-17T21:49:50.127+0100] {processor.py:208} INFO - Processing /Users/mujtabaalimalik/airflow/dags/cron_catchup_backfill_2.py took 0.111 seconds
[2024-10-17T21:50:24.939+0100] {processor.py:186} INFO - Started process (PID=5728) to work on /Users/mujtabaalimalik/airflow/dags/cron_catchup_backfill_2.py
[2024-10-17T21:50:24.939+0100] {processor.py:914} INFO - Processing file /Users/mujtabaalimalik/airflow/dags/cron_catchup_backfill_2.py for tasks to queue
[2024-10-17T21:50:24.940+0100] {logging_mixin.py:190} INFO - [2024-10-17T21:50:24.940+0100] {dagbag.py:588} INFO - Filling up the DagBag from /Users/mujtabaalimalik/airflow/dags/cron_catchup_backfill_2.py
[2024-10-17T21:50:24.949+0100] {processor.py:925} INFO - DAG(s) 'cron_catchup_backfill_2' retrieved from /Users/mujtabaalimalik/airflow/dags/cron_catchup_backfill_2.py
[2024-10-17T21:50:24.982+0100] {logging_mixin.py:190} INFO - [2024-10-17T21:50:24.982+0100] {dag.py:3239} INFO - Sync 1 DAGs
[2024-10-17T21:50:24.988+0100] {logging_mixin.py:190} INFO - [2024-10-17T21:50:24.988+0100] {dag.py:4180} INFO - Setting next_dagrun for cron_catchup_backfill_2 to 2024-09-21 00:00:00+00:00, run_after=2024-09-21 12:00:00+00:00
[2024-10-17T21:50:24.994+0100] {processor.py:208} INFO - Processing /Users/mujtabaalimalik/airflow/dags/cron_catchup_backfill_2.py took 0.056 seconds
[2024-10-17T21:50:56.343+0100] {processor.py:186} INFO - Started process (PID=5768) to work on /Users/mujtabaalimalik/airflow/dags/cron_catchup_backfill_2.py
[2024-10-17T21:50:56.344+0100] {processor.py:914} INFO - Processing file /Users/mujtabaalimalik/airflow/dags/cron_catchup_backfill_2.py for tasks to queue
[2024-10-17T21:50:56.344+0100] {logging_mixin.py:190} INFO - [2024-10-17T21:50:56.344+0100] {dagbag.py:588} INFO - Filling up the DagBag from /Users/mujtabaalimalik/airflow/dags/cron_catchup_backfill_2.py
[2024-10-17T21:50:56.353+0100] {processor.py:925} INFO - DAG(s) 'cron_catchup_backfill_2' retrieved from /Users/mujtabaalimalik/airflow/dags/cron_catchup_backfill_2.py
[2024-10-17T21:50:56.390+0100] {logging_mixin.py:190} INFO - [2024-10-17T21:50:56.390+0100] {dag.py:3239} INFO - Sync 1 DAGs
[2024-10-17T21:50:56.396+0100] {logging_mixin.py:190} INFO - [2024-10-17T21:50:56.396+0100] {dag.py:4180} INFO - Setting next_dagrun for cron_catchup_backfill_2 to 2024-09-21 00:00:00+00:00, run_after=2024-09-21 12:00:00+00:00
[2024-10-17T21:50:56.401+0100] {processor.py:208} INFO - Processing /Users/mujtabaalimalik/airflow/dags/cron_catchup_backfill_2.py took 0.059 seconds
[2024-10-17T21:51:27.955+0100] {processor.py:186} INFO - Started process (PID=5895) to work on /Users/mujtabaalimalik/airflow/dags/cron_catchup_backfill_2.py
[2024-10-17T21:51:27.955+0100] {processor.py:914} INFO - Processing file /Users/mujtabaalimalik/airflow/dags/cron_catchup_backfill_2.py for tasks to queue
[2024-10-17T21:51:27.955+0100] {logging_mixin.py:190} INFO - [2024-10-17T21:51:27.955+0100] {dagbag.py:588} INFO - Filling up the DagBag from /Users/mujtabaalimalik/airflow/dags/cron_catchup_backfill_2.py
[2024-10-17T21:51:27.965+0100] {processor.py:925} INFO - DAG(s) 'cron_catchup_backfill_2' retrieved from /Users/mujtabaalimalik/airflow/dags/cron_catchup_backfill_2.py
[2024-10-17T21:51:27.999+0100] {logging_mixin.py:190} INFO - [2024-10-17T21:51:27.999+0100] {dag.py:3239} INFO - Sync 1 DAGs
[2024-10-17T21:51:28.005+0100] {logging_mixin.py:190} INFO - [2024-10-17T21:51:28.005+0100] {dag.py:4180} INFO - Setting next_dagrun for cron_catchup_backfill_2 to 2024-10-12 12:00:00+00:00, run_after=2024-10-19 00:00:00+00:00
[2024-10-17T21:51:28.011+0100] {processor.py:208} INFO - Processing /Users/mujtabaalimalik/airflow/dags/cron_catchup_backfill_2.py took 0.057 seconds
[2024-10-17T21:52:01.066+0100] {processor.py:186} INFO - Started process (PID=5958) to work on /Users/mujtabaalimalik/airflow/dags/cron_catchup_backfill_2.py
[2024-10-17T21:52:01.067+0100] {processor.py:914} INFO - Processing file /Users/mujtabaalimalik/airflow/dags/cron_catchup_backfill_2.py for tasks to queue
[2024-10-17T21:52:01.067+0100] {logging_mixin.py:190} INFO - [2024-10-17T21:52:01.067+0100] {dagbag.py:588} INFO - Filling up the DagBag from /Users/mujtabaalimalik/airflow/dags/cron_catchup_backfill_2.py
[2024-10-17T21:52:01.076+0100] {processor.py:925} INFO - DAG(s) 'cron_catchup_backfill_2' retrieved from /Users/mujtabaalimalik/airflow/dags/cron_catchup_backfill_2.py
[2024-10-17T21:52:01.110+0100] {logging_mixin.py:190} INFO - [2024-10-17T21:52:01.110+0100] {dag.py:3239} INFO - Sync 1 DAGs
[2024-10-17T21:52:01.117+0100] {logging_mixin.py:190} INFO - [2024-10-17T21:52:01.117+0100] {dag.py:4180} INFO - Setting next_dagrun for cron_catchup_backfill_2 to 2024-10-12 12:00:00+00:00, run_after=2024-10-19 00:00:00+00:00
[2024-10-17T21:52:01.123+0100] {processor.py:208} INFO - Processing /Users/mujtabaalimalik/airflow/dags/cron_catchup_backfill_2.py took 0.058 seconds
[2024-10-17T21:52:30.744+0100] {processor.py:186} INFO - Started process (PID=6026) to work on /Users/mujtabaalimalik/airflow/dags/cron_catchup_backfill_2.py
[2024-10-17T21:52:30.744+0100] {processor.py:914} INFO - Processing file /Users/mujtabaalimalik/airflow/dags/cron_catchup_backfill_2.py for tasks to queue
[2024-10-17T21:52:30.744+0100] {logging_mixin.py:190} INFO - [2024-10-17T21:52:30.744+0100] {dagbag.py:588} INFO - Filling up the DagBag from /Users/mujtabaalimalik/airflow/dags/cron_catchup_backfill_2.py
[2024-10-17T21:52:30.754+0100] {processor.py:925} INFO - DAG(s) 'cron_catchup_backfill_2' retrieved from /Users/mujtabaalimalik/airflow/dags/cron_catchup_backfill_2.py
[2024-10-17T21:52:30.791+0100] {logging_mixin.py:190} INFO - [2024-10-17T21:52:30.791+0100] {dag.py:3239} INFO - Sync 1 DAGs
[2024-10-17T21:52:30.799+0100] {logging_mixin.py:190} INFO - [2024-10-17T21:52:30.799+0100] {dag.py:4180} INFO - Setting next_dagrun for cron_catchup_backfill_2 to 2024-10-12 12:00:00+00:00, run_after=2024-10-19 00:00:00+00:00
[2024-10-17T21:52:30.805+0100] {processor.py:208} INFO - Processing /Users/mujtabaalimalik/airflow/dags/cron_catchup_backfill_2.py took 0.062 seconds
[2024-10-17T21:53:06.288+0100] {processor.py:186} INFO - Started process (PID=6082) to work on /Users/mujtabaalimalik/airflow/dags/cron_catchup_backfill_2.py
[2024-10-17T21:53:06.288+0100] {processor.py:914} INFO - Processing file /Users/mujtabaalimalik/airflow/dags/cron_catchup_backfill_2.py for tasks to queue
[2024-10-17T21:53:06.288+0100] {logging_mixin.py:190} INFO - [2024-10-17T21:53:06.288+0100] {dagbag.py:588} INFO - Filling up the DagBag from /Users/mujtabaalimalik/airflow/dags/cron_catchup_backfill_2.py
[2024-10-17T21:53:06.297+0100] {processor.py:925} INFO - DAG(s) 'cron_catchup_backfill_2' retrieved from /Users/mujtabaalimalik/airflow/dags/cron_catchup_backfill_2.py
[2024-10-17T21:53:06.331+0100] {logging_mixin.py:190} INFO - [2024-10-17T21:53:06.331+0100] {dag.py:3239} INFO - Sync 1 DAGs
[2024-10-17T21:53:06.337+0100] {logging_mixin.py:190} INFO - [2024-10-17T21:53:06.337+0100] {dag.py:4180} INFO - Setting next_dagrun for cron_catchup_backfill_2 to 2024-10-12 12:00:00+00:00, run_after=2024-10-19 00:00:00+00:00
[2024-10-17T21:53:06.343+0100] {processor.py:208} INFO - Processing /Users/mujtabaalimalik/airflow/dags/cron_catchup_backfill_2.py took 0.056 seconds
[2024-10-17T21:53:40.927+0100] {processor.py:186} INFO - Started process (PID=6126) to work on /Users/mujtabaalimalik/airflow/dags/cron_catchup_backfill_2.py
[2024-10-17T21:53:40.927+0100] {processor.py:914} INFO - Processing file /Users/mujtabaalimalik/airflow/dags/cron_catchup_backfill_2.py for tasks to queue
[2024-10-17T21:53:40.927+0100] {logging_mixin.py:190} INFO - [2024-10-17T21:53:40.927+0100] {dagbag.py:588} INFO - Filling up the DagBag from /Users/mujtabaalimalik/airflow/dags/cron_catchup_backfill_2.py
[2024-10-17T21:53:40.937+0100] {processor.py:925} INFO - DAG(s) 'cron_catchup_backfill_2' retrieved from /Users/mujtabaalimalik/airflow/dags/cron_catchup_backfill_2.py
[2024-10-17T21:53:40.973+0100] {logging_mixin.py:190} INFO - [2024-10-17T21:53:40.973+0100] {dag.py:3239} INFO - Sync 1 DAGs
[2024-10-17T21:53:40.979+0100] {logging_mixin.py:190} INFO - [2024-10-17T21:53:40.979+0100] {dag.py:4180} INFO - Setting next_dagrun for cron_catchup_backfill_2 to 2024-10-12 12:00:00+00:00, run_after=2024-10-19 00:00:00+00:00
[2024-10-17T21:53:40.985+0100] {processor.py:208} INFO - Processing /Users/mujtabaalimalik/airflow/dags/cron_catchup_backfill_2.py took 0.060 seconds
[2024-10-17T21:54:16.639+0100] {processor.py:186} INFO - Started process (PID=6176) to work on /Users/mujtabaalimalik/airflow/dags/cron_catchup_backfill_2.py
[2024-10-17T21:54:16.639+0100] {processor.py:914} INFO - Processing file /Users/mujtabaalimalik/airflow/dags/cron_catchup_backfill_2.py for tasks to queue
[2024-10-17T21:54:16.639+0100] {logging_mixin.py:190} INFO - [2024-10-17T21:54:16.639+0100] {dagbag.py:588} INFO - Filling up the DagBag from /Users/mujtabaalimalik/airflow/dags/cron_catchup_backfill_2.py
[2024-10-17T21:54:16.648+0100] {processor.py:925} INFO - DAG(s) 'cron_catchup_backfill_2' retrieved from /Users/mujtabaalimalik/airflow/dags/cron_catchup_backfill_2.py
[2024-10-17T21:54:16.682+0100] {logging_mixin.py:190} INFO - [2024-10-17T21:54:16.681+0100] {dag.py:3239} INFO - Sync 1 DAGs
[2024-10-17T21:54:16.688+0100] {logging_mixin.py:190} INFO - [2024-10-17T21:54:16.688+0100] {dag.py:4180} INFO - Setting next_dagrun for cron_catchup_backfill_2 to 2024-10-12 12:00:00+00:00, run_after=2024-10-19 00:00:00+00:00
[2024-10-17T21:54:16.693+0100] {processor.py:208} INFO - Processing /Users/mujtabaalimalik/airflow/dags/cron_catchup_backfill_2.py took 0.056 seconds
[2024-10-17T21:54:51.986+0100] {processor.py:186} INFO - Started process (PID=6265) to work on /Users/mujtabaalimalik/airflow/dags/cron_catchup_backfill_2.py
[2024-10-17T21:54:51.987+0100] {processor.py:914} INFO - Processing file /Users/mujtabaalimalik/airflow/dags/cron_catchup_backfill_2.py for tasks to queue
[2024-10-17T21:54:51.987+0100] {logging_mixin.py:190} INFO - [2024-10-17T21:54:51.987+0100] {dagbag.py:588} INFO - Filling up the DagBag from /Users/mujtabaalimalik/airflow/dags/cron_catchup_backfill_2.py
[2024-10-17T21:54:51.996+0100] {processor.py:925} INFO - DAG(s) 'cron_catchup_backfill_2' retrieved from /Users/mujtabaalimalik/airflow/dags/cron_catchup_backfill_2.py
[2024-10-17T21:54:52.031+0100] {logging_mixin.py:190} INFO - [2024-10-17T21:54:52.031+0100] {dag.py:3239} INFO - Sync 1 DAGs
[2024-10-17T21:54:52.037+0100] {logging_mixin.py:190} INFO - [2024-10-17T21:54:52.037+0100] {dag.py:4180} INFO - Setting next_dagrun for cron_catchup_backfill_2 to 2024-10-12 12:00:00+00:00, run_after=2024-10-19 00:00:00+00:00
[2024-10-17T21:54:52.043+0100] {processor.py:208} INFO - Processing /Users/mujtabaalimalik/airflow/dags/cron_catchup_backfill_2.py took 0.058 seconds
[2024-10-17T21:55:28.040+0100] {processor.py:186} INFO - Started process (PID=6327) to work on /Users/mujtabaalimalik/airflow/dags/cron_catchup_backfill_2.py
[2024-10-17T21:55:28.040+0100] {processor.py:914} INFO - Processing file /Users/mujtabaalimalik/airflow/dags/cron_catchup_backfill_2.py for tasks to queue
[2024-10-17T21:55:28.041+0100] {logging_mixin.py:190} INFO - [2024-10-17T21:55:28.040+0100] {dagbag.py:588} INFO - Filling up the DagBag from /Users/mujtabaalimalik/airflow/dags/cron_catchup_backfill_2.py
[2024-10-17T21:55:28.050+0100] {processor.py:925} INFO - DAG(s) 'cron_catchup_backfill_2' retrieved from /Users/mujtabaalimalik/airflow/dags/cron_catchup_backfill_2.py
[2024-10-17T21:55:28.084+0100] {logging_mixin.py:190} INFO - [2024-10-17T21:55:28.084+0100] {dag.py:3239} INFO - Sync 1 DAGs
[2024-10-17T21:55:28.091+0100] {logging_mixin.py:190} INFO - [2024-10-17T21:55:28.090+0100] {dag.py:4180} INFO - Setting next_dagrun for cron_catchup_backfill_2 to 2024-10-12 12:00:00+00:00, run_after=2024-10-19 00:00:00+00:00
[2024-10-17T21:55:28.096+0100] {processor.py:208} INFO - Processing /Users/mujtabaalimalik/airflow/dags/cron_catchup_backfill_2.py took 0.058 seconds
[2024-10-17T21:56:01.136+0100] {processor.py:186} INFO - Started process (PID=6379) to work on /Users/mujtabaalimalik/airflow/dags/cron_catchup_backfill_2.py
[2024-10-17T21:56:01.136+0100] {processor.py:914} INFO - Processing file /Users/mujtabaalimalik/airflow/dags/cron_catchup_backfill_2.py for tasks to queue
[2024-10-17T21:56:01.137+0100] {logging_mixin.py:190} INFO - [2024-10-17T21:56:01.137+0100] {dagbag.py:588} INFO - Filling up the DagBag from /Users/mujtabaalimalik/airflow/dags/cron_catchup_backfill_2.py
[2024-10-17T21:56:01.146+0100] {processor.py:925} INFO - DAG(s) 'cron_catchup_backfill_2' retrieved from /Users/mujtabaalimalik/airflow/dags/cron_catchup_backfill_2.py
[2024-10-17T21:56:01.180+0100] {logging_mixin.py:190} INFO - [2024-10-17T21:56:01.180+0100] {dag.py:3239} INFO - Sync 1 DAGs
[2024-10-17T21:56:01.186+0100] {logging_mixin.py:190} INFO - [2024-10-17T21:56:01.186+0100] {dag.py:4180} INFO - Setting next_dagrun for cron_catchup_backfill_2 to 2024-10-12 12:00:00+00:00, run_after=2024-10-19 00:00:00+00:00
[2024-10-17T21:56:01.192+0100] {processor.py:208} INFO - Processing /Users/mujtabaalimalik/airflow/dags/cron_catchup_backfill_2.py took 0.057 seconds
[2024-10-17T21:56:34.867+0100] {processor.py:186} INFO - Started process (PID=6437) to work on /Users/mujtabaalimalik/airflow/dags/cron_catchup_backfill_2.py
[2024-10-17T21:56:34.867+0100] {processor.py:914} INFO - Processing file /Users/mujtabaalimalik/airflow/dags/cron_catchup_backfill_2.py for tasks to queue
[2024-10-17T21:56:34.868+0100] {logging_mixin.py:190} INFO - [2024-10-17T21:56:34.868+0100] {dagbag.py:588} INFO - Filling up the DagBag from /Users/mujtabaalimalik/airflow/dags/cron_catchup_backfill_2.py
[2024-10-17T21:56:34.878+0100] {processor.py:925} INFO - DAG(s) 'cron_catchup_backfill_2' retrieved from /Users/mujtabaalimalik/airflow/dags/cron_catchup_backfill_2.py
[2024-10-17T21:56:34.915+0100] {logging_mixin.py:190} INFO - [2024-10-17T21:56:34.915+0100] {dag.py:3239} INFO - Sync 1 DAGs
[2024-10-17T21:56:34.922+0100] {logging_mixin.py:190} INFO - [2024-10-17T21:56:34.922+0100] {dag.py:4180} INFO - Setting next_dagrun for cron_catchup_backfill_2 to 2024-10-12 12:00:00+00:00, run_after=2024-10-19 00:00:00+00:00
[2024-10-17T21:56:34.928+0100] {processor.py:208} INFO - Processing /Users/mujtabaalimalik/airflow/dags/cron_catchup_backfill_2.py took 0.062 seconds
[2024-10-17T21:57:07.121+0100] {processor.py:186} INFO - Started process (PID=6486) to work on /Users/mujtabaalimalik/airflow/dags/cron_catchup_backfill_2.py
[2024-10-17T21:57:07.122+0100] {processor.py:914} INFO - Processing file /Users/mujtabaalimalik/airflow/dags/cron_catchup_backfill_2.py for tasks to queue
[2024-10-17T21:57:07.122+0100] {logging_mixin.py:190} INFO - [2024-10-17T21:57:07.122+0100] {dagbag.py:588} INFO - Filling up the DagBag from /Users/mujtabaalimalik/airflow/dags/cron_catchup_backfill_2.py
[2024-10-17T21:57:07.132+0100] {processor.py:925} INFO - DAG(s) 'cron_catchup_backfill_2' retrieved from /Users/mujtabaalimalik/airflow/dags/cron_catchup_backfill_2.py
[2024-10-17T21:57:07.165+0100] {logging_mixin.py:190} INFO - [2024-10-17T21:57:07.165+0100] {dag.py:3239} INFO - Sync 1 DAGs
[2024-10-17T21:57:07.171+0100] {logging_mixin.py:190} INFO - [2024-10-17T21:57:07.171+0100] {dag.py:4180} INFO - Setting next_dagrun for cron_catchup_backfill_2 to 2024-10-12 12:00:00+00:00, run_after=2024-10-19 00:00:00+00:00
[2024-10-17T21:57:07.176+0100] {processor.py:208} INFO - Processing /Users/mujtabaalimalik/airflow/dags/cron_catchup_backfill_2.py took 0.056 seconds
[2024-10-17T21:57:41.171+0100] {processor.py:186} INFO - Started process (PID=6539) to work on /Users/mujtabaalimalik/airflow/dags/cron_catchup_backfill_2.py
[2024-10-17T21:57:41.171+0100] {processor.py:914} INFO - Processing file /Users/mujtabaalimalik/airflow/dags/cron_catchup_backfill_2.py for tasks to queue
[2024-10-17T21:57:41.171+0100] {logging_mixin.py:190} INFO - [2024-10-17T21:57:41.171+0100] {dagbag.py:588} INFO - Filling up the DagBag from /Users/mujtabaalimalik/airflow/dags/cron_catchup_backfill_2.py
[2024-10-17T21:57:41.180+0100] {processor.py:925} INFO - DAG(s) 'cron_catchup_backfill_2' retrieved from /Users/mujtabaalimalik/airflow/dags/cron_catchup_backfill_2.py
[2024-10-17T21:57:41.213+0100] {logging_mixin.py:190} INFO - [2024-10-17T21:57:41.213+0100] {dag.py:3239} INFO - Sync 1 DAGs
[2024-10-17T21:57:41.219+0100] {logging_mixin.py:190} INFO - [2024-10-17T21:57:41.219+0100] {dag.py:4180} INFO - Setting next_dagrun for cron_catchup_backfill_2 to 2024-10-12 12:00:00+00:00, run_after=2024-10-19 00:00:00+00:00
[2024-10-17T21:57:41.225+0100] {processor.py:208} INFO - Processing /Users/mujtabaalimalik/airflow/dags/cron_catchup_backfill_2.py took 0.055 seconds
[2024-10-17T21:58:18.118+0100] {processor.py:186} INFO - Started process (PID=6602) to work on /Users/mujtabaalimalik/airflow/dags/cron_catchup_backfill_2.py
[2024-10-17T21:58:18.118+0100] {processor.py:914} INFO - Processing file /Users/mujtabaalimalik/airflow/dags/cron_catchup_backfill_2.py for tasks to queue
[2024-10-17T21:58:18.118+0100] {logging_mixin.py:190} INFO - [2024-10-17T21:58:18.118+0100] {dagbag.py:588} INFO - Filling up the DagBag from /Users/mujtabaalimalik/airflow/dags/cron_catchup_backfill_2.py
[2024-10-17T21:58:18.128+0100] {processor.py:925} INFO - DAG(s) 'cron_catchup_backfill_2' retrieved from /Users/mujtabaalimalik/airflow/dags/cron_catchup_backfill_2.py
[2024-10-17T21:58:18.162+0100] {logging_mixin.py:190} INFO - [2024-10-17T21:58:18.161+0100] {dag.py:3239} INFO - Sync 1 DAGs
[2024-10-17T21:58:18.168+0100] {logging_mixin.py:190} INFO - [2024-10-17T21:58:18.168+0100] {dag.py:4180} INFO - Setting next_dagrun for cron_catchup_backfill_2 to 2024-10-12 12:00:00+00:00, run_after=2024-10-19 00:00:00+00:00
[2024-10-17T21:58:18.174+0100] {processor.py:208} INFO - Processing /Users/mujtabaalimalik/airflow/dags/cron_catchup_backfill_2.py took 0.057 seconds
[2024-10-17T21:58:52.274+0100] {processor.py:186} INFO - Started process (PID=6649) to work on /Users/mujtabaalimalik/airflow/dags/cron_catchup_backfill_2.py
[2024-10-17T21:58:52.274+0100] {processor.py:914} INFO - Processing file /Users/mujtabaalimalik/airflow/dags/cron_catchup_backfill_2.py for tasks to queue
[2024-10-17T21:58:52.275+0100] {logging_mixin.py:190} INFO - [2024-10-17T21:58:52.274+0100] {dagbag.py:588} INFO - Filling up the DagBag from /Users/mujtabaalimalik/airflow/dags/cron_catchup_backfill_2.py
[2024-10-17T21:58:52.284+0100] {processor.py:925} INFO - DAG(s) 'cron_catchup_backfill_2' retrieved from /Users/mujtabaalimalik/airflow/dags/cron_catchup_backfill_2.py
[2024-10-17T21:58:52.319+0100] {logging_mixin.py:190} INFO - [2024-10-17T21:58:52.319+0100] {dag.py:3239} INFO - Sync 1 DAGs
[2024-10-17T21:58:52.326+0100] {logging_mixin.py:190} INFO - [2024-10-17T21:58:52.326+0100] {dag.py:4180} INFO - Setting next_dagrun for cron_catchup_backfill_2 to 2024-10-12 12:00:00+00:00, run_after=2024-10-19 00:00:00+00:00
[2024-10-17T21:58:52.332+0100] {processor.py:208} INFO - Processing /Users/mujtabaalimalik/airflow/dags/cron_catchup_backfill_2.py took 0.059 seconds
[2024-10-17T21:59:25.633+0100] {processor.py:186} INFO - Started process (PID=6694) to work on /Users/mujtabaalimalik/airflow/dags/cron_catchup_backfill_2.py
[2024-10-17T21:59:25.634+0100] {processor.py:914} INFO - Processing file /Users/mujtabaalimalik/airflow/dags/cron_catchup_backfill_2.py for tasks to queue
[2024-10-17T21:59:25.634+0100] {logging_mixin.py:190} INFO - [2024-10-17T21:59:25.634+0100] {dagbag.py:588} INFO - Filling up the DagBag from /Users/mujtabaalimalik/airflow/dags/cron_catchup_backfill_2.py
[2024-10-17T21:59:25.643+0100] {processor.py:925} INFO - DAG(s) 'cron_catchup_backfill_2' retrieved from /Users/mujtabaalimalik/airflow/dags/cron_catchup_backfill_2.py
[2024-10-17T21:59:25.677+0100] {logging_mixin.py:190} INFO - [2024-10-17T21:59:25.677+0100] {dag.py:3239} INFO - Sync 1 DAGs
[2024-10-17T21:59:25.683+0100] {logging_mixin.py:190} INFO - [2024-10-17T21:59:25.683+0100] {dag.py:4180} INFO - Setting next_dagrun for cron_catchup_backfill_2 to 2024-10-12 12:00:00+00:00, run_after=2024-10-19 00:00:00+00:00
[2024-10-17T21:59:25.689+0100] {processor.py:208} INFO - Processing /Users/mujtabaalimalik/airflow/dags/cron_catchup_backfill_2.py took 0.057 seconds
[2024-10-17T21:59:58.507+0100] {processor.py:186} INFO - Started process (PID=6777) to work on /Users/mujtabaalimalik/airflow/dags/cron_catchup_backfill_2.py
[2024-10-17T21:59:58.508+0100] {processor.py:914} INFO - Processing file /Users/mujtabaalimalik/airflow/dags/cron_catchup_backfill_2.py for tasks to queue
[2024-10-17T21:59:58.508+0100] {logging_mixin.py:190} INFO - [2024-10-17T21:59:58.508+0100] {dagbag.py:588} INFO - Filling up the DagBag from /Users/mujtabaalimalik/airflow/dags/cron_catchup_backfill_2.py
[2024-10-17T21:59:58.517+0100] {processor.py:925} INFO - DAG(s) 'cron_catchup_backfill_2' retrieved from /Users/mujtabaalimalik/airflow/dags/cron_catchup_backfill_2.py
[2024-10-17T21:59:58.551+0100] {logging_mixin.py:190} INFO - [2024-10-17T21:59:58.551+0100] {dag.py:3239} INFO - Sync 1 DAGs
[2024-10-17T21:59:58.558+0100] {logging_mixin.py:190} INFO - [2024-10-17T21:59:58.558+0100] {dag.py:4180} INFO - Setting next_dagrun for cron_catchup_backfill_2 to 2024-10-12 12:00:00+00:00, run_after=2024-10-19 00:00:00+00:00
[2024-10-17T21:59:58.564+0100] {processor.py:208} INFO - Processing /Users/mujtabaalimalik/airflow/dags/cron_catchup_backfill_2.py took 0.057 seconds
[2024-10-17T22:00:30.583+0100] {processor.py:186} INFO - Started process (PID=6819) to work on /Users/mujtabaalimalik/airflow/dags/cron_catchup_backfill_2.py
[2024-10-17T22:00:30.583+0100] {processor.py:914} INFO - Processing file /Users/mujtabaalimalik/airflow/dags/cron_catchup_backfill_2.py for tasks to queue
[2024-10-17T22:00:30.584+0100] {logging_mixin.py:190} INFO - [2024-10-17T22:00:30.583+0100] {dagbag.py:588} INFO - Filling up the DagBag from /Users/mujtabaalimalik/airflow/dags/cron_catchup_backfill_2.py
[2024-10-17T22:00:30.592+0100] {processor.py:925} INFO - DAG(s) 'cron_catchup_backfill_2' retrieved from /Users/mujtabaalimalik/airflow/dags/cron_catchup_backfill_2.py
[2024-10-17T22:00:30.626+0100] {logging_mixin.py:190} INFO - [2024-10-17T22:00:30.626+0100] {dag.py:3239} INFO - Sync 1 DAGs
[2024-10-17T22:00:30.632+0100] {logging_mixin.py:190} INFO - [2024-10-17T22:00:30.632+0100] {dag.py:4180} INFO - Setting next_dagrun for cron_catchup_backfill_2 to 2024-10-12 12:00:00+00:00, run_after=2024-10-19 00:00:00+00:00
[2024-10-17T22:00:30.637+0100] {processor.py:208} INFO - Processing /Users/mujtabaalimalik/airflow/dags/cron_catchup_backfill_2.py took 0.056 seconds
[2024-10-17T22:01:04.764+0100] {processor.py:186} INFO - Started process (PID=6876) to work on /Users/mujtabaalimalik/airflow/dags/cron_catchup_backfill_2.py
[2024-10-17T22:01:04.764+0100] {processor.py:914} INFO - Processing file /Users/mujtabaalimalik/airflow/dags/cron_catchup_backfill_2.py for tasks to queue
[2024-10-17T22:01:04.764+0100] {logging_mixin.py:190} INFO - [2024-10-17T22:01:04.764+0100] {dagbag.py:588} INFO - Filling up the DagBag from /Users/mujtabaalimalik/airflow/dags/cron_catchup_backfill_2.py
[2024-10-17T22:01:04.773+0100] {processor.py:925} INFO - DAG(s) 'cron_catchup_backfill_2' retrieved from /Users/mujtabaalimalik/airflow/dags/cron_catchup_backfill_2.py
[2024-10-17T22:01:04.807+0100] {logging_mixin.py:190} INFO - [2024-10-17T22:01:04.807+0100] {dag.py:3239} INFO - Sync 1 DAGs
[2024-10-17T22:01:04.814+0100] {logging_mixin.py:190} INFO - [2024-10-17T22:01:04.814+0100] {dag.py:4180} INFO - Setting next_dagrun for cron_catchup_backfill_2 to 2024-10-12 12:00:00+00:00, run_after=2024-10-19 00:00:00+00:00
[2024-10-17T22:01:04.819+0100] {processor.py:208} INFO - Processing /Users/mujtabaalimalik/airflow/dags/cron_catchup_backfill_2.py took 0.057 seconds
[2024-10-17T22:01:36.135+0100] {processor.py:186} INFO - Started process (PID=7047) to work on /Users/mujtabaalimalik/airflow/dags/cron_catchup_backfill_2.py
[2024-10-17T22:01:36.136+0100] {processor.py:914} INFO - Processing file /Users/mujtabaalimalik/airflow/dags/cron_catchup_backfill_2.py for tasks to queue
[2024-10-17T22:01:36.136+0100] {logging_mixin.py:190} INFO - [2024-10-17T22:01:36.136+0100] {dagbag.py:588} INFO - Filling up the DagBag from /Users/mujtabaalimalik/airflow/dags/cron_catchup_backfill_2.py
[2024-10-17T22:01:36.146+0100] {processor.py:925} INFO - DAG(s) 'cron_catchup_backfill_2' retrieved from /Users/mujtabaalimalik/airflow/dags/cron_catchup_backfill_2.py
[2024-10-17T22:01:36.181+0100] {logging_mixin.py:190} INFO - [2024-10-17T22:01:36.181+0100] {dag.py:3239} INFO - Sync 1 DAGs
[2024-10-17T22:01:36.188+0100] {logging_mixin.py:190} INFO - [2024-10-17T22:01:36.188+0100] {dag.py:4180} INFO - Setting next_dagrun for cron_catchup_backfill_2 to 2024-10-12 12:00:00+00:00, run_after=2024-10-19 00:00:00+00:00
[2024-10-17T22:01:36.194+0100] {processor.py:208} INFO - Processing /Users/mujtabaalimalik/airflow/dags/cron_catchup_backfill_2.py took 0.060 seconds
[2024-10-17T22:02:09.690+0100] {processor.py:186} INFO - Started process (PID=7135) to work on /Users/mujtabaalimalik/airflow/dags/cron_catchup_backfill_2.py
[2024-10-17T22:02:09.691+0100] {processor.py:914} INFO - Processing file /Users/mujtabaalimalik/airflow/dags/cron_catchup_backfill_2.py for tasks to queue
[2024-10-17T22:02:09.691+0100] {logging_mixin.py:190} INFO - [2024-10-17T22:02:09.691+0100] {dagbag.py:588} INFO - Filling up the DagBag from /Users/mujtabaalimalik/airflow/dags/cron_catchup_backfill_2.py
[2024-10-17T22:02:09.700+0100] {processor.py:925} INFO - DAG(s) 'cron_catchup_backfill_2' retrieved from /Users/mujtabaalimalik/airflow/dags/cron_catchup_backfill_2.py
[2024-10-17T22:02:09.734+0100] {logging_mixin.py:190} INFO - [2024-10-17T22:02:09.734+0100] {dag.py:3239} INFO - Sync 1 DAGs
[2024-10-17T22:02:09.741+0100] {logging_mixin.py:190} INFO - [2024-10-17T22:02:09.741+0100] {dag.py:4180} INFO - Setting next_dagrun for cron_catchup_backfill_2 to 2024-10-12 12:00:00+00:00, run_after=2024-10-19 00:00:00+00:00
[2024-10-17T22:02:09.747+0100] {processor.py:208} INFO - Processing /Users/mujtabaalimalik/airflow/dags/cron_catchup_backfill_2.py took 0.058 seconds
[2024-10-17T22:02:44.247+0100] {processor.py:186} INFO - Started process (PID=7197) to work on /Users/mujtabaalimalik/airflow/dags/cron_catchup_backfill_2.py
[2024-10-17T22:02:44.247+0100] {processor.py:914} INFO - Processing file /Users/mujtabaalimalik/airflow/dags/cron_catchup_backfill_2.py for tasks to queue
[2024-10-17T22:02:44.248+0100] {logging_mixin.py:190} INFO - [2024-10-17T22:02:44.248+0100] {dagbag.py:588} INFO - Filling up the DagBag from /Users/mujtabaalimalik/airflow/dags/cron_catchup_backfill_2.py
[2024-10-17T22:02:44.257+0100] {processor.py:925} INFO - DAG(s) 'cron_catchup_backfill_2' retrieved from /Users/mujtabaalimalik/airflow/dags/cron_catchup_backfill_2.py
[2024-10-17T22:02:44.294+0100] {logging_mixin.py:190} INFO - [2024-10-17T22:02:44.293+0100] {dag.py:3239} INFO - Sync 1 DAGs
[2024-10-17T22:02:44.301+0100] {logging_mixin.py:190} INFO - [2024-10-17T22:02:44.301+0100] {dag.py:4180} INFO - Setting next_dagrun for cron_catchup_backfill_2 to 2024-10-12 12:00:00+00:00, run_after=2024-10-19 00:00:00+00:00
[2024-10-17T22:02:44.307+0100] {processor.py:208} INFO - Processing /Users/mujtabaalimalik/airflow/dags/cron_catchup_backfill_2.py took 0.061 seconds
[2024-10-17T22:03:16.039+0100] {processor.py:186} INFO - Started process (PID=7243) to work on /Users/mujtabaalimalik/airflow/dags/cron_catchup_backfill_2.py
[2024-10-17T22:03:16.040+0100] {processor.py:914} INFO - Processing file /Users/mujtabaalimalik/airflow/dags/cron_catchup_backfill_2.py for tasks to queue
[2024-10-17T22:03:16.040+0100] {logging_mixin.py:190} INFO - [2024-10-17T22:03:16.040+0100] {dagbag.py:588} INFO - Filling up the DagBag from /Users/mujtabaalimalik/airflow/dags/cron_catchup_backfill_2.py
[2024-10-17T22:03:16.049+0100] {processor.py:925} INFO - DAG(s) 'cron_catchup_backfill_2' retrieved from /Users/mujtabaalimalik/airflow/dags/cron_catchup_backfill_2.py
[2024-10-17T22:03:16.084+0100] {logging_mixin.py:190} INFO - [2024-10-17T22:03:16.084+0100] {dag.py:3239} INFO - Sync 1 DAGs
[2024-10-17T22:03:16.090+0100] {logging_mixin.py:190} INFO - [2024-10-17T22:03:16.090+0100] {dag.py:4180} INFO - Setting next_dagrun for cron_catchup_backfill_2 to 2024-10-12 12:00:00+00:00, run_after=2024-10-19 00:00:00+00:00
[2024-10-17T22:03:16.096+0100] {processor.py:208} INFO - Processing /Users/mujtabaalimalik/airflow/dags/cron_catchup_backfill_2.py took 0.057 seconds
[2024-10-17T22:03:51.299+0100] {processor.py:186} INFO - Started process (PID=7288) to work on /Users/mujtabaalimalik/airflow/dags/cron_catchup_backfill_2.py
[2024-10-17T22:03:51.300+0100] {processor.py:914} INFO - Processing file /Users/mujtabaalimalik/airflow/dags/cron_catchup_backfill_2.py for tasks to queue
[2024-10-17T22:03:51.300+0100] {logging_mixin.py:190} INFO - [2024-10-17T22:03:51.300+0100] {dagbag.py:588} INFO - Filling up the DagBag from /Users/mujtabaalimalik/airflow/dags/cron_catchup_backfill_2.py
[2024-10-17T22:03:51.309+0100] {processor.py:925} INFO - DAG(s) 'cron_catchup_backfill_2' retrieved from /Users/mujtabaalimalik/airflow/dags/cron_catchup_backfill_2.py
[2024-10-17T22:03:51.344+0100] {logging_mixin.py:190} INFO - [2024-10-17T22:03:51.343+0100] {dag.py:3239} INFO - Sync 1 DAGs
[2024-10-17T22:03:51.350+0100] {logging_mixin.py:190} INFO - [2024-10-17T22:03:51.350+0100] {dag.py:4180} INFO - Setting next_dagrun for cron_catchup_backfill_2 to 2024-10-12 12:00:00+00:00, run_after=2024-10-19 00:00:00+00:00
[2024-10-17T22:03:51.355+0100] {processor.py:208} INFO - Processing /Users/mujtabaalimalik/airflow/dags/cron_catchup_backfill_2.py took 0.058 seconds
[2024-10-17T22:04:25.618+0100] {processor.py:186} INFO - Started process (PID=7330) to work on /Users/mujtabaalimalik/airflow/dags/cron_catchup_backfill_2.py
[2024-10-17T22:04:25.619+0100] {processor.py:914} INFO - Processing file /Users/mujtabaalimalik/airflow/dags/cron_catchup_backfill_2.py for tasks to queue
[2024-10-17T22:04:25.619+0100] {logging_mixin.py:190} INFO - [2024-10-17T22:04:25.619+0100] {dagbag.py:588} INFO - Filling up the DagBag from /Users/mujtabaalimalik/airflow/dags/cron_catchup_backfill_2.py
[2024-10-17T22:04:25.629+0100] {processor.py:925} INFO - DAG(s) 'cron_catchup_backfill_2' retrieved from /Users/mujtabaalimalik/airflow/dags/cron_catchup_backfill_2.py
[2024-10-17T22:04:25.663+0100] {logging_mixin.py:190} INFO - [2024-10-17T22:04:25.663+0100] {dag.py:3239} INFO - Sync 1 DAGs
[2024-10-17T22:04:25.669+0100] {logging_mixin.py:190} INFO - [2024-10-17T22:04:25.669+0100] {dag.py:4180} INFO - Setting next_dagrun for cron_catchup_backfill_2 to 2024-10-12 12:00:00+00:00, run_after=2024-10-19 00:00:00+00:00
[2024-10-17T22:04:25.675+0100] {processor.py:208} INFO - Processing /Users/mujtabaalimalik/airflow/dags/cron_catchup_backfill_2.py took 0.057 seconds
[2024-10-17T22:05:02.585+0100] {processor.py:186} INFO - Started process (PID=7374) to work on /Users/mujtabaalimalik/airflow/dags/cron_catchup_backfill_2.py
[2024-10-17T22:05:02.586+0100] {processor.py:914} INFO - Processing file /Users/mujtabaalimalik/airflow/dags/cron_catchup_backfill_2.py for tasks to queue
[2024-10-17T22:05:02.586+0100] {logging_mixin.py:190} INFO - [2024-10-17T22:05:02.586+0100] {dagbag.py:588} INFO - Filling up the DagBag from /Users/mujtabaalimalik/airflow/dags/cron_catchup_backfill_2.py
[2024-10-17T22:05:02.596+0100] {processor.py:925} INFO - DAG(s) 'cron_catchup_backfill_2' retrieved from /Users/mujtabaalimalik/airflow/dags/cron_catchup_backfill_2.py
[2024-10-17T22:05:02.636+0100] {logging_mixin.py:190} INFO - [2024-10-17T22:05:02.635+0100] {dag.py:3239} INFO - Sync 1 DAGs
[2024-10-17T22:05:02.643+0100] {logging_mixin.py:190} INFO - [2024-10-17T22:05:02.643+0100] {dag.py:4180} INFO - Setting next_dagrun for cron_catchup_backfill_2 to 2024-10-12 12:00:00+00:00, run_after=2024-10-19 00:00:00+00:00
[2024-10-17T22:05:02.649+0100] {processor.py:208} INFO - Processing /Users/mujtabaalimalik/airflow/dags/cron_catchup_backfill_2.py took 0.065 seconds
[2024-10-17T22:05:34.186+0100] {processor.py:186} INFO - Started process (PID=7413) to work on /Users/mujtabaalimalik/airflow/dags/cron_catchup_backfill_2.py
[2024-10-17T22:05:34.187+0100] {processor.py:914} INFO - Processing file /Users/mujtabaalimalik/airflow/dags/cron_catchup_backfill_2.py for tasks to queue
[2024-10-17T22:05:34.187+0100] {logging_mixin.py:190} INFO - [2024-10-17T22:05:34.187+0100] {dagbag.py:588} INFO - Filling up the DagBag from /Users/mujtabaalimalik/airflow/dags/cron_catchup_backfill_2.py
[2024-10-17T22:05:34.196+0100] {processor.py:925} INFO - DAG(s) 'cron_catchup_backfill_2' retrieved from /Users/mujtabaalimalik/airflow/dags/cron_catchup_backfill_2.py
[2024-10-17T22:05:34.230+0100] {logging_mixin.py:190} INFO - [2024-10-17T22:05:34.230+0100] {dag.py:3239} INFO - Sync 1 DAGs
[2024-10-17T22:05:34.236+0100] {logging_mixin.py:190} INFO - [2024-10-17T22:05:34.236+0100] {dag.py:4180} INFO - Setting next_dagrun for cron_catchup_backfill_2 to 2024-10-12 12:00:00+00:00, run_after=2024-10-19 00:00:00+00:00
[2024-10-17T22:05:34.241+0100] {processor.py:208} INFO - Processing /Users/mujtabaalimalik/airflow/dags/cron_catchup_backfill_2.py took 0.056 seconds
[2024-10-17T22:06:10.960+0100] {processor.py:186} INFO - Started process (PID=7459) to work on /Users/mujtabaalimalik/airflow/dags/cron_catchup_backfill_2.py
[2024-10-17T22:06:10.960+0100] {processor.py:914} INFO - Processing file /Users/mujtabaalimalik/airflow/dags/cron_catchup_backfill_2.py for tasks to queue
[2024-10-17T22:06:10.960+0100] {logging_mixin.py:190} INFO - [2024-10-17T22:06:10.960+0100] {dagbag.py:588} INFO - Filling up the DagBag from /Users/mujtabaalimalik/airflow/dags/cron_catchup_backfill_2.py
[2024-10-17T22:06:10.969+0100] {processor.py:925} INFO - DAG(s) 'cron_catchup_backfill_2' retrieved from /Users/mujtabaalimalik/airflow/dags/cron_catchup_backfill_2.py
[2024-10-17T22:06:11.003+0100] {logging_mixin.py:190} INFO - [2024-10-17T22:06:11.003+0100] {dag.py:3239} INFO - Sync 1 DAGs
[2024-10-17T22:06:11.009+0100] {logging_mixin.py:190} INFO - [2024-10-17T22:06:11.009+0100] {dag.py:4180} INFO - Setting next_dagrun for cron_catchup_backfill_2 to 2024-10-12 12:00:00+00:00, run_after=2024-10-19 00:00:00+00:00
[2024-10-17T22:06:11.014+0100] {processor.py:208} INFO - Processing /Users/mujtabaalimalik/airflow/dags/cron_catchup_backfill_2.py took 0.056 seconds
[2024-10-17T22:07:06.789+0100] {processor.py:186} INFO - Started process (PID=7513) to work on /Users/mujtabaalimalik/airflow/dags/cron_catchup_backfill_2.py
[2024-10-17T22:07:06.790+0100] {processor.py:914} INFO - Processing file /Users/mujtabaalimalik/airflow/dags/cron_catchup_backfill_2.py for tasks to queue
[2024-10-17T22:07:06.790+0100] {logging_mixin.py:190} INFO - [2024-10-17T22:07:06.790+0100] {dagbag.py:588} INFO - Filling up the DagBag from /Users/mujtabaalimalik/airflow/dags/cron_catchup_backfill_2.py
[2024-10-17T22:07:06.799+0100] {processor.py:925} INFO - DAG(s) 'cron_catchup_backfill_2' retrieved from /Users/mujtabaalimalik/airflow/dags/cron_catchup_backfill_2.py
[2024-10-17T22:07:06.834+0100] {logging_mixin.py:190} INFO - [2024-10-17T22:07:06.833+0100] {dag.py:3239} INFO - Sync 1 DAGs
[2024-10-17T22:07:06.840+0100] {logging_mixin.py:190} INFO - [2024-10-17T22:07:06.840+0100] {dag.py:4180} INFO - Setting next_dagrun for cron_catchup_backfill_2 to 2024-10-12 12:00:00+00:00, run_after=2024-10-19 00:00:00+00:00
[2024-10-17T22:07:06.846+0100] {processor.py:208} INFO - Processing /Users/mujtabaalimalik/airflow/dags/cron_catchup_backfill_2.py took 0.057 seconds
[2024-10-17T22:07:39.943+0100] {processor.py:186} INFO - Started process (PID=7556) to work on /Users/mujtabaalimalik/airflow/dags/cron_catchup_backfill_2.py
[2024-10-17T22:07:39.944+0100] {processor.py:914} INFO - Processing file /Users/mujtabaalimalik/airflow/dags/cron_catchup_backfill_2.py for tasks to queue
[2024-10-17T22:07:39.944+0100] {logging_mixin.py:190} INFO - [2024-10-17T22:07:39.944+0100] {dagbag.py:588} INFO - Filling up the DagBag from /Users/mujtabaalimalik/airflow/dags/cron_catchup_backfill_2.py
[2024-10-17T22:07:39.953+0100] {processor.py:925} INFO - DAG(s) 'cron_catchup_backfill_2' retrieved from /Users/mujtabaalimalik/airflow/dags/cron_catchup_backfill_2.py
[2024-10-17T22:07:39.986+0100] {logging_mixin.py:190} INFO - [2024-10-17T22:07:39.986+0100] {dag.py:3239} INFO - Sync 1 DAGs
[2024-10-17T22:07:39.992+0100] {logging_mixin.py:190} INFO - [2024-10-17T22:07:39.992+0100] {dag.py:4180} INFO - Setting next_dagrun for cron_catchup_backfill_2 to 2024-10-12 12:00:00+00:00, run_after=2024-10-19 00:00:00+00:00
[2024-10-17T22:07:39.997+0100] {processor.py:208} INFO - Processing /Users/mujtabaalimalik/airflow/dags/cron_catchup_backfill_2.py took 0.055 seconds
[2024-10-17T22:08:15.778+0100] {processor.py:186} INFO - Started process (PID=7597) to work on /Users/mujtabaalimalik/airflow/dags/cron_catchup_backfill_2.py
[2024-10-17T22:08:15.778+0100] {processor.py:914} INFO - Processing file /Users/mujtabaalimalik/airflow/dags/cron_catchup_backfill_2.py for tasks to queue
[2024-10-17T22:08:15.778+0100] {logging_mixin.py:190} INFO - [2024-10-17T22:08:15.778+0100] {dagbag.py:588} INFO - Filling up the DagBag from /Users/mujtabaalimalik/airflow/dags/cron_catchup_backfill_2.py
[2024-10-17T22:08:15.787+0100] {processor.py:925} INFO - DAG(s) 'cron_catchup_backfill_2' retrieved from /Users/mujtabaalimalik/airflow/dags/cron_catchup_backfill_2.py
[2024-10-17T22:08:15.819+0100] {logging_mixin.py:190} INFO - [2024-10-17T22:08:15.819+0100] {dag.py:3239} INFO - Sync 1 DAGs
[2024-10-17T22:08:15.825+0100] {logging_mixin.py:190} INFO - [2024-10-17T22:08:15.825+0100] {dag.py:4180} INFO - Setting next_dagrun for cron_catchup_backfill_2 to 2024-10-12 12:00:00+00:00, run_after=2024-10-19 00:00:00+00:00
[2024-10-17T22:08:15.831+0100] {processor.py:208} INFO - Processing /Users/mujtabaalimalik/airflow/dags/cron_catchup_backfill_2.py took 0.054 seconds
[2024-10-17T22:11:22.418+0100] {processor.py:186} INFO - Started process (PID=7637) to work on /Users/mujtabaalimalik/airflow/dags/cron_catchup_backfill_2.py
[2024-10-17T22:11:22.419+0100] {processor.py:914} INFO - Processing file /Users/mujtabaalimalik/airflow/dags/cron_catchup_backfill_2.py for tasks to queue
[2024-10-17T22:11:22.419+0100] {logging_mixin.py:190} INFO - [2024-10-17T22:11:22.419+0100] {dagbag.py:588} INFO - Filling up the DagBag from /Users/mujtabaalimalik/airflow/dags/cron_catchup_backfill_2.py
[2024-10-17T22:11:22.427+0100] {processor.py:925} INFO - DAG(s) 'cron_catchup_backfill_2' retrieved from /Users/mujtabaalimalik/airflow/dags/cron_catchup_backfill_2.py
[2024-10-17T22:11:22.459+0100] {logging_mixin.py:190} INFO - [2024-10-17T22:11:22.459+0100] {dag.py:3239} INFO - Sync 1 DAGs
[2024-10-17T22:11:22.465+0100] {logging_mixin.py:190} INFO - [2024-10-17T22:11:22.465+0100] {dag.py:4180} INFO - Setting next_dagrun for cron_catchup_backfill_2 to 2024-10-12 12:00:00+00:00, run_after=2024-10-19 00:00:00+00:00
[2024-10-17T22:11:22.471+0100] {processor.py:208} INFO - Processing /Users/mujtabaalimalik/airflow/dags/cron_catchup_backfill_2.py took 0.053 seconds
[2024-10-17T22:11:54.448+0100] {processor.py:186} INFO - Started process (PID=7680) to work on /Users/mujtabaalimalik/airflow/dags/cron_catchup_backfill_2.py
[2024-10-17T22:11:54.448+0100] {processor.py:914} INFO - Processing file /Users/mujtabaalimalik/airflow/dags/cron_catchup_backfill_2.py for tasks to queue
[2024-10-17T22:11:54.449+0100] {logging_mixin.py:190} INFO - [2024-10-17T22:11:54.449+0100] {dagbag.py:588} INFO - Filling up the DagBag from /Users/mujtabaalimalik/airflow/dags/cron_catchup_backfill_2.py
[2024-10-17T22:11:54.457+0100] {processor.py:925} INFO - DAG(s) 'cron_catchup_backfill_2' retrieved from /Users/mujtabaalimalik/airflow/dags/cron_catchup_backfill_2.py
[2024-10-17T22:11:54.489+0100] {logging_mixin.py:190} INFO - [2024-10-17T22:11:54.489+0100] {dag.py:3239} INFO - Sync 1 DAGs
[2024-10-17T22:11:54.495+0100] {logging_mixin.py:190} INFO - [2024-10-17T22:11:54.495+0100] {dag.py:4180} INFO - Setting next_dagrun for cron_catchup_backfill_2 to 2024-10-12 12:00:00+00:00, run_after=2024-10-19 00:00:00+00:00
[2024-10-17T22:11:54.500+0100] {processor.py:208} INFO - Processing /Users/mujtabaalimalik/airflow/dags/cron_catchup_backfill_2.py took 0.053 seconds
[2024-10-17T22:12:30.366+0100] {processor.py:186} INFO - Started process (PID=7722) to work on /Users/mujtabaalimalik/airflow/dags/cron_catchup_backfill_2.py
[2024-10-17T22:12:30.366+0100] {processor.py:914} INFO - Processing file /Users/mujtabaalimalik/airflow/dags/cron_catchup_backfill_2.py for tasks to queue
[2024-10-17T22:12:30.366+0100] {logging_mixin.py:190} INFO - [2024-10-17T22:12:30.366+0100] {dagbag.py:588} INFO - Filling up the DagBag from /Users/mujtabaalimalik/airflow/dags/cron_catchup_backfill_2.py
[2024-10-17T22:12:30.375+0100] {processor.py:925} INFO - DAG(s) 'cron_catchup_backfill_2' retrieved from /Users/mujtabaalimalik/airflow/dags/cron_catchup_backfill_2.py
[2024-10-17T22:12:30.407+0100] {logging_mixin.py:190} INFO - [2024-10-17T22:12:30.407+0100] {dag.py:3239} INFO - Sync 1 DAGs
[2024-10-17T22:12:30.413+0100] {logging_mixin.py:190} INFO - [2024-10-17T22:12:30.413+0100] {dag.py:4180} INFO - Setting next_dagrun for cron_catchup_backfill_2 to 2024-10-12 12:00:00+00:00, run_after=2024-10-19 00:00:00+00:00
[2024-10-17T22:12:30.418+0100] {processor.py:208} INFO - Processing /Users/mujtabaalimalik/airflow/dags/cron_catchup_backfill_2.py took 0.054 seconds
[2024-10-17T22:13:17.208+0100] {processor.py:186} INFO - Started process (PID=7758) to work on /Users/mujtabaalimalik/airflow/dags/cron_catchup_backfill_2.py
[2024-10-17T22:13:17.208+0100] {processor.py:914} INFO - Processing file /Users/mujtabaalimalik/airflow/dags/cron_catchup_backfill_2.py for tasks to queue
[2024-10-17T22:13:17.208+0100] {logging_mixin.py:190} INFO - [2024-10-17T22:13:17.208+0100] {dagbag.py:588} INFO - Filling up the DagBag from /Users/mujtabaalimalik/airflow/dags/cron_catchup_backfill_2.py
[2024-10-17T22:13:17.217+0100] {processor.py:925} INFO - DAG(s) 'cron_catchup_backfill_2' retrieved from /Users/mujtabaalimalik/airflow/dags/cron_catchup_backfill_2.py
[2024-10-17T22:13:17.250+0100] {logging_mixin.py:190} INFO - [2024-10-17T22:13:17.250+0100] {dag.py:3239} INFO - Sync 1 DAGs
[2024-10-17T22:13:17.256+0100] {logging_mixin.py:190} INFO - [2024-10-17T22:13:17.256+0100] {dag.py:4180} INFO - Setting next_dagrun for cron_catchup_backfill_2 to 2024-10-12 12:00:00+00:00, run_after=2024-10-19 00:00:00+00:00
[2024-10-17T22:13:17.261+0100] {processor.py:208} INFO - Processing /Users/mujtabaalimalik/airflow/dags/cron_catchup_backfill_2.py took 0.055 seconds
[2024-10-17T22:13:53.281+0100] {processor.py:186} INFO - Started process (PID=7800) to work on /Users/mujtabaalimalik/airflow/dags/cron_catchup_backfill_2.py
[2024-10-17T22:13:53.281+0100] {processor.py:914} INFO - Processing file /Users/mujtabaalimalik/airflow/dags/cron_catchup_backfill_2.py for tasks to queue
[2024-10-17T22:13:53.281+0100] {logging_mixin.py:190} INFO - [2024-10-17T22:13:53.281+0100] {dagbag.py:588} INFO - Filling up the DagBag from /Users/mujtabaalimalik/airflow/dags/cron_catchup_backfill_2.py
[2024-10-17T22:13:53.290+0100] {processor.py:925} INFO - DAG(s) 'cron_catchup_backfill_2' retrieved from /Users/mujtabaalimalik/airflow/dags/cron_catchup_backfill_2.py
[2024-10-17T22:13:53.322+0100] {logging_mixin.py:190} INFO - [2024-10-17T22:13:53.322+0100] {dag.py:3239} INFO - Sync 1 DAGs
[2024-10-17T22:13:53.328+0100] {logging_mixin.py:190} INFO - [2024-10-17T22:13:53.328+0100] {dag.py:4180} INFO - Setting next_dagrun for cron_catchup_backfill_2 to 2024-10-12 12:00:00+00:00, run_after=2024-10-19 00:00:00+00:00
[2024-10-17T22:13:53.334+0100] {processor.py:208} INFO - Processing /Users/mujtabaalimalik/airflow/dags/cron_catchup_backfill_2.py took 0.054 seconds
[2024-10-17T22:14:32.712+0100] {processor.py:186} INFO - Started process (PID=7855) to work on /Users/mujtabaalimalik/airflow/dags/cron_catchup_backfill_2.py
[2024-10-17T22:14:32.713+0100] {processor.py:914} INFO - Processing file /Users/mujtabaalimalik/airflow/dags/cron_catchup_backfill_2.py for tasks to queue
[2024-10-17T22:14:32.713+0100] {logging_mixin.py:190} INFO - [2024-10-17T22:14:32.713+0100] {dagbag.py:588} INFO - Filling up the DagBag from /Users/mujtabaalimalik/airflow/dags/cron_catchup_backfill_2.py
[2024-10-17T22:14:32.722+0100] {processor.py:925} INFO - DAG(s) 'cron_catchup_backfill_2' retrieved from /Users/mujtabaalimalik/airflow/dags/cron_catchup_backfill_2.py
[2024-10-17T22:14:32.754+0100] {logging_mixin.py:190} INFO - [2024-10-17T22:14:32.754+0100] {dag.py:3239} INFO - Sync 1 DAGs
[2024-10-17T22:14:32.760+0100] {logging_mixin.py:190} INFO - [2024-10-17T22:14:32.760+0100] {dag.py:4180} INFO - Setting next_dagrun for cron_catchup_backfill_2 to 2024-10-12 12:00:00+00:00, run_after=2024-10-19 00:00:00+00:00
[2024-10-17T22:14:32.765+0100] {processor.py:208} INFO - Processing /Users/mujtabaalimalik/airflow/dags/cron_catchup_backfill_2.py took 0.054 seconds
[2024-10-17T22:15:06.238+0100] {processor.py:186} INFO - Started process (PID=7895) to work on /Users/mujtabaalimalik/airflow/dags/cron_catchup_backfill_2.py
[2024-10-17T22:15:06.238+0100] {processor.py:914} INFO - Processing file /Users/mujtabaalimalik/airflow/dags/cron_catchup_backfill_2.py for tasks to queue
[2024-10-17T22:15:06.238+0100] {logging_mixin.py:190} INFO - [2024-10-17T22:15:06.238+0100] {dagbag.py:588} INFO - Filling up the DagBag from /Users/mujtabaalimalik/airflow/dags/cron_catchup_backfill_2.py
[2024-10-17T22:15:06.247+0100] {processor.py:925} INFO - DAG(s) 'cron_catchup_backfill_2' retrieved from /Users/mujtabaalimalik/airflow/dags/cron_catchup_backfill_2.py
[2024-10-17T22:15:06.281+0100] {logging_mixin.py:190} INFO - [2024-10-17T22:15:06.281+0100] {dag.py:3239} INFO - Sync 1 DAGs
[2024-10-17T22:15:06.288+0100] {logging_mixin.py:190} INFO - [2024-10-17T22:15:06.287+0100] {dag.py:4180} INFO - Setting next_dagrun for cron_catchup_backfill_2 to 2024-10-12 12:00:00+00:00, run_after=2024-10-19 00:00:00+00:00
[2024-10-17T22:15:06.293+0100] {processor.py:208} INFO - Processing /Users/mujtabaalimalik/airflow/dags/cron_catchup_backfill_2.py took 0.057 seconds
[2024-10-17T22:15:41.630+0100] {processor.py:186} INFO - Started process (PID=7940) to work on /Users/mujtabaalimalik/airflow/dags/cron_catchup_backfill_2.py
[2024-10-17T22:15:41.631+0100] {processor.py:914} INFO - Processing file /Users/mujtabaalimalik/airflow/dags/cron_catchup_backfill_2.py for tasks to queue
[2024-10-17T22:15:41.631+0100] {logging_mixin.py:190} INFO - [2024-10-17T22:15:41.631+0100] {dagbag.py:588} INFO - Filling up the DagBag from /Users/mujtabaalimalik/airflow/dags/cron_catchup_backfill_2.py
[2024-10-17T22:15:41.640+0100] {processor.py:925} INFO - DAG(s) 'cron_catchup_backfill_2' retrieved from /Users/mujtabaalimalik/airflow/dags/cron_catchup_backfill_2.py
[2024-10-17T22:15:41.674+0100] {logging_mixin.py:190} INFO - [2024-10-17T22:15:41.674+0100] {dag.py:3239} INFO - Sync 1 DAGs
[2024-10-17T22:15:41.680+0100] {logging_mixin.py:190} INFO - [2024-10-17T22:15:41.680+0100] {dag.py:4180} INFO - Setting next_dagrun for cron_catchup_backfill_2 to 2024-10-12 12:00:00+00:00, run_after=2024-10-19 00:00:00+00:00
[2024-10-17T22:15:41.685+0100] {processor.py:208} INFO - Processing /Users/mujtabaalimalik/airflow/dags/cron_catchup_backfill_2.py took 0.056 seconds
[2024-10-17T22:16:13.100+0100] {processor.py:186} INFO - Started process (PID=7978) to work on /Users/mujtabaalimalik/airflow/dags/cron_catchup_backfill_2.py
[2024-10-17T22:16:13.100+0100] {processor.py:914} INFO - Processing file /Users/mujtabaalimalik/airflow/dags/cron_catchup_backfill_2.py for tasks to queue
[2024-10-17T22:16:13.101+0100] {logging_mixin.py:190} INFO - [2024-10-17T22:16:13.101+0100] {dagbag.py:588} INFO - Filling up the DagBag from /Users/mujtabaalimalik/airflow/dags/cron_catchup_backfill_2.py
[2024-10-17T22:16:13.110+0100] {processor.py:925} INFO - DAG(s) 'cron_catchup_backfill_2' retrieved from /Users/mujtabaalimalik/airflow/dags/cron_catchup_backfill_2.py
[2024-10-17T22:16:13.144+0100] {logging_mixin.py:190} INFO - [2024-10-17T22:16:13.144+0100] {dag.py:3239} INFO - Sync 1 DAGs
[2024-10-17T22:16:13.151+0100] {logging_mixin.py:190} INFO - [2024-10-17T22:16:13.151+0100] {dag.py:4180} INFO - Setting next_dagrun for cron_catchup_backfill_2 to 2024-10-12 12:00:00+00:00, run_after=2024-10-19 00:00:00+00:00
[2024-10-17T22:16:13.156+0100] {processor.py:208} INFO - Processing /Users/mujtabaalimalik/airflow/dags/cron_catchup_backfill_2.py took 0.057 seconds
[2024-10-17T22:16:49.267+0100] {processor.py:186} INFO - Started process (PID=8024) to work on /Users/mujtabaalimalik/airflow/dags/cron_catchup_backfill_2.py
[2024-10-17T22:16:49.269+0100] {processor.py:914} INFO - Processing file /Users/mujtabaalimalik/airflow/dags/cron_catchup_backfill_2.py for tasks to queue
[2024-10-17T22:16:49.269+0100] {logging_mixin.py:190} INFO - [2024-10-17T22:16:49.269+0100] {dagbag.py:588} INFO - Filling up the DagBag from /Users/mujtabaalimalik/airflow/dags/cron_catchup_backfill_2.py
[2024-10-17T22:16:49.279+0100] {processor.py:925} INFO - DAG(s) 'cron_catchup_backfill_2' retrieved from /Users/mujtabaalimalik/airflow/dags/cron_catchup_backfill_2.py
[2024-10-17T22:16:49.313+0100] {logging_mixin.py:190} INFO - [2024-10-17T22:16:49.313+0100] {dag.py:3239} INFO - Sync 1 DAGs
[2024-10-17T22:16:49.320+0100] {logging_mixin.py:190} INFO - [2024-10-17T22:16:49.320+0100] {dag.py:4180} INFO - Setting next_dagrun for cron_catchup_backfill_2 to 2024-10-12 12:00:00+00:00, run_after=2024-10-19 00:00:00+00:00
[2024-10-17T22:16:49.325+0100] {processor.py:208} INFO - Processing /Users/mujtabaalimalik/airflow/dags/cron_catchup_backfill_2.py took 0.059 seconds
[2024-10-17T22:17:25.197+0100] {processor.py:186} INFO - Started process (PID=8067) to work on /Users/mujtabaalimalik/airflow/dags/cron_catchup_backfill_2.py
[2024-10-17T22:17:25.197+0100] {processor.py:914} INFO - Processing file /Users/mujtabaalimalik/airflow/dags/cron_catchup_backfill_2.py for tasks to queue
[2024-10-17T22:17:25.198+0100] {logging_mixin.py:190} INFO - [2024-10-17T22:17:25.198+0100] {dagbag.py:588} INFO - Filling up the DagBag from /Users/mujtabaalimalik/airflow/dags/cron_catchup_backfill_2.py
[2024-10-17T22:17:25.206+0100] {processor.py:925} INFO - DAG(s) 'cron_catchup_backfill_2' retrieved from /Users/mujtabaalimalik/airflow/dags/cron_catchup_backfill_2.py
[2024-10-17T22:17:25.240+0100] {logging_mixin.py:190} INFO - [2024-10-17T22:17:25.240+0100] {dag.py:3239} INFO - Sync 1 DAGs
[2024-10-17T22:17:25.246+0100] {logging_mixin.py:190} INFO - [2024-10-17T22:17:25.246+0100] {dag.py:4180} INFO - Setting next_dagrun for cron_catchup_backfill_2 to 2024-10-12 12:00:00+00:00, run_after=2024-10-19 00:00:00+00:00
[2024-10-17T22:17:25.252+0100] {processor.py:208} INFO - Processing /Users/mujtabaalimalik/airflow/dags/cron_catchup_backfill_2.py took 0.056 seconds
[2024-10-17T22:17:57.154+0100] {processor.py:186} INFO - Started process (PID=8105) to work on /Users/mujtabaalimalik/airflow/dags/cron_catchup_backfill_2.py
[2024-10-17T22:17:57.155+0100] {processor.py:914} INFO - Processing file /Users/mujtabaalimalik/airflow/dags/cron_catchup_backfill_2.py for tasks to queue
[2024-10-17T22:17:57.155+0100] {logging_mixin.py:190} INFO - [2024-10-17T22:17:57.155+0100] {dagbag.py:588} INFO - Filling up the DagBag from /Users/mujtabaalimalik/airflow/dags/cron_catchup_backfill_2.py
[2024-10-17T22:17:57.164+0100] {processor.py:925} INFO - DAG(s) 'cron_catchup_backfill_2' retrieved from /Users/mujtabaalimalik/airflow/dags/cron_catchup_backfill_2.py
[2024-10-17T22:17:57.197+0100] {logging_mixin.py:190} INFO - [2024-10-17T22:17:57.196+0100] {dag.py:3239} INFO - Sync 1 DAGs
[2024-10-17T22:17:57.203+0100] {logging_mixin.py:190} INFO - [2024-10-17T22:17:57.203+0100] {dag.py:4180} INFO - Setting next_dagrun for cron_catchup_backfill_2 to 2024-10-12 12:00:00+00:00, run_after=2024-10-19 00:00:00+00:00
[2024-10-17T22:17:57.208+0100] {processor.py:208} INFO - Processing /Users/mujtabaalimalik/airflow/dags/cron_catchup_backfill_2.py took 0.055 seconds
[2024-10-17T22:18:32.434+0100] {processor.py:186} INFO - Started process (PID=8146) to work on /Users/mujtabaalimalik/airflow/dags/cron_catchup_backfill_2.py
[2024-10-17T22:18:32.435+0100] {processor.py:914} INFO - Processing file /Users/mujtabaalimalik/airflow/dags/cron_catchup_backfill_2.py for tasks to queue
[2024-10-17T22:18:32.436+0100] {logging_mixin.py:190} INFO - [2024-10-17T22:18:32.436+0100] {dagbag.py:588} INFO - Filling up the DagBag from /Users/mujtabaalimalik/airflow/dags/cron_catchup_backfill_2.py
[2024-10-17T22:18:32.445+0100] {processor.py:925} INFO - DAG(s) 'cron_catchup_backfill_2' retrieved from /Users/mujtabaalimalik/airflow/dags/cron_catchup_backfill_2.py
[2024-10-17T22:18:32.478+0100] {logging_mixin.py:190} INFO - [2024-10-17T22:18:32.478+0100] {dag.py:3239} INFO - Sync 1 DAGs
[2024-10-17T22:18:32.484+0100] {logging_mixin.py:190} INFO - [2024-10-17T22:18:32.484+0100] {dag.py:4180} INFO - Setting next_dagrun for cron_catchup_backfill_2 to 2024-10-12 12:00:00+00:00, run_after=2024-10-19 00:00:00+00:00
[2024-10-17T22:18:32.489+0100] {processor.py:208} INFO - Processing /Users/mujtabaalimalik/airflow/dags/cron_catchup_backfill_2.py took 0.056 seconds
[2024-10-17T22:19:04.790+0100] {processor.py:186} INFO - Started process (PID=8184) to work on /Users/mujtabaalimalik/airflow/dags/cron_catchup_backfill_2.py
[2024-10-17T22:19:04.790+0100] {processor.py:914} INFO - Processing file /Users/mujtabaalimalik/airflow/dags/cron_catchup_backfill_2.py for tasks to queue
[2024-10-17T22:19:04.790+0100] {logging_mixin.py:190} INFO - [2024-10-17T22:19:04.790+0100] {dagbag.py:588} INFO - Filling up the DagBag from /Users/mujtabaalimalik/airflow/dags/cron_catchup_backfill_2.py
[2024-10-17T22:19:04.799+0100] {processor.py:925} INFO - DAG(s) 'cron_catchup_backfill_2' retrieved from /Users/mujtabaalimalik/airflow/dags/cron_catchup_backfill_2.py
[2024-10-17T22:19:04.831+0100] {logging_mixin.py:190} INFO - [2024-10-17T22:19:04.831+0100] {dag.py:3239} INFO - Sync 1 DAGs
[2024-10-17T22:19:04.838+0100] {logging_mixin.py:190} INFO - [2024-10-17T22:19:04.837+0100] {dag.py:4180} INFO - Setting next_dagrun for cron_catchup_backfill_2 to 2024-10-12 12:00:00+00:00, run_after=2024-10-19 00:00:00+00:00
[2024-10-17T22:19:04.843+0100] {processor.py:208} INFO - Processing /Users/mujtabaalimalik/airflow/dags/cron_catchup_backfill_2.py took 0.054 seconds
[2024-10-17T22:19:38.057+0100] {processor.py:186} INFO - Started process (PID=8223) to work on /Users/mujtabaalimalik/airflow/dags/cron_catchup_backfill_2.py
[2024-10-17T22:19:38.057+0100] {processor.py:914} INFO - Processing file /Users/mujtabaalimalik/airflow/dags/cron_catchup_backfill_2.py for tasks to queue
[2024-10-17T22:19:38.057+0100] {logging_mixin.py:190} INFO - [2024-10-17T22:19:38.057+0100] {dagbag.py:588} INFO - Filling up the DagBag from /Users/mujtabaalimalik/airflow/dags/cron_catchup_backfill_2.py
[2024-10-17T22:19:38.066+0100] {processor.py:925} INFO - DAG(s) 'cron_catchup_backfill_2' retrieved from /Users/mujtabaalimalik/airflow/dags/cron_catchup_backfill_2.py
[2024-10-17T22:19:38.100+0100] {logging_mixin.py:190} INFO - [2024-10-17T22:19:38.100+0100] {dag.py:3239} INFO - Sync 1 DAGs
[2024-10-17T22:19:38.107+0100] {logging_mixin.py:190} INFO - [2024-10-17T22:19:38.107+0100] {dag.py:4180} INFO - Setting next_dagrun for cron_catchup_backfill_2 to 2024-10-12 12:00:00+00:00, run_after=2024-10-19 00:00:00+00:00
[2024-10-17T22:19:38.112+0100] {processor.py:208} INFO - Processing /Users/mujtabaalimalik/airflow/dags/cron_catchup_backfill_2.py took 0.057 seconds
[2024-10-17T22:20:11.193+0100] {processor.py:186} INFO - Started process (PID=8266) to work on /Users/mujtabaalimalik/airflow/dags/cron_catchup_backfill_2.py
[2024-10-17T22:20:11.193+0100] {processor.py:914} INFO - Processing file /Users/mujtabaalimalik/airflow/dags/cron_catchup_backfill_2.py for tasks to queue
[2024-10-17T22:20:11.194+0100] {logging_mixin.py:190} INFO - [2024-10-17T22:20:11.194+0100] {dagbag.py:588} INFO - Filling up the DagBag from /Users/mujtabaalimalik/airflow/dags/cron_catchup_backfill_2.py
[2024-10-17T22:20:11.202+0100] {processor.py:925} INFO - DAG(s) 'cron_catchup_backfill_2' retrieved from /Users/mujtabaalimalik/airflow/dags/cron_catchup_backfill_2.py
[2024-10-17T22:20:11.236+0100] {logging_mixin.py:190} INFO - [2024-10-17T22:20:11.236+0100] {dag.py:3239} INFO - Sync 1 DAGs
[2024-10-17T22:20:11.242+0100] {logging_mixin.py:190} INFO - [2024-10-17T22:20:11.242+0100] {dag.py:4180} INFO - Setting next_dagrun for cron_catchup_backfill_2 to 2024-10-12 12:00:00+00:00, run_after=2024-10-19 00:00:00+00:00
[2024-10-17T22:20:11.247+0100] {processor.py:208} INFO - Processing /Users/mujtabaalimalik/airflow/dags/cron_catchup_backfill_2.py took 0.055 seconds
[2024-10-17T22:20:43.931+0100] {processor.py:186} INFO - Started process (PID=8305) to work on /Users/mujtabaalimalik/airflow/dags/cron_catchup_backfill_2.py
[2024-10-17T22:20:43.931+0100] {processor.py:914} INFO - Processing file /Users/mujtabaalimalik/airflow/dags/cron_catchup_backfill_2.py for tasks to queue
[2024-10-17T22:20:43.931+0100] {logging_mixin.py:190} INFO - [2024-10-17T22:20:43.931+0100] {dagbag.py:588} INFO - Filling up the DagBag from /Users/mujtabaalimalik/airflow/dags/cron_catchup_backfill_2.py
[2024-10-17T22:20:43.940+0100] {processor.py:925} INFO - DAG(s) 'cron_catchup_backfill_2' retrieved from /Users/mujtabaalimalik/airflow/dags/cron_catchup_backfill_2.py
[2024-10-17T22:20:43.973+0100] {logging_mixin.py:190} INFO - [2024-10-17T22:20:43.973+0100] {dag.py:3239} INFO - Sync 1 DAGs
[2024-10-17T22:20:43.979+0100] {logging_mixin.py:190} INFO - [2024-10-17T22:20:43.979+0100] {dag.py:4180} INFO - Setting next_dagrun for cron_catchup_backfill_2 to 2024-10-12 12:00:00+00:00, run_after=2024-10-19 00:00:00+00:00
[2024-10-17T22:20:43.985+0100] {processor.py:208} INFO - Processing /Users/mujtabaalimalik/airflow/dags/cron_catchup_backfill_2.py took 0.055 seconds
[2024-10-17T22:21:19.271+0100] {processor.py:186} INFO - Started process (PID=8366) to work on /Users/mujtabaalimalik/airflow/dags/cron_catchup_backfill_2.py
[2024-10-17T22:21:19.272+0100] {processor.py:914} INFO - Processing file /Users/mujtabaalimalik/airflow/dags/cron_catchup_backfill_2.py for tasks to queue
[2024-10-17T22:21:19.272+0100] {logging_mixin.py:190} INFO - [2024-10-17T22:21:19.272+0100] {dagbag.py:588} INFO - Filling up the DagBag from /Users/mujtabaalimalik/airflow/dags/cron_catchup_backfill_2.py
[2024-10-17T22:21:19.282+0100] {processor.py:925} INFO - DAG(s) 'cron_catchup_backfill_2' retrieved from /Users/mujtabaalimalik/airflow/dags/cron_catchup_backfill_2.py
[2024-10-17T22:21:19.317+0100] {logging_mixin.py:190} INFO - [2024-10-17T22:21:19.317+0100] {dag.py:3239} INFO - Sync 1 DAGs
[2024-10-17T22:21:19.324+0100] {logging_mixin.py:190} INFO - [2024-10-17T22:21:19.324+0100] {dag.py:4180} INFO - Setting next_dagrun for cron_catchup_backfill_2 to 2024-10-12 12:00:00+00:00, run_after=2024-10-19 00:00:00+00:00
[2024-10-17T22:21:19.330+0100] {processor.py:208} INFO - Processing /Users/mujtabaalimalik/airflow/dags/cron_catchup_backfill_2.py took 0.060 seconds
[2024-10-17T22:21:54.019+0100] {processor.py:186} INFO - Started process (PID=8412) to work on /Users/mujtabaalimalik/airflow/dags/cron_catchup_backfill_2.py
[2024-10-17T22:21:54.020+0100] {processor.py:914} INFO - Processing file /Users/mujtabaalimalik/airflow/dags/cron_catchup_backfill_2.py for tasks to queue
[2024-10-17T22:21:54.020+0100] {logging_mixin.py:190} INFO - [2024-10-17T22:21:54.020+0100] {dagbag.py:588} INFO - Filling up the DagBag from /Users/mujtabaalimalik/airflow/dags/cron_catchup_backfill_2.py
[2024-10-17T22:21:54.029+0100] {processor.py:925} INFO - DAG(s) 'cron_catchup_backfill_2' retrieved from /Users/mujtabaalimalik/airflow/dags/cron_catchup_backfill_2.py
[2024-10-17T22:21:54.061+0100] {logging_mixin.py:190} INFO - [2024-10-17T22:21:54.061+0100] {dag.py:3239} INFO - Sync 1 DAGs
[2024-10-17T22:21:54.067+0100] {logging_mixin.py:190} INFO - [2024-10-17T22:21:54.067+0100] {dag.py:4180} INFO - Setting next_dagrun for cron_catchup_backfill_2 to 2024-10-12 12:00:00+00:00, run_after=2024-10-19 00:00:00+00:00
[2024-10-17T22:21:54.073+0100] {processor.py:208} INFO - Processing /Users/mujtabaalimalik/airflow/dags/cron_catchup_backfill_2.py took 0.054 seconds
[2024-10-17T22:22:25.295+0100] {processor.py:186} INFO - Started process (PID=8451) to work on /Users/mujtabaalimalik/airflow/dags/cron_catchup_backfill_2.py
[2024-10-17T22:22:25.296+0100] {processor.py:914} INFO - Processing file /Users/mujtabaalimalik/airflow/dags/cron_catchup_backfill_2.py for tasks to queue
[2024-10-17T22:22:25.297+0100] {logging_mixin.py:190} INFO - [2024-10-17T22:22:25.297+0100] {dagbag.py:588} INFO - Filling up the DagBag from /Users/mujtabaalimalik/airflow/dags/cron_catchup_backfill_2.py
[2024-10-17T22:22:25.306+0100] {processor.py:925} INFO - DAG(s) 'cron_catchup_backfill_2' retrieved from /Users/mujtabaalimalik/airflow/dags/cron_catchup_backfill_2.py
[2024-10-17T22:22:25.339+0100] {logging_mixin.py:190} INFO - [2024-10-17T22:22:25.339+0100] {dag.py:3239} INFO - Sync 1 DAGs
[2024-10-17T22:22:25.345+0100] {logging_mixin.py:190} INFO - [2024-10-17T22:22:25.345+0100] {dag.py:4180} INFO - Setting next_dagrun for cron_catchup_backfill_2 to 2024-10-12 12:00:00+00:00, run_after=2024-10-19 00:00:00+00:00
[2024-10-17T22:22:25.350+0100] {processor.py:208} INFO - Processing /Users/mujtabaalimalik/airflow/dags/cron_catchup_backfill_2.py took 0.056 seconds
[2024-10-17T22:23:00.493+0100] {processor.py:186} INFO - Started process (PID=8493) to work on /Users/mujtabaalimalik/airflow/dags/cron_catchup_backfill_2.py
[2024-10-17T22:23:00.493+0100] {processor.py:914} INFO - Processing file /Users/mujtabaalimalik/airflow/dags/cron_catchup_backfill_2.py for tasks to queue
[2024-10-17T22:23:00.494+0100] {logging_mixin.py:190} INFO - [2024-10-17T22:23:00.494+0100] {dagbag.py:588} INFO - Filling up the DagBag from /Users/mujtabaalimalik/airflow/dags/cron_catchup_backfill_2.py
[2024-10-17T22:23:00.503+0100] {processor.py:925} INFO - DAG(s) 'cron_catchup_backfill_2' retrieved from /Users/mujtabaalimalik/airflow/dags/cron_catchup_backfill_2.py
[2024-10-17T22:23:00.537+0100] {logging_mixin.py:190} INFO - [2024-10-17T22:23:00.537+0100] {dag.py:3239} INFO - Sync 1 DAGs
[2024-10-17T22:23:00.543+0100] {logging_mixin.py:190} INFO - [2024-10-17T22:23:00.543+0100] {dag.py:4180} INFO - Setting next_dagrun for cron_catchup_backfill_2 to 2024-10-12 12:00:00+00:00, run_after=2024-10-19 00:00:00+00:00
[2024-10-17T22:23:00.549+0100] {processor.py:208} INFO - Processing /Users/mujtabaalimalik/airflow/dags/cron_catchup_backfill_2.py took 0.057 seconds
