[2024-10-17T21:40:18.476+0100] {local_task_job_runner.py:123} INFO - ::group::Pre task execution logs
[2024-10-17T21:40:18.481+0100] {taskinstance.py:2612} INFO - Dependencies all met for dep_context=non-requeueable deps ti=<TaskInstance: taskgroup_and_labels_pipeline.Reading_and_Preprocessing.remove_null_values manual__2024-10-17T20:40:14.625925+00:00 [queued]>
[2024-10-17T21:40:18.483+0100] {taskinstance.py:2612} INFO - Dependencies all met for dep_context=requeueable deps ti=<TaskInstance: taskgroup_and_labels_pipeline.Reading_and_Preprocessing.remove_null_values manual__2024-10-17T20:40:14.625925+00:00 [queued]>
[2024-10-17T21:40:18.484+0100] {taskinstance.py:2865} INFO - Starting attempt 1 of 1
[2024-10-17T21:40:18.489+0100] {taskinstance.py:2888} INFO - Executing <Task(PythonOperator): Reading_and_Preprocessing.remove_null_values> on 2024-10-17 20:40:14.625925+00:00
[2024-10-17T21:40:18.493+0100] {standard_task_runner.py:72} INFO - Started process 4779 to run task
[2024-10-17T21:40:18.497+0100] {standard_task_runner.py:104} INFO - Running: ['airflow', 'tasks', 'run', 'taskgroup_and_labels_pipeline', 'Reading_and_Preprocessing.remove_null_values', 'manual__2024-10-17T20:40:14.625925+00:00', '--job-id', '263', '--raw', '--subdir', 'DAGS_FOLDER/taskgroups_edgelabels.py', '--cfg-path', '/var/folders/nl/1x330z2x7yzb268yb0bbvjcr0000gn/T/tmpr9sbhm_d']
[2024-10-17T21:40:18.498+0100] {standard_task_runner.py:105} INFO - Job 263: Subtask Reading_and_Preprocessing.remove_null_values
[2024-10-17T21:40:18.515+0100] {task_command.py:467} INFO - Running <TaskInstance: taskgroup_and_labels_pipeline.Reading_and_Preprocessing.remove_null_values manual__2024-10-17T20:40:14.625925+00:00 [running]> on host mujtabas-macbook-pro.local
[2024-10-17T21:40:18.541+0100] {taskinstance.py:3131} INFO - Exporting env vars: AIRFLOW_CTX_DAG_OWNER='ali' AIRFLOW_CTX_DAG_ID='taskgroup_and_labels_pipeline' AIRFLOW_CTX_TASK_ID='Reading_and_Preprocessing.remove_null_values' AIRFLOW_CTX_EXECUTION_DATE='2024-10-17T20:40:14.625925+00:00' AIRFLOW_CTX_TRY_NUMBER='1' AIRFLOW_CTX_DAG_RUN_ID='manual__2024-10-17T20:40:14.625925+00:00'
[2024-10-17T21:40:18.542+0100] {taskinstance.py:731} INFO - ::endgroup::
[2024-10-17T21:40:18.561+0100] {logging_mixin.py:190} INFO -        age     sex     bmi  children smoker     region      charges
0     19.0  female  27.900       0.0    yes  southwest  16884.92400
1     18.0    male  33.770       1.0     no  southeast   1725.55230
2     28.0    male  33.000       3.0     no  southeast   4449.46200
4     25.0    male  28.600       1.0     no  southeast   3366.66970
5     33.0    male  22.705       0.0     no  northwest  21984.47061
...    ...     ...     ...       ...    ...        ...          ...
1343  61.0  female  29.070       0.0    yes  northwest  29141.36030
1344  18.0  female  31.920       0.0     no  northeast   2205.98080
1345  18.0  female  36.850       0.0     no  southeast   1629.83350
1346  21.0  female  25.800       0.0     no  southwest   2007.94500
1348  42.0    male  35.120       0.0     no  southwest   5976.83110

[1345 rows x 7 columns]
[2024-10-17T21:40:18.565+0100] {python.py:240} INFO - Done. Returned value was: None
[2024-10-17T21:40:18.567+0100] {taskinstance.py:340} INFO - ::group::Post task execution logs
[2024-10-17T21:40:18.567+0100] {taskinstance.py:352} INFO - Marking task as SUCCESS. dag_id=taskgroup_and_labels_pipeline, task_id=Reading_and_Preprocessing.remove_null_values, run_id=manual__2024-10-17T20:40:14.625925+00:00, execution_date=20241017T204014, start_date=20241017T204018, end_date=20241017T204018
[2024-10-17T21:40:18.596+0100] {local_task_job_runner.py:266} INFO - Task exited with return code 0
[2024-10-17T21:40:18.606+0100] {taskinstance.py:3900} INFO - 1 downstream tasks scheduled from follow-on schedule check
[2024-10-17T21:40:18.606+0100] {local_task_job_runner.py:245} INFO - ::endgroup::
