[2024-10-17T21:07:35.656+0100] {local_task_job_runner.py:123} INFO - ::group::Pre task execution logs
[2024-10-17T21:07:35.660+0100] {taskinstance.py:2612} INFO - Dependencies all met for dep_context=non-requeueable deps ti=<TaskInstance: executing_multiple_tasks_2.taskA scheduled__2024-10-16T00:00:00+00:00 [queued]>
[2024-10-17T21:07:35.662+0100] {taskinstance.py:2612} INFO - Dependencies all met for dep_context=requeueable deps ti=<TaskInstance: executing_multiple_tasks_2.taskA scheduled__2024-10-16T00:00:00+00:00 [queued]>
[2024-10-17T21:07:35.662+0100] {taskinstance.py:2865} INFO - Starting attempt 1 of 1
[2024-10-17T21:07:35.665+0100] {taskinstance.py:2888} INFO - Executing <Task(BashOperator): taskA> on 2024-10-16 00:00:00+00:00
[2024-10-17T21:07:35.667+0100] {standard_task_runner.py:72} INFO - Started process 1915 to run task
[2024-10-17T21:07:35.670+0100] {standard_task_runner.py:104} INFO - Running: ['airflow', 'tasks', 'run', 'executing_multiple_tasks_2', 'taskA', 'scheduled__2024-10-16T00:00:00+00:00', '--job-id', '216', '--raw', '--subdir', 'DAGS_FOLDER/execute_multiple_2.py', '--cfg-path', '/var/folders/nl/1x330z2x7yzb268yb0bbvjcr0000gn/T/tmp4ywyr07y']
[2024-10-17T21:07:35.672+0100] {standard_task_runner.py:105} INFO - Job 216: Subtask taskA
[2024-10-17T21:07:35.683+0100] {task_command.py:467} INFO - Running <TaskInstance: executing_multiple_tasks_2.taskA scheduled__2024-10-16T00:00:00+00:00 [running]> on host mujtabas-macbook-pro.local
[2024-10-17T21:07:35.703+0100] {taskinstance.py:3131} INFO - Exporting env vars: AIRFLOW_CTX_DAG_OWNER='ali' AIRFLOW_CTX_DAG_ID='executing_multiple_tasks_2' AIRFLOW_CTX_TASK_ID='taskA' AIRFLOW_CTX_EXECUTION_DATE='2024-10-16T00:00:00+00:00' AIRFLOW_CTX_TRY_NUMBER='1' AIRFLOW_CTX_DAG_RUN_ID='scheduled__2024-10-16T00:00:00+00:00'
[2024-10-17T21:07:35.704+0100] {taskinstance.py:731} INFO - ::endgroup::
[2024-10-17T21:07:35.709+0100] {subprocess.py:63} INFO - Tmp dir root location: /var/folders/nl/1x330z2x7yzb268yb0bbvjcr0000gn/T
[2024-10-17T21:07:35.709+0100] {subprocess.py:75} INFO - Running command: ['/bin/bash', '-c', '\n            echo TASK A has started!\n            \n            for i in {1..10}\n            do\n                echo TASK A printing $i\n            done\n\n            echo TASK A has ended!\n        ']
[2024-10-17T21:07:35.712+0100] {subprocess.py:86} INFO - Output:
[2024-10-17T21:07:35.714+0100] {subprocess.py:93} INFO - TASK A has started!
[2024-10-17T21:07:35.714+0100] {subprocess.py:93} INFO - TASK A printing 1
[2024-10-17T21:07:35.715+0100] {subprocess.py:93} INFO - TASK A printing 2
[2024-10-17T21:07:35.715+0100] {subprocess.py:93} INFO - TASK A printing 3
[2024-10-17T21:07:35.715+0100] {subprocess.py:93} INFO - TASK A printing 4
[2024-10-17T21:07:35.715+0100] {subprocess.py:93} INFO - TASK A printing 5
[2024-10-17T21:07:35.715+0100] {subprocess.py:93} INFO - TASK A printing 6
[2024-10-17T21:07:35.716+0100] {subprocess.py:93} INFO - TASK A printing 7
[2024-10-17T21:07:35.716+0100] {subprocess.py:93} INFO - TASK A printing 8
[2024-10-17T21:07:35.716+0100] {subprocess.py:93} INFO - TASK A printing 9
[2024-10-17T21:07:35.716+0100] {subprocess.py:93} INFO - TASK A printing 10
[2024-10-17T21:07:35.716+0100] {subprocess.py:93} INFO - TASK A has ended!
[2024-10-17T21:07:35.717+0100] {subprocess.py:97} INFO - Command exited with return code 0
[2024-10-17T21:07:35.722+0100] {taskinstance.py:340} INFO - ::group::Post task execution logs
[2024-10-17T21:07:35.723+0100] {taskinstance.py:352} INFO - Marking task as SUCCESS. dag_id=executing_multiple_tasks_2, task_id=taskA, run_id=scheduled__2024-10-16T00:00:00+00:00, execution_date=20241016T000000, start_date=20241017T200735, end_date=20241017T200735
[2024-10-17T21:07:35.731+0100] {local_task_job_runner.py:266} INFO - Task exited with return code 0
[2024-10-17T21:07:35.738+0100] {taskinstance.py:3900} INFO - 2 downstream tasks scheduled from follow-on schedule check
[2024-10-17T21:07:35.738+0100] {local_task_job_runner.py:245} INFO - ::endgroup::
