[2024-10-17T21:07:49.451+0100] {local_task_job_runner.py:123} INFO - ::group::Pre task execution logs
[2024-10-17T21:07:49.454+0100] {taskinstance.py:2612} INFO - Dependencies all met for dep_context=non-requeueable deps ti=<TaskInstance: executing_multiple_tasks_2.taskB scheduled__2024-10-16T00:00:00+00:00 [queued]>
[2024-10-17T21:07:49.456+0100] {taskinstance.py:2612} INFO - Dependencies all met for dep_context=requeueable deps ti=<TaskInstance: executing_multiple_tasks_2.taskB scheduled__2024-10-16T00:00:00+00:00 [queued]>
[2024-10-17T21:07:49.456+0100] {taskinstance.py:2865} INFO - Starting attempt 1 of 1
[2024-10-17T21:07:49.460+0100] {taskinstance.py:2888} INFO - Executing <Task(BashOperator): taskB> on 2024-10-16 00:00:00+00:00
[2024-10-17T21:07:49.462+0100] {standard_task_runner.py:72} INFO - Started process 1996 to run task
[2024-10-17T21:07:49.465+0100] {standard_task_runner.py:104} INFO - Running: ['airflow', 'tasks', 'run', 'executing_multiple_tasks_2', 'taskB', 'scheduled__2024-10-16T00:00:00+00:00', '--job-id', '225', '--raw', '--subdir', 'DAGS_FOLDER/execute_multiple_2.py', '--cfg-path', '/var/folders/nl/1x330z2x7yzb268yb0bbvjcr0000gn/T/tmpr29no_x3']
[2024-10-17T21:07:49.467+0100] {standard_task_runner.py:105} INFO - Job 225: Subtask taskB
[2024-10-17T21:07:49.480+0100] {task_command.py:467} INFO - Running <TaskInstance: executing_multiple_tasks_2.taskB scheduled__2024-10-16T00:00:00+00:00 [running]> on host mujtabas-macbook-pro.local
[2024-10-17T21:07:49.503+0100] {taskinstance.py:3131} INFO - Exporting env vars: AIRFLOW_CTX_DAG_OWNER='ali' AIRFLOW_CTX_DAG_ID='executing_multiple_tasks_2' AIRFLOW_CTX_TASK_ID='taskB' AIRFLOW_CTX_EXECUTION_DATE='2024-10-16T00:00:00+00:00' AIRFLOW_CTX_TRY_NUMBER='1' AIRFLOW_CTX_DAG_RUN_ID='scheduled__2024-10-16T00:00:00+00:00'
[2024-10-17T21:07:49.504+0100] {taskinstance.py:731} INFO - ::endgroup::
[2024-10-17T21:07:49.509+0100] {subprocess.py:63} INFO - Tmp dir root location: /var/folders/nl/1x330z2x7yzb268yb0bbvjcr0000gn/T
[2024-10-17T21:07:49.509+0100] {subprocess.py:75} INFO - Running command: ['/bin/bash', '-c', '\n            echo TASK B has started!\n            sleep 4\n            echo TASK B has ended!\n        ']
[2024-10-17T21:07:49.513+0100] {subprocess.py:86} INFO - Output:
[2024-10-17T21:07:49.514+0100] {subprocess.py:93} INFO - TASK B has started!
[2024-10-17T21:07:53.522+0100] {subprocess.py:93} INFO - TASK B has ended!
[2024-10-17T21:07:53.526+0100] {subprocess.py:97} INFO - Command exited with return code 0
[2024-10-17T21:07:53.541+0100] {taskinstance.py:340} INFO - ::group::Post task execution logs
[2024-10-17T21:07:53.542+0100] {taskinstance.py:352} INFO - Marking task as SUCCESS. dag_id=executing_multiple_tasks_2, task_id=taskB, run_id=scheduled__2024-10-16T00:00:00+00:00, execution_date=20241016T000000, start_date=20241017T200749, end_date=20241017T200753
[2024-10-17T21:07:53.559+0100] {local_task_job_runner.py:266} INFO - Task exited with return code 0
[2024-10-17T21:07:53.570+0100] {taskinstance.py:3900} INFO - 0 downstream tasks scheduled from follow-on schedule check
[2024-10-17T21:07:53.570+0100] {local_task_job_runner.py:245} INFO - ::endgroup::
