[2024-10-16T13:30:22.145+0100] {processor.py:186} INFO - Started process (PID=68592) to work on /Users/mujtabaalimalik/airflow/dags/python_pipeline.py
[2024-10-16T13:30:22.145+0100] {processor.py:914} INFO - Processing file /Users/mujtabaalimalik/airflow/dags/python_pipeline.py for tasks to queue
[2024-10-16T13:30:22.146+0100] {logging_mixin.py:190} INFO - [2024-10-16T13:30:22.146+0100] {dagbag.py:588} INFO - Filling up the DagBag from /Users/mujtabaalimalik/airflow/dags/python_pipeline.py
[2024-10-16T13:30:29.230+0100] {processor.py:925} INFO - DAG(s) 'python_pipeline' retrieved from /Users/mujtabaalimalik/airflow/dags/python_pipeline.py
[2024-10-16T13:30:29.336+0100] {logging_mixin.py:190} INFO - [2024-10-16T13:30:29.336+0100] {override.py:1900} INFO - Created Permission View: can delete on DAG:python_pipeline
[2024-10-16T13:30:29.339+0100] {logging_mixin.py:190} INFO - [2024-10-16T13:30:29.339+0100] {override.py:1900} INFO - Created Permission View: can edit on DAG:python_pipeline
[2024-10-16T13:30:29.341+0100] {logging_mixin.py:190} INFO - [2024-10-16T13:30:29.341+0100] {override.py:1900} INFO - Created Permission View: can read on DAG:python_pipeline
[2024-10-16T13:30:29.343+0100] {logging_mixin.py:190} INFO - [2024-10-16T13:30:29.343+0100] {override.py:1900} INFO - Created Permission View: can delete on DAG Run:python_pipeline
[2024-10-16T13:30:29.345+0100] {logging_mixin.py:190} INFO - [2024-10-16T13:30:29.345+0100] {override.py:1900} INFO - Created Permission View: can read on DAG Run:python_pipeline
[2024-10-16T13:30:29.347+0100] {logging_mixin.py:190} INFO - [2024-10-16T13:30:29.347+0100] {override.py:1900} INFO - Created Permission View: menu access on DAG Run:python_pipeline
[2024-10-16T13:30:29.348+0100] {logging_mixin.py:190} INFO - [2024-10-16T13:30:29.348+0100] {override.py:1900} INFO - Created Permission View: can create on DAG Run:python_pipeline
[2024-10-16T13:30:29.348+0100] {logging_mixin.py:190} INFO - [2024-10-16T13:30:29.348+0100] {dag.py:3239} INFO - Sync 1 DAGs
[2024-10-16T13:30:29.352+0100] {logging_mixin.py:190} INFO - [2024-10-16T13:30:29.352+0100] {dag.py:3262} INFO - Creating ORM DAG for python_pipeline
[2024-10-16T13:30:29.354+0100] {logging_mixin.py:190} INFO - [2024-10-16T13:30:29.354+0100] {dag.py:4180} INFO - Setting next_dagrun for python_pipeline to 2024-10-15 00:00:00+00:00, run_after=2024-10-15 00:00:00+00:00
[2024-10-16T13:30:29.359+0100] {processor.py:208} INFO - Processing /Users/mujtabaalimalik/airflow/dags/python_pipeline.py took 7.215 seconds
[2024-10-16T13:31:00.435+0100] {processor.py:186} INFO - Started process (PID=68621) to work on /Users/mujtabaalimalik/airflow/dags/python_pipeline.py
[2024-10-16T13:31:00.435+0100] {processor.py:914} INFO - Processing file /Users/mujtabaalimalik/airflow/dags/python_pipeline.py for tasks to queue
[2024-10-16T13:31:00.436+0100] {logging_mixin.py:190} INFO - [2024-10-16T13:31:00.436+0100] {dagbag.py:588} INFO - Filling up the DagBag from /Users/mujtabaalimalik/airflow/dags/python_pipeline.py
[2024-10-16T13:31:00.599+0100] {processor.py:925} INFO - DAG(s) 'python_pipeline' retrieved from /Users/mujtabaalimalik/airflow/dags/python_pipeline.py
[2024-10-16T13:31:00.703+0100] {logging_mixin.py:190} INFO - [2024-10-16T13:31:00.703+0100] {dag.py:3239} INFO - Sync 1 DAGs
[2024-10-16T13:31:00.709+0100] {logging_mixin.py:190} INFO - [2024-10-16T13:31:00.709+0100] {dag.py:4180} INFO - Setting next_dagrun for python_pipeline to 2024-10-15 00:00:00+00:00, run_after=2024-10-15 00:00:00+00:00
[2024-10-16T13:31:00.715+0100] {processor.py:208} INFO - Processing /Users/mujtabaalimalik/airflow/dags/python_pipeline.py took 0.281 seconds
[2024-10-16T13:31:31.413+0100] {processor.py:186} INFO - Started process (PID=68653) to work on /Users/mujtabaalimalik/airflow/dags/python_pipeline.py
[2024-10-16T13:31:31.413+0100] {processor.py:914} INFO - Processing file /Users/mujtabaalimalik/airflow/dags/python_pipeline.py for tasks to queue
[2024-10-16T13:31:31.414+0100] {logging_mixin.py:190} INFO - [2024-10-16T13:31:31.414+0100] {dagbag.py:588} INFO - Filling up the DagBag from /Users/mujtabaalimalik/airflow/dags/python_pipeline.py
[2024-10-16T13:31:31.605+0100] {processor.py:925} INFO - DAG(s) 'python_pipeline' retrieved from /Users/mujtabaalimalik/airflow/dags/python_pipeline.py
[2024-10-16T13:31:31.699+0100] {logging_mixin.py:190} INFO - [2024-10-16T13:31:31.699+0100] {dag.py:3239} INFO - Sync 1 DAGs
[2024-10-16T13:31:31.705+0100] {logging_mixin.py:190} INFO - [2024-10-16T13:31:31.705+0100] {dag.py:4180} INFO - Setting next_dagrun for python_pipeline to None, run_after=None
[2024-10-16T13:31:31.712+0100] {processor.py:208} INFO - Processing /Users/mujtabaalimalik/airflow/dags/python_pipeline.py took 0.300 seconds
[2024-10-16T13:32:01.171+0100] {processor.py:186} INFO - Started process (PID=68690) to work on /Users/mujtabaalimalik/airflow/dags/python_pipeline.py
[2024-10-16T13:32:01.172+0100] {processor.py:914} INFO - Processing file /Users/mujtabaalimalik/airflow/dags/python_pipeline.py for tasks to queue
[2024-10-16T13:32:01.172+0100] {logging_mixin.py:190} INFO - [2024-10-16T13:32:01.172+0100] {dagbag.py:588} INFO - Filling up the DagBag from /Users/mujtabaalimalik/airflow/dags/python_pipeline.py
[2024-10-16T13:32:01.319+0100] {processor.py:925} INFO - DAG(s) 'python_pipeline' retrieved from /Users/mujtabaalimalik/airflow/dags/python_pipeline.py
[2024-10-16T13:32:01.406+0100] {logging_mixin.py:190} INFO - [2024-10-16T13:32:01.406+0100] {dag.py:3239} INFO - Sync 1 DAGs
[2024-10-16T13:32:01.412+0100] {logging_mixin.py:190} INFO - [2024-10-16T13:32:01.412+0100] {dag.py:4180} INFO - Setting next_dagrun for python_pipeline to None, run_after=None
[2024-10-16T13:32:01.419+0100] {processor.py:208} INFO - Processing /Users/mujtabaalimalik/airflow/dags/python_pipeline.py took 0.250 seconds
[2024-10-16T13:32:32.957+0100] {processor.py:186} INFO - Started process (PID=68727) to work on /Users/mujtabaalimalik/airflow/dags/python_pipeline.py
[2024-10-16T13:32:32.959+0100] {processor.py:914} INFO - Processing file /Users/mujtabaalimalik/airflow/dags/python_pipeline.py for tasks to queue
[2024-10-16T13:32:32.959+0100] {logging_mixin.py:190} INFO - [2024-10-16T13:32:32.959+0100] {dagbag.py:588} INFO - Filling up the DagBag from /Users/mujtabaalimalik/airflow/dags/python_pipeline.py
[2024-10-16T13:32:33.182+0100] {processor.py:925} INFO - DAG(s) 'python_pipeline' retrieved from /Users/mujtabaalimalik/airflow/dags/python_pipeline.py
[2024-10-16T13:32:33.253+0100] {logging_mixin.py:190} INFO - [2024-10-16T13:32:33.253+0100] {dag.py:3239} INFO - Sync 1 DAGs
[2024-10-16T13:32:33.260+0100] {logging_mixin.py:190} INFO - [2024-10-16T13:32:33.260+0100] {dag.py:4180} INFO - Setting next_dagrun for python_pipeline to None, run_after=None
[2024-10-16T13:32:33.267+0100] {processor.py:208} INFO - Processing /Users/mujtabaalimalik/airflow/dags/python_pipeline.py took 0.310 seconds
[2024-10-16T13:33:04.987+0100] {processor.py:186} INFO - Started process (PID=68753) to work on /Users/mujtabaalimalik/airflow/dags/python_pipeline.py
[2024-10-16T13:33:04.987+0100] {processor.py:914} INFO - Processing file /Users/mujtabaalimalik/airflow/dags/python_pipeline.py for tasks to queue
[2024-10-16T13:33:04.988+0100] {logging_mixin.py:190} INFO - [2024-10-16T13:33:04.988+0100] {dagbag.py:588} INFO - Filling up the DagBag from /Users/mujtabaalimalik/airflow/dags/python_pipeline.py
[2024-10-16T13:33:05.134+0100] {processor.py:925} INFO - DAG(s) 'python_pipeline' retrieved from /Users/mujtabaalimalik/airflow/dags/python_pipeline.py
[2024-10-16T13:33:05.208+0100] {logging_mixin.py:190} INFO - [2024-10-16T13:33:05.208+0100] {dag.py:3239} INFO - Sync 1 DAGs
[2024-10-16T13:33:05.214+0100] {logging_mixin.py:190} INFO - [2024-10-16T13:33:05.214+0100] {dag.py:4180} INFO - Setting next_dagrun for python_pipeline to None, run_after=None
[2024-10-16T13:33:05.221+0100] {processor.py:208} INFO - Processing /Users/mujtabaalimalik/airflow/dags/python_pipeline.py took 0.235 seconds
[2024-10-16T13:33:35.989+0100] {processor.py:186} INFO - Started process (PID=68779) to work on /Users/mujtabaalimalik/airflow/dags/python_pipeline.py
[2024-10-16T13:33:35.989+0100] {processor.py:914} INFO - Processing file /Users/mujtabaalimalik/airflow/dags/python_pipeline.py for tasks to queue
[2024-10-16T13:33:35.989+0100] {logging_mixin.py:190} INFO - [2024-10-16T13:33:35.989+0100] {dagbag.py:588} INFO - Filling up the DagBag from /Users/mujtabaalimalik/airflow/dags/python_pipeline.py
[2024-10-16T13:33:36.194+0100] {processor.py:925} INFO - DAG(s) 'python_pipeline' retrieved from /Users/mujtabaalimalik/airflow/dags/python_pipeline.py
[2024-10-16T13:33:36.277+0100] {logging_mixin.py:190} INFO - [2024-10-16T13:33:36.277+0100] {dag.py:3239} INFO - Sync 1 DAGs
[2024-10-16T13:33:36.284+0100] {logging_mixin.py:190} INFO - [2024-10-16T13:33:36.283+0100] {dag.py:4180} INFO - Setting next_dagrun for python_pipeline to None, run_after=None
[2024-10-16T13:33:36.290+0100] {processor.py:208} INFO - Processing /Users/mujtabaalimalik/airflow/dags/python_pipeline.py took 0.303 seconds
[2024-10-16T13:34:07.037+0100] {processor.py:186} INFO - Started process (PID=68803) to work on /Users/mujtabaalimalik/airflow/dags/python_pipeline.py
[2024-10-16T13:34:07.038+0100] {processor.py:914} INFO - Processing file /Users/mujtabaalimalik/airflow/dags/python_pipeline.py for tasks to queue
[2024-10-16T13:34:07.039+0100] {logging_mixin.py:190} INFO - [2024-10-16T13:34:07.038+0100] {dagbag.py:588} INFO - Filling up the DagBag from /Users/mujtabaalimalik/airflow/dags/python_pipeline.py
[2024-10-16T13:34:07.302+0100] {processor.py:925} INFO - DAG(s) 'python_pipeline' retrieved from /Users/mujtabaalimalik/airflow/dags/python_pipeline.py
[2024-10-16T13:34:07.367+0100] {logging_mixin.py:190} INFO - [2024-10-16T13:34:07.367+0100] {dag.py:3239} INFO - Sync 1 DAGs
[2024-10-16T13:34:07.376+0100] {logging_mixin.py:190} INFO - [2024-10-16T13:34:07.375+0100] {dag.py:4180} INFO - Setting next_dagrun for python_pipeline to None, run_after=None
[2024-10-16T13:34:07.382+0100] {processor.py:208} INFO - Processing /Users/mujtabaalimalik/airflow/dags/python_pipeline.py took 0.346 seconds
[2024-10-16T13:34:38.178+0100] {processor.py:186} INFO - Started process (PID=68833) to work on /Users/mujtabaalimalik/airflow/dags/python_pipeline.py
[2024-10-16T13:34:38.178+0100] {processor.py:914} INFO - Processing file /Users/mujtabaalimalik/airflow/dags/python_pipeline.py for tasks to queue
[2024-10-16T13:34:38.178+0100] {logging_mixin.py:190} INFO - [2024-10-16T13:34:38.178+0100] {dagbag.py:588} INFO - Filling up the DagBag from /Users/mujtabaalimalik/airflow/dags/python_pipeline.py
[2024-10-16T13:34:38.344+0100] {processor.py:925} INFO - DAG(s) 'python_pipeline' retrieved from /Users/mujtabaalimalik/airflow/dags/python_pipeline.py
[2024-10-16T13:34:38.456+0100] {logging_mixin.py:190} INFO - [2024-10-16T13:34:38.456+0100] {dag.py:3239} INFO - Sync 1 DAGs
[2024-10-16T13:34:38.462+0100] {logging_mixin.py:190} INFO - [2024-10-16T13:34:38.462+0100] {dag.py:4180} INFO - Setting next_dagrun for python_pipeline to None, run_after=None
[2024-10-16T13:34:38.469+0100] {processor.py:208} INFO - Processing /Users/mujtabaalimalik/airflow/dags/python_pipeline.py took 0.292 seconds
[2024-10-16T13:35:09.189+0100] {processor.py:186} INFO - Started process (PID=68867) to work on /Users/mujtabaalimalik/airflow/dags/python_pipeline.py
[2024-10-16T13:35:09.190+0100] {processor.py:914} INFO - Processing file /Users/mujtabaalimalik/airflow/dags/python_pipeline.py for tasks to queue
[2024-10-16T13:35:09.190+0100] {logging_mixin.py:190} INFO - [2024-10-16T13:35:09.190+0100] {dagbag.py:588} INFO - Filling up the DagBag from /Users/mujtabaalimalik/airflow/dags/python_pipeline.py
[2024-10-16T13:35:09.376+0100] {processor.py:925} INFO - DAG(s) 'python_pipeline' retrieved from /Users/mujtabaalimalik/airflow/dags/python_pipeline.py
[2024-10-16T13:35:09.461+0100] {logging_mixin.py:190} INFO - [2024-10-16T13:35:09.460+0100] {dag.py:3239} INFO - Sync 1 DAGs
[2024-10-16T13:35:09.468+0100] {logging_mixin.py:190} INFO - [2024-10-16T13:35:09.468+0100] {dag.py:4180} INFO - Setting next_dagrun for python_pipeline to None, run_after=None
[2024-10-16T13:35:09.474+0100] {processor.py:208} INFO - Processing /Users/mujtabaalimalik/airflow/dags/python_pipeline.py took 0.286 seconds
[2024-10-16T13:35:40.339+0100] {processor.py:186} INFO - Started process (PID=68899) to work on /Users/mujtabaalimalik/airflow/dags/python_pipeline.py
[2024-10-16T13:35:40.339+0100] {processor.py:914} INFO - Processing file /Users/mujtabaalimalik/airflow/dags/python_pipeline.py for tasks to queue
[2024-10-16T13:35:40.340+0100] {logging_mixin.py:190} INFO - [2024-10-16T13:35:40.340+0100] {dagbag.py:588} INFO - Filling up the DagBag from /Users/mujtabaalimalik/airflow/dags/python_pipeline.py
[2024-10-16T13:35:40.499+0100] {processor.py:925} INFO - DAG(s) 'python_pipeline' retrieved from /Users/mujtabaalimalik/airflow/dags/python_pipeline.py
[2024-10-16T13:35:40.586+0100] {logging_mixin.py:190} INFO - [2024-10-16T13:35:40.586+0100] {dag.py:3239} INFO - Sync 1 DAGs
[2024-10-16T13:35:40.594+0100] {logging_mixin.py:190} INFO - [2024-10-16T13:35:40.594+0100] {dag.py:4180} INFO - Setting next_dagrun for python_pipeline to None, run_after=None
[2024-10-16T13:35:40.600+0100] {processor.py:208} INFO - Processing /Users/mujtabaalimalik/airflow/dags/python_pipeline.py took 0.263 seconds
[2024-10-16T13:36:11.916+0100] {processor.py:186} INFO - Started process (PID=68944) to work on /Users/mujtabaalimalik/airflow/dags/python_pipeline.py
[2024-10-16T13:36:11.916+0100] {processor.py:914} INFO - Processing file /Users/mujtabaalimalik/airflow/dags/python_pipeline.py for tasks to queue
[2024-10-16T13:36:11.917+0100] {logging_mixin.py:190} INFO - [2024-10-16T13:36:11.917+0100] {dagbag.py:588} INFO - Filling up the DagBag from /Users/mujtabaalimalik/airflow/dags/python_pipeline.py
[2024-10-16T13:36:12.110+0100] {processor.py:925} INFO - DAG(s) 'python_pipeline' retrieved from /Users/mujtabaalimalik/airflow/dags/python_pipeline.py
[2024-10-16T13:36:12.196+0100] {logging_mixin.py:190} INFO - [2024-10-16T13:36:12.195+0100] {dag.py:3239} INFO - Sync 1 DAGs
[2024-10-16T13:36:12.201+0100] {logging_mixin.py:190} INFO - [2024-10-16T13:36:12.201+0100] {dag.py:4180} INFO - Setting next_dagrun for python_pipeline to None, run_after=None
[2024-10-16T13:36:12.208+0100] {processor.py:208} INFO - Processing /Users/mujtabaalimalik/airflow/dags/python_pipeline.py took 0.293 seconds
[2024-10-16T13:36:43.371+0100] {processor.py:186} INFO - Started process (PID=68971) to work on /Users/mujtabaalimalik/airflow/dags/python_pipeline.py
[2024-10-16T13:36:43.372+0100] {processor.py:914} INFO - Processing file /Users/mujtabaalimalik/airflow/dags/python_pipeline.py for tasks to queue
[2024-10-16T13:36:43.372+0100] {logging_mixin.py:190} INFO - [2024-10-16T13:36:43.372+0100] {dagbag.py:588} INFO - Filling up the DagBag from /Users/mujtabaalimalik/airflow/dags/python_pipeline.py
[2024-10-16T13:36:43.625+0100] {processor.py:925} INFO - DAG(s) 'python_pipeline' retrieved from /Users/mujtabaalimalik/airflow/dags/python_pipeline.py
[2024-10-16T13:36:43.697+0100] {logging_mixin.py:190} INFO - [2024-10-16T13:36:43.697+0100] {dag.py:3239} INFO - Sync 1 DAGs
[2024-10-16T13:36:43.703+0100] {logging_mixin.py:190} INFO - [2024-10-16T13:36:43.703+0100] {dag.py:4180} INFO - Setting next_dagrun for python_pipeline to None, run_after=None
[2024-10-16T13:36:43.709+0100] {processor.py:208} INFO - Processing /Users/mujtabaalimalik/airflow/dags/python_pipeline.py took 0.340 seconds
[2024-10-16T13:37:14.866+0100] {processor.py:186} INFO - Started process (PID=68997) to work on /Users/mujtabaalimalik/airflow/dags/python_pipeline.py
[2024-10-16T13:37:14.866+0100] {processor.py:914} INFO - Processing file /Users/mujtabaalimalik/airflow/dags/python_pipeline.py for tasks to queue
[2024-10-16T13:37:14.866+0100] {logging_mixin.py:190} INFO - [2024-10-16T13:37:14.866+0100] {dagbag.py:588} INFO - Filling up the DagBag from /Users/mujtabaalimalik/airflow/dags/python_pipeline.py
[2024-10-16T13:37:15.063+0100] {processor.py:925} INFO - DAG(s) 'python_pipeline' retrieved from /Users/mujtabaalimalik/airflow/dags/python_pipeline.py
[2024-10-16T13:37:15.143+0100] {logging_mixin.py:190} INFO - [2024-10-16T13:37:15.143+0100] {dag.py:3239} INFO - Sync 1 DAGs
[2024-10-16T13:37:15.149+0100] {logging_mixin.py:190} INFO - [2024-10-16T13:37:15.149+0100] {dag.py:4180} INFO - Setting next_dagrun for python_pipeline to None, run_after=None
[2024-10-16T13:37:15.155+0100] {processor.py:208} INFO - Processing /Users/mujtabaalimalik/airflow/dags/python_pipeline.py took 0.291 seconds
[2024-10-16T13:37:46.233+0100] {processor.py:186} INFO - Started process (PID=69020) to work on /Users/mujtabaalimalik/airflow/dags/python_pipeline.py
[2024-10-16T13:37:46.233+0100] {processor.py:914} INFO - Processing file /Users/mujtabaalimalik/airflow/dags/python_pipeline.py for tasks to queue
[2024-10-16T13:37:46.234+0100] {logging_mixin.py:190} INFO - [2024-10-16T13:37:46.234+0100] {dagbag.py:588} INFO - Filling up the DagBag from /Users/mujtabaalimalik/airflow/dags/python_pipeline.py
[2024-10-16T13:37:46.404+0100] {processor.py:925} INFO - DAG(s) 'python_pipeline' retrieved from /Users/mujtabaalimalik/airflow/dags/python_pipeline.py
[2024-10-16T13:37:46.486+0100] {logging_mixin.py:190} INFO - [2024-10-16T13:37:46.486+0100] {dag.py:3239} INFO - Sync 1 DAGs
[2024-10-16T13:37:46.501+0100] {logging_mixin.py:190} INFO - [2024-10-16T13:37:46.501+0100] {dag.py:4180} INFO - Setting next_dagrun for python_pipeline to None, run_after=None
[2024-10-16T13:37:46.510+0100] {processor.py:208} INFO - Processing /Users/mujtabaalimalik/airflow/dags/python_pipeline.py took 0.279 seconds
[2024-10-16T13:38:17.560+0100] {processor.py:186} INFO - Started process (PID=69043) to work on /Users/mujtabaalimalik/airflow/dags/python_pipeline.py
[2024-10-16T13:38:17.561+0100] {processor.py:914} INFO - Processing file /Users/mujtabaalimalik/airflow/dags/python_pipeline.py for tasks to queue
[2024-10-16T13:38:17.561+0100] {logging_mixin.py:190} INFO - [2024-10-16T13:38:17.561+0100] {dagbag.py:588} INFO - Filling up the DagBag from /Users/mujtabaalimalik/airflow/dags/python_pipeline.py
[2024-10-16T13:38:17.763+0100] {processor.py:925} INFO - DAG(s) 'python_pipeline' retrieved from /Users/mujtabaalimalik/airflow/dags/python_pipeline.py
[2024-10-16T13:38:17.854+0100] {logging_mixin.py:190} INFO - [2024-10-16T13:38:17.854+0100] {dag.py:3239} INFO - Sync 1 DAGs
[2024-10-16T13:38:17.860+0100] {logging_mixin.py:190} INFO - [2024-10-16T13:38:17.860+0100] {dag.py:4180} INFO - Setting next_dagrun for python_pipeline to None, run_after=None
[2024-10-16T13:38:17.867+0100] {processor.py:208} INFO - Processing /Users/mujtabaalimalik/airflow/dags/python_pipeline.py took 0.308 seconds
[2024-10-16T13:38:48.997+0100] {processor.py:186} INFO - Started process (PID=69067) to work on /Users/mujtabaalimalik/airflow/dags/python_pipeline.py
[2024-10-16T13:38:48.998+0100] {processor.py:914} INFO - Processing file /Users/mujtabaalimalik/airflow/dags/python_pipeline.py for tasks to queue
[2024-10-16T13:38:48.998+0100] {logging_mixin.py:190} INFO - [2024-10-16T13:38:48.998+0100] {dagbag.py:588} INFO - Filling up the DagBag from /Users/mujtabaalimalik/airflow/dags/python_pipeline.py
[2024-10-16T13:38:49.217+0100] {processor.py:925} INFO - DAG(s) 'python_pipeline' retrieved from /Users/mujtabaalimalik/airflow/dags/python_pipeline.py
[2024-10-16T13:38:49.296+0100] {logging_mixin.py:190} INFO - [2024-10-16T13:38:49.296+0100] {dag.py:3239} INFO - Sync 1 DAGs
[2024-10-16T13:38:49.302+0100] {logging_mixin.py:190} INFO - [2024-10-16T13:38:49.302+0100] {dag.py:4180} INFO - Setting next_dagrun for python_pipeline to None, run_after=None
[2024-10-16T13:38:49.308+0100] {processor.py:208} INFO - Processing /Users/mujtabaalimalik/airflow/dags/python_pipeline.py took 0.312 seconds
[2024-10-16T13:39:20.437+0100] {processor.py:186} INFO - Started process (PID=69089) to work on /Users/mujtabaalimalik/airflow/dags/python_pipeline.py
[2024-10-16T13:39:20.437+0100] {processor.py:914} INFO - Processing file /Users/mujtabaalimalik/airflow/dags/python_pipeline.py for tasks to queue
[2024-10-16T13:39:20.437+0100] {logging_mixin.py:190} INFO - [2024-10-16T13:39:20.437+0100] {dagbag.py:588} INFO - Filling up the DagBag from /Users/mujtabaalimalik/airflow/dags/python_pipeline.py
[2024-10-16T13:39:20.623+0100] {processor.py:925} INFO - DAG(s) 'python_pipeline' retrieved from /Users/mujtabaalimalik/airflow/dags/python_pipeline.py
[2024-10-16T13:39:20.712+0100] {logging_mixin.py:190} INFO - [2024-10-16T13:39:20.712+0100] {dag.py:3239} INFO - Sync 1 DAGs
[2024-10-16T13:39:20.718+0100] {logging_mixin.py:190} INFO - [2024-10-16T13:39:20.717+0100] {dag.py:4180} INFO - Setting next_dagrun for python_pipeline to None, run_after=None
[2024-10-16T13:39:20.724+0100] {processor.py:208} INFO - Processing /Users/mujtabaalimalik/airflow/dags/python_pipeline.py took 0.288 seconds
[2024-10-16T13:39:51.629+0100] {processor.py:186} INFO - Started process (PID=69113) to work on /Users/mujtabaalimalik/airflow/dags/python_pipeline.py
[2024-10-16T13:39:51.629+0100] {processor.py:914} INFO - Processing file /Users/mujtabaalimalik/airflow/dags/python_pipeline.py for tasks to queue
[2024-10-16T13:39:51.630+0100] {logging_mixin.py:190} INFO - [2024-10-16T13:39:51.630+0100] {dagbag.py:588} INFO - Filling up the DagBag from /Users/mujtabaalimalik/airflow/dags/python_pipeline.py
[2024-10-16T13:39:51.795+0100] {processor.py:925} INFO - DAG(s) 'python_pipeline' retrieved from /Users/mujtabaalimalik/airflow/dags/python_pipeline.py
[2024-10-16T13:39:51.894+0100] {logging_mixin.py:190} INFO - [2024-10-16T13:39:51.894+0100] {dag.py:3239} INFO - Sync 1 DAGs
[2024-10-16T13:39:51.907+0100] {logging_mixin.py:190} INFO - [2024-10-16T13:39:51.907+0100] {dag.py:4180} INFO - Setting next_dagrun for python_pipeline to None, run_after=None
[2024-10-16T13:39:51.914+0100] {processor.py:208} INFO - Processing /Users/mujtabaalimalik/airflow/dags/python_pipeline.py took 0.286 seconds
[2024-10-16T13:40:23.047+0100] {processor.py:186} INFO - Started process (PID=69142) to work on /Users/mujtabaalimalik/airflow/dags/python_pipeline.py
[2024-10-16T13:40:23.047+0100] {processor.py:914} INFO - Processing file /Users/mujtabaalimalik/airflow/dags/python_pipeline.py for tasks to queue
[2024-10-16T13:40:23.048+0100] {logging_mixin.py:190} INFO - [2024-10-16T13:40:23.047+0100] {dagbag.py:588} INFO - Filling up the DagBag from /Users/mujtabaalimalik/airflow/dags/python_pipeline.py
[2024-10-16T13:40:23.242+0100] {processor.py:925} INFO - DAG(s) 'python_pipeline' retrieved from /Users/mujtabaalimalik/airflow/dags/python_pipeline.py
[2024-10-16T13:40:23.331+0100] {logging_mixin.py:190} INFO - [2024-10-16T13:40:23.331+0100] {dag.py:3239} INFO - Sync 1 DAGs
[2024-10-16T13:40:23.340+0100] {logging_mixin.py:190} INFO - [2024-10-16T13:40:23.340+0100] {dag.py:4180} INFO - Setting next_dagrun for python_pipeline to None, run_after=None
[2024-10-16T13:40:23.349+0100] {processor.py:208} INFO - Processing /Users/mujtabaalimalik/airflow/dags/python_pipeline.py took 0.303 seconds
[2024-10-16T13:40:54.407+0100] {processor.py:186} INFO - Started process (PID=69175) to work on /Users/mujtabaalimalik/airflow/dags/python_pipeline.py
[2024-10-16T13:40:54.408+0100] {processor.py:914} INFO - Processing file /Users/mujtabaalimalik/airflow/dags/python_pipeline.py for tasks to queue
[2024-10-16T13:40:54.408+0100] {logging_mixin.py:190} INFO - [2024-10-16T13:40:54.408+0100] {dagbag.py:588} INFO - Filling up the DagBag from /Users/mujtabaalimalik/airflow/dags/python_pipeline.py
[2024-10-16T13:40:54.596+0100] {processor.py:925} INFO - DAG(s) 'python_pipeline' retrieved from /Users/mujtabaalimalik/airflow/dags/python_pipeline.py
[2024-10-16T13:40:54.683+0100] {logging_mixin.py:190} INFO - [2024-10-16T13:40:54.682+0100] {dag.py:3239} INFO - Sync 1 DAGs
[2024-10-16T13:40:54.688+0100] {logging_mixin.py:190} INFO - [2024-10-16T13:40:54.688+0100] {dag.py:4180} INFO - Setting next_dagrun for python_pipeline to None, run_after=None
[2024-10-16T13:40:54.695+0100] {processor.py:208} INFO - Processing /Users/mujtabaalimalik/airflow/dags/python_pipeline.py took 0.289 seconds
[2024-10-16T13:41:25.719+0100] {processor.py:186} INFO - Started process (PID=69197) to work on /Users/mujtabaalimalik/airflow/dags/python_pipeline.py
[2024-10-16T13:41:25.719+0100] {processor.py:914} INFO - Processing file /Users/mujtabaalimalik/airflow/dags/python_pipeline.py for tasks to queue
[2024-10-16T13:41:25.720+0100] {logging_mixin.py:190} INFO - [2024-10-16T13:41:25.719+0100] {dagbag.py:588} INFO - Filling up the DagBag from /Users/mujtabaalimalik/airflow/dags/python_pipeline.py
[2024-10-16T13:41:25.898+0100] {processor.py:925} INFO - DAG(s) 'python_pipeline' retrieved from /Users/mujtabaalimalik/airflow/dags/python_pipeline.py
[2024-10-16T13:41:25.986+0100] {logging_mixin.py:190} INFO - [2024-10-16T13:41:25.986+0100] {dag.py:3239} INFO - Sync 1 DAGs
[2024-10-16T13:41:25.992+0100] {logging_mixin.py:190} INFO - [2024-10-16T13:41:25.992+0100] {dag.py:4180} INFO - Setting next_dagrun for python_pipeline to None, run_after=None
[2024-10-16T13:41:25.999+0100] {processor.py:208} INFO - Processing /Users/mujtabaalimalik/airflow/dags/python_pipeline.py took 0.281 seconds
[2024-10-16T13:41:57.103+0100] {processor.py:186} INFO - Started process (PID=69223) to work on /Users/mujtabaalimalik/airflow/dags/python_pipeline.py
[2024-10-16T13:41:57.104+0100] {processor.py:914} INFO - Processing file /Users/mujtabaalimalik/airflow/dags/python_pipeline.py for tasks to queue
[2024-10-16T13:41:57.104+0100] {logging_mixin.py:190} INFO - [2024-10-16T13:41:57.104+0100] {dagbag.py:588} INFO - Filling up the DagBag from /Users/mujtabaalimalik/airflow/dags/python_pipeline.py
[2024-10-16T13:41:57.279+0100] {processor.py:925} INFO - DAG(s) 'python_pipeline' retrieved from /Users/mujtabaalimalik/airflow/dags/python_pipeline.py
[2024-10-16T13:41:57.365+0100] {logging_mixin.py:190} INFO - [2024-10-16T13:41:57.365+0100] {dag.py:3239} INFO - Sync 1 DAGs
[2024-10-16T13:41:57.371+0100] {logging_mixin.py:190} INFO - [2024-10-16T13:41:57.371+0100] {dag.py:4180} INFO - Setting next_dagrun for python_pipeline to None, run_after=None
[2024-10-16T13:41:57.379+0100] {processor.py:208} INFO - Processing /Users/mujtabaalimalik/airflow/dags/python_pipeline.py took 0.277 seconds
[2024-10-16T13:42:28.464+0100] {processor.py:186} INFO - Started process (PID=69251) to work on /Users/mujtabaalimalik/airflow/dags/python_pipeline.py
[2024-10-16T13:42:28.464+0100] {processor.py:914} INFO - Processing file /Users/mujtabaalimalik/airflow/dags/python_pipeline.py for tasks to queue
[2024-10-16T13:42:28.465+0100] {logging_mixin.py:190} INFO - [2024-10-16T13:42:28.464+0100] {dagbag.py:588} INFO - Filling up the DagBag from /Users/mujtabaalimalik/airflow/dags/python_pipeline.py
[2024-10-16T13:42:28.649+0100] {processor.py:925} INFO - DAG(s) 'python_pipeline' retrieved from /Users/mujtabaalimalik/airflow/dags/python_pipeline.py
[2024-10-16T13:42:28.735+0100] {logging_mixin.py:190} INFO - [2024-10-16T13:42:28.735+0100] {dag.py:3239} INFO - Sync 1 DAGs
[2024-10-16T13:42:28.741+0100] {logging_mixin.py:190} INFO - [2024-10-16T13:42:28.741+0100] {dag.py:4180} INFO - Setting next_dagrun for python_pipeline to None, run_after=None
[2024-10-16T13:42:28.748+0100] {processor.py:208} INFO - Processing /Users/mujtabaalimalik/airflow/dags/python_pipeline.py took 0.285 seconds
[2024-10-16T13:42:59.766+0100] {processor.py:186} INFO - Started process (PID=69278) to work on /Users/mujtabaalimalik/airflow/dags/python_pipeline.py
[2024-10-16T13:42:59.767+0100] {processor.py:914} INFO - Processing file /Users/mujtabaalimalik/airflow/dags/python_pipeline.py for tasks to queue
[2024-10-16T13:42:59.767+0100] {logging_mixin.py:190} INFO - [2024-10-16T13:42:59.767+0100] {dagbag.py:588} INFO - Filling up the DagBag from /Users/mujtabaalimalik/airflow/dags/python_pipeline.py
[2024-10-16T13:42:59.954+0100] {processor.py:925} INFO - DAG(s) 'python_pipeline' retrieved from /Users/mujtabaalimalik/airflow/dags/python_pipeline.py
[2024-10-16T13:43:00.053+0100] {logging_mixin.py:190} INFO - [2024-10-16T13:43:00.053+0100] {dag.py:3239} INFO - Sync 1 DAGs
[2024-10-16T13:43:00.059+0100] {logging_mixin.py:190} INFO - [2024-10-16T13:43:00.059+0100] {dag.py:4180} INFO - Setting next_dagrun for python_pipeline to None, run_after=None
[2024-10-16T13:43:00.065+0100] {processor.py:208} INFO - Processing /Users/mujtabaalimalik/airflow/dags/python_pipeline.py took 0.300 seconds
[2024-10-16T13:43:31.116+0100] {processor.py:186} INFO - Started process (PID=69307) to work on /Users/mujtabaalimalik/airflow/dags/python_pipeline.py
[2024-10-16T13:43:31.116+0100] {processor.py:914} INFO - Processing file /Users/mujtabaalimalik/airflow/dags/python_pipeline.py for tasks to queue
[2024-10-16T13:43:31.117+0100] {logging_mixin.py:190} INFO - [2024-10-16T13:43:31.117+0100] {dagbag.py:588} INFO - Filling up the DagBag from /Users/mujtabaalimalik/airflow/dags/python_pipeline.py
[2024-10-16T13:43:31.272+0100] {processor.py:925} INFO - DAG(s) 'python_pipeline' retrieved from /Users/mujtabaalimalik/airflow/dags/python_pipeline.py
[2024-10-16T13:43:31.363+0100] {logging_mixin.py:190} INFO - [2024-10-16T13:43:31.363+0100] {dag.py:3239} INFO - Sync 1 DAGs
[2024-10-16T13:43:31.376+0100] {logging_mixin.py:190} INFO - [2024-10-16T13:43:31.376+0100] {dag.py:4180} INFO - Setting next_dagrun for python_pipeline to None, run_after=None
[2024-10-16T13:43:31.383+0100] {processor.py:208} INFO - Processing /Users/mujtabaalimalik/airflow/dags/python_pipeline.py took 0.268 seconds
[2024-10-16T13:44:02.423+0100] {processor.py:186} INFO - Started process (PID=69330) to work on /Users/mujtabaalimalik/airflow/dags/python_pipeline.py
[2024-10-16T13:44:02.424+0100] {processor.py:914} INFO - Processing file /Users/mujtabaalimalik/airflow/dags/python_pipeline.py for tasks to queue
[2024-10-16T13:44:02.424+0100] {logging_mixin.py:190} INFO - [2024-10-16T13:44:02.424+0100] {dagbag.py:588} INFO - Filling up the DagBag from /Users/mujtabaalimalik/airflow/dags/python_pipeline.py
[2024-10-16T13:44:02.607+0100] {processor.py:925} INFO - DAG(s) 'python_pipeline' retrieved from /Users/mujtabaalimalik/airflow/dags/python_pipeline.py
[2024-10-16T13:44:02.704+0100] {logging_mixin.py:190} INFO - [2024-10-16T13:44:02.704+0100] {dag.py:3239} INFO - Sync 1 DAGs
[2024-10-16T13:44:02.710+0100] {logging_mixin.py:190} INFO - [2024-10-16T13:44:02.710+0100] {dag.py:4180} INFO - Setting next_dagrun for python_pipeline to None, run_after=None
[2024-10-16T13:44:02.716+0100] {processor.py:208} INFO - Processing /Users/mujtabaalimalik/airflow/dags/python_pipeline.py took 0.294 seconds
[2024-10-16T13:44:33.810+0100] {processor.py:186} INFO - Started process (PID=69366) to work on /Users/mujtabaalimalik/airflow/dags/python_pipeline.py
[2024-10-16T13:44:33.810+0100] {processor.py:914} INFO - Processing file /Users/mujtabaalimalik/airflow/dags/python_pipeline.py for tasks to queue
[2024-10-16T13:44:33.811+0100] {logging_mixin.py:190} INFO - [2024-10-16T13:44:33.811+0100] {dagbag.py:588} INFO - Filling up the DagBag from /Users/mujtabaalimalik/airflow/dags/python_pipeline.py
[2024-10-16T13:44:33.967+0100] {processor.py:925} INFO - DAG(s) 'python_pipeline' retrieved from /Users/mujtabaalimalik/airflow/dags/python_pipeline.py
[2024-10-16T13:44:34.065+0100] {logging_mixin.py:190} INFO - [2024-10-16T13:44:34.065+0100] {dag.py:3239} INFO - Sync 1 DAGs
[2024-10-16T13:44:34.071+0100] {logging_mixin.py:190} INFO - [2024-10-16T13:44:34.071+0100] {dag.py:4180} INFO - Setting next_dagrun for python_pipeline to None, run_after=None
[2024-10-16T13:44:34.079+0100] {processor.py:208} INFO - Processing /Users/mujtabaalimalik/airflow/dags/python_pipeline.py took 0.271 seconds
[2024-10-16T13:45:05.220+0100] {processor.py:186} INFO - Started process (PID=69394) to work on /Users/mujtabaalimalik/airflow/dags/python_pipeline.py
[2024-10-16T13:45:05.220+0100] {processor.py:914} INFO - Processing file /Users/mujtabaalimalik/airflow/dags/python_pipeline.py for tasks to queue
[2024-10-16T13:45:05.221+0100] {logging_mixin.py:190} INFO - [2024-10-16T13:45:05.221+0100] {dagbag.py:588} INFO - Filling up the DagBag from /Users/mujtabaalimalik/airflow/dags/python_pipeline.py
[2024-10-16T13:45:05.411+0100] {processor.py:925} INFO - DAG(s) 'python_pipeline' retrieved from /Users/mujtabaalimalik/airflow/dags/python_pipeline.py
[2024-10-16T13:45:05.505+0100] {logging_mixin.py:190} INFO - [2024-10-16T13:45:05.505+0100] {dag.py:3239} INFO - Sync 1 DAGs
[2024-10-16T13:45:05.512+0100] {logging_mixin.py:190} INFO - [2024-10-16T13:45:05.511+0100] {dag.py:4180} INFO - Setting next_dagrun for python_pipeline to None, run_after=None
[2024-10-16T13:45:05.518+0100] {processor.py:208} INFO - Processing /Users/mujtabaalimalik/airflow/dags/python_pipeline.py took 0.299 seconds
[2024-10-16T13:45:36.727+0100] {processor.py:186} INFO - Started process (PID=69437) to work on /Users/mujtabaalimalik/airflow/dags/python_pipeline.py
[2024-10-16T13:45:36.727+0100] {processor.py:914} INFO - Processing file /Users/mujtabaalimalik/airflow/dags/python_pipeline.py for tasks to queue
[2024-10-16T13:45:36.727+0100] {logging_mixin.py:190} INFO - [2024-10-16T13:45:36.727+0100] {dagbag.py:588} INFO - Filling up the DagBag from /Users/mujtabaalimalik/airflow/dags/python_pipeline.py
[2024-10-16T13:45:36.920+0100] {processor.py:925} INFO - DAG(s) 'python_pipeline' retrieved from /Users/mujtabaalimalik/airflow/dags/python_pipeline.py
[2024-10-16T13:45:37.008+0100] {logging_mixin.py:190} INFO - [2024-10-16T13:45:37.008+0100] {dag.py:3239} INFO - Sync 1 DAGs
[2024-10-16T13:45:37.014+0100] {logging_mixin.py:190} INFO - [2024-10-16T13:45:37.014+0100] {dag.py:4180} INFO - Setting next_dagrun for python_pipeline to None, run_after=None
[2024-10-16T13:45:37.021+0100] {processor.py:208} INFO - Processing /Users/mujtabaalimalik/airflow/dags/python_pipeline.py took 0.295 seconds
[2024-10-16T13:46:08.248+0100] {processor.py:186} INFO - Started process (PID=69468) to work on /Users/mujtabaalimalik/airflow/dags/python_pipeline.py
[2024-10-16T13:46:08.248+0100] {processor.py:914} INFO - Processing file /Users/mujtabaalimalik/airflow/dags/python_pipeline.py for tasks to queue
[2024-10-16T13:46:08.249+0100] {logging_mixin.py:190} INFO - [2024-10-16T13:46:08.248+0100] {dagbag.py:588} INFO - Filling up the DagBag from /Users/mujtabaalimalik/airflow/dags/python_pipeline.py
[2024-10-16T13:46:08.402+0100] {processor.py:925} INFO - DAG(s) 'python_pipeline' retrieved from /Users/mujtabaalimalik/airflow/dags/python_pipeline.py
[2024-10-16T13:46:08.485+0100] {logging_mixin.py:190} INFO - [2024-10-16T13:46:08.484+0100] {dag.py:3239} INFO - Sync 1 DAGs
[2024-10-16T13:46:08.496+0100] {logging_mixin.py:190} INFO - [2024-10-16T13:46:08.496+0100] {dag.py:4180} INFO - Setting next_dagrun for python_pipeline to None, run_after=None
[2024-10-16T13:46:08.503+0100] {processor.py:208} INFO - Processing /Users/mujtabaalimalik/airflow/dags/python_pipeline.py took 0.256 seconds
[2024-10-16T13:46:39.864+0100] {processor.py:186} INFO - Started process (PID=69509) to work on /Users/mujtabaalimalik/airflow/dags/python_pipeline.py
[2024-10-16T13:46:39.865+0100] {processor.py:914} INFO - Processing file /Users/mujtabaalimalik/airflow/dags/python_pipeline.py for tasks to queue
[2024-10-16T13:46:39.865+0100] {logging_mixin.py:190} INFO - [2024-10-16T13:46:39.865+0100] {dagbag.py:588} INFO - Filling up the DagBag from /Users/mujtabaalimalik/airflow/dags/python_pipeline.py
[2024-10-16T13:46:40.063+0100] {processor.py:925} INFO - DAG(s) 'python_pipeline' retrieved from /Users/mujtabaalimalik/airflow/dags/python_pipeline.py
[2024-10-16T13:46:40.155+0100] {logging_mixin.py:190} INFO - [2024-10-16T13:46:40.155+0100] {dag.py:3239} INFO - Sync 1 DAGs
[2024-10-16T13:46:40.161+0100] {logging_mixin.py:190} INFO - [2024-10-16T13:46:40.161+0100] {dag.py:4180} INFO - Setting next_dagrun for python_pipeline to None, run_after=None
[2024-10-16T13:46:40.167+0100] {processor.py:208} INFO - Processing /Users/mujtabaalimalik/airflow/dags/python_pipeline.py took 0.304 seconds
[2024-10-16T13:47:11.077+0100] {processor.py:186} INFO - Started process (PID=69539) to work on /Users/mujtabaalimalik/airflow/dags/python_pipeline.py
[2024-10-16T13:47:11.078+0100] {processor.py:914} INFO - Processing file /Users/mujtabaalimalik/airflow/dags/python_pipeline.py for tasks to queue
[2024-10-16T13:47:11.078+0100] {logging_mixin.py:190} INFO - [2024-10-16T13:47:11.078+0100] {dagbag.py:588} INFO - Filling up the DagBag from /Users/mujtabaalimalik/airflow/dags/python_pipeline.py
[2024-10-16T13:47:11.266+0100] {processor.py:925} INFO - DAG(s) 'python_pipeline' retrieved from /Users/mujtabaalimalik/airflow/dags/python_pipeline.py
[2024-10-16T13:47:11.362+0100] {logging_mixin.py:190} INFO - [2024-10-16T13:47:11.362+0100] {dag.py:3239} INFO - Sync 1 DAGs
[2024-10-16T13:47:11.368+0100] {logging_mixin.py:190} INFO - [2024-10-16T13:47:11.368+0100] {dag.py:4180} INFO - Setting next_dagrun for python_pipeline to None, run_after=None
[2024-10-16T13:47:11.375+0100] {processor.py:208} INFO - Processing /Users/mujtabaalimalik/airflow/dags/python_pipeline.py took 0.299 seconds
[2024-10-16T13:47:42.313+0100] {processor.py:186} INFO - Started process (PID=69640) to work on /Users/mujtabaalimalik/airflow/dags/python_pipeline.py
[2024-10-16T13:47:42.314+0100] {processor.py:914} INFO - Processing file /Users/mujtabaalimalik/airflow/dags/python_pipeline.py for tasks to queue
[2024-10-16T13:47:42.314+0100] {logging_mixin.py:190} INFO - [2024-10-16T13:47:42.314+0100] {dagbag.py:588} INFO - Filling up the DagBag from /Users/mujtabaalimalik/airflow/dags/python_pipeline.py
[2024-10-16T13:47:42.473+0100] {processor.py:925} INFO - DAG(s) 'python_pipeline' retrieved from /Users/mujtabaalimalik/airflow/dags/python_pipeline.py
[2024-10-16T13:47:42.569+0100] {logging_mixin.py:190} INFO - [2024-10-16T13:47:42.569+0100] {dag.py:3239} INFO - Sync 1 DAGs
[2024-10-16T13:47:42.580+0100] {logging_mixin.py:190} INFO - [2024-10-16T13:47:42.580+0100] {dag.py:4180} INFO - Setting next_dagrun for python_pipeline to None, run_after=None
[2024-10-16T13:47:42.590+0100] {processor.py:208} INFO - Processing /Users/mujtabaalimalik/airflow/dags/python_pipeline.py took 0.277 seconds
[2024-10-16T13:48:29.056+0100] {processor.py:186} INFO - Started process (PID=69712) to work on /Users/mujtabaalimalik/airflow/dags/python_pipeline.py
[2024-10-16T13:48:29.056+0100] {processor.py:914} INFO - Processing file /Users/mujtabaalimalik/airflow/dags/python_pipeline.py for tasks to queue
[2024-10-16T13:48:29.057+0100] {logging_mixin.py:190} INFO - [2024-10-16T13:48:29.057+0100] {dagbag.py:588} INFO - Filling up the DagBag from /Users/mujtabaalimalik/airflow/dags/python_pipeline.py
[2024-10-16T13:48:29.221+0100] {processor.py:925} INFO - DAG(s) 'python_pipeline' retrieved from /Users/mujtabaalimalik/airflow/dags/python_pipeline.py
[2024-10-16T13:48:29.312+0100] {logging_mixin.py:190} INFO - [2024-10-16T13:48:29.312+0100] {dag.py:3239} INFO - Sync 1 DAGs
[2024-10-16T13:48:29.318+0100] {logging_mixin.py:190} INFO - [2024-10-16T13:48:29.318+0100] {dag.py:4180} INFO - Setting next_dagrun for python_pipeline to None, run_after=None
[2024-10-16T13:48:29.324+0100] {processor.py:208} INFO - Processing /Users/mujtabaalimalik/airflow/dags/python_pipeline.py took 0.269 seconds
[2024-10-16T13:49:00.581+0100] {processor.py:186} INFO - Started process (PID=69751) to work on /Users/mujtabaalimalik/airflow/dags/python_pipeline.py
[2024-10-16T13:49:00.582+0100] {processor.py:914} INFO - Processing file /Users/mujtabaalimalik/airflow/dags/python_pipeline.py for tasks to queue
[2024-10-16T13:49:00.582+0100] {logging_mixin.py:190} INFO - [2024-10-16T13:49:00.582+0100] {dagbag.py:588} INFO - Filling up the DagBag from /Users/mujtabaalimalik/airflow/dags/python_pipeline.py
[2024-10-16T13:49:00.761+0100] {processor.py:925} INFO - DAG(s) 'python_pipeline' retrieved from /Users/mujtabaalimalik/airflow/dags/python_pipeline.py
[2024-10-16T13:49:00.849+0100] {logging_mixin.py:190} INFO - [2024-10-16T13:49:00.849+0100] {dag.py:3239} INFO - Sync 1 DAGs
[2024-10-16T13:49:00.855+0100] {logging_mixin.py:190} INFO - [2024-10-16T13:49:00.855+0100] {dag.py:4180} INFO - Setting next_dagrun for python_pipeline to None, run_after=None
[2024-10-16T13:49:00.862+0100] {processor.py:208} INFO - Processing /Users/mujtabaalimalik/airflow/dags/python_pipeline.py took 0.282 seconds
[2024-10-16T13:49:33.147+0100] {processor.py:186} INFO - Started process (PID=69781) to work on /Users/mujtabaalimalik/airflow/dags/python_pipeline.py
[2024-10-16T13:49:33.148+0100] {processor.py:914} INFO - Processing file /Users/mujtabaalimalik/airflow/dags/python_pipeline.py for tasks to queue
[2024-10-16T13:49:33.148+0100] {logging_mixin.py:190} INFO - [2024-10-16T13:49:33.148+0100] {dagbag.py:588} INFO - Filling up the DagBag from /Users/mujtabaalimalik/airflow/dags/python_pipeline.py
[2024-10-16T13:49:33.323+0100] {processor.py:925} INFO - DAG(s) 'python_pipeline' retrieved from /Users/mujtabaalimalik/airflow/dags/python_pipeline.py
[2024-10-16T13:49:33.412+0100] {logging_mixin.py:190} INFO - [2024-10-16T13:49:33.411+0100] {dag.py:3239} INFO - Sync 1 DAGs
[2024-10-16T13:49:33.419+0100] {logging_mixin.py:190} INFO - [2024-10-16T13:49:33.419+0100] {dag.py:4180} INFO - Setting next_dagrun for python_pipeline to None, run_after=None
[2024-10-16T13:49:33.425+0100] {processor.py:208} INFO - Processing /Users/mujtabaalimalik/airflow/dags/python_pipeline.py took 0.279 seconds
[2024-10-16T13:50:04.473+0100] {processor.py:186} INFO - Started process (PID=69825) to work on /Users/mujtabaalimalik/airflow/dags/python_pipeline.py
[2024-10-16T13:50:04.474+0100] {processor.py:914} INFO - Processing file /Users/mujtabaalimalik/airflow/dags/python_pipeline.py for tasks to queue
[2024-10-16T13:50:04.474+0100] {logging_mixin.py:190} INFO - [2024-10-16T13:50:04.474+0100] {dagbag.py:588} INFO - Filling up the DagBag from /Users/mujtabaalimalik/airflow/dags/python_pipeline.py
[2024-10-16T13:50:04.675+0100] {processor.py:925} INFO - DAG(s) 'python_pipeline' retrieved from /Users/mujtabaalimalik/airflow/dags/python_pipeline.py
[2024-10-16T13:50:04.783+0100] {logging_mixin.py:190} INFO - [2024-10-16T13:50:04.783+0100] {dag.py:3239} INFO - Sync 1 DAGs
[2024-10-16T13:50:04.789+0100] {logging_mixin.py:190} INFO - [2024-10-16T13:50:04.789+0100] {dag.py:4180} INFO - Setting next_dagrun for python_pipeline to None, run_after=None
[2024-10-16T13:50:04.795+0100] {processor.py:208} INFO - Processing /Users/mujtabaalimalik/airflow/dags/python_pipeline.py took 0.323 seconds
[2024-10-16T13:50:44.202+0100] {processor.py:186} INFO - Started process (PID=69960) to work on /Users/mujtabaalimalik/airflow/dags/python_pipeline.py
[2024-10-16T13:50:44.202+0100] {processor.py:914} INFO - Processing file /Users/mujtabaalimalik/airflow/dags/python_pipeline.py for tasks to queue
[2024-10-16T13:50:44.202+0100] {logging_mixin.py:190} INFO - [2024-10-16T13:50:44.202+0100] {dagbag.py:588} INFO - Filling up the DagBag from /Users/mujtabaalimalik/airflow/dags/python_pipeline.py
[2024-10-16T13:50:44.286+0100] {processor.py:925} INFO - DAG(s) 'python_pipeline' retrieved from /Users/mujtabaalimalik/airflow/dags/python_pipeline.py
[2024-10-16T13:50:44.288+0100] {logging_mixin.py:190} INFO - [2024-10-16T13:50:44.288+0100] {dag.py:3239} INFO - Sync 1 DAGs
[2024-10-16T13:50:44.344+0100] {logging_mixin.py:190} INFO - [2024-10-16T13:50:44.344+0100] {dag.py:4180} INFO - Setting next_dagrun for python_pipeline to None, run_after=None
[2024-10-16T13:50:44.351+0100] {processor.py:208} INFO - Processing /Users/mujtabaalimalik/airflow/dags/python_pipeline.py took 0.150 seconds
[2024-10-16T13:51:18.605+0100] {processor.py:186} INFO - Started process (PID=69999) to work on /Users/mujtabaalimalik/airflow/dags/python_pipeline.py
[2024-10-16T13:51:18.605+0100] {processor.py:914} INFO - Processing file /Users/mujtabaalimalik/airflow/dags/python_pipeline.py for tasks to queue
[2024-10-16T13:51:18.606+0100] {logging_mixin.py:190} INFO - [2024-10-16T13:51:18.606+0100] {dagbag.py:588} INFO - Filling up the DagBag from /Users/mujtabaalimalik/airflow/dags/python_pipeline.py
[2024-10-16T13:51:18.719+0100] {processor.py:925} INFO - DAG(s) 'python_pipeline' retrieved from /Users/mujtabaalimalik/airflow/dags/python_pipeline.py
[2024-10-16T13:51:18.814+0100] {logging_mixin.py:190} INFO - [2024-10-16T13:51:18.814+0100] {dag.py:3239} INFO - Sync 1 DAGs
[2024-10-16T13:51:18.821+0100] {logging_mixin.py:190} INFO - [2024-10-16T13:51:18.821+0100] {dag.py:4180} INFO - Setting next_dagrun for python_pipeline to None, run_after=None
[2024-10-16T13:51:18.827+0100] {processor.py:208} INFO - Processing /Users/mujtabaalimalik/airflow/dags/python_pipeline.py took 0.224 seconds
[2024-10-16T13:51:50.099+0100] {processor.py:186} INFO - Started process (PID=70054) to work on /Users/mujtabaalimalik/airflow/dags/python_pipeline.py
[2024-10-16T13:51:50.100+0100] {processor.py:914} INFO - Processing file /Users/mujtabaalimalik/airflow/dags/python_pipeline.py for tasks to queue
[2024-10-16T13:51:50.100+0100] {logging_mixin.py:190} INFO - [2024-10-16T13:51:50.100+0100] {dagbag.py:588} INFO - Filling up the DagBag from /Users/mujtabaalimalik/airflow/dags/python_pipeline.py
[2024-10-16T13:51:50.186+0100] {processor.py:925} INFO - DAG(s) 'python_pipeline' retrieved from /Users/mujtabaalimalik/airflow/dags/python_pipeline.py
[2024-10-16T13:51:50.243+0100] {logging_mixin.py:190} INFO - [2024-10-16T13:51:50.243+0100] {dag.py:3239} INFO - Sync 1 DAGs
[2024-10-16T13:51:50.249+0100] {logging_mixin.py:190} INFO - [2024-10-16T13:51:50.249+0100] {dag.py:4180} INFO - Setting next_dagrun for python_pipeline to None, run_after=None
[2024-10-16T13:51:50.254+0100] {processor.py:208} INFO - Processing /Users/mujtabaalimalik/airflow/dags/python_pipeline.py took 0.157 seconds
[2024-10-16T13:52:21.957+0100] {processor.py:186} INFO - Started process (PID=70109) to work on /Users/mujtabaalimalik/airflow/dags/python_pipeline.py
[2024-10-16T13:52:21.957+0100] {processor.py:914} INFO - Processing file /Users/mujtabaalimalik/airflow/dags/python_pipeline.py for tasks to queue
[2024-10-16T13:52:21.958+0100] {logging_mixin.py:190} INFO - [2024-10-16T13:52:21.958+0100] {dagbag.py:588} INFO - Filling up the DagBag from /Users/mujtabaalimalik/airflow/dags/python_pipeline.py
[2024-10-16T13:52:22.043+0100] {processor.py:925} INFO - DAG(s) 'python_pipeline' retrieved from /Users/mujtabaalimalik/airflow/dags/python_pipeline.py
[2024-10-16T13:52:22.097+0100] {logging_mixin.py:190} INFO - [2024-10-16T13:52:22.097+0100] {dag.py:3239} INFO - Sync 1 DAGs
[2024-10-16T13:52:22.103+0100] {logging_mixin.py:190} INFO - [2024-10-16T13:52:22.103+0100] {dag.py:4180} INFO - Setting next_dagrun for python_pipeline to None, run_after=None
[2024-10-16T13:52:22.109+0100] {processor.py:208} INFO - Processing /Users/mujtabaalimalik/airflow/dags/python_pipeline.py took 0.153 seconds
[2024-10-16T13:52:53.688+0100] {processor.py:186} INFO - Started process (PID=70141) to work on /Users/mujtabaalimalik/airflow/dags/python_pipeline.py
[2024-10-16T13:52:53.689+0100] {processor.py:914} INFO - Processing file /Users/mujtabaalimalik/airflow/dags/python_pipeline.py for tasks to queue
[2024-10-16T13:52:53.689+0100] {logging_mixin.py:190} INFO - [2024-10-16T13:52:53.689+0100] {dagbag.py:588} INFO - Filling up the DagBag from /Users/mujtabaalimalik/airflow/dags/python_pipeline.py
[2024-10-16T13:52:53.774+0100] {processor.py:925} INFO - DAG(s) 'python_pipeline' retrieved from /Users/mujtabaalimalik/airflow/dags/python_pipeline.py
[2024-10-16T13:52:53.830+0100] {logging_mixin.py:190} INFO - [2024-10-16T13:52:53.829+0100] {dag.py:3239} INFO - Sync 1 DAGs
[2024-10-16T13:52:53.836+0100] {logging_mixin.py:190} INFO - [2024-10-16T13:52:53.835+0100] {dag.py:4180} INFO - Setting next_dagrun for python_pipeline to None, run_after=None
[2024-10-16T13:52:53.841+0100] {processor.py:208} INFO - Processing /Users/mujtabaalimalik/airflow/dags/python_pipeline.py took 0.154 seconds
[2024-10-16T13:53:25.026+0100] {processor.py:186} INFO - Started process (PID=70165) to work on /Users/mujtabaalimalik/airflow/dags/python_pipeline.py
[2024-10-16T13:53:25.027+0100] {processor.py:914} INFO - Processing file /Users/mujtabaalimalik/airflow/dags/python_pipeline.py for tasks to queue
[2024-10-16T13:53:25.027+0100] {logging_mixin.py:190} INFO - [2024-10-16T13:53:25.027+0100] {dagbag.py:588} INFO - Filling up the DagBag from /Users/mujtabaalimalik/airflow/dags/python_pipeline.py
[2024-10-16T13:53:25.111+0100] {processor.py:925} INFO - DAG(s) 'python_pipeline' retrieved from /Users/mujtabaalimalik/airflow/dags/python_pipeline.py
[2024-10-16T13:53:25.166+0100] {logging_mixin.py:190} INFO - [2024-10-16T13:53:25.166+0100] {dag.py:3239} INFO - Sync 1 DAGs
[2024-10-16T13:53:25.171+0100] {logging_mixin.py:190} INFO - [2024-10-16T13:53:25.171+0100] {dag.py:4180} INFO - Setting next_dagrun for python_pipeline to None, run_after=None
[2024-10-16T13:53:25.177+0100] {processor.py:208} INFO - Processing /Users/mujtabaalimalik/airflow/dags/python_pipeline.py took 0.152 seconds
[2024-10-16T13:53:56.322+0100] {processor.py:186} INFO - Started process (PID=70217) to work on /Users/mujtabaalimalik/airflow/dags/python_pipeline.py
[2024-10-16T13:53:56.322+0100] {processor.py:914} INFO - Processing file /Users/mujtabaalimalik/airflow/dags/python_pipeline.py for tasks to queue
[2024-10-16T13:53:56.322+0100] {logging_mixin.py:190} INFO - [2024-10-16T13:53:56.322+0100] {dagbag.py:588} INFO - Filling up the DagBag from /Users/mujtabaalimalik/airflow/dags/python_pipeline.py
[2024-10-16T13:53:56.412+0100] {processor.py:925} INFO - DAG(s) 'python_pipeline' retrieved from /Users/mujtabaalimalik/airflow/dags/python_pipeline.py
[2024-10-16T13:53:56.471+0100] {logging_mixin.py:190} INFO - [2024-10-16T13:53:56.471+0100] {dag.py:3239} INFO - Sync 1 DAGs
[2024-10-16T13:53:56.477+0100] {logging_mixin.py:190} INFO - [2024-10-16T13:53:56.477+0100] {dag.py:4180} INFO - Setting next_dagrun for python_pipeline to None, run_after=None
[2024-10-16T13:53:56.483+0100] {processor.py:208} INFO - Processing /Users/mujtabaalimalik/airflow/dags/python_pipeline.py took 0.162 seconds
[2024-10-16T13:54:27.819+0100] {processor.py:186} INFO - Started process (PID=70283) to work on /Users/mujtabaalimalik/airflow/dags/python_pipeline.py
[2024-10-16T13:54:27.820+0100] {processor.py:914} INFO - Processing file /Users/mujtabaalimalik/airflow/dags/python_pipeline.py for tasks to queue
[2024-10-16T13:54:27.820+0100] {logging_mixin.py:190} INFO - [2024-10-16T13:54:27.820+0100] {dagbag.py:588} INFO - Filling up the DagBag from /Users/mujtabaalimalik/airflow/dags/python_pipeline.py
[2024-10-16T13:54:27.911+0100] {processor.py:925} INFO - DAG(s) 'python_pipeline' retrieved from /Users/mujtabaalimalik/airflow/dags/python_pipeline.py
[2024-10-16T13:54:27.969+0100] {logging_mixin.py:190} INFO - [2024-10-16T13:54:27.968+0100] {dag.py:3239} INFO - Sync 1 DAGs
[2024-10-16T13:54:27.975+0100] {logging_mixin.py:190} INFO - [2024-10-16T13:54:27.975+0100] {dag.py:4180} INFO - Setting next_dagrun for python_pipeline to None, run_after=None
[2024-10-16T13:54:27.981+0100] {processor.py:208} INFO - Processing /Users/mujtabaalimalik/airflow/dags/python_pipeline.py took 0.163 seconds
[2024-10-16T13:54:58.865+0100] {processor.py:186} INFO - Started process (PID=70361) to work on /Users/mujtabaalimalik/airflow/dags/python_pipeline.py
[2024-10-16T13:54:58.866+0100] {processor.py:914} INFO - Processing file /Users/mujtabaalimalik/airflow/dags/python_pipeline.py for tasks to queue
[2024-10-16T13:54:58.866+0100] {logging_mixin.py:190} INFO - [2024-10-16T13:54:58.866+0100] {dagbag.py:588} INFO - Filling up the DagBag from /Users/mujtabaalimalik/airflow/dags/python_pipeline.py
[2024-10-16T13:54:58.968+0100] {processor.py:925} INFO - DAG(s) 'python_pipeline' retrieved from /Users/mujtabaalimalik/airflow/dags/python_pipeline.py
[2024-10-16T13:54:59.024+0100] {logging_mixin.py:190} INFO - [2024-10-16T13:54:59.024+0100] {dag.py:3239} INFO - Sync 1 DAGs
[2024-10-16T13:54:59.030+0100] {logging_mixin.py:190} INFO - [2024-10-16T13:54:59.030+0100] {dag.py:4180} INFO - Setting next_dagrun for python_pipeline to None, run_after=None
[2024-10-16T13:54:59.036+0100] {processor.py:208} INFO - Processing /Users/mujtabaalimalik/airflow/dags/python_pipeline.py took 0.171 seconds
[2024-10-16T13:55:30.253+0100] {processor.py:186} INFO - Started process (PID=70428) to work on /Users/mujtabaalimalik/airflow/dags/python_pipeline.py
[2024-10-16T13:55:30.254+0100] {processor.py:914} INFO - Processing file /Users/mujtabaalimalik/airflow/dags/python_pipeline.py for tasks to queue
[2024-10-16T13:55:30.255+0100] {logging_mixin.py:190} INFO - [2024-10-16T13:55:30.255+0100] {dagbag.py:588} INFO - Filling up the DagBag from /Users/mujtabaalimalik/airflow/dags/python_pipeline.py
[2024-10-16T13:55:30.340+0100] {processor.py:925} INFO - DAG(s) 'python_pipeline' retrieved from /Users/mujtabaalimalik/airflow/dags/python_pipeline.py
[2024-10-16T13:55:30.395+0100] {logging_mixin.py:190} INFO - [2024-10-16T13:55:30.395+0100] {dag.py:3239} INFO - Sync 1 DAGs
[2024-10-16T13:55:30.400+0100] {logging_mixin.py:190} INFO - [2024-10-16T13:55:30.400+0100] {dag.py:4180} INFO - Setting next_dagrun for python_pipeline to None, run_after=None
[2024-10-16T13:55:30.406+0100] {processor.py:208} INFO - Processing /Users/mujtabaalimalik/airflow/dags/python_pipeline.py took 0.154 seconds
[2024-10-16T13:56:01.389+0100] {processor.py:186} INFO - Started process (PID=70457) to work on /Users/mujtabaalimalik/airflow/dags/python_pipeline.py
[2024-10-16T13:56:01.389+0100] {processor.py:914} INFO - Processing file /Users/mujtabaalimalik/airflow/dags/python_pipeline.py for tasks to queue
[2024-10-16T13:56:01.389+0100] {logging_mixin.py:190} INFO - [2024-10-16T13:56:01.389+0100] {dagbag.py:588} INFO - Filling up the DagBag from /Users/mujtabaalimalik/airflow/dags/python_pipeline.py
[2024-10-16T13:56:01.472+0100] {processor.py:925} INFO - DAG(s) 'python_pipeline' retrieved from /Users/mujtabaalimalik/airflow/dags/python_pipeline.py
[2024-10-16T13:56:01.526+0100] {logging_mixin.py:190} INFO - [2024-10-16T13:56:01.526+0100] {dag.py:3239} INFO - Sync 1 DAGs
[2024-10-16T13:56:01.531+0100] {logging_mixin.py:190} INFO - [2024-10-16T13:56:01.531+0100] {dag.py:4180} INFO - Setting next_dagrun for python_pipeline to None, run_after=None
[2024-10-16T13:56:01.537+0100] {processor.py:208} INFO - Processing /Users/mujtabaalimalik/airflow/dags/python_pipeline.py took 0.149 seconds
[2024-10-16T13:56:32.792+0100] {processor.py:186} INFO - Started process (PID=70483) to work on /Users/mujtabaalimalik/airflow/dags/python_pipeline.py
[2024-10-16T13:56:32.793+0100] {processor.py:914} INFO - Processing file /Users/mujtabaalimalik/airflow/dags/python_pipeline.py for tasks to queue
[2024-10-16T13:56:32.793+0100] {logging_mixin.py:190} INFO - [2024-10-16T13:56:32.793+0100] {dagbag.py:588} INFO - Filling up the DagBag from /Users/mujtabaalimalik/airflow/dags/python_pipeline.py
[2024-10-16T13:56:32.881+0100] {processor.py:925} INFO - DAG(s) 'python_pipeline' retrieved from /Users/mujtabaalimalik/airflow/dags/python_pipeline.py
[2024-10-16T13:56:32.936+0100] {logging_mixin.py:190} INFO - [2024-10-16T13:56:32.936+0100] {dag.py:3239} INFO - Sync 1 DAGs
[2024-10-16T13:56:32.942+0100] {logging_mixin.py:190} INFO - [2024-10-16T13:56:32.942+0100] {dag.py:4180} INFO - Setting next_dagrun for python_pipeline to None, run_after=None
[2024-10-16T13:56:32.947+0100] {processor.py:208} INFO - Processing /Users/mujtabaalimalik/airflow/dags/python_pipeline.py took 0.156 seconds
[2024-10-16T13:57:03.987+0100] {processor.py:186} INFO - Started process (PID=70512) to work on /Users/mujtabaalimalik/airflow/dags/python_pipeline.py
[2024-10-16T13:57:03.987+0100] {processor.py:914} INFO - Processing file /Users/mujtabaalimalik/airflow/dags/python_pipeline.py for tasks to queue
[2024-10-16T13:57:03.988+0100] {logging_mixin.py:190} INFO - [2024-10-16T13:57:03.988+0100] {dagbag.py:588} INFO - Filling up the DagBag from /Users/mujtabaalimalik/airflow/dags/python_pipeline.py
[2024-10-16T13:57:04.072+0100] {processor.py:925} INFO - DAG(s) 'python_pipeline' retrieved from /Users/mujtabaalimalik/airflow/dags/python_pipeline.py
[2024-10-16T13:57:04.126+0100] {logging_mixin.py:190} INFO - [2024-10-16T13:57:04.126+0100] {dag.py:3239} INFO - Sync 1 DAGs
[2024-10-16T13:57:04.132+0100] {logging_mixin.py:190} INFO - [2024-10-16T13:57:04.132+0100] {dag.py:4180} INFO - Setting next_dagrun for python_pipeline to None, run_after=None
[2024-10-16T13:57:04.138+0100] {processor.py:208} INFO - Processing /Users/mujtabaalimalik/airflow/dags/python_pipeline.py took 0.152 seconds
[2024-10-16T13:57:35.358+0100] {processor.py:186} INFO - Started process (PID=70537) to work on /Users/mujtabaalimalik/airflow/dags/python_pipeline.py
[2024-10-16T13:57:35.358+0100] {processor.py:914} INFO - Processing file /Users/mujtabaalimalik/airflow/dags/python_pipeline.py for tasks to queue
[2024-10-16T13:57:35.358+0100] {logging_mixin.py:190} INFO - [2024-10-16T13:57:35.358+0100] {dagbag.py:588} INFO - Filling up the DagBag from /Users/mujtabaalimalik/airflow/dags/python_pipeline.py
[2024-10-16T13:57:35.448+0100] {processor.py:925} INFO - DAG(s) 'python_pipeline' retrieved from /Users/mujtabaalimalik/airflow/dags/python_pipeline.py
[2024-10-16T13:57:35.503+0100] {logging_mixin.py:190} INFO - [2024-10-16T13:57:35.503+0100] {dag.py:3239} INFO - Sync 1 DAGs
[2024-10-16T13:57:35.509+0100] {logging_mixin.py:190} INFO - [2024-10-16T13:57:35.509+0100] {dag.py:4180} INFO - Setting next_dagrun for python_pipeline to None, run_after=None
[2024-10-16T13:57:35.515+0100] {processor.py:208} INFO - Processing /Users/mujtabaalimalik/airflow/dags/python_pipeline.py took 0.158 seconds
[2024-10-16T13:58:06.794+0100] {processor.py:186} INFO - Started process (PID=70584) to work on /Users/mujtabaalimalik/airflow/dags/python_pipeline.py
[2024-10-16T13:58:06.795+0100] {processor.py:914} INFO - Processing file /Users/mujtabaalimalik/airflow/dags/python_pipeline.py for tasks to queue
[2024-10-16T13:58:06.795+0100] {logging_mixin.py:190} INFO - [2024-10-16T13:58:06.795+0100] {dagbag.py:588} INFO - Filling up the DagBag from /Users/mujtabaalimalik/airflow/dags/python_pipeline.py
[2024-10-16T13:58:06.881+0100] {processor.py:925} INFO - DAG(s) 'python_pipeline' retrieved from /Users/mujtabaalimalik/airflow/dags/python_pipeline.py
[2024-10-16T13:58:06.937+0100] {logging_mixin.py:190} INFO - [2024-10-16T13:58:06.937+0100] {dag.py:3239} INFO - Sync 1 DAGs
[2024-10-16T13:58:06.943+0100] {logging_mixin.py:190} INFO - [2024-10-16T13:58:06.943+0100] {dag.py:4180} INFO - Setting next_dagrun for python_pipeline to None, run_after=None
[2024-10-16T13:58:06.948+0100] {processor.py:208} INFO - Processing /Users/mujtabaalimalik/airflow/dags/python_pipeline.py took 0.155 seconds
[2024-10-16T13:58:38.187+0100] {processor.py:186} INFO - Started process (PID=70615) to work on /Users/mujtabaalimalik/airflow/dags/python_pipeline.py
[2024-10-16T13:58:38.188+0100] {processor.py:914} INFO - Processing file /Users/mujtabaalimalik/airflow/dags/python_pipeline.py for tasks to queue
[2024-10-16T13:58:38.188+0100] {logging_mixin.py:190} INFO - [2024-10-16T13:58:38.188+0100] {dagbag.py:588} INFO - Filling up the DagBag from /Users/mujtabaalimalik/airflow/dags/python_pipeline.py
[2024-10-16T13:58:38.275+0100] {processor.py:925} INFO - DAG(s) 'python_pipeline' retrieved from /Users/mujtabaalimalik/airflow/dags/python_pipeline.py
[2024-10-16T13:58:38.330+0100] {logging_mixin.py:190} INFO - [2024-10-16T13:58:38.330+0100] {dag.py:3239} INFO - Sync 1 DAGs
[2024-10-16T13:58:38.336+0100] {logging_mixin.py:190} INFO - [2024-10-16T13:58:38.336+0100] {dag.py:4180} INFO - Setting next_dagrun for python_pipeline to None, run_after=None
[2024-10-16T13:58:38.341+0100] {processor.py:208} INFO - Processing /Users/mujtabaalimalik/airflow/dags/python_pipeline.py took 0.155 seconds
[2024-10-16T13:59:09.429+0100] {processor.py:186} INFO - Started process (PID=70645) to work on /Users/mujtabaalimalik/airflow/dags/python_pipeline.py
[2024-10-16T13:59:09.429+0100] {processor.py:914} INFO - Processing file /Users/mujtabaalimalik/airflow/dags/python_pipeline.py for tasks to queue
[2024-10-16T13:59:09.430+0100] {logging_mixin.py:190} INFO - [2024-10-16T13:59:09.430+0100] {dagbag.py:588} INFO - Filling up the DagBag from /Users/mujtabaalimalik/airflow/dags/python_pipeline.py
[2024-10-16T13:59:09.519+0100] {processor.py:925} INFO - DAG(s) 'python_pipeline' retrieved from /Users/mujtabaalimalik/airflow/dags/python_pipeline.py
[2024-10-16T13:59:09.575+0100] {logging_mixin.py:190} INFO - [2024-10-16T13:59:09.575+0100] {dag.py:3239} INFO - Sync 1 DAGs
[2024-10-16T13:59:09.581+0100] {logging_mixin.py:190} INFO - [2024-10-16T13:59:09.581+0100] {dag.py:4180} INFO - Setting next_dagrun for python_pipeline to None, run_after=None
[2024-10-16T13:59:09.587+0100] {processor.py:208} INFO - Processing /Users/mujtabaalimalik/airflow/dags/python_pipeline.py took 0.159 seconds
[2024-10-16T13:59:40.843+0100] {processor.py:186} INFO - Started process (PID=70681) to work on /Users/mujtabaalimalik/airflow/dags/python_pipeline.py
[2024-10-16T13:59:40.843+0100] {processor.py:914} INFO - Processing file /Users/mujtabaalimalik/airflow/dags/python_pipeline.py for tasks to queue
[2024-10-16T13:59:40.844+0100] {logging_mixin.py:190} INFO - [2024-10-16T13:59:40.843+0100] {dagbag.py:588} INFO - Filling up the DagBag from /Users/mujtabaalimalik/airflow/dags/python_pipeline.py
[2024-10-16T13:59:40.931+0100] {processor.py:925} INFO - DAG(s) 'python_pipeline' retrieved from /Users/mujtabaalimalik/airflow/dags/python_pipeline.py
[2024-10-16T13:59:40.986+0100] {logging_mixin.py:190} INFO - [2024-10-16T13:59:40.986+0100] {dag.py:3239} INFO - Sync 1 DAGs
[2024-10-16T13:59:40.992+0100] {logging_mixin.py:190} INFO - [2024-10-16T13:59:40.992+0100] {dag.py:4180} INFO - Setting next_dagrun for python_pipeline to None, run_after=None
[2024-10-16T13:59:40.997+0100] {processor.py:208} INFO - Processing /Users/mujtabaalimalik/airflow/dags/python_pipeline.py took 0.155 seconds
[2024-10-16T14:00:12.208+0100] {processor.py:186} INFO - Started process (PID=70706) to work on /Users/mujtabaalimalik/airflow/dags/python_pipeline.py
[2024-10-16T14:00:12.208+0100] {processor.py:914} INFO - Processing file /Users/mujtabaalimalik/airflow/dags/python_pipeline.py for tasks to queue
[2024-10-16T14:00:12.209+0100] {logging_mixin.py:190} INFO - [2024-10-16T14:00:12.209+0100] {dagbag.py:588} INFO - Filling up the DagBag from /Users/mujtabaalimalik/airflow/dags/python_pipeline.py
[2024-10-16T14:00:12.300+0100] {processor.py:925} INFO - DAG(s) 'python_pipeline' retrieved from /Users/mujtabaalimalik/airflow/dags/python_pipeline.py
[2024-10-16T14:00:12.357+0100] {logging_mixin.py:190} INFO - [2024-10-16T14:00:12.357+0100] {dag.py:3239} INFO - Sync 1 DAGs
[2024-10-16T14:00:12.363+0100] {logging_mixin.py:190} INFO - [2024-10-16T14:00:12.363+0100] {dag.py:4180} INFO - Setting next_dagrun for python_pipeline to None, run_after=None
[2024-10-16T14:00:12.369+0100] {processor.py:208} INFO - Processing /Users/mujtabaalimalik/airflow/dags/python_pipeline.py took 0.162 seconds
[2024-10-16T14:00:43.945+0100] {processor.py:186} INFO - Started process (PID=70736) to work on /Users/mujtabaalimalik/airflow/dags/python_pipeline.py
[2024-10-16T14:00:43.945+0100] {processor.py:914} INFO - Processing file /Users/mujtabaalimalik/airflow/dags/python_pipeline.py for tasks to queue
[2024-10-16T14:00:43.945+0100] {logging_mixin.py:190} INFO - [2024-10-16T14:00:43.945+0100] {dagbag.py:588} INFO - Filling up the DagBag from /Users/mujtabaalimalik/airflow/dags/python_pipeline.py
[2024-10-16T14:00:44.032+0100] {processor.py:925} INFO - DAG(s) 'python_pipeline' retrieved from /Users/mujtabaalimalik/airflow/dags/python_pipeline.py
[2024-10-16T14:00:44.088+0100] {logging_mixin.py:190} INFO - [2024-10-16T14:00:44.088+0100] {dag.py:3239} INFO - Sync 1 DAGs
[2024-10-16T14:00:44.094+0100] {logging_mixin.py:190} INFO - [2024-10-16T14:00:44.094+0100] {dag.py:4180} INFO - Setting next_dagrun for python_pipeline to None, run_after=None
[2024-10-16T14:00:44.099+0100] {processor.py:208} INFO - Processing /Users/mujtabaalimalik/airflow/dags/python_pipeline.py took 0.155 seconds
[2024-10-16T14:01:15.699+0100] {processor.py:186} INFO - Started process (PID=70761) to work on /Users/mujtabaalimalik/airflow/dags/python_pipeline.py
[2024-10-16T14:01:15.700+0100] {processor.py:914} INFO - Processing file /Users/mujtabaalimalik/airflow/dags/python_pipeline.py for tasks to queue
[2024-10-16T14:01:15.700+0100] {logging_mixin.py:190} INFO - [2024-10-16T14:01:15.700+0100] {dagbag.py:588} INFO - Filling up the DagBag from /Users/mujtabaalimalik/airflow/dags/python_pipeline.py
[2024-10-16T14:01:15.784+0100] {processor.py:925} INFO - DAG(s) 'python_pipeline' retrieved from /Users/mujtabaalimalik/airflow/dags/python_pipeline.py
[2024-10-16T14:01:15.838+0100] {logging_mixin.py:190} INFO - [2024-10-16T14:01:15.838+0100] {dag.py:3239} INFO - Sync 1 DAGs
[2024-10-16T14:01:15.843+0100] {logging_mixin.py:190} INFO - [2024-10-16T14:01:15.843+0100] {dag.py:4180} INFO - Setting next_dagrun for python_pipeline to None, run_after=None
[2024-10-16T14:01:15.849+0100] {processor.py:208} INFO - Processing /Users/mujtabaalimalik/airflow/dags/python_pipeline.py took 0.151 seconds
[2024-10-16T14:01:46.725+0100] {processor.py:186} INFO - Started process (PID=70803) to work on /Users/mujtabaalimalik/airflow/dags/python_pipeline.py
[2024-10-16T14:01:46.726+0100] {processor.py:914} INFO - Processing file /Users/mujtabaalimalik/airflow/dags/python_pipeline.py for tasks to queue
[2024-10-16T14:01:46.726+0100] {logging_mixin.py:190} INFO - [2024-10-16T14:01:46.726+0100] {dagbag.py:588} INFO - Filling up the DagBag from /Users/mujtabaalimalik/airflow/dags/python_pipeline.py
[2024-10-16T14:01:46.814+0100] {processor.py:925} INFO - DAG(s) 'python_pipeline' retrieved from /Users/mujtabaalimalik/airflow/dags/python_pipeline.py
[2024-10-16T14:01:46.872+0100] {logging_mixin.py:190} INFO - [2024-10-16T14:01:46.871+0100] {dag.py:3239} INFO - Sync 1 DAGs
[2024-10-16T14:01:46.878+0100] {logging_mixin.py:190} INFO - [2024-10-16T14:01:46.878+0100] {dag.py:4180} INFO - Setting next_dagrun for python_pipeline to None, run_after=None
[2024-10-16T14:01:46.884+0100] {processor.py:208} INFO - Processing /Users/mujtabaalimalik/airflow/dags/python_pipeline.py took 0.160 seconds
[2024-10-16T14:02:18.407+0100] {processor.py:186} INFO - Started process (PID=70835) to work on /Users/mujtabaalimalik/airflow/dags/python_pipeline.py
[2024-10-16T14:02:18.407+0100] {processor.py:914} INFO - Processing file /Users/mujtabaalimalik/airflow/dags/python_pipeline.py for tasks to queue
[2024-10-16T14:02:18.407+0100] {logging_mixin.py:190} INFO - [2024-10-16T14:02:18.407+0100] {dagbag.py:588} INFO - Filling up the DagBag from /Users/mujtabaalimalik/airflow/dags/python_pipeline.py
[2024-10-16T14:02:18.502+0100] {processor.py:925} INFO - DAG(s) 'python_pipeline' retrieved from /Users/mujtabaalimalik/airflow/dags/python_pipeline.py
[2024-10-16T14:02:18.572+0100] {logging_mixin.py:190} INFO - [2024-10-16T14:02:18.572+0100] {dag.py:3239} INFO - Sync 1 DAGs
[2024-10-16T14:02:18.579+0100] {logging_mixin.py:190} INFO - [2024-10-16T14:02:18.578+0100] {dag.py:4180} INFO - Setting next_dagrun for python_pipeline to None, run_after=None
[2024-10-16T14:02:18.584+0100] {processor.py:208} INFO - Processing /Users/mujtabaalimalik/airflow/dags/python_pipeline.py took 0.179 seconds
[2024-10-16T14:02:49.759+0100] {processor.py:186} INFO - Started process (PID=70867) to work on /Users/mujtabaalimalik/airflow/dags/python_pipeline.py
[2024-10-16T14:02:49.759+0100] {processor.py:914} INFO - Processing file /Users/mujtabaalimalik/airflow/dags/python_pipeline.py for tasks to queue
[2024-10-16T14:02:49.759+0100] {logging_mixin.py:190} INFO - [2024-10-16T14:02:49.759+0100] {dagbag.py:588} INFO - Filling up the DagBag from /Users/mujtabaalimalik/airflow/dags/python_pipeline.py
[2024-10-16T14:02:49.848+0100] {processor.py:925} INFO - DAG(s) 'python_pipeline' retrieved from /Users/mujtabaalimalik/airflow/dags/python_pipeline.py
[2024-10-16T14:02:49.904+0100] {logging_mixin.py:190} INFO - [2024-10-16T14:02:49.903+0100] {dag.py:3239} INFO - Sync 1 DAGs
[2024-10-16T14:02:49.910+0100] {logging_mixin.py:190} INFO - [2024-10-16T14:02:49.909+0100] {dag.py:4180} INFO - Setting next_dagrun for python_pipeline to None, run_after=None
[2024-10-16T14:02:49.915+0100] {processor.py:208} INFO - Processing /Users/mujtabaalimalik/airflow/dags/python_pipeline.py took 0.158 seconds
[2024-10-16T14:03:21.176+0100] {processor.py:186} INFO - Started process (PID=70899) to work on /Users/mujtabaalimalik/airflow/dags/python_pipeline.py
[2024-10-16T14:03:21.176+0100] {processor.py:914} INFO - Processing file /Users/mujtabaalimalik/airflow/dags/python_pipeline.py for tasks to queue
[2024-10-16T14:03:21.177+0100] {logging_mixin.py:190} INFO - [2024-10-16T14:03:21.177+0100] {dagbag.py:588} INFO - Filling up the DagBag from /Users/mujtabaalimalik/airflow/dags/python_pipeline.py
[2024-10-16T14:03:21.271+0100] {processor.py:925} INFO - DAG(s) 'python_pipeline' retrieved from /Users/mujtabaalimalik/airflow/dags/python_pipeline.py
[2024-10-16T14:03:21.328+0100] {logging_mixin.py:190} INFO - [2024-10-16T14:03:21.327+0100] {dag.py:3239} INFO - Sync 1 DAGs
[2024-10-16T14:03:21.334+0100] {logging_mixin.py:190} INFO - [2024-10-16T14:03:21.334+0100] {dag.py:4180} INFO - Setting next_dagrun for python_pipeline to None, run_after=None
[2024-10-16T14:03:21.340+0100] {processor.py:208} INFO - Processing /Users/mujtabaalimalik/airflow/dags/python_pipeline.py took 0.165 seconds
[2024-10-16T14:03:52.672+0100] {processor.py:186} INFO - Started process (PID=70930) to work on /Users/mujtabaalimalik/airflow/dags/python_pipeline.py
[2024-10-16T14:03:52.672+0100] {processor.py:914} INFO - Processing file /Users/mujtabaalimalik/airflow/dags/python_pipeline.py for tasks to queue
[2024-10-16T14:03:52.673+0100] {logging_mixin.py:190} INFO - [2024-10-16T14:03:52.672+0100] {dagbag.py:588} INFO - Filling up the DagBag from /Users/mujtabaalimalik/airflow/dags/python_pipeline.py
[2024-10-16T14:03:52.757+0100] {processor.py:925} INFO - DAG(s) 'python_pipeline' retrieved from /Users/mujtabaalimalik/airflow/dags/python_pipeline.py
[2024-10-16T14:03:52.812+0100] {logging_mixin.py:190} INFO - [2024-10-16T14:03:52.812+0100] {dag.py:3239} INFO - Sync 1 DAGs
[2024-10-16T14:03:52.818+0100] {logging_mixin.py:190} INFO - [2024-10-16T14:03:52.818+0100] {dag.py:4180} INFO - Setting next_dagrun for python_pipeline to None, run_after=None
[2024-10-16T14:03:52.824+0100] {processor.py:208} INFO - Processing /Users/mujtabaalimalik/airflow/dags/python_pipeline.py took 0.153 seconds
[2024-10-16T14:04:24.099+0100] {processor.py:186} INFO - Started process (PID=70954) to work on /Users/mujtabaalimalik/airflow/dags/python_pipeline.py
[2024-10-16T14:04:24.099+0100] {processor.py:914} INFO - Processing file /Users/mujtabaalimalik/airflow/dags/python_pipeline.py for tasks to queue
[2024-10-16T14:04:24.100+0100] {logging_mixin.py:190} INFO - [2024-10-16T14:04:24.099+0100] {dagbag.py:588} INFO - Filling up the DagBag from /Users/mujtabaalimalik/airflow/dags/python_pipeline.py
[2024-10-16T14:04:24.183+0100] {processor.py:925} INFO - DAG(s) 'python_pipeline' retrieved from /Users/mujtabaalimalik/airflow/dags/python_pipeline.py
[2024-10-16T14:04:24.239+0100] {logging_mixin.py:190} INFO - [2024-10-16T14:04:24.239+0100] {dag.py:3239} INFO - Sync 1 DAGs
[2024-10-16T14:04:24.245+0100] {logging_mixin.py:190} INFO - [2024-10-16T14:04:24.244+0100] {dag.py:4180} INFO - Setting next_dagrun for python_pipeline to None, run_after=None
[2024-10-16T14:04:24.250+0100] {processor.py:208} INFO - Processing /Users/mujtabaalimalik/airflow/dags/python_pipeline.py took 0.152 seconds
[2024-10-16T14:04:55.629+0100] {processor.py:186} INFO - Started process (PID=70985) to work on /Users/mujtabaalimalik/airflow/dags/python_pipeline.py
[2024-10-16T14:04:55.629+0100] {processor.py:914} INFO - Processing file /Users/mujtabaalimalik/airflow/dags/python_pipeline.py for tasks to queue
[2024-10-16T14:04:55.629+0100] {logging_mixin.py:190} INFO - [2024-10-16T14:04:55.629+0100] {dagbag.py:588} INFO - Filling up the DagBag from /Users/mujtabaalimalik/airflow/dags/python_pipeline.py
[2024-10-16T14:04:55.718+0100] {processor.py:925} INFO - DAG(s) 'python_pipeline' retrieved from /Users/mujtabaalimalik/airflow/dags/python_pipeline.py
[2024-10-16T14:04:55.774+0100] {logging_mixin.py:190} INFO - [2024-10-16T14:04:55.774+0100] {dag.py:3239} INFO - Sync 1 DAGs
[2024-10-16T14:04:55.780+0100] {logging_mixin.py:190} INFO - [2024-10-16T14:04:55.780+0100] {dag.py:4180} INFO - Setting next_dagrun for python_pipeline to None, run_after=None
[2024-10-16T14:04:55.786+0100] {processor.py:208} INFO - Processing /Users/mujtabaalimalik/airflow/dags/python_pipeline.py took 0.158 seconds
[2024-10-16T14:05:36.911+0100] {processor.py:186} INFO - Started process (PID=71066) to work on /Users/mujtabaalimalik/airflow/dags/python_pipeline.py
[2024-10-16T14:05:36.912+0100] {processor.py:914} INFO - Processing file /Users/mujtabaalimalik/airflow/dags/python_pipeline.py for tasks to queue
[2024-10-16T14:05:36.912+0100] {logging_mixin.py:190} INFO - [2024-10-16T14:05:36.912+0100] {dagbag.py:588} INFO - Filling up the DagBag from /Users/mujtabaalimalik/airflow/dags/python_pipeline.py
[2024-10-16T14:05:37.007+0100] {processor.py:925} INFO - DAG(s) 'python_pipeline' retrieved from /Users/mujtabaalimalik/airflow/dags/python_pipeline.py
[2024-10-16T14:05:37.071+0100] {logging_mixin.py:190} INFO - [2024-10-16T14:05:37.071+0100] {dag.py:3239} INFO - Sync 1 DAGs
[2024-10-16T14:05:37.078+0100] {logging_mixin.py:190} INFO - [2024-10-16T14:05:37.078+0100] {dag.py:4180} INFO - Setting next_dagrun for python_pipeline to None, run_after=None
[2024-10-16T14:05:37.084+0100] {processor.py:208} INFO - Processing /Users/mujtabaalimalik/airflow/dags/python_pipeline.py took 0.174 seconds
[2024-10-16T14:06:08.010+0100] {processor.py:186} INFO - Started process (PID=71105) to work on /Users/mujtabaalimalik/airflow/dags/python_pipeline.py
[2024-10-16T14:06:08.010+0100] {processor.py:914} INFO - Processing file /Users/mujtabaalimalik/airflow/dags/python_pipeline.py for tasks to queue
[2024-10-16T14:06:08.010+0100] {logging_mixin.py:190} INFO - [2024-10-16T14:06:08.010+0100] {dagbag.py:588} INFO - Filling up the DagBag from /Users/mujtabaalimalik/airflow/dags/python_pipeline.py
[2024-10-16T14:06:08.102+0100] {processor.py:925} INFO - DAG(s) 'python_pipeline' retrieved from /Users/mujtabaalimalik/airflow/dags/python_pipeline.py
[2024-10-16T14:06:08.158+0100] {logging_mixin.py:190} INFO - [2024-10-16T14:06:08.158+0100] {dag.py:3239} INFO - Sync 1 DAGs
[2024-10-16T14:06:08.164+0100] {logging_mixin.py:190} INFO - [2024-10-16T14:06:08.164+0100] {dag.py:4180} INFO - Setting next_dagrun for python_pipeline to None, run_after=None
[2024-10-16T14:06:08.170+0100] {processor.py:208} INFO - Processing /Users/mujtabaalimalik/airflow/dags/python_pipeline.py took 0.161 seconds
[2024-10-16T14:06:39.566+0100] {processor.py:186} INFO - Started process (PID=71157) to work on /Users/mujtabaalimalik/airflow/dags/python_pipeline.py
[2024-10-16T14:06:39.567+0100] {processor.py:914} INFO - Processing file /Users/mujtabaalimalik/airflow/dags/python_pipeline.py for tasks to queue
[2024-10-16T14:06:39.567+0100] {logging_mixin.py:190} INFO - [2024-10-16T14:06:39.567+0100] {dagbag.py:588} INFO - Filling up the DagBag from /Users/mujtabaalimalik/airflow/dags/python_pipeline.py
[2024-10-16T14:06:39.657+0100] {processor.py:925} INFO - DAG(s) 'python_pipeline' retrieved from /Users/mujtabaalimalik/airflow/dags/python_pipeline.py
[2024-10-16T14:06:39.714+0100] {logging_mixin.py:190} INFO - [2024-10-16T14:06:39.714+0100] {dag.py:3239} INFO - Sync 1 DAGs
[2024-10-16T14:06:39.720+0100] {logging_mixin.py:190} INFO - [2024-10-16T14:06:39.720+0100] {dag.py:4180} INFO - Setting next_dagrun for python_pipeline to None, run_after=None
[2024-10-16T14:06:39.726+0100] {processor.py:208} INFO - Processing /Users/mujtabaalimalik/airflow/dags/python_pipeline.py took 0.161 seconds
[2024-10-16T14:07:11.048+0100] {processor.py:186} INFO - Started process (PID=71203) to work on /Users/mujtabaalimalik/airflow/dags/python_pipeline.py
[2024-10-16T14:07:11.048+0100] {processor.py:914} INFO - Processing file /Users/mujtabaalimalik/airflow/dags/python_pipeline.py for tasks to queue
[2024-10-16T14:07:11.049+0100] {logging_mixin.py:190} INFO - [2024-10-16T14:07:11.049+0100] {dagbag.py:588} INFO - Filling up the DagBag from /Users/mujtabaalimalik/airflow/dags/python_pipeline.py
[2024-10-16T14:07:11.138+0100] {processor.py:925} INFO - DAG(s) 'python_pipeline' retrieved from /Users/mujtabaalimalik/airflow/dags/python_pipeline.py
[2024-10-16T14:07:11.195+0100] {logging_mixin.py:190} INFO - [2024-10-16T14:07:11.195+0100] {dag.py:3239} INFO - Sync 1 DAGs
[2024-10-16T14:07:11.201+0100] {logging_mixin.py:190} INFO - [2024-10-16T14:07:11.201+0100] {dag.py:4180} INFO - Setting next_dagrun for python_pipeline to None, run_after=None
[2024-10-16T14:07:11.207+0100] {processor.py:208} INFO - Processing /Users/mujtabaalimalik/airflow/dags/python_pipeline.py took 0.160 seconds
[2024-10-16T14:07:42.442+0100] {processor.py:186} INFO - Started process (PID=71235) to work on /Users/mujtabaalimalik/airflow/dags/python_pipeline.py
[2024-10-16T14:07:42.442+0100] {processor.py:914} INFO - Processing file /Users/mujtabaalimalik/airflow/dags/python_pipeline.py for tasks to queue
[2024-10-16T14:07:42.443+0100] {logging_mixin.py:190} INFO - [2024-10-16T14:07:42.443+0100] {dagbag.py:588} INFO - Filling up the DagBag from /Users/mujtabaalimalik/airflow/dags/python_pipeline.py
[2024-10-16T14:07:42.530+0100] {processor.py:925} INFO - DAG(s) 'python_pipeline' retrieved from /Users/mujtabaalimalik/airflow/dags/python_pipeline.py
[2024-10-16T14:07:42.586+0100] {logging_mixin.py:190} INFO - [2024-10-16T14:07:42.586+0100] {dag.py:3239} INFO - Sync 1 DAGs
[2024-10-16T14:07:42.592+0100] {logging_mixin.py:190} INFO - [2024-10-16T14:07:42.592+0100] {dag.py:4180} INFO - Setting next_dagrun for python_pipeline to None, run_after=None
[2024-10-16T14:07:42.598+0100] {processor.py:208} INFO - Processing /Users/mujtabaalimalik/airflow/dags/python_pipeline.py took 0.157 seconds
[2024-10-16T14:08:09.419+0100] {processor.py:186} INFO - Started process (PID=71325) to work on /Users/mujtabaalimalik/airflow/dags/python_pipeline.py
[2024-10-16T14:08:09.419+0100] {processor.py:914} INFO - Processing file /Users/mujtabaalimalik/airflow/dags/python_pipeline.py for tasks to queue
[2024-10-16T14:08:09.419+0100] {logging_mixin.py:190} INFO - [2024-10-16T14:08:09.419+0100] {dagbag.py:588} INFO - Filling up the DagBag from /Users/mujtabaalimalik/airflow/dags/python_pipeline.py
[2024-10-16T14:08:09.508+0100] {processor.py:925} INFO - DAG(s) 'python_pipeline' retrieved from /Users/mujtabaalimalik/airflow/dags/python_pipeline.py
[2024-10-16T14:08:09.564+0100] {logging_mixin.py:190} INFO - [2024-10-16T14:08:09.564+0100] {dag.py:3239} INFO - Sync 1 DAGs
[2024-10-16T14:08:09.570+0100] {logging_mixin.py:190} INFO - [2024-10-16T14:08:09.570+0100] {dag.py:4180} INFO - Setting next_dagrun for python_pipeline to None, run_after=None
[2024-10-16T14:08:09.576+0100] {processor.py:208} INFO - Processing /Users/mujtabaalimalik/airflow/dags/python_pipeline.py took 0.159 seconds
[2024-10-16T14:08:41.645+0100] {processor.py:186} INFO - Started process (PID=71380) to work on /Users/mujtabaalimalik/airflow/dags/python_pipeline.py
[2024-10-16T14:08:41.646+0100] {processor.py:914} INFO - Processing file /Users/mujtabaalimalik/airflow/dags/python_pipeline.py for tasks to queue
[2024-10-16T14:08:41.646+0100] {logging_mixin.py:190} INFO - [2024-10-16T14:08:41.646+0100] {dagbag.py:588} INFO - Filling up the DagBag from /Users/mujtabaalimalik/airflow/dags/python_pipeline.py
[2024-10-16T14:08:41.736+0100] {processor.py:925} INFO - DAG(s) 'python_pipeline' retrieved from /Users/mujtabaalimalik/airflow/dags/python_pipeline.py
[2024-10-16T14:08:41.792+0100] {logging_mixin.py:190} INFO - [2024-10-16T14:08:41.792+0100] {dag.py:3239} INFO - Sync 1 DAGs
[2024-10-16T14:08:41.798+0100] {logging_mixin.py:190} INFO - [2024-10-16T14:08:41.798+0100] {dag.py:4180} INFO - Setting next_dagrun for python_pipeline to None, run_after=None
[2024-10-16T14:08:41.804+0100] {processor.py:208} INFO - Processing /Users/mujtabaalimalik/airflow/dags/python_pipeline.py took 0.160 seconds
[2024-10-16T14:09:12.623+0100] {processor.py:186} INFO - Started process (PID=71418) to work on /Users/mujtabaalimalik/airflow/dags/python_pipeline.py
[2024-10-16T14:09:12.623+0100] {processor.py:914} INFO - Processing file /Users/mujtabaalimalik/airflow/dags/python_pipeline.py for tasks to queue
[2024-10-16T14:09:12.623+0100] {logging_mixin.py:190} INFO - [2024-10-16T14:09:12.623+0100] {dagbag.py:588} INFO - Filling up the DagBag from /Users/mujtabaalimalik/airflow/dags/python_pipeline.py
[2024-10-16T14:09:12.710+0100] {processor.py:925} INFO - DAG(s) 'python_pipeline' retrieved from /Users/mujtabaalimalik/airflow/dags/python_pipeline.py
[2024-10-16T14:09:12.766+0100] {logging_mixin.py:190} INFO - [2024-10-16T14:09:12.766+0100] {dag.py:3239} INFO - Sync 1 DAGs
[2024-10-16T14:09:12.772+0100] {logging_mixin.py:190} INFO - [2024-10-16T14:09:12.772+0100] {dag.py:4180} INFO - Setting next_dagrun for python_pipeline to None, run_after=None
[2024-10-16T14:09:12.778+0100] {processor.py:208} INFO - Processing /Users/mujtabaalimalik/airflow/dags/python_pipeline.py took 0.156 seconds
[2024-10-16T14:09:44.003+0100] {processor.py:186} INFO - Started process (PID=71453) to work on /Users/mujtabaalimalik/airflow/dags/python_pipeline.py
[2024-10-16T14:09:44.003+0100] {processor.py:914} INFO - Processing file /Users/mujtabaalimalik/airflow/dags/python_pipeline.py for tasks to queue
[2024-10-16T14:09:44.003+0100] {logging_mixin.py:190} INFO - [2024-10-16T14:09:44.003+0100] {dagbag.py:588} INFO - Filling up the DagBag from /Users/mujtabaalimalik/airflow/dags/python_pipeline.py
[2024-10-16T14:09:44.096+0100] {processor.py:925} INFO - DAG(s) 'python_pipeline' retrieved from /Users/mujtabaalimalik/airflow/dags/python_pipeline.py
[2024-10-16T14:09:44.152+0100] {logging_mixin.py:190} INFO - [2024-10-16T14:09:44.152+0100] {dag.py:3239} INFO - Sync 1 DAGs
[2024-10-16T14:09:44.158+0100] {logging_mixin.py:190} INFO - [2024-10-16T14:09:44.158+0100] {dag.py:4180} INFO - Setting next_dagrun for python_pipeline to None, run_after=None
[2024-10-16T14:09:44.164+0100] {processor.py:208} INFO - Processing /Users/mujtabaalimalik/airflow/dags/python_pipeline.py took 0.163 seconds
[2024-10-16T14:10:15.768+0100] {processor.py:186} INFO - Started process (PID=71481) to work on /Users/mujtabaalimalik/airflow/dags/python_pipeline.py
[2024-10-16T14:10:15.768+0100] {processor.py:914} INFO - Processing file /Users/mujtabaalimalik/airflow/dags/python_pipeline.py for tasks to queue
[2024-10-16T14:10:15.769+0100] {logging_mixin.py:190} INFO - [2024-10-16T14:10:15.769+0100] {dagbag.py:588} INFO - Filling up the DagBag from /Users/mujtabaalimalik/airflow/dags/python_pipeline.py
[2024-10-16T14:10:15.860+0100] {processor.py:925} INFO - DAG(s) 'python_pipeline' retrieved from /Users/mujtabaalimalik/airflow/dags/python_pipeline.py
[2024-10-16T14:10:15.917+0100] {logging_mixin.py:190} INFO - [2024-10-16T14:10:15.917+0100] {dag.py:3239} INFO - Sync 1 DAGs
[2024-10-16T14:10:15.923+0100] {logging_mixin.py:190} INFO - [2024-10-16T14:10:15.923+0100] {dag.py:4180} INFO - Setting next_dagrun for python_pipeline to None, run_after=None
[2024-10-16T14:10:15.929+0100] {processor.py:208} INFO - Processing /Users/mujtabaalimalik/airflow/dags/python_pipeline.py took 0.162 seconds
[2024-10-16T14:10:47.289+0100] {processor.py:186} INFO - Started process (PID=71518) to work on /Users/mujtabaalimalik/airflow/dags/python_pipeline.py
[2024-10-16T14:10:47.290+0100] {processor.py:914} INFO - Processing file /Users/mujtabaalimalik/airflow/dags/python_pipeline.py for tasks to queue
[2024-10-16T14:10:47.290+0100] {logging_mixin.py:190} INFO - [2024-10-16T14:10:47.290+0100] {dagbag.py:588} INFO - Filling up the DagBag from /Users/mujtabaalimalik/airflow/dags/python_pipeline.py
[2024-10-16T14:10:47.375+0100] {processor.py:925} INFO - DAG(s) 'python_pipeline' retrieved from /Users/mujtabaalimalik/airflow/dags/python_pipeline.py
[2024-10-16T14:10:47.430+0100] {logging_mixin.py:190} INFO - [2024-10-16T14:10:47.430+0100] {dag.py:3239} INFO - Sync 1 DAGs
[2024-10-16T14:10:47.436+0100] {logging_mixin.py:190} INFO - [2024-10-16T14:10:47.436+0100] {dag.py:4180} INFO - Setting next_dagrun for python_pipeline to None, run_after=None
[2024-10-16T14:10:47.442+0100] {processor.py:208} INFO - Processing /Users/mujtabaalimalik/airflow/dags/python_pipeline.py took 0.153 seconds
[2024-10-16T14:11:19.903+0100] {processor.py:186} INFO - Started process (PID=71547) to work on /Users/mujtabaalimalik/airflow/dags/python_pipeline.py
[2024-10-16T14:11:19.903+0100] {processor.py:914} INFO - Processing file /Users/mujtabaalimalik/airflow/dags/python_pipeline.py for tasks to queue
[2024-10-16T14:11:19.903+0100] {logging_mixin.py:190} INFO - [2024-10-16T14:11:19.903+0100] {dagbag.py:588} INFO - Filling up the DagBag from /Users/mujtabaalimalik/airflow/dags/python_pipeline.py
[2024-10-16T14:11:19.992+0100] {processor.py:925} INFO - DAG(s) 'python_pipeline' retrieved from /Users/mujtabaalimalik/airflow/dags/python_pipeline.py
[2024-10-16T14:11:20.048+0100] {logging_mixin.py:190} INFO - [2024-10-16T14:11:20.048+0100] {dag.py:3239} INFO - Sync 1 DAGs
[2024-10-16T14:11:20.054+0100] {logging_mixin.py:190} INFO - [2024-10-16T14:11:20.054+0100] {dag.py:4180} INFO - Setting next_dagrun for python_pipeline to None, run_after=None
[2024-10-16T14:11:20.060+0100] {processor.py:208} INFO - Processing /Users/mujtabaalimalik/airflow/dags/python_pipeline.py took 0.158 seconds
[2024-10-16T14:11:51.549+0100] {processor.py:186} INFO - Started process (PID=71580) to work on /Users/mujtabaalimalik/airflow/dags/python_pipeline.py
[2024-10-16T14:11:51.550+0100] {processor.py:914} INFO - Processing file /Users/mujtabaalimalik/airflow/dags/python_pipeline.py for tasks to queue
[2024-10-16T14:11:51.550+0100] {logging_mixin.py:190} INFO - [2024-10-16T14:11:51.550+0100] {dagbag.py:588} INFO - Filling up the DagBag from /Users/mujtabaalimalik/airflow/dags/python_pipeline.py
[2024-10-16T14:11:51.638+0100] {processor.py:925} INFO - DAG(s) 'python_pipeline' retrieved from /Users/mujtabaalimalik/airflow/dags/python_pipeline.py
[2024-10-16T14:11:51.698+0100] {logging_mixin.py:190} INFO - [2024-10-16T14:11:51.698+0100] {dag.py:3239} INFO - Sync 1 DAGs
[2024-10-16T14:11:51.704+0100] {logging_mixin.py:190} INFO - [2024-10-16T14:11:51.704+0100] {dag.py:4180} INFO - Setting next_dagrun for python_pipeline to None, run_after=None
[2024-10-16T14:11:51.709+0100] {processor.py:208} INFO - Processing /Users/mujtabaalimalik/airflow/dags/python_pipeline.py took 0.161 seconds
[2024-10-16T14:12:23.055+0100] {processor.py:186} INFO - Started process (PID=71616) to work on /Users/mujtabaalimalik/airflow/dags/python_pipeline.py
[2024-10-16T14:12:23.055+0100] {processor.py:914} INFO - Processing file /Users/mujtabaalimalik/airflow/dags/python_pipeline.py for tasks to queue
[2024-10-16T14:12:23.055+0100] {logging_mixin.py:190} INFO - [2024-10-16T14:12:23.055+0100] {dagbag.py:588} INFO - Filling up the DagBag from /Users/mujtabaalimalik/airflow/dags/python_pipeline.py
[2024-10-16T14:12:23.140+0100] {processor.py:925} INFO - DAG(s) 'python_pipeline' retrieved from /Users/mujtabaalimalik/airflow/dags/python_pipeline.py
[2024-10-16T14:12:23.195+0100] {logging_mixin.py:190} INFO - [2024-10-16T14:12:23.195+0100] {dag.py:3239} INFO - Sync 1 DAGs
[2024-10-16T14:12:23.201+0100] {logging_mixin.py:190} INFO - [2024-10-16T14:12:23.201+0100] {dag.py:4180} INFO - Setting next_dagrun for python_pipeline to None, run_after=None
[2024-10-16T14:12:23.207+0100] {processor.py:208} INFO - Processing /Users/mujtabaalimalik/airflow/dags/python_pipeline.py took 0.153 seconds
[2024-10-16T14:12:54.623+0100] {processor.py:186} INFO - Started process (PID=71647) to work on /Users/mujtabaalimalik/airflow/dags/python_pipeline.py
[2024-10-16T14:12:54.623+0100] {processor.py:914} INFO - Processing file /Users/mujtabaalimalik/airflow/dags/python_pipeline.py for tasks to queue
[2024-10-16T14:12:54.624+0100] {logging_mixin.py:190} INFO - [2024-10-16T14:12:54.624+0100] {dagbag.py:588} INFO - Filling up the DagBag from /Users/mujtabaalimalik/airflow/dags/python_pipeline.py
[2024-10-16T14:12:54.712+0100] {processor.py:925} INFO - DAG(s) 'python_pipeline' retrieved from /Users/mujtabaalimalik/airflow/dags/python_pipeline.py
[2024-10-16T14:12:54.767+0100] {logging_mixin.py:190} INFO - [2024-10-16T14:12:54.767+0100] {dag.py:3239} INFO - Sync 1 DAGs
[2024-10-16T14:12:54.773+0100] {logging_mixin.py:190} INFO - [2024-10-16T14:12:54.773+0100] {dag.py:4180} INFO - Setting next_dagrun for python_pipeline to None, run_after=None
[2024-10-16T14:12:54.778+0100] {processor.py:208} INFO - Processing /Users/mujtabaalimalik/airflow/dags/python_pipeline.py took 0.156 seconds
[2024-10-16T14:13:26.280+0100] {processor.py:186} INFO - Started process (PID=71683) to work on /Users/mujtabaalimalik/airflow/dags/python_pipeline.py
[2024-10-16T14:13:26.280+0100] {processor.py:914} INFO - Processing file /Users/mujtabaalimalik/airflow/dags/python_pipeline.py for tasks to queue
[2024-10-16T14:13:26.280+0100] {logging_mixin.py:190} INFO - [2024-10-16T14:13:26.280+0100] {dagbag.py:588} INFO - Filling up the DagBag from /Users/mujtabaalimalik/airflow/dags/python_pipeline.py
[2024-10-16T14:13:26.369+0100] {processor.py:925} INFO - DAG(s) 'python_pipeline' retrieved from /Users/mujtabaalimalik/airflow/dags/python_pipeline.py
[2024-10-16T14:13:26.426+0100] {logging_mixin.py:190} INFO - [2024-10-16T14:13:26.426+0100] {dag.py:3239} INFO - Sync 1 DAGs
[2024-10-16T14:13:26.432+0100] {logging_mixin.py:190} INFO - [2024-10-16T14:13:26.432+0100] {dag.py:4180} INFO - Setting next_dagrun for python_pipeline to None, run_after=None
[2024-10-16T14:13:26.438+0100] {processor.py:208} INFO - Processing /Users/mujtabaalimalik/airflow/dags/python_pipeline.py took 0.159 seconds
[2024-10-16T14:13:50.356+0100] {processor.py:186} INFO - Started process (PID=71768) to work on /Users/mujtabaalimalik/airflow/dags/python_pipeline.py
[2024-10-16T14:13:50.357+0100] {processor.py:914} INFO - Processing file /Users/mujtabaalimalik/airflow/dags/python_pipeline.py for tasks to queue
[2024-10-16T14:13:50.357+0100] {logging_mixin.py:190} INFO - [2024-10-16T14:13:50.357+0100] {dagbag.py:588} INFO - Filling up the DagBag from /Users/mujtabaalimalik/airflow/dags/python_pipeline.py
[2024-10-16T14:13:50.455+0100] {processor.py:925} INFO - DAG(s) 'python_pipeline' retrieved from /Users/mujtabaalimalik/airflow/dags/python_pipeline.py
[2024-10-16T14:13:50.520+0100] {logging_mixin.py:190} INFO - [2024-10-16T14:13:50.520+0100] {dag.py:3239} INFO - Sync 1 DAGs
[2024-10-16T14:13:50.527+0100] {logging_mixin.py:190} INFO - [2024-10-16T14:13:50.527+0100] {dag.py:4180} INFO - Setting next_dagrun for python_pipeline to None, run_after=None
[2024-10-16T14:13:50.533+0100] {processor.py:208} INFO - Processing /Users/mujtabaalimalik/airflow/dags/python_pipeline.py took 0.178 seconds
[2024-10-16T14:14:22.331+0100] {processor.py:186} INFO - Started process (PID=71880) to work on /Users/mujtabaalimalik/airflow/dags/python_pipeline.py
[2024-10-16T14:14:22.331+0100] {processor.py:914} INFO - Processing file /Users/mujtabaalimalik/airflow/dags/python_pipeline.py for tasks to queue
[2024-10-16T14:14:22.332+0100] {logging_mixin.py:190} INFO - [2024-10-16T14:14:22.332+0100] {dagbag.py:588} INFO - Filling up the DagBag from /Users/mujtabaalimalik/airflow/dags/python_pipeline.py
[2024-10-16T14:14:22.419+0100] {processor.py:925} INFO - DAG(s) 'python_pipeline' retrieved from /Users/mujtabaalimalik/airflow/dags/python_pipeline.py
[2024-10-16T14:14:22.475+0100] {logging_mixin.py:190} INFO - [2024-10-16T14:14:22.475+0100] {dag.py:3239} INFO - Sync 1 DAGs
[2024-10-16T14:14:22.481+0100] {logging_mixin.py:190} INFO - [2024-10-16T14:14:22.481+0100] {dag.py:4180} INFO - Setting next_dagrun for python_pipeline to None, run_after=None
[2024-10-16T14:14:22.487+0100] {processor.py:208} INFO - Processing /Users/mujtabaalimalik/airflow/dags/python_pipeline.py took 0.157 seconds
[2024-10-16T14:14:53.657+0100] {processor.py:186} INFO - Started process (PID=71942) to work on /Users/mujtabaalimalik/airflow/dags/python_pipeline.py
[2024-10-16T14:14:53.657+0100] {processor.py:914} INFO - Processing file /Users/mujtabaalimalik/airflow/dags/python_pipeline.py for tasks to queue
[2024-10-16T14:14:53.658+0100] {logging_mixin.py:190} INFO - [2024-10-16T14:14:53.658+0100] {dagbag.py:588} INFO - Filling up the DagBag from /Users/mujtabaalimalik/airflow/dags/python_pipeline.py
[2024-10-16T14:14:53.747+0100] {processor.py:925} INFO - DAG(s) 'python_pipeline' retrieved from /Users/mujtabaalimalik/airflow/dags/python_pipeline.py
[2024-10-16T14:14:53.803+0100] {logging_mixin.py:190} INFO - [2024-10-16T14:14:53.803+0100] {dag.py:3239} INFO - Sync 1 DAGs
[2024-10-16T14:14:53.810+0100] {logging_mixin.py:190} INFO - [2024-10-16T14:14:53.810+0100] {dag.py:4180} INFO - Setting next_dagrun for python_pipeline to None, run_after=None
[2024-10-16T14:14:53.815+0100] {processor.py:208} INFO - Processing /Users/mujtabaalimalik/airflow/dags/python_pipeline.py took 0.160 seconds
[2024-10-16T14:15:24.866+0100] {processor.py:186} INFO - Started process (PID=71973) to work on /Users/mujtabaalimalik/airflow/dags/python_pipeline.py
[2024-10-16T14:15:24.866+0100] {processor.py:914} INFO - Processing file /Users/mujtabaalimalik/airflow/dags/python_pipeline.py for tasks to queue
[2024-10-16T14:15:24.867+0100] {logging_mixin.py:190} INFO - [2024-10-16T14:15:24.867+0100] {dagbag.py:588} INFO - Filling up the DagBag from /Users/mujtabaalimalik/airflow/dags/python_pipeline.py
[2024-10-16T14:15:24.956+0100] {processor.py:925} INFO - DAG(s) 'python_pipeline' retrieved from /Users/mujtabaalimalik/airflow/dags/python_pipeline.py
[2024-10-16T14:15:25.014+0100] {logging_mixin.py:190} INFO - [2024-10-16T14:15:25.014+0100] {dag.py:3239} INFO - Sync 1 DAGs
[2024-10-16T14:15:25.020+0100] {logging_mixin.py:190} INFO - [2024-10-16T14:15:25.020+0100] {dag.py:4180} INFO - Setting next_dagrun for python_pipeline to None, run_after=None
[2024-10-16T14:15:25.025+0100] {processor.py:208} INFO - Processing /Users/mujtabaalimalik/airflow/dags/python_pipeline.py took 0.160 seconds
[2024-10-16T14:15:56.901+0100] {processor.py:186} INFO - Started process (PID=72019) to work on /Users/mujtabaalimalik/airflow/dags/python_pipeline.py
[2024-10-16T14:15:56.901+0100] {processor.py:914} INFO - Processing file /Users/mujtabaalimalik/airflow/dags/python_pipeline.py for tasks to queue
[2024-10-16T14:15:56.901+0100] {logging_mixin.py:190} INFO - [2024-10-16T14:15:56.901+0100] {dagbag.py:588} INFO - Filling up the DagBag from /Users/mujtabaalimalik/airflow/dags/python_pipeline.py
[2024-10-16T14:15:56.988+0100] {processor.py:925} INFO - DAG(s) 'python_pipeline' retrieved from /Users/mujtabaalimalik/airflow/dags/python_pipeline.py
[2024-10-16T14:15:57.043+0100] {logging_mixin.py:190} INFO - [2024-10-16T14:15:57.043+0100] {dag.py:3239} INFO - Sync 1 DAGs
[2024-10-16T14:15:57.049+0100] {logging_mixin.py:190} INFO - [2024-10-16T14:15:57.049+0100] {dag.py:4180} INFO - Setting next_dagrun for python_pipeline to None, run_after=None
[2024-10-16T14:15:57.055+0100] {processor.py:208} INFO - Processing /Users/mujtabaalimalik/airflow/dags/python_pipeline.py took 0.155 seconds
[2024-10-16T14:16:28.047+0100] {processor.py:186} INFO - Started process (PID=72050) to work on /Users/mujtabaalimalik/airflow/dags/python_pipeline.py
[2024-10-16T14:16:28.048+0100] {processor.py:914} INFO - Processing file /Users/mujtabaalimalik/airflow/dags/python_pipeline.py for tasks to queue
[2024-10-16T14:16:28.048+0100] {logging_mixin.py:190} INFO - [2024-10-16T14:16:28.048+0100] {dagbag.py:588} INFO - Filling up the DagBag from /Users/mujtabaalimalik/airflow/dags/python_pipeline.py
[2024-10-16T14:16:28.137+0100] {processor.py:925} INFO - DAG(s) 'python_pipeline' retrieved from /Users/mujtabaalimalik/airflow/dags/python_pipeline.py
[2024-10-16T14:16:28.195+0100] {logging_mixin.py:190} INFO - [2024-10-16T14:16:28.195+0100] {dag.py:3239} INFO - Sync 1 DAGs
[2024-10-16T14:16:28.201+0100] {logging_mixin.py:190} INFO - [2024-10-16T14:16:28.201+0100] {dag.py:4180} INFO - Setting next_dagrun for python_pipeline to None, run_after=None
[2024-10-16T14:16:28.207+0100] {processor.py:208} INFO - Processing /Users/mujtabaalimalik/airflow/dags/python_pipeline.py took 0.161 seconds
[2024-10-16T14:16:59.450+0100] {processor.py:186} INFO - Started process (PID=72085) to work on /Users/mujtabaalimalik/airflow/dags/python_pipeline.py
[2024-10-16T14:16:59.450+0100] {processor.py:914} INFO - Processing file /Users/mujtabaalimalik/airflow/dags/python_pipeline.py for tasks to queue
[2024-10-16T14:16:59.451+0100] {logging_mixin.py:190} INFO - [2024-10-16T14:16:59.451+0100] {dagbag.py:588} INFO - Filling up the DagBag from /Users/mujtabaalimalik/airflow/dags/python_pipeline.py
[2024-10-16T14:16:59.539+0100] {processor.py:925} INFO - DAG(s) 'python_pipeline' retrieved from /Users/mujtabaalimalik/airflow/dags/python_pipeline.py
[2024-10-16T14:16:59.596+0100] {logging_mixin.py:190} INFO - [2024-10-16T14:16:59.596+0100] {dag.py:3239} INFO - Sync 1 DAGs
[2024-10-16T14:16:59.602+0100] {logging_mixin.py:190} INFO - [2024-10-16T14:16:59.602+0100] {dag.py:4180} INFO - Setting next_dagrun for python_pipeline to None, run_after=None
[2024-10-16T14:16:59.608+0100] {processor.py:208} INFO - Processing /Users/mujtabaalimalik/airflow/dags/python_pipeline.py took 0.159 seconds
[2024-10-16T14:17:31.324+0100] {processor.py:186} INFO - Started process (PID=72130) to work on /Users/mujtabaalimalik/airflow/dags/python_pipeline.py
[2024-10-16T14:17:31.325+0100] {processor.py:914} INFO - Processing file /Users/mujtabaalimalik/airflow/dags/python_pipeline.py for tasks to queue
[2024-10-16T14:17:31.325+0100] {logging_mixin.py:190} INFO - [2024-10-16T14:17:31.325+0100] {dagbag.py:588} INFO - Filling up the DagBag from /Users/mujtabaalimalik/airflow/dags/python_pipeline.py
[2024-10-16T14:17:31.414+0100] {processor.py:925} INFO - DAG(s) 'python_pipeline' retrieved from /Users/mujtabaalimalik/airflow/dags/python_pipeline.py
[2024-10-16T14:17:31.471+0100] {logging_mixin.py:190} INFO - [2024-10-16T14:17:31.471+0100] {dag.py:3239} INFO - Sync 1 DAGs
[2024-10-16T14:17:31.477+0100] {logging_mixin.py:190} INFO - [2024-10-16T14:17:31.477+0100] {dag.py:4180} INFO - Setting next_dagrun for python_pipeline to None, run_after=None
[2024-10-16T14:17:31.482+0100] {processor.py:208} INFO - Processing /Users/mujtabaalimalik/airflow/dags/python_pipeline.py took 0.160 seconds
