[2024-10-16T13:35:22.494+0100] {processor.py:186} INFO - Started process (PID=68890) to work on /Users/mujtabaalimalik/airflow/dags/python_pipeline_cleaning.py
[2024-10-16T13:35:22.495+0100] {processor.py:914} INFO - Processing file /Users/mujtabaalimalik/airflow/dags/python_pipeline_cleaning.py for tasks to queue
[2024-10-16T13:35:22.495+0100] {logging_mixin.py:190} INFO - [2024-10-16T13:35:22.495+0100] {dagbag.py:588} INFO - Filling up the DagBag from /Users/mujtabaalimalik/airflow/dags/python_pipeline_cleaning.py
[2024-10-16T13:35:22.695+0100] {processor.py:925} INFO - DAG(s) 'python_pipeline_cleaning' retrieved from /Users/mujtabaalimalik/airflow/dags/python_pipeline_cleaning.py
[2024-10-16T13:35:22.822+0100] {logging_mixin.py:190} INFO - [2024-10-16T13:35:22.821+0100] {override.py:1900} INFO - Created Permission View: can edit on DAG:python_pipeline_cleaning
[2024-10-16T13:35:22.825+0100] {logging_mixin.py:190} INFO - [2024-10-16T13:35:22.825+0100] {override.py:1900} INFO - Created Permission View: can delete on DAG:python_pipeline_cleaning
[2024-10-16T13:35:22.826+0100] {logging_mixin.py:190} INFO - [2024-10-16T13:35:22.826+0100] {override.py:1900} INFO - Created Permission View: can read on DAG:python_pipeline_cleaning
[2024-10-16T13:35:22.829+0100] {logging_mixin.py:190} INFO - [2024-10-16T13:35:22.828+0100] {override.py:1900} INFO - Created Permission View: can delete on DAG Run:python_pipeline_cleaning
[2024-10-16T13:35:22.830+0100] {logging_mixin.py:190} INFO - [2024-10-16T13:35:22.830+0100] {override.py:1900} INFO - Created Permission View: menu access on DAG Run:python_pipeline_cleaning
[2024-10-16T13:35:22.832+0100] {logging_mixin.py:190} INFO - [2024-10-16T13:35:22.832+0100] {override.py:1900} INFO - Created Permission View: can create on DAG Run:python_pipeline_cleaning
[2024-10-16T13:35:22.834+0100] {logging_mixin.py:190} INFO - [2024-10-16T13:35:22.834+0100] {override.py:1900} INFO - Created Permission View: can read on DAG Run:python_pipeline_cleaning
[2024-10-16T13:35:22.834+0100] {logging_mixin.py:190} INFO - [2024-10-16T13:35:22.834+0100] {dag.py:3239} INFO - Sync 1 DAGs
[2024-10-16T13:35:22.838+0100] {logging_mixin.py:190} INFO - [2024-10-16T13:35:22.838+0100] {dag.py:3262} INFO - Creating ORM DAG for python_pipeline_cleaning
[2024-10-16T13:35:22.840+0100] {logging_mixin.py:190} INFO - [2024-10-16T13:35:22.840+0100] {dag.py:4180} INFO - Setting next_dagrun for python_pipeline_cleaning to 2024-10-15 00:00:00+00:00, run_after=2024-10-15 00:00:00+00:00
[2024-10-16T13:35:22.845+0100] {processor.py:208} INFO - Processing /Users/mujtabaalimalik/airflow/dags/python_pipeline_cleaning.py took 0.352 seconds
[2024-10-16T13:35:54.324+0100] {processor.py:186} INFO - Started process (PID=68927) to work on /Users/mujtabaalimalik/airflow/dags/python_pipeline_cleaning.py
[2024-10-16T13:35:54.325+0100] {processor.py:914} INFO - Processing file /Users/mujtabaalimalik/airflow/dags/python_pipeline_cleaning.py for tasks to queue
[2024-10-16T13:35:54.325+0100] {logging_mixin.py:190} INFO - [2024-10-16T13:35:54.325+0100] {dagbag.py:588} INFO - Filling up the DagBag from /Users/mujtabaalimalik/airflow/dags/python_pipeline_cleaning.py
[2024-10-16T13:35:54.510+0100] {processor.py:925} INFO - DAG(s) 'python_pipeline_cleaning' retrieved from /Users/mujtabaalimalik/airflow/dags/python_pipeline_cleaning.py
[2024-10-16T13:35:54.601+0100] {logging_mixin.py:190} INFO - [2024-10-16T13:35:54.601+0100] {dag.py:3239} INFO - Sync 1 DAGs
[2024-10-16T13:35:54.607+0100] {logging_mixin.py:190} INFO - [2024-10-16T13:35:54.607+0100] {dag.py:4180} INFO - Setting next_dagrun for python_pipeline_cleaning to None, run_after=None
[2024-10-16T13:35:54.613+0100] {processor.py:208} INFO - Processing /Users/mujtabaalimalik/airflow/dags/python_pipeline_cleaning.py took 0.291 seconds
[2024-10-16T13:36:25.804+0100] {processor.py:186} INFO - Started process (PID=68960) to work on /Users/mujtabaalimalik/airflow/dags/python_pipeline_cleaning.py
[2024-10-16T13:36:25.804+0100] {processor.py:914} INFO - Processing file /Users/mujtabaalimalik/airflow/dags/python_pipeline_cleaning.py for tasks to queue
[2024-10-16T13:36:25.804+0100] {logging_mixin.py:190} INFO - [2024-10-16T13:36:25.804+0100] {dagbag.py:588} INFO - Filling up the DagBag from /Users/mujtabaalimalik/airflow/dags/python_pipeline_cleaning.py
[2024-10-16T13:36:26.020+0100] {processor.py:925} INFO - DAG(s) 'python_pipeline_cleaning' retrieved from /Users/mujtabaalimalik/airflow/dags/python_pipeline_cleaning.py
[2024-10-16T13:36:26.101+0100] {logging_mixin.py:190} INFO - [2024-10-16T13:36:26.101+0100] {dag.py:3239} INFO - Sync 1 DAGs
[2024-10-16T13:36:26.107+0100] {logging_mixin.py:190} INFO - [2024-10-16T13:36:26.106+0100] {dag.py:4180} INFO - Setting next_dagrun for python_pipeline_cleaning to None, run_after=None
[2024-10-16T13:36:26.113+0100] {processor.py:208} INFO - Processing /Users/mujtabaalimalik/airflow/dags/python_pipeline_cleaning.py took 0.311 seconds
[2024-10-16T13:36:57.543+0100] {processor.py:186} INFO - Started process (PID=68989) to work on /Users/mujtabaalimalik/airflow/dags/python_pipeline_cleaning.py
[2024-10-16T13:36:57.545+0100] {processor.py:914} INFO - Processing file /Users/mujtabaalimalik/airflow/dags/python_pipeline_cleaning.py for tasks to queue
[2024-10-16T13:36:57.545+0100] {logging_mixin.py:190} INFO - [2024-10-16T13:36:57.545+0100] {dagbag.py:588} INFO - Filling up the DagBag from /Users/mujtabaalimalik/airflow/dags/python_pipeline_cleaning.py
[2024-10-16T13:36:57.736+0100] {processor.py:925} INFO - DAG(s) 'python_pipeline_cleaning' retrieved from /Users/mujtabaalimalik/airflow/dags/python_pipeline_cleaning.py
[2024-10-16T13:36:57.819+0100] {logging_mixin.py:190} INFO - [2024-10-16T13:36:57.819+0100] {dag.py:3239} INFO - Sync 1 DAGs
[2024-10-16T13:36:57.825+0100] {logging_mixin.py:190} INFO - [2024-10-16T13:36:57.825+0100] {dag.py:4180} INFO - Setting next_dagrun for python_pipeline_cleaning to None, run_after=None
[2024-10-16T13:36:57.832+0100] {processor.py:208} INFO - Processing /Users/mujtabaalimalik/airflow/dags/python_pipeline_cleaning.py took 0.289 seconds
[2024-10-16T13:37:28.968+0100] {processor.py:186} INFO - Started process (PID=69011) to work on /Users/mujtabaalimalik/airflow/dags/python_pipeline_cleaning.py
[2024-10-16T13:37:28.968+0100] {processor.py:914} INFO - Processing file /Users/mujtabaalimalik/airflow/dags/python_pipeline_cleaning.py for tasks to queue
[2024-10-16T13:37:28.968+0100] {logging_mixin.py:190} INFO - [2024-10-16T13:37:28.968+0100] {dagbag.py:588} INFO - Filling up the DagBag from /Users/mujtabaalimalik/airflow/dags/python_pipeline_cleaning.py
[2024-10-16T13:37:29.175+0100] {processor.py:925} INFO - DAG(s) 'python_pipeline_cleaning' retrieved from /Users/mujtabaalimalik/airflow/dags/python_pipeline_cleaning.py
[2024-10-16T13:37:29.273+0100] {logging_mixin.py:190} INFO - [2024-10-16T13:37:29.273+0100] {dag.py:3239} INFO - Sync 1 DAGs
[2024-10-16T13:37:29.279+0100] {logging_mixin.py:190} INFO - [2024-10-16T13:37:29.279+0100] {dag.py:4180} INFO - Setting next_dagrun for python_pipeline_cleaning to None, run_after=None
[2024-10-16T13:37:29.285+0100] {processor.py:208} INFO - Processing /Users/mujtabaalimalik/airflow/dags/python_pipeline_cleaning.py took 0.319 seconds
[2024-10-16T13:38:00.236+0100] {processor.py:186} INFO - Started process (PID=69034) to work on /Users/mujtabaalimalik/airflow/dags/python_pipeline_cleaning.py
[2024-10-16T13:38:00.236+0100] {processor.py:914} INFO - Processing file /Users/mujtabaalimalik/airflow/dags/python_pipeline_cleaning.py for tasks to queue
[2024-10-16T13:38:00.237+0100] {logging_mixin.py:190} INFO - [2024-10-16T13:38:00.236+0100] {dagbag.py:588} INFO - Filling up the DagBag from /Users/mujtabaalimalik/airflow/dags/python_pipeline_cleaning.py
[2024-10-16T13:38:00.401+0100] {processor.py:925} INFO - DAG(s) 'python_pipeline_cleaning' retrieved from /Users/mujtabaalimalik/airflow/dags/python_pipeline_cleaning.py
[2024-10-16T13:38:00.477+0100] {logging_mixin.py:190} INFO - [2024-10-16T13:38:00.477+0100] {dag.py:3239} INFO - Sync 1 DAGs
[2024-10-16T13:38:00.488+0100] {logging_mixin.py:190} INFO - [2024-10-16T13:38:00.487+0100] {dag.py:4180} INFO - Setting next_dagrun for python_pipeline_cleaning to None, run_after=None
[2024-10-16T13:38:00.501+0100] {processor.py:208} INFO - Processing /Users/mujtabaalimalik/airflow/dags/python_pipeline_cleaning.py took 0.267 seconds
[2024-10-16T13:38:31.693+0100] {processor.py:186} INFO - Started process (PID=69059) to work on /Users/mujtabaalimalik/airflow/dags/python_pipeline_cleaning.py
[2024-10-16T13:38:31.693+0100] {processor.py:914} INFO - Processing file /Users/mujtabaalimalik/airflow/dags/python_pipeline_cleaning.py for tasks to queue
[2024-10-16T13:38:31.694+0100] {logging_mixin.py:190} INFO - [2024-10-16T13:38:31.694+0100] {dagbag.py:588} INFO - Filling up the DagBag from /Users/mujtabaalimalik/airflow/dags/python_pipeline_cleaning.py
[2024-10-16T13:38:31.866+0100] {processor.py:925} INFO - DAG(s) 'python_pipeline_cleaning' retrieved from /Users/mujtabaalimalik/airflow/dags/python_pipeline_cleaning.py
[2024-10-16T13:38:31.947+0100] {logging_mixin.py:190} INFO - [2024-10-16T13:38:31.947+0100] {dag.py:3239} INFO - Sync 1 DAGs
[2024-10-16T13:38:31.960+0100] {logging_mixin.py:190} INFO - [2024-10-16T13:38:31.959+0100] {dag.py:4180} INFO - Setting next_dagrun for python_pipeline_cleaning to None, run_after=None
[2024-10-16T13:38:31.966+0100] {processor.py:208} INFO - Processing /Users/mujtabaalimalik/airflow/dags/python_pipeline_cleaning.py took 0.274 seconds
[2024-10-16T13:39:03.099+0100] {processor.py:186} INFO - Started process (PID=69081) to work on /Users/mujtabaalimalik/airflow/dags/python_pipeline_cleaning.py
[2024-10-16T13:39:03.099+0100] {processor.py:914} INFO - Processing file /Users/mujtabaalimalik/airflow/dags/python_pipeline_cleaning.py for tasks to queue
[2024-10-16T13:39:03.099+0100] {logging_mixin.py:190} INFO - [2024-10-16T13:39:03.099+0100] {dagbag.py:588} INFO - Filling up the DagBag from /Users/mujtabaalimalik/airflow/dags/python_pipeline_cleaning.py
[2024-10-16T13:39:03.270+0100] {processor.py:925} INFO - DAG(s) 'python_pipeline_cleaning' retrieved from /Users/mujtabaalimalik/airflow/dags/python_pipeline_cleaning.py
[2024-10-16T13:39:03.355+0100] {logging_mixin.py:190} INFO - [2024-10-16T13:39:03.354+0100] {dag.py:3239} INFO - Sync 1 DAGs
[2024-10-16T13:39:03.361+0100] {logging_mixin.py:190} INFO - [2024-10-16T13:39:03.361+0100] {dag.py:4180} INFO - Setting next_dagrun for python_pipeline_cleaning to None, run_after=None
[2024-10-16T13:39:03.370+0100] {processor.py:208} INFO - Processing /Users/mujtabaalimalik/airflow/dags/python_pipeline_cleaning.py took 0.273 seconds
[2024-10-16T13:39:34.349+0100] {processor.py:186} INFO - Started process (PID=69104) to work on /Users/mujtabaalimalik/airflow/dags/python_pipeline_cleaning.py
[2024-10-16T13:39:34.350+0100] {processor.py:914} INFO - Processing file /Users/mujtabaalimalik/airflow/dags/python_pipeline_cleaning.py for tasks to queue
[2024-10-16T13:39:34.350+0100] {logging_mixin.py:190} INFO - [2024-10-16T13:39:34.350+0100] {dagbag.py:588} INFO - Filling up the DagBag from /Users/mujtabaalimalik/airflow/dags/python_pipeline_cleaning.py
[2024-10-16T13:39:34.567+0100] {processor.py:925} INFO - DAG(s) 'python_pipeline_cleaning' retrieved from /Users/mujtabaalimalik/airflow/dags/python_pipeline_cleaning.py
[2024-10-16T13:39:34.650+0100] {logging_mixin.py:190} INFO - [2024-10-16T13:39:34.650+0100] {dag.py:3239} INFO - Sync 1 DAGs
[2024-10-16T13:39:34.657+0100] {logging_mixin.py:190} INFO - [2024-10-16T13:39:34.657+0100] {dag.py:4180} INFO - Setting next_dagrun for python_pipeline_cleaning to None, run_after=None
[2024-10-16T13:39:34.663+0100] {processor.py:208} INFO - Processing /Users/mujtabaalimalik/airflow/dags/python_pipeline_cleaning.py took 0.315 seconds
[2024-10-16T13:40:05.691+0100] {processor.py:186} INFO - Started process (PID=69128) to work on /Users/mujtabaalimalik/airflow/dags/python_pipeline_cleaning.py
[2024-10-16T13:40:05.692+0100] {processor.py:914} INFO - Processing file /Users/mujtabaalimalik/airflow/dags/python_pipeline_cleaning.py for tasks to queue
[2024-10-16T13:40:05.692+0100] {logging_mixin.py:190} INFO - [2024-10-16T13:40:05.692+0100] {dagbag.py:588} INFO - Filling up the DagBag from /Users/mujtabaalimalik/airflow/dags/python_pipeline_cleaning.py
[2024-10-16T13:40:05.874+0100] {processor.py:925} INFO - DAG(s) 'python_pipeline_cleaning' retrieved from /Users/mujtabaalimalik/airflow/dags/python_pipeline_cleaning.py
[2024-10-16T13:40:05.963+0100] {logging_mixin.py:190} INFO - [2024-10-16T13:40:05.963+0100] {dag.py:3239} INFO - Sync 1 DAGs
[2024-10-16T13:40:05.970+0100] {logging_mixin.py:190} INFO - [2024-10-16T13:40:05.970+0100] {dag.py:4180} INFO - Setting next_dagrun for python_pipeline_cleaning to None, run_after=None
[2024-10-16T13:40:05.977+0100] {processor.py:208} INFO - Processing /Users/mujtabaalimalik/airflow/dags/python_pipeline_cleaning.py took 0.287 seconds
[2024-10-16T13:40:37.206+0100] {processor.py:186} INFO - Started process (PID=69160) to work on /Users/mujtabaalimalik/airflow/dags/python_pipeline_cleaning.py
[2024-10-16T13:40:37.207+0100] {processor.py:914} INFO - Processing file /Users/mujtabaalimalik/airflow/dags/python_pipeline_cleaning.py for tasks to queue
[2024-10-16T13:40:37.207+0100] {logging_mixin.py:190} INFO - [2024-10-16T13:40:37.207+0100] {dagbag.py:588} INFO - Filling up the DagBag from /Users/mujtabaalimalik/airflow/dags/python_pipeline_cleaning.py
[2024-10-16T13:40:37.469+0100] {processor.py:925} INFO - DAG(s) 'python_pipeline_cleaning' retrieved from /Users/mujtabaalimalik/airflow/dags/python_pipeline_cleaning.py
[2024-10-16T13:40:37.534+0100] {logging_mixin.py:190} INFO - [2024-10-16T13:40:37.534+0100] {dag.py:3239} INFO - Sync 1 DAGs
[2024-10-16T13:40:37.541+0100] {logging_mixin.py:190} INFO - [2024-10-16T13:40:37.541+0100] {dag.py:4180} INFO - Setting next_dagrun for python_pipeline_cleaning to None, run_after=None
[2024-10-16T13:40:37.547+0100] {processor.py:208} INFO - Processing /Users/mujtabaalimalik/airflow/dags/python_pipeline_cleaning.py took 0.342 seconds
[2024-10-16T13:41:08.429+0100] {processor.py:186} INFO - Started process (PID=69189) to work on /Users/mujtabaalimalik/airflow/dags/python_pipeline_cleaning.py
[2024-10-16T13:41:08.430+0100] {processor.py:914} INFO - Processing file /Users/mujtabaalimalik/airflow/dags/python_pipeline_cleaning.py for tasks to queue
[2024-10-16T13:41:08.430+0100] {logging_mixin.py:190} INFO - [2024-10-16T13:41:08.430+0100] {dagbag.py:588} INFO - Filling up the DagBag from /Users/mujtabaalimalik/airflow/dags/python_pipeline_cleaning.py
[2024-10-16T13:41:08.606+0100] {processor.py:925} INFO - DAG(s) 'python_pipeline_cleaning' retrieved from /Users/mujtabaalimalik/airflow/dags/python_pipeline_cleaning.py
[2024-10-16T13:41:08.703+0100] {logging_mixin.py:190} INFO - [2024-10-16T13:41:08.703+0100] {dag.py:3239} INFO - Sync 1 DAGs
[2024-10-16T13:41:08.709+0100] {logging_mixin.py:190} INFO - [2024-10-16T13:41:08.709+0100] {dag.py:4180} INFO - Setting next_dagrun for python_pipeline_cleaning to None, run_after=None
[2024-10-16T13:41:08.715+0100] {processor.py:208} INFO - Processing /Users/mujtabaalimalik/airflow/dags/python_pipeline_cleaning.py took 0.287 seconds
[2024-10-16T13:41:39.751+0100] {processor.py:186} INFO - Started process (PID=69215) to work on /Users/mujtabaalimalik/airflow/dags/python_pipeline_cleaning.py
[2024-10-16T13:41:39.751+0100] {processor.py:914} INFO - Processing file /Users/mujtabaalimalik/airflow/dags/python_pipeline_cleaning.py for tasks to queue
[2024-10-16T13:41:39.751+0100] {logging_mixin.py:190} INFO - [2024-10-16T13:41:39.751+0100] {dagbag.py:588} INFO - Filling up the DagBag from /Users/mujtabaalimalik/airflow/dags/python_pipeline_cleaning.py
[2024-10-16T13:41:39.952+0100] {processor.py:925} INFO - DAG(s) 'python_pipeline_cleaning' retrieved from /Users/mujtabaalimalik/airflow/dags/python_pipeline_cleaning.py
[2024-10-16T13:41:40.040+0100] {logging_mixin.py:190} INFO - [2024-10-16T13:41:40.040+0100] {dag.py:3239} INFO - Sync 1 DAGs
[2024-10-16T13:41:40.046+0100] {logging_mixin.py:190} INFO - [2024-10-16T13:41:40.046+0100] {dag.py:4180} INFO - Setting next_dagrun for python_pipeline_cleaning to None, run_after=None
[2024-10-16T13:41:40.052+0100] {processor.py:208} INFO - Processing /Users/mujtabaalimalik/airflow/dags/python_pipeline_cleaning.py took 0.303 seconds
[2024-10-16T13:42:11.180+0100] {processor.py:186} INFO - Started process (PID=69241) to work on /Users/mujtabaalimalik/airflow/dags/python_pipeline_cleaning.py
[2024-10-16T13:42:11.182+0100] {processor.py:914} INFO - Processing file /Users/mujtabaalimalik/airflow/dags/python_pipeline_cleaning.py for tasks to queue
[2024-10-16T13:42:11.182+0100] {logging_mixin.py:190} INFO - [2024-10-16T13:42:11.182+0100] {dagbag.py:588} INFO - Filling up the DagBag from /Users/mujtabaalimalik/airflow/dags/python_pipeline_cleaning.py
[2024-10-16T13:42:11.349+0100] {processor.py:925} INFO - DAG(s) 'python_pipeline_cleaning' retrieved from /Users/mujtabaalimalik/airflow/dags/python_pipeline_cleaning.py
[2024-10-16T13:42:11.442+0100] {logging_mixin.py:190} INFO - [2024-10-16T13:42:11.441+0100] {dag.py:3239} INFO - Sync 1 DAGs
[2024-10-16T13:42:11.456+0100] {logging_mixin.py:190} INFO - [2024-10-16T13:42:11.456+0100] {dag.py:4180} INFO - Setting next_dagrun for python_pipeline_cleaning to None, run_after=None
[2024-10-16T13:42:11.462+0100] {processor.py:208} INFO - Processing /Users/mujtabaalimalik/airflow/dags/python_pipeline_cleaning.py took 0.283 seconds
[2024-10-16T13:42:42.423+0100] {processor.py:186} INFO - Started process (PID=69266) to work on /Users/mujtabaalimalik/airflow/dags/python_pipeline_cleaning.py
[2024-10-16T13:42:42.423+0100] {processor.py:914} INFO - Processing file /Users/mujtabaalimalik/airflow/dags/python_pipeline_cleaning.py for tasks to queue
[2024-10-16T13:42:42.423+0100] {logging_mixin.py:190} INFO - [2024-10-16T13:42:42.423+0100] {dagbag.py:588} INFO - Filling up the DagBag from /Users/mujtabaalimalik/airflow/dags/python_pipeline_cleaning.py
[2024-10-16T13:42:42.588+0100] {processor.py:925} INFO - DAG(s) 'python_pipeline_cleaning' retrieved from /Users/mujtabaalimalik/airflow/dags/python_pipeline_cleaning.py
[2024-10-16T13:42:42.674+0100] {logging_mixin.py:190} INFO - [2024-10-16T13:42:42.674+0100] {dag.py:3239} INFO - Sync 1 DAGs
[2024-10-16T13:42:42.680+0100] {logging_mixin.py:190} INFO - [2024-10-16T13:42:42.680+0100] {dag.py:4180} INFO - Setting next_dagrun for python_pipeline_cleaning to None, run_after=None
[2024-10-16T13:42:42.686+0100] {processor.py:208} INFO - Processing /Users/mujtabaalimalik/airflow/dags/python_pipeline_cleaning.py took 0.265 seconds
[2024-10-16T13:43:13.841+0100] {processor.py:186} INFO - Started process (PID=69299) to work on /Users/mujtabaalimalik/airflow/dags/python_pipeline_cleaning.py
[2024-10-16T13:43:13.841+0100] {processor.py:914} INFO - Processing file /Users/mujtabaalimalik/airflow/dags/python_pipeline_cleaning.py for tasks to queue
[2024-10-16T13:43:13.842+0100] {logging_mixin.py:190} INFO - [2024-10-16T13:43:13.842+0100] {dagbag.py:588} INFO - Filling up the DagBag from /Users/mujtabaalimalik/airflow/dags/python_pipeline_cleaning.py
[2024-10-16T13:43:14.048+0100] {processor.py:925} INFO - DAG(s) 'python_pipeline_cleaning' retrieved from /Users/mujtabaalimalik/airflow/dags/python_pipeline_cleaning.py
[2024-10-16T13:43:14.136+0100] {logging_mixin.py:190} INFO - [2024-10-16T13:43:14.136+0100] {dag.py:3239} INFO - Sync 1 DAGs
[2024-10-16T13:43:14.142+0100] {logging_mixin.py:190} INFO - [2024-10-16T13:43:14.142+0100] {dag.py:4180} INFO - Setting next_dagrun for python_pipeline_cleaning to None, run_after=None
[2024-10-16T13:43:14.149+0100] {processor.py:208} INFO - Processing /Users/mujtabaalimalik/airflow/dags/python_pipeline_cleaning.py took 0.309 seconds
[2024-10-16T13:43:45.153+0100] {processor.py:186} INFO - Started process (PID=69322) to work on /Users/mujtabaalimalik/airflow/dags/python_pipeline_cleaning.py
[2024-10-16T13:43:45.153+0100] {processor.py:914} INFO - Processing file /Users/mujtabaalimalik/airflow/dags/python_pipeline_cleaning.py for tasks to queue
[2024-10-16T13:43:45.153+0100] {logging_mixin.py:190} INFO - [2024-10-16T13:43:45.153+0100] {dagbag.py:588} INFO - Filling up the DagBag from /Users/mujtabaalimalik/airflow/dags/python_pipeline_cleaning.py
[2024-10-16T13:43:45.340+0100] {processor.py:925} INFO - DAG(s) 'python_pipeline_cleaning' retrieved from /Users/mujtabaalimalik/airflow/dags/python_pipeline_cleaning.py
[2024-10-16T13:43:45.429+0100] {logging_mixin.py:190} INFO - [2024-10-16T13:43:45.429+0100] {dag.py:3239} INFO - Sync 1 DAGs
[2024-10-16T13:43:45.435+0100] {logging_mixin.py:190} INFO - [2024-10-16T13:43:45.435+0100] {dag.py:4180} INFO - Setting next_dagrun for python_pipeline_cleaning to None, run_after=None
[2024-10-16T13:43:45.441+0100] {processor.py:208} INFO - Processing /Users/mujtabaalimalik/airflow/dags/python_pipeline_cleaning.py took 0.289 seconds
[2024-10-16T13:44:16.563+0100] {processor.py:186} INFO - Started process (PID=69351) to work on /Users/mujtabaalimalik/airflow/dags/python_pipeline_cleaning.py
[2024-10-16T13:44:16.563+0100] {processor.py:914} INFO - Processing file /Users/mujtabaalimalik/airflow/dags/python_pipeline_cleaning.py for tasks to queue
[2024-10-16T13:44:16.563+0100] {logging_mixin.py:190} INFO - [2024-10-16T13:44:16.563+0100] {dagbag.py:588} INFO - Filling up the DagBag from /Users/mujtabaalimalik/airflow/dags/python_pipeline_cleaning.py
[2024-10-16T13:44:16.737+0100] {processor.py:925} INFO - DAG(s) 'python_pipeline_cleaning' retrieved from /Users/mujtabaalimalik/airflow/dags/python_pipeline_cleaning.py
[2024-10-16T13:44:16.828+0100] {logging_mixin.py:190} INFO - [2024-10-16T13:44:16.828+0100] {dag.py:3239} INFO - Sync 1 DAGs
[2024-10-16T13:44:16.834+0100] {logging_mixin.py:190} INFO - [2024-10-16T13:44:16.834+0100] {dag.py:4180} INFO - Setting next_dagrun for python_pipeline_cleaning to None, run_after=None
[2024-10-16T13:44:16.842+0100] {processor.py:208} INFO - Processing /Users/mujtabaalimalik/airflow/dags/python_pipeline_cleaning.py took 0.280 seconds
[2024-10-16T13:44:47.930+0100] {processor.py:186} INFO - Started process (PID=69384) to work on /Users/mujtabaalimalik/airflow/dags/python_pipeline_cleaning.py
[2024-10-16T13:44:47.931+0100] {processor.py:914} INFO - Processing file /Users/mujtabaalimalik/airflow/dags/python_pipeline_cleaning.py for tasks to queue
[2024-10-16T13:44:47.931+0100] {logging_mixin.py:190} INFO - [2024-10-16T13:44:47.931+0100] {dagbag.py:588} INFO - Filling up the DagBag from /Users/mujtabaalimalik/airflow/dags/python_pipeline_cleaning.py
[2024-10-16T13:44:48.140+0100] {processor.py:925} INFO - DAG(s) 'python_pipeline_cleaning' retrieved from /Users/mujtabaalimalik/airflow/dags/python_pipeline_cleaning.py
[2024-10-16T13:44:48.229+0100] {logging_mixin.py:190} INFO - [2024-10-16T13:44:48.229+0100] {dag.py:3239} INFO - Sync 1 DAGs
[2024-10-16T13:44:48.235+0100] {logging_mixin.py:190} INFO - [2024-10-16T13:44:48.235+0100] {dag.py:4180} INFO - Setting next_dagrun for python_pipeline_cleaning to None, run_after=None
[2024-10-16T13:44:48.242+0100] {processor.py:208} INFO - Processing /Users/mujtabaalimalik/airflow/dags/python_pipeline_cleaning.py took 0.313 seconds
[2024-10-16T13:45:19.379+0100] {processor.py:186} INFO - Started process (PID=69412) to work on /Users/mujtabaalimalik/airflow/dags/python_pipeline_cleaning.py
[2024-10-16T13:45:19.380+0100] {processor.py:914} INFO - Processing file /Users/mujtabaalimalik/airflow/dags/python_pipeline_cleaning.py for tasks to queue
[2024-10-16T13:45:19.380+0100] {logging_mixin.py:190} INFO - [2024-10-16T13:45:19.380+0100] {dagbag.py:588} INFO - Filling up the DagBag from /Users/mujtabaalimalik/airflow/dags/python_pipeline_cleaning.py
[2024-10-16T13:45:19.556+0100] {processor.py:925} INFO - DAG(s) 'python_pipeline_cleaning' retrieved from /Users/mujtabaalimalik/airflow/dags/python_pipeline_cleaning.py
[2024-10-16T13:45:19.646+0100] {logging_mixin.py:190} INFO - [2024-10-16T13:45:19.646+0100] {dag.py:3239} INFO - Sync 1 DAGs
[2024-10-16T13:45:19.652+0100] {logging_mixin.py:190} INFO - [2024-10-16T13:45:19.652+0100] {dag.py:4180} INFO - Setting next_dagrun for python_pipeline_cleaning to None, run_after=None
[2024-10-16T13:45:19.658+0100] {processor.py:208} INFO - Processing /Users/mujtabaalimalik/airflow/dags/python_pipeline_cleaning.py took 0.280 seconds
[2024-10-16T13:45:50.677+0100] {processor.py:186} INFO - Started process (PID=69457) to work on /Users/mujtabaalimalik/airflow/dags/python_pipeline_cleaning.py
[2024-10-16T13:45:50.678+0100] {processor.py:914} INFO - Processing file /Users/mujtabaalimalik/airflow/dags/python_pipeline_cleaning.py for tasks to queue
[2024-10-16T13:45:50.678+0100] {logging_mixin.py:190} INFO - [2024-10-16T13:45:50.678+0100] {dagbag.py:588} INFO - Filling up the DagBag from /Users/mujtabaalimalik/airflow/dags/python_pipeline_cleaning.py
[2024-10-16T13:45:50.871+0100] {processor.py:925} INFO - DAG(s) 'python_pipeline_cleaning' retrieved from /Users/mujtabaalimalik/airflow/dags/python_pipeline_cleaning.py
[2024-10-16T13:45:50.950+0100] {logging_mixin.py:190} INFO - [2024-10-16T13:45:50.950+0100] {dag.py:3239} INFO - Sync 1 DAGs
[2024-10-16T13:45:50.956+0100] {logging_mixin.py:190} INFO - [2024-10-16T13:45:50.956+0100] {dag.py:4180} INFO - Setting next_dagrun for python_pipeline_cleaning to None, run_after=None
[2024-10-16T13:45:50.963+0100] {processor.py:208} INFO - Processing /Users/mujtabaalimalik/airflow/dags/python_pipeline_cleaning.py took 0.287 seconds
[2024-10-16T13:46:22.360+0100] {processor.py:186} INFO - Started process (PID=69493) to work on /Users/mujtabaalimalik/airflow/dags/python_pipeline_cleaning.py
[2024-10-16T13:46:22.361+0100] {processor.py:914} INFO - Processing file /Users/mujtabaalimalik/airflow/dags/python_pipeline_cleaning.py for tasks to queue
[2024-10-16T13:46:22.361+0100] {logging_mixin.py:190} INFO - [2024-10-16T13:46:22.361+0100] {dagbag.py:588} INFO - Filling up the DagBag from /Users/mujtabaalimalik/airflow/dags/python_pipeline_cleaning.py
[2024-10-16T13:46:22.557+0100] {processor.py:925} INFO - DAG(s) 'python_pipeline_cleaning' retrieved from /Users/mujtabaalimalik/airflow/dags/python_pipeline_cleaning.py
[2024-10-16T13:46:22.637+0100] {logging_mixin.py:190} INFO - [2024-10-16T13:46:22.637+0100] {dag.py:3239} INFO - Sync 1 DAGs
[2024-10-16T13:46:22.644+0100] {logging_mixin.py:190} INFO - [2024-10-16T13:46:22.643+0100] {dag.py:4180} INFO - Setting next_dagrun for python_pipeline_cleaning to None, run_after=None
[2024-10-16T13:46:22.650+0100] {processor.py:208} INFO - Processing /Users/mujtabaalimalik/airflow/dags/python_pipeline_cleaning.py took 0.291 seconds
[2024-10-16T13:46:53.911+0100] {processor.py:186} INFO - Started process (PID=69523) to work on /Users/mujtabaalimalik/airflow/dags/python_pipeline_cleaning.py
[2024-10-16T13:46:53.912+0100] {processor.py:914} INFO - Processing file /Users/mujtabaalimalik/airflow/dags/python_pipeline_cleaning.py for tasks to queue
[2024-10-16T13:46:53.912+0100] {logging_mixin.py:190} INFO - [2024-10-16T13:46:53.912+0100] {dagbag.py:588} INFO - Filling up the DagBag from /Users/mujtabaalimalik/airflow/dags/python_pipeline_cleaning.py
[2024-10-16T13:46:54.082+0100] {processor.py:925} INFO - DAG(s) 'python_pipeline_cleaning' retrieved from /Users/mujtabaalimalik/airflow/dags/python_pipeline_cleaning.py
[2024-10-16T13:46:54.166+0100] {logging_mixin.py:190} INFO - [2024-10-16T13:46:54.166+0100] {dag.py:3239} INFO - Sync 1 DAGs
[2024-10-16T13:46:54.172+0100] {logging_mixin.py:190} INFO - [2024-10-16T13:46:54.172+0100] {dag.py:4180} INFO - Setting next_dagrun for python_pipeline_cleaning to None, run_after=None
[2024-10-16T13:46:54.179+0100] {processor.py:208} INFO - Processing /Users/mujtabaalimalik/airflow/dags/python_pipeline_cleaning.py took 0.269 seconds
[2024-10-16T13:47:25.336+0100] {processor.py:186} INFO - Started process (PID=69607) to work on /Users/mujtabaalimalik/airflow/dags/python_pipeline_cleaning.py
[2024-10-16T13:47:25.336+0100] {processor.py:914} INFO - Processing file /Users/mujtabaalimalik/airflow/dags/python_pipeline_cleaning.py for tasks to queue
[2024-10-16T13:47:25.337+0100] {logging_mixin.py:190} INFO - [2024-10-16T13:47:25.337+0100] {dagbag.py:588} INFO - Filling up the DagBag from /Users/mujtabaalimalik/airflow/dags/python_pipeline_cleaning.py
[2024-10-16T13:47:25.487+0100] {processor.py:925} INFO - DAG(s) 'python_pipeline_cleaning' retrieved from /Users/mujtabaalimalik/airflow/dags/python_pipeline_cleaning.py
[2024-10-16T13:47:25.583+0100] {logging_mixin.py:190} INFO - [2024-10-16T13:47:25.582+0100] {dag.py:3239} INFO - Sync 1 DAGs
[2024-10-16T13:47:25.596+0100] {logging_mixin.py:190} INFO - [2024-10-16T13:47:25.596+0100] {dag.py:4180} INFO - Setting next_dagrun for python_pipeline_cleaning to None, run_after=None
[2024-10-16T13:47:25.602+0100] {processor.py:208} INFO - Processing /Users/mujtabaalimalik/airflow/dags/python_pipeline_cleaning.py took 0.268 seconds
[2024-10-16T13:48:27.029+0100] {processor.py:186} INFO - Started process (PID=69706) to work on /Users/mujtabaalimalik/airflow/dags/python_pipeline_cleaning.py
[2024-10-16T13:48:27.030+0100] {processor.py:914} INFO - Processing file /Users/mujtabaalimalik/airflow/dags/python_pipeline_cleaning.py for tasks to queue
[2024-10-16T13:48:27.030+0100] {logging_mixin.py:190} INFO - [2024-10-16T13:48:27.030+0100] {dagbag.py:588} INFO - Filling up the DagBag from /Users/mujtabaalimalik/airflow/dags/python_pipeline_cleaning.py
[2024-10-16T13:48:27.213+0100] {processor.py:925} INFO - DAG(s) 'python_pipeline_cleaning' retrieved from /Users/mujtabaalimalik/airflow/dags/python_pipeline_cleaning.py
[2024-10-16T13:48:27.314+0100] {logging_mixin.py:190} INFO - [2024-10-16T13:48:27.314+0100] {dag.py:3239} INFO - Sync 1 DAGs
[2024-10-16T13:48:27.320+0100] {logging_mixin.py:190} INFO - [2024-10-16T13:48:27.320+0100] {dag.py:4180} INFO - Setting next_dagrun for python_pipeline_cleaning to None, run_after=None
[2024-10-16T13:48:27.326+0100] {processor.py:208} INFO - Processing /Users/mujtabaalimalik/airflow/dags/python_pipeline_cleaning.py took 0.298 seconds
[2024-10-16T13:48:58.599+0100] {processor.py:186} INFO - Started process (PID=69749) to work on /Users/mujtabaalimalik/airflow/dags/python_pipeline_cleaning.py
[2024-10-16T13:48:58.600+0100] {processor.py:914} INFO - Processing file /Users/mujtabaalimalik/airflow/dags/python_pipeline_cleaning.py for tasks to queue
[2024-10-16T13:48:58.601+0100] {logging_mixin.py:190} INFO - [2024-10-16T13:48:58.601+0100] {dagbag.py:588} INFO - Filling up the DagBag from /Users/mujtabaalimalik/airflow/dags/python_pipeline_cleaning.py
[2024-10-16T13:48:58.761+0100] {processor.py:925} INFO - DAG(s) 'python_pipeline_cleaning' retrieved from /Users/mujtabaalimalik/airflow/dags/python_pipeline_cleaning.py
[2024-10-16T13:48:58.850+0100] {logging_mixin.py:190} INFO - [2024-10-16T13:48:58.850+0100] {dag.py:3239} INFO - Sync 1 DAGs
[2024-10-16T13:48:58.856+0100] {logging_mixin.py:190} INFO - [2024-10-16T13:48:58.856+0100] {dag.py:4180} INFO - Setting next_dagrun for python_pipeline_cleaning to None, run_after=None
[2024-10-16T13:48:58.863+0100] {processor.py:208} INFO - Processing /Users/mujtabaalimalik/airflow/dags/python_pipeline_cleaning.py took 0.265 seconds
[2024-10-16T13:49:31.104+0100] {processor.py:186} INFO - Started process (PID=69776) to work on /Users/mujtabaalimalik/airflow/dags/python_pipeline_cleaning.py
[2024-10-16T13:49:31.105+0100] {processor.py:914} INFO - Processing file /Users/mujtabaalimalik/airflow/dags/python_pipeline_cleaning.py for tasks to queue
[2024-10-16T13:49:31.105+0100] {logging_mixin.py:190} INFO - [2024-10-16T13:49:31.105+0100] {dagbag.py:588} INFO - Filling up the DagBag from /Users/mujtabaalimalik/airflow/dags/python_pipeline_cleaning.py
[2024-10-16T13:49:31.306+0100] {processor.py:925} INFO - DAG(s) 'python_pipeline_cleaning' retrieved from /Users/mujtabaalimalik/airflow/dags/python_pipeline_cleaning.py
[2024-10-16T13:49:31.404+0100] {logging_mixin.py:190} INFO - [2024-10-16T13:49:31.403+0100] {dag.py:3239} INFO - Sync 1 DAGs
[2024-10-16T13:49:31.410+0100] {logging_mixin.py:190} INFO - [2024-10-16T13:49:31.410+0100] {dag.py:4180} INFO - Setting next_dagrun for python_pipeline_cleaning to None, run_after=None
[2024-10-16T13:49:31.417+0100] {processor.py:208} INFO - Processing /Users/mujtabaalimalik/airflow/dags/python_pipeline_cleaning.py took 0.314 seconds
[2024-10-16T13:50:02.428+0100] {processor.py:186} INFO - Started process (PID=69821) to work on /Users/mujtabaalimalik/airflow/dags/python_pipeline_cleaning.py
[2024-10-16T13:50:02.428+0100] {processor.py:914} INFO - Processing file /Users/mujtabaalimalik/airflow/dags/python_pipeline_cleaning.py for tasks to queue
[2024-10-16T13:50:02.428+0100] {logging_mixin.py:190} INFO - [2024-10-16T13:50:02.428+0100] {dagbag.py:588} INFO - Filling up the DagBag from /Users/mujtabaalimalik/airflow/dags/python_pipeline_cleaning.py
[2024-10-16T13:50:02.608+0100] {processor.py:925} INFO - DAG(s) 'python_pipeline_cleaning' retrieved from /Users/mujtabaalimalik/airflow/dags/python_pipeline_cleaning.py
[2024-10-16T13:50:02.716+0100] {logging_mixin.py:190} INFO - [2024-10-16T13:50:02.716+0100] {dag.py:3239} INFO - Sync 1 DAGs
[2024-10-16T13:50:02.723+0100] {logging_mixin.py:190} INFO - [2024-10-16T13:50:02.723+0100] {dag.py:4180} INFO - Setting next_dagrun for python_pipeline_cleaning to None, run_after=None
[2024-10-16T13:50:02.729+0100] {processor.py:208} INFO - Processing /Users/mujtabaalimalik/airflow/dags/python_pipeline_cleaning.py took 0.302 seconds
[2024-10-16T13:50:42.898+0100] {processor.py:186} INFO - Started process (PID=69955) to work on /Users/mujtabaalimalik/airflow/dags/python_pipeline_cleaning.py
[2024-10-16T13:50:42.898+0100] {processor.py:914} INFO - Processing file /Users/mujtabaalimalik/airflow/dags/python_pipeline_cleaning.py for tasks to queue
[2024-10-16T13:50:42.899+0100] {logging_mixin.py:190} INFO - [2024-10-16T13:50:42.899+0100] {dagbag.py:588} INFO - Filling up the DagBag from /Users/mujtabaalimalik/airflow/dags/python_pipeline_cleaning.py
[2024-10-16T13:50:42.996+0100] {processor.py:925} INFO - DAG(s) 'python_pipeline_cleaning' retrieved from /Users/mujtabaalimalik/airflow/dags/python_pipeline_cleaning.py
[2024-10-16T13:50:43.058+0100] {logging_mixin.py:190} INFO - [2024-10-16T13:50:43.058+0100] {dag.py:3239} INFO - Sync 1 DAGs
[2024-10-16T13:50:43.065+0100] {logging_mixin.py:190} INFO - [2024-10-16T13:50:43.065+0100] {dag.py:4180} INFO - Setting next_dagrun for python_pipeline_cleaning to None, run_after=None
[2024-10-16T13:50:43.071+0100] {processor.py:208} INFO - Processing /Users/mujtabaalimalik/airflow/dags/python_pipeline_cleaning.py took 0.174 seconds
[2024-10-16T13:51:16.611+0100] {processor.py:186} INFO - Started process (PID=69997) to work on /Users/mujtabaalimalik/airflow/dags/python_pipeline_cleaning.py
[2024-10-16T13:51:16.611+0100] {processor.py:914} INFO - Processing file /Users/mujtabaalimalik/airflow/dags/python_pipeline_cleaning.py for tasks to queue
[2024-10-16T13:51:16.612+0100] {logging_mixin.py:190} INFO - [2024-10-16T13:51:16.611+0100] {dagbag.py:588} INFO - Filling up the DagBag from /Users/mujtabaalimalik/airflow/dags/python_pipeline_cleaning.py
[2024-10-16T13:51:16.705+0100] {processor.py:925} INFO - DAG(s) 'python_pipeline_cleaning' retrieved from /Users/mujtabaalimalik/airflow/dags/python_pipeline_cleaning.py
[2024-10-16T13:51:16.768+0100] {logging_mixin.py:190} INFO - [2024-10-16T13:51:16.767+0100] {dag.py:3239} INFO - Sync 1 DAGs
[2024-10-16T13:51:16.775+0100] {logging_mixin.py:190} INFO - [2024-10-16T13:51:16.775+0100] {dag.py:4180} INFO - Setting next_dagrun for python_pipeline_cleaning to None, run_after=None
[2024-10-16T13:51:16.781+0100] {processor.py:208} INFO - Processing /Users/mujtabaalimalik/airflow/dags/python_pipeline_cleaning.py took 0.171 seconds
[2024-10-16T13:51:48.206+0100] {processor.py:186} INFO - Started process (PID=70048) to work on /Users/mujtabaalimalik/airflow/dags/python_pipeline_cleaning.py
[2024-10-16T13:51:48.207+0100] {processor.py:914} INFO - Processing file /Users/mujtabaalimalik/airflow/dags/python_pipeline_cleaning.py for tasks to queue
[2024-10-16T13:51:48.207+0100] {logging_mixin.py:190} INFO - [2024-10-16T13:51:48.207+0100] {dagbag.py:588} INFO - Filling up the DagBag from /Users/mujtabaalimalik/airflow/dags/python_pipeline_cleaning.py
[2024-10-16T13:51:48.296+0100] {processor.py:925} INFO - DAG(s) 'python_pipeline_cleaning' retrieved from /Users/mujtabaalimalik/airflow/dags/python_pipeline_cleaning.py
[2024-10-16T13:51:48.352+0100] {logging_mixin.py:190} INFO - [2024-10-16T13:51:48.352+0100] {dag.py:3239} INFO - Sync 1 DAGs
[2024-10-16T13:51:48.358+0100] {logging_mixin.py:190} INFO - [2024-10-16T13:51:48.358+0100] {dag.py:4180} INFO - Setting next_dagrun for python_pipeline_cleaning to None, run_after=None
[2024-10-16T13:51:48.363+0100] {processor.py:208} INFO - Processing /Users/mujtabaalimalik/airflow/dags/python_pipeline_cleaning.py took 0.158 seconds
[2024-10-16T13:52:20.046+0100] {processor.py:186} INFO - Started process (PID=70107) to work on /Users/mujtabaalimalik/airflow/dags/python_pipeline_cleaning.py
[2024-10-16T13:52:20.046+0100] {processor.py:914} INFO - Processing file /Users/mujtabaalimalik/airflow/dags/python_pipeline_cleaning.py for tasks to queue
[2024-10-16T13:52:20.047+0100] {logging_mixin.py:190} INFO - [2024-10-16T13:52:20.047+0100] {dagbag.py:588} INFO - Filling up the DagBag from /Users/mujtabaalimalik/airflow/dags/python_pipeline_cleaning.py
[2024-10-16T13:52:20.140+0100] {processor.py:925} INFO - DAG(s) 'python_pipeline_cleaning' retrieved from /Users/mujtabaalimalik/airflow/dags/python_pipeline_cleaning.py
[2024-10-16T13:52:20.197+0100] {logging_mixin.py:190} INFO - [2024-10-16T13:52:20.197+0100] {dag.py:3239} INFO - Sync 1 DAGs
[2024-10-16T13:52:20.203+0100] {logging_mixin.py:190} INFO - [2024-10-16T13:52:20.203+0100] {dag.py:4180} INFO - Setting next_dagrun for python_pipeline_cleaning to None, run_after=None
[2024-10-16T13:52:20.209+0100] {processor.py:208} INFO - Processing /Users/mujtabaalimalik/airflow/dags/python_pipeline_cleaning.py took 0.164 seconds
[2024-10-16T13:52:51.792+0100] {processor.py:186} INFO - Started process (PID=70139) to work on /Users/mujtabaalimalik/airflow/dags/python_pipeline_cleaning.py
[2024-10-16T13:52:51.793+0100] {processor.py:914} INFO - Processing file /Users/mujtabaalimalik/airflow/dags/python_pipeline_cleaning.py for tasks to queue
[2024-10-16T13:52:51.793+0100] {logging_mixin.py:190} INFO - [2024-10-16T13:52:51.793+0100] {dagbag.py:588} INFO - Filling up the DagBag from /Users/mujtabaalimalik/airflow/dags/python_pipeline_cleaning.py
[2024-10-16T13:52:51.880+0100] {processor.py:925} INFO - DAG(s) 'python_pipeline_cleaning' retrieved from /Users/mujtabaalimalik/airflow/dags/python_pipeline_cleaning.py
[2024-10-16T13:52:51.935+0100] {logging_mixin.py:190} INFO - [2024-10-16T13:52:51.935+0100] {dag.py:3239} INFO - Sync 1 DAGs
[2024-10-16T13:52:51.941+0100] {logging_mixin.py:190} INFO - [2024-10-16T13:52:51.941+0100] {dag.py:4180} INFO - Setting next_dagrun for python_pipeline_cleaning to None, run_after=None
[2024-10-16T13:52:51.946+0100] {processor.py:208} INFO - Processing /Users/mujtabaalimalik/airflow/dags/python_pipeline_cleaning.py took 0.155 seconds
[2024-10-16T13:53:23.108+0100] {processor.py:186} INFO - Started process (PID=70163) to work on /Users/mujtabaalimalik/airflow/dags/python_pipeline_cleaning.py
[2024-10-16T13:53:23.109+0100] {processor.py:914} INFO - Processing file /Users/mujtabaalimalik/airflow/dags/python_pipeline_cleaning.py for tasks to queue
[2024-10-16T13:53:23.109+0100] {logging_mixin.py:190} INFO - [2024-10-16T13:53:23.109+0100] {dagbag.py:588} INFO - Filling up the DagBag from /Users/mujtabaalimalik/airflow/dags/python_pipeline_cleaning.py
[2024-10-16T13:53:23.198+0100] {processor.py:925} INFO - DAG(s) 'python_pipeline_cleaning' retrieved from /Users/mujtabaalimalik/airflow/dags/python_pipeline_cleaning.py
[2024-10-16T13:53:23.255+0100] {logging_mixin.py:190} INFO - [2024-10-16T13:53:23.255+0100] {dag.py:3239} INFO - Sync 1 DAGs
[2024-10-16T13:53:23.261+0100] {logging_mixin.py:190} INFO - [2024-10-16T13:53:23.261+0100] {dag.py:4180} INFO - Setting next_dagrun for python_pipeline_cleaning to None, run_after=None
[2024-10-16T13:53:23.267+0100] {processor.py:208} INFO - Processing /Users/mujtabaalimalik/airflow/dags/python_pipeline_cleaning.py took 0.160 seconds
[2024-10-16T13:53:54.393+0100] {processor.py:186} INFO - Started process (PID=70206) to work on /Users/mujtabaalimalik/airflow/dags/python_pipeline_cleaning.py
[2024-10-16T13:53:54.393+0100] {processor.py:914} INFO - Processing file /Users/mujtabaalimalik/airflow/dags/python_pipeline_cleaning.py for tasks to queue
[2024-10-16T13:53:54.394+0100] {logging_mixin.py:190} INFO - [2024-10-16T13:53:54.394+0100] {dagbag.py:588} INFO - Filling up the DagBag from /Users/mujtabaalimalik/airflow/dags/python_pipeline_cleaning.py
[2024-10-16T13:53:54.485+0100] {processor.py:925} INFO - DAG(s) 'python_pipeline_cleaning' retrieved from /Users/mujtabaalimalik/airflow/dags/python_pipeline_cleaning.py
[2024-10-16T13:53:54.542+0100] {logging_mixin.py:190} INFO - [2024-10-16T13:53:54.542+0100] {dag.py:3239} INFO - Sync 1 DAGs
[2024-10-16T13:53:54.548+0100] {logging_mixin.py:190} INFO - [2024-10-16T13:53:54.548+0100] {dag.py:4180} INFO - Setting next_dagrun for python_pipeline_cleaning to None, run_after=None
[2024-10-16T13:53:54.554+0100] {processor.py:208} INFO - Processing /Users/mujtabaalimalik/airflow/dags/python_pipeline_cleaning.py took 0.162 seconds
[2024-10-16T13:54:25.820+0100] {processor.py:186} INFO - Started process (PID=70278) to work on /Users/mujtabaalimalik/airflow/dags/python_pipeline_cleaning.py
[2024-10-16T13:54:25.821+0100] {processor.py:914} INFO - Processing file /Users/mujtabaalimalik/airflow/dags/python_pipeline_cleaning.py for tasks to queue
[2024-10-16T13:54:25.822+0100] {logging_mixin.py:190} INFO - [2024-10-16T13:54:25.821+0100] {dagbag.py:588} INFO - Filling up the DagBag from /Users/mujtabaalimalik/airflow/dags/python_pipeline_cleaning.py
[2024-10-16T13:54:25.981+0100] {processor.py:925} INFO - DAG(s) 'python_pipeline_cleaning' retrieved from /Users/mujtabaalimalik/airflow/dags/python_pipeline_cleaning.py
[2024-10-16T13:54:26.040+0100] {logging_mixin.py:190} INFO - [2024-10-16T13:54:26.040+0100] {dag.py:3239} INFO - Sync 1 DAGs
[2024-10-16T13:54:26.046+0100] {logging_mixin.py:190} INFO - [2024-10-16T13:54:26.046+0100] {dag.py:4180} INFO - Setting next_dagrun for python_pipeline_cleaning to None, run_after=None
[2024-10-16T13:54:26.052+0100] {processor.py:208} INFO - Processing /Users/mujtabaalimalik/airflow/dags/python_pipeline_cleaning.py took 0.232 seconds
[2024-10-16T13:54:56.969+0100] {processor.py:186} INFO - Started process (PID=70350) to work on /Users/mujtabaalimalik/airflow/dags/python_pipeline_cleaning.py
[2024-10-16T13:54:56.969+0100] {processor.py:914} INFO - Processing file /Users/mujtabaalimalik/airflow/dags/python_pipeline_cleaning.py for tasks to queue
[2024-10-16T13:54:56.969+0100] {logging_mixin.py:190} INFO - [2024-10-16T13:54:56.969+0100] {dagbag.py:588} INFO - Filling up the DagBag from /Users/mujtabaalimalik/airflow/dags/python_pipeline_cleaning.py
[2024-10-16T13:54:57.062+0100] {processor.py:925} INFO - DAG(s) 'python_pipeline_cleaning' retrieved from /Users/mujtabaalimalik/airflow/dags/python_pipeline_cleaning.py
[2024-10-16T13:54:57.118+0100] {logging_mixin.py:190} INFO - [2024-10-16T13:54:57.118+0100] {dag.py:3239} INFO - Sync 1 DAGs
[2024-10-16T13:54:57.125+0100] {logging_mixin.py:190} INFO - [2024-10-16T13:54:57.124+0100] {dag.py:4180} INFO - Setting next_dagrun for python_pipeline_cleaning to None, run_after=None
[2024-10-16T13:54:57.131+0100] {processor.py:208} INFO - Processing /Users/mujtabaalimalik/airflow/dags/python_pipeline_cleaning.py took 0.163 seconds
[2024-10-16T13:55:28.288+0100] {processor.py:186} INFO - Started process (PID=70424) to work on /Users/mujtabaalimalik/airflow/dags/python_pipeline_cleaning.py
[2024-10-16T13:55:28.289+0100] {processor.py:914} INFO - Processing file /Users/mujtabaalimalik/airflow/dags/python_pipeline_cleaning.py for tasks to queue
[2024-10-16T13:55:28.289+0100] {logging_mixin.py:190} INFO - [2024-10-16T13:55:28.289+0100] {dagbag.py:588} INFO - Filling up the DagBag from /Users/mujtabaalimalik/airflow/dags/python_pipeline_cleaning.py
[2024-10-16T13:55:28.447+0100] {processor.py:925} INFO - DAG(s) 'python_pipeline_cleaning' retrieved from /Users/mujtabaalimalik/airflow/dags/python_pipeline_cleaning.py
[2024-10-16T13:55:28.503+0100] {logging_mixin.py:190} INFO - [2024-10-16T13:55:28.503+0100] {dag.py:3239} INFO - Sync 1 DAGs
[2024-10-16T13:55:28.509+0100] {logging_mixin.py:190} INFO - [2024-10-16T13:55:28.509+0100] {dag.py:4180} INFO - Setting next_dagrun for python_pipeline_cleaning to None, run_after=None
[2024-10-16T13:55:28.514+0100] {processor.py:208} INFO - Processing /Users/mujtabaalimalik/airflow/dags/python_pipeline_cleaning.py took 0.227 seconds
[2024-10-16T13:55:59.500+0100] {processor.py:186} INFO - Started process (PID=70455) to work on /Users/mujtabaalimalik/airflow/dags/python_pipeline_cleaning.py
[2024-10-16T13:55:59.501+0100] {processor.py:914} INFO - Processing file /Users/mujtabaalimalik/airflow/dags/python_pipeline_cleaning.py for tasks to queue
[2024-10-16T13:55:59.501+0100] {logging_mixin.py:190} INFO - [2024-10-16T13:55:59.501+0100] {dagbag.py:588} INFO - Filling up the DagBag from /Users/mujtabaalimalik/airflow/dags/python_pipeline_cleaning.py
[2024-10-16T13:55:59.590+0100] {processor.py:925} INFO - DAG(s) 'python_pipeline_cleaning' retrieved from /Users/mujtabaalimalik/airflow/dags/python_pipeline_cleaning.py
[2024-10-16T13:55:59.646+0100] {logging_mixin.py:190} INFO - [2024-10-16T13:55:59.646+0100] {dag.py:3239} INFO - Sync 1 DAGs
[2024-10-16T13:55:59.652+0100] {logging_mixin.py:190} INFO - [2024-10-16T13:55:59.652+0100] {dag.py:4180} INFO - Setting next_dagrun for python_pipeline_cleaning to None, run_after=None
[2024-10-16T13:55:59.658+0100] {processor.py:208} INFO - Processing /Users/mujtabaalimalik/airflow/dags/python_pipeline_cleaning.py took 0.158 seconds
[2024-10-16T13:56:30.806+0100] {processor.py:186} INFO - Started process (PID=70481) to work on /Users/mujtabaalimalik/airflow/dags/python_pipeline_cleaning.py
[2024-10-16T13:56:30.807+0100] {processor.py:914} INFO - Processing file /Users/mujtabaalimalik/airflow/dags/python_pipeline_cleaning.py for tasks to queue
[2024-10-16T13:56:30.807+0100] {logging_mixin.py:190} INFO - [2024-10-16T13:56:30.807+0100] {dagbag.py:588} INFO - Filling up the DagBag from /Users/mujtabaalimalik/airflow/dags/python_pipeline_cleaning.py
[2024-10-16T13:56:30.957+0100] {processor.py:925} INFO - DAG(s) 'python_pipeline_cleaning' retrieved from /Users/mujtabaalimalik/airflow/dags/python_pipeline_cleaning.py
[2024-10-16T13:56:31.012+0100] {logging_mixin.py:190} INFO - [2024-10-16T13:56:31.012+0100] {dag.py:3239} INFO - Sync 1 DAGs
[2024-10-16T13:56:31.017+0100] {logging_mixin.py:190} INFO - [2024-10-16T13:56:31.017+0100] {dag.py:4180} INFO - Setting next_dagrun for python_pipeline_cleaning to None, run_after=None
[2024-10-16T13:56:31.023+0100] {processor.py:208} INFO - Processing /Users/mujtabaalimalik/airflow/dags/python_pipeline_cleaning.py took 0.218 seconds
[2024-10-16T13:57:02.092+0100] {processor.py:186} INFO - Started process (PID=70510) to work on /Users/mujtabaalimalik/airflow/dags/python_pipeline_cleaning.py
[2024-10-16T13:57:02.092+0100] {processor.py:914} INFO - Processing file /Users/mujtabaalimalik/airflow/dags/python_pipeline_cleaning.py for tasks to queue
[2024-10-16T13:57:02.092+0100] {logging_mixin.py:190} INFO - [2024-10-16T13:57:02.092+0100] {dagbag.py:588} INFO - Filling up the DagBag from /Users/mujtabaalimalik/airflow/dags/python_pipeline_cleaning.py
[2024-10-16T13:57:02.177+0100] {processor.py:925} INFO - DAG(s) 'python_pipeline_cleaning' retrieved from /Users/mujtabaalimalik/airflow/dags/python_pipeline_cleaning.py
[2024-10-16T13:57:02.231+0100] {logging_mixin.py:190} INFO - [2024-10-16T13:57:02.231+0100] {dag.py:3239} INFO - Sync 1 DAGs
[2024-10-16T13:57:02.237+0100] {logging_mixin.py:190} INFO - [2024-10-16T13:57:02.237+0100] {dag.py:4180} INFO - Setting next_dagrun for python_pipeline_cleaning to None, run_after=None
[2024-10-16T13:57:02.243+0100] {processor.py:208} INFO - Processing /Users/mujtabaalimalik/airflow/dags/python_pipeline_cleaning.py took 0.152 seconds
[2024-10-16T13:57:33.451+0100] {processor.py:186} INFO - Started process (PID=70535) to work on /Users/mujtabaalimalik/airflow/dags/python_pipeline_cleaning.py
[2024-10-16T13:57:33.451+0100] {processor.py:914} INFO - Processing file /Users/mujtabaalimalik/airflow/dags/python_pipeline_cleaning.py for tasks to queue
[2024-10-16T13:57:33.452+0100] {logging_mixin.py:190} INFO - [2024-10-16T13:57:33.451+0100] {dagbag.py:588} INFO - Filling up the DagBag from /Users/mujtabaalimalik/airflow/dags/python_pipeline_cleaning.py
[2024-10-16T13:57:33.536+0100] {processor.py:925} INFO - DAG(s) 'python_pipeline_cleaning' retrieved from /Users/mujtabaalimalik/airflow/dags/python_pipeline_cleaning.py
[2024-10-16T13:57:33.591+0100] {logging_mixin.py:190} INFO - [2024-10-16T13:57:33.591+0100] {dag.py:3239} INFO - Sync 1 DAGs
[2024-10-16T13:57:33.597+0100] {logging_mixin.py:190} INFO - [2024-10-16T13:57:33.597+0100] {dag.py:4180} INFO - Setting next_dagrun for python_pipeline_cleaning to None, run_after=None
[2024-10-16T13:57:33.603+0100] {processor.py:208} INFO - Processing /Users/mujtabaalimalik/airflow/dags/python_pipeline_cleaning.py took 0.153 seconds
[2024-10-16T13:58:04.903+0100] {processor.py:186} INFO - Started process (PID=70580) to work on /Users/mujtabaalimalik/airflow/dags/python_pipeline_cleaning.py
[2024-10-16T13:58:04.903+0100] {processor.py:914} INFO - Processing file /Users/mujtabaalimalik/airflow/dags/python_pipeline_cleaning.py for tasks to queue
[2024-10-16T13:58:04.904+0100] {logging_mixin.py:190} INFO - [2024-10-16T13:58:04.904+0100] {dagbag.py:588} INFO - Filling up the DagBag from /Users/mujtabaalimalik/airflow/dags/python_pipeline_cleaning.py
[2024-10-16T13:58:04.991+0100] {processor.py:925} INFO - DAG(s) 'python_pipeline_cleaning' retrieved from /Users/mujtabaalimalik/airflow/dags/python_pipeline_cleaning.py
[2024-10-16T13:58:05.046+0100] {logging_mixin.py:190} INFO - [2024-10-16T13:58:05.046+0100] {dag.py:3239} INFO - Sync 1 DAGs
[2024-10-16T13:58:05.052+0100] {logging_mixin.py:190} INFO - [2024-10-16T13:58:05.052+0100] {dag.py:4180} INFO - Setting next_dagrun for python_pipeline_cleaning to None, run_after=None
[2024-10-16T13:58:05.058+0100] {processor.py:208} INFO - Processing /Users/mujtabaalimalik/airflow/dags/python_pipeline_cleaning.py took 0.156 seconds
[2024-10-16T13:58:36.256+0100] {processor.py:186} INFO - Started process (PID=70613) to work on /Users/mujtabaalimalik/airflow/dags/python_pipeline_cleaning.py
[2024-10-16T13:58:36.257+0100] {processor.py:914} INFO - Processing file /Users/mujtabaalimalik/airflow/dags/python_pipeline_cleaning.py for tasks to queue
[2024-10-16T13:58:36.257+0100] {logging_mixin.py:190} INFO - [2024-10-16T13:58:36.257+0100] {dagbag.py:588} INFO - Filling up the DagBag from /Users/mujtabaalimalik/airflow/dags/python_pipeline_cleaning.py
[2024-10-16T13:58:36.347+0100] {processor.py:925} INFO - DAG(s) 'python_pipeline_cleaning' retrieved from /Users/mujtabaalimalik/airflow/dags/python_pipeline_cleaning.py
[2024-10-16T13:58:36.402+0100] {logging_mixin.py:190} INFO - [2024-10-16T13:58:36.402+0100] {dag.py:3239} INFO - Sync 1 DAGs
[2024-10-16T13:58:36.408+0100] {logging_mixin.py:190} INFO - [2024-10-16T13:58:36.408+0100] {dag.py:4180} INFO - Setting next_dagrun for python_pipeline_cleaning to None, run_after=None
[2024-10-16T13:58:36.413+0100] {processor.py:208} INFO - Processing /Users/mujtabaalimalik/airflow/dags/python_pipeline_cleaning.py took 0.158 seconds
[2024-10-16T13:59:07.538+0100] {processor.py:186} INFO - Started process (PID=70641) to work on /Users/mujtabaalimalik/airflow/dags/python_pipeline_cleaning.py
[2024-10-16T13:59:07.538+0100] {processor.py:914} INFO - Processing file /Users/mujtabaalimalik/airflow/dags/python_pipeline_cleaning.py for tasks to queue
[2024-10-16T13:59:07.538+0100] {logging_mixin.py:190} INFO - [2024-10-16T13:59:07.538+0100] {dagbag.py:588} INFO - Filling up the DagBag from /Users/mujtabaalimalik/airflow/dags/python_pipeline_cleaning.py
[2024-10-16T13:59:07.625+0100] {processor.py:925} INFO - DAG(s) 'python_pipeline_cleaning' retrieved from /Users/mujtabaalimalik/airflow/dags/python_pipeline_cleaning.py
[2024-10-16T13:59:07.681+0100] {logging_mixin.py:190} INFO - [2024-10-16T13:59:07.681+0100] {dag.py:3239} INFO - Sync 1 DAGs
[2024-10-16T13:59:07.687+0100] {logging_mixin.py:190} INFO - [2024-10-16T13:59:07.687+0100] {dag.py:4180} INFO - Setting next_dagrun for python_pipeline_cleaning to None, run_after=None
[2024-10-16T13:59:07.692+0100] {processor.py:208} INFO - Processing /Users/mujtabaalimalik/airflow/dags/python_pipeline_cleaning.py took 0.156 seconds
[2024-10-16T13:59:38.935+0100] {processor.py:186} INFO - Started process (PID=70679) to work on /Users/mujtabaalimalik/airflow/dags/python_pipeline_cleaning.py
[2024-10-16T13:59:38.935+0100] {processor.py:914} INFO - Processing file /Users/mujtabaalimalik/airflow/dags/python_pipeline_cleaning.py for tasks to queue
[2024-10-16T13:59:38.935+0100] {logging_mixin.py:190} INFO - [2024-10-16T13:59:38.935+0100] {dagbag.py:588} INFO - Filling up the DagBag from /Users/mujtabaalimalik/airflow/dags/python_pipeline_cleaning.py
[2024-10-16T13:59:39.023+0100] {processor.py:925} INFO - DAG(s) 'python_pipeline_cleaning' retrieved from /Users/mujtabaalimalik/airflow/dags/python_pipeline_cleaning.py
[2024-10-16T13:59:39.078+0100] {logging_mixin.py:190} INFO - [2024-10-16T13:59:39.078+0100] {dag.py:3239} INFO - Sync 1 DAGs
[2024-10-16T13:59:39.084+0100] {logging_mixin.py:190} INFO - [2024-10-16T13:59:39.084+0100] {dag.py:4180} INFO - Setting next_dagrun for python_pipeline_cleaning to None, run_after=None
[2024-10-16T13:59:39.089+0100] {processor.py:208} INFO - Processing /Users/mujtabaalimalik/airflow/dags/python_pipeline_cleaning.py took 0.156 seconds
[2024-10-16T14:00:10.282+0100] {processor.py:186} INFO - Started process (PID=70704) to work on /Users/mujtabaalimalik/airflow/dags/python_pipeline_cleaning.py
[2024-10-16T14:00:10.282+0100] {processor.py:914} INFO - Processing file /Users/mujtabaalimalik/airflow/dags/python_pipeline_cleaning.py for tasks to queue
[2024-10-16T14:00:10.283+0100] {logging_mixin.py:190} INFO - [2024-10-16T14:00:10.283+0100] {dagbag.py:588} INFO - Filling up the DagBag from /Users/mujtabaalimalik/airflow/dags/python_pipeline_cleaning.py
[2024-10-16T14:00:10.374+0100] {processor.py:925} INFO - DAG(s) 'python_pipeline_cleaning' retrieved from /Users/mujtabaalimalik/airflow/dags/python_pipeline_cleaning.py
[2024-10-16T14:00:10.430+0100] {logging_mixin.py:190} INFO - [2024-10-16T14:00:10.430+0100] {dag.py:3239} INFO - Sync 1 DAGs
[2024-10-16T14:00:10.436+0100] {logging_mixin.py:190} INFO - [2024-10-16T14:00:10.436+0100] {dag.py:4180} INFO - Setting next_dagrun for python_pipeline_cleaning to None, run_after=None
[2024-10-16T14:00:10.442+0100] {processor.py:208} INFO - Processing /Users/mujtabaalimalik/airflow/dags/python_pipeline_cleaning.py took 0.161 seconds
[2024-10-16T14:00:42.053+0100] {processor.py:186} INFO - Started process (PID=70734) to work on /Users/mujtabaalimalik/airflow/dags/python_pipeline_cleaning.py
[2024-10-16T14:00:42.053+0100] {processor.py:914} INFO - Processing file /Users/mujtabaalimalik/airflow/dags/python_pipeline_cleaning.py for tasks to queue
[2024-10-16T14:00:42.054+0100] {logging_mixin.py:190} INFO - [2024-10-16T14:00:42.054+0100] {dagbag.py:588} INFO - Filling up the DagBag from /Users/mujtabaalimalik/airflow/dags/python_pipeline_cleaning.py
[2024-10-16T14:00:42.144+0100] {processor.py:925} INFO - DAG(s) 'python_pipeline_cleaning' retrieved from /Users/mujtabaalimalik/airflow/dags/python_pipeline_cleaning.py
[2024-10-16T14:00:42.200+0100] {logging_mixin.py:190} INFO - [2024-10-16T14:00:42.200+0100] {dag.py:3239} INFO - Sync 1 DAGs
[2024-10-16T14:00:42.206+0100] {logging_mixin.py:190} INFO - [2024-10-16T14:00:42.206+0100] {dag.py:4180} INFO - Setting next_dagrun for python_pipeline_cleaning to None, run_after=None
[2024-10-16T14:00:42.212+0100] {processor.py:208} INFO - Processing /Users/mujtabaalimalik/airflow/dags/python_pipeline_cleaning.py took 0.160 seconds
[2024-10-16T14:01:13.792+0100] {processor.py:186} INFO - Started process (PID=70759) to work on /Users/mujtabaalimalik/airflow/dags/python_pipeline_cleaning.py
[2024-10-16T14:01:13.793+0100] {processor.py:914} INFO - Processing file /Users/mujtabaalimalik/airflow/dags/python_pipeline_cleaning.py for tasks to queue
[2024-10-16T14:01:13.793+0100] {logging_mixin.py:190} INFO - [2024-10-16T14:01:13.793+0100] {dagbag.py:588} INFO - Filling up the DagBag from /Users/mujtabaalimalik/airflow/dags/python_pipeline_cleaning.py
[2024-10-16T14:01:13.884+0100] {processor.py:925} INFO - DAG(s) 'python_pipeline_cleaning' retrieved from /Users/mujtabaalimalik/airflow/dags/python_pipeline_cleaning.py
[2024-10-16T14:01:13.941+0100] {logging_mixin.py:190} INFO - [2024-10-16T14:01:13.941+0100] {dag.py:3239} INFO - Sync 1 DAGs
[2024-10-16T14:01:13.947+0100] {logging_mixin.py:190} INFO - [2024-10-16T14:01:13.947+0100] {dag.py:4180} INFO - Setting next_dagrun for python_pipeline_cleaning to None, run_after=None
[2024-10-16T14:01:13.953+0100] {processor.py:208} INFO - Processing /Users/mujtabaalimalik/airflow/dags/python_pipeline_cleaning.py took 0.162 seconds
[2024-10-16T14:01:44.841+0100] {processor.py:186} INFO - Started process (PID=70801) to work on /Users/mujtabaalimalik/airflow/dags/python_pipeline_cleaning.py
[2024-10-16T14:01:44.841+0100] {processor.py:914} INFO - Processing file /Users/mujtabaalimalik/airflow/dags/python_pipeline_cleaning.py for tasks to queue
[2024-10-16T14:01:44.842+0100] {logging_mixin.py:190} INFO - [2024-10-16T14:01:44.842+0100] {dagbag.py:588} INFO - Filling up the DagBag from /Users/mujtabaalimalik/airflow/dags/python_pipeline_cleaning.py
[2024-10-16T14:01:44.933+0100] {processor.py:925} INFO - DAG(s) 'python_pipeline_cleaning' retrieved from /Users/mujtabaalimalik/airflow/dags/python_pipeline_cleaning.py
[2024-10-16T14:01:44.989+0100] {logging_mixin.py:190} INFO - [2024-10-16T14:01:44.989+0100] {dag.py:3239} INFO - Sync 1 DAGs
[2024-10-16T14:01:44.995+0100] {logging_mixin.py:190} INFO - [2024-10-16T14:01:44.995+0100] {dag.py:4180} INFO - Setting next_dagrun for python_pipeline_cleaning to None, run_after=None
[2024-10-16T14:01:45.000+0100] {processor.py:208} INFO - Processing /Users/mujtabaalimalik/airflow/dags/python_pipeline_cleaning.py took 0.160 seconds
[2024-10-16T14:02:16.492+0100] {processor.py:186} INFO - Started process (PID=70833) to work on /Users/mujtabaalimalik/airflow/dags/python_pipeline_cleaning.py
[2024-10-16T14:02:16.492+0100] {processor.py:914} INFO - Processing file /Users/mujtabaalimalik/airflow/dags/python_pipeline_cleaning.py for tasks to queue
[2024-10-16T14:02:16.493+0100] {logging_mixin.py:190} INFO - [2024-10-16T14:02:16.493+0100] {dagbag.py:588} INFO - Filling up the DagBag from /Users/mujtabaalimalik/airflow/dags/python_pipeline_cleaning.py
[2024-10-16T14:02:16.582+0100] {processor.py:925} INFO - DAG(s) 'python_pipeline_cleaning' retrieved from /Users/mujtabaalimalik/airflow/dags/python_pipeline_cleaning.py
[2024-10-16T14:02:16.639+0100] {logging_mixin.py:190} INFO - [2024-10-16T14:02:16.639+0100] {dag.py:3239} INFO - Sync 1 DAGs
[2024-10-16T14:02:16.645+0100] {logging_mixin.py:190} INFO - [2024-10-16T14:02:16.644+0100] {dag.py:4180} INFO - Setting next_dagrun for python_pipeline_cleaning to None, run_after=None
[2024-10-16T14:02:16.650+0100] {processor.py:208} INFO - Processing /Users/mujtabaalimalik/airflow/dags/python_pipeline_cleaning.py took 0.159 seconds
[2024-10-16T14:02:47.859+0100] {processor.py:186} INFO - Started process (PID=70865) to work on /Users/mujtabaalimalik/airflow/dags/python_pipeline_cleaning.py
[2024-10-16T14:02:47.859+0100] {processor.py:914} INFO - Processing file /Users/mujtabaalimalik/airflow/dags/python_pipeline_cleaning.py for tasks to queue
[2024-10-16T14:02:47.859+0100] {logging_mixin.py:190} INFO - [2024-10-16T14:02:47.859+0100] {dagbag.py:588} INFO - Filling up the DagBag from /Users/mujtabaalimalik/airflow/dags/python_pipeline_cleaning.py
[2024-10-16T14:02:47.951+0100] {processor.py:925} INFO - DAG(s) 'python_pipeline_cleaning' retrieved from /Users/mujtabaalimalik/airflow/dags/python_pipeline_cleaning.py
[2024-10-16T14:02:48.009+0100] {logging_mixin.py:190} INFO - [2024-10-16T14:02:48.009+0100] {dag.py:3239} INFO - Sync 1 DAGs
[2024-10-16T14:02:48.015+0100] {logging_mixin.py:190} INFO - [2024-10-16T14:02:48.015+0100] {dag.py:4180} INFO - Setting next_dagrun for python_pipeline_cleaning to None, run_after=None
[2024-10-16T14:02:48.021+0100] {processor.py:208} INFO - Processing /Users/mujtabaalimalik/airflow/dags/python_pipeline_cleaning.py took 0.163 seconds
[2024-10-16T14:03:19.309+0100] {processor.py:186} INFO - Started process (PID=70897) to work on /Users/mujtabaalimalik/airflow/dags/python_pipeline_cleaning.py
[2024-10-16T14:03:19.310+0100] {processor.py:914} INFO - Processing file /Users/mujtabaalimalik/airflow/dags/python_pipeline_cleaning.py for tasks to queue
[2024-10-16T14:03:19.310+0100] {logging_mixin.py:190} INFO - [2024-10-16T14:03:19.310+0100] {dagbag.py:588} INFO - Filling up the DagBag from /Users/mujtabaalimalik/airflow/dags/python_pipeline_cleaning.py
[2024-10-16T14:03:19.396+0100] {processor.py:925} INFO - DAG(s) 'python_pipeline_cleaning' retrieved from /Users/mujtabaalimalik/airflow/dags/python_pipeline_cleaning.py
[2024-10-16T14:03:19.453+0100] {logging_mixin.py:190} INFO - [2024-10-16T14:03:19.453+0100] {dag.py:3239} INFO - Sync 1 DAGs
[2024-10-16T14:03:19.458+0100] {logging_mixin.py:190} INFO - [2024-10-16T14:03:19.458+0100] {dag.py:4180} INFO - Setting next_dagrun for python_pipeline_cleaning to None, run_after=None
[2024-10-16T14:03:19.464+0100] {processor.py:208} INFO - Processing /Users/mujtabaalimalik/airflow/dags/python_pipeline_cleaning.py took 0.156 seconds
[2024-10-16T14:03:50.793+0100] {processor.py:186} INFO - Started process (PID=70926) to work on /Users/mujtabaalimalik/airflow/dags/python_pipeline_cleaning.py
[2024-10-16T14:03:50.793+0100] {processor.py:914} INFO - Processing file /Users/mujtabaalimalik/airflow/dags/python_pipeline_cleaning.py for tasks to queue
[2024-10-16T14:03:50.793+0100] {logging_mixin.py:190} INFO - [2024-10-16T14:03:50.793+0100] {dagbag.py:588} INFO - Filling up the DagBag from /Users/mujtabaalimalik/airflow/dags/python_pipeline_cleaning.py
[2024-10-16T14:03:50.881+0100] {processor.py:925} INFO - DAG(s) 'python_pipeline_cleaning' retrieved from /Users/mujtabaalimalik/airflow/dags/python_pipeline_cleaning.py
[2024-10-16T14:03:50.937+0100] {logging_mixin.py:190} INFO - [2024-10-16T14:03:50.936+0100] {dag.py:3239} INFO - Sync 1 DAGs
[2024-10-16T14:03:50.942+0100] {logging_mixin.py:190} INFO - [2024-10-16T14:03:50.942+0100] {dag.py:4180} INFO - Setting next_dagrun for python_pipeline_cleaning to None, run_after=None
[2024-10-16T14:03:50.948+0100] {processor.py:208} INFO - Processing /Users/mujtabaalimalik/airflow/dags/python_pipeline_cleaning.py took 0.156 seconds
[2024-10-16T14:04:22.187+0100] {processor.py:186} INFO - Started process (PID=70952) to work on /Users/mujtabaalimalik/airflow/dags/python_pipeline_cleaning.py
[2024-10-16T14:04:22.188+0100] {processor.py:914} INFO - Processing file /Users/mujtabaalimalik/airflow/dags/python_pipeline_cleaning.py for tasks to queue
[2024-10-16T14:04:22.188+0100] {logging_mixin.py:190} INFO - [2024-10-16T14:04:22.188+0100] {dagbag.py:588} INFO - Filling up the DagBag from /Users/mujtabaalimalik/airflow/dags/python_pipeline_cleaning.py
[2024-10-16T14:04:22.275+0100] {processor.py:925} INFO - DAG(s) 'python_pipeline_cleaning' retrieved from /Users/mujtabaalimalik/airflow/dags/python_pipeline_cleaning.py
[2024-10-16T14:04:22.329+0100] {logging_mixin.py:190} INFO - [2024-10-16T14:04:22.329+0100] {dag.py:3239} INFO - Sync 1 DAGs
[2024-10-16T14:04:22.335+0100] {logging_mixin.py:190} INFO - [2024-10-16T14:04:22.335+0100] {dag.py:4180} INFO - Setting next_dagrun for python_pipeline_cleaning to None, run_after=None
[2024-10-16T14:04:22.340+0100] {processor.py:208} INFO - Processing /Users/mujtabaalimalik/airflow/dags/python_pipeline_cleaning.py took 0.154 seconds
[2024-10-16T14:04:53.718+0100] {processor.py:186} INFO - Started process (PID=70983) to work on /Users/mujtabaalimalik/airflow/dags/python_pipeline_cleaning.py
[2024-10-16T14:04:53.719+0100] {processor.py:914} INFO - Processing file /Users/mujtabaalimalik/airflow/dags/python_pipeline_cleaning.py for tasks to queue
[2024-10-16T14:04:53.719+0100] {logging_mixin.py:190} INFO - [2024-10-16T14:04:53.719+0100] {dagbag.py:588} INFO - Filling up the DagBag from /Users/mujtabaalimalik/airflow/dags/python_pipeline_cleaning.py
[2024-10-16T14:04:53.809+0100] {processor.py:925} INFO - DAG(s) 'python_pipeline_cleaning' retrieved from /Users/mujtabaalimalik/airflow/dags/python_pipeline_cleaning.py
[2024-10-16T14:04:53.864+0100] {logging_mixin.py:190} INFO - [2024-10-16T14:04:53.864+0100] {dag.py:3239} INFO - Sync 1 DAGs
[2024-10-16T14:04:53.870+0100] {logging_mixin.py:190} INFO - [2024-10-16T14:04:53.870+0100] {dag.py:4180} INFO - Setting next_dagrun for python_pipeline_cleaning to None, run_after=None
[2024-10-16T14:04:53.875+0100] {processor.py:208} INFO - Processing /Users/mujtabaalimalik/airflow/dags/python_pipeline_cleaning.py took 0.158 seconds
[2024-10-16T14:05:34.916+0100] {processor.py:186} INFO - Started process (PID=71055) to work on /Users/mujtabaalimalik/airflow/dags/python_pipeline_cleaning.py
[2024-10-16T14:05:34.917+0100] {processor.py:914} INFO - Processing file /Users/mujtabaalimalik/airflow/dags/python_pipeline_cleaning.py for tasks to queue
[2024-10-16T14:05:34.917+0100] {logging_mixin.py:190} INFO - [2024-10-16T14:05:34.917+0100] {dagbag.py:588} INFO - Filling up the DagBag from /Users/mujtabaalimalik/airflow/dags/python_pipeline_cleaning.py
[2024-10-16T14:05:35.013+0100] {processor.py:925} INFO - DAG(s) 'python_pipeline_cleaning' retrieved from /Users/mujtabaalimalik/airflow/dags/python_pipeline_cleaning.py
[2024-10-16T14:05:35.074+0100] {logging_mixin.py:190} INFO - [2024-10-16T14:05:35.073+0100] {dag.py:3239} INFO - Sync 1 DAGs
[2024-10-16T14:05:35.080+0100] {logging_mixin.py:190} INFO - [2024-10-16T14:05:35.080+0100] {dag.py:4180} INFO - Setting next_dagrun for python_pipeline_cleaning to None, run_after=None
[2024-10-16T14:05:35.086+0100] {processor.py:208} INFO - Processing /Users/mujtabaalimalik/airflow/dags/python_pipeline_cleaning.py took 0.171 seconds
[2024-10-16T14:06:06.070+0100] {processor.py:186} INFO - Started process (PID=71103) to work on /Users/mujtabaalimalik/airflow/dags/python_pipeline_cleaning.py
[2024-10-16T14:06:06.071+0100] {processor.py:914} INFO - Processing file /Users/mujtabaalimalik/airflow/dags/python_pipeline_cleaning.py for tasks to queue
[2024-10-16T14:06:06.071+0100] {logging_mixin.py:190} INFO - [2024-10-16T14:06:06.071+0100] {dagbag.py:588} INFO - Filling up the DagBag from /Users/mujtabaalimalik/airflow/dags/python_pipeline_cleaning.py
[2024-10-16T14:06:06.160+0100] {processor.py:925} INFO - DAG(s) 'python_pipeline_cleaning' retrieved from /Users/mujtabaalimalik/airflow/dags/python_pipeline_cleaning.py
[2024-10-16T14:06:06.217+0100] {logging_mixin.py:190} INFO - [2024-10-16T14:06:06.217+0100] {dag.py:3239} INFO - Sync 1 DAGs
[2024-10-16T14:06:06.223+0100] {logging_mixin.py:190} INFO - [2024-10-16T14:06:06.223+0100] {dag.py:4180} INFO - Setting next_dagrun for python_pipeline_cleaning to None, run_after=None
[2024-10-16T14:06:06.229+0100] {processor.py:208} INFO - Processing /Users/mujtabaalimalik/airflow/dags/python_pipeline_cleaning.py took 0.159 seconds
[2024-10-16T14:06:37.692+0100] {processor.py:186} INFO - Started process (PID=71153) to work on /Users/mujtabaalimalik/airflow/dags/python_pipeline_cleaning.py
[2024-10-16T14:06:37.692+0100] {processor.py:914} INFO - Processing file /Users/mujtabaalimalik/airflow/dags/python_pipeline_cleaning.py for tasks to queue
[2024-10-16T14:06:37.693+0100] {logging_mixin.py:190} INFO - [2024-10-16T14:06:37.693+0100] {dagbag.py:588} INFO - Filling up the DagBag from /Users/mujtabaalimalik/airflow/dags/python_pipeline_cleaning.py
[2024-10-16T14:06:37.782+0100] {processor.py:925} INFO - DAG(s) 'python_pipeline_cleaning' retrieved from /Users/mujtabaalimalik/airflow/dags/python_pipeline_cleaning.py
[2024-10-16T14:06:37.839+0100] {logging_mixin.py:190} INFO - [2024-10-16T14:06:37.839+0100] {dag.py:3239} INFO - Sync 1 DAGs
[2024-10-16T14:06:37.845+0100] {logging_mixin.py:190} INFO - [2024-10-16T14:06:37.845+0100] {dag.py:4180} INFO - Setting next_dagrun for python_pipeline_cleaning to None, run_after=None
[2024-10-16T14:06:37.851+0100] {processor.py:208} INFO - Processing /Users/mujtabaalimalik/airflow/dags/python_pipeline_cleaning.py took 0.160 seconds
[2024-10-16T14:07:09.125+0100] {processor.py:186} INFO - Started process (PID=71201) to work on /Users/mujtabaalimalik/airflow/dags/python_pipeline_cleaning.py
[2024-10-16T14:07:09.126+0100] {processor.py:914} INFO - Processing file /Users/mujtabaalimalik/airflow/dags/python_pipeline_cleaning.py for tasks to queue
[2024-10-16T14:07:09.126+0100] {logging_mixin.py:190} INFO - [2024-10-16T14:07:09.126+0100] {dagbag.py:588} INFO - Filling up the DagBag from /Users/mujtabaalimalik/airflow/dags/python_pipeline_cleaning.py
[2024-10-16T14:07:09.214+0100] {processor.py:925} INFO - DAG(s) 'python_pipeline_cleaning' retrieved from /Users/mujtabaalimalik/airflow/dags/python_pipeline_cleaning.py
[2024-10-16T14:07:09.272+0100] {logging_mixin.py:190} INFO - [2024-10-16T14:07:09.271+0100] {dag.py:3239} INFO - Sync 1 DAGs
[2024-10-16T14:07:09.278+0100] {logging_mixin.py:190} INFO - [2024-10-16T14:07:09.278+0100] {dag.py:4180} INFO - Setting next_dagrun for python_pipeline_cleaning to None, run_after=None
[2024-10-16T14:07:09.284+0100] {processor.py:208} INFO - Processing /Users/mujtabaalimalik/airflow/dags/python_pipeline_cleaning.py took 0.159 seconds
[2024-10-16T14:07:40.557+0100] {processor.py:186} INFO - Started process (PID=71233) to work on /Users/mujtabaalimalik/airflow/dags/python_pipeline_cleaning.py
[2024-10-16T14:07:40.557+0100] {processor.py:914} INFO - Processing file /Users/mujtabaalimalik/airflow/dags/python_pipeline_cleaning.py for tasks to queue
[2024-10-16T14:07:40.558+0100] {logging_mixin.py:190} INFO - [2024-10-16T14:07:40.558+0100] {dagbag.py:588} INFO - Filling up the DagBag from /Users/mujtabaalimalik/airflow/dags/python_pipeline_cleaning.py
[2024-10-16T14:07:40.646+0100] {processor.py:925} INFO - DAG(s) 'python_pipeline_cleaning' retrieved from /Users/mujtabaalimalik/airflow/dags/python_pipeline_cleaning.py
[2024-10-16T14:07:40.703+0100] {logging_mixin.py:190} INFO - [2024-10-16T14:07:40.703+0100] {dag.py:3239} INFO - Sync 1 DAGs
[2024-10-16T14:07:40.711+0100] {logging_mixin.py:190} INFO - [2024-10-16T14:07:40.711+0100] {dag.py:4180} INFO - Setting next_dagrun for python_pipeline_cleaning to None, run_after=None
[2024-10-16T14:07:40.717+0100] {processor.py:208} INFO - Processing /Users/mujtabaalimalik/airflow/dags/python_pipeline_cleaning.py took 0.161 seconds
[2024-10-16T14:08:07.514+0100] {processor.py:186} INFO - Started process (PID=71317) to work on /Users/mujtabaalimalik/airflow/dags/python_pipeline_cleaning.py
[2024-10-16T14:08:07.514+0100] {processor.py:914} INFO - Processing file /Users/mujtabaalimalik/airflow/dags/python_pipeline_cleaning.py for tasks to queue
[2024-10-16T14:08:07.514+0100] {logging_mixin.py:190} INFO - [2024-10-16T14:08:07.514+0100] {dagbag.py:588} INFO - Filling up the DagBag from /Users/mujtabaalimalik/airflow/dags/python_pipeline_cleaning.py
[2024-10-16T14:08:07.600+0100] {processor.py:925} INFO - DAG(s) 'python_pipeline_cleaning' retrieved from /Users/mujtabaalimalik/airflow/dags/python_pipeline_cleaning.py
[2024-10-16T14:08:07.655+0100] {logging_mixin.py:190} INFO - [2024-10-16T14:08:07.654+0100] {dag.py:3239} INFO - Sync 1 DAGs
[2024-10-16T14:08:07.661+0100] {logging_mixin.py:190} INFO - [2024-10-16T14:08:07.661+0100] {dag.py:4180} INFO - Setting next_dagrun for python_pipeline_cleaning to None, run_after=None
[2024-10-16T14:08:07.667+0100] {processor.py:208} INFO - Processing /Users/mujtabaalimalik/airflow/dags/python_pipeline_cleaning.py took 0.154 seconds
[2024-10-16T14:08:39.740+0100] {processor.py:186} INFO - Started process (PID=71376) to work on /Users/mujtabaalimalik/airflow/dags/python_pipeline_cleaning.py
[2024-10-16T14:08:39.740+0100] {processor.py:914} INFO - Processing file /Users/mujtabaalimalik/airflow/dags/python_pipeline_cleaning.py for tasks to queue
[2024-10-16T14:08:39.740+0100] {logging_mixin.py:190} INFO - [2024-10-16T14:08:39.740+0100] {dagbag.py:588} INFO - Filling up the DagBag from /Users/mujtabaalimalik/airflow/dags/python_pipeline_cleaning.py
[2024-10-16T14:08:39.826+0100] {processor.py:925} INFO - DAG(s) 'python_pipeline_cleaning' retrieved from /Users/mujtabaalimalik/airflow/dags/python_pipeline_cleaning.py
[2024-10-16T14:08:39.882+0100] {logging_mixin.py:190} INFO - [2024-10-16T14:08:39.882+0100] {dag.py:3239} INFO - Sync 1 DAGs
[2024-10-16T14:08:39.888+0100] {logging_mixin.py:190} INFO - [2024-10-16T14:08:39.888+0100] {dag.py:4180} INFO - Setting next_dagrun for python_pipeline_cleaning to None, run_after=None
[2024-10-16T14:08:39.894+0100] {processor.py:208} INFO - Processing /Users/mujtabaalimalik/airflow/dags/python_pipeline_cleaning.py took 0.155 seconds
[2024-10-16T14:09:11.240+0100] {processor.py:186} INFO - Started process (PID=71416) to work on /Users/mujtabaalimalik/airflow/dags/python_pipeline_cleaning.py
[2024-10-16T14:09:11.240+0100] {processor.py:914} INFO - Processing file /Users/mujtabaalimalik/airflow/dags/python_pipeline_cleaning.py for tasks to queue
[2024-10-16T14:09:11.240+0100] {logging_mixin.py:190} INFO - [2024-10-16T14:09:11.240+0100] {dagbag.py:588} INFO - Filling up the DagBag from /Users/mujtabaalimalik/airflow/dags/python_pipeline_cleaning.py
[2024-10-16T14:09:11.327+0100] {processor.py:925} INFO - DAG(s) 'python_pipeline_cleaning' retrieved from /Users/mujtabaalimalik/airflow/dags/python_pipeline_cleaning.py
[2024-10-16T14:09:11.385+0100] {logging_mixin.py:190} INFO - [2024-10-16T14:09:11.385+0100] {dag.py:3239} INFO - Sync 1 DAGs
[2024-10-16T14:09:11.391+0100] {logging_mixin.py:190} INFO - [2024-10-16T14:09:11.390+0100] {dag.py:4180} INFO - Setting next_dagrun for python_pipeline_cleaning to None, run_after=None
[2024-10-16T14:09:11.396+0100] {processor.py:208} INFO - Processing /Users/mujtabaalimalik/airflow/dags/python_pipeline_cleaning.py took 0.157 seconds
[2024-10-16T14:09:42.664+0100] {processor.py:186} INFO - Started process (PID=71451) to work on /Users/mujtabaalimalik/airflow/dags/python_pipeline_cleaning.py
[2024-10-16T14:09:42.664+0100] {processor.py:914} INFO - Processing file /Users/mujtabaalimalik/airflow/dags/python_pipeline_cleaning.py for tasks to queue
[2024-10-16T14:09:42.664+0100] {logging_mixin.py:190} INFO - [2024-10-16T14:09:42.664+0100] {dagbag.py:588} INFO - Filling up the DagBag from /Users/mujtabaalimalik/airflow/dags/python_pipeline_cleaning.py
[2024-10-16T14:09:42.750+0100] {processor.py:925} INFO - DAG(s) 'python_pipeline_cleaning' retrieved from /Users/mujtabaalimalik/airflow/dags/python_pipeline_cleaning.py
[2024-10-16T14:09:42.806+0100] {logging_mixin.py:190} INFO - [2024-10-16T14:09:42.806+0100] {dag.py:3239} INFO - Sync 1 DAGs
[2024-10-16T14:09:42.812+0100] {logging_mixin.py:190} INFO - [2024-10-16T14:09:42.812+0100] {dag.py:4180} INFO - Setting next_dagrun for python_pipeline_cleaning to None, run_after=None
[2024-10-16T14:09:42.818+0100] {processor.py:208} INFO - Processing /Users/mujtabaalimalik/airflow/dags/python_pipeline_cleaning.py took 0.155 seconds
[2024-10-16T14:10:14.500+0100] {processor.py:186} INFO - Started process (PID=71479) to work on /Users/mujtabaalimalik/airflow/dags/python_pipeline_cleaning.py
[2024-10-16T14:10:14.500+0100] {processor.py:914} INFO - Processing file /Users/mujtabaalimalik/airflow/dags/python_pipeline_cleaning.py for tasks to queue
[2024-10-16T14:10:14.500+0100] {logging_mixin.py:190} INFO - [2024-10-16T14:10:14.500+0100] {dagbag.py:588} INFO - Filling up the DagBag from /Users/mujtabaalimalik/airflow/dags/python_pipeline_cleaning.py
[2024-10-16T14:10:14.585+0100] {processor.py:925} INFO - DAG(s) 'python_pipeline_cleaning' retrieved from /Users/mujtabaalimalik/airflow/dags/python_pipeline_cleaning.py
[2024-10-16T14:10:14.641+0100] {logging_mixin.py:190} INFO - [2024-10-16T14:10:14.641+0100] {dag.py:3239} INFO - Sync 1 DAGs
[2024-10-16T14:10:14.647+0100] {logging_mixin.py:190} INFO - [2024-10-16T14:10:14.647+0100] {dag.py:4180} INFO - Setting next_dagrun for python_pipeline_cleaning to None, run_after=None
[2024-10-16T14:10:14.652+0100] {processor.py:208} INFO - Processing /Users/mujtabaalimalik/airflow/dags/python_pipeline_cleaning.py took 0.154 seconds
[2024-10-16T14:10:46.053+0100] {processor.py:186} INFO - Started process (PID=71516) to work on /Users/mujtabaalimalik/airflow/dags/python_pipeline_cleaning.py
[2024-10-16T14:10:46.053+0100] {processor.py:914} INFO - Processing file /Users/mujtabaalimalik/airflow/dags/python_pipeline_cleaning.py for tasks to queue
[2024-10-16T14:10:46.054+0100] {logging_mixin.py:190} INFO - [2024-10-16T14:10:46.054+0100] {dagbag.py:588} INFO - Filling up the DagBag from /Users/mujtabaalimalik/airflow/dags/python_pipeline_cleaning.py
[2024-10-16T14:10:46.138+0100] {processor.py:925} INFO - DAG(s) 'python_pipeline_cleaning' retrieved from /Users/mujtabaalimalik/airflow/dags/python_pipeline_cleaning.py
[2024-10-16T14:10:46.195+0100] {logging_mixin.py:190} INFO - [2024-10-16T14:10:46.194+0100] {dag.py:3239} INFO - Sync 1 DAGs
[2024-10-16T14:10:46.200+0100] {logging_mixin.py:190} INFO - [2024-10-16T14:10:46.200+0100] {dag.py:4180} INFO - Setting next_dagrun for python_pipeline_cleaning to None, run_after=None
[2024-10-16T14:10:46.206+0100] {processor.py:208} INFO - Processing /Users/mujtabaalimalik/airflow/dags/python_pipeline_cleaning.py took 0.154 seconds
[2024-10-16T14:11:18.010+0100] {processor.py:186} INFO - Started process (PID=71545) to work on /Users/mujtabaalimalik/airflow/dags/python_pipeline_cleaning.py
[2024-10-16T14:11:18.010+0100] {processor.py:914} INFO - Processing file /Users/mujtabaalimalik/airflow/dags/python_pipeline_cleaning.py for tasks to queue
[2024-10-16T14:11:18.010+0100] {logging_mixin.py:190} INFO - [2024-10-16T14:11:18.010+0100] {dagbag.py:588} INFO - Filling up the DagBag from /Users/mujtabaalimalik/airflow/dags/python_pipeline_cleaning.py
[2024-10-16T14:11:18.096+0100] {processor.py:925} INFO - DAG(s) 'python_pipeline_cleaning' retrieved from /Users/mujtabaalimalik/airflow/dags/python_pipeline_cleaning.py
[2024-10-16T14:11:18.151+0100] {logging_mixin.py:190} INFO - [2024-10-16T14:11:18.151+0100] {dag.py:3239} INFO - Sync 1 DAGs
[2024-10-16T14:11:18.157+0100] {logging_mixin.py:190} INFO - [2024-10-16T14:11:18.157+0100] {dag.py:4180} INFO - Setting next_dagrun for python_pipeline_cleaning to None, run_after=None
[2024-10-16T14:11:18.163+0100] {processor.py:208} INFO - Processing /Users/mujtabaalimalik/airflow/dags/python_pipeline_cleaning.py took 0.154 seconds
[2024-10-16T14:11:49.618+0100] {processor.py:186} INFO - Started process (PID=71578) to work on /Users/mujtabaalimalik/airflow/dags/python_pipeline_cleaning.py
[2024-10-16T14:11:49.619+0100] {processor.py:914} INFO - Processing file /Users/mujtabaalimalik/airflow/dags/python_pipeline_cleaning.py for tasks to queue
[2024-10-16T14:11:49.619+0100] {logging_mixin.py:190} INFO - [2024-10-16T14:11:49.619+0100] {dagbag.py:588} INFO - Filling up the DagBag from /Users/mujtabaalimalik/airflow/dags/python_pipeline_cleaning.py
[2024-10-16T14:11:49.703+0100] {processor.py:925} INFO - DAG(s) 'python_pipeline_cleaning' retrieved from /Users/mujtabaalimalik/airflow/dags/python_pipeline_cleaning.py
[2024-10-16T14:11:49.759+0100] {logging_mixin.py:190} INFO - [2024-10-16T14:11:49.759+0100] {dag.py:3239} INFO - Sync 1 DAGs
[2024-10-16T14:11:49.765+0100] {logging_mixin.py:190} INFO - [2024-10-16T14:11:49.764+0100] {dag.py:4180} INFO - Setting next_dagrun for python_pipeline_cleaning to None, run_after=None
[2024-10-16T14:11:49.770+0100] {processor.py:208} INFO - Processing /Users/mujtabaalimalik/airflow/dags/python_pipeline_cleaning.py took 0.153 seconds
[2024-10-16T14:12:21.166+0100] {processor.py:186} INFO - Started process (PID=71614) to work on /Users/mujtabaalimalik/airflow/dags/python_pipeline_cleaning.py
[2024-10-16T14:12:21.166+0100] {processor.py:914} INFO - Processing file /Users/mujtabaalimalik/airflow/dags/python_pipeline_cleaning.py for tasks to queue
[2024-10-16T14:12:21.167+0100] {logging_mixin.py:190} INFO - [2024-10-16T14:12:21.167+0100] {dagbag.py:588} INFO - Filling up the DagBag from /Users/mujtabaalimalik/airflow/dags/python_pipeline_cleaning.py
[2024-10-16T14:12:21.251+0100] {processor.py:925} INFO - DAG(s) 'python_pipeline_cleaning' retrieved from /Users/mujtabaalimalik/airflow/dags/python_pipeline_cleaning.py
[2024-10-16T14:12:21.306+0100] {logging_mixin.py:190} INFO - [2024-10-16T14:12:21.306+0100] {dag.py:3239} INFO - Sync 1 DAGs
[2024-10-16T14:12:21.312+0100] {logging_mixin.py:190} INFO - [2024-10-16T14:12:21.312+0100] {dag.py:4180} INFO - Setting next_dagrun for python_pipeline_cleaning to None, run_after=None
[2024-10-16T14:12:21.318+0100] {processor.py:208} INFO - Processing /Users/mujtabaalimalik/airflow/dags/python_pipeline_cleaning.py took 0.153 seconds
[2024-10-16T14:12:52.718+0100] {processor.py:186} INFO - Started process (PID=71645) to work on /Users/mujtabaalimalik/airflow/dags/python_pipeline_cleaning.py
[2024-10-16T14:12:52.719+0100] {processor.py:914} INFO - Processing file /Users/mujtabaalimalik/airflow/dags/python_pipeline_cleaning.py for tasks to queue
[2024-10-16T14:12:52.719+0100] {logging_mixin.py:190} INFO - [2024-10-16T14:12:52.719+0100] {dagbag.py:588} INFO - Filling up the DagBag from /Users/mujtabaalimalik/airflow/dags/python_pipeline_cleaning.py
[2024-10-16T14:12:52.803+0100] {processor.py:925} INFO - DAG(s) 'python_pipeline_cleaning' retrieved from /Users/mujtabaalimalik/airflow/dags/python_pipeline_cleaning.py
[2024-10-16T14:12:52.858+0100] {logging_mixin.py:190} INFO - [2024-10-16T14:12:52.858+0100] {dag.py:3239} INFO - Sync 1 DAGs
[2024-10-16T14:12:52.864+0100] {logging_mixin.py:190} INFO - [2024-10-16T14:12:52.864+0100] {dag.py:4180} INFO - Setting next_dagrun for python_pipeline_cleaning to None, run_after=None
[2024-10-16T14:12:52.869+0100] {processor.py:208} INFO - Processing /Users/mujtabaalimalik/airflow/dags/python_pipeline_cleaning.py took 0.152 seconds
[2024-10-16T14:13:24.353+0100] {processor.py:186} INFO - Started process (PID=71681) to work on /Users/mujtabaalimalik/airflow/dags/python_pipeline_cleaning.py
[2024-10-16T14:13:24.353+0100] {processor.py:914} INFO - Processing file /Users/mujtabaalimalik/airflow/dags/python_pipeline_cleaning.py for tasks to queue
[2024-10-16T14:13:24.354+0100] {logging_mixin.py:190} INFO - [2024-10-16T14:13:24.353+0100] {dagbag.py:588} INFO - Filling up the DagBag from /Users/mujtabaalimalik/airflow/dags/python_pipeline_cleaning.py
[2024-10-16T14:13:24.448+0100] {processor.py:925} INFO - DAG(s) 'python_pipeline_cleaning' retrieved from /Users/mujtabaalimalik/airflow/dags/python_pipeline_cleaning.py
[2024-10-16T14:13:24.507+0100] {logging_mixin.py:190} INFO - [2024-10-16T14:13:24.507+0100] {dag.py:3239} INFO - Sync 1 DAGs
[2024-10-16T14:13:24.513+0100] {logging_mixin.py:190} INFO - [2024-10-16T14:13:24.513+0100] {dag.py:4180} INFO - Setting next_dagrun for python_pipeline_cleaning to None, run_after=None
[2024-10-16T14:13:24.519+0100] {processor.py:208} INFO - Processing /Users/mujtabaalimalik/airflow/dags/python_pipeline_cleaning.py took 0.168 seconds
[2024-10-16T14:13:48.595+0100] {processor.py:186} INFO - Started process (PID=71765) to work on /Users/mujtabaalimalik/airflow/dags/python_pipeline_cleaning.py
[2024-10-16T14:13:48.596+0100] {processor.py:914} INFO - Processing file /Users/mujtabaalimalik/airflow/dags/python_pipeline_cleaning.py for tasks to queue
[2024-10-16T14:13:48.596+0100] {logging_mixin.py:190} INFO - [2024-10-16T14:13:48.596+0100] {dagbag.py:588} INFO - Filling up the DagBag from /Users/mujtabaalimalik/airflow/dags/python_pipeline_cleaning.py
[2024-10-16T14:13:48.689+0100] {processor.py:925} INFO - DAG(s) 'python_pipeline_cleaning' retrieved from /Users/mujtabaalimalik/airflow/dags/python_pipeline_cleaning.py
[2024-10-16T14:13:48.750+0100] {logging_mixin.py:190} INFO - [2024-10-16T14:13:48.750+0100] {dag.py:3239} INFO - Sync 1 DAGs
[2024-10-16T14:13:48.757+0100] {logging_mixin.py:190} INFO - [2024-10-16T14:13:48.756+0100] {dag.py:4180} INFO - Setting next_dagrun for python_pipeline_cleaning to None, run_after=None
[2024-10-16T14:13:48.762+0100] {processor.py:208} INFO - Processing /Users/mujtabaalimalik/airflow/dags/python_pipeline_cleaning.py took 0.168 seconds
[2024-10-16T14:14:20.610+0100] {processor.py:186} INFO - Started process (PID=71876) to work on /Users/mujtabaalimalik/airflow/dags/python_pipeline_cleaning.py
[2024-10-16T14:14:20.611+0100] {processor.py:914} INFO - Processing file /Users/mujtabaalimalik/airflow/dags/python_pipeline_cleaning.py for tasks to queue
[2024-10-16T14:14:20.611+0100] {logging_mixin.py:190} INFO - [2024-10-16T14:14:20.611+0100] {dagbag.py:588} INFO - Filling up the DagBag from /Users/mujtabaalimalik/airflow/dags/python_pipeline_cleaning.py
[2024-10-16T14:14:20.708+0100] {processor.py:925} INFO - DAG(s) 'python_pipeline_cleaning' retrieved from /Users/mujtabaalimalik/airflow/dags/python_pipeline_cleaning.py
[2024-10-16T14:14:20.770+0100] {logging_mixin.py:190} INFO - [2024-10-16T14:14:20.770+0100] {dag.py:3239} INFO - Sync 1 DAGs
[2024-10-16T14:14:20.776+0100] {logging_mixin.py:190} INFO - [2024-10-16T14:14:20.776+0100] {dag.py:4180} INFO - Setting next_dagrun for python_pipeline_cleaning to None, run_after=None
[2024-10-16T14:14:20.782+0100] {processor.py:208} INFO - Processing /Users/mujtabaalimalik/airflow/dags/python_pipeline_cleaning.py took 0.173 seconds
[2024-10-16T14:14:51.849+0100] {processor.py:186} INFO - Started process (PID=71940) to work on /Users/mujtabaalimalik/airflow/dags/python_pipeline_cleaning.py
[2024-10-16T14:14:51.850+0100] {processor.py:914} INFO - Processing file /Users/mujtabaalimalik/airflow/dags/python_pipeline_cleaning.py for tasks to queue
[2024-10-16T14:14:51.850+0100] {logging_mixin.py:190} INFO - [2024-10-16T14:14:51.850+0100] {dagbag.py:588} INFO - Filling up the DagBag from /Users/mujtabaalimalik/airflow/dags/python_pipeline_cleaning.py
[2024-10-16T14:14:51.939+0100] {processor.py:925} INFO - DAG(s) 'python_pipeline_cleaning' retrieved from /Users/mujtabaalimalik/airflow/dags/python_pipeline_cleaning.py
[2024-10-16T14:14:51.995+0100] {logging_mixin.py:190} INFO - [2024-10-16T14:14:51.995+0100] {dag.py:3239} INFO - Sync 1 DAGs
[2024-10-16T14:14:52.002+0100] {logging_mixin.py:190} INFO - [2024-10-16T14:14:52.002+0100] {dag.py:4180} INFO - Setting next_dagrun for python_pipeline_cleaning to None, run_after=None
[2024-10-16T14:14:52.008+0100] {processor.py:208} INFO - Processing /Users/mujtabaalimalik/airflow/dags/python_pipeline_cleaning.py took 0.159 seconds
[2024-10-16T14:15:22.932+0100] {processor.py:186} INFO - Started process (PID=71970) to work on /Users/mujtabaalimalik/airflow/dags/python_pipeline_cleaning.py
[2024-10-16T14:15:22.933+0100] {processor.py:914} INFO - Processing file /Users/mujtabaalimalik/airflow/dags/python_pipeline_cleaning.py for tasks to queue
[2024-10-16T14:15:22.933+0100] {logging_mixin.py:190} INFO - [2024-10-16T14:15:22.933+0100] {dagbag.py:588} INFO - Filling up the DagBag from /Users/mujtabaalimalik/airflow/dags/python_pipeline_cleaning.py
[2024-10-16T14:15:23.019+0100] {processor.py:925} INFO - DAG(s) 'python_pipeline_cleaning' retrieved from /Users/mujtabaalimalik/airflow/dags/python_pipeline_cleaning.py
[2024-10-16T14:15:23.076+0100] {logging_mixin.py:190} INFO - [2024-10-16T14:15:23.075+0100] {dag.py:3239} INFO - Sync 1 DAGs
[2024-10-16T14:15:23.082+0100] {logging_mixin.py:190} INFO - [2024-10-16T14:15:23.082+0100] {dag.py:4180} INFO - Setting next_dagrun for python_pipeline_cleaning to None, run_after=None
[2024-10-16T14:15:23.087+0100] {processor.py:208} INFO - Processing /Users/mujtabaalimalik/airflow/dags/python_pipeline_cleaning.py took 0.156 seconds
[2024-10-16T14:15:54.991+0100] {processor.py:186} INFO - Started process (PID=72015) to work on /Users/mujtabaalimalik/airflow/dags/python_pipeline_cleaning.py
[2024-10-16T14:15:54.992+0100] {processor.py:914} INFO - Processing file /Users/mujtabaalimalik/airflow/dags/python_pipeline_cleaning.py for tasks to queue
[2024-10-16T14:15:54.992+0100] {logging_mixin.py:190} INFO - [2024-10-16T14:15:54.992+0100] {dagbag.py:588} INFO - Filling up the DagBag from /Users/mujtabaalimalik/airflow/dags/python_pipeline_cleaning.py
[2024-10-16T14:15:55.080+0100] {processor.py:925} INFO - DAG(s) 'python_pipeline_cleaning' retrieved from /Users/mujtabaalimalik/airflow/dags/python_pipeline_cleaning.py
[2024-10-16T14:15:55.136+0100] {logging_mixin.py:190} INFO - [2024-10-16T14:15:55.136+0100] {dag.py:3239} INFO - Sync 1 DAGs
[2024-10-16T14:15:55.142+0100] {logging_mixin.py:190} INFO - [2024-10-16T14:15:55.141+0100] {dag.py:4180} INFO - Setting next_dagrun for python_pipeline_cleaning to None, run_after=None
[2024-10-16T14:15:55.147+0100] {processor.py:208} INFO - Processing /Users/mujtabaalimalik/airflow/dags/python_pipeline_cleaning.py took 0.157 seconds
[2024-10-16T14:16:26.139+0100] {processor.py:186} INFO - Started process (PID=72048) to work on /Users/mujtabaalimalik/airflow/dags/python_pipeline_cleaning.py
[2024-10-16T14:16:26.139+0100] {processor.py:914} INFO - Processing file /Users/mujtabaalimalik/airflow/dags/python_pipeline_cleaning.py for tasks to queue
[2024-10-16T14:16:26.139+0100] {logging_mixin.py:190} INFO - [2024-10-16T14:16:26.139+0100] {dagbag.py:588} INFO - Filling up the DagBag from /Users/mujtabaalimalik/airflow/dags/python_pipeline_cleaning.py
[2024-10-16T14:16:26.227+0100] {processor.py:925} INFO - DAG(s) 'python_pipeline_cleaning' retrieved from /Users/mujtabaalimalik/airflow/dags/python_pipeline_cleaning.py
[2024-10-16T14:16:26.286+0100] {logging_mixin.py:190} INFO - [2024-10-16T14:16:26.285+0100] {dag.py:3239} INFO - Sync 1 DAGs
[2024-10-16T14:16:26.292+0100] {logging_mixin.py:190} INFO - [2024-10-16T14:16:26.292+0100] {dag.py:4180} INFO - Setting next_dagrun for python_pipeline_cleaning to None, run_after=None
[2024-10-16T14:16:26.297+0100] {processor.py:208} INFO - Processing /Users/mujtabaalimalik/airflow/dags/python_pipeline_cleaning.py took 0.160 seconds
[2024-10-16T14:16:57.980+0100] {processor.py:186} INFO - Started process (PID=72083) to work on /Users/mujtabaalimalik/airflow/dags/python_pipeline_cleaning.py
[2024-10-16T14:16:57.981+0100] {processor.py:914} INFO - Processing file /Users/mujtabaalimalik/airflow/dags/python_pipeline_cleaning.py for tasks to queue
[2024-10-16T14:16:57.981+0100] {logging_mixin.py:190} INFO - [2024-10-16T14:16:57.981+0100] {dagbag.py:588} INFO - Filling up the DagBag from /Users/mujtabaalimalik/airflow/dags/python_pipeline_cleaning.py
[2024-10-16T14:16:58.069+0100] {processor.py:925} INFO - DAG(s) 'python_pipeline_cleaning' retrieved from /Users/mujtabaalimalik/airflow/dags/python_pipeline_cleaning.py
[2024-10-16T14:16:58.126+0100] {logging_mixin.py:190} INFO - [2024-10-16T14:16:58.126+0100] {dag.py:3239} INFO - Sync 1 DAGs
[2024-10-16T14:16:58.132+0100] {logging_mixin.py:190} INFO - [2024-10-16T14:16:58.132+0100] {dag.py:4180} INFO - Setting next_dagrun for python_pipeline_cleaning to None, run_after=None
[2024-10-16T14:16:58.137+0100] {processor.py:208} INFO - Processing /Users/mujtabaalimalik/airflow/dags/python_pipeline_cleaning.py took 0.158 seconds
[2024-10-16T14:17:30.270+0100] {processor.py:186} INFO - Started process (PID=72128) to work on /Users/mujtabaalimalik/airflow/dags/python_pipeline_cleaning.py
[2024-10-16T14:17:30.271+0100] {processor.py:914} INFO - Processing file /Users/mujtabaalimalik/airflow/dags/python_pipeline_cleaning.py for tasks to queue
[2024-10-16T14:17:30.271+0100] {logging_mixin.py:190} INFO - [2024-10-16T14:17:30.271+0100] {dagbag.py:588} INFO - Filling up the DagBag from /Users/mujtabaalimalik/airflow/dags/python_pipeline_cleaning.py
[2024-10-16T14:17:30.363+0100] {processor.py:925} INFO - DAG(s) 'python_pipeline_cleaning' retrieved from /Users/mujtabaalimalik/airflow/dags/python_pipeline_cleaning.py
[2024-10-16T14:17:30.421+0100] {logging_mixin.py:190} INFO - [2024-10-16T14:17:30.421+0100] {dag.py:3239} INFO - Sync 1 DAGs
[2024-10-16T14:17:30.427+0100] {logging_mixin.py:190} INFO - [2024-10-16T14:17:30.427+0100] {dag.py:4180} INFO - Setting next_dagrun for python_pipeline_cleaning to None, run_after=None
[2024-10-16T14:17:30.433+0100] {processor.py:208} INFO - Processing /Users/mujtabaalimalik/airflow/dags/python_pipeline_cleaning.py took 0.164 seconds
