[2024-10-16T14:08:01.823+0100] {processor.py:186} INFO - Started process (PID=71283) to work on /Users/mujtabaalimalik/airflow/dags/sql_pipeline_multiple.py
[2024-10-16T14:08:01.824+0100] {processor.py:914} INFO - Processing file /Users/mujtabaalimalik/airflow/dags/sql_pipeline_multiple.py for tasks to queue
[2024-10-16T14:08:01.824+0100] {logging_mixin.py:190} INFO - [2024-10-16T14:08:01.824+0100] {dagbag.py:588} INFO - Filling up the DagBag from /Users/mujtabaalimalik/airflow/dags/sql_pipeline_multiple.py
[2024-10-16T14:08:01.831+0100] {processor.py:925} INFO - DAG(s) 'executing_sql_pipeline_multiple' retrieved from /Users/mujtabaalimalik/airflow/dags/sql_pipeline_multiple.py
[2024-10-16T14:08:01.894+0100] {logging_mixin.py:190} INFO - [2024-10-16T14:08:01.893+0100] {override.py:1900} INFO - Created Permission View: can delete on DAG:executing_sql_pipeline_multiple
[2024-10-16T14:08:01.896+0100] {logging_mixin.py:190} INFO - [2024-10-16T14:08:01.896+0100] {override.py:1900} INFO - Created Permission View: can edit on DAG:executing_sql_pipeline_multiple
[2024-10-16T14:08:01.898+0100] {logging_mixin.py:190} INFO - [2024-10-16T14:08:01.898+0100] {override.py:1900} INFO - Created Permission View: can read on DAG:executing_sql_pipeline_multiple
[2024-10-16T14:08:01.900+0100] {logging_mixin.py:190} INFO - [2024-10-16T14:08:01.900+0100] {override.py:1900} INFO - Created Permission View: can create on DAG Run:executing_sql_pipeline_multiple
[2024-10-16T14:08:01.901+0100] {logging_mixin.py:190} INFO - [2024-10-16T14:08:01.901+0100] {override.py:1900} INFO - Created Permission View: can delete on DAG Run:executing_sql_pipeline_multiple
[2024-10-16T14:08:01.903+0100] {logging_mixin.py:190} INFO - [2024-10-16T14:08:01.903+0100] {override.py:1900} INFO - Created Permission View: can read on DAG Run:executing_sql_pipeline_multiple
[2024-10-16T14:08:01.905+0100] {logging_mixin.py:190} INFO - [2024-10-16T14:08:01.905+0100] {override.py:1900} INFO - Created Permission View: menu access on DAG Run:executing_sql_pipeline_multiple
[2024-10-16T14:08:01.905+0100] {logging_mixin.py:190} INFO - [2024-10-16T14:08:01.905+0100] {dag.py:3239} INFO - Sync 1 DAGs
[2024-10-16T14:08:01.909+0100] {logging_mixin.py:190} INFO - [2024-10-16T14:08:01.909+0100] {dag.py:3262} INFO - Creating ORM DAG for executing_sql_pipeline_multiple
[2024-10-16T14:08:01.911+0100] {logging_mixin.py:190} INFO - [2024-10-16T14:08:01.911+0100] {dag.py:4180} INFO - Setting next_dagrun for executing_sql_pipeline_multiple to 2024-10-15 00:00:00+00:00, run_after=2024-10-15 00:00:00+00:00
[2024-10-16T14:08:01.917+0100] {processor.py:208} INFO - Processing /Users/mujtabaalimalik/airflow/dags/sql_pipeline_multiple.py took 0.095 seconds
[2024-10-16T14:08:33.471+0100] {processor.py:186} INFO - Started process (PID=71351) to work on /Users/mujtabaalimalik/airflow/dags/sql_pipeline_multiple.py
[2024-10-16T14:08:33.471+0100] {processor.py:914} INFO - Processing file /Users/mujtabaalimalik/airflow/dags/sql_pipeline_multiple.py for tasks to queue
[2024-10-16T14:08:33.472+0100] {logging_mixin.py:190} INFO - [2024-10-16T14:08:33.472+0100] {dagbag.py:588} INFO - Filling up the DagBag from /Users/mujtabaalimalik/airflow/dags/sql_pipeline_multiple.py
[2024-10-16T14:08:33.479+0100] {processor.py:925} INFO - DAG(s) 'executing_sql_pipeline_multiple' retrieved from /Users/mujtabaalimalik/airflow/dags/sql_pipeline_multiple.py
[2024-10-16T14:08:33.513+0100] {logging_mixin.py:190} INFO - [2024-10-16T14:08:33.513+0100] {dag.py:3239} INFO - Sync 1 DAGs
[2024-10-16T14:08:33.519+0100] {logging_mixin.py:190} INFO - [2024-10-16T14:08:33.519+0100] {dag.py:4180} INFO - Setting next_dagrun for executing_sql_pipeline_multiple to 2024-10-15 00:00:00+00:00, run_after=2024-10-15 00:00:00+00:00
[2024-10-16T14:08:33.524+0100] {processor.py:208} INFO - Processing /Users/mujtabaalimalik/airflow/dags/sql_pipeline_multiple.py took 0.054 seconds
[2024-10-16T14:09:04.400+0100] {processor.py:186} INFO - Started process (PID=71410) to work on /Users/mujtabaalimalik/airflow/dags/sql_pipeline_multiple.py
[2024-10-16T14:09:04.400+0100] {processor.py:914} INFO - Processing file /Users/mujtabaalimalik/airflow/dags/sql_pipeline_multiple.py for tasks to queue
[2024-10-16T14:09:04.401+0100] {logging_mixin.py:190} INFO - [2024-10-16T14:09:04.400+0100] {dagbag.py:588} INFO - Filling up the DagBag from /Users/mujtabaalimalik/airflow/dags/sql_pipeline_multiple.py
[2024-10-16T14:09:04.407+0100] {processor.py:925} INFO - DAG(s) 'executing_sql_pipeline_multiple' retrieved from /Users/mujtabaalimalik/airflow/dags/sql_pipeline_multiple.py
[2024-10-16T14:09:04.442+0100] {logging_mixin.py:190} INFO - [2024-10-16T14:09:04.442+0100] {dag.py:3239} INFO - Sync 1 DAGs
[2024-10-16T14:09:04.448+0100] {logging_mixin.py:190} INFO - [2024-10-16T14:09:04.448+0100] {dag.py:4180} INFO - Setting next_dagrun for executing_sql_pipeline_multiple to None, run_after=None
[2024-10-16T14:09:04.454+0100] {processor.py:208} INFO - Processing /Users/mujtabaalimalik/airflow/dags/sql_pipeline_multiple.py took 0.055 seconds
[2024-10-16T14:09:35.846+0100] {processor.py:186} INFO - Started process (PID=71445) to work on /Users/mujtabaalimalik/airflow/dags/sql_pipeline_multiple.py
[2024-10-16T14:09:35.847+0100] {processor.py:914} INFO - Processing file /Users/mujtabaalimalik/airflow/dags/sql_pipeline_multiple.py for tasks to queue
[2024-10-16T14:09:35.847+0100] {logging_mixin.py:190} INFO - [2024-10-16T14:09:35.847+0100] {dagbag.py:588} INFO - Filling up the DagBag from /Users/mujtabaalimalik/airflow/dags/sql_pipeline_multiple.py
[2024-10-16T14:09:35.854+0100] {processor.py:925} INFO - DAG(s) 'executing_sql_pipeline_multiple' retrieved from /Users/mujtabaalimalik/airflow/dags/sql_pipeline_multiple.py
[2024-10-16T14:09:35.888+0100] {logging_mixin.py:190} INFO - [2024-10-16T14:09:35.888+0100] {dag.py:3239} INFO - Sync 1 DAGs
[2024-10-16T14:09:35.893+0100] {logging_mixin.py:190} INFO - [2024-10-16T14:09:35.893+0100] {dag.py:4180} INFO - Setting next_dagrun for executing_sql_pipeline_multiple to None, run_after=None
[2024-10-16T14:09:35.899+0100] {processor.py:208} INFO - Processing /Users/mujtabaalimalik/airflow/dags/sql_pipeline_multiple.py took 0.054 seconds
[2024-10-16T14:10:06.772+0100] {processor.py:186} INFO - Started process (PID=71473) to work on /Users/mujtabaalimalik/airflow/dags/sql_pipeline_multiple.py
[2024-10-16T14:10:06.772+0100] {processor.py:914} INFO - Processing file /Users/mujtabaalimalik/airflow/dags/sql_pipeline_multiple.py for tasks to queue
[2024-10-16T14:10:06.772+0100] {logging_mixin.py:190} INFO - [2024-10-16T14:10:06.772+0100] {dagbag.py:588} INFO - Filling up the DagBag from /Users/mujtabaalimalik/airflow/dags/sql_pipeline_multiple.py
[2024-10-16T14:10:06.779+0100] {processor.py:925} INFO - DAG(s) 'executing_sql_pipeline_multiple' retrieved from /Users/mujtabaalimalik/airflow/dags/sql_pipeline_multiple.py
[2024-10-16T14:10:06.814+0100] {logging_mixin.py:190} INFO - [2024-10-16T14:10:06.814+0100] {dag.py:3239} INFO - Sync 1 DAGs
[2024-10-16T14:10:06.820+0100] {logging_mixin.py:190} INFO - [2024-10-16T14:10:06.820+0100] {dag.py:4180} INFO - Setting next_dagrun for executing_sql_pipeline_multiple to None, run_after=None
[2024-10-16T14:10:06.826+0100] {processor.py:208} INFO - Processing /Users/mujtabaalimalik/airflow/dags/sql_pipeline_multiple.py took 0.055 seconds
[2024-10-16T14:10:38.275+0100] {processor.py:186} INFO - Started process (PID=71510) to work on /Users/mujtabaalimalik/airflow/dags/sql_pipeline_multiple.py
[2024-10-16T14:10:38.275+0100] {processor.py:914} INFO - Processing file /Users/mujtabaalimalik/airflow/dags/sql_pipeline_multiple.py for tasks to queue
[2024-10-16T14:10:38.276+0100] {logging_mixin.py:190} INFO - [2024-10-16T14:10:38.275+0100] {dagbag.py:588} INFO - Filling up the DagBag from /Users/mujtabaalimalik/airflow/dags/sql_pipeline_multiple.py
[2024-10-16T14:10:38.282+0100] {processor.py:925} INFO - DAG(s) 'executing_sql_pipeline_multiple' retrieved from /Users/mujtabaalimalik/airflow/dags/sql_pipeline_multiple.py
[2024-10-16T14:10:38.316+0100] {logging_mixin.py:190} INFO - [2024-10-16T14:10:38.316+0100] {dag.py:3239} INFO - Sync 1 DAGs
[2024-10-16T14:10:38.322+0100] {logging_mixin.py:190} INFO - [2024-10-16T14:10:38.322+0100] {dag.py:4180} INFO - Setting next_dagrun for executing_sql_pipeline_multiple to None, run_after=None
[2024-10-16T14:10:38.327+0100] {processor.py:208} INFO - Processing /Users/mujtabaalimalik/airflow/dags/sql_pipeline_multiple.py took 0.053 seconds
[2024-10-16T14:11:09.289+0100] {processor.py:186} INFO - Started process (PID=71539) to work on /Users/mujtabaalimalik/airflow/dags/sql_pipeline_multiple.py
[2024-10-16T14:11:09.290+0100] {processor.py:914} INFO - Processing file /Users/mujtabaalimalik/airflow/dags/sql_pipeline_multiple.py for tasks to queue
[2024-10-16T14:11:09.290+0100] {logging_mixin.py:190} INFO - [2024-10-16T14:11:09.290+0100] {dagbag.py:588} INFO - Filling up the DagBag from /Users/mujtabaalimalik/airflow/dags/sql_pipeline_multiple.py
[2024-10-16T14:11:09.297+0100] {processor.py:925} INFO - DAG(s) 'executing_sql_pipeline_multiple' retrieved from /Users/mujtabaalimalik/airflow/dags/sql_pipeline_multiple.py
[2024-10-16T14:11:09.332+0100] {logging_mixin.py:190} INFO - [2024-10-16T14:11:09.332+0100] {dag.py:3239} INFO - Sync 1 DAGs
[2024-10-16T14:11:09.338+0100] {logging_mixin.py:190} INFO - [2024-10-16T14:11:09.338+0100] {dag.py:4180} INFO - Setting next_dagrun for executing_sql_pipeline_multiple to None, run_after=None
[2024-10-16T14:11:09.344+0100] {processor.py:208} INFO - Processing /Users/mujtabaalimalik/airflow/dags/sql_pipeline_multiple.py took 0.055 seconds
[2024-10-16T14:11:40.741+0100] {processor.py:186} INFO - Started process (PID=71572) to work on /Users/mujtabaalimalik/airflow/dags/sql_pipeline_multiple.py
[2024-10-16T14:11:40.741+0100] {processor.py:914} INFO - Processing file /Users/mujtabaalimalik/airflow/dags/sql_pipeline_multiple.py for tasks to queue
[2024-10-16T14:11:40.742+0100] {logging_mixin.py:190} INFO - [2024-10-16T14:11:40.742+0100] {dagbag.py:588} INFO - Filling up the DagBag from /Users/mujtabaalimalik/airflow/dags/sql_pipeline_multiple.py
[2024-10-16T14:11:40.748+0100] {processor.py:925} INFO - DAG(s) 'executing_sql_pipeline_multiple' retrieved from /Users/mujtabaalimalik/airflow/dags/sql_pipeline_multiple.py
[2024-10-16T14:11:40.782+0100] {logging_mixin.py:190} INFO - [2024-10-16T14:11:40.782+0100] {dag.py:3239} INFO - Sync 1 DAGs
[2024-10-16T14:11:40.787+0100] {logging_mixin.py:190} INFO - [2024-10-16T14:11:40.787+0100] {dag.py:4180} INFO - Setting next_dagrun for executing_sql_pipeline_multiple to None, run_after=None
[2024-10-16T14:11:40.793+0100] {processor.py:208} INFO - Processing /Users/mujtabaalimalik/airflow/dags/sql_pipeline_multiple.py took 0.053 seconds
[2024-10-16T14:12:12.372+0100] {processor.py:186} INFO - Started process (PID=71608) to work on /Users/mujtabaalimalik/airflow/dags/sql_pipeline_multiple.py
[2024-10-16T14:12:12.372+0100] {processor.py:914} INFO - Processing file /Users/mujtabaalimalik/airflow/dags/sql_pipeline_multiple.py for tasks to queue
[2024-10-16T14:12:12.373+0100] {logging_mixin.py:190} INFO - [2024-10-16T14:12:12.373+0100] {dagbag.py:588} INFO - Filling up the DagBag from /Users/mujtabaalimalik/airflow/dags/sql_pipeline_multiple.py
[2024-10-16T14:12:12.380+0100] {processor.py:925} INFO - DAG(s) 'executing_sql_pipeline_multiple' retrieved from /Users/mujtabaalimalik/airflow/dags/sql_pipeline_multiple.py
[2024-10-16T14:12:12.414+0100] {logging_mixin.py:190} INFO - [2024-10-16T14:12:12.414+0100] {dag.py:3239} INFO - Sync 1 DAGs
[2024-10-16T14:12:12.420+0100] {logging_mixin.py:190} INFO - [2024-10-16T14:12:12.420+0100] {dag.py:4180} INFO - Setting next_dagrun for executing_sql_pipeline_multiple to None, run_after=None
[2024-10-16T14:12:12.425+0100] {processor.py:208} INFO - Processing /Users/mujtabaalimalik/airflow/dags/sql_pipeline_multiple.py took 0.055 seconds
[2024-10-16T14:12:43.945+0100] {processor.py:186} INFO - Started process (PID=71639) to work on /Users/mujtabaalimalik/airflow/dags/sql_pipeline_multiple.py
[2024-10-16T14:12:43.945+0100] {processor.py:914} INFO - Processing file /Users/mujtabaalimalik/airflow/dags/sql_pipeline_multiple.py for tasks to queue
[2024-10-16T14:12:43.946+0100] {logging_mixin.py:190} INFO - [2024-10-16T14:12:43.946+0100] {dagbag.py:588} INFO - Filling up the DagBag from /Users/mujtabaalimalik/airflow/dags/sql_pipeline_multiple.py
[2024-10-16T14:12:43.953+0100] {processor.py:925} INFO - DAG(s) 'executing_sql_pipeline_multiple' retrieved from /Users/mujtabaalimalik/airflow/dags/sql_pipeline_multiple.py
[2024-10-16T14:12:43.985+0100] {logging_mixin.py:190} INFO - [2024-10-16T14:12:43.985+0100] {dag.py:3239} INFO - Sync 1 DAGs
[2024-10-16T14:12:43.991+0100] {logging_mixin.py:190} INFO - [2024-10-16T14:12:43.991+0100] {dag.py:4180} INFO - Setting next_dagrun for executing_sql_pipeline_multiple to None, run_after=None
[2024-10-16T14:12:43.996+0100] {processor.py:208} INFO - Processing /Users/mujtabaalimalik/airflow/dags/sql_pipeline_multiple.py took 0.053 seconds
[2024-10-16T14:13:15.470+0100] {processor.py:186} INFO - Started process (PID=71669) to work on /Users/mujtabaalimalik/airflow/dags/sql_pipeline_multiple.py
[2024-10-16T14:13:15.470+0100] {processor.py:914} INFO - Processing file /Users/mujtabaalimalik/airflow/dags/sql_pipeline_multiple.py for tasks to queue
[2024-10-16T14:13:15.470+0100] {logging_mixin.py:190} INFO - [2024-10-16T14:13:15.470+0100] {dagbag.py:588} INFO - Filling up the DagBag from /Users/mujtabaalimalik/airflow/dags/sql_pipeline_multiple.py
[2024-10-16T14:13:15.477+0100] {processor.py:925} INFO - DAG(s) 'executing_sql_pipeline_multiple' retrieved from /Users/mujtabaalimalik/airflow/dags/sql_pipeline_multiple.py
[2024-10-16T14:13:15.510+0100] {logging_mixin.py:190} INFO - [2024-10-16T14:13:15.510+0100] {dag.py:3239} INFO - Sync 1 DAGs
[2024-10-16T14:13:15.515+0100] {logging_mixin.py:190} INFO - [2024-10-16T14:13:15.515+0100] {dag.py:4180} INFO - Setting next_dagrun for executing_sql_pipeline_multiple to None, run_after=None
[2024-10-16T14:13:15.521+0100] {processor.py:208} INFO - Processing /Users/mujtabaalimalik/airflow/dags/sql_pipeline_multiple.py took 0.052 seconds
[2024-10-16T14:13:42.867+0100] {processor.py:186} INFO - Started process (PID=71742) to work on /Users/mujtabaalimalik/airflow/dags/sql_pipeline_multiple.py
[2024-10-16T14:13:42.868+0100] {processor.py:914} INFO - Processing file /Users/mujtabaalimalik/airflow/dags/sql_pipeline_multiple.py for tasks to queue
[2024-10-16T14:13:42.868+0100] {logging_mixin.py:190} INFO - [2024-10-16T14:13:42.868+0100] {dagbag.py:588} INFO - Filling up the DagBag from /Users/mujtabaalimalik/airflow/dags/sql_pipeline_multiple.py
[2024-10-16T14:13:42.875+0100] {processor.py:925} INFO - DAG(s) 'executing_sql_pipeline_multiple' retrieved from /Users/mujtabaalimalik/airflow/dags/sql_pipeline_multiple.py
[2024-10-16T14:13:42.911+0100] {logging_mixin.py:190} INFO - [2024-10-16T14:13:42.911+0100] {dag.py:3239} INFO - Sync 1 DAGs
[2024-10-16T14:13:42.917+0100] {logging_mixin.py:190} INFO - [2024-10-16T14:13:42.917+0100] {dag.py:4180} INFO - Setting next_dagrun for executing_sql_pipeline_multiple to None, run_after=None
[2024-10-16T14:13:42.923+0100] {processor.py:208} INFO - Processing /Users/mujtabaalimalik/airflow/dags/sql_pipeline_multiple.py took 0.057 seconds
[2024-10-16T14:14:14.808+0100] {processor.py:186} INFO - Started process (PID=71850) to work on /Users/mujtabaalimalik/airflow/dags/sql_pipeline_multiple.py
[2024-10-16T14:14:14.808+0100] {processor.py:914} INFO - Processing file /Users/mujtabaalimalik/airflow/dags/sql_pipeline_multiple.py for tasks to queue
[2024-10-16T14:14:14.808+0100] {logging_mixin.py:190} INFO - [2024-10-16T14:14:14.808+0100] {dagbag.py:588} INFO - Filling up the DagBag from /Users/mujtabaalimalik/airflow/dags/sql_pipeline_multiple.py
[2024-10-16T14:14:14.815+0100] {processor.py:925} INFO - DAG(s) 'executing_sql_pipeline_multiple' retrieved from /Users/mujtabaalimalik/airflow/dags/sql_pipeline_multiple.py
[2024-10-16T14:14:14.849+0100] {logging_mixin.py:190} INFO - [2024-10-16T14:14:14.848+0100] {dag.py:3239} INFO - Sync 1 DAGs
[2024-10-16T14:14:14.854+0100] {logging_mixin.py:190} INFO - [2024-10-16T14:14:14.854+0100] {dag.py:4180} INFO - Setting next_dagrun for executing_sql_pipeline_multiple to None, run_after=None
[2024-10-16T14:14:14.860+0100] {processor.py:208} INFO - Processing /Users/mujtabaalimalik/airflow/dags/sql_pipeline_multiple.py took 0.053 seconds
[2024-10-16T14:14:46.229+0100] {processor.py:186} INFO - Started process (PID=71934) to work on /Users/mujtabaalimalik/airflow/dags/sql_pipeline_multiple.py
[2024-10-16T14:14:46.229+0100] {processor.py:914} INFO - Processing file /Users/mujtabaalimalik/airflow/dags/sql_pipeline_multiple.py for tasks to queue
[2024-10-16T14:14:46.229+0100] {logging_mixin.py:190} INFO - [2024-10-16T14:14:46.229+0100] {dagbag.py:588} INFO - Filling up the DagBag from /Users/mujtabaalimalik/airflow/dags/sql_pipeline_multiple.py
[2024-10-16T14:14:46.236+0100] {processor.py:925} INFO - DAG(s) 'executing_sql_pipeline_multiple' retrieved from /Users/mujtabaalimalik/airflow/dags/sql_pipeline_multiple.py
[2024-10-16T14:14:46.270+0100] {logging_mixin.py:190} INFO - [2024-10-16T14:14:46.269+0100] {dag.py:3239} INFO - Sync 1 DAGs
[2024-10-16T14:14:46.275+0100] {logging_mixin.py:190} INFO - [2024-10-16T14:14:46.275+0100] {dag.py:4180} INFO - Setting next_dagrun for executing_sql_pipeline_multiple to None, run_after=None
[2024-10-16T14:14:46.281+0100] {processor.py:208} INFO - Processing /Users/mujtabaalimalik/airflow/dags/sql_pipeline_multiple.py took 0.053 seconds
[2024-10-16T14:15:17.155+0100] {processor.py:186} INFO - Started process (PID=71964) to work on /Users/mujtabaalimalik/airflow/dags/sql_pipeline_multiple.py
[2024-10-16T14:15:17.156+0100] {processor.py:914} INFO - Processing file /Users/mujtabaalimalik/airflow/dags/sql_pipeline_multiple.py for tasks to queue
[2024-10-16T14:15:17.156+0100] {logging_mixin.py:190} INFO - [2024-10-16T14:15:17.156+0100] {dagbag.py:588} INFO - Filling up the DagBag from /Users/mujtabaalimalik/airflow/dags/sql_pipeline_multiple.py
[2024-10-16T14:15:17.162+0100] {processor.py:925} INFO - DAG(s) 'executing_sql_pipeline_multiple' retrieved from /Users/mujtabaalimalik/airflow/dags/sql_pipeline_multiple.py
[2024-10-16T14:15:17.196+0100] {logging_mixin.py:190} INFO - [2024-10-16T14:15:17.196+0100] {dag.py:3239} INFO - Sync 1 DAGs
[2024-10-16T14:15:17.202+0100] {logging_mixin.py:190} INFO - [2024-10-16T14:15:17.202+0100] {dag.py:4180} INFO - Setting next_dagrun for executing_sql_pipeline_multiple to None, run_after=None
[2024-10-16T14:15:17.208+0100] {processor.py:208} INFO - Processing /Users/mujtabaalimalik/airflow/dags/sql_pipeline_multiple.py took 0.054 seconds
[2024-10-16T14:15:48.220+0100] {processor.py:186} INFO - Started process (PID=72004) to work on /Users/mujtabaalimalik/airflow/dags/sql_pipeline_multiple.py
[2024-10-16T14:15:48.220+0100] {processor.py:914} INFO - Processing file /Users/mujtabaalimalik/airflow/dags/sql_pipeline_multiple.py for tasks to queue
[2024-10-16T14:15:48.221+0100] {logging_mixin.py:190} INFO - [2024-10-16T14:15:48.221+0100] {dagbag.py:588} INFO - Filling up the DagBag from /Users/mujtabaalimalik/airflow/dags/sql_pipeline_multiple.py
[2024-10-16T14:15:48.228+0100] {processor.py:925} INFO - DAG(s) 'executing_sql_pipeline_multiple' retrieved from /Users/mujtabaalimalik/airflow/dags/sql_pipeline_multiple.py
[2024-10-16T14:15:48.262+0100] {logging_mixin.py:190} INFO - [2024-10-16T14:15:48.262+0100] {dag.py:3239} INFO - Sync 1 DAGs
[2024-10-16T14:15:48.268+0100] {logging_mixin.py:190} INFO - [2024-10-16T14:15:48.268+0100] {dag.py:4180} INFO - Setting next_dagrun for executing_sql_pipeline_multiple to None, run_after=None
[2024-10-16T14:15:48.274+0100] {processor.py:208} INFO - Processing /Users/mujtabaalimalik/airflow/dags/sql_pipeline_multiple.py took 0.055 seconds
[2024-10-16T14:16:19.651+0100] {processor.py:186} INFO - Started process (PID=72042) to work on /Users/mujtabaalimalik/airflow/dags/sql_pipeline_multiple.py
[2024-10-16T14:16:19.651+0100] {processor.py:914} INFO - Processing file /Users/mujtabaalimalik/airflow/dags/sql_pipeline_multiple.py for tasks to queue
[2024-10-16T14:16:19.652+0100] {logging_mixin.py:190} INFO - [2024-10-16T14:16:19.652+0100] {dagbag.py:588} INFO - Filling up the DagBag from /Users/mujtabaalimalik/airflow/dags/sql_pipeline_multiple.py
[2024-10-16T14:16:19.659+0100] {processor.py:925} INFO - DAG(s) 'executing_sql_pipeline_multiple' retrieved from /Users/mujtabaalimalik/airflow/dags/sql_pipeline_multiple.py
[2024-10-16T14:16:19.694+0100] {logging_mixin.py:190} INFO - [2024-10-16T14:16:19.694+0100] {dag.py:3239} INFO - Sync 1 DAGs
[2024-10-16T14:16:19.700+0100] {logging_mixin.py:190} INFO - [2024-10-16T14:16:19.700+0100] {dag.py:4180} INFO - Setting next_dagrun for executing_sql_pipeline_multiple to None, run_after=None
[2024-10-16T14:16:19.706+0100] {processor.py:208} INFO - Processing /Users/mujtabaalimalik/airflow/dags/sql_pipeline_multiple.py took 0.056 seconds
[2024-10-16T14:16:50.842+0100] {processor.py:186} INFO - Started process (PID=72077) to work on /Users/mujtabaalimalik/airflow/dags/sql_pipeline_multiple.py
[2024-10-16T14:16:50.842+0100] {processor.py:914} INFO - Processing file /Users/mujtabaalimalik/airflow/dags/sql_pipeline_multiple.py for tasks to queue
[2024-10-16T14:16:50.842+0100] {logging_mixin.py:190} INFO - [2024-10-16T14:16:50.842+0100] {dagbag.py:588} INFO - Filling up the DagBag from /Users/mujtabaalimalik/airflow/dags/sql_pipeline_multiple.py
[2024-10-16T14:16:50.849+0100] {processor.py:925} INFO - DAG(s) 'executing_sql_pipeline_multiple' retrieved from /Users/mujtabaalimalik/airflow/dags/sql_pipeline_multiple.py
[2024-10-16T14:16:50.885+0100] {logging_mixin.py:190} INFO - [2024-10-16T14:16:50.884+0100] {dag.py:3239} INFO - Sync 1 DAGs
[2024-10-16T14:16:50.891+0100] {logging_mixin.py:190} INFO - [2024-10-16T14:16:50.890+0100] {dag.py:4180} INFO - Setting next_dagrun for executing_sql_pipeline_multiple to None, run_after=None
[2024-10-16T14:16:50.896+0100] {processor.py:208} INFO - Processing /Users/mujtabaalimalik/airflow/dags/sql_pipeline_multiple.py took 0.056 seconds
[2024-10-16T14:17:21.913+0100] {processor.py:186} INFO - Started process (PID=72108) to work on /Users/mujtabaalimalik/airflow/dags/sql_pipeline_multiple.py
[2024-10-16T14:17:21.914+0100] {processor.py:914} INFO - Processing file /Users/mujtabaalimalik/airflow/dags/sql_pipeline_multiple.py for tasks to queue
[2024-10-16T14:17:21.914+0100] {logging_mixin.py:190} INFO - [2024-10-16T14:17:21.914+0100] {dagbag.py:588} INFO - Filling up the DagBag from /Users/mujtabaalimalik/airflow/dags/sql_pipeline_multiple.py
[2024-10-16T14:17:21.922+0100] {processor.py:925} INFO - DAG(s) 'executing_sql_pipeline_multiple' retrieved from /Users/mujtabaalimalik/airflow/dags/sql_pipeline_multiple.py
[2024-10-16T14:17:21.956+0100] {logging_mixin.py:190} INFO - [2024-10-16T14:17:21.956+0100] {dag.py:3239} INFO - Sync 1 DAGs
[2024-10-16T14:17:21.962+0100] {logging_mixin.py:190} INFO - [2024-10-16T14:17:21.962+0100] {dag.py:4180} INFO - Setting next_dagrun for executing_sql_pipeline_multiple to None, run_after=None
[2024-10-16T14:17:21.968+0100] {processor.py:208} INFO - Processing /Users/mujtabaalimalik/airflow/dags/sql_pipeline_multiple.py took 0.056 seconds
