[2024-10-16T14:13:41.017+0100] {processor.py:186} INFO - Started process (PID=71735) to work on /Users/mujtabaalimalik/airflow/dags/sql_pipeline_multiple_2.py
[2024-10-16T14:13:41.017+0100] {processor.py:914} INFO - Processing file /Users/mujtabaalimalik/airflow/dags/sql_pipeline_multiple_2.py for tasks to queue
[2024-10-16T14:13:41.017+0100] {logging_mixin.py:190} INFO - [2024-10-16T14:13:41.017+0100] {dagbag.py:588} INFO - Filling up the DagBag from /Users/mujtabaalimalik/airflow/dags/sql_pipeline_multiple_2.py
[2024-10-16T14:13:41.025+0100] {processor.py:925} INFO - DAG(s) 'executing_sql_pipeline' retrieved from /Users/mujtabaalimalik/airflow/dags/sql_pipeline_multiple_2.py
[2024-10-16T14:13:41.100+0100] {logging_mixin.py:190} INFO - [2024-10-16T14:13:41.099+0100] {dag.py:3239} INFO - Sync 1 DAGs
[2024-10-16T14:13:41.105+0100] {logging_mixin.py:190} INFO - [2024-10-16T14:13:41.105+0100] {dag.py:4180} INFO - Setting next_dagrun for executing_sql_pipeline to None, run_after=None
[2024-10-16T14:13:41.111+0100] {processor.py:208} INFO - Processing /Users/mujtabaalimalik/airflow/dags/sql_pipeline_multiple_2.py took 0.096 seconds
[2024-10-16T14:14:05.833+0100] {processor.py:186} INFO - Started process (PID=71801) to work on /Users/mujtabaalimalik/airflow/dags/sql_pipeline_multiple_2.py
[2024-10-16T14:14:05.833+0100] {processor.py:914} INFO - Processing file /Users/mujtabaalimalik/airflow/dags/sql_pipeline_multiple_2.py for tasks to queue
[2024-10-16T14:14:05.834+0100] {logging_mixin.py:190} INFO - [2024-10-16T14:14:05.834+0100] {dagbag.py:588} INFO - Filling up the DagBag from /Users/mujtabaalimalik/airflow/dags/sql_pipeline_multiple_2.py
[2024-10-16T14:14:05.844+0100] {processor.py:925} INFO - DAG(s) 'executing_sql_pipeline_2' retrieved from /Users/mujtabaalimalik/airflow/dags/sql_pipeline_multiple_2.py
[2024-10-16T14:14:05.918+0100] {logging_mixin.py:190} INFO - [2024-10-16T14:14:05.917+0100] {override.py:1900} INFO - Created Permission View: can delete on DAG:executing_sql_pipeline_2
[2024-10-16T14:14:05.921+0100] {logging_mixin.py:190} INFO - [2024-10-16T14:14:05.921+0100] {override.py:1900} INFO - Created Permission View: can edit on DAG:executing_sql_pipeline_2
[2024-10-16T14:14:05.923+0100] {logging_mixin.py:190} INFO - [2024-10-16T14:14:05.923+0100] {override.py:1900} INFO - Created Permission View: can read on DAG:executing_sql_pipeline_2
[2024-10-16T14:14:05.925+0100] {logging_mixin.py:190} INFO - [2024-10-16T14:14:05.925+0100] {override.py:1900} INFO - Created Permission View: can delete on DAG Run:executing_sql_pipeline_2
[2024-10-16T14:14:05.927+0100] {logging_mixin.py:190} INFO - [2024-10-16T14:14:05.927+0100] {override.py:1900} INFO - Created Permission View: menu access on DAG Run:executing_sql_pipeline_2
[2024-10-16T14:14:05.929+0100] {logging_mixin.py:190} INFO - [2024-10-16T14:14:05.929+0100] {override.py:1900} INFO - Created Permission View: can read on DAG Run:executing_sql_pipeline_2
[2024-10-16T14:14:05.930+0100] {logging_mixin.py:190} INFO - [2024-10-16T14:14:05.930+0100] {override.py:1900} INFO - Created Permission View: can create on DAG Run:executing_sql_pipeline_2
[2024-10-16T14:14:05.930+0100] {logging_mixin.py:190} INFO - [2024-10-16T14:14:05.930+0100] {dag.py:3239} INFO - Sync 1 DAGs
[2024-10-16T14:14:05.934+0100] {logging_mixin.py:190} INFO - [2024-10-16T14:14:05.934+0100] {dag.py:3262} INFO - Creating ORM DAG for executing_sql_pipeline_2
[2024-10-16T14:14:05.937+0100] {logging_mixin.py:190} INFO - [2024-10-16T14:14:05.937+0100] {dag.py:4180} INFO - Setting next_dagrun for executing_sql_pipeline_2 to 2024-10-15 00:00:00+00:00, run_after=2024-10-15 00:00:00+00:00
[2024-10-16T14:14:05.943+0100] {processor.py:208} INFO - Processing /Users/mujtabaalimalik/airflow/dags/sql_pipeline_multiple_2.py took 0.111 seconds
[2024-10-16T14:14:12.999+0100] {processor.py:186} INFO - Started process (PID=71837) to work on /Users/mujtabaalimalik/airflow/dags/sql_pipeline_multiple_2.py
[2024-10-16T14:14:12.999+0100] {processor.py:914} INFO - Processing file /Users/mujtabaalimalik/airflow/dags/sql_pipeline_multiple_2.py for tasks to queue
[2024-10-16T14:14:13.000+0100] {logging_mixin.py:190} INFO - [2024-10-16T14:14:13.000+0100] {dagbag.py:588} INFO - Filling up the DagBag from /Users/mujtabaalimalik/airflow/dags/sql_pipeline_multiple_2.py
[2024-10-16T14:14:13.007+0100] {processor.py:925} INFO - DAG(s) 'executing_sql_pipeline_2' retrieved from /Users/mujtabaalimalik/airflow/dags/sql_pipeline_multiple_2.py
[2024-10-16T14:14:13.009+0100] {logging_mixin.py:190} INFO - [2024-10-16T14:14:13.009+0100] {dag.py:3239} INFO - Sync 1 DAGs
[2024-10-16T14:14:13.043+0100] {logging_mixin.py:190} INFO - [2024-10-16T14:14:13.043+0100] {dag.py:4180} INFO - Setting next_dagrun for executing_sql_pipeline_2 to 2024-10-15 00:00:00+00:00, run_after=2024-10-15 00:00:00+00:00
[2024-10-16T14:14:13.049+0100] {processor.py:208} INFO - Processing /Users/mujtabaalimalik/airflow/dags/sql_pipeline_multiple_2.py took 0.051 seconds
[2024-10-16T14:14:44.425+0100] {processor.py:186} INFO - Started process (PID=71932) to work on /Users/mujtabaalimalik/airflow/dags/sql_pipeline_multiple_2.py
[2024-10-16T14:14:44.426+0100] {processor.py:914} INFO - Processing file /Users/mujtabaalimalik/airflow/dags/sql_pipeline_multiple_2.py for tasks to queue
[2024-10-16T14:14:44.426+0100] {logging_mixin.py:190} INFO - [2024-10-16T14:14:44.426+0100] {dagbag.py:588} INFO - Filling up the DagBag from /Users/mujtabaalimalik/airflow/dags/sql_pipeline_multiple_2.py
[2024-10-16T14:14:44.433+0100] {processor.py:925} INFO - DAG(s) 'executing_sql_pipeline_2' retrieved from /Users/mujtabaalimalik/airflow/dags/sql_pipeline_multiple_2.py
[2024-10-16T14:14:44.469+0100] {logging_mixin.py:190} INFO - [2024-10-16T14:14:44.468+0100] {dag.py:3239} INFO - Sync 1 DAGs
[2024-10-16T14:14:44.474+0100] {logging_mixin.py:190} INFO - [2024-10-16T14:14:44.474+0100] {dag.py:4180} INFO - Setting next_dagrun for executing_sql_pipeline_2 to None, run_after=None
[2024-10-16T14:14:44.480+0100] {processor.py:208} INFO - Processing /Users/mujtabaalimalik/airflow/dags/sql_pipeline_multiple_2.py took 0.056 seconds
[2024-10-16T14:15:15.355+0100] {processor.py:186} INFO - Started process (PID=71962) to work on /Users/mujtabaalimalik/airflow/dags/sql_pipeline_multiple_2.py
[2024-10-16T14:15:15.355+0100] {processor.py:914} INFO - Processing file /Users/mujtabaalimalik/airflow/dags/sql_pipeline_multiple_2.py for tasks to queue
[2024-10-16T14:15:15.356+0100] {logging_mixin.py:190} INFO - [2024-10-16T14:15:15.356+0100] {dagbag.py:588} INFO - Filling up the DagBag from /Users/mujtabaalimalik/airflow/dags/sql_pipeline_multiple_2.py
[2024-10-16T14:15:15.362+0100] {processor.py:925} INFO - DAG(s) 'executing_sql_pipeline_2' retrieved from /Users/mujtabaalimalik/airflow/dags/sql_pipeline_multiple_2.py
[2024-10-16T14:15:15.396+0100] {logging_mixin.py:190} INFO - [2024-10-16T14:15:15.396+0100] {dag.py:3239} INFO - Sync 1 DAGs
[2024-10-16T14:15:15.402+0100] {logging_mixin.py:190} INFO - [2024-10-16T14:15:15.402+0100] {dag.py:4180} INFO - Setting next_dagrun for executing_sql_pipeline_2 to None, run_after=None
[2024-10-16T14:15:15.408+0100] {processor.py:208} INFO - Processing /Users/mujtabaalimalik/airflow/dags/sql_pipeline_multiple_2.py took 0.054 seconds
[2024-10-16T14:15:46.398+0100] {processor.py:186} INFO - Started process (PID=72002) to work on /Users/mujtabaalimalik/airflow/dags/sql_pipeline_multiple_2.py
[2024-10-16T14:15:46.398+0100] {processor.py:914} INFO - Processing file /Users/mujtabaalimalik/airflow/dags/sql_pipeline_multiple_2.py for tasks to queue
[2024-10-16T14:15:46.399+0100] {logging_mixin.py:190} INFO - [2024-10-16T14:15:46.399+0100] {dagbag.py:588} INFO - Filling up the DagBag from /Users/mujtabaalimalik/airflow/dags/sql_pipeline_multiple_2.py
[2024-10-16T14:15:46.406+0100] {processor.py:925} INFO - DAG(s) 'executing_sql_pipeline_2' retrieved from /Users/mujtabaalimalik/airflow/dags/sql_pipeline_multiple_2.py
[2024-10-16T14:15:46.440+0100] {logging_mixin.py:190} INFO - [2024-10-16T14:15:46.440+0100] {dag.py:3239} INFO - Sync 1 DAGs
[2024-10-16T14:15:46.446+0100] {logging_mixin.py:190} INFO - [2024-10-16T14:15:46.446+0100] {dag.py:4180} INFO - Setting next_dagrun for executing_sql_pipeline_2 to None, run_after=None
[2024-10-16T14:15:46.452+0100] {processor.py:208} INFO - Processing /Users/mujtabaalimalik/airflow/dags/sql_pipeline_multiple_2.py took 0.055 seconds
[2024-10-16T14:16:17.229+0100] {processor.py:186} INFO - Started process (PID=72040) to work on /Users/mujtabaalimalik/airflow/dags/sql_pipeline_multiple_2.py
[2024-10-16T14:16:17.229+0100] {processor.py:914} INFO - Processing file /Users/mujtabaalimalik/airflow/dags/sql_pipeline_multiple_2.py for tasks to queue
[2024-10-16T14:16:17.229+0100] {logging_mixin.py:190} INFO - [2024-10-16T14:16:17.229+0100] {dagbag.py:588} INFO - Filling up the DagBag from /Users/mujtabaalimalik/airflow/dags/sql_pipeline_multiple_2.py
[2024-10-16T14:16:17.237+0100] {processor.py:925} INFO - DAG(s) 'executing_sql_pipeline_2' retrieved from /Users/mujtabaalimalik/airflow/dags/sql_pipeline_multiple_2.py
[2024-10-16T14:16:17.272+0100] {logging_mixin.py:190} INFO - [2024-10-16T14:16:17.272+0100] {dag.py:3239} INFO - Sync 1 DAGs
[2024-10-16T14:16:17.278+0100] {logging_mixin.py:190} INFO - [2024-10-16T14:16:17.278+0100] {dag.py:4180} INFO - Setting next_dagrun for executing_sql_pipeline_2 to None, run_after=None
[2024-10-16T14:16:17.284+0100] {processor.py:208} INFO - Processing /Users/mujtabaalimalik/airflow/dags/sql_pipeline_multiple_2.py took 0.056 seconds
[2024-10-16T14:16:48.575+0100] {processor.py:186} INFO - Started process (PID=72075) to work on /Users/mujtabaalimalik/airflow/dags/sql_pipeline_multiple_2.py
[2024-10-16T14:16:48.576+0100] {processor.py:914} INFO - Processing file /Users/mujtabaalimalik/airflow/dags/sql_pipeline_multiple_2.py for tasks to queue
[2024-10-16T14:16:48.576+0100] {logging_mixin.py:190} INFO - [2024-10-16T14:16:48.576+0100] {dagbag.py:588} INFO - Filling up the DagBag from /Users/mujtabaalimalik/airflow/dags/sql_pipeline_multiple_2.py
[2024-10-16T14:16:48.583+0100] {processor.py:925} INFO - DAG(s) 'executing_sql_pipeline_2' retrieved from /Users/mujtabaalimalik/airflow/dags/sql_pipeline_multiple_2.py
[2024-10-16T14:16:48.617+0100] {logging_mixin.py:190} INFO - [2024-10-16T14:16:48.616+0100] {dag.py:3239} INFO - Sync 1 DAGs
[2024-10-16T14:16:48.622+0100] {logging_mixin.py:190} INFO - [2024-10-16T14:16:48.622+0100] {dag.py:4180} INFO - Setting next_dagrun for executing_sql_pipeline_2 to None, run_after=None
[2024-10-16T14:16:48.628+0100] {processor.py:208} INFO - Processing /Users/mujtabaalimalik/airflow/dags/sql_pipeline_multiple_2.py took 0.053 seconds
[2024-10-16T14:17:19.441+0100] {processor.py:186} INFO - Started process (PID=72106) to work on /Users/mujtabaalimalik/airflow/dags/sql_pipeline_multiple_2.py
[2024-10-16T14:17:19.443+0100] {processor.py:914} INFO - Processing file /Users/mujtabaalimalik/airflow/dags/sql_pipeline_multiple_2.py for tasks to queue
[2024-10-16T14:17:19.443+0100] {logging_mixin.py:190} INFO - [2024-10-16T14:17:19.443+0100] {dagbag.py:588} INFO - Filling up the DagBag from /Users/mujtabaalimalik/airflow/dags/sql_pipeline_multiple_2.py
[2024-10-16T14:17:19.457+0100] {processor.py:925} INFO - DAG(s) 'executing_sql_pipeline_2' retrieved from /Users/mujtabaalimalik/airflow/dags/sql_pipeline_multiple_2.py
[2024-10-16T14:17:19.496+0100] {logging_mixin.py:190} INFO - [2024-10-16T14:17:19.496+0100] {dag.py:3239} INFO - Sync 1 DAGs
[2024-10-16T14:17:19.503+0100] {logging_mixin.py:190} INFO - [2024-10-16T14:17:19.502+0100] {dag.py:4180} INFO - Setting next_dagrun for executing_sql_pipeline_2 to None, run_after=None
[2024-10-16T14:17:19.508+0100] {processor.py:208} INFO - Processing /Users/mujtabaalimalik/airflow/dags/sql_pipeline_multiple_2.py took 0.069 seconds
