[2024-10-04T10:29:23.439+0100] {local_task_job_runner.py:123} INFO - ::group::Pre task execution logs
[2024-10-04T10:29:23.442+0100] {taskinstance.py:2612} INFO - Dependencies all met for dep_context=non-requeueable deps ti=<TaskInstance: example_branch_datetime_operator.datetime_branch scheduled__2024-10-03T00:00:00+00:00 [queued]>
[2024-10-04T10:29:23.444+0100] {taskinstance.py:2612} INFO - Dependencies all met for dep_context=requeueable deps ti=<TaskInstance: example_branch_datetime_operator.datetime_branch scheduled__2024-10-03T00:00:00+00:00 [queued]>
[2024-10-04T10:29:23.444+0100] {taskinstance.py:2865} INFO - Starting attempt 1 of 1
[2024-10-04T10:29:23.448+0100] {taskinstance.py:2888} INFO - Executing <Task(BranchDateTimeOperator): datetime_branch> on 2024-10-03 00:00:00+00:00
[2024-10-04T10:29:23.450+0100] {standard_task_runner.py:72} INFO - Started process 21531 to run task
[2024-10-04T10:29:23.452+0100] {standard_task_runner.py:104} INFO - Running: ['airflow', 'tasks', 'run', 'example_branch_datetime_operator', 'datetime_branch', 'scheduled__2024-10-03T00:00:00+00:00', '--job-id', '2', '--raw', '--subdir', '/opt/miniconda3/envs/airflow/lib/python3.8/site-packages/airflow/example_dags/example_branch_datetime_operator.py', '--cfg-path', '/var/folders/nl/1x330z2x7yzb268yb0bbvjcr0000gn/T/tmptyitibvl']
[2024-10-04T10:29:23.453+0100] {standard_task_runner.py:105} INFO - Job 2: Subtask datetime_branch
[2024-10-04T10:29:23.465+0100] {task_command.py:467} INFO - Running <TaskInstance: example_branch_datetime_operator.datetime_branch scheduled__2024-10-03T00:00:00+00:00 [running]> on host mujtabas-macbook-pro.local
[2024-10-04T10:29:23.481+0100] {taskinstance.py:3131} INFO - Exporting env vars: AIRFLOW_CTX_DAG_OWNER='airflow' AIRFLOW_CTX_DAG_ID='example_branch_datetime_operator' AIRFLOW_CTX_TASK_ID='datetime_branch' AIRFLOW_CTX_EXECUTION_DATE='2024-10-03T00:00:00+00:00' AIRFLOW_CTX_TRY_NUMBER='1' AIRFLOW_CTX_DAG_RUN_ID='scheduled__2024-10-03T00:00:00+00:00'
[2024-10-04T10:29:23.482+0100] {logging_mixin.py:190} INFO - Task instance is in running state
[2024-10-04T10:29:23.482+0100] {logging_mixin.py:190} INFO -  Previous state of the Task instance: queued
[2024-10-04T10:29:23.482+0100] {logging_mixin.py:190} INFO - Current task name:datetime_branch state:running start_date:2024-10-04 09:29:23.442954+00:00
[2024-10-04T10:29:23.482+0100] {logging_mixin.py:190} INFO - Dag name:example_branch_datetime_operator and current dag run status:running
[2024-10-04T10:29:23.483+0100] {taskinstance.py:731} INFO - ::endgroup::
[2024-10-04T10:29:23.483+0100] {branch.py:38} INFO - Branch into ['date_outside_range']
[2024-10-04T10:29:23.483+0100] {skipmixin.py:230} INFO - Following branch {'date_outside_range'}
[2024-10-04T10:29:23.485+0100] {skipmixin.py:278} INFO - Skipping tasks [('date_in_range', -1)]
[2024-10-04T10:29:23.491+0100] {taskinstance.py:340} INFO - ::group::Post task execution logs
[2024-10-04T10:29:23.492+0100] {taskinstance.py:352} INFO - Marking task as SUCCESS. dag_id=example_branch_datetime_operator, task_id=datetime_branch, run_id=scheduled__2024-10-03T00:00:00+00:00, execution_date=20241003T000000, start_date=20241004T092923, end_date=20241004T092923
[2024-10-04T10:29:23.494+0100] {logging_mixin.py:190} INFO - Task instance in success state
[2024-10-04T10:29:23.494+0100] {logging_mixin.py:190} INFO -  Previous state of the Task instance: running
[2024-10-04T10:29:23.494+0100] {logging_mixin.py:190} INFO - Dag name:example_branch_datetime_operator queued_at:2024-10-04 09:29:22.649473+00:00
[2024-10-04T10:29:23.494+0100] {logging_mixin.py:190} INFO - Task hostname:mujtabas-macbook-pro.local operator:BranchDateTimeOperator
[2024-10-04T10:29:23.512+0100] {local_task_job_runner.py:266} INFO - Task exited with return code 0
[2024-10-04T10:29:23.518+0100] {taskinstance.py:3900} INFO - 0 downstream tasks scheduled from follow-on schedule check
[2024-10-04T10:29:23.518+0100] {local_task_job_runner.py:245} INFO - ::endgroup::
