[2024-10-03T23:04:43.968+0100] {processor.py:186} INFO - Started process (PID=16266) to work on /opt/miniconda3/envs/airflow/lib/python3.8/site-packages/airflow/example_dags/example_kubernetes_executor.py
[2024-10-03T23:04:43.969+0100] {processor.py:914} INFO - Processing file /opt/miniconda3/envs/airflow/lib/python3.8/site-packages/airflow/example_dags/example_kubernetes_executor.py for tasks to queue
[2024-10-03T23:04:43.969+0100] {logging_mixin.py:190} INFO - [2024-10-03T23:04:43.969+0100] {dagbag.py:588} INFO - Filling up the DagBag from /opt/miniconda3/envs/airflow/lib/python3.8/site-packages/airflow/example_dags/example_kubernetes_executor.py
[2024-10-03T23:04:43.997+0100] {logging_mixin.py:190} INFO - [2024-10-03T23:04:43.997+0100] {example_kubernetes_executor.py:39} WARNING - The example_kubernetes_executor example DAG requires the kubernetes provider. Please install it with: pip install apache-airflow[cncf.kubernetes]
[2024-10-03T23:04:43.997+0100] {processor.py:927} WARNING - No viable dags retrieved from /opt/miniconda3/envs/airflow/lib/python3.8/site-packages/airflow/example_dags/example_kubernetes_executor.py
[2024-10-03T23:04:44.027+0100] {processor.py:208} INFO - Processing /opt/miniconda3/envs/airflow/lib/python3.8/site-packages/airflow/example_dags/example_kubernetes_executor.py took 0.060 seconds
[2024-10-03T23:06:18.064+0100] {processor.py:186} INFO - Started process (PID=16403) to work on /opt/miniconda3/envs/airflow/lib/python3.8/site-packages/airflow/example_dags/example_kubernetes_executor.py
[2024-10-03T23:06:18.065+0100] {processor.py:914} INFO - Processing file /opt/miniconda3/envs/airflow/lib/python3.8/site-packages/airflow/example_dags/example_kubernetes_executor.py for tasks to queue
[2024-10-03T23:06:18.065+0100] {logging_mixin.py:190} INFO - [2024-10-03T23:06:18.065+0100] {dagbag.py:588} INFO - Filling up the DagBag from /opt/miniconda3/envs/airflow/lib/python3.8/site-packages/airflow/example_dags/example_kubernetes_executor.py
[2024-10-03T23:06:18.092+0100] {logging_mixin.py:190} INFO - [2024-10-03T23:06:18.092+0100] {example_kubernetes_executor.py:39} WARNING - The example_kubernetes_executor example DAG requires the kubernetes provider. Please install it with: pip install apache-airflow[cncf.kubernetes]
[2024-10-03T23:06:18.092+0100] {processor.py:927} WARNING - No viable dags retrieved from /opt/miniconda3/envs/airflow/lib/python3.8/site-packages/airflow/example_dags/example_kubernetes_executor.py
[2024-10-03T23:06:18.120+0100] {processor.py:208} INFO - Processing /opt/miniconda3/envs/airflow/lib/python3.8/site-packages/airflow/example_dags/example_kubernetes_executor.py took 0.058 seconds
[2024-10-03T23:08:19.038+0100] {processor.py:186} INFO - Started process (PID=16582) to work on /opt/miniconda3/envs/airflow/lib/python3.8/site-packages/airflow/example_dags/example_kubernetes_executor.py
[2024-10-03T23:08:19.039+0100] {processor.py:914} INFO - Processing file /opt/miniconda3/envs/airflow/lib/python3.8/site-packages/airflow/example_dags/example_kubernetes_executor.py for tasks to queue
[2024-10-03T23:08:19.039+0100] {logging_mixin.py:190} INFO - [2024-10-03T23:08:19.039+0100] {dagbag.py:588} INFO - Filling up the DagBag from /opt/miniconda3/envs/airflow/lib/python3.8/site-packages/airflow/example_dags/example_kubernetes_executor.py
[2024-10-03T23:08:19.070+0100] {logging_mixin.py:190} INFO - [2024-10-03T23:08:19.070+0100] {example_kubernetes_executor.py:39} WARNING - The example_kubernetes_executor example DAG requires the kubernetes provider. Please install it with: pip install apache-airflow[cncf.kubernetes]
[2024-10-03T23:08:19.070+0100] {processor.py:927} WARNING - No viable dags retrieved from /opt/miniconda3/envs/airflow/lib/python3.8/site-packages/airflow/example_dags/example_kubernetes_executor.py
[2024-10-03T23:08:19.102+0100] {processor.py:208} INFO - Processing /opt/miniconda3/envs/airflow/lib/python3.8/site-packages/airflow/example_dags/example_kubernetes_executor.py took 0.065 seconds
[2024-10-03T23:10:15.107+0100] {processor.py:186} INFO - Started process (PID=16747) to work on /opt/miniconda3/envs/airflow/lib/python3.8/site-packages/airflow/example_dags/example_kubernetes_executor.py
[2024-10-03T23:10:15.108+0100] {processor.py:914} INFO - Processing file /opt/miniconda3/envs/airflow/lib/python3.8/site-packages/airflow/example_dags/example_kubernetes_executor.py for tasks to queue
[2024-10-03T23:10:15.108+0100] {logging_mixin.py:190} INFO - [2024-10-03T23:10:15.108+0100] {dagbag.py:588} INFO - Filling up the DagBag from /opt/miniconda3/envs/airflow/lib/python3.8/site-packages/airflow/example_dags/example_kubernetes_executor.py
[2024-10-03T23:10:15.134+0100] {logging_mixin.py:190} INFO - [2024-10-03T23:10:15.134+0100] {example_kubernetes_executor.py:39} WARNING - The example_kubernetes_executor example DAG requires the kubernetes provider. Please install it with: pip install apache-airflow[cncf.kubernetes]
[2024-10-03T23:10:15.134+0100] {processor.py:927} WARNING - No viable dags retrieved from /opt/miniconda3/envs/airflow/lib/python3.8/site-packages/airflow/example_dags/example_kubernetes_executor.py
[2024-10-03T23:10:15.165+0100] {processor.py:208} INFO - Processing /opt/miniconda3/envs/airflow/lib/python3.8/site-packages/airflow/example_dags/example_kubernetes_executor.py took 0.060 seconds
[2024-10-03T23:34:21.984+0100] {processor.py:186} INFO - Started process (PID=16923) to work on /opt/miniconda3/envs/airflow/lib/python3.8/site-packages/airflow/example_dags/example_kubernetes_executor.py
[2024-10-03T23:34:21.985+0100] {processor.py:914} INFO - Processing file /opt/miniconda3/envs/airflow/lib/python3.8/site-packages/airflow/example_dags/example_kubernetes_executor.py for tasks to queue
[2024-10-03T23:34:21.986+0100] {logging_mixin.py:190} INFO - [2024-10-03T23:34:21.986+0100] {dagbag.py:588} INFO - Filling up the DagBag from /opt/miniconda3/envs/airflow/lib/python3.8/site-packages/airflow/example_dags/example_kubernetes_executor.py
[2024-10-03T23:34:22.011+0100] {logging_mixin.py:190} INFO - [2024-10-03T23:34:22.011+0100] {example_kubernetes_executor.py:39} WARNING - The example_kubernetes_executor example DAG requires the kubernetes provider. Please install it with: pip install apache-airflow[cncf.kubernetes]
[2024-10-03T23:34:22.011+0100] {processor.py:927} WARNING - No viable dags retrieved from /opt/miniconda3/envs/airflow/lib/python3.8/site-packages/airflow/example_dags/example_kubernetes_executor.py
[2024-10-03T23:34:22.040+0100] {processor.py:208} INFO - Processing /opt/miniconda3/envs/airflow/lib/python3.8/site-packages/airflow/example_dags/example_kubernetes_executor.py took 0.057 seconds
[2024-10-03T23:36:19.397+0100] {processor.py:186} INFO - Started process (PID=17074) to work on /opt/miniconda3/envs/airflow/lib/python3.8/site-packages/airflow/example_dags/example_kubernetes_executor.py
[2024-10-03T23:36:19.397+0100] {processor.py:914} INFO - Processing file /opt/miniconda3/envs/airflow/lib/python3.8/site-packages/airflow/example_dags/example_kubernetes_executor.py for tasks to queue
[2024-10-03T23:36:19.398+0100] {logging_mixin.py:190} INFO - [2024-10-03T23:36:19.398+0100] {dagbag.py:588} INFO - Filling up the DagBag from /opt/miniconda3/envs/airflow/lib/python3.8/site-packages/airflow/example_dags/example_kubernetes_executor.py
[2024-10-03T23:36:19.423+0100] {logging_mixin.py:190} INFO - [2024-10-03T23:36:19.423+0100] {example_kubernetes_executor.py:39} WARNING - The example_kubernetes_executor example DAG requires the kubernetes provider. Please install it with: pip install apache-airflow[cncf.kubernetes]
[2024-10-03T23:36:19.423+0100] {processor.py:927} WARNING - No viable dags retrieved from /opt/miniconda3/envs/airflow/lib/python3.8/site-packages/airflow/example_dags/example_kubernetes_executor.py
[2024-10-03T23:36:19.452+0100] {processor.py:208} INFO - Processing /opt/miniconda3/envs/airflow/lib/python3.8/site-packages/airflow/example_dags/example_kubernetes_executor.py took 0.056 seconds
[2024-10-04T00:01:09.695+0100] {processor.py:186} INFO - Started process (PID=17269) to work on /opt/miniconda3/envs/airflow/lib/python3.8/site-packages/airflow/example_dags/example_kubernetes_executor.py
[2024-10-04T00:01:09.696+0100] {processor.py:914} INFO - Processing file /opt/miniconda3/envs/airflow/lib/python3.8/site-packages/airflow/example_dags/example_kubernetes_executor.py for tasks to queue
[2024-10-04T00:01:09.696+0100] {logging_mixin.py:190} INFO - [2024-10-04T00:01:09.696+0100] {dagbag.py:588} INFO - Filling up the DagBag from /opt/miniconda3/envs/airflow/lib/python3.8/site-packages/airflow/example_dags/example_kubernetes_executor.py
[2024-10-04T00:01:09.722+0100] {logging_mixin.py:190} INFO - [2024-10-04T00:01:09.721+0100] {example_kubernetes_executor.py:39} WARNING - The example_kubernetes_executor example DAG requires the kubernetes provider. Please install it with: pip install apache-airflow[cncf.kubernetes]
[2024-10-04T00:01:09.722+0100] {processor.py:927} WARNING - No viable dags retrieved from /opt/miniconda3/envs/airflow/lib/python3.8/site-packages/airflow/example_dags/example_kubernetes_executor.py
[2024-10-04T00:01:09.751+0100] {processor.py:208} INFO - Processing /opt/miniconda3/envs/airflow/lib/python3.8/site-packages/airflow/example_dags/example_kubernetes_executor.py took 0.057 seconds
