[2024-10-03T23:05:15.724+0100] {processor.py:186} INFO - Started process (PID=16314) to work on /opt/miniconda3/envs/airflow/lib/python3.8/site-packages/airflow/example_dags/example_bash_decorator.py
[2024-10-03T23:05:15.725+0100] {processor.py:914} INFO - Processing file /opt/miniconda3/envs/airflow/lib/python3.8/site-packages/airflow/example_dags/example_bash_decorator.py for tasks to queue
[2024-10-03T23:05:15.725+0100] {logging_mixin.py:190} INFO - [2024-10-03T23:05:15.725+0100] {dagbag.py:588} INFO - Filling up the DagBag from /opt/miniconda3/envs/airflow/lib/python3.8/site-packages/airflow/example_dags/example_bash_decorator.py
[2024-10-03T23:05:15.760+0100] {processor.py:925} INFO - DAG(s) 'example_bash_decorator' retrieved from /opt/miniconda3/envs/airflow/lib/python3.8/site-packages/airflow/example_dags/example_bash_decorator.py
[2024-10-03T23:05:15.822+0100] {logging_mixin.py:190} INFO - [2024-10-03T23:05:15.822+0100] {override.py:1900} INFO - Created Permission View: can delete on DAG:example_bash_decorator
[2024-10-03T23:05:15.825+0100] {logging_mixin.py:190} INFO - [2024-10-03T23:05:15.825+0100] {override.py:1900} INFO - Created Permission View: can read on DAG:example_bash_decorator
[2024-10-03T23:05:15.827+0100] {logging_mixin.py:190} INFO - [2024-10-03T23:05:15.827+0100] {override.py:1900} INFO - Created Permission View: can edit on DAG:example_bash_decorator
[2024-10-03T23:05:15.829+0100] {logging_mixin.py:190} INFO - [2024-10-03T23:05:15.829+0100] {override.py:1900} INFO - Created Permission View: can delete on DAG Run:example_bash_decorator
[2024-10-03T23:05:15.830+0100] {logging_mixin.py:190} INFO - [2024-10-03T23:05:15.830+0100] {override.py:1900} INFO - Created Permission View: can read on DAG Run:example_bash_decorator
[2024-10-03T23:05:15.832+0100] {logging_mixin.py:190} INFO - [2024-10-03T23:05:15.832+0100] {override.py:1900} INFO - Created Permission View: menu access on DAG Run:example_bash_decorator
[2024-10-03T23:05:15.833+0100] {logging_mixin.py:190} INFO - [2024-10-03T23:05:15.833+0100] {override.py:1900} INFO - Created Permission View: can create on DAG Run:example_bash_decorator
[2024-10-03T23:05:15.834+0100] {logging_mixin.py:190} INFO - [2024-10-03T23:05:15.834+0100] {dag.py:3239} INFO - Sync 1 DAGs
[2024-10-03T23:05:15.837+0100] {logging_mixin.py:190} INFO - [2024-10-03T23:05:15.837+0100] {dag.py:3262} INFO - Creating ORM DAG for example_bash_decorator
[2024-10-03T23:05:15.837+0100] {logging_mixin.py:190} INFO - [2024-10-03T23:05:15.837+0100] {dag.py:4180} INFO - Setting next_dagrun for example_bash_decorator to None, run_after=None
[2024-10-03T23:05:15.842+0100] {processor.py:208} INFO - Processing /opt/miniconda3/envs/airflow/lib/python3.8/site-packages/airflow/example_dags/example_bash_decorator.py took 0.120 seconds
[2024-10-03T23:07:22.351+0100] {processor.py:186} INFO - Started process (PID=16498) to work on /opt/miniconda3/envs/airflow/lib/python3.8/site-packages/airflow/example_dags/example_bash_decorator.py
[2024-10-03T23:07:22.351+0100] {processor.py:914} INFO - Processing file /opt/miniconda3/envs/airflow/lib/python3.8/site-packages/airflow/example_dags/example_bash_decorator.py for tasks to queue
[2024-10-03T23:07:22.352+0100] {logging_mixin.py:190} INFO - [2024-10-03T23:07:22.352+0100] {dagbag.py:588} INFO - Filling up the DagBag from /opt/miniconda3/envs/airflow/lib/python3.8/site-packages/airflow/example_dags/example_bash_decorator.py
[2024-10-03T23:07:22.382+0100] {processor.py:925} INFO - DAG(s) 'example_bash_decorator' retrieved from /opt/miniconda3/envs/airflow/lib/python3.8/site-packages/airflow/example_dags/example_bash_decorator.py
[2024-10-03T23:07:22.454+0100] {logging_mixin.py:190} INFO - [2024-10-03T23:07:22.454+0100] {dag.py:3239} INFO - Sync 1 DAGs
[2024-10-03T23:07:22.458+0100] {logging_mixin.py:190} INFO - [2024-10-03T23:07:22.458+0100] {dag.py:4180} INFO - Setting next_dagrun for example_bash_decorator to None, run_after=None
[2024-10-03T23:07:22.463+0100] {processor.py:208} INFO - Processing /opt/miniconda3/envs/airflow/lib/python3.8/site-packages/airflow/example_dags/example_bash_decorator.py took 0.114 seconds
[2024-10-03T23:09:15.414+0100] {processor.py:186} INFO - Started process (PID=16665) to work on /opt/miniconda3/envs/airflow/lib/python3.8/site-packages/airflow/example_dags/example_bash_decorator.py
[2024-10-03T23:09:15.415+0100] {processor.py:914} INFO - Processing file /opt/miniconda3/envs/airflow/lib/python3.8/site-packages/airflow/example_dags/example_bash_decorator.py for tasks to queue
[2024-10-03T23:09:15.415+0100] {logging_mixin.py:190} INFO - [2024-10-03T23:09:15.415+0100] {dagbag.py:588} INFO - Filling up the DagBag from /opt/miniconda3/envs/airflow/lib/python3.8/site-packages/airflow/example_dags/example_bash_decorator.py
[2024-10-03T23:09:15.444+0100] {processor.py:925} INFO - DAG(s) 'example_bash_decorator' retrieved from /opt/miniconda3/envs/airflow/lib/python3.8/site-packages/airflow/example_dags/example_bash_decorator.py
[2024-10-03T23:09:15.507+0100] {logging_mixin.py:190} INFO - [2024-10-03T23:09:15.506+0100] {dag.py:3239} INFO - Sync 1 DAGs
[2024-10-03T23:09:15.510+0100] {logging_mixin.py:190} INFO - [2024-10-03T23:09:15.510+0100] {dag.py:4180} INFO - Setting next_dagrun for example_bash_decorator to None, run_after=None
[2024-10-03T23:09:15.516+0100] {processor.py:208} INFO - Processing /opt/miniconda3/envs/airflow/lib/python3.8/site-packages/airflow/example_dags/example_bash_decorator.py took 0.104 seconds
[2024-10-03T23:11:24.046+0100] {processor.py:186} INFO - Started process (PID=16828) to work on /opt/miniconda3/envs/airflow/lib/python3.8/site-packages/airflow/example_dags/example_bash_decorator.py
[2024-10-03T23:11:24.047+0100] {processor.py:914} INFO - Processing file /opt/miniconda3/envs/airflow/lib/python3.8/site-packages/airflow/example_dags/example_bash_decorator.py for tasks to queue
[2024-10-03T23:11:24.048+0100] {logging_mixin.py:190} INFO - [2024-10-03T23:11:24.048+0100] {dagbag.py:588} INFO - Filling up the DagBag from /opt/miniconda3/envs/airflow/lib/python3.8/site-packages/airflow/example_dags/example_bash_decorator.py
[2024-10-03T23:11:24.077+0100] {processor.py:925} INFO - DAG(s) 'example_bash_decorator' retrieved from /opt/miniconda3/envs/airflow/lib/python3.8/site-packages/airflow/example_dags/example_bash_decorator.py
[2024-10-03T23:11:24.138+0100] {logging_mixin.py:190} INFO - [2024-10-03T23:11:24.137+0100] {dag.py:3239} INFO - Sync 1 DAGs
[2024-10-03T23:11:24.141+0100] {logging_mixin.py:190} INFO - [2024-10-03T23:11:24.141+0100] {dag.py:4180} INFO - Setting next_dagrun for example_bash_decorator to None, run_after=None
[2024-10-03T23:11:24.147+0100] {processor.py:208} INFO - Processing /opt/miniconda3/envs/airflow/lib/python3.8/site-packages/airflow/example_dags/example_bash_decorator.py took 0.102 seconds
[2024-10-03T23:35:20.291+0100] {processor.py:186} INFO - Started process (PID=16999) to work on /opt/miniconda3/envs/airflow/lib/python3.8/site-packages/airflow/example_dags/example_bash_decorator.py
[2024-10-03T23:35:20.292+0100] {processor.py:914} INFO - Processing file /opt/miniconda3/envs/airflow/lib/python3.8/site-packages/airflow/example_dags/example_bash_decorator.py for tasks to queue
[2024-10-03T23:35:20.292+0100] {logging_mixin.py:190} INFO - [2024-10-03T23:35:20.292+0100] {dagbag.py:588} INFO - Filling up the DagBag from /opt/miniconda3/envs/airflow/lib/python3.8/site-packages/airflow/example_dags/example_bash_decorator.py
[2024-10-03T23:35:20.321+0100] {processor.py:925} INFO - DAG(s) 'example_bash_decorator' retrieved from /opt/miniconda3/envs/airflow/lib/python3.8/site-packages/airflow/example_dags/example_bash_decorator.py
[2024-10-03T23:35:20.380+0100] {logging_mixin.py:190} INFO - [2024-10-03T23:35:20.380+0100] {dag.py:3239} INFO - Sync 1 DAGs
[2024-10-03T23:35:20.384+0100] {logging_mixin.py:190} INFO - [2024-10-03T23:35:20.384+0100] {dag.py:4180} INFO - Setting next_dagrun for example_bash_decorator to None, run_after=None
[2024-10-03T23:35:20.390+0100] {processor.py:208} INFO - Processing /opt/miniconda3/envs/airflow/lib/python3.8/site-packages/airflow/example_dags/example_bash_decorator.py took 0.101 seconds
[2024-10-03T23:43:07.233+0100] {processor.py:186} INFO - Started process (PID=17163) to work on /opt/miniconda3/envs/airflow/lib/python3.8/site-packages/airflow/example_dags/example_bash_decorator.py
[2024-10-03T23:43:07.233+0100] {processor.py:914} INFO - Processing file /opt/miniconda3/envs/airflow/lib/python3.8/site-packages/airflow/example_dags/example_bash_decorator.py for tasks to queue
[2024-10-03T23:43:07.234+0100] {logging_mixin.py:190} INFO - [2024-10-03T23:43:07.233+0100] {dagbag.py:588} INFO - Filling up the DagBag from /opt/miniconda3/envs/airflow/lib/python3.8/site-packages/airflow/example_dags/example_bash_decorator.py
[2024-10-03T23:43:07.262+0100] {processor.py:925} INFO - DAG(s) 'example_bash_decorator' retrieved from /opt/miniconda3/envs/airflow/lib/python3.8/site-packages/airflow/example_dags/example_bash_decorator.py
[2024-10-03T23:43:07.322+0100] {logging_mixin.py:190} INFO - [2024-10-03T23:43:07.322+0100] {dag.py:3239} INFO - Sync 1 DAGs
[2024-10-03T23:43:07.325+0100] {logging_mixin.py:190} INFO - [2024-10-03T23:43:07.325+0100] {dag.py:4180} INFO - Setting next_dagrun for example_bash_decorator to None, run_after=None
[2024-10-03T23:43:07.331+0100] {processor.py:208} INFO - Processing /opt/miniconda3/envs/airflow/lib/python3.8/site-packages/airflow/example_dags/example_bash_decorator.py took 0.100 seconds
