[2024-10-03T23:04:40.413+0100] {processor.py:186} INFO - Started process (PID=16260) to work on /opt/miniconda3/envs/airflow/lib/python3.8/site-packages/airflow/example_dags/example_latest_only_with_trigger.py
[2024-10-03T23:04:40.413+0100] {processor.py:914} INFO - Processing file /opt/miniconda3/envs/airflow/lib/python3.8/site-packages/airflow/example_dags/example_latest_only_with_trigger.py for tasks to queue
[2024-10-03T23:04:40.413+0100] {logging_mixin.py:190} INFO - [2024-10-03T23:04:40.413+0100] {dagbag.py:588} INFO - Filling up the DagBag from /opt/miniconda3/envs/airflow/lib/python3.8/site-packages/airflow/example_dags/example_latest_only_with_trigger.py
[2024-10-03T23:04:40.431+0100] {processor.py:925} INFO - DAG(s) 'latest_only_with_trigger' retrieved from /opt/miniconda3/envs/airflow/lib/python3.8/site-packages/airflow/example_dags/example_latest_only_with_trigger.py
[2024-10-03T23:04:40.495+0100] {logging_mixin.py:190} INFO - [2024-10-03T23:04:40.495+0100] {override.py:1900} INFO - Created Permission View: can delete on DAG:latest_only_with_trigger
[2024-10-03T23:04:40.498+0100] {logging_mixin.py:190} INFO - [2024-10-03T23:04:40.497+0100] {override.py:1900} INFO - Created Permission View: can edit on DAG:latest_only_with_trigger
[2024-10-03T23:04:40.499+0100] {logging_mixin.py:190} INFO - [2024-10-03T23:04:40.499+0100] {override.py:1900} INFO - Created Permission View: can read on DAG:latest_only_with_trigger
[2024-10-03T23:04:40.501+0100] {logging_mixin.py:190} INFO - [2024-10-03T23:04:40.501+0100] {override.py:1900} INFO - Created Permission View: menu access on DAG Run:latest_only_with_trigger
[2024-10-03T23:04:40.503+0100] {logging_mixin.py:190} INFO - [2024-10-03T23:04:40.503+0100] {override.py:1900} INFO - Created Permission View: can create on DAG Run:latest_only_with_trigger
[2024-10-03T23:04:40.504+0100] {logging_mixin.py:190} INFO - [2024-10-03T23:04:40.504+0100] {override.py:1900} INFO - Created Permission View: can delete on DAG Run:latest_only_with_trigger
[2024-10-03T23:04:40.506+0100] {logging_mixin.py:190} INFO - [2024-10-03T23:04:40.506+0100] {override.py:1900} INFO - Created Permission View: can read on DAG Run:latest_only_with_trigger
[2024-10-03T23:04:40.506+0100] {logging_mixin.py:190} INFO - [2024-10-03T23:04:40.506+0100] {dag.py:3239} INFO - Sync 1 DAGs
[2024-10-03T23:04:40.510+0100] {logging_mixin.py:190} INFO - [2024-10-03T23:04:40.510+0100] {dag.py:3262} INFO - Creating ORM DAG for latest_only_with_trigger
[2024-10-03T23:04:40.513+0100] {logging_mixin.py:190} INFO - [2024-10-03T23:04:40.513+0100] {dag.py:4180} INFO - Setting next_dagrun for latest_only_with_trigger to 2024-10-03 16:00:00+00:00, run_after=2024-10-03 20:00:00+00:00
[2024-10-03T23:04:40.517+0100] {processor.py:208} INFO - Processing /opt/miniconda3/envs/airflow/lib/python3.8/site-packages/airflow/example_dags/example_latest_only_with_trigger.py took 0.106 seconds
[2024-10-03T23:06:14.619+0100] {processor.py:186} INFO - Started process (PID=16399) to work on /opt/miniconda3/envs/airflow/lib/python3.8/site-packages/airflow/example_dags/example_latest_only_with_trigger.py
[2024-10-03T23:06:14.620+0100] {processor.py:914} INFO - Processing file /opt/miniconda3/envs/airflow/lib/python3.8/site-packages/airflow/example_dags/example_latest_only_with_trigger.py for tasks to queue
[2024-10-03T23:06:14.620+0100] {logging_mixin.py:190} INFO - [2024-10-03T23:06:14.620+0100] {dagbag.py:588} INFO - Filling up the DagBag from /opt/miniconda3/envs/airflow/lib/python3.8/site-packages/airflow/example_dags/example_latest_only_with_trigger.py
[2024-10-03T23:06:14.640+0100] {processor.py:925} INFO - DAG(s) 'latest_only_with_trigger' retrieved from /opt/miniconda3/envs/airflow/lib/python3.8/site-packages/airflow/example_dags/example_latest_only_with_trigger.py
[2024-10-03T23:06:14.672+0100] {logging_mixin.py:190} INFO - [2024-10-03T23:06:14.672+0100] {dag.py:3239} INFO - Sync 1 DAGs
[2024-10-03T23:06:14.678+0100] {logging_mixin.py:190} INFO - [2024-10-03T23:06:14.678+0100] {dag.py:4180} INFO - Setting next_dagrun for latest_only_with_trigger to 2024-10-03 16:00:00+00:00, run_after=2024-10-03 20:00:00+00:00
[2024-10-03T23:06:14.683+0100] {processor.py:208} INFO - Processing /opt/miniconda3/envs/airflow/lib/python3.8/site-packages/airflow/example_dags/example_latest_only_with_trigger.py took 0.066 seconds
[2024-10-03T23:08:16.193+0100] {processor.py:186} INFO - Started process (PID=16578) to work on /opt/miniconda3/envs/airflow/lib/python3.8/site-packages/airflow/example_dags/example_latest_only_with_trigger.py
[2024-10-03T23:08:16.194+0100] {processor.py:914} INFO - Processing file /opt/miniconda3/envs/airflow/lib/python3.8/site-packages/airflow/example_dags/example_latest_only_with_trigger.py for tasks to queue
[2024-10-03T23:08:16.194+0100] {logging_mixin.py:190} INFO - [2024-10-03T23:08:16.194+0100] {dagbag.py:588} INFO - Filling up the DagBag from /opt/miniconda3/envs/airflow/lib/python3.8/site-packages/airflow/example_dags/example_latest_only_with_trigger.py
[2024-10-03T23:08:16.213+0100] {processor.py:925} INFO - DAG(s) 'latest_only_with_trigger' retrieved from /opt/miniconda3/envs/airflow/lib/python3.8/site-packages/airflow/example_dags/example_latest_only_with_trigger.py
[2024-10-03T23:08:16.248+0100] {logging_mixin.py:190} INFO - [2024-10-03T23:08:16.248+0100] {dag.py:3239} INFO - Sync 1 DAGs
[2024-10-03T23:08:16.253+0100] {logging_mixin.py:190} INFO - [2024-10-03T23:08:16.253+0100] {dag.py:4180} INFO - Setting next_dagrun for latest_only_with_trigger to 2024-10-03 16:00:00+00:00, run_after=2024-10-03 20:00:00+00:00
[2024-10-03T23:08:16.259+0100] {processor.py:208} INFO - Processing /opt/miniconda3/envs/airflow/lib/python3.8/site-packages/airflow/example_dags/example_latest_only_with_trigger.py took 0.067 seconds
[2024-10-03T23:10:11.700+0100] {processor.py:186} INFO - Started process (PID=16743) to work on /opt/miniconda3/envs/airflow/lib/python3.8/site-packages/airflow/example_dags/example_latest_only_with_trigger.py
[2024-10-03T23:10:11.701+0100] {processor.py:914} INFO - Processing file /opt/miniconda3/envs/airflow/lib/python3.8/site-packages/airflow/example_dags/example_latest_only_with_trigger.py for tasks to queue
[2024-10-03T23:10:11.702+0100] {logging_mixin.py:190} INFO - [2024-10-03T23:10:11.702+0100] {dagbag.py:588} INFO - Filling up the DagBag from /opt/miniconda3/envs/airflow/lib/python3.8/site-packages/airflow/example_dags/example_latest_only_with_trigger.py
[2024-10-03T23:10:11.721+0100] {processor.py:925} INFO - DAG(s) 'latest_only_with_trigger' retrieved from /opt/miniconda3/envs/airflow/lib/python3.8/site-packages/airflow/example_dags/example_latest_only_with_trigger.py
[2024-10-03T23:10:11.754+0100] {logging_mixin.py:190} INFO - [2024-10-03T23:10:11.754+0100] {dag.py:3239} INFO - Sync 1 DAGs
[2024-10-03T23:10:11.759+0100] {logging_mixin.py:190} INFO - [2024-10-03T23:10:11.759+0100] {dag.py:4180} INFO - Setting next_dagrun for latest_only_with_trigger to 2024-10-03 16:00:00+00:00, run_after=2024-10-03 20:00:00+00:00
[2024-10-03T23:10:11.764+0100] {processor.py:208} INFO - Processing /opt/miniconda3/envs/airflow/lib/python3.8/site-packages/airflow/example_dags/example_latest_only_with_trigger.py took 0.066 seconds
[2024-10-03T23:34:18.557+0100] {processor.py:186} INFO - Started process (PID=16919) to work on /opt/miniconda3/envs/airflow/lib/python3.8/site-packages/airflow/example_dags/example_latest_only_with_trigger.py
[2024-10-03T23:34:18.558+0100] {processor.py:914} INFO - Processing file /opt/miniconda3/envs/airflow/lib/python3.8/site-packages/airflow/example_dags/example_latest_only_with_trigger.py for tasks to queue
[2024-10-03T23:34:18.558+0100] {logging_mixin.py:190} INFO - [2024-10-03T23:34:18.558+0100] {dagbag.py:588} INFO - Filling up the DagBag from /opt/miniconda3/envs/airflow/lib/python3.8/site-packages/airflow/example_dags/example_latest_only_with_trigger.py
[2024-10-03T23:34:18.577+0100] {processor.py:925} INFO - DAG(s) 'latest_only_with_trigger' retrieved from /opt/miniconda3/envs/airflow/lib/python3.8/site-packages/airflow/example_dags/example_latest_only_with_trigger.py
[2024-10-03T23:34:18.609+0100] {logging_mixin.py:190} INFO - [2024-10-03T23:34:18.609+0100] {dag.py:3239} INFO - Sync 1 DAGs
[2024-10-03T23:34:18.614+0100] {logging_mixin.py:190} INFO - [2024-10-03T23:34:18.614+0100] {dag.py:4180} INFO - Setting next_dagrun for latest_only_with_trigger to 2024-10-03 16:00:00+00:00, run_after=2024-10-03 20:00:00+00:00
[2024-10-03T23:34:18.620+0100] {processor.py:208} INFO - Processing /opt/miniconda3/envs/airflow/lib/python3.8/site-packages/airflow/example_dags/example_latest_only_with_trigger.py took 0.064 seconds
[2024-10-03T23:36:15.914+0100] {processor.py:186} INFO - Started process (PID=17070) to work on /opt/miniconda3/envs/airflow/lib/python3.8/site-packages/airflow/example_dags/example_latest_only_with_trigger.py
[2024-10-03T23:36:15.914+0100] {processor.py:914} INFO - Processing file /opt/miniconda3/envs/airflow/lib/python3.8/site-packages/airflow/example_dags/example_latest_only_with_trigger.py for tasks to queue
[2024-10-03T23:36:15.915+0100] {logging_mixin.py:190} INFO - [2024-10-03T23:36:15.915+0100] {dagbag.py:588} INFO - Filling up the DagBag from /opt/miniconda3/envs/airflow/lib/python3.8/site-packages/airflow/example_dags/example_latest_only_with_trigger.py
[2024-10-03T23:36:15.933+0100] {processor.py:925} INFO - DAG(s) 'latest_only_with_trigger' retrieved from /opt/miniconda3/envs/airflow/lib/python3.8/site-packages/airflow/example_dags/example_latest_only_with_trigger.py
[2024-10-03T23:36:15.965+0100] {logging_mixin.py:190} INFO - [2024-10-03T23:36:15.965+0100] {dag.py:3239} INFO - Sync 1 DAGs
[2024-10-03T23:36:15.970+0100] {logging_mixin.py:190} INFO - [2024-10-03T23:36:15.970+0100] {dag.py:4180} INFO - Setting next_dagrun for latest_only_with_trigger to 2024-10-03 16:00:00+00:00, run_after=2024-10-03 20:00:00+00:00
[2024-10-03T23:36:15.976+0100] {processor.py:208} INFO - Processing /opt/miniconda3/envs/airflow/lib/python3.8/site-packages/airflow/example_dags/example_latest_only_with_trigger.py took 0.063 seconds
[2024-10-04T00:01:06.626+0100] {processor.py:186} INFO - Started process (PID=17263) to work on /opt/miniconda3/envs/airflow/lib/python3.8/site-packages/airflow/example_dags/example_latest_only_with_trigger.py
[2024-10-04T00:01:06.626+0100] {processor.py:914} INFO - Processing file /opt/miniconda3/envs/airflow/lib/python3.8/site-packages/airflow/example_dags/example_latest_only_with_trigger.py for tasks to queue
[2024-10-04T00:01:06.627+0100] {logging_mixin.py:190} INFO - [2024-10-04T00:01:06.626+0100] {dagbag.py:588} INFO - Filling up the DagBag from /opt/miniconda3/envs/airflow/lib/python3.8/site-packages/airflow/example_dags/example_latest_only_with_trigger.py
[2024-10-04T00:01:06.645+0100] {processor.py:925} INFO - DAG(s) 'latest_only_with_trigger' retrieved from /opt/miniconda3/envs/airflow/lib/python3.8/site-packages/airflow/example_dags/example_latest_only_with_trigger.py
[2024-10-04T00:01:06.677+0100] {logging_mixin.py:190} INFO - [2024-10-04T00:01:06.677+0100] {dag.py:3239} INFO - Sync 1 DAGs
[2024-10-04T00:01:06.683+0100] {logging_mixin.py:190} INFO - [2024-10-04T00:01:06.683+0100] {dag.py:4180} INFO - Setting next_dagrun for latest_only_with_trigger to 2024-10-03 16:00:00+00:00, run_after=2024-10-03 20:00:00+00:00
[2024-10-04T00:01:06.688+0100] {processor.py:208} INFO - Processing /opt/miniconda3/envs/airflow/lib/python3.8/site-packages/airflow/example_dags/example_latest_only_with_trigger.py took 0.063 seconds
