[2024-10-03T23:04:14.690+0100] {processor.py:186} INFO - Started process (PID=16215) to work on /opt/miniconda3/envs/airflow/lib/python3.8/site-packages/airflow/example_dags/example_sla_dag.py
[2024-10-03T23:04:14.690+0100] {processor.py:914} INFO - Processing file /opt/miniconda3/envs/airflow/lib/python3.8/site-packages/airflow/example_dags/example_sla_dag.py for tasks to queue
[2024-10-03T23:04:14.691+0100] {logging_mixin.py:190} INFO - [2024-10-03T23:04:14.691+0100] {dagbag.py:588} INFO - Filling up the DagBag from /opt/miniconda3/envs/airflow/lib/python3.8/site-packages/airflow/example_dags/example_sla_dag.py
[2024-10-03T23:04:14.720+0100] {processor.py:925} INFO - DAG(s) 'example_sla_dag' retrieved from /opt/miniconda3/envs/airflow/lib/python3.8/site-packages/airflow/example_dags/example_sla_dag.py
[2024-10-03T23:04:14.779+0100] {logging_mixin.py:190} INFO - [2024-10-03T23:04:14.778+0100] {override.py:1900} INFO - Created Permission View: can edit on DAG:example_sla_dag
[2024-10-03T23:04:14.781+0100] {logging_mixin.py:190} INFO - [2024-10-03T23:04:14.781+0100] {override.py:1900} INFO - Created Permission View: can read on DAG:example_sla_dag
[2024-10-03T23:04:14.783+0100] {logging_mixin.py:190} INFO - [2024-10-03T23:04:14.783+0100] {override.py:1900} INFO - Created Permission View: can delete on DAG:example_sla_dag
[2024-10-03T23:04:14.785+0100] {logging_mixin.py:190} INFO - [2024-10-03T23:04:14.785+0100] {override.py:1900} INFO - Created Permission View: menu access on DAG Run:example_sla_dag
[2024-10-03T23:04:14.786+0100] {logging_mixin.py:190} INFO - [2024-10-03T23:04:14.786+0100] {override.py:1900} INFO - Created Permission View: can delete on DAG Run:example_sla_dag
[2024-10-03T23:04:14.788+0100] {logging_mixin.py:190} INFO - [2024-10-03T23:04:14.788+0100] {override.py:1900} INFO - Created Permission View: can create on DAG Run:example_sla_dag
[2024-10-03T23:04:14.789+0100] {logging_mixin.py:190} INFO - [2024-10-03T23:04:14.789+0100] {override.py:1900} INFO - Created Permission View: can read on DAG Run:example_sla_dag
[2024-10-03T23:04:14.790+0100] {logging_mixin.py:190} INFO - [2024-10-03T23:04:14.789+0100] {dag.py:3239} INFO - Sync 1 DAGs
[2024-10-03T23:04:14.793+0100] {logging_mixin.py:190} INFO - [2024-10-03T23:04:14.793+0100] {dag.py:3262} INFO - Creating ORM DAG for example_sla_dag
[2024-10-03T23:04:14.797+0100] {logging_mixin.py:190} INFO - [2024-10-03T23:04:14.797+0100] {dag.py:4180} INFO - Setting next_dagrun for example_sla_dag to 2024-10-03 22:02:00+00:00, run_after=2024-10-03 22:04:00+00:00
[2024-10-03T23:04:14.802+0100] {processor.py:208} INFO - Processing /opt/miniconda3/envs/airflow/lib/python3.8/site-packages/airflow/example_dags/example_sla_dag.py took 0.113 seconds
[2024-10-03T23:05:48.625+0100] {processor.py:186} INFO - Started process (PID=16366) to work on /opt/miniconda3/envs/airflow/lib/python3.8/site-packages/airflow/example_dags/example_sla_dag.py
[2024-10-03T23:05:48.626+0100] {processor.py:914} INFO - Processing file /opt/miniconda3/envs/airflow/lib/python3.8/site-packages/airflow/example_dags/example_sla_dag.py for tasks to queue
[2024-10-03T23:05:48.627+0100] {logging_mixin.py:190} INFO - [2024-10-03T23:05:48.627+0100] {dagbag.py:588} INFO - Filling up the DagBag from /opt/miniconda3/envs/airflow/lib/python3.8/site-packages/airflow/example_dags/example_sla_dag.py
[2024-10-03T23:05:48.655+0100] {processor.py:925} INFO - DAG(s) 'example_sla_dag' retrieved from /opt/miniconda3/envs/airflow/lib/python3.8/site-packages/airflow/example_dags/example_sla_dag.py
[2024-10-03T23:05:48.687+0100] {logging_mixin.py:190} INFO - [2024-10-03T23:05:48.686+0100] {dag.py:3239} INFO - Sync 1 DAGs
[2024-10-03T23:05:48.694+0100] {logging_mixin.py:190} INFO - [2024-10-03T23:05:48.694+0100] {dag.py:4180} INFO - Setting next_dagrun for example_sla_dag to 2024-10-03 22:02:00+00:00, run_after=2024-10-03 22:04:00+00:00
[2024-10-03T23:05:48.699+0100] {processor.py:208} INFO - Processing /opt/miniconda3/envs/airflow/lib/python3.8/site-packages/airflow/example_dags/example_sla_dag.py took 0.076 seconds
[2024-10-03T23:06:52.755+0100] {processor.py:186} INFO - Started process (PID=16455) to work on /opt/miniconda3/envs/airflow/lib/python3.8/site-packages/airflow/example_dags/example_sla_dag.py
[2024-10-03T23:06:52.756+0100] {processor.py:914} INFO - Processing file /opt/miniconda3/envs/airflow/lib/python3.8/site-packages/airflow/example_dags/example_sla_dag.py for tasks to queue
[2024-10-03T23:06:52.756+0100] {logging_mixin.py:190} INFO - [2024-10-03T23:06:52.756+0100] {dagbag.py:588} INFO - Filling up the DagBag from /opt/miniconda3/envs/airflow/lib/python3.8/site-packages/airflow/example_dags/example_sla_dag.py
[2024-10-03T23:06:52.785+0100] {processor.py:925} INFO - DAG(s) 'example_sla_dag' retrieved from /opt/miniconda3/envs/airflow/lib/python3.8/site-packages/airflow/example_dags/example_sla_dag.py
[2024-10-03T23:06:52.817+0100] {logging_mixin.py:190} INFO - [2024-10-03T23:06:52.817+0100] {dag.py:3239} INFO - Sync 1 DAGs
[2024-10-03T23:06:52.824+0100] {logging_mixin.py:190} INFO - [2024-10-03T23:06:52.824+0100] {dag.py:4180} INFO - Setting next_dagrun for example_sla_dag to 2024-10-03 22:04:00+00:00, run_after=2024-10-03 22:06:00+00:00
[2024-10-03T23:06:52.829+0100] {processor.py:208} INFO - Processing /opt/miniconda3/envs/airflow/lib/python3.8/site-packages/airflow/example_dags/example_sla_dag.py took 0.076 seconds
[2024-10-03T23:07:53.458+0100] {processor.py:186} INFO - Started process (PID=16548) to work on /opt/miniconda3/envs/airflow/lib/python3.8/site-packages/airflow/example_dags/example_sla_dag.py
[2024-10-03T23:07:53.459+0100] {processor.py:914} INFO - Processing file /opt/miniconda3/envs/airflow/lib/python3.8/site-packages/airflow/example_dags/example_sla_dag.py for tasks to queue
[2024-10-03T23:07:53.459+0100] {logging_mixin.py:190} INFO - [2024-10-03T23:07:53.459+0100] {dagbag.py:588} INFO - Filling up the DagBag from /opt/miniconda3/envs/airflow/lib/python3.8/site-packages/airflow/example_dags/example_sla_dag.py
[2024-10-03T23:07:53.487+0100] {processor.py:925} INFO - DAG(s) 'example_sla_dag' retrieved from /opt/miniconda3/envs/airflow/lib/python3.8/site-packages/airflow/example_dags/example_sla_dag.py
[2024-10-03T23:07:53.518+0100] {logging_mixin.py:190} INFO - [2024-10-03T23:07:53.518+0100] {dag.py:3239} INFO - Sync 1 DAGs
[2024-10-03T23:07:53.525+0100] {logging_mixin.py:190} INFO - [2024-10-03T23:07:53.525+0100] {dag.py:4180} INFO - Setting next_dagrun for example_sla_dag to 2024-10-03 22:04:00+00:00, run_after=2024-10-03 22:06:00+00:00
[2024-10-03T23:07:53.531+0100] {processor.py:208} INFO - Processing /opt/miniconda3/envs/airflow/lib/python3.8/site-packages/airflow/example_dags/example_sla_dag.py took 0.075 seconds
[2024-10-03T23:09:45.843+0100] {processor.py:186} INFO - Started process (PID=16709) to work on /opt/miniconda3/envs/airflow/lib/python3.8/site-packages/airflow/example_dags/example_sla_dag.py
[2024-10-03T23:09:45.843+0100] {processor.py:914} INFO - Processing file /opt/miniconda3/envs/airflow/lib/python3.8/site-packages/airflow/example_dags/example_sla_dag.py for tasks to queue
[2024-10-03T23:09:45.843+0100] {logging_mixin.py:190} INFO - [2024-10-03T23:09:45.843+0100] {dagbag.py:588} INFO - Filling up the DagBag from /opt/miniconda3/envs/airflow/lib/python3.8/site-packages/airflow/example_dags/example_sla_dag.py
[2024-10-03T23:09:45.870+0100] {processor.py:925} INFO - DAG(s) 'example_sla_dag' retrieved from /opt/miniconda3/envs/airflow/lib/python3.8/site-packages/airflow/example_dags/example_sla_dag.py
[2024-10-03T23:09:45.904+0100] {logging_mixin.py:190} INFO - [2024-10-03T23:09:45.904+0100] {dag.py:3239} INFO - Sync 1 DAGs
[2024-10-03T23:09:45.911+0100] {logging_mixin.py:190} INFO - [2024-10-03T23:09:45.911+0100] {dag.py:4180} INFO - Setting next_dagrun for example_sla_dag to 2024-10-03 22:06:00+00:00, run_after=2024-10-03 22:08:00+00:00
[2024-10-03T23:09:45.916+0100] {processor.py:208} INFO - Processing /opt/miniconda3/envs/airflow/lib/python3.8/site-packages/airflow/example_dags/example_sla_dag.py took 0.075 seconds
[2024-10-03T23:10:51.110+0100] {processor.py:186} INFO - Started process (PID=16789) to work on /opt/miniconda3/envs/airflow/lib/python3.8/site-packages/airflow/example_dags/example_sla_dag.py
[2024-10-03T23:10:51.111+0100] {processor.py:914} INFO - Processing file /opt/miniconda3/envs/airflow/lib/python3.8/site-packages/airflow/example_dags/example_sla_dag.py for tasks to queue
[2024-10-03T23:10:51.111+0100] {logging_mixin.py:190} INFO - [2024-10-03T23:10:51.111+0100] {dagbag.py:588} INFO - Filling up the DagBag from /opt/miniconda3/envs/airflow/lib/python3.8/site-packages/airflow/example_dags/example_sla_dag.py
[2024-10-03T23:10:51.139+0100] {processor.py:925} INFO - DAG(s) 'example_sla_dag' retrieved from /opt/miniconda3/envs/airflow/lib/python3.8/site-packages/airflow/example_dags/example_sla_dag.py
[2024-10-03T23:10:51.172+0100] {logging_mixin.py:190} INFO - [2024-10-03T23:10:51.172+0100] {dag.py:3239} INFO - Sync 1 DAGs
[2024-10-03T23:10:51.231+0100] {logging_mixin.py:190} INFO - [2024-10-03T23:10:51.231+0100] {dag.py:4180} INFO - Setting next_dagrun for example_sla_dag to 2024-10-03 22:08:00+00:00, run_after=2024-10-03 22:10:00+00:00
[2024-10-03T23:10:51.241+0100] {processor.py:208} INFO - Processing /opt/miniconda3/envs/airflow/lib/python3.8/site-packages/airflow/example_dags/example_sla_dag.py took 0.133 seconds
[2024-10-03T23:33:53.743+0100] {processor.py:186} INFO - Started process (PID=16884) to work on /opt/miniconda3/envs/airflow/lib/python3.8/site-packages/airflow/example_dags/example_sla_dag.py
[2024-10-03T23:33:53.744+0100] {processor.py:914} INFO - Processing file /opt/miniconda3/envs/airflow/lib/python3.8/site-packages/airflow/example_dags/example_sla_dag.py for tasks to queue
[2024-10-03T23:33:53.745+0100] {logging_mixin.py:190} INFO - [2024-10-03T23:33:53.745+0100] {dagbag.py:588} INFO - Filling up the DagBag from /opt/miniconda3/envs/airflow/lib/python3.8/site-packages/airflow/example_dags/example_sla_dag.py
[2024-10-03T23:33:53.772+0100] {processor.py:925} INFO - DAG(s) 'example_sla_dag' retrieved from /opt/miniconda3/envs/airflow/lib/python3.8/site-packages/airflow/example_dags/example_sla_dag.py
[2024-10-03T23:33:53.804+0100] {logging_mixin.py:190} INFO - [2024-10-03T23:33:53.804+0100] {dag.py:3239} INFO - Sync 1 DAGs
[2024-10-03T23:33:53.811+0100] {logging_mixin.py:190} INFO - [2024-10-03T23:33:53.811+0100] {dag.py:4180} INFO - Setting next_dagrun for example_sla_dag to 2024-10-03 22:30:00+00:00, run_after=2024-10-03 22:32:00+00:00
[2024-10-03T23:33:53.817+0100] {processor.py:208} INFO - Processing /opt/miniconda3/envs/airflow/lib/python3.8/site-packages/airflow/example_dags/example_sla_dag.py took 0.075 seconds
[2024-10-03T23:34:54.451+0100] {processor.py:186} INFO - Started process (PID=16965) to work on /opt/miniconda3/envs/airflow/lib/python3.8/site-packages/airflow/example_dags/example_sla_dag.py
[2024-10-03T23:34:54.452+0100] {processor.py:914} INFO - Processing file /opt/miniconda3/envs/airflow/lib/python3.8/site-packages/airflow/example_dags/example_sla_dag.py for tasks to queue
[2024-10-03T23:34:54.452+0100] {logging_mixin.py:190} INFO - [2024-10-03T23:34:54.452+0100] {dagbag.py:588} INFO - Filling up the DagBag from /opt/miniconda3/envs/airflow/lib/python3.8/site-packages/airflow/example_dags/example_sla_dag.py
[2024-10-03T23:34:54.479+0100] {processor.py:925} INFO - DAG(s) 'example_sla_dag' retrieved from /opt/miniconda3/envs/airflow/lib/python3.8/site-packages/airflow/example_dags/example_sla_dag.py
[2024-10-03T23:34:54.510+0100] {logging_mixin.py:190} INFO - [2024-10-03T23:34:54.510+0100] {dag.py:3239} INFO - Sync 1 DAGs
[2024-10-03T23:34:54.518+0100] {logging_mixin.py:190} INFO - [2024-10-03T23:34:54.518+0100] {dag.py:4180} INFO - Setting next_dagrun for example_sla_dag to 2024-10-03 22:32:00+00:00, run_after=2024-10-03 22:34:00+00:00
[2024-10-03T23:34:54.523+0100] {processor.py:208} INFO - Processing /opt/miniconda3/envs/airflow/lib/python3.8/site-packages/airflow/example_dags/example_sla_dag.py took 0.074 seconds
[2024-10-03T23:39:48.873+0100] {processor.py:186} INFO - Started process (PID=17121) to work on /opt/miniconda3/envs/airflow/lib/python3.8/site-packages/airflow/example_dags/example_sla_dag.py
[2024-10-03T23:39:48.873+0100] {processor.py:914} INFO - Processing file /opt/miniconda3/envs/airflow/lib/python3.8/site-packages/airflow/example_dags/example_sla_dag.py for tasks to queue
[2024-10-03T23:39:48.874+0100] {logging_mixin.py:190} INFO - [2024-10-03T23:39:48.874+0100] {dagbag.py:588} INFO - Filling up the DagBag from /opt/miniconda3/envs/airflow/lib/python3.8/site-packages/airflow/example_dags/example_sla_dag.py
[2024-10-03T23:39:48.901+0100] {processor.py:925} INFO - DAG(s) 'example_sla_dag' retrieved from /opt/miniconda3/envs/airflow/lib/python3.8/site-packages/airflow/example_dags/example_sla_dag.py
[2024-10-03T23:39:48.932+0100] {logging_mixin.py:190} INFO - [2024-10-03T23:39:48.932+0100] {dag.py:3239} INFO - Sync 1 DAGs
[2024-10-03T23:39:48.939+0100] {logging_mixin.py:190} INFO - [2024-10-03T23:39:48.939+0100] {dag.py:4180} INFO - Setting next_dagrun for example_sla_dag to 2024-10-03 22:36:00+00:00, run_after=2024-10-03 22:38:00+00:00
[2024-10-03T23:39:48.944+0100] {processor.py:208} INFO - Processing /opt/miniconda3/envs/airflow/lib/python3.8/site-packages/airflow/example_dags/example_sla_dag.py took 0.073 seconds
[2024-10-03T23:49:16.812+0100] {processor.py:186} INFO - Started process (PID=17207) to work on /opt/miniconda3/envs/airflow/lib/python3.8/site-packages/airflow/example_dags/example_sla_dag.py
[2024-10-03T23:49:16.812+0100] {processor.py:914} INFO - Processing file /opt/miniconda3/envs/airflow/lib/python3.8/site-packages/airflow/example_dags/example_sla_dag.py for tasks to queue
[2024-10-03T23:49:16.812+0100] {logging_mixin.py:190} INFO - [2024-10-03T23:49:16.812+0100] {dagbag.py:588} INFO - Filling up the DagBag from /opt/miniconda3/envs/airflow/lib/python3.8/site-packages/airflow/example_dags/example_sla_dag.py
[2024-10-03T23:49:16.840+0100] {processor.py:925} INFO - DAG(s) 'example_sla_dag' retrieved from /opt/miniconda3/envs/airflow/lib/python3.8/site-packages/airflow/example_dags/example_sla_dag.py
[2024-10-03T23:49:16.872+0100] {logging_mixin.py:190} INFO - [2024-10-03T23:49:16.872+0100] {dag.py:3239} INFO - Sync 1 DAGs
[2024-10-03T23:49:16.878+0100] {logging_mixin.py:190} INFO - [2024-10-03T23:49:16.878+0100] {dag.py:4180} INFO - Setting next_dagrun for example_sla_dag to 2024-10-03 22:46:00+00:00, run_after=2024-10-03 22:48:00+00:00
[2024-10-03T23:49:16.884+0100] {processor.py:208} INFO - Processing /opt/miniconda3/envs/airflow/lib/python3.8/site-packages/airflow/example_dags/example_sla_dag.py took 0.074 seconds
