[2024-10-03T23:05:12.122+0100] {processor.py:186} INFO - Started process (PID=16307) to work on /opt/miniconda3/envs/airflow/lib/python3.8/site-packages/airflow/example_dags/example_branch_datetime_operator.py
[2024-10-03T23:05:12.122+0100] {processor.py:914} INFO - Processing file /opt/miniconda3/envs/airflow/lib/python3.8/site-packages/airflow/example_dags/example_branch_datetime_operator.py for tasks to queue
[2024-10-03T23:05:12.123+0100] {logging_mixin.py:190} INFO - [2024-10-03T23:05:12.123+0100] {dagbag.py:588} INFO - Filling up the DagBag from /opt/miniconda3/envs/airflow/lib/python3.8/site-packages/airflow/example_dags/example_branch_datetime_operator.py
[2024-10-03T23:05:12.145+0100] {processor.py:925} INFO - DAG(s) 'example_branch_datetime_operator_3', 'example_branch_datetime_operator', 'example_branch_datetime_operator_2' retrieved from /opt/miniconda3/envs/airflow/lib/python3.8/site-packages/airflow/example_dags/example_branch_datetime_operator.py
[2024-10-03T23:05:12.207+0100] {logging_mixin.py:190} INFO - [2024-10-03T23:05:12.206+0100] {override.py:1900} INFO - Created Permission View: can delete on DAG:example_branch_datetime_operator_3
[2024-10-03T23:05:12.209+0100] {logging_mixin.py:190} INFO - [2024-10-03T23:05:12.209+0100] {override.py:1900} INFO - Created Permission View: can read on DAG:example_branch_datetime_operator_3
[2024-10-03T23:05:12.211+0100] {logging_mixin.py:190} INFO - [2024-10-03T23:05:12.211+0100] {override.py:1900} INFO - Created Permission View: can edit on DAG:example_branch_datetime_operator_3
[2024-10-03T23:05:12.213+0100] {logging_mixin.py:190} INFO - [2024-10-03T23:05:12.213+0100] {override.py:1900} INFO - Created Permission View: can delete on DAG Run:example_branch_datetime_operator_3
[2024-10-03T23:05:12.215+0100] {logging_mixin.py:190} INFO - [2024-10-03T23:05:12.215+0100] {override.py:1900} INFO - Created Permission View: can read on DAG Run:example_branch_datetime_operator_3
[2024-10-03T23:05:12.216+0100] {logging_mixin.py:190} INFO - [2024-10-03T23:05:12.216+0100] {override.py:1900} INFO - Created Permission View: can create on DAG Run:example_branch_datetime_operator_3
[2024-10-03T23:05:12.218+0100] {logging_mixin.py:190} INFO - [2024-10-03T23:05:12.218+0100] {override.py:1900} INFO - Created Permission View: menu access on DAG Run:example_branch_datetime_operator_3
[2024-10-03T23:05:12.221+0100] {logging_mixin.py:190} INFO - [2024-10-03T23:05:12.221+0100] {override.py:1900} INFO - Created Permission View: can delete on DAG:example_branch_datetime_operator
[2024-10-03T23:05:12.223+0100] {logging_mixin.py:190} INFO - [2024-10-03T23:05:12.223+0100] {override.py:1900} INFO - Created Permission View: can read on DAG:example_branch_datetime_operator
[2024-10-03T23:05:12.225+0100] {logging_mixin.py:190} INFO - [2024-10-03T23:05:12.224+0100] {override.py:1900} INFO - Created Permission View: can edit on DAG:example_branch_datetime_operator
[2024-10-03T23:05:12.226+0100] {logging_mixin.py:190} INFO - [2024-10-03T23:05:12.226+0100] {override.py:1900} INFO - Created Permission View: can delete on DAG Run:example_branch_datetime_operator
[2024-10-03T23:05:12.228+0100] {logging_mixin.py:190} INFO - [2024-10-03T23:05:12.228+0100] {override.py:1900} INFO - Created Permission View: can read on DAG Run:example_branch_datetime_operator
[2024-10-03T23:05:12.229+0100] {logging_mixin.py:190} INFO - [2024-10-03T23:05:12.229+0100] {override.py:1900} INFO - Created Permission View: can create on DAG Run:example_branch_datetime_operator
[2024-10-03T23:05:12.231+0100] {logging_mixin.py:190} INFO - [2024-10-03T23:05:12.231+0100] {override.py:1900} INFO - Created Permission View: menu access on DAG Run:example_branch_datetime_operator
[2024-10-03T23:05:12.234+0100] {logging_mixin.py:190} INFO - [2024-10-03T23:05:12.234+0100] {override.py:1900} INFO - Created Permission View: can delete on DAG:example_branch_datetime_operator_2
[2024-10-03T23:05:12.236+0100] {logging_mixin.py:190} INFO - [2024-10-03T23:05:12.236+0100] {override.py:1900} INFO - Created Permission View: can read on DAG:example_branch_datetime_operator_2
[2024-10-03T23:05:12.237+0100] {logging_mixin.py:190} INFO - [2024-10-03T23:05:12.237+0100] {override.py:1900} INFO - Created Permission View: can edit on DAG:example_branch_datetime_operator_2
[2024-10-03T23:05:12.239+0100] {logging_mixin.py:190} INFO - [2024-10-03T23:05:12.239+0100] {override.py:1900} INFO - Created Permission View: can delete on DAG Run:example_branch_datetime_operator_2
[2024-10-03T23:05:12.241+0100] {logging_mixin.py:190} INFO - [2024-10-03T23:05:12.241+0100] {override.py:1900} INFO - Created Permission View: can read on DAG Run:example_branch_datetime_operator_2
[2024-10-03T23:05:12.242+0100] {logging_mixin.py:190} INFO - [2024-10-03T23:05:12.242+0100] {override.py:1900} INFO - Created Permission View: can create on DAG Run:example_branch_datetime_operator_2
[2024-10-03T23:05:12.244+0100] {logging_mixin.py:190} INFO - [2024-10-03T23:05:12.244+0100] {override.py:1900} INFO - Created Permission View: menu access on DAG Run:example_branch_datetime_operator_2
[2024-10-03T23:05:12.244+0100] {logging_mixin.py:190} INFO - [2024-10-03T23:05:12.244+0100] {dag.py:3239} INFO - Sync 3 DAGs
[2024-10-03T23:05:12.247+0100] {logging_mixin.py:190} INFO - [2024-10-03T23:05:12.247+0100] {dag.py:3262} INFO - Creating ORM DAG for example_branch_datetime_operator_3
[2024-10-03T23:05:12.248+0100] {logging_mixin.py:190} INFO - [2024-10-03T23:05:12.248+0100] {dag.py:3262} INFO - Creating ORM DAG for example_branch_datetime_operator_2
[2024-10-03T23:05:12.248+0100] {logging_mixin.py:190} INFO - [2024-10-03T23:05:12.248+0100] {dag.py:3262} INFO - Creating ORM DAG for example_branch_datetime_operator
[2024-10-03T23:05:12.250+0100] {logging_mixin.py:190} INFO - [2024-10-03T23:05:12.250+0100] {dag.py:4180} INFO - Setting next_dagrun for example_branch_datetime_operator to 2024-10-02 00:00:00+00:00, run_after=2024-10-03 00:00:00+00:00
[2024-10-03T23:05:12.251+0100] {logging_mixin.py:190} INFO - [2024-10-03T23:05:12.251+0100] {dag.py:4180} INFO - Setting next_dagrun for example_branch_datetime_operator_2 to 2024-10-02 00:00:00+00:00, run_after=2024-10-03 00:00:00+00:00
[2024-10-03T23:05:12.252+0100] {logging_mixin.py:190} INFO - [2024-10-03T23:05:12.252+0100] {dag.py:4180} INFO - Setting next_dagrun for example_branch_datetime_operator_3 to 2024-10-02 00:00:00+00:00, run_after=2024-10-03 00:00:00+00:00
[2024-10-03T23:05:12.257+0100] {processor.py:208} INFO - Processing /opt/miniconda3/envs/airflow/lib/python3.8/site-packages/airflow/example_dags/example_branch_datetime_operator.py took 0.136 seconds
[2024-10-03T23:07:18.851+0100] {processor.py:186} INFO - Started process (PID=16488) to work on /opt/miniconda3/envs/airflow/lib/python3.8/site-packages/airflow/example_dags/example_branch_datetime_operator.py
[2024-10-03T23:07:18.852+0100] {processor.py:914} INFO - Processing file /opt/miniconda3/envs/airflow/lib/python3.8/site-packages/airflow/example_dags/example_branch_datetime_operator.py for tasks to queue
[2024-10-03T23:07:18.852+0100] {logging_mixin.py:190} INFO - [2024-10-03T23:07:18.852+0100] {dagbag.py:588} INFO - Filling up the DagBag from /opt/miniconda3/envs/airflow/lib/python3.8/site-packages/airflow/example_dags/example_branch_datetime_operator.py
[2024-10-03T23:07:18.875+0100] {processor.py:925} INFO - DAG(s) 'example_branch_datetime_operator_3', 'example_branch_datetime_operator', 'example_branch_datetime_operator_2' retrieved from /opt/miniconda3/envs/airflow/lib/python3.8/site-packages/airflow/example_dags/example_branch_datetime_operator.py
[2024-10-03T23:07:18.910+0100] {logging_mixin.py:190} INFO - [2024-10-03T23:07:18.910+0100] {dag.py:3239} INFO - Sync 3 DAGs
[2024-10-03T23:07:18.916+0100] {logging_mixin.py:190} INFO - [2024-10-03T23:07:18.916+0100] {dag.py:4180} INFO - Setting next_dagrun for example_branch_datetime_operator to 2024-10-02 00:00:00+00:00, run_after=2024-10-03 00:00:00+00:00
[2024-10-03T23:07:18.917+0100] {logging_mixin.py:190} INFO - [2024-10-03T23:07:18.917+0100] {dag.py:4180} INFO - Setting next_dagrun for example_branch_datetime_operator_2 to 2024-10-02 00:00:00+00:00, run_after=2024-10-03 00:00:00+00:00
[2024-10-03T23:07:18.918+0100] {logging_mixin.py:190} INFO - [2024-10-03T23:07:18.918+0100] {dag.py:4180} INFO - Setting next_dagrun for example_branch_datetime_operator_3 to 2024-10-02 00:00:00+00:00, run_after=2024-10-03 00:00:00+00:00
[2024-10-03T23:07:18.923+0100] {processor.py:208} INFO - Processing /opt/miniconda3/envs/airflow/lib/python3.8/site-packages/airflow/example_dags/example_branch_datetime_operator.py took 0.074 seconds
[2024-10-03T23:09:12.034+0100] {processor.py:186} INFO - Started process (PID=16661) to work on /opt/miniconda3/envs/airflow/lib/python3.8/site-packages/airflow/example_dags/example_branch_datetime_operator.py
[2024-10-03T23:09:12.035+0100] {processor.py:914} INFO - Processing file /opt/miniconda3/envs/airflow/lib/python3.8/site-packages/airflow/example_dags/example_branch_datetime_operator.py for tasks to queue
[2024-10-03T23:09:12.036+0100] {logging_mixin.py:190} INFO - [2024-10-03T23:09:12.035+0100] {dagbag.py:588} INFO - Filling up the DagBag from /opt/miniconda3/envs/airflow/lib/python3.8/site-packages/airflow/example_dags/example_branch_datetime_operator.py
[2024-10-03T23:09:12.056+0100] {processor.py:925} INFO - DAG(s) 'example_branch_datetime_operator_3', 'example_branch_datetime_operator', 'example_branch_datetime_operator_2' retrieved from /opt/miniconda3/envs/airflow/lib/python3.8/site-packages/airflow/example_dags/example_branch_datetime_operator.py
[2024-10-03T23:09:12.090+0100] {logging_mixin.py:190} INFO - [2024-10-03T23:09:12.090+0100] {dag.py:3239} INFO - Sync 3 DAGs
[2024-10-03T23:09:12.096+0100] {logging_mixin.py:190} INFO - [2024-10-03T23:09:12.096+0100] {dag.py:4180} INFO - Setting next_dagrun for example_branch_datetime_operator to 2024-10-02 00:00:00+00:00, run_after=2024-10-03 00:00:00+00:00
[2024-10-03T23:09:12.097+0100] {logging_mixin.py:190} INFO - [2024-10-03T23:09:12.097+0100] {dag.py:4180} INFO - Setting next_dagrun for example_branch_datetime_operator_2 to 2024-10-02 00:00:00+00:00, run_after=2024-10-03 00:00:00+00:00
[2024-10-03T23:09:12.098+0100] {logging_mixin.py:190} INFO - [2024-10-03T23:09:12.098+0100] {dag.py:4180} INFO - Setting next_dagrun for example_branch_datetime_operator_3 to 2024-10-02 00:00:00+00:00, run_after=2024-10-03 00:00:00+00:00
[2024-10-03T23:09:12.103+0100] {processor.py:208} INFO - Processing /opt/miniconda3/envs/airflow/lib/python3.8/site-packages/airflow/example_dags/example_branch_datetime_operator.py took 0.070 seconds
[2024-10-03T23:11:20.642+0100] {processor.py:186} INFO - Started process (PID=16824) to work on /opt/miniconda3/envs/airflow/lib/python3.8/site-packages/airflow/example_dags/example_branch_datetime_operator.py
[2024-10-03T23:11:20.643+0100] {processor.py:914} INFO - Processing file /opt/miniconda3/envs/airflow/lib/python3.8/site-packages/airflow/example_dags/example_branch_datetime_operator.py for tasks to queue
[2024-10-03T23:11:20.643+0100] {logging_mixin.py:190} INFO - [2024-10-03T23:11:20.643+0100] {dagbag.py:588} INFO - Filling up the DagBag from /opt/miniconda3/envs/airflow/lib/python3.8/site-packages/airflow/example_dags/example_branch_datetime_operator.py
[2024-10-03T23:11:20.664+0100] {processor.py:925} INFO - DAG(s) 'example_branch_datetime_operator_2', 'example_branch_datetime_operator', 'example_branch_datetime_operator_3' retrieved from /opt/miniconda3/envs/airflow/lib/python3.8/site-packages/airflow/example_dags/example_branch_datetime_operator.py
[2024-10-03T23:11:20.698+0100] {logging_mixin.py:190} INFO - [2024-10-03T23:11:20.698+0100] {dag.py:3239} INFO - Sync 3 DAGs
[2024-10-03T23:11:20.704+0100] {logging_mixin.py:190} INFO - [2024-10-03T23:11:20.704+0100] {dag.py:4180} INFO - Setting next_dagrun for example_branch_datetime_operator to 2024-10-02 00:00:00+00:00, run_after=2024-10-03 00:00:00+00:00
[2024-10-03T23:11:20.705+0100] {logging_mixin.py:190} INFO - [2024-10-03T23:11:20.705+0100] {dag.py:4180} INFO - Setting next_dagrun for example_branch_datetime_operator_2 to 2024-10-02 00:00:00+00:00, run_after=2024-10-03 00:00:00+00:00
[2024-10-03T23:11:20.706+0100] {logging_mixin.py:190} INFO - [2024-10-03T23:11:20.706+0100] {dag.py:4180} INFO - Setting next_dagrun for example_branch_datetime_operator_3 to 2024-10-02 00:00:00+00:00, run_after=2024-10-03 00:00:00+00:00
[2024-10-03T23:11:20.711+0100] {processor.py:208} INFO - Processing /opt/miniconda3/envs/airflow/lib/python3.8/site-packages/airflow/example_dags/example_branch_datetime_operator.py took 0.071 seconds
[2024-10-03T23:35:17.585+0100] {processor.py:186} INFO - Started process (PID=16995) to work on /opt/miniconda3/envs/airflow/lib/python3.8/site-packages/airflow/example_dags/example_branch_datetime_operator.py
[2024-10-03T23:35:17.586+0100] {processor.py:914} INFO - Processing file /opt/miniconda3/envs/airflow/lib/python3.8/site-packages/airflow/example_dags/example_branch_datetime_operator.py for tasks to queue
[2024-10-03T23:35:17.587+0100] {logging_mixin.py:190} INFO - [2024-10-03T23:35:17.587+0100] {dagbag.py:588} INFO - Filling up the DagBag from /opt/miniconda3/envs/airflow/lib/python3.8/site-packages/airflow/example_dags/example_branch_datetime_operator.py
[2024-10-03T23:35:17.607+0100] {processor.py:925} INFO - DAG(s) 'example_branch_datetime_operator', 'example_branch_datetime_operator_2', 'example_branch_datetime_operator_3' retrieved from /opt/miniconda3/envs/airflow/lib/python3.8/site-packages/airflow/example_dags/example_branch_datetime_operator.py
[2024-10-03T23:35:17.641+0100] {logging_mixin.py:190} INFO - [2024-10-03T23:35:17.641+0100] {dag.py:3239} INFO - Sync 3 DAGs
[2024-10-03T23:35:17.647+0100] {logging_mixin.py:190} INFO - [2024-10-03T23:35:17.647+0100] {dag.py:4180} INFO - Setting next_dagrun for example_branch_datetime_operator to 2024-10-02 00:00:00+00:00, run_after=2024-10-03 00:00:00+00:00
[2024-10-03T23:35:17.648+0100] {logging_mixin.py:190} INFO - [2024-10-03T23:35:17.648+0100] {dag.py:4180} INFO - Setting next_dagrun for example_branch_datetime_operator_2 to 2024-10-02 00:00:00+00:00, run_after=2024-10-03 00:00:00+00:00
[2024-10-03T23:35:17.649+0100] {logging_mixin.py:190} INFO - [2024-10-03T23:35:17.649+0100] {dag.py:4180} INFO - Setting next_dagrun for example_branch_datetime_operator_3 to 2024-10-02 00:00:00+00:00, run_after=2024-10-03 00:00:00+00:00
[2024-10-03T23:35:17.653+0100] {processor.py:208} INFO - Processing /opt/miniconda3/envs/airflow/lib/python3.8/site-packages/airflow/example_dags/example_branch_datetime_operator.py took 0.070 seconds
[2024-10-03T23:42:10.304+0100] {processor.py:186} INFO - Started process (PID=17157) to work on /opt/miniconda3/envs/airflow/lib/python3.8/site-packages/airflow/example_dags/example_branch_datetime_operator.py
[2024-10-03T23:42:10.304+0100] {processor.py:914} INFO - Processing file /opt/miniconda3/envs/airflow/lib/python3.8/site-packages/airflow/example_dags/example_branch_datetime_operator.py for tasks to queue
[2024-10-03T23:42:10.304+0100] {logging_mixin.py:190} INFO - [2024-10-03T23:42:10.304+0100] {dagbag.py:588} INFO - Filling up the DagBag from /opt/miniconda3/envs/airflow/lib/python3.8/site-packages/airflow/example_dags/example_branch_datetime_operator.py
[2024-10-03T23:42:10.324+0100] {processor.py:925} INFO - DAG(s) 'example_branch_datetime_operator_2', 'example_branch_datetime_operator_3', 'example_branch_datetime_operator' retrieved from /opt/miniconda3/envs/airflow/lib/python3.8/site-packages/airflow/example_dags/example_branch_datetime_operator.py
[2024-10-03T23:42:10.359+0100] {logging_mixin.py:190} INFO - [2024-10-03T23:42:10.358+0100] {dag.py:3239} INFO - Sync 3 DAGs
[2024-10-03T23:42:10.364+0100] {logging_mixin.py:190} INFO - [2024-10-03T23:42:10.364+0100] {dag.py:4180} INFO - Setting next_dagrun for example_branch_datetime_operator to 2024-10-02 00:00:00+00:00, run_after=2024-10-03 00:00:00+00:00
[2024-10-03T23:42:10.366+0100] {logging_mixin.py:190} INFO - [2024-10-03T23:42:10.366+0100] {dag.py:4180} INFO - Setting next_dagrun for example_branch_datetime_operator_2 to 2024-10-02 00:00:00+00:00, run_after=2024-10-03 00:00:00+00:00
[2024-10-03T23:42:10.366+0100] {logging_mixin.py:190} INFO - [2024-10-03T23:42:10.366+0100] {dag.py:4180} INFO - Setting next_dagrun for example_branch_datetime_operator_3 to 2024-10-02 00:00:00+00:00, run_after=2024-10-03 00:00:00+00:00
[2024-10-03T23:42:10.371+0100] {processor.py:208} INFO - Processing /opt/miniconda3/envs/airflow/lib/python3.8/site-packages/airflow/example_dags/example_branch_datetime_operator.py took 0.069 seconds
