[2024-10-03T23:04:51.050+0100] {processor.py:186} INFO - Started process (PID=16274) to work on /opt/miniconda3/envs/airflow/lib/python3.8/site-packages/airflow/example_dags/example_dynamic_task_mapping.py
[2024-10-03T23:04:51.051+0100] {processor.py:914} INFO - Processing file /opt/miniconda3/envs/airflow/lib/python3.8/site-packages/airflow/example_dags/example_dynamic_task_mapping.py for tasks to queue
[2024-10-03T23:04:51.051+0100] {logging_mixin.py:190} INFO - [2024-10-03T23:04:51.051+0100] {dagbag.py:588} INFO - Filling up the DagBag from /opt/miniconda3/envs/airflow/lib/python3.8/site-packages/airflow/example_dags/example_dynamic_task_mapping.py
[2024-10-03T23:04:51.080+0100] {processor.py:925} INFO - DAG(s) 'example_dynamic_task_mapping' retrieved from /opt/miniconda3/envs/airflow/lib/python3.8/site-packages/airflow/example_dags/example_dynamic_task_mapping.py
[2024-10-03T23:04:51.139+0100] {logging_mixin.py:190} INFO - [2024-10-03T23:04:51.139+0100] {override.py:1900} INFO - Created Permission View: can read on DAG:example_dynamic_task_mapping
[2024-10-03T23:04:51.142+0100] {logging_mixin.py:190} INFO - [2024-10-03T23:04:51.142+0100] {override.py:1900} INFO - Created Permission View: can delete on DAG:example_dynamic_task_mapping
[2024-10-03T23:04:51.144+0100] {logging_mixin.py:190} INFO - [2024-10-03T23:04:51.144+0100] {override.py:1900} INFO - Created Permission View: can edit on DAG:example_dynamic_task_mapping
[2024-10-03T23:04:51.146+0100] {logging_mixin.py:190} INFO - [2024-10-03T23:04:51.146+0100] {override.py:1900} INFO - Created Permission View: can read on DAG Run:example_dynamic_task_mapping
[2024-10-03T23:04:51.147+0100] {logging_mixin.py:190} INFO - [2024-10-03T23:04:51.147+0100] {override.py:1900} INFO - Created Permission View: can create on DAG Run:example_dynamic_task_mapping
[2024-10-03T23:04:51.149+0100] {logging_mixin.py:190} INFO - [2024-10-03T23:04:51.149+0100] {override.py:1900} INFO - Created Permission View: can delete on DAG Run:example_dynamic_task_mapping
[2024-10-03T23:04:51.150+0100] {logging_mixin.py:190} INFO - [2024-10-03T23:04:51.150+0100] {override.py:1900} INFO - Created Permission View: menu access on DAG Run:example_dynamic_task_mapping
[2024-10-03T23:04:51.151+0100] {logging_mixin.py:190} INFO - [2024-10-03T23:04:51.150+0100] {dag.py:3239} INFO - Sync 1 DAGs
[2024-10-03T23:04:51.154+0100] {logging_mixin.py:190} INFO - [2024-10-03T23:04:51.154+0100] {dag.py:3262} INFO - Creating ORM DAG for example_dynamic_task_mapping
[2024-10-03T23:04:51.154+0100] {logging_mixin.py:190} INFO - [2024-10-03T23:04:51.154+0100] {dag.py:4180} INFO - Setting next_dagrun for example_dynamic_task_mapping to None, run_after=None
[2024-10-03T23:04:51.159+0100] {processor.py:208} INFO - Processing /opt/miniconda3/envs/airflow/lib/python3.8/site-packages/airflow/example_dags/example_dynamic_task_mapping.py took 0.110 seconds
[2024-10-03T23:06:58.981+0100] {processor.py:186} INFO - Started process (PID=16464) to work on /opt/miniconda3/envs/airflow/lib/python3.8/site-packages/airflow/example_dags/example_dynamic_task_mapping.py
[2024-10-03T23:06:58.982+0100] {processor.py:914} INFO - Processing file /opt/miniconda3/envs/airflow/lib/python3.8/site-packages/airflow/example_dags/example_dynamic_task_mapping.py for tasks to queue
[2024-10-03T23:06:58.982+0100] {logging_mixin.py:190} INFO - [2024-10-03T23:06:58.982+0100] {dagbag.py:588} INFO - Filling up the DagBag from /opt/miniconda3/envs/airflow/lib/python3.8/site-packages/airflow/example_dags/example_dynamic_task_mapping.py
[2024-10-03T23:06:59.013+0100] {processor.py:925} INFO - DAG(s) 'example_dynamic_task_mapping' retrieved from /opt/miniconda3/envs/airflow/lib/python3.8/site-packages/airflow/example_dags/example_dynamic_task_mapping.py
[2024-10-03T23:06:59.047+0100] {logging_mixin.py:190} INFO - [2024-10-03T23:06:59.046+0100] {dag.py:3239} INFO - Sync 1 DAGs
[2024-10-03T23:06:59.051+0100] {logging_mixin.py:190} INFO - [2024-10-03T23:06:59.051+0100] {dag.py:4180} INFO - Setting next_dagrun for example_dynamic_task_mapping to None, run_after=None
[2024-10-03T23:06:59.057+0100] {processor.py:208} INFO - Processing /opt/miniconda3/envs/airflow/lib/python3.8/site-packages/airflow/example_dags/example_dynamic_task_mapping.py took 0.077 seconds
[2024-10-03T23:08:54.637+0100] {processor.py:186} INFO - Started process (PID=16637) to work on /opt/miniconda3/envs/airflow/lib/python3.8/site-packages/airflow/example_dags/example_dynamic_task_mapping.py
[2024-10-03T23:08:54.638+0100] {processor.py:914} INFO - Processing file /opt/miniconda3/envs/airflow/lib/python3.8/site-packages/airflow/example_dags/example_dynamic_task_mapping.py for tasks to queue
[2024-10-03T23:08:54.638+0100] {logging_mixin.py:190} INFO - [2024-10-03T23:08:54.638+0100] {dagbag.py:588} INFO - Filling up the DagBag from /opt/miniconda3/envs/airflow/lib/python3.8/site-packages/airflow/example_dags/example_dynamic_task_mapping.py
[2024-10-03T23:08:54.666+0100] {processor.py:925} INFO - DAG(s) 'example_dynamic_task_mapping' retrieved from /opt/miniconda3/envs/airflow/lib/python3.8/site-packages/airflow/example_dags/example_dynamic_task_mapping.py
[2024-10-03T23:08:54.699+0100] {logging_mixin.py:190} INFO - [2024-10-03T23:08:54.699+0100] {dag.py:3239} INFO - Sync 1 DAGs
[2024-10-03T23:08:54.703+0100] {logging_mixin.py:190} INFO - [2024-10-03T23:08:54.703+0100] {dag.py:4180} INFO - Setting next_dagrun for example_dynamic_task_mapping to None, run_after=None
[2024-10-03T23:08:54.709+0100] {processor.py:208} INFO - Processing /opt/miniconda3/envs/airflow/lib/python3.8/site-packages/airflow/example_dags/example_dynamic_task_mapping.py took 0.073 seconds
[2024-10-03T23:10:59.845+0100] {processor.py:186} INFO - Started process (PID=16800) to work on /opt/miniconda3/envs/airflow/lib/python3.8/site-packages/airflow/example_dags/example_dynamic_task_mapping.py
[2024-10-03T23:10:59.846+0100] {processor.py:914} INFO - Processing file /opt/miniconda3/envs/airflow/lib/python3.8/site-packages/airflow/example_dags/example_dynamic_task_mapping.py for tasks to queue
[2024-10-03T23:10:59.846+0100] {logging_mixin.py:190} INFO - [2024-10-03T23:10:59.846+0100] {dagbag.py:588} INFO - Filling up the DagBag from /opt/miniconda3/envs/airflow/lib/python3.8/site-packages/airflow/example_dags/example_dynamic_task_mapping.py
[2024-10-03T23:10:59.874+0100] {processor.py:925} INFO - DAG(s) 'example_dynamic_task_mapping' retrieved from /opt/miniconda3/envs/airflow/lib/python3.8/site-packages/airflow/example_dags/example_dynamic_task_mapping.py
[2024-10-03T23:10:59.907+0100] {logging_mixin.py:190} INFO - [2024-10-03T23:10:59.907+0100] {dag.py:3239} INFO - Sync 1 DAGs
[2024-10-03T23:10:59.911+0100] {logging_mixin.py:190} INFO - [2024-10-03T23:10:59.911+0100] {dag.py:4180} INFO - Setting next_dagrun for example_dynamic_task_mapping to None, run_after=None
[2024-10-03T23:10:59.916+0100] {processor.py:208} INFO - Processing /opt/miniconda3/envs/airflow/lib/python3.8/site-packages/airflow/example_dags/example_dynamic_task_mapping.py took 0.073 seconds
[2024-10-03T23:34:59.105+0100] {processor.py:186} INFO - Started process (PID=16971) to work on /opt/miniconda3/envs/airflow/lib/python3.8/site-packages/airflow/example_dags/example_dynamic_task_mapping.py
[2024-10-03T23:34:59.106+0100] {processor.py:914} INFO - Processing file /opt/miniconda3/envs/airflow/lib/python3.8/site-packages/airflow/example_dags/example_dynamic_task_mapping.py for tasks to queue
[2024-10-03T23:34:59.107+0100] {logging_mixin.py:190} INFO - [2024-10-03T23:34:59.107+0100] {dagbag.py:588} INFO - Filling up the DagBag from /opt/miniconda3/envs/airflow/lib/python3.8/site-packages/airflow/example_dags/example_dynamic_task_mapping.py
[2024-10-03T23:34:59.133+0100] {processor.py:925} INFO - DAG(s) 'example_dynamic_task_mapping' retrieved from /opt/miniconda3/envs/airflow/lib/python3.8/site-packages/airflow/example_dags/example_dynamic_task_mapping.py
[2024-10-03T23:34:59.164+0100] {logging_mixin.py:190} INFO - [2024-10-03T23:34:59.164+0100] {dag.py:3239} INFO - Sync 1 DAGs
[2024-10-03T23:34:59.168+0100] {logging_mixin.py:190} INFO - [2024-10-03T23:34:59.168+0100] {dag.py:4180} INFO - Setting next_dagrun for example_dynamic_task_mapping to None, run_after=None
[2024-10-03T23:34:59.173+0100] {processor.py:208} INFO - Processing /opt/miniconda3/envs/airflow/lib/python3.8/site-packages/airflow/example_dags/example_dynamic_task_mapping.py took 0.069 seconds
[2024-10-03T23:40:17.399+0100] {processor.py:186} INFO - Started process (PID=17131) to work on /opt/miniconda3/envs/airflow/lib/python3.8/site-packages/airflow/example_dags/example_dynamic_task_mapping.py
[2024-10-03T23:40:17.400+0100] {processor.py:914} INFO - Processing file /opt/miniconda3/envs/airflow/lib/python3.8/site-packages/airflow/example_dags/example_dynamic_task_mapping.py for tasks to queue
[2024-10-03T23:40:17.400+0100] {logging_mixin.py:190} INFO - [2024-10-03T23:40:17.400+0100] {dagbag.py:588} INFO - Filling up the DagBag from /opt/miniconda3/envs/airflow/lib/python3.8/site-packages/airflow/example_dags/example_dynamic_task_mapping.py
[2024-10-03T23:40:17.427+0100] {processor.py:925} INFO - DAG(s) 'example_dynamic_task_mapping' retrieved from /opt/miniconda3/envs/airflow/lib/python3.8/site-packages/airflow/example_dags/example_dynamic_task_mapping.py
[2024-10-03T23:40:17.458+0100] {logging_mixin.py:190} INFO - [2024-10-03T23:40:17.458+0100] {dag.py:3239} INFO - Sync 1 DAGs
[2024-10-03T23:40:17.461+0100] {logging_mixin.py:190} INFO - [2024-10-03T23:40:17.461+0100] {dag.py:4180} INFO - Setting next_dagrun for example_dynamic_task_mapping to None, run_after=None
[2024-10-03T23:40:17.467+0100] {processor.py:208} INFO - Processing /opt/miniconda3/envs/airflow/lib/python3.8/site-packages/airflow/example_dags/example_dynamic_task_mapping.py took 0.069 seconds
[2024-10-04T00:20:15.955+0100] {processor.py:186} INFO - Started process (PID=17284) to work on /opt/miniconda3/envs/airflow/lib/python3.8/site-packages/airflow/example_dags/example_dynamic_task_mapping.py
[2024-10-04T00:20:15.955+0100] {processor.py:914} INFO - Processing file /opt/miniconda3/envs/airflow/lib/python3.8/site-packages/airflow/example_dags/example_dynamic_task_mapping.py for tasks to queue
[2024-10-04T00:20:15.955+0100] {logging_mixin.py:190} INFO - [2024-10-04T00:20:15.955+0100] {dagbag.py:588} INFO - Filling up the DagBag from /opt/miniconda3/envs/airflow/lib/python3.8/site-packages/airflow/example_dags/example_dynamic_task_mapping.py
[2024-10-04T00:20:15.986+0100] {processor.py:925} INFO - DAG(s) 'example_dynamic_task_mapping' retrieved from /opt/miniconda3/envs/airflow/lib/python3.8/site-packages/airflow/example_dags/example_dynamic_task_mapping.py
[2024-10-04T00:20:16.018+0100] {logging_mixin.py:190} INFO - [2024-10-04T00:20:16.018+0100] {dag.py:3239} INFO - Sync 1 DAGs
[2024-10-04T00:20:16.021+0100] {logging_mixin.py:190} INFO - [2024-10-04T00:20:16.021+0100] {dag.py:4180} INFO - Setting next_dagrun for example_dynamic_task_mapping to None, run_after=None
[2024-10-04T00:20:16.027+0100] {processor.py:208} INFO - Processing /opt/miniconda3/envs/airflow/lib/python3.8/site-packages/airflow/example_dags/example_dynamic_task_mapping.py took 0.074 seconds
