[2024-10-03T23:04:36.922+0100] {processor.py:186} INFO - Started process (PID=16250) to work on /opt/miniconda3/envs/airflow/lib/python3.8/site-packages/airflow/example_dags/example_nested_branch_dag.py
[2024-10-03T23:04:36.922+0100] {processor.py:914} INFO - Processing file /opt/miniconda3/envs/airflow/lib/python3.8/site-packages/airflow/example_dags/example_nested_branch_dag.py for tasks to queue
[2024-10-03T23:04:36.922+0100] {logging_mixin.py:190} INFO - [2024-10-03T23:04:36.922+0100] {dagbag.py:588} INFO - Filling up the DagBag from /opt/miniconda3/envs/airflow/lib/python3.8/site-packages/airflow/example_dags/example_nested_branch_dag.py
[2024-10-03T23:04:36.951+0100] {processor.py:925} INFO - DAG(s) 'example_nested_branch_dag' retrieved from /opt/miniconda3/envs/airflow/lib/python3.8/site-packages/airflow/example_dags/example_nested_branch_dag.py
[2024-10-03T23:04:37.010+0100] {logging_mixin.py:190} INFO - [2024-10-03T23:04:37.010+0100] {override.py:1900} INFO - Created Permission View: can delete on DAG:example_nested_branch_dag
[2024-10-03T23:04:37.012+0100] {logging_mixin.py:190} INFO - [2024-10-03T23:04:37.012+0100] {override.py:1900} INFO - Created Permission View: can edit on DAG:example_nested_branch_dag
[2024-10-03T23:04:37.014+0100] {logging_mixin.py:190} INFO - [2024-10-03T23:04:37.014+0100] {override.py:1900} INFO - Created Permission View: can read on DAG:example_nested_branch_dag
[2024-10-03T23:04:37.016+0100] {logging_mixin.py:190} INFO - [2024-10-03T23:04:37.016+0100] {override.py:1900} INFO - Created Permission View: can delete on DAG Run:example_nested_branch_dag
[2024-10-03T23:04:37.018+0100] {logging_mixin.py:190} INFO - [2024-10-03T23:04:37.018+0100] {override.py:1900} INFO - Created Permission View: can read on DAG Run:example_nested_branch_dag
[2024-10-03T23:04:37.020+0100] {logging_mixin.py:190} INFO - [2024-10-03T23:04:37.020+0100] {override.py:1900} INFO - Created Permission View: can create on DAG Run:example_nested_branch_dag
[2024-10-03T23:04:37.021+0100] {logging_mixin.py:190} INFO - [2024-10-03T23:04:37.021+0100] {override.py:1900} INFO - Created Permission View: menu access on DAG Run:example_nested_branch_dag
[2024-10-03T23:04:37.021+0100] {logging_mixin.py:190} INFO - [2024-10-03T23:04:37.021+0100] {dag.py:3239} INFO - Sync 1 DAGs
[2024-10-03T23:04:37.025+0100] {logging_mixin.py:190} INFO - [2024-10-03T23:04:37.025+0100] {dag.py:3262} INFO - Creating ORM DAG for example_nested_branch_dag
[2024-10-03T23:04:37.028+0100] {logging_mixin.py:190} INFO - [2024-10-03T23:04:37.028+0100] {dag.py:4180} INFO - Setting next_dagrun for example_nested_branch_dag to 2024-10-02 00:00:00+00:00, run_after=2024-10-03 00:00:00+00:00
[2024-10-03T23:04:37.033+0100] {processor.py:208} INFO - Processing /opt/miniconda3/envs/airflow/lib/python3.8/site-packages/airflow/example_dags/example_nested_branch_dag.py took 0.113 seconds
[2024-10-03T23:06:11.145+0100] {processor.py:186} INFO - Started process (PID=16395) to work on /opt/miniconda3/envs/airflow/lib/python3.8/site-packages/airflow/example_dags/example_nested_branch_dag.py
[2024-10-03T23:06:11.146+0100] {processor.py:914} INFO - Processing file /opt/miniconda3/envs/airflow/lib/python3.8/site-packages/airflow/example_dags/example_nested_branch_dag.py for tasks to queue
[2024-10-03T23:06:11.146+0100] {logging_mixin.py:190} INFO - [2024-10-03T23:06:11.146+0100] {dagbag.py:588} INFO - Filling up the DagBag from /opt/miniconda3/envs/airflow/lib/python3.8/site-packages/airflow/example_dags/example_nested_branch_dag.py
[2024-10-03T23:06:11.175+0100] {processor.py:925} INFO - DAG(s) 'example_nested_branch_dag' retrieved from /opt/miniconda3/envs/airflow/lib/python3.8/site-packages/airflow/example_dags/example_nested_branch_dag.py
[2024-10-03T23:06:11.209+0100] {logging_mixin.py:190} INFO - [2024-10-03T23:06:11.209+0100] {dag.py:3239} INFO - Sync 1 DAGs
[2024-10-03T23:06:11.215+0100] {logging_mixin.py:190} INFO - [2024-10-03T23:06:11.215+0100] {dag.py:4180} INFO - Setting next_dagrun for example_nested_branch_dag to 2024-10-02 00:00:00+00:00, run_after=2024-10-03 00:00:00+00:00
[2024-10-03T23:06:11.220+0100] {processor.py:208} INFO - Processing /opt/miniconda3/envs/airflow/lib/python3.8/site-packages/airflow/example_dags/example_nested_branch_dag.py took 0.077 seconds
[2024-10-03T23:08:12.733+0100] {processor.py:186} INFO - Started process (PID=16574) to work on /opt/miniconda3/envs/airflow/lib/python3.8/site-packages/airflow/example_dags/example_nested_branch_dag.py
[2024-10-03T23:08:12.734+0100] {processor.py:914} INFO - Processing file /opt/miniconda3/envs/airflow/lib/python3.8/site-packages/airflow/example_dags/example_nested_branch_dag.py for tasks to queue
[2024-10-03T23:08:12.734+0100] {logging_mixin.py:190} INFO - [2024-10-03T23:08:12.734+0100] {dagbag.py:588} INFO - Filling up the DagBag from /opt/miniconda3/envs/airflow/lib/python3.8/site-packages/airflow/example_dags/example_nested_branch_dag.py
[2024-10-03T23:08:12.764+0100] {processor.py:925} INFO - DAG(s) 'example_nested_branch_dag' retrieved from /opt/miniconda3/envs/airflow/lib/python3.8/site-packages/airflow/example_dags/example_nested_branch_dag.py
[2024-10-03T23:08:12.796+0100] {logging_mixin.py:190} INFO - [2024-10-03T23:08:12.796+0100] {dag.py:3239} INFO - Sync 1 DAGs
[2024-10-03T23:08:12.802+0100] {logging_mixin.py:190} INFO - [2024-10-03T23:08:12.802+0100] {dag.py:4180} INFO - Setting next_dagrun for example_nested_branch_dag to 2024-10-02 00:00:00+00:00, run_after=2024-10-03 00:00:00+00:00
[2024-10-03T23:08:12.807+0100] {processor.py:208} INFO - Processing /opt/miniconda3/envs/airflow/lib/python3.8/site-packages/airflow/example_dags/example_nested_branch_dag.py took 0.076 seconds
[2024-10-03T23:10:08.311+0100] {processor.py:186} INFO - Started process (PID=16739) to work on /opt/miniconda3/envs/airflow/lib/python3.8/site-packages/airflow/example_dags/example_nested_branch_dag.py
[2024-10-03T23:10:08.312+0100] {processor.py:914} INFO - Processing file /opt/miniconda3/envs/airflow/lib/python3.8/site-packages/airflow/example_dags/example_nested_branch_dag.py for tasks to queue
[2024-10-03T23:10:08.312+0100] {logging_mixin.py:190} INFO - [2024-10-03T23:10:08.312+0100] {dagbag.py:588} INFO - Filling up the DagBag from /opt/miniconda3/envs/airflow/lib/python3.8/site-packages/airflow/example_dags/example_nested_branch_dag.py
[2024-10-03T23:10:08.340+0100] {processor.py:925} INFO - DAG(s) 'example_nested_branch_dag' retrieved from /opt/miniconda3/envs/airflow/lib/python3.8/site-packages/airflow/example_dags/example_nested_branch_dag.py
[2024-10-03T23:10:08.375+0100] {logging_mixin.py:190} INFO - [2024-10-03T23:10:08.375+0100] {dag.py:3239} INFO - Sync 1 DAGs
[2024-10-03T23:10:08.381+0100] {logging_mixin.py:190} INFO - [2024-10-03T23:10:08.381+0100] {dag.py:4180} INFO - Setting next_dagrun for example_nested_branch_dag to 2024-10-02 00:00:00+00:00, run_after=2024-10-03 00:00:00+00:00
[2024-10-03T23:10:08.386+0100] {processor.py:208} INFO - Processing /opt/miniconda3/envs/airflow/lib/python3.8/site-packages/airflow/example_dags/example_nested_branch_dag.py took 0.077 seconds
[2024-10-03T23:34:16.002+0100] {processor.py:186} INFO - Started process (PID=16915) to work on /opt/miniconda3/envs/airflow/lib/python3.8/site-packages/airflow/example_dags/example_nested_branch_dag.py
[2024-10-03T23:34:16.003+0100] {processor.py:914} INFO - Processing file /opt/miniconda3/envs/airflow/lib/python3.8/site-packages/airflow/example_dags/example_nested_branch_dag.py for tasks to queue
[2024-10-03T23:34:16.003+0100] {logging_mixin.py:190} INFO - [2024-10-03T23:34:16.003+0100] {dagbag.py:588} INFO - Filling up the DagBag from /opt/miniconda3/envs/airflow/lib/python3.8/site-packages/airflow/example_dags/example_nested_branch_dag.py
[2024-10-03T23:34:16.031+0100] {processor.py:925} INFO - DAG(s) 'example_nested_branch_dag' retrieved from /opt/miniconda3/envs/airflow/lib/python3.8/site-packages/airflow/example_dags/example_nested_branch_dag.py
[2024-10-03T23:34:16.063+0100] {logging_mixin.py:190} INFO - [2024-10-03T23:34:16.063+0100] {dag.py:3239} INFO - Sync 1 DAGs
[2024-10-03T23:34:16.069+0100] {logging_mixin.py:190} INFO - [2024-10-03T23:34:16.069+0100] {dag.py:4180} INFO - Setting next_dagrun for example_nested_branch_dag to 2024-10-02 00:00:00+00:00, run_after=2024-10-03 00:00:00+00:00
[2024-10-03T23:34:16.075+0100] {processor.py:208} INFO - Processing /opt/miniconda3/envs/airflow/lib/python3.8/site-packages/airflow/example_dags/example_nested_branch_dag.py took 0.074 seconds
[2024-10-03T23:36:12.514+0100] {processor.py:186} INFO - Started process (PID=17066) to work on /opt/miniconda3/envs/airflow/lib/python3.8/site-packages/airflow/example_dags/example_nested_branch_dag.py
[2024-10-03T23:36:12.514+0100] {processor.py:914} INFO - Processing file /opt/miniconda3/envs/airflow/lib/python3.8/site-packages/airflow/example_dags/example_nested_branch_dag.py for tasks to queue
[2024-10-03T23:36:12.515+0100] {logging_mixin.py:190} INFO - [2024-10-03T23:36:12.515+0100] {dagbag.py:588} INFO - Filling up the DagBag from /opt/miniconda3/envs/airflow/lib/python3.8/site-packages/airflow/example_dags/example_nested_branch_dag.py
[2024-10-03T23:36:12.542+0100] {processor.py:925} INFO - DAG(s) 'example_nested_branch_dag' retrieved from /opt/miniconda3/envs/airflow/lib/python3.8/site-packages/airflow/example_dags/example_nested_branch_dag.py
[2024-10-03T23:36:12.574+0100] {logging_mixin.py:190} INFO - [2024-10-03T23:36:12.574+0100] {dag.py:3239} INFO - Sync 1 DAGs
[2024-10-03T23:36:12.580+0100] {logging_mixin.py:190} INFO - [2024-10-03T23:36:12.580+0100] {dag.py:4180} INFO - Setting next_dagrun for example_nested_branch_dag to 2024-10-02 00:00:00+00:00, run_after=2024-10-03 00:00:00+00:00
[2024-10-03T23:36:12.585+0100] {processor.py:208} INFO - Processing /opt/miniconda3/envs/airflow/lib/python3.8/site-packages/airflow/example_dags/example_nested_branch_dag.py took 0.073 seconds
[2024-10-04T00:00:19.411+0100] {processor.py:186} INFO - Started process (PID=17259) to work on /opt/miniconda3/envs/airflow/lib/python3.8/site-packages/airflow/example_dags/example_nested_branch_dag.py
[2024-10-04T00:00:19.411+0100] {processor.py:914} INFO - Processing file /opt/miniconda3/envs/airflow/lib/python3.8/site-packages/airflow/example_dags/example_nested_branch_dag.py for tasks to queue
[2024-10-04T00:00:19.411+0100] {logging_mixin.py:190} INFO - [2024-10-04T00:00:19.411+0100] {dagbag.py:588} INFO - Filling up the DagBag from /opt/miniconda3/envs/airflow/lib/python3.8/site-packages/airflow/example_dags/example_nested_branch_dag.py
[2024-10-04T00:00:19.439+0100] {processor.py:925} INFO - DAG(s) 'example_nested_branch_dag' retrieved from /opt/miniconda3/envs/airflow/lib/python3.8/site-packages/airflow/example_dags/example_nested_branch_dag.py
[2024-10-04T00:00:19.471+0100] {logging_mixin.py:190} INFO - [2024-10-04T00:00:19.471+0100] {dag.py:3239} INFO - Sync 1 DAGs
[2024-10-04T00:00:19.477+0100] {logging_mixin.py:190} INFO - [2024-10-04T00:00:19.477+0100] {dag.py:4180} INFO - Setting next_dagrun for example_nested_branch_dag to 2024-10-02 00:00:00+00:00, run_after=2024-10-03 00:00:00+00:00
[2024-10-04T00:00:19.482+0100] {processor.py:208} INFO - Processing /opt/miniconda3/envs/airflow/lib/python3.8/site-packages/airflow/example_dags/example_nested_branch_dag.py took 0.073 seconds
