[2024-10-03T23:04:45.681+0100] {processor.py:186} INFO - Started process (PID=16268) to work on /opt/miniconda3/envs/airflow/lib/python3.8/site-packages/airflow/example_dags/example_inlet_event_extra.py
[2024-10-03T23:04:45.682+0100] {processor.py:914} INFO - Processing file /opt/miniconda3/envs/airflow/lib/python3.8/site-packages/airflow/example_dags/example_inlet_event_extra.py for tasks to queue
[2024-10-03T23:04:45.682+0100] {logging_mixin.py:190} INFO - [2024-10-03T23:04:45.682+0100] {dagbag.py:588} INFO - Filling up the DagBag from /opt/miniconda3/envs/airflow/lib/python3.8/site-packages/airflow/example_dags/example_inlet_event_extra.py
[2024-10-03T23:04:45.724+0100] {processor.py:925} INFO - DAG(s) 'read_dataset_event_from_classic', 'read_dataset_event' retrieved from /opt/miniconda3/envs/airflow/lib/python3.8/site-packages/airflow/example_dags/example_inlet_event_extra.py
[2024-10-03T23:04:45.783+0100] {logging_mixin.py:190} INFO - [2024-10-03T23:04:45.783+0100] {override.py:1900} INFO - Created Permission View: can edit on DAG:read_dataset_event_from_classic
[2024-10-03T23:04:45.786+0100] {logging_mixin.py:190} INFO - [2024-10-03T23:04:45.786+0100] {override.py:1900} INFO - Created Permission View: can delete on DAG:read_dataset_event_from_classic
[2024-10-03T23:04:45.788+0100] {logging_mixin.py:190} INFO - [2024-10-03T23:04:45.788+0100] {override.py:1900} INFO - Created Permission View: can read on DAG:read_dataset_event_from_classic
[2024-10-03T23:04:45.790+0100] {logging_mixin.py:190} INFO - [2024-10-03T23:04:45.790+0100] {override.py:1900} INFO - Created Permission View: menu access on DAG Run:read_dataset_event_from_classic
[2024-10-03T23:04:45.791+0100] {logging_mixin.py:190} INFO - [2024-10-03T23:04:45.791+0100] {override.py:1900} INFO - Created Permission View: can delete on DAG Run:read_dataset_event_from_classic
[2024-10-03T23:04:45.793+0100] {logging_mixin.py:190} INFO - [2024-10-03T23:04:45.793+0100] {override.py:1900} INFO - Created Permission View: can create on DAG Run:read_dataset_event_from_classic
[2024-10-03T23:04:45.794+0100] {logging_mixin.py:190} INFO - [2024-10-03T23:04:45.794+0100] {override.py:1900} INFO - Created Permission View: can read on DAG Run:read_dataset_event_from_classic
[2024-10-03T23:04:45.798+0100] {logging_mixin.py:190} INFO - [2024-10-03T23:04:45.798+0100] {override.py:1900} INFO - Created Permission View: can edit on DAG:read_dataset_event
[2024-10-03T23:04:45.799+0100] {logging_mixin.py:190} INFO - [2024-10-03T23:04:45.799+0100] {override.py:1900} INFO - Created Permission View: can delete on DAG:read_dataset_event
[2024-10-03T23:04:45.801+0100] {logging_mixin.py:190} INFO - [2024-10-03T23:04:45.801+0100] {override.py:1900} INFO - Created Permission View: can read on DAG:read_dataset_event
[2024-10-03T23:04:45.803+0100] {logging_mixin.py:190} INFO - [2024-10-03T23:04:45.803+0100] {override.py:1900} INFO - Created Permission View: menu access on DAG Run:read_dataset_event
[2024-10-03T23:04:45.804+0100] {logging_mixin.py:190} INFO - [2024-10-03T23:04:45.804+0100] {override.py:1900} INFO - Created Permission View: can delete on DAG Run:read_dataset_event
[2024-10-03T23:04:45.806+0100] {logging_mixin.py:190} INFO - [2024-10-03T23:04:45.806+0100] {override.py:1900} INFO - Created Permission View: can create on DAG Run:read_dataset_event
[2024-10-03T23:04:45.807+0100] {logging_mixin.py:190} INFO - [2024-10-03T23:04:45.807+0100] {override.py:1900} INFO - Created Permission View: can read on DAG Run:read_dataset_event
[2024-10-03T23:04:45.807+0100] {logging_mixin.py:190} INFO - [2024-10-03T23:04:45.807+0100] {dag.py:3239} INFO - Sync 2 DAGs
[2024-10-03T23:04:45.812+0100] {logging_mixin.py:190} INFO - [2024-10-03T23:04:45.811+0100] {dag.py:3262} INFO - Creating ORM DAG for read_dataset_event_from_classic
[2024-10-03T23:04:45.812+0100] {logging_mixin.py:190} INFO - [2024-10-03T23:04:45.812+0100] {dag.py:3262} INFO - Creating ORM DAG for read_dataset_event
[2024-10-03T23:04:45.814+0100] {logging_mixin.py:190} INFO - [2024-10-03T23:04:45.814+0100] {dag.py:4180} INFO - Setting next_dagrun for read_dataset_event to 2024-10-02 00:00:00+00:00, run_after=2024-10-03 00:00:00+00:00
[2024-10-03T23:04:45.815+0100] {logging_mixin.py:190} INFO - [2024-10-03T23:04:45.815+0100] {dag.py:4180} INFO - Setting next_dagrun for read_dataset_event_from_classic to 2024-10-02 00:00:00+00:00, run_after=2024-10-03 00:00:00+00:00
[2024-10-03T23:04:45.820+0100] {processor.py:208} INFO - Processing /opt/miniconda3/envs/airflow/lib/python3.8/site-packages/airflow/example_dags/example_inlet_event_extra.py took 0.140 seconds
[2024-10-03T23:06:19.776+0100] {processor.py:186} INFO - Started process (PID=16405) to work on /opt/miniconda3/envs/airflow/lib/python3.8/site-packages/airflow/example_dags/example_inlet_event_extra.py
[2024-10-03T23:06:19.777+0100] {processor.py:914} INFO - Processing file /opt/miniconda3/envs/airflow/lib/python3.8/site-packages/airflow/example_dags/example_inlet_event_extra.py for tasks to queue
[2024-10-03T23:06:19.777+0100] {logging_mixin.py:190} INFO - [2024-10-03T23:06:19.777+0100] {dagbag.py:588} INFO - Filling up the DagBag from /opt/miniconda3/envs/airflow/lib/python3.8/site-packages/airflow/example_dags/example_inlet_event_extra.py
[2024-10-03T23:06:19.818+0100] {processor.py:925} INFO - DAG(s) 'read_dataset_event', 'read_dataset_event_from_classic' retrieved from /opt/miniconda3/envs/airflow/lib/python3.8/site-packages/airflow/example_dags/example_inlet_event_extra.py
[2024-10-03T23:06:19.853+0100] {logging_mixin.py:190} INFO - [2024-10-03T23:06:19.852+0100] {dag.py:3239} INFO - Sync 2 DAGs
[2024-10-03T23:06:19.859+0100] {logging_mixin.py:190} INFO - [2024-10-03T23:06:19.859+0100] {dag.py:4180} INFO - Setting next_dagrun for read_dataset_event to 2024-10-02 00:00:00+00:00, run_after=2024-10-03 00:00:00+00:00
[2024-10-03T23:06:19.860+0100] {logging_mixin.py:190} INFO - [2024-10-03T23:06:19.860+0100] {dag.py:4180} INFO - Setting next_dagrun for read_dataset_event_from_classic to 2024-10-02 00:00:00+00:00, run_after=2024-10-03 00:00:00+00:00
[2024-10-03T23:06:19.865+0100] {processor.py:208} INFO - Processing /opt/miniconda3/envs/airflow/lib/python3.8/site-packages/airflow/example_dags/example_inlet_event_extra.py took 0.091 seconds
[2024-10-03T23:08:20.772+0100] {processor.py:186} INFO - Started process (PID=16584) to work on /opt/miniconda3/envs/airflow/lib/python3.8/site-packages/airflow/example_dags/example_inlet_event_extra.py
[2024-10-03T23:08:20.773+0100] {processor.py:914} INFO - Processing file /opt/miniconda3/envs/airflow/lib/python3.8/site-packages/airflow/example_dags/example_inlet_event_extra.py for tasks to queue
[2024-10-03T23:08:20.773+0100] {logging_mixin.py:190} INFO - [2024-10-03T23:08:20.773+0100] {dagbag.py:588} INFO - Filling up the DagBag from /opt/miniconda3/envs/airflow/lib/python3.8/site-packages/airflow/example_dags/example_inlet_event_extra.py
[2024-10-03T23:08:20.814+0100] {processor.py:925} INFO - DAG(s) 'read_dataset_event', 'read_dataset_event_from_classic' retrieved from /opt/miniconda3/envs/airflow/lib/python3.8/site-packages/airflow/example_dags/example_inlet_event_extra.py
[2024-10-03T23:08:20.848+0100] {logging_mixin.py:190} INFO - [2024-10-03T23:08:20.848+0100] {dag.py:3239} INFO - Sync 2 DAGs
[2024-10-03T23:08:20.854+0100] {logging_mixin.py:190} INFO - [2024-10-03T23:08:20.854+0100] {dag.py:4180} INFO - Setting next_dagrun for read_dataset_event to 2024-10-02 00:00:00+00:00, run_after=2024-10-03 00:00:00+00:00
[2024-10-03T23:08:20.855+0100] {logging_mixin.py:190} INFO - [2024-10-03T23:08:20.855+0100] {dag.py:4180} INFO - Setting next_dagrun for read_dataset_event_from_classic to 2024-10-02 00:00:00+00:00, run_after=2024-10-03 00:00:00+00:00
[2024-10-03T23:08:20.860+0100] {processor.py:208} INFO - Processing /opt/miniconda3/envs/airflow/lib/python3.8/site-packages/airflow/example_dags/example_inlet_event_extra.py took 0.090 seconds
[2024-10-03T23:10:16.782+0100] {processor.py:186} INFO - Started process (PID=16749) to work on /opt/miniconda3/envs/airflow/lib/python3.8/site-packages/airflow/example_dags/example_inlet_event_extra.py
[2024-10-03T23:10:16.783+0100] {processor.py:914} INFO - Processing file /opt/miniconda3/envs/airflow/lib/python3.8/site-packages/airflow/example_dags/example_inlet_event_extra.py for tasks to queue
[2024-10-03T23:10:16.783+0100] {logging_mixin.py:190} INFO - [2024-10-03T23:10:16.783+0100] {dagbag.py:588} INFO - Filling up the DagBag from /opt/miniconda3/envs/airflow/lib/python3.8/site-packages/airflow/example_dags/example_inlet_event_extra.py
[2024-10-03T23:10:16.824+0100] {processor.py:925} INFO - DAG(s) 'read_dataset_event_from_classic', 'read_dataset_event' retrieved from /opt/miniconda3/envs/airflow/lib/python3.8/site-packages/airflow/example_dags/example_inlet_event_extra.py
[2024-10-03T23:10:16.857+0100] {logging_mixin.py:190} INFO - [2024-10-03T23:10:16.857+0100] {dag.py:3239} INFO - Sync 2 DAGs
[2024-10-03T23:10:16.863+0100] {logging_mixin.py:190} INFO - [2024-10-03T23:10:16.863+0100] {dag.py:4180} INFO - Setting next_dagrun for read_dataset_event to 2024-10-02 00:00:00+00:00, run_after=2024-10-03 00:00:00+00:00
[2024-10-03T23:10:16.864+0100] {logging_mixin.py:190} INFO - [2024-10-03T23:10:16.864+0100] {dag.py:4180} INFO - Setting next_dagrun for read_dataset_event_from_classic to 2024-10-02 00:00:00+00:00, run_after=2024-10-03 00:00:00+00:00
[2024-10-03T23:10:16.869+0100] {processor.py:208} INFO - Processing /opt/miniconda3/envs/airflow/lib/python3.8/site-packages/airflow/example_dags/example_inlet_event_extra.py took 0.089 seconds
[2024-10-03T23:34:23.686+0100] {processor.py:186} INFO - Started process (PID=16925) to work on /opt/miniconda3/envs/airflow/lib/python3.8/site-packages/airflow/example_dags/example_inlet_event_extra.py
[2024-10-03T23:34:23.687+0100] {processor.py:914} INFO - Processing file /opt/miniconda3/envs/airflow/lib/python3.8/site-packages/airflow/example_dags/example_inlet_event_extra.py for tasks to queue
[2024-10-03T23:34:23.687+0100] {logging_mixin.py:190} INFO - [2024-10-03T23:34:23.687+0100] {dagbag.py:588} INFO - Filling up the DagBag from /opt/miniconda3/envs/airflow/lib/python3.8/site-packages/airflow/example_dags/example_inlet_event_extra.py
[2024-10-03T23:34:23.727+0100] {processor.py:925} INFO - DAG(s) 'read_dataset_event', 'read_dataset_event_from_classic' retrieved from /opt/miniconda3/envs/airflow/lib/python3.8/site-packages/airflow/example_dags/example_inlet_event_extra.py
[2024-10-03T23:34:23.759+0100] {logging_mixin.py:190} INFO - [2024-10-03T23:34:23.759+0100] {dag.py:3239} INFO - Sync 2 DAGs
[2024-10-03T23:34:23.765+0100] {logging_mixin.py:190} INFO - [2024-10-03T23:34:23.765+0100] {dag.py:4180} INFO - Setting next_dagrun for read_dataset_event to 2024-10-02 00:00:00+00:00, run_after=2024-10-03 00:00:00+00:00
[2024-10-03T23:34:23.766+0100] {logging_mixin.py:190} INFO - [2024-10-03T23:34:23.766+0100] {dag.py:4180} INFO - Setting next_dagrun for read_dataset_event_from_classic to 2024-10-02 00:00:00+00:00, run_after=2024-10-03 00:00:00+00:00
[2024-10-03T23:34:23.771+0100] {processor.py:208} INFO - Processing /opt/miniconda3/envs/airflow/lib/python3.8/site-packages/airflow/example_dags/example_inlet_event_extra.py took 0.087 seconds
[2024-10-03T23:36:21.086+0100] {processor.py:186} INFO - Started process (PID=17077) to work on /opt/miniconda3/envs/airflow/lib/python3.8/site-packages/airflow/example_dags/example_inlet_event_extra.py
[2024-10-03T23:36:21.086+0100] {processor.py:914} INFO - Processing file /opt/miniconda3/envs/airflow/lib/python3.8/site-packages/airflow/example_dags/example_inlet_event_extra.py for tasks to queue
[2024-10-03T23:36:21.086+0100] {logging_mixin.py:190} INFO - [2024-10-03T23:36:21.086+0100] {dagbag.py:588} INFO - Filling up the DagBag from /opt/miniconda3/envs/airflow/lib/python3.8/site-packages/airflow/example_dags/example_inlet_event_extra.py
[2024-10-03T23:36:21.126+0100] {processor.py:925} INFO - DAG(s) 'read_dataset_event_from_classic', 'read_dataset_event' retrieved from /opt/miniconda3/envs/airflow/lib/python3.8/site-packages/airflow/example_dags/example_inlet_event_extra.py
[2024-10-03T23:36:21.158+0100] {logging_mixin.py:190} INFO - [2024-10-03T23:36:21.158+0100] {dag.py:3239} INFO - Sync 2 DAGs
[2024-10-03T23:36:21.163+0100] {logging_mixin.py:190} INFO - [2024-10-03T23:36:21.163+0100] {dag.py:4180} INFO - Setting next_dagrun for read_dataset_event to 2024-10-02 00:00:00+00:00, run_after=2024-10-03 00:00:00+00:00
[2024-10-03T23:36:21.165+0100] {logging_mixin.py:190} INFO - [2024-10-03T23:36:21.165+0100] {dag.py:4180} INFO - Setting next_dagrun for read_dataset_event_from_classic to 2024-10-02 00:00:00+00:00, run_after=2024-10-03 00:00:00+00:00
[2024-10-03T23:36:21.170+0100] {processor.py:208} INFO - Processing /opt/miniconda3/envs/airflow/lib/python3.8/site-packages/airflow/example_dags/example_inlet_event_extra.py took 0.085 seconds
[2024-10-04T00:17:15.606+0100] {processor.py:186} INFO - Started process (PID=17273) to work on /opt/miniconda3/envs/airflow/lib/python3.8/site-packages/airflow/example_dags/example_inlet_event_extra.py
[2024-10-04T00:17:15.607+0100] {processor.py:914} INFO - Processing file /opt/miniconda3/envs/airflow/lib/python3.8/site-packages/airflow/example_dags/example_inlet_event_extra.py for tasks to queue
[2024-10-04T00:17:15.607+0100] {logging_mixin.py:190} INFO - [2024-10-04T00:17:15.607+0100] {dagbag.py:588} INFO - Filling up the DagBag from /opt/miniconda3/envs/airflow/lib/python3.8/site-packages/airflow/example_dags/example_inlet_event_extra.py
[2024-10-04T00:17:15.648+0100] {processor.py:925} INFO - DAG(s) 'read_dataset_event', 'read_dataset_event_from_classic' retrieved from /opt/miniconda3/envs/airflow/lib/python3.8/site-packages/airflow/example_dags/example_inlet_event_extra.py
[2024-10-04T00:17:15.681+0100] {logging_mixin.py:190} INFO - [2024-10-04T00:17:15.680+0100] {dag.py:3239} INFO - Sync 2 DAGs
[2024-10-04T00:17:15.686+0100] {logging_mixin.py:190} INFO - [2024-10-04T00:17:15.686+0100] {dag.py:4180} INFO - Setting next_dagrun for read_dataset_event to 2024-10-02 00:00:00+00:00, run_after=2024-10-03 00:00:00+00:00
[2024-10-04T00:17:15.688+0100] {logging_mixin.py:190} INFO - [2024-10-04T00:17:15.688+0100] {dag.py:4180} INFO - Setting next_dagrun for read_dataset_event_from_classic to 2024-10-02 00:00:00+00:00, run_after=2024-10-03 00:00:00+00:00
[2024-10-04T00:17:15.692+0100] {processor.py:208} INFO - Processing /opt/miniconda3/envs/airflow/lib/python3.8/site-packages/airflow/example_dags/example_inlet_event_extra.py took 0.088 seconds
