[2024-10-03T23:04:04.699+0100] {processor.py:186} INFO - Started process (PID=16203) to work on /opt/miniconda3/envs/airflow/lib/python3.8/site-packages/airflow/example_dags/example_trigger_target_dag.py
[2024-10-03T23:04:04.699+0100] {processor.py:914} INFO - Processing file /opt/miniconda3/envs/airflow/lib/python3.8/site-packages/airflow/example_dags/example_trigger_target_dag.py for tasks to queue
[2024-10-03T23:04:04.699+0100] {logging_mixin.py:190} INFO - [2024-10-03T23:04:04.699+0100] {dagbag.py:588} INFO - Filling up the DagBag from /opt/miniconda3/envs/airflow/lib/python3.8/site-packages/airflow/example_dags/example_trigger_target_dag.py
[2024-10-03T23:04:04.728+0100] {processor.py:925} INFO - DAG(s) 'example_trigger_target_dag' retrieved from /opt/miniconda3/envs/airflow/lib/python3.8/site-packages/airflow/example_dags/example_trigger_target_dag.py
[2024-10-03T23:04:04.786+0100] {logging_mixin.py:190} INFO - [2024-10-03T23:04:04.786+0100] {override.py:1900} INFO - Created Permission View: can edit on DAG:example_trigger_target_dag
[2024-10-03T23:04:04.788+0100] {logging_mixin.py:190} INFO - [2024-10-03T23:04:04.788+0100] {override.py:1900} INFO - Created Permission View: can read on DAG:example_trigger_target_dag
[2024-10-03T23:04:04.790+0100] {logging_mixin.py:190} INFO - [2024-10-03T23:04:04.790+0100] {override.py:1900} INFO - Created Permission View: can delete on DAG:example_trigger_target_dag
[2024-10-03T23:04:04.792+0100] {logging_mixin.py:190} INFO - [2024-10-03T23:04:04.792+0100] {override.py:1900} INFO - Created Permission View: can create on DAG Run:example_trigger_target_dag
[2024-10-03T23:04:04.794+0100] {logging_mixin.py:190} INFO - [2024-10-03T23:04:04.793+0100] {override.py:1900} INFO - Created Permission View: can read on DAG Run:example_trigger_target_dag
[2024-10-03T23:04:04.795+0100] {logging_mixin.py:190} INFO - [2024-10-03T23:04:04.795+0100] {override.py:1900} INFO - Created Permission View: menu access on DAG Run:example_trigger_target_dag
[2024-10-03T23:04:04.797+0100] {logging_mixin.py:190} INFO - [2024-10-03T23:04:04.797+0100] {override.py:1900} INFO - Created Permission View: can delete on DAG Run:example_trigger_target_dag
[2024-10-03T23:04:04.797+0100] {logging_mixin.py:190} INFO - [2024-10-03T23:04:04.797+0100] {dag.py:3239} INFO - Sync 1 DAGs
[2024-10-03T23:04:04.800+0100] {logging_mixin.py:190} INFO - [2024-10-03T23:04:04.800+0100] {dag.py:3262} INFO - Creating ORM DAG for example_trigger_target_dag
[2024-10-03T23:04:04.800+0100] {logging_mixin.py:190} INFO - [2024-10-03T23:04:04.800+0100] {dag.py:4180} INFO - Setting next_dagrun for example_trigger_target_dag to None, run_after=None
[2024-10-03T23:04:04.805+0100] {processor.py:208} INFO - Processing /opt/miniconda3/envs/airflow/lib/python3.8/site-packages/airflow/example_dags/example_trigger_target_dag.py took 0.108 seconds
[2024-10-03T23:05:39.893+0100] {processor.py:186} INFO - Started process (PID=16354) to work on /opt/miniconda3/envs/airflow/lib/python3.8/site-packages/airflow/example_dags/example_trigger_target_dag.py
[2024-10-03T23:05:39.894+0100] {processor.py:914} INFO - Processing file /opt/miniconda3/envs/airflow/lib/python3.8/site-packages/airflow/example_dags/example_trigger_target_dag.py for tasks to queue
[2024-10-03T23:05:39.894+0100] {logging_mixin.py:190} INFO - [2024-10-03T23:05:39.894+0100] {dagbag.py:588} INFO - Filling up the DagBag from /opt/miniconda3/envs/airflow/lib/python3.8/site-packages/airflow/example_dags/example_trigger_target_dag.py
[2024-10-03T23:05:39.926+0100] {processor.py:925} INFO - DAG(s) 'example_trigger_target_dag' retrieved from /opt/miniconda3/envs/airflow/lib/python3.8/site-packages/airflow/example_dags/example_trigger_target_dag.py
[2024-10-03T23:05:39.957+0100] {logging_mixin.py:190} INFO - [2024-10-03T23:05:39.957+0100] {dag.py:3239} INFO - Sync 1 DAGs
[2024-10-03T23:05:39.961+0100] {logging_mixin.py:190} INFO - [2024-10-03T23:05:39.961+0100] {dag.py:4180} INFO - Setting next_dagrun for example_trigger_target_dag to None, run_after=None
[2024-10-03T23:05:39.966+0100] {processor.py:208} INFO - Processing /opt/miniconda3/envs/airflow/lib/python3.8/site-packages/airflow/example_dags/example_trigger_target_dag.py took 0.075 seconds
[2024-10-03T23:06:44.037+0100] {processor.py:186} INFO - Started process (PID=16443) to work on /opt/miniconda3/envs/airflow/lib/python3.8/site-packages/airflow/example_dags/example_trigger_target_dag.py
[2024-10-03T23:06:44.037+0100] {processor.py:914} INFO - Processing file /opt/miniconda3/envs/airflow/lib/python3.8/site-packages/airflow/example_dags/example_trigger_target_dag.py for tasks to queue
[2024-10-03T23:06:44.037+0100] {logging_mixin.py:190} INFO - [2024-10-03T23:06:44.037+0100] {dagbag.py:588} INFO - Filling up the DagBag from /opt/miniconda3/envs/airflow/lib/python3.8/site-packages/airflow/example_dags/example_trigger_target_dag.py
[2024-10-03T23:06:44.068+0100] {processor.py:925} INFO - DAG(s) 'example_trigger_target_dag' retrieved from /opt/miniconda3/envs/airflow/lib/python3.8/site-packages/airflow/example_dags/example_trigger_target_dag.py
[2024-10-03T23:06:44.101+0100] {logging_mixin.py:190} INFO - [2024-10-03T23:06:44.101+0100] {dag.py:3239} INFO - Sync 1 DAGs
[2024-10-03T23:06:44.105+0100] {logging_mixin.py:190} INFO - [2024-10-03T23:06:44.105+0100] {dag.py:4180} INFO - Setting next_dagrun for example_trigger_target_dag to None, run_after=None
[2024-10-03T23:06:44.110+0100] {processor.py:208} INFO - Processing /opt/miniconda3/envs/airflow/lib/python3.8/site-packages/airflow/example_dags/example_trigger_target_dag.py took 0.076 seconds
[2024-10-03T23:07:45.049+0100] {processor.py:186} INFO - Started process (PID=16535) to work on /opt/miniconda3/envs/airflow/lib/python3.8/site-packages/airflow/example_dags/example_trigger_target_dag.py
[2024-10-03T23:07:45.050+0100] {processor.py:914} INFO - Processing file /opt/miniconda3/envs/airflow/lib/python3.8/site-packages/airflow/example_dags/example_trigger_target_dag.py for tasks to queue
[2024-10-03T23:07:45.051+0100] {logging_mixin.py:190} INFO - [2024-10-03T23:07:45.051+0100] {dagbag.py:588} INFO - Filling up the DagBag from /opt/miniconda3/envs/airflow/lib/python3.8/site-packages/airflow/example_dags/example_trigger_target_dag.py
[2024-10-03T23:07:45.081+0100] {processor.py:925} INFO - DAG(s) 'example_trigger_target_dag' retrieved from /opt/miniconda3/envs/airflow/lib/python3.8/site-packages/airflow/example_dags/example_trigger_target_dag.py
[2024-10-03T23:07:45.112+0100] {logging_mixin.py:190} INFO - [2024-10-03T23:07:45.112+0100] {dag.py:3239} INFO - Sync 1 DAGs
[2024-10-03T23:07:45.116+0100] {logging_mixin.py:190} INFO - [2024-10-03T23:07:45.116+0100] {dag.py:4180} INFO - Setting next_dagrun for example_trigger_target_dag to None, run_after=None
[2024-10-03T23:07:45.121+0100] {processor.py:208} INFO - Processing /opt/miniconda3/envs/airflow/lib/python3.8/site-packages/airflow/example_dags/example_trigger_target_dag.py took 0.074 seconds
[2024-10-03T23:08:42.503+0100] {processor.py:186} INFO - Started process (PID=16619) to work on /opt/miniconda3/envs/airflow/lib/python3.8/site-packages/airflow/example_dags/example_trigger_target_dag.py
[2024-10-03T23:08:42.503+0100] {processor.py:914} INFO - Processing file /opt/miniconda3/envs/airflow/lib/python3.8/site-packages/airflow/example_dags/example_trigger_target_dag.py for tasks to queue
[2024-10-03T23:08:42.504+0100] {logging_mixin.py:190} INFO - [2024-10-03T23:08:42.504+0100] {dagbag.py:588} INFO - Filling up the DagBag from /opt/miniconda3/envs/airflow/lib/python3.8/site-packages/airflow/example_dags/example_trigger_target_dag.py
[2024-10-03T23:08:42.534+0100] {processor.py:925} INFO - DAG(s) 'example_trigger_target_dag' retrieved from /opt/miniconda3/envs/airflow/lib/python3.8/site-packages/airflow/example_dags/example_trigger_target_dag.py
[2024-10-03T23:08:42.566+0100] {logging_mixin.py:190} INFO - [2024-10-03T23:08:42.566+0100] {dag.py:3239} INFO - Sync 1 DAGs
[2024-10-03T23:08:42.570+0100] {logging_mixin.py:190} INFO - [2024-10-03T23:08:42.569+0100] {dag.py:4180} INFO - Setting next_dagrun for example_trigger_target_dag to None, run_after=None
[2024-10-03T23:08:42.575+0100] {processor.py:208} INFO - Processing /opt/miniconda3/envs/airflow/lib/python3.8/site-packages/airflow/example_dags/example_trigger_target_dag.py took 0.074 seconds
[2024-10-03T23:09:39.018+0100] {processor.py:186} INFO - Started process (PID=16693) to work on /opt/miniconda3/envs/airflow/lib/python3.8/site-packages/airflow/example_dags/example_trigger_target_dag.py
[2024-10-03T23:09:39.018+0100] {processor.py:914} INFO - Processing file /opt/miniconda3/envs/airflow/lib/python3.8/site-packages/airflow/example_dags/example_trigger_target_dag.py for tasks to queue
[2024-10-03T23:09:39.019+0100] {logging_mixin.py:190} INFO - [2024-10-03T23:09:39.019+0100] {dagbag.py:588} INFO - Filling up the DagBag from /opt/miniconda3/envs/airflow/lib/python3.8/site-packages/airflow/example_dags/example_trigger_target_dag.py
[2024-10-03T23:09:39.045+0100] {processor.py:925} INFO - DAG(s) 'example_trigger_target_dag' retrieved from /opt/miniconda3/envs/airflow/lib/python3.8/site-packages/airflow/example_dags/example_trigger_target_dag.py
[2024-10-03T23:09:39.076+0100] {logging_mixin.py:190} INFO - [2024-10-03T23:09:39.076+0100] {dag.py:3239} INFO - Sync 1 DAGs
[2024-10-03T23:09:39.080+0100] {logging_mixin.py:190} INFO - [2024-10-03T23:09:39.080+0100] {dag.py:4180} INFO - Setting next_dagrun for example_trigger_target_dag to None, run_after=None
[2024-10-03T23:09:39.086+0100] {processor.py:208} INFO - Processing /opt/miniconda3/envs/airflow/lib/python3.8/site-packages/airflow/example_dags/example_trigger_target_dag.py took 0.069 seconds
[2024-10-03T23:10:40.570+0100] {processor.py:186} INFO - Started process (PID=16777) to work on /opt/miniconda3/envs/airflow/lib/python3.8/site-packages/airflow/example_dags/example_trigger_target_dag.py
[2024-10-03T23:10:40.570+0100] {processor.py:914} INFO - Processing file /opt/miniconda3/envs/airflow/lib/python3.8/site-packages/airflow/example_dags/example_trigger_target_dag.py for tasks to queue
[2024-10-03T23:10:40.571+0100] {logging_mixin.py:190} INFO - [2024-10-03T23:10:40.570+0100] {dagbag.py:588} INFO - Filling up the DagBag from /opt/miniconda3/envs/airflow/lib/python3.8/site-packages/airflow/example_dags/example_trigger_target_dag.py
[2024-10-03T23:10:40.602+0100] {processor.py:925} INFO - DAG(s) 'example_trigger_target_dag' retrieved from /opt/miniconda3/envs/airflow/lib/python3.8/site-packages/airflow/example_dags/example_trigger_target_dag.py
[2024-10-03T23:10:40.635+0100] {logging_mixin.py:190} INFO - [2024-10-03T23:10:40.635+0100] {dag.py:3239} INFO - Sync 1 DAGs
[2024-10-03T23:10:40.639+0100] {logging_mixin.py:190} INFO - [2024-10-03T23:10:40.639+0100] {dag.py:4180} INFO - Setting next_dagrun for example_trigger_target_dag to None, run_after=None
[2024-10-03T23:10:40.645+0100] {processor.py:208} INFO - Processing /opt/miniconda3/envs/airflow/lib/python3.8/site-packages/airflow/example_dags/example_trigger_target_dag.py took 0.077 seconds
[2024-10-03T23:25:58.930+0100] {processor.py:186} INFO - Started process (PID=16867) to work on /opt/miniconda3/envs/airflow/lib/python3.8/site-packages/airflow/example_dags/example_trigger_target_dag.py
[2024-10-03T23:25:58.931+0100] {processor.py:914} INFO - Processing file /opt/miniconda3/envs/airflow/lib/python3.8/site-packages/airflow/example_dags/example_trigger_target_dag.py for tasks to queue
[2024-10-03T23:25:58.931+0100] {logging_mixin.py:190} INFO - [2024-10-03T23:25:58.931+0100] {dagbag.py:588} INFO - Filling up the DagBag from /opt/miniconda3/envs/airflow/lib/python3.8/site-packages/airflow/example_dags/example_trigger_target_dag.py
[2024-10-03T23:25:58.958+0100] {processor.py:925} INFO - DAG(s) 'example_trigger_target_dag' retrieved from /opt/miniconda3/envs/airflow/lib/python3.8/site-packages/airflow/example_dags/example_trigger_target_dag.py
[2024-10-03T23:25:58.989+0100] {logging_mixin.py:190} INFO - [2024-10-03T23:25:58.989+0100] {dag.py:3239} INFO - Sync 1 DAGs
[2024-10-03T23:25:58.992+0100] {logging_mixin.py:190} INFO - [2024-10-03T23:25:58.992+0100] {dag.py:4180} INFO - Setting next_dagrun for example_trigger_target_dag to None, run_after=None
[2024-10-03T23:25:58.998+0100] {processor.py:208} INFO - Processing /opt/miniconda3/envs/airflow/lib/python3.8/site-packages/airflow/example_dags/example_trigger_target_dag.py took 0.069 seconds
[2024-10-03T23:34:45.343+0100] {processor.py:186} INFO - Started process (PID=16953) to work on /opt/miniconda3/envs/airflow/lib/python3.8/site-packages/airflow/example_dags/example_trigger_target_dag.py
[2024-10-03T23:34:45.344+0100] {processor.py:914} INFO - Processing file /opt/miniconda3/envs/airflow/lib/python3.8/site-packages/airflow/example_dags/example_trigger_target_dag.py for tasks to queue
[2024-10-03T23:34:45.345+0100] {logging_mixin.py:190} INFO - [2024-10-03T23:34:45.345+0100] {dagbag.py:588} INFO - Filling up the DagBag from /opt/miniconda3/envs/airflow/lib/python3.8/site-packages/airflow/example_dags/example_trigger_target_dag.py
[2024-10-03T23:34:45.371+0100] {processor.py:925} INFO - DAG(s) 'example_trigger_target_dag' retrieved from /opt/miniconda3/envs/airflow/lib/python3.8/site-packages/airflow/example_dags/example_trigger_target_dag.py
[2024-10-03T23:34:45.402+0100] {logging_mixin.py:190} INFO - [2024-10-03T23:34:45.402+0100] {dag.py:3239} INFO - Sync 1 DAGs
[2024-10-03T23:34:45.406+0100] {logging_mixin.py:190} INFO - [2024-10-03T23:34:45.406+0100] {dag.py:4180} INFO - Setting next_dagrun for example_trigger_target_dag to None, run_after=None
[2024-10-03T23:34:45.411+0100] {processor.py:208} INFO - Processing /opt/miniconda3/envs/airflow/lib/python3.8/site-packages/airflow/example_dags/example_trigger_target_dag.py took 0.070 seconds
[2024-10-03T23:35:42.673+0100] {processor.py:186} INFO - Started process (PID=17027) to work on /opt/miniconda3/envs/airflow/lib/python3.8/site-packages/airflow/example_dags/example_trigger_target_dag.py
[2024-10-03T23:35:42.673+0100] {processor.py:914} INFO - Processing file /opt/miniconda3/envs/airflow/lib/python3.8/site-packages/airflow/example_dags/example_trigger_target_dag.py for tasks to queue
[2024-10-03T23:35:42.674+0100] {logging_mixin.py:190} INFO - [2024-10-03T23:35:42.674+0100] {dagbag.py:588} INFO - Filling up the DagBag from /opt/miniconda3/envs/airflow/lib/python3.8/site-packages/airflow/example_dags/example_trigger_target_dag.py
[2024-10-03T23:35:42.700+0100] {processor.py:925} INFO - DAG(s) 'example_trigger_target_dag' retrieved from /opt/miniconda3/envs/airflow/lib/python3.8/site-packages/airflow/example_dags/example_trigger_target_dag.py
[2024-10-03T23:35:42.731+0100] {logging_mixin.py:190} INFO - [2024-10-03T23:35:42.731+0100] {dag.py:3239} INFO - Sync 1 DAGs
[2024-10-03T23:35:42.735+0100] {logging_mixin.py:190} INFO - [2024-10-03T23:35:42.735+0100] {dag.py:4180} INFO - Setting next_dagrun for example_trigger_target_dag to None, run_after=None
[2024-10-03T23:35:42.741+0100] {processor.py:208} INFO - Processing /opt/miniconda3/envs/airflow/lib/python3.8/site-packages/airflow/example_dags/example_trigger_target_dag.py took 0.069 seconds
[2024-10-03T23:36:44.990+0100] {processor.py:186} INFO - Started process (PID=17105) to work on /opt/miniconda3/envs/airflow/lib/python3.8/site-packages/airflow/example_dags/example_trigger_target_dag.py
[2024-10-03T23:36:44.990+0100] {processor.py:914} INFO - Processing file /opt/miniconda3/envs/airflow/lib/python3.8/site-packages/airflow/example_dags/example_trigger_target_dag.py for tasks to queue
[2024-10-03T23:36:44.991+0100] {logging_mixin.py:190} INFO - [2024-10-03T23:36:44.991+0100] {dagbag.py:588} INFO - Filling up the DagBag from /opt/miniconda3/envs/airflow/lib/python3.8/site-packages/airflow/example_dags/example_trigger_target_dag.py
[2024-10-03T23:36:45.017+0100] {processor.py:925} INFO - DAG(s) 'example_trigger_target_dag' retrieved from /opt/miniconda3/envs/airflow/lib/python3.8/site-packages/airflow/example_dags/example_trigger_target_dag.py
[2024-10-03T23:36:45.049+0100] {logging_mixin.py:190} INFO - [2024-10-03T23:36:45.048+0100] {dag.py:3239} INFO - Sync 1 DAGs
[2024-10-03T23:36:45.052+0100] {logging_mixin.py:190} INFO - [2024-10-03T23:36:45.052+0100] {dag.py:4180} INFO - Setting next_dagrun for example_trigger_target_dag to None, run_after=None
[2024-10-03T23:36:45.058+0100] {processor.py:208} INFO - Processing /opt/miniconda3/envs/airflow/lib/python3.8/site-packages/airflow/example_dags/example_trigger_target_dag.py took 0.069 seconds
[2024-10-03T23:49:06.575+0100] {processor.py:186} INFO - Started process (PID=17194) to work on /opt/miniconda3/envs/airflow/lib/python3.8/site-packages/airflow/example_dags/example_trigger_target_dag.py
[2024-10-03T23:49:06.576+0100] {processor.py:914} INFO - Processing file /opt/miniconda3/envs/airflow/lib/python3.8/site-packages/airflow/example_dags/example_trigger_target_dag.py for tasks to queue
[2024-10-03T23:49:06.576+0100] {logging_mixin.py:190} INFO - [2024-10-03T23:49:06.576+0100] {dagbag.py:588} INFO - Filling up the DagBag from /opt/miniconda3/envs/airflow/lib/python3.8/site-packages/airflow/example_dags/example_trigger_target_dag.py
[2024-10-03T23:49:06.604+0100] {processor.py:925} INFO - DAG(s) 'example_trigger_target_dag' retrieved from /opt/miniconda3/envs/airflow/lib/python3.8/site-packages/airflow/example_dags/example_trigger_target_dag.py
[2024-10-03T23:49:06.635+0100] {logging_mixin.py:190} INFO - [2024-10-03T23:49:06.635+0100] {dag.py:3239} INFO - Sync 1 DAGs
[2024-10-03T23:49:06.639+0100] {logging_mixin.py:190} INFO - [2024-10-03T23:49:06.639+0100] {dag.py:4180} INFO - Setting next_dagrun for example_trigger_target_dag to None, run_after=None
[2024-10-03T23:49:06.645+0100] {processor.py:208} INFO - Processing /opt/miniconda3/envs/airflow/lib/python3.8/site-packages/airflow/example_dags/example_trigger_target_dag.py took 0.071 seconds
