[2024-10-03T23:04:13.568+0100] {processor.py:186} INFO - Started process (PID=16213) to work on /opt/miniconda3/envs/airflow/lib/python3.8/site-packages/airflow/example_dags/example_subdag_operator.py
[2024-10-03T23:04:13.568+0100] {processor.py:914} INFO - Processing file /opt/miniconda3/envs/airflow/lib/python3.8/site-packages/airflow/example_dags/example_subdag_operator.py for tasks to queue
[2024-10-03T23:04:13.569+0100] {logging_mixin.py:190} INFO - [2024-10-03T23:04:13.568+0100] {dagbag.py:588} INFO - Filling up the DagBag from /opt/miniconda3/envs/airflow/lib/python3.8/site-packages/airflow/example_dags/example_subdag_operator.py
[2024-10-03T23:04:13.621+0100] {processor.py:925} INFO - DAG(s) 'example_subdag_operator.section-1', 'example_subdag_operator.section-2', 'example_subdag_operator' retrieved from /opt/miniconda3/envs/airflow/lib/python3.8/site-packages/airflow/example_dags/example_subdag_operator.py
[2024-10-03T23:04:13.625+0100] {logging_mixin.py:190} INFO - [2024-10-03T23:04:13.625+0100] {workday.py:41} WARNING - Could not import pandas. Holidays will not be considered.
[2024-10-03T23:04:13.659+0100] {logging_mixin.py:190} INFO - [2024-10-03T23:04:13.658+0100] {override.py:1900} INFO - Created Permission View: can edit on DAG:example_subdag_operator
[2024-10-03T23:04:13.661+0100] {logging_mixin.py:190} INFO - [2024-10-03T23:04:13.661+0100] {override.py:1900} INFO - Created Permission View: can read on DAG:example_subdag_operator
[2024-10-03T23:04:13.663+0100] {logging_mixin.py:190} INFO - [2024-10-03T23:04:13.663+0100] {override.py:1900} INFO - Created Permission View: can delete on DAG:example_subdag_operator
[2024-10-03T23:04:13.665+0100] {logging_mixin.py:190} INFO - [2024-10-03T23:04:13.665+0100] {override.py:1900} INFO - Created Permission View: menu access on DAG Run:example_subdag_operator
[2024-10-03T23:04:13.667+0100] {logging_mixin.py:190} INFO - [2024-10-03T23:04:13.667+0100] {override.py:1900} INFO - Created Permission View: can delete on DAG Run:example_subdag_operator
[2024-10-03T23:04:13.668+0100] {logging_mixin.py:190} INFO - [2024-10-03T23:04:13.668+0100] {override.py:1900} INFO - Created Permission View: can read on DAG Run:example_subdag_operator
[2024-10-03T23:04:13.670+0100] {logging_mixin.py:190} INFO - [2024-10-03T23:04:13.670+0100] {override.py:1900} INFO - Created Permission View: can create on DAG Run:example_subdag_operator
[2024-10-03T23:04:13.670+0100] {logging_mixin.py:190} INFO - [2024-10-03T23:04:13.670+0100] {dag.py:3239} INFO - Sync 3 DAGs
[2024-10-03T23:04:13.674+0100] {logging_mixin.py:190} INFO - [2024-10-03T23:04:13.674+0100] {dag.py:3262} INFO - Creating ORM DAG for example_subdag_operator.section-2
[2024-10-03T23:04:13.674+0100] {logging_mixin.py:190} INFO - [2024-10-03T23:04:13.674+0100] {dag.py:3262} INFO - Creating ORM DAG for example_subdag_operator
[2024-10-03T23:04:13.674+0100] {logging_mixin.py:190} INFO - [2024-10-03T23:04:13.674+0100] {dag.py:3262} INFO - Creating ORM DAG for example_subdag_operator.section-1
[2024-10-03T23:04:13.676+0100] {logging_mixin.py:190} INFO - [2024-10-03T23:04:13.676+0100] {dag.py:4180} INFO - Setting next_dagrun for example_subdag_operator to 2022-01-01 00:00:00+00:00, run_after=2022-01-01 00:00:00+00:00
[2024-10-03T23:04:13.677+0100] {logging_mixin.py:190} INFO - [2024-10-03T23:04:13.677+0100] {dag.py:4180} INFO - Setting next_dagrun for example_subdag_operator.section-1 to None, run_after=None
[2024-10-03T23:04:13.677+0100] {logging_mixin.py:190} INFO - [2024-10-03T23:04:13.677+0100] {dag.py:4180} INFO - Setting next_dagrun for example_subdag_operator.section-2 to None, run_after=None
[2024-10-03T23:04:13.679+0100] {logging_mixin.py:190} INFO - [2024-10-03T23:04:13.679+0100] {dag.py:3239} INFO - Sync 2 DAGs
[2024-10-03T23:04:13.680+0100] {logging_mixin.py:190} INFO - [2024-10-03T23:04:13.680+0100] {dag.py:4180} INFO - Setting next_dagrun for example_subdag_operator.section-1 to None, run_after=None
[2024-10-03T23:04:13.681+0100] {logging_mixin.py:190} INFO - [2024-10-03T23:04:13.681+0100] {dag.py:4180} INFO - Setting next_dagrun for example_subdag_operator.section-2 to None, run_after=None
[2024-10-03T23:04:13.684+0100] {processor.py:208} INFO - Processing /opt/miniconda3/envs/airflow/lib/python3.8/site-packages/airflow/example_dags/example_subdag_operator.py took 0.118 seconds
[2024-10-03T23:05:47.458+0100] {processor.py:186} INFO - Started process (PID=16364) to work on /opt/miniconda3/envs/airflow/lib/python3.8/site-packages/airflow/example_dags/example_subdag_operator.py
[2024-10-03T23:05:47.459+0100] {processor.py:914} INFO - Processing file /opt/miniconda3/envs/airflow/lib/python3.8/site-packages/airflow/example_dags/example_subdag_operator.py for tasks to queue
[2024-10-03T23:05:47.459+0100] {logging_mixin.py:190} INFO - [2024-10-03T23:05:47.459+0100] {dagbag.py:588} INFO - Filling up the DagBag from /opt/miniconda3/envs/airflow/lib/python3.8/site-packages/airflow/example_dags/example_subdag_operator.py
[2024-10-03T23:05:47.519+0100] {processor.py:925} INFO - DAG(s) 'example_subdag_operator.section-1', 'example_subdag_operator.section-2', 'example_subdag_operator' retrieved from /opt/miniconda3/envs/airflow/lib/python3.8/site-packages/airflow/example_dags/example_subdag_operator.py
[2024-10-03T23:05:47.524+0100] {logging_mixin.py:190} INFO - [2024-10-03T23:05:47.524+0100] {workday.py:41} WARNING - Could not import pandas. Holidays will not be considered.
[2024-10-03T23:05:47.531+0100] {logging_mixin.py:190} INFO - [2024-10-03T23:05:47.531+0100] {dag.py:3239} INFO - Sync 3 DAGs
[2024-10-03T23:05:47.537+0100] {logging_mixin.py:190} INFO - [2024-10-03T23:05:47.537+0100] {dag.py:4180} INFO - Setting next_dagrun for example_subdag_operator to 2022-01-01 00:00:00+00:00, run_after=2022-01-01 00:00:00+00:00
[2024-10-03T23:05:47.538+0100] {logging_mixin.py:190} INFO - [2024-10-03T23:05:47.538+0100] {dag.py:4180} INFO - Setting next_dagrun for example_subdag_operator.section-1 to None, run_after=None
[2024-10-03T23:05:47.539+0100] {logging_mixin.py:190} INFO - [2024-10-03T23:05:47.539+0100] {dag.py:4180} INFO - Setting next_dagrun for example_subdag_operator.section-2 to None, run_after=None
[2024-10-03T23:05:47.541+0100] {logging_mixin.py:190} INFO - [2024-10-03T23:05:47.541+0100] {dag.py:3239} INFO - Sync 2 DAGs
[2024-10-03T23:05:47.542+0100] {logging_mixin.py:190} INFO - [2024-10-03T23:05:47.542+0100] {dag.py:4180} INFO - Setting next_dagrun for example_subdag_operator.section-1 to None, run_after=None
[2024-10-03T23:05:47.542+0100] {logging_mixin.py:190} INFO - [2024-10-03T23:05:47.542+0100] {dag.py:4180} INFO - Setting next_dagrun for example_subdag_operator.section-2 to None, run_after=None
[2024-10-03T23:05:47.547+0100] {processor.py:208} INFO - Processing /opt/miniconda3/envs/airflow/lib/python3.8/site-packages/airflow/example_dags/example_subdag_operator.py took 0.091 seconds
[2024-10-03T23:06:51.020+0100] {processor.py:186} INFO - Started process (PID=16453) to work on /opt/miniconda3/envs/airflow/lib/python3.8/site-packages/airflow/example_dags/example_subdag_operator.py
[2024-10-03T23:06:51.021+0100] {processor.py:914} INFO - Processing file /opt/miniconda3/envs/airflow/lib/python3.8/site-packages/airflow/example_dags/example_subdag_operator.py for tasks to queue
[2024-10-03T23:06:51.021+0100] {logging_mixin.py:190} INFO - [2024-10-03T23:06:51.021+0100] {dagbag.py:588} INFO - Filling up the DagBag from /opt/miniconda3/envs/airflow/lib/python3.8/site-packages/airflow/example_dags/example_subdag_operator.py
[2024-10-03T23:06:51.072+0100] {processor.py:925} INFO - DAG(s) 'example_subdag_operator.section-1', 'example_subdag_operator.section-2', 'example_subdag_operator' retrieved from /opt/miniconda3/envs/airflow/lib/python3.8/site-packages/airflow/example_dags/example_subdag_operator.py
[2024-10-03T23:06:51.077+0100] {logging_mixin.py:190} INFO - [2024-10-03T23:06:51.077+0100] {workday.py:41} WARNING - Could not import pandas. Holidays will not be considered.
[2024-10-03T23:06:51.083+0100] {logging_mixin.py:190} INFO - [2024-10-03T23:06:51.083+0100] {dag.py:3239} INFO - Sync 3 DAGs
[2024-10-03T23:06:51.088+0100] {logging_mixin.py:190} INFO - [2024-10-03T23:06:51.088+0100] {dag.py:4180} INFO - Setting next_dagrun for example_subdag_operator to 2022-01-01 00:00:00+00:00, run_after=2022-01-01 00:00:00+00:00
[2024-10-03T23:06:51.089+0100] {logging_mixin.py:190} INFO - [2024-10-03T23:06:51.089+0100] {dag.py:4180} INFO - Setting next_dagrun for example_subdag_operator.section-1 to None, run_after=None
[2024-10-03T23:06:51.089+0100] {logging_mixin.py:190} INFO - [2024-10-03T23:06:51.089+0100] {dag.py:4180} INFO - Setting next_dagrun for example_subdag_operator.section-2 to None, run_after=None
[2024-10-03T23:06:51.091+0100] {logging_mixin.py:190} INFO - [2024-10-03T23:06:51.091+0100] {dag.py:3239} INFO - Sync 2 DAGs
[2024-10-03T23:06:51.092+0100] {logging_mixin.py:190} INFO - [2024-10-03T23:06:51.092+0100] {dag.py:4180} INFO - Setting next_dagrun for example_subdag_operator.section-1 to None, run_after=None
[2024-10-03T23:06:51.093+0100] {logging_mixin.py:190} INFO - [2024-10-03T23:06:51.093+0100] {dag.py:4180} INFO - Setting next_dagrun for example_subdag_operator.section-2 to None, run_after=None
[2024-10-03T23:06:51.096+0100] {processor.py:208} INFO - Processing /opt/miniconda3/envs/airflow/lib/python3.8/site-packages/airflow/example_dags/example_subdag_operator.py took 0.078 seconds
[2024-10-03T23:07:52.301+0100] {processor.py:186} INFO - Started process (PID=16546) to work on /opt/miniconda3/envs/airflow/lib/python3.8/site-packages/airflow/example_dags/example_subdag_operator.py
[2024-10-03T23:07:52.302+0100] {processor.py:914} INFO - Processing file /opt/miniconda3/envs/airflow/lib/python3.8/site-packages/airflow/example_dags/example_subdag_operator.py for tasks to queue
[2024-10-03T23:07:52.302+0100] {logging_mixin.py:190} INFO - [2024-10-03T23:07:52.302+0100] {dagbag.py:588} INFO - Filling up the DagBag from /opt/miniconda3/envs/airflow/lib/python3.8/site-packages/airflow/example_dags/example_subdag_operator.py
[2024-10-03T23:07:52.353+0100] {processor.py:925} INFO - DAG(s) 'example_subdag_operator.section-1', 'example_subdag_operator.section-2', 'example_subdag_operator' retrieved from /opt/miniconda3/envs/airflow/lib/python3.8/site-packages/airflow/example_dags/example_subdag_operator.py
[2024-10-03T23:07:52.357+0100] {logging_mixin.py:190} INFO - [2024-10-03T23:07:52.357+0100] {workday.py:41} WARNING - Could not import pandas. Holidays will not be considered.
[2024-10-03T23:07:52.363+0100] {logging_mixin.py:190} INFO - [2024-10-03T23:07:52.363+0100] {dag.py:3239} INFO - Sync 3 DAGs
[2024-10-03T23:07:52.369+0100] {logging_mixin.py:190} INFO - [2024-10-03T23:07:52.369+0100] {dag.py:4180} INFO - Setting next_dagrun for example_subdag_operator to 2022-01-01 00:00:00+00:00, run_after=2022-01-01 00:00:00+00:00
[2024-10-03T23:07:52.369+0100] {logging_mixin.py:190} INFO - [2024-10-03T23:07:52.369+0100] {dag.py:4180} INFO - Setting next_dagrun for example_subdag_operator.section-1 to None, run_after=None
[2024-10-03T23:07:52.370+0100] {logging_mixin.py:190} INFO - [2024-10-03T23:07:52.370+0100] {dag.py:4180} INFO - Setting next_dagrun for example_subdag_operator.section-2 to None, run_after=None
[2024-10-03T23:07:52.372+0100] {logging_mixin.py:190} INFO - [2024-10-03T23:07:52.372+0100] {dag.py:3239} INFO - Sync 2 DAGs
[2024-10-03T23:07:52.373+0100] {logging_mixin.py:190} INFO - [2024-10-03T23:07:52.373+0100] {dag.py:4180} INFO - Setting next_dagrun for example_subdag_operator.section-1 to None, run_after=None
[2024-10-03T23:07:52.373+0100] {logging_mixin.py:190} INFO - [2024-10-03T23:07:52.373+0100] {dag.py:4180} INFO - Setting next_dagrun for example_subdag_operator.section-2 to None, run_after=None
[2024-10-03T23:07:52.376+0100] {processor.py:208} INFO - Processing /opt/miniconda3/envs/airflow/lib/python3.8/site-packages/airflow/example_dags/example_subdag_operator.py took 0.078 seconds
[2024-10-03T23:09:44.125+0100] {processor.py:186} INFO - Started process (PID=16699) to work on /opt/miniconda3/envs/airflow/lib/python3.8/site-packages/airflow/example_dags/example_subdag_operator.py
[2024-10-03T23:09:44.125+0100] {processor.py:914} INFO - Processing file /opt/miniconda3/envs/airflow/lib/python3.8/site-packages/airflow/example_dags/example_subdag_operator.py for tasks to queue
[2024-10-03T23:09:44.125+0100] {logging_mixin.py:190} INFO - [2024-10-03T23:09:44.125+0100] {dagbag.py:588} INFO - Filling up the DagBag from /opt/miniconda3/envs/airflow/lib/python3.8/site-packages/airflow/example_dags/example_subdag_operator.py
[2024-10-03T23:09:44.175+0100] {processor.py:925} INFO - DAG(s) 'example_subdag_operator.section-1', 'example_subdag_operator.section-2', 'example_subdag_operator' retrieved from /opt/miniconda3/envs/airflow/lib/python3.8/site-packages/airflow/example_dags/example_subdag_operator.py
[2024-10-03T23:09:44.180+0100] {logging_mixin.py:190} INFO - [2024-10-03T23:09:44.180+0100] {workday.py:41} WARNING - Could not import pandas. Holidays will not be considered.
[2024-10-03T23:09:44.186+0100] {logging_mixin.py:190} INFO - [2024-10-03T23:09:44.185+0100] {dag.py:3239} INFO - Sync 3 DAGs
[2024-10-03T23:09:44.191+0100] {logging_mixin.py:190} INFO - [2024-10-03T23:09:44.191+0100] {dag.py:4180} INFO - Setting next_dagrun for example_subdag_operator to 2022-01-01 00:00:00+00:00, run_after=2022-01-01 00:00:00+00:00
[2024-10-03T23:09:44.192+0100] {logging_mixin.py:190} INFO - [2024-10-03T23:09:44.192+0100] {dag.py:4180} INFO - Setting next_dagrun for example_subdag_operator.section-1 to None, run_after=None
[2024-10-03T23:09:44.192+0100] {logging_mixin.py:190} INFO - [2024-10-03T23:09:44.192+0100] {dag.py:4180} INFO - Setting next_dagrun for example_subdag_operator.section-2 to None, run_after=None
[2024-10-03T23:09:44.194+0100] {logging_mixin.py:190} INFO - [2024-10-03T23:09:44.194+0100] {dag.py:3239} INFO - Sync 2 DAGs
[2024-10-03T23:09:44.195+0100] {logging_mixin.py:190} INFO - [2024-10-03T23:09:44.195+0100] {dag.py:4180} INFO - Setting next_dagrun for example_subdag_operator.section-1 to None, run_after=None
[2024-10-03T23:09:44.195+0100] {logging_mixin.py:190} INFO - [2024-10-03T23:09:44.195+0100] {dag.py:4180} INFO - Setting next_dagrun for example_subdag_operator.section-2 to None, run_after=None
[2024-10-03T23:09:44.199+0100] {processor.py:208} INFO - Processing /opt/miniconda3/envs/airflow/lib/python3.8/site-packages/airflow/example_dags/example_subdag_operator.py took 0.076 seconds
[2024-10-03T23:10:49.386+0100] {processor.py:186} INFO - Started process (PID=16787) to work on /opt/miniconda3/envs/airflow/lib/python3.8/site-packages/airflow/example_dags/example_subdag_operator.py
[2024-10-03T23:10:49.387+0100] {processor.py:914} INFO - Processing file /opt/miniconda3/envs/airflow/lib/python3.8/site-packages/airflow/example_dags/example_subdag_operator.py for tasks to queue
[2024-10-03T23:10:49.387+0100] {logging_mixin.py:190} INFO - [2024-10-03T23:10:49.387+0100] {dagbag.py:588} INFO - Filling up the DagBag from /opt/miniconda3/envs/airflow/lib/python3.8/site-packages/airflow/example_dags/example_subdag_operator.py
[2024-10-03T23:10:49.438+0100] {processor.py:925} INFO - DAG(s) 'example_subdag_operator.section-1', 'example_subdag_operator.section-2', 'example_subdag_operator' retrieved from /opt/miniconda3/envs/airflow/lib/python3.8/site-packages/airflow/example_dags/example_subdag_operator.py
[2024-10-03T23:10:49.443+0100] {logging_mixin.py:190} INFO - [2024-10-03T23:10:49.442+0100] {workday.py:41} WARNING - Could not import pandas. Holidays will not be considered.
[2024-10-03T23:10:49.449+0100] {logging_mixin.py:190} INFO - [2024-10-03T23:10:49.449+0100] {dag.py:3239} INFO - Sync 3 DAGs
[2024-10-03T23:10:49.454+0100] {logging_mixin.py:190} INFO - [2024-10-03T23:10:49.454+0100] {dag.py:4180} INFO - Setting next_dagrun for example_subdag_operator to 2022-01-01 00:00:00+00:00, run_after=2022-01-01 00:00:00+00:00
[2024-10-03T23:10:49.455+0100] {logging_mixin.py:190} INFO - [2024-10-03T23:10:49.455+0100] {dag.py:4180} INFO - Setting next_dagrun for example_subdag_operator.section-1 to None, run_after=None
[2024-10-03T23:10:49.455+0100] {logging_mixin.py:190} INFO - [2024-10-03T23:10:49.455+0100] {dag.py:4180} INFO - Setting next_dagrun for example_subdag_operator.section-2 to None, run_after=None
[2024-10-03T23:10:49.458+0100] {logging_mixin.py:190} INFO - [2024-10-03T23:10:49.458+0100] {dag.py:3239} INFO - Sync 2 DAGs
[2024-10-03T23:10:49.459+0100] {logging_mixin.py:190} INFO - [2024-10-03T23:10:49.459+0100] {dag.py:4180} INFO - Setting next_dagrun for example_subdag_operator.section-1 to None, run_after=None
[2024-10-03T23:10:49.459+0100] {logging_mixin.py:190} INFO - [2024-10-03T23:10:49.459+0100] {dag.py:4180} INFO - Setting next_dagrun for example_subdag_operator.section-2 to None, run_after=None
[2024-10-03T23:10:49.463+0100] {processor.py:208} INFO - Processing /opt/miniconda3/envs/airflow/lib/python3.8/site-packages/airflow/example_dags/example_subdag_operator.py took 0.078 seconds
[2024-10-03T23:33:52.882+0100] {processor.py:186} INFO - Started process (PID=16882) to work on /opt/miniconda3/envs/airflow/lib/python3.8/site-packages/airflow/example_dags/example_subdag_operator.py
[2024-10-03T23:33:52.882+0100] {processor.py:914} INFO - Processing file /opt/miniconda3/envs/airflow/lib/python3.8/site-packages/airflow/example_dags/example_subdag_operator.py for tasks to queue
[2024-10-03T23:33:52.883+0100] {logging_mixin.py:190} INFO - [2024-10-03T23:33:52.883+0100] {dagbag.py:588} INFO - Filling up the DagBag from /opt/miniconda3/envs/airflow/lib/python3.8/site-packages/airflow/example_dags/example_subdag_operator.py
[2024-10-03T23:33:52.933+0100] {processor.py:925} INFO - DAG(s) 'example_subdag_operator.section-1', 'example_subdag_operator.section-2', 'example_subdag_operator' retrieved from /opt/miniconda3/envs/airflow/lib/python3.8/site-packages/airflow/example_dags/example_subdag_operator.py
[2024-10-03T23:33:52.937+0100] {logging_mixin.py:190} INFO - [2024-10-03T23:33:52.937+0100] {workday.py:41} WARNING - Could not import pandas. Holidays will not be considered.
[2024-10-03T23:33:52.943+0100] {logging_mixin.py:190} INFO - [2024-10-03T23:33:52.943+0100] {dag.py:3239} INFO - Sync 3 DAGs
[2024-10-03T23:33:52.948+0100] {logging_mixin.py:190} INFO - [2024-10-03T23:33:52.948+0100] {dag.py:4180} INFO - Setting next_dagrun for example_subdag_operator to 2022-01-01 00:00:00+00:00, run_after=2022-01-01 00:00:00+00:00
[2024-10-03T23:33:52.949+0100] {logging_mixin.py:190} INFO - [2024-10-03T23:33:52.949+0100] {dag.py:4180} INFO - Setting next_dagrun for example_subdag_operator.section-1 to None, run_after=None
[2024-10-03T23:33:52.949+0100] {logging_mixin.py:190} INFO - [2024-10-03T23:33:52.949+0100] {dag.py:4180} INFO - Setting next_dagrun for example_subdag_operator.section-2 to None, run_after=None
[2024-10-03T23:33:52.951+0100] {logging_mixin.py:190} INFO - [2024-10-03T23:33:52.951+0100] {dag.py:3239} INFO - Sync 2 DAGs
[2024-10-03T23:33:52.952+0100] {logging_mixin.py:190} INFO - [2024-10-03T23:33:52.952+0100] {dag.py:4180} INFO - Setting next_dagrun for example_subdag_operator.section-1 to None, run_after=None
[2024-10-03T23:33:52.952+0100] {logging_mixin.py:190} INFO - [2024-10-03T23:33:52.952+0100] {dag.py:4180} INFO - Setting next_dagrun for example_subdag_operator.section-2 to None, run_after=None
[2024-10-03T23:33:52.956+0100] {processor.py:208} INFO - Processing /opt/miniconda3/envs/airflow/lib/python3.8/site-packages/airflow/example_dags/example_subdag_operator.py took 0.076 seconds
[2024-10-03T23:34:52.737+0100] {processor.py:186} INFO - Started process (PID=16963) to work on /opt/miniconda3/envs/airflow/lib/python3.8/site-packages/airflow/example_dags/example_subdag_operator.py
[2024-10-03T23:34:52.738+0100] {processor.py:914} INFO - Processing file /opt/miniconda3/envs/airflow/lib/python3.8/site-packages/airflow/example_dags/example_subdag_operator.py for tasks to queue
[2024-10-03T23:34:52.738+0100] {logging_mixin.py:190} INFO - [2024-10-03T23:34:52.738+0100] {dagbag.py:588} INFO - Filling up the DagBag from /opt/miniconda3/envs/airflow/lib/python3.8/site-packages/airflow/example_dags/example_subdag_operator.py
[2024-10-03T23:34:52.787+0100] {processor.py:925} INFO - DAG(s) 'example_subdag_operator.section-1', 'example_subdag_operator.section-2', 'example_subdag_operator' retrieved from /opt/miniconda3/envs/airflow/lib/python3.8/site-packages/airflow/example_dags/example_subdag_operator.py
[2024-10-03T23:34:52.792+0100] {logging_mixin.py:190} INFO - [2024-10-03T23:34:52.792+0100] {workday.py:41} WARNING - Could not import pandas. Holidays will not be considered.
[2024-10-03T23:34:52.798+0100] {logging_mixin.py:190} INFO - [2024-10-03T23:34:52.798+0100] {dag.py:3239} INFO - Sync 3 DAGs
[2024-10-03T23:34:52.803+0100] {logging_mixin.py:190} INFO - [2024-10-03T23:34:52.803+0100] {dag.py:4180} INFO - Setting next_dagrun for example_subdag_operator to 2022-01-01 00:00:00+00:00, run_after=2022-01-01 00:00:00+00:00
[2024-10-03T23:34:52.804+0100] {logging_mixin.py:190} INFO - [2024-10-03T23:34:52.804+0100] {dag.py:4180} INFO - Setting next_dagrun for example_subdag_operator.section-1 to None, run_after=None
[2024-10-03T23:34:52.804+0100] {logging_mixin.py:190} INFO - [2024-10-03T23:34:52.804+0100] {dag.py:4180} INFO - Setting next_dagrun for example_subdag_operator.section-2 to None, run_after=None
[2024-10-03T23:34:52.806+0100] {logging_mixin.py:190} INFO - [2024-10-03T23:34:52.806+0100] {dag.py:3239} INFO - Sync 2 DAGs
[2024-10-03T23:34:52.807+0100] {logging_mixin.py:190} INFO - [2024-10-03T23:34:52.807+0100] {dag.py:4180} INFO - Setting next_dagrun for example_subdag_operator.section-1 to None, run_after=None
[2024-10-03T23:34:52.807+0100] {logging_mixin.py:190} INFO - [2024-10-03T23:34:52.807+0100] {dag.py:4180} INFO - Setting next_dagrun for example_subdag_operator.section-2 to None, run_after=None
[2024-10-03T23:34:52.811+0100] {processor.py:208} INFO - Processing /opt/miniconda3/envs/airflow/lib/python3.8/site-packages/airflow/example_dags/example_subdag_operator.py took 0.076 seconds
[2024-10-03T23:39:47.156+0100] {processor.py:186} INFO - Started process (PID=17119) to work on /opt/miniconda3/envs/airflow/lib/python3.8/site-packages/airflow/example_dags/example_subdag_operator.py
[2024-10-03T23:39:47.156+0100] {processor.py:914} INFO - Processing file /opt/miniconda3/envs/airflow/lib/python3.8/site-packages/airflow/example_dags/example_subdag_operator.py for tasks to queue
[2024-10-03T23:39:47.157+0100] {logging_mixin.py:190} INFO - [2024-10-03T23:39:47.157+0100] {dagbag.py:588} INFO - Filling up the DagBag from /opt/miniconda3/envs/airflow/lib/python3.8/site-packages/airflow/example_dags/example_subdag_operator.py
[2024-10-03T23:39:47.206+0100] {processor.py:925} INFO - DAG(s) 'example_subdag_operator.section-1', 'example_subdag_operator.section-2', 'example_subdag_operator' retrieved from /opt/miniconda3/envs/airflow/lib/python3.8/site-packages/airflow/example_dags/example_subdag_operator.py
[2024-10-03T23:39:47.210+0100] {logging_mixin.py:190} INFO - [2024-10-03T23:39:47.210+0100] {workday.py:41} WARNING - Could not import pandas. Holidays will not be considered.
[2024-10-03T23:39:47.216+0100] {logging_mixin.py:190} INFO - [2024-10-03T23:39:47.216+0100] {dag.py:3239} INFO - Sync 3 DAGs
[2024-10-03T23:39:47.221+0100] {logging_mixin.py:190} INFO - [2024-10-03T23:39:47.221+0100] {dag.py:4180} INFO - Setting next_dagrun for example_subdag_operator to 2022-01-01 00:00:00+00:00, run_after=2022-01-01 00:00:00+00:00
[2024-10-03T23:39:47.222+0100] {logging_mixin.py:190} INFO - [2024-10-03T23:39:47.222+0100] {dag.py:4180} INFO - Setting next_dagrun for example_subdag_operator.section-1 to None, run_after=None
[2024-10-03T23:39:47.223+0100] {logging_mixin.py:190} INFO - [2024-10-03T23:39:47.222+0100] {dag.py:4180} INFO - Setting next_dagrun for example_subdag_operator.section-2 to None, run_after=None
[2024-10-03T23:39:47.225+0100] {logging_mixin.py:190} INFO - [2024-10-03T23:39:47.225+0100] {dag.py:3239} INFO - Sync 2 DAGs
[2024-10-03T23:39:47.226+0100] {logging_mixin.py:190} INFO - [2024-10-03T23:39:47.226+0100] {dag.py:4180} INFO - Setting next_dagrun for example_subdag_operator.section-1 to None, run_after=None
[2024-10-03T23:39:47.226+0100] {logging_mixin.py:190} INFO - [2024-10-03T23:39:47.226+0100] {dag.py:4180} INFO - Setting next_dagrun for example_subdag_operator.section-2 to None, run_after=None
[2024-10-03T23:39:47.230+0100] {processor.py:208} INFO - Processing /opt/miniconda3/envs/airflow/lib/python3.8/site-packages/airflow/example_dags/example_subdag_operator.py took 0.075 seconds
[2024-10-03T23:49:15.119+0100] {processor.py:186} INFO - Started process (PID=17205) to work on /opt/miniconda3/envs/airflow/lib/python3.8/site-packages/airflow/example_dags/example_subdag_operator.py
[2024-10-03T23:49:15.119+0100] {processor.py:914} INFO - Processing file /opt/miniconda3/envs/airflow/lib/python3.8/site-packages/airflow/example_dags/example_subdag_operator.py for tasks to queue
[2024-10-03T23:49:15.119+0100] {logging_mixin.py:190} INFO - [2024-10-03T23:49:15.119+0100] {dagbag.py:588} INFO - Filling up the DagBag from /opt/miniconda3/envs/airflow/lib/python3.8/site-packages/airflow/example_dags/example_subdag_operator.py
[2024-10-03T23:49:15.168+0100] {processor.py:925} INFO - DAG(s) 'example_subdag_operator.section-1', 'example_subdag_operator.section-2', 'example_subdag_operator' retrieved from /opt/miniconda3/envs/airflow/lib/python3.8/site-packages/airflow/example_dags/example_subdag_operator.py
[2024-10-03T23:49:15.173+0100] {logging_mixin.py:190} INFO - [2024-10-03T23:49:15.172+0100] {workday.py:41} WARNING - Could not import pandas. Holidays will not be considered.
[2024-10-03T23:49:15.178+0100] {logging_mixin.py:190} INFO - [2024-10-03T23:49:15.178+0100] {dag.py:3239} INFO - Sync 3 DAGs
[2024-10-03T23:49:15.184+0100] {logging_mixin.py:190} INFO - [2024-10-03T23:49:15.184+0100] {dag.py:4180} INFO - Setting next_dagrun for example_subdag_operator to 2022-01-01 00:00:00+00:00, run_after=2022-01-01 00:00:00+00:00
[2024-10-03T23:49:15.185+0100] {logging_mixin.py:190} INFO - [2024-10-03T23:49:15.185+0100] {dag.py:4180} INFO - Setting next_dagrun for example_subdag_operator.section-1 to None, run_after=None
[2024-10-03T23:49:15.185+0100] {logging_mixin.py:190} INFO - [2024-10-03T23:49:15.185+0100] {dag.py:4180} INFO - Setting next_dagrun for example_subdag_operator.section-2 to None, run_after=None
[2024-10-03T23:49:15.187+0100] {logging_mixin.py:190} INFO - [2024-10-03T23:49:15.187+0100] {dag.py:3239} INFO - Sync 2 DAGs
[2024-10-03T23:49:15.188+0100] {logging_mixin.py:190} INFO - [2024-10-03T23:49:15.188+0100] {dag.py:4180} INFO - Setting next_dagrun for example_subdag_operator.section-1 to None, run_after=None
[2024-10-03T23:49:15.188+0100] {logging_mixin.py:190} INFO - [2024-10-03T23:49:15.188+0100] {dag.py:4180} INFO - Setting next_dagrun for example_subdag_operator.section-2 to None, run_after=None
[2024-10-03T23:49:15.192+0100] {processor.py:208} INFO - Processing /opt/miniconda3/envs/airflow/lib/python3.8/site-packages/airflow/example_dags/example_subdag_operator.py took 0.075 seconds
