[2024-10-03T23:04:06.469+0100] {processor.py:186} INFO - Started process (PID=16205) to work on /opt/miniconda3/envs/airflow/lib/python3.8/site-packages/airflow/example_dags/example_trigger_controller_dag.py
[2024-10-03T23:04:06.469+0100] {processor.py:914} INFO - Processing file /opt/miniconda3/envs/airflow/lib/python3.8/site-packages/airflow/example_dags/example_trigger_controller_dag.py for tasks to queue
[2024-10-03T23:04:06.470+0100] {logging_mixin.py:190} INFO - [2024-10-03T23:04:06.470+0100] {dagbag.py:588} INFO - Filling up the DagBag from /opt/miniconda3/envs/airflow/lib/python3.8/site-packages/airflow/example_dags/example_trigger_controller_dag.py
[2024-10-03T23:04:06.491+0100] {processor.py:925} INFO - DAG(s) 'example_trigger_controller_dag' retrieved from /opt/miniconda3/envs/airflow/lib/python3.8/site-packages/airflow/example_dags/example_trigger_controller_dag.py
[2024-10-03T23:04:06.549+0100] {logging_mixin.py:190} INFO - [2024-10-03T23:04:06.548+0100] {override.py:1900} INFO - Created Permission View: can read on DAG:example_trigger_controller_dag
[2024-10-03T23:04:06.551+0100] {logging_mixin.py:190} INFO - [2024-10-03T23:04:06.551+0100] {override.py:1900} INFO - Created Permission View: can delete on DAG:example_trigger_controller_dag
[2024-10-03T23:04:06.553+0100] {logging_mixin.py:190} INFO - [2024-10-03T23:04:06.553+0100] {override.py:1900} INFO - Created Permission View: can edit on DAG:example_trigger_controller_dag
[2024-10-03T23:04:06.555+0100] {logging_mixin.py:190} INFO - [2024-10-03T23:04:06.555+0100] {override.py:1900} INFO - Created Permission View: can read on DAG Run:example_trigger_controller_dag
[2024-10-03T23:04:06.557+0100] {logging_mixin.py:190} INFO - [2024-10-03T23:04:06.557+0100] {override.py:1900} INFO - Created Permission View: can delete on DAG Run:example_trigger_controller_dag
[2024-10-03T23:04:06.558+0100] {logging_mixin.py:190} INFO - [2024-10-03T23:04:06.558+0100] {override.py:1900} INFO - Created Permission View: menu access on DAG Run:example_trigger_controller_dag
[2024-10-03T23:04:06.560+0100] {logging_mixin.py:190} INFO - [2024-10-03T23:04:06.560+0100] {override.py:1900} INFO - Created Permission View: can create on DAG Run:example_trigger_controller_dag
[2024-10-03T23:04:06.560+0100] {logging_mixin.py:190} INFO - [2024-10-03T23:04:06.560+0100] {dag.py:3239} INFO - Sync 1 DAGs
[2024-10-03T23:04:06.564+0100] {logging_mixin.py:190} INFO - [2024-10-03T23:04:06.564+0100] {dag.py:3262} INFO - Creating ORM DAG for example_trigger_controller_dag
[2024-10-03T23:04:06.566+0100] {logging_mixin.py:190} INFO - [2024-10-03T23:04:06.566+0100] {dag.py:4180} INFO - Setting next_dagrun for example_trigger_controller_dag to 2021-01-01 00:00:00+00:00, run_after=2021-01-01 00:00:00+00:00
[2024-10-03T23:04:06.571+0100] {processor.py:208} INFO - Processing /opt/miniconda3/envs/airflow/lib/python3.8/site-packages/airflow/example_dags/example_trigger_controller_dag.py took 0.103 seconds
[2024-10-03T23:05:41.615+0100] {processor.py:186} INFO - Started process (PID=16356) to work on /opt/miniconda3/envs/airflow/lib/python3.8/site-packages/airflow/example_dags/example_trigger_controller_dag.py
[2024-10-03T23:05:41.616+0100] {processor.py:914} INFO - Processing file /opt/miniconda3/envs/airflow/lib/python3.8/site-packages/airflow/example_dags/example_trigger_controller_dag.py for tasks to queue
[2024-10-03T23:05:41.616+0100] {logging_mixin.py:190} INFO - [2024-10-03T23:05:41.616+0100] {dagbag.py:588} INFO - Filling up the DagBag from /opt/miniconda3/envs/airflow/lib/python3.8/site-packages/airflow/example_dags/example_trigger_controller_dag.py
[2024-10-03T23:05:41.638+0100] {processor.py:925} INFO - DAG(s) 'example_trigger_controller_dag' retrieved from /opt/miniconda3/envs/airflow/lib/python3.8/site-packages/airflow/example_dags/example_trigger_controller_dag.py
[2024-10-03T23:05:41.669+0100] {logging_mixin.py:190} INFO - [2024-10-03T23:05:41.669+0100] {dag.py:3239} INFO - Sync 1 DAGs
[2024-10-03T23:05:41.674+0100] {logging_mixin.py:190} INFO - [2024-10-03T23:05:41.674+0100] {dag.py:4180} INFO - Setting next_dagrun for example_trigger_controller_dag to 2021-01-01 00:00:00+00:00, run_after=2021-01-01 00:00:00+00:00
[2024-10-03T23:05:41.679+0100] {processor.py:208} INFO - Processing /opt/miniconda3/envs/airflow/lib/python3.8/site-packages/airflow/example_dags/example_trigger_controller_dag.py took 0.066 seconds
[2024-10-03T23:06:45.444+0100] {processor.py:186} INFO - Started process (PID=16445) to work on /opt/miniconda3/envs/airflow/lib/python3.8/site-packages/airflow/example_dags/example_trigger_controller_dag.py
[2024-10-03T23:06:45.445+0100] {processor.py:914} INFO - Processing file /opt/miniconda3/envs/airflow/lib/python3.8/site-packages/airflow/example_dags/example_trigger_controller_dag.py for tasks to queue
[2024-10-03T23:06:45.445+0100] {logging_mixin.py:190} INFO - [2024-10-03T23:06:45.445+0100] {dagbag.py:588} INFO - Filling up the DagBag from /opt/miniconda3/envs/airflow/lib/python3.8/site-packages/airflow/example_dags/example_trigger_controller_dag.py
[2024-10-03T23:06:45.465+0100] {processor.py:925} INFO - DAG(s) 'example_trigger_controller_dag' retrieved from /opt/miniconda3/envs/airflow/lib/python3.8/site-packages/airflow/example_dags/example_trigger_controller_dag.py
[2024-10-03T23:06:45.496+0100] {logging_mixin.py:190} INFO - [2024-10-03T23:06:45.496+0100] {dag.py:3239} INFO - Sync 1 DAGs
[2024-10-03T23:06:45.501+0100] {logging_mixin.py:190} INFO - [2024-10-03T23:06:45.501+0100] {dag.py:4180} INFO - Setting next_dagrun for example_trigger_controller_dag to 2021-01-01 00:00:00+00:00, run_after=2021-01-01 00:00:00+00:00
[2024-10-03T23:06:45.507+0100] {processor.py:208} INFO - Processing /opt/miniconda3/envs/airflow/lib/python3.8/site-packages/airflow/example_dags/example_trigger_controller_dag.py took 0.065 seconds
[2024-10-03T23:07:46.149+0100] {processor.py:186} INFO - Started process (PID=16537) to work on /opt/miniconda3/envs/airflow/lib/python3.8/site-packages/airflow/example_dags/example_trigger_controller_dag.py
[2024-10-03T23:07:46.150+0100] {processor.py:914} INFO - Processing file /opt/miniconda3/envs/airflow/lib/python3.8/site-packages/airflow/example_dags/example_trigger_controller_dag.py for tasks to queue
[2024-10-03T23:07:46.150+0100] {logging_mixin.py:190} INFO - [2024-10-03T23:07:46.150+0100] {dagbag.py:588} INFO - Filling up the DagBag from /opt/miniconda3/envs/airflow/lib/python3.8/site-packages/airflow/example_dags/example_trigger_controller_dag.py
[2024-10-03T23:07:46.173+0100] {processor.py:925} INFO - DAG(s) 'example_trigger_controller_dag' retrieved from /opt/miniconda3/envs/airflow/lib/python3.8/site-packages/airflow/example_dags/example_trigger_controller_dag.py
[2024-10-03T23:07:46.203+0100] {logging_mixin.py:190} INFO - [2024-10-03T23:07:46.203+0100] {dag.py:3239} INFO - Sync 1 DAGs
[2024-10-03T23:07:46.209+0100] {logging_mixin.py:190} INFO - [2024-10-03T23:07:46.208+0100] {dag.py:4180} INFO - Setting next_dagrun for example_trigger_controller_dag to 2021-01-01 00:00:00+00:00, run_after=2021-01-01 00:00:00+00:00
[2024-10-03T23:07:46.214+0100] {processor.py:208} INFO - Processing /opt/miniconda3/envs/airflow/lib/python3.8/site-packages/airflow/example_dags/example_trigger_controller_dag.py took 0.066 seconds
[2024-10-03T23:08:43.784+0100] {processor.py:186} INFO - Started process (PID=16621) to work on /opt/miniconda3/envs/airflow/lib/python3.8/site-packages/airflow/example_dags/example_trigger_controller_dag.py
[2024-10-03T23:08:43.784+0100] {processor.py:914} INFO - Processing file /opt/miniconda3/envs/airflow/lib/python3.8/site-packages/airflow/example_dags/example_trigger_controller_dag.py for tasks to queue
[2024-10-03T23:08:43.784+0100] {logging_mixin.py:190} INFO - [2024-10-03T23:08:43.784+0100] {dagbag.py:588} INFO - Filling up the DagBag from /opt/miniconda3/envs/airflow/lib/python3.8/site-packages/airflow/example_dags/example_trigger_controller_dag.py
[2024-10-03T23:08:43.806+0100] {processor.py:925} INFO - DAG(s) 'example_trigger_controller_dag' retrieved from /opt/miniconda3/envs/airflow/lib/python3.8/site-packages/airflow/example_dags/example_trigger_controller_dag.py
[2024-10-03T23:08:43.837+0100] {logging_mixin.py:190} INFO - [2024-10-03T23:08:43.837+0100] {dag.py:3239} INFO - Sync 1 DAGs
[2024-10-03T23:08:43.842+0100] {logging_mixin.py:190} INFO - [2024-10-03T23:08:43.842+0100] {dag.py:4180} INFO - Setting next_dagrun for example_trigger_controller_dag to 2021-01-01 00:00:00+00:00, run_after=2021-01-01 00:00:00+00:00
[2024-10-03T23:08:43.847+0100] {processor.py:208} INFO - Processing /opt/miniconda3/envs/airflow/lib/python3.8/site-packages/airflow/example_dags/example_trigger_controller_dag.py took 0.065 seconds
[2024-10-03T23:09:40.711+0100] {processor.py:186} INFO - Started process (PID=16695) to work on /opt/miniconda3/envs/airflow/lib/python3.8/site-packages/airflow/example_dags/example_trigger_controller_dag.py
[2024-10-03T23:09:40.711+0100] {processor.py:914} INFO - Processing file /opt/miniconda3/envs/airflow/lib/python3.8/site-packages/airflow/example_dags/example_trigger_controller_dag.py for tasks to queue
[2024-10-03T23:09:40.711+0100] {logging_mixin.py:190} INFO - [2024-10-03T23:09:40.711+0100] {dagbag.py:588} INFO - Filling up the DagBag from /opt/miniconda3/envs/airflow/lib/python3.8/site-packages/airflow/example_dags/example_trigger_controller_dag.py
[2024-10-03T23:09:40.730+0100] {processor.py:925} INFO - DAG(s) 'example_trigger_controller_dag' retrieved from /opt/miniconda3/envs/airflow/lib/python3.8/site-packages/airflow/example_dags/example_trigger_controller_dag.py
[2024-10-03T23:09:40.761+0100] {logging_mixin.py:190} INFO - [2024-10-03T23:09:40.761+0100] {dag.py:3239} INFO - Sync 1 DAGs
[2024-10-03T23:09:40.766+0100] {logging_mixin.py:190} INFO - [2024-10-03T23:09:40.766+0100] {dag.py:4180} INFO - Setting next_dagrun for example_trigger_controller_dag to 2021-01-01 00:00:00+00:00, run_after=2021-01-01 00:00:00+00:00
[2024-10-03T23:09:40.771+0100] {processor.py:208} INFO - Processing /opt/miniconda3/envs/airflow/lib/python3.8/site-packages/airflow/example_dags/example_trigger_controller_dag.py took 0.062 seconds
[2024-10-03T23:10:42.366+0100] {processor.py:186} INFO - Started process (PID=16779) to work on /opt/miniconda3/envs/airflow/lib/python3.8/site-packages/airflow/example_dags/example_trigger_controller_dag.py
[2024-10-03T23:10:42.367+0100] {processor.py:914} INFO - Processing file /opt/miniconda3/envs/airflow/lib/python3.8/site-packages/airflow/example_dags/example_trigger_controller_dag.py for tasks to queue
[2024-10-03T23:10:42.367+0100] {logging_mixin.py:190} INFO - [2024-10-03T23:10:42.367+0100] {dagbag.py:588} INFO - Filling up the DagBag from /opt/miniconda3/envs/airflow/lib/python3.8/site-packages/airflow/example_dags/example_trigger_controller_dag.py
[2024-10-03T23:10:42.389+0100] {processor.py:925} INFO - DAG(s) 'example_trigger_controller_dag' retrieved from /opt/miniconda3/envs/airflow/lib/python3.8/site-packages/airflow/example_dags/example_trigger_controller_dag.py
[2024-10-03T23:10:42.420+0100] {logging_mixin.py:190} INFO - [2024-10-03T23:10:42.420+0100] {dag.py:3239} INFO - Sync 1 DAGs
[2024-10-03T23:10:42.426+0100] {logging_mixin.py:190} INFO - [2024-10-03T23:10:42.426+0100] {dag.py:4180} INFO - Setting next_dagrun for example_trigger_controller_dag to 2021-01-01 00:00:00+00:00, run_after=2021-01-01 00:00:00+00:00
[2024-10-03T23:10:42.432+0100] {processor.py:208} INFO - Processing /opt/miniconda3/envs/airflow/lib/python3.8/site-packages/airflow/example_dags/example_trigger_controller_dag.py took 0.067 seconds
[2024-10-03T23:26:00.043+0100] {processor.py:186} INFO - Started process (PID=16869) to work on /opt/miniconda3/envs/airflow/lib/python3.8/site-packages/airflow/example_dags/example_trigger_controller_dag.py
[2024-10-03T23:26:00.044+0100] {processor.py:914} INFO - Processing file /opt/miniconda3/envs/airflow/lib/python3.8/site-packages/airflow/example_dags/example_trigger_controller_dag.py for tasks to queue
[2024-10-03T23:26:00.044+0100] {logging_mixin.py:190} INFO - [2024-10-03T23:26:00.044+0100] {dagbag.py:588} INFO - Filling up the DagBag from /opt/miniconda3/envs/airflow/lib/python3.8/site-packages/airflow/example_dags/example_trigger_controller_dag.py
[2024-10-03T23:26:00.063+0100] {processor.py:925} INFO - DAG(s) 'example_trigger_controller_dag' retrieved from /opt/miniconda3/envs/airflow/lib/python3.8/site-packages/airflow/example_dags/example_trigger_controller_dag.py
[2024-10-03T23:26:00.094+0100] {logging_mixin.py:190} INFO - [2024-10-03T23:26:00.094+0100] {dag.py:3239} INFO - Sync 1 DAGs
[2024-10-03T23:26:00.099+0100] {logging_mixin.py:190} INFO - [2024-10-03T23:26:00.099+0100] {dag.py:4180} INFO - Setting next_dagrun for example_trigger_controller_dag to 2021-01-01 00:00:00+00:00, run_after=2021-01-01 00:00:00+00:00
[2024-10-03T23:26:00.105+0100] {processor.py:208} INFO - Processing /opt/miniconda3/envs/airflow/lib/python3.8/site-packages/airflow/example_dags/example_trigger_controller_dag.py took 0.064 seconds
[2024-10-03T23:34:46.718+0100] {processor.py:186} INFO - Started process (PID=16955) to work on /opt/miniconda3/envs/airflow/lib/python3.8/site-packages/airflow/example_dags/example_trigger_controller_dag.py
[2024-10-03T23:34:46.719+0100] {processor.py:914} INFO - Processing file /opt/miniconda3/envs/airflow/lib/python3.8/site-packages/airflow/example_dags/example_trigger_controller_dag.py for tasks to queue
[2024-10-03T23:34:46.719+0100] {logging_mixin.py:190} INFO - [2024-10-03T23:34:46.719+0100] {dagbag.py:588} INFO - Filling up the DagBag from /opt/miniconda3/envs/airflow/lib/python3.8/site-packages/airflow/example_dags/example_trigger_controller_dag.py
[2024-10-03T23:34:46.739+0100] {processor.py:925} INFO - DAG(s) 'example_trigger_controller_dag' retrieved from /opt/miniconda3/envs/airflow/lib/python3.8/site-packages/airflow/example_dags/example_trigger_controller_dag.py
[2024-10-03T23:34:46.770+0100] {logging_mixin.py:190} INFO - [2024-10-03T23:34:46.769+0100] {dag.py:3239} INFO - Sync 1 DAGs
[2024-10-03T23:34:46.775+0100] {logging_mixin.py:190} INFO - [2024-10-03T23:34:46.774+0100] {dag.py:4180} INFO - Setting next_dagrun for example_trigger_controller_dag to 2021-01-01 00:00:00+00:00, run_after=2021-01-01 00:00:00+00:00
[2024-10-03T23:34:46.780+0100] {processor.py:208} INFO - Processing /opt/miniconda3/envs/airflow/lib/python3.8/site-packages/airflow/example_dags/example_trigger_controller_dag.py took 0.064 seconds
[2024-10-03T23:35:43.721+0100] {processor.py:186} INFO - Started process (PID=17029) to work on /opt/miniconda3/envs/airflow/lib/python3.8/site-packages/airflow/example_dags/example_trigger_controller_dag.py
[2024-10-03T23:35:43.721+0100] {processor.py:914} INFO - Processing file /opt/miniconda3/envs/airflow/lib/python3.8/site-packages/airflow/example_dags/example_trigger_controller_dag.py for tasks to queue
[2024-10-03T23:35:43.721+0100] {logging_mixin.py:190} INFO - [2024-10-03T23:35:43.721+0100] {dagbag.py:588} INFO - Filling up the DagBag from /opt/miniconda3/envs/airflow/lib/python3.8/site-packages/airflow/example_dags/example_trigger_controller_dag.py
[2024-10-03T23:35:43.740+0100] {processor.py:925} INFO - DAG(s) 'example_trigger_controller_dag' retrieved from /opt/miniconda3/envs/airflow/lib/python3.8/site-packages/airflow/example_dags/example_trigger_controller_dag.py
[2024-10-03T23:35:43.771+0100] {logging_mixin.py:190} INFO - [2024-10-03T23:35:43.771+0100] {dag.py:3239} INFO - Sync 1 DAGs
[2024-10-03T23:35:43.776+0100] {logging_mixin.py:190} INFO - [2024-10-03T23:35:43.776+0100] {dag.py:4180} INFO - Setting next_dagrun for example_trigger_controller_dag to 2021-01-01 00:00:00+00:00, run_after=2021-01-01 00:00:00+00:00
[2024-10-03T23:35:43.781+0100] {processor.py:208} INFO - Processing /opt/miniconda3/envs/airflow/lib/python3.8/site-packages/airflow/example_dags/example_trigger_controller_dag.py took 0.062 seconds
[2024-10-03T23:36:46.684+0100] {processor.py:186} INFO - Started process (PID=17107) to work on /opt/miniconda3/envs/airflow/lib/python3.8/site-packages/airflow/example_dags/example_trigger_controller_dag.py
[2024-10-03T23:36:46.684+0100] {processor.py:914} INFO - Processing file /opt/miniconda3/envs/airflow/lib/python3.8/site-packages/airflow/example_dags/example_trigger_controller_dag.py for tasks to queue
[2024-10-03T23:36:46.685+0100] {logging_mixin.py:190} INFO - [2024-10-03T23:36:46.685+0100] {dagbag.py:588} INFO - Filling up the DagBag from /opt/miniconda3/envs/airflow/lib/python3.8/site-packages/airflow/example_dags/example_trigger_controller_dag.py
[2024-10-03T23:36:46.704+0100] {processor.py:925} INFO - DAG(s) 'example_trigger_controller_dag' retrieved from /opt/miniconda3/envs/airflow/lib/python3.8/site-packages/airflow/example_dags/example_trigger_controller_dag.py
[2024-10-03T23:36:46.734+0100] {logging_mixin.py:190} INFO - [2024-10-03T23:36:46.734+0100] {dag.py:3239} INFO - Sync 1 DAGs
[2024-10-03T23:36:46.739+0100] {logging_mixin.py:190} INFO - [2024-10-03T23:36:46.739+0100] {dag.py:4180} INFO - Setting next_dagrun for example_trigger_controller_dag to 2021-01-01 00:00:00+00:00, run_after=2021-01-01 00:00:00+00:00
[2024-10-03T23:36:46.745+0100] {processor.py:208} INFO - Processing /opt/miniconda3/envs/airflow/lib/python3.8/site-packages/airflow/example_dags/example_trigger_controller_dag.py took 0.062 seconds
[2024-10-03T23:49:08.285+0100] {processor.py:186} INFO - Started process (PID=17196) to work on /opt/miniconda3/envs/airflow/lib/python3.8/site-packages/airflow/example_dags/example_trigger_controller_dag.py
[2024-10-03T23:49:08.286+0100] {processor.py:914} INFO - Processing file /opt/miniconda3/envs/airflow/lib/python3.8/site-packages/airflow/example_dags/example_trigger_controller_dag.py for tasks to queue
[2024-10-03T23:49:08.286+0100] {logging_mixin.py:190} INFO - [2024-10-03T23:49:08.286+0100] {dagbag.py:588} INFO - Filling up the DagBag from /opt/miniconda3/envs/airflow/lib/python3.8/site-packages/airflow/example_dags/example_trigger_controller_dag.py
[2024-10-03T23:49:08.305+0100] {processor.py:925} INFO - DAG(s) 'example_trigger_controller_dag' retrieved from /opt/miniconda3/envs/airflow/lib/python3.8/site-packages/airflow/example_dags/example_trigger_controller_dag.py
[2024-10-03T23:49:08.336+0100] {logging_mixin.py:190} INFO - [2024-10-03T23:49:08.335+0100] {dag.py:3239} INFO - Sync 1 DAGs
[2024-10-03T23:49:08.341+0100] {logging_mixin.py:190} INFO - [2024-10-03T23:49:08.341+0100] {dag.py:4180} INFO - Setting next_dagrun for example_trigger_controller_dag to 2021-01-01 00:00:00+00:00, run_after=2021-01-01 00:00:00+00:00
[2024-10-03T23:49:08.346+0100] {processor.py:208} INFO - Processing /opt/miniconda3/envs/airflow/lib/python3.8/site-packages/airflow/example_dags/example_trigger_controller_dag.py took 0.062 seconds
