[2024-10-03T23:04:17.186+0100] {processor.py:186} INFO - Started process (PID=16219) to work on /opt/miniconda3/envs/airflow/lib/python3.8/site-packages/airflow/example_dags/example_short_circuit_operator.py
[2024-10-03T23:04:17.187+0100] {processor.py:914} INFO - Processing file /opt/miniconda3/envs/airflow/lib/python3.8/site-packages/airflow/example_dags/example_short_circuit_operator.py for tasks to queue
[2024-10-03T23:04:17.187+0100] {logging_mixin.py:190} INFO - [2024-10-03T23:04:17.187+0100] {dagbag.py:588} INFO - Filling up the DagBag from /opt/miniconda3/envs/airflow/lib/python3.8/site-packages/airflow/example_dags/example_short_circuit_operator.py
[2024-10-03T23:04:17.213+0100] {processor.py:925} INFO - DAG(s) 'example_short_circuit_operator' retrieved from /opt/miniconda3/envs/airflow/lib/python3.8/site-packages/airflow/example_dags/example_short_circuit_operator.py
[2024-10-03T23:04:17.272+0100] {logging_mixin.py:190} INFO - [2024-10-03T23:04:17.272+0100] {override.py:1900} INFO - Created Permission View: can delete on DAG:example_short_circuit_operator
[2024-10-03T23:04:17.275+0100] {logging_mixin.py:190} INFO - [2024-10-03T23:04:17.275+0100] {override.py:1900} INFO - Created Permission View: can edit on DAG:example_short_circuit_operator
[2024-10-03T23:04:17.277+0100] {logging_mixin.py:190} INFO - [2024-10-03T23:04:17.276+0100] {override.py:1900} INFO - Created Permission View: can read on DAG:example_short_circuit_operator
[2024-10-03T23:04:17.279+0100] {logging_mixin.py:190} INFO - [2024-10-03T23:04:17.279+0100] {override.py:1900} INFO - Created Permission View: can delete on DAG Run:example_short_circuit_operator
[2024-10-03T23:04:17.281+0100] {logging_mixin.py:190} INFO - [2024-10-03T23:04:17.280+0100] {override.py:1900} INFO - Created Permission View: can create on DAG Run:example_short_circuit_operator
[2024-10-03T23:04:17.282+0100] {logging_mixin.py:190} INFO - [2024-10-03T23:04:17.282+0100] {override.py:1900} INFO - Created Permission View: menu access on DAG Run:example_short_circuit_operator
[2024-10-03T23:04:17.284+0100] {logging_mixin.py:190} INFO - [2024-10-03T23:04:17.284+0100] {override.py:1900} INFO - Created Permission View: can read on DAG Run:example_short_circuit_operator
[2024-10-03T23:04:17.284+0100] {logging_mixin.py:190} INFO - [2024-10-03T23:04:17.284+0100] {dag.py:3239} INFO - Sync 1 DAGs
[2024-10-03T23:04:17.287+0100] {logging_mixin.py:190} INFO - [2024-10-03T23:04:17.287+0100] {dag.py:3262} INFO - Creating ORM DAG for example_short_circuit_operator
[2024-10-03T23:04:17.288+0100] {logging_mixin.py:190} INFO - [2024-10-03T23:04:17.288+0100] {dag.py:4180} INFO - Setting next_dagrun for example_short_circuit_operator to None, run_after=None
[2024-10-03T23:04:17.292+0100] {processor.py:208} INFO - Processing /opt/miniconda3/envs/airflow/lib/python3.8/site-packages/airflow/example_dags/example_short_circuit_operator.py took 0.107 seconds
[2024-10-03T23:05:51.396+0100] {processor.py:186} INFO - Started process (PID=16370) to work on /opt/miniconda3/envs/airflow/lib/python3.8/site-packages/airflow/example_dags/example_short_circuit_operator.py
[2024-10-03T23:05:51.397+0100] {processor.py:914} INFO - Processing file /opt/miniconda3/envs/airflow/lib/python3.8/site-packages/airflow/example_dags/example_short_circuit_operator.py for tasks to queue
[2024-10-03T23:05:51.398+0100] {logging_mixin.py:190} INFO - [2024-10-03T23:05:51.398+0100] {dagbag.py:588} INFO - Filling up the DagBag from /opt/miniconda3/envs/airflow/lib/python3.8/site-packages/airflow/example_dags/example_short_circuit_operator.py
[2024-10-03T23:05:51.424+0100] {processor.py:925} INFO - DAG(s) 'example_short_circuit_operator' retrieved from /opt/miniconda3/envs/airflow/lib/python3.8/site-packages/airflow/example_dags/example_short_circuit_operator.py
[2024-10-03T23:05:51.459+0100] {logging_mixin.py:190} INFO - [2024-10-03T23:05:51.459+0100] {dag.py:3239} INFO - Sync 1 DAGs
[2024-10-03T23:05:51.463+0100] {logging_mixin.py:190} INFO - [2024-10-03T23:05:51.462+0100] {dag.py:4180} INFO - Setting next_dagrun for example_short_circuit_operator to None, run_after=None
[2024-10-03T23:05:51.469+0100] {processor.py:208} INFO - Processing /opt/miniconda3/envs/airflow/lib/python3.8/site-packages/airflow/example_dags/example_short_circuit_operator.py took 0.074 seconds
[2024-10-03T23:07:54.604+0100] {processor.py:186} INFO - Started process (PID=16550) to work on /opt/miniconda3/envs/airflow/lib/python3.8/site-packages/airflow/example_dags/example_short_circuit_operator.py
[2024-10-03T23:07:54.604+0100] {processor.py:914} INFO - Processing file /opt/miniconda3/envs/airflow/lib/python3.8/site-packages/airflow/example_dags/example_short_circuit_operator.py for tasks to queue
[2024-10-03T23:07:54.605+0100] {logging_mixin.py:190} INFO - [2024-10-03T23:07:54.605+0100] {dagbag.py:588} INFO - Filling up the DagBag from /opt/miniconda3/envs/airflow/lib/python3.8/site-packages/airflow/example_dags/example_short_circuit_operator.py
[2024-10-03T23:07:54.630+0100] {processor.py:925} INFO - DAG(s) 'example_short_circuit_operator' retrieved from /opt/miniconda3/envs/airflow/lib/python3.8/site-packages/airflow/example_dags/example_short_circuit_operator.py
[2024-10-03T23:07:54.663+0100] {logging_mixin.py:190} INFO - [2024-10-03T23:07:54.663+0100] {dag.py:3239} INFO - Sync 1 DAGs
[2024-10-03T23:07:54.666+0100] {logging_mixin.py:190} INFO - [2024-10-03T23:07:54.666+0100] {dag.py:4180} INFO - Setting next_dagrun for example_short_circuit_operator to None, run_after=None
[2024-10-03T23:07:54.672+0100] {processor.py:208} INFO - Processing /opt/miniconda3/envs/airflow/lib/python3.8/site-packages/airflow/example_dags/example_short_circuit_operator.py took 0.070 seconds
[2024-10-03T23:09:47.540+0100] {processor.py:186} INFO - Started process (PID=16712) to work on /opt/miniconda3/envs/airflow/lib/python3.8/site-packages/airflow/example_dags/example_short_circuit_operator.py
[2024-10-03T23:09:47.541+0100] {processor.py:914} INFO - Processing file /opt/miniconda3/envs/airflow/lib/python3.8/site-packages/airflow/example_dags/example_short_circuit_operator.py for tasks to queue
[2024-10-03T23:09:47.541+0100] {logging_mixin.py:190} INFO - [2024-10-03T23:09:47.541+0100] {dagbag.py:588} INFO - Filling up the DagBag from /opt/miniconda3/envs/airflow/lib/python3.8/site-packages/airflow/example_dags/example_short_circuit_operator.py
[2024-10-03T23:09:47.565+0100] {processor.py:925} INFO - DAG(s) 'example_short_circuit_operator' retrieved from /opt/miniconda3/envs/airflow/lib/python3.8/site-packages/airflow/example_dags/example_short_circuit_operator.py
[2024-10-03T23:09:47.598+0100] {logging_mixin.py:190} INFO - [2024-10-03T23:09:47.598+0100] {dag.py:3239} INFO - Sync 1 DAGs
[2024-10-03T23:09:47.602+0100] {logging_mixin.py:190} INFO - [2024-10-03T23:09:47.602+0100] {dag.py:4180} INFO - Setting next_dagrun for example_short_circuit_operator to None, run_after=None
[2024-10-03T23:09:47.608+0100] {processor.py:208} INFO - Processing /opt/miniconda3/envs/airflow/lib/python3.8/site-packages/airflow/example_dags/example_short_circuit_operator.py took 0.069 seconds
[2024-10-03T23:10:54.641+0100] {processor.py:186} INFO - Started process (PID=16794) to work on /opt/miniconda3/envs/airflow/lib/python3.8/site-packages/airflow/example_dags/example_short_circuit_operator.py
[2024-10-03T23:10:54.642+0100] {processor.py:914} INFO - Processing file /opt/miniconda3/envs/airflow/lib/python3.8/site-packages/airflow/example_dags/example_short_circuit_operator.py for tasks to queue
[2024-10-03T23:10:54.642+0100] {logging_mixin.py:190} INFO - [2024-10-03T23:10:54.642+0100] {dagbag.py:588} INFO - Filling up the DagBag from /opt/miniconda3/envs/airflow/lib/python3.8/site-packages/airflow/example_dags/example_short_circuit_operator.py
[2024-10-03T23:10:54.667+0100] {processor.py:925} INFO - DAG(s) 'example_short_circuit_operator' retrieved from /opt/miniconda3/envs/airflow/lib/python3.8/site-packages/airflow/example_dags/example_short_circuit_operator.py
[2024-10-03T23:10:54.701+0100] {logging_mixin.py:190} INFO - [2024-10-03T23:10:54.701+0100] {dag.py:3239} INFO - Sync 1 DAGs
[2024-10-03T23:10:54.705+0100] {logging_mixin.py:190} INFO - [2024-10-03T23:10:54.705+0100] {dag.py:4180} INFO - Setting next_dagrun for example_short_circuit_operator to None, run_after=None
[2024-10-03T23:10:54.711+0100] {processor.py:208} INFO - Processing /opt/miniconda3/envs/airflow/lib/python3.8/site-packages/airflow/example_dags/example_short_circuit_operator.py took 0.071 seconds
[2024-10-03T23:33:56.878+0100] {processor.py:186} INFO - Started process (PID=16888) to work on /opt/miniconda3/envs/airflow/lib/python3.8/site-packages/airflow/example_dags/example_short_circuit_operator.py
[2024-10-03T23:33:56.879+0100] {processor.py:914} INFO - Processing file /opt/miniconda3/envs/airflow/lib/python3.8/site-packages/airflow/example_dags/example_short_circuit_operator.py for tasks to queue
[2024-10-03T23:33:56.880+0100] {logging_mixin.py:190} INFO - [2024-10-03T23:33:56.880+0100] {dagbag.py:588} INFO - Filling up the DagBag from /opt/miniconda3/envs/airflow/lib/python3.8/site-packages/airflow/example_dags/example_short_circuit_operator.py
[2024-10-03T23:33:56.904+0100] {processor.py:925} INFO - DAG(s) 'example_short_circuit_operator' retrieved from /opt/miniconda3/envs/airflow/lib/python3.8/site-packages/airflow/example_dags/example_short_circuit_operator.py
[2024-10-03T23:33:56.936+0100] {logging_mixin.py:190} INFO - [2024-10-03T23:33:56.936+0100] {dag.py:3239} INFO - Sync 1 DAGs
[2024-10-03T23:33:56.940+0100] {logging_mixin.py:190} INFO - [2024-10-03T23:33:56.940+0100] {dag.py:4180} INFO - Setting next_dagrun for example_short_circuit_operator to None, run_after=None
[2024-10-03T23:33:56.946+0100] {processor.py:208} INFO - Processing /opt/miniconda3/envs/airflow/lib/python3.8/site-packages/airflow/example_dags/example_short_circuit_operator.py took 0.069 seconds
[2024-10-03T23:35:51.989+0100] {processor.py:186} INFO - Started process (PID=17041) to work on /opt/miniconda3/envs/airflow/lib/python3.8/site-packages/airflow/example_dags/example_short_circuit_operator.py
[2024-10-03T23:35:51.990+0100] {processor.py:914} INFO - Processing file /opt/miniconda3/envs/airflow/lib/python3.8/site-packages/airflow/example_dags/example_short_circuit_operator.py for tasks to queue
[2024-10-03T23:35:51.990+0100] {logging_mixin.py:190} INFO - [2024-10-03T23:35:51.990+0100] {dagbag.py:588} INFO - Filling up the DagBag from /opt/miniconda3/envs/airflow/lib/python3.8/site-packages/airflow/example_dags/example_short_circuit_operator.py
[2024-10-03T23:35:52.014+0100] {processor.py:925} INFO - DAG(s) 'example_short_circuit_operator' retrieved from /opt/miniconda3/envs/airflow/lib/python3.8/site-packages/airflow/example_dags/example_short_circuit_operator.py
[2024-10-03T23:35:52.046+0100] {logging_mixin.py:190} INFO - [2024-10-03T23:35:52.046+0100] {dag.py:3239} INFO - Sync 1 DAGs
[2024-10-03T23:35:52.050+0100] {logging_mixin.py:190} INFO - [2024-10-03T23:35:52.050+0100] {dag.py:4180} INFO - Setting next_dagrun for example_short_circuit_operator to None, run_after=None
[2024-10-03T23:35:52.056+0100] {processor.py:208} INFO - Processing /opt/miniconda3/envs/airflow/lib/python3.8/site-packages/airflow/example_dags/example_short_circuit_operator.py took 0.068 seconds
[2024-10-03T23:39:55.588+0100] {processor.py:186} INFO - Started process (PID=17125) to work on /opt/miniconda3/envs/airflow/lib/python3.8/site-packages/airflow/example_dags/example_short_circuit_operator.py
[2024-10-03T23:39:55.589+0100] {processor.py:914} INFO - Processing file /opt/miniconda3/envs/airflow/lib/python3.8/site-packages/airflow/example_dags/example_short_circuit_operator.py for tasks to queue
[2024-10-03T23:39:55.589+0100] {logging_mixin.py:190} INFO - [2024-10-03T23:39:55.589+0100] {dagbag.py:588} INFO - Filling up the DagBag from /opt/miniconda3/envs/airflow/lib/python3.8/site-packages/airflow/example_dags/example_short_circuit_operator.py
[2024-10-03T23:39:55.613+0100] {processor.py:925} INFO - DAG(s) 'example_short_circuit_operator' retrieved from /opt/miniconda3/envs/airflow/lib/python3.8/site-packages/airflow/example_dags/example_short_circuit_operator.py
[2024-10-03T23:39:55.646+0100] {logging_mixin.py:190} INFO - [2024-10-03T23:39:55.645+0100] {dag.py:3239} INFO - Sync 1 DAGs
[2024-10-03T23:39:55.649+0100] {logging_mixin.py:190} INFO - [2024-10-03T23:39:55.649+0100] {dag.py:4180} INFO - Setting next_dagrun for example_short_circuit_operator to None, run_after=None
[2024-10-03T23:39:55.655+0100] {processor.py:208} INFO - Processing /opt/miniconda3/envs/airflow/lib/python3.8/site-packages/airflow/example_dags/example_short_circuit_operator.py took 0.068 seconds
[2024-10-03T23:50:19.572+0100] {processor.py:186} INFO - Started process (PID=17213) to work on /opt/miniconda3/envs/airflow/lib/python3.8/site-packages/airflow/example_dags/example_short_circuit_operator.py
[2024-10-03T23:50:19.573+0100] {processor.py:914} INFO - Processing file /opt/miniconda3/envs/airflow/lib/python3.8/site-packages/airflow/example_dags/example_short_circuit_operator.py for tasks to queue
[2024-10-03T23:50:19.573+0100] {logging_mixin.py:190} INFO - [2024-10-03T23:50:19.573+0100] {dagbag.py:588} INFO - Filling up the DagBag from /opt/miniconda3/envs/airflow/lib/python3.8/site-packages/airflow/example_dags/example_short_circuit_operator.py
[2024-10-03T23:50:19.597+0100] {processor.py:925} INFO - DAG(s) 'example_short_circuit_operator' retrieved from /opt/miniconda3/envs/airflow/lib/python3.8/site-packages/airflow/example_dags/example_short_circuit_operator.py
[2024-10-03T23:50:19.629+0100] {logging_mixin.py:190} INFO - [2024-10-03T23:50:19.629+0100] {dag.py:3239} INFO - Sync 1 DAGs
[2024-10-03T23:50:19.633+0100] {logging_mixin.py:190} INFO - [2024-10-03T23:50:19.633+0100] {dag.py:4180} INFO - Setting next_dagrun for example_short_circuit_operator to None, run_after=None
[2024-10-03T23:50:19.639+0100] {processor.py:208} INFO - Processing /opt/miniconda3/envs/airflow/lib/python3.8/site-packages/airflow/example_dags/example_short_circuit_operator.py took 0.068 seconds
