[2024-10-03T23:04:49.263+0100] {processor.py:186} INFO - Started process (PID=16272) to work on /opt/miniconda3/envs/airflow/lib/python3.8/site-packages/airflow/example_dags/example_dynamic_task_mapping_with_no_taskflow_operators.py
[2024-10-03T23:04:49.264+0100] {processor.py:914} INFO - Processing file /opt/miniconda3/envs/airflow/lib/python3.8/site-packages/airflow/example_dags/example_dynamic_task_mapping_with_no_taskflow_operators.py for tasks to queue
[2024-10-03T23:04:49.264+0100] {logging_mixin.py:190} INFO - [2024-10-03T23:04:49.264+0100] {dagbag.py:588} INFO - Filling up the DagBag from /opt/miniconda3/envs/airflow/lib/python3.8/site-packages/airflow/example_dags/example_dynamic_task_mapping_with_no_taskflow_operators.py
[2024-10-03T23:04:49.285+0100] {processor.py:925} INFO - DAG(s) 'example_dynamic_task_mapping_with_no_taskflow_operators' retrieved from /opt/miniconda3/envs/airflow/lib/python3.8/site-packages/airflow/example_dags/example_dynamic_task_mapping_with_no_taskflow_operators.py
[2024-10-03T23:04:49.344+0100] {logging_mixin.py:190} INFO - [2024-10-03T23:04:49.344+0100] {override.py:1900} INFO - Created Permission View: can delete on DAG:example_dynamic_task_mapping_with_no_taskflow_operators
[2024-10-03T23:04:49.346+0100] {logging_mixin.py:190} INFO - [2024-10-03T23:04:49.346+0100] {override.py:1900} INFO - Created Permission View: can edit on DAG:example_dynamic_task_mapping_with_no_taskflow_operators
[2024-10-03T23:04:49.348+0100] {logging_mixin.py:190} INFO - [2024-10-03T23:04:49.348+0100] {override.py:1900} INFO - Created Permission View: can read on DAG:example_dynamic_task_mapping_with_no_taskflow_operators
[2024-10-03T23:04:49.350+0100] {logging_mixin.py:190} INFO - [2024-10-03T23:04:49.350+0100] {override.py:1900} INFO - Created Permission View: can delete on DAG Run:example_dynamic_task_mapping_with_no_taskflow_operators
[2024-10-03T23:04:49.351+0100] {logging_mixin.py:190} INFO - [2024-10-03T23:04:49.351+0100] {override.py:1900} INFO - Created Permission View: can create on DAG Run:example_dynamic_task_mapping_with_no_taskflow_operators
[2024-10-03T23:04:49.353+0100] {logging_mixin.py:190} INFO - [2024-10-03T23:04:49.353+0100] {override.py:1900} INFO - Created Permission View: can read on DAG Run:example_dynamic_task_mapping_with_no_taskflow_operators
[2024-10-03T23:04:49.355+0100] {logging_mixin.py:190} INFO - [2024-10-03T23:04:49.355+0100] {override.py:1900} INFO - Created Permission View: menu access on DAG Run:example_dynamic_task_mapping_with_no_taskflow_operators
[2024-10-03T23:04:49.355+0100] {logging_mixin.py:190} INFO - [2024-10-03T23:04:49.355+0100] {dag.py:3239} INFO - Sync 1 DAGs
[2024-10-03T23:04:49.359+0100] {logging_mixin.py:190} INFO - [2024-10-03T23:04:49.359+0100] {dag.py:3262} INFO - Creating ORM DAG for example_dynamic_task_mapping_with_no_taskflow_operators
[2024-10-03T23:04:49.359+0100] {logging_mixin.py:190} INFO - [2024-10-03T23:04:49.359+0100] {dag.py:4180} INFO - Setting next_dagrun for example_dynamic_task_mapping_with_no_taskflow_operators to None, run_after=None
[2024-10-03T23:04:49.364+0100] {processor.py:208} INFO - Processing /opt/miniconda3/envs/airflow/lib/python3.8/site-packages/airflow/example_dags/example_dynamic_task_mapping_with_no_taskflow_operators.py took 0.102 seconds
[2024-10-03T23:06:57.247+0100] {processor.py:186} INFO - Started process (PID=16461) to work on /opt/miniconda3/envs/airflow/lib/python3.8/site-packages/airflow/example_dags/example_dynamic_task_mapping_with_no_taskflow_operators.py
[2024-10-03T23:06:57.248+0100] {processor.py:914} INFO - Processing file /opt/miniconda3/envs/airflow/lib/python3.8/site-packages/airflow/example_dags/example_dynamic_task_mapping_with_no_taskflow_operators.py for tasks to queue
[2024-10-03T23:06:57.248+0100] {logging_mixin.py:190} INFO - [2024-10-03T23:06:57.248+0100] {dagbag.py:588} INFO - Filling up the DagBag from /opt/miniconda3/envs/airflow/lib/python3.8/site-packages/airflow/example_dags/example_dynamic_task_mapping_with_no_taskflow_operators.py
[2024-10-03T23:06:57.267+0100] {processor.py:925} INFO - DAG(s) 'example_dynamic_task_mapping_with_no_taskflow_operators' retrieved from /opt/miniconda3/envs/airflow/lib/python3.8/site-packages/airflow/example_dags/example_dynamic_task_mapping_with_no_taskflow_operators.py
[2024-10-03T23:06:57.300+0100] {logging_mixin.py:190} INFO - [2024-10-03T23:06:57.299+0100] {dag.py:3239} INFO - Sync 1 DAGs
[2024-10-03T23:06:57.303+0100] {logging_mixin.py:190} INFO - [2024-10-03T23:06:57.303+0100] {dag.py:4180} INFO - Setting next_dagrun for example_dynamic_task_mapping_with_no_taskflow_operators to None, run_after=None
[2024-10-03T23:06:57.309+0100] {processor.py:208} INFO - Processing /opt/miniconda3/envs/airflow/lib/python3.8/site-packages/airflow/example_dags/example_dynamic_task_mapping_with_no_taskflow_operators.py took 0.063 seconds
[2024-10-03T23:08:52.914+0100] {processor.py:186} INFO - Started process (PID=16635) to work on /opt/miniconda3/envs/airflow/lib/python3.8/site-packages/airflow/example_dags/example_dynamic_task_mapping_with_no_taskflow_operators.py
[2024-10-03T23:08:52.916+0100] {processor.py:914} INFO - Processing file /opt/miniconda3/envs/airflow/lib/python3.8/site-packages/airflow/example_dags/example_dynamic_task_mapping_with_no_taskflow_operators.py for tasks to queue
[2024-10-03T23:08:52.916+0100] {logging_mixin.py:190} INFO - [2024-10-03T23:08:52.916+0100] {dagbag.py:588} INFO - Filling up the DagBag from /opt/miniconda3/envs/airflow/lib/python3.8/site-packages/airflow/example_dags/example_dynamic_task_mapping_with_no_taskflow_operators.py
[2024-10-03T23:08:52.934+0100] {processor.py:925} INFO - DAG(s) 'example_dynamic_task_mapping_with_no_taskflow_operators' retrieved from /opt/miniconda3/envs/airflow/lib/python3.8/site-packages/airflow/example_dags/example_dynamic_task_mapping_with_no_taskflow_operators.py
[2024-10-03T23:08:52.966+0100] {logging_mixin.py:190} INFO - [2024-10-03T23:08:52.966+0100] {dag.py:3239} INFO - Sync 1 DAGs
[2024-10-03T23:08:52.970+0100] {logging_mixin.py:190} INFO - [2024-10-03T23:08:52.970+0100] {dag.py:4180} INFO - Setting next_dagrun for example_dynamic_task_mapping_with_no_taskflow_operators to None, run_after=None
[2024-10-03T23:08:52.975+0100] {processor.py:208} INFO - Processing /opt/miniconda3/envs/airflow/lib/python3.8/site-packages/airflow/example_dags/example_dynamic_task_mapping_with_no_taskflow_operators.py took 0.062 seconds
[2024-10-03T23:10:58.129+0100] {processor.py:186} INFO - Started process (PID=16798) to work on /opt/miniconda3/envs/airflow/lib/python3.8/site-packages/airflow/example_dags/example_dynamic_task_mapping_with_no_taskflow_operators.py
[2024-10-03T23:10:58.130+0100] {processor.py:914} INFO - Processing file /opt/miniconda3/envs/airflow/lib/python3.8/site-packages/airflow/example_dags/example_dynamic_task_mapping_with_no_taskflow_operators.py for tasks to queue
[2024-10-03T23:10:58.130+0100] {logging_mixin.py:190} INFO - [2024-10-03T23:10:58.130+0100] {dagbag.py:588} INFO - Filling up the DagBag from /opt/miniconda3/envs/airflow/lib/python3.8/site-packages/airflow/example_dags/example_dynamic_task_mapping_with_no_taskflow_operators.py
[2024-10-03T23:10:58.150+0100] {processor.py:925} INFO - DAG(s) 'example_dynamic_task_mapping_with_no_taskflow_operators' retrieved from /opt/miniconda3/envs/airflow/lib/python3.8/site-packages/airflow/example_dags/example_dynamic_task_mapping_with_no_taskflow_operators.py
[2024-10-03T23:10:58.182+0100] {logging_mixin.py:190} INFO - [2024-10-03T23:10:58.182+0100] {dag.py:3239} INFO - Sync 1 DAGs
[2024-10-03T23:10:58.185+0100] {logging_mixin.py:190} INFO - [2024-10-03T23:10:58.185+0100] {dag.py:4180} INFO - Setting next_dagrun for example_dynamic_task_mapping_with_no_taskflow_operators to None, run_after=None
[2024-10-03T23:10:58.191+0100] {processor.py:208} INFO - Processing /opt/miniconda3/envs/airflow/lib/python3.8/site-packages/airflow/example_dags/example_dynamic_task_mapping_with_no_taskflow_operators.py took 0.064 seconds
[2024-10-03T23:34:57.411+0100] {processor.py:186} INFO - Started process (PID=16969) to work on /opt/miniconda3/envs/airflow/lib/python3.8/site-packages/airflow/example_dags/example_dynamic_task_mapping_with_no_taskflow_operators.py
[2024-10-03T23:34:57.412+0100] {processor.py:914} INFO - Processing file /opt/miniconda3/envs/airflow/lib/python3.8/site-packages/airflow/example_dags/example_dynamic_task_mapping_with_no_taskflow_operators.py for tasks to queue
[2024-10-03T23:34:57.412+0100] {logging_mixin.py:190} INFO - [2024-10-03T23:34:57.412+0100] {dagbag.py:588} INFO - Filling up the DagBag from /opt/miniconda3/envs/airflow/lib/python3.8/site-packages/airflow/example_dags/example_dynamic_task_mapping_with_no_taskflow_operators.py
[2024-10-03T23:34:57.430+0100] {processor.py:925} INFO - DAG(s) 'example_dynamic_task_mapping_with_no_taskflow_operators' retrieved from /opt/miniconda3/envs/airflow/lib/python3.8/site-packages/airflow/example_dags/example_dynamic_task_mapping_with_no_taskflow_operators.py
[2024-10-03T23:34:57.462+0100] {logging_mixin.py:190} INFO - [2024-10-03T23:34:57.462+0100] {dag.py:3239} INFO - Sync 1 DAGs
[2024-10-03T23:34:57.466+0100] {logging_mixin.py:190} INFO - [2024-10-03T23:34:57.466+0100] {dag.py:4180} INFO - Setting next_dagrun for example_dynamic_task_mapping_with_no_taskflow_operators to None, run_after=None
[2024-10-03T23:34:57.471+0100] {processor.py:208} INFO - Processing /opt/miniconda3/envs/airflow/lib/python3.8/site-packages/airflow/example_dags/example_dynamic_task_mapping_with_no_taskflow_operators.py took 0.062 seconds
[2024-10-03T23:40:15.703+0100] {processor.py:186} INFO - Started process (PID=17129) to work on /opt/miniconda3/envs/airflow/lib/python3.8/site-packages/airflow/example_dags/example_dynamic_task_mapping_with_no_taskflow_operators.py
[2024-10-03T23:40:15.704+0100] {processor.py:914} INFO - Processing file /opt/miniconda3/envs/airflow/lib/python3.8/site-packages/airflow/example_dags/example_dynamic_task_mapping_with_no_taskflow_operators.py for tasks to queue
[2024-10-03T23:40:15.704+0100] {logging_mixin.py:190} INFO - [2024-10-03T23:40:15.704+0100] {dagbag.py:588} INFO - Filling up the DagBag from /opt/miniconda3/envs/airflow/lib/python3.8/site-packages/airflow/example_dags/example_dynamic_task_mapping_with_no_taskflow_operators.py
[2024-10-03T23:40:15.722+0100] {processor.py:925} INFO - DAG(s) 'example_dynamic_task_mapping_with_no_taskflow_operators' retrieved from /opt/miniconda3/envs/airflow/lib/python3.8/site-packages/airflow/example_dags/example_dynamic_task_mapping_with_no_taskflow_operators.py
[2024-10-03T23:40:15.754+0100] {logging_mixin.py:190} INFO - [2024-10-03T23:40:15.754+0100] {dag.py:3239} INFO - Sync 1 DAGs
[2024-10-03T23:40:15.758+0100] {logging_mixin.py:190} INFO - [2024-10-03T23:40:15.758+0100] {dag.py:4180} INFO - Setting next_dagrun for example_dynamic_task_mapping_with_no_taskflow_operators to None, run_after=None
[2024-10-03T23:40:15.763+0100] {processor.py:208} INFO - Processing /opt/miniconda3/envs/airflow/lib/python3.8/site-packages/airflow/example_dags/example_dynamic_task_mapping_with_no_taskflow_operators.py took 0.061 seconds
[2024-10-04T00:17:19.076+0100] {processor.py:186} INFO - Started process (PID=17280) to work on /opt/miniconda3/envs/airflow/lib/python3.8/site-packages/airflow/example_dags/example_dynamic_task_mapping_with_no_taskflow_operators.py
[2024-10-04T00:17:19.077+0100] {processor.py:914} INFO - Processing file /opt/miniconda3/envs/airflow/lib/python3.8/site-packages/airflow/example_dags/example_dynamic_task_mapping_with_no_taskflow_operators.py for tasks to queue
[2024-10-04T00:17:19.077+0100] {logging_mixin.py:190} INFO - [2024-10-04T00:17:19.077+0100] {dagbag.py:588} INFO - Filling up the DagBag from /opt/miniconda3/envs/airflow/lib/python3.8/site-packages/airflow/example_dags/example_dynamic_task_mapping_with_no_taskflow_operators.py
[2024-10-04T00:17:19.096+0100] {processor.py:925} INFO - DAG(s) 'example_dynamic_task_mapping_with_no_taskflow_operators' retrieved from /opt/miniconda3/envs/airflow/lib/python3.8/site-packages/airflow/example_dags/example_dynamic_task_mapping_with_no_taskflow_operators.py
[2024-10-04T00:17:19.132+0100] {logging_mixin.py:190} INFO - [2024-10-04T00:17:19.132+0100] {dag.py:3239} INFO - Sync 1 DAGs
[2024-10-04T00:17:19.138+0100] {logging_mixin.py:190} INFO - [2024-10-04T00:17:19.137+0100] {dag.py:4180} INFO - Setting next_dagrun for example_dynamic_task_mapping_with_no_taskflow_operators to None, run_after=None
[2024-10-04T00:17:19.151+0100] {processor.py:208} INFO - Processing /opt/miniconda3/envs/airflow/lib/python3.8/site-packages/airflow/example_dags/example_dynamic_task_mapping_with_no_taskflow_operators.py took 0.076 seconds
