[2024-10-03T23:04:35.434+0100] {processor.py:186} INFO - Started process (PID=16248) to work on /opt/miniconda3/envs/airflow/lib/python3.8/site-packages/airflow/example_dags/example_outlet_event_extra.py
[2024-10-03T23:04:35.434+0100] {processor.py:914} INFO - Processing file /opt/miniconda3/envs/airflow/lib/python3.8/site-packages/airflow/example_dags/example_outlet_event_extra.py for tasks to queue
[2024-10-03T23:04:35.435+0100] {logging_mixin.py:190} INFO - [2024-10-03T23:04:35.434+0100] {dagbag.py:588} INFO - Filling up the DagBag from /opt/miniconda3/envs/airflow/lib/python3.8/site-packages/airflow/example_dags/example_outlet_event_extra.py
[2024-10-03T23:04:35.484+0100] {processor.py:925} INFO - DAG(s) 'dataset_with_extra_by_context', 'dataset_with_extra_by_yield', 'dataset_with_extra_from_classic_operator' retrieved from /opt/miniconda3/envs/airflow/lib/python3.8/site-packages/airflow/example_dags/example_outlet_event_extra.py
[2024-10-03T23:04:35.557+0100] {logging_mixin.py:190} INFO - [2024-10-03T23:04:35.557+0100] {override.py:1900} INFO - Created Permission View: can edit on DAG:dataset_with_extra_by_context
[2024-10-03T23:04:35.566+0100] {logging_mixin.py:190} INFO - [2024-10-03T23:04:35.565+0100] {override.py:1900} INFO - Created Permission View: can delete on DAG:dataset_with_extra_by_context
[2024-10-03T23:04:35.567+0100] {logging_mixin.py:190} INFO - [2024-10-03T23:04:35.567+0100] {override.py:1900} INFO - Created Permission View: can read on DAG:dataset_with_extra_by_context
[2024-10-03T23:04:35.569+0100] {logging_mixin.py:190} INFO - [2024-10-03T23:04:35.569+0100] {override.py:1900} INFO - Created Permission View: menu access on DAG Run:dataset_with_extra_by_context
[2024-10-03T23:04:35.573+0100] {logging_mixin.py:190} INFO - [2024-10-03T23:04:35.572+0100] {override.py:1900} INFO - Created Permission View: can delete on DAG Run:dataset_with_extra_by_context
[2024-10-03T23:04:35.576+0100] {logging_mixin.py:190} INFO - [2024-10-03T23:04:35.576+0100] {override.py:1900} INFO - Created Permission View: can create on DAG Run:dataset_with_extra_by_context
[2024-10-03T23:04:35.583+0100] {logging_mixin.py:190} INFO - [2024-10-03T23:04:35.583+0100] {override.py:1900} INFO - Created Permission View: can read on DAG Run:dataset_with_extra_by_context
[2024-10-03T23:04:35.587+0100] {logging_mixin.py:190} INFO - [2024-10-03T23:04:35.587+0100] {override.py:1900} INFO - Created Permission View: can edit on DAG:dataset_with_extra_by_yield
[2024-10-03T23:04:35.590+0100] {logging_mixin.py:190} INFO - [2024-10-03T23:04:35.589+0100] {override.py:1900} INFO - Created Permission View: can delete on DAG:dataset_with_extra_by_yield
[2024-10-03T23:04:35.592+0100] {logging_mixin.py:190} INFO - [2024-10-03T23:04:35.591+0100] {override.py:1900} INFO - Created Permission View: can read on DAG:dataset_with_extra_by_yield
[2024-10-03T23:04:35.594+0100] {logging_mixin.py:190} INFO - [2024-10-03T23:04:35.593+0100] {override.py:1900} INFO - Created Permission View: menu access on DAG Run:dataset_with_extra_by_yield
[2024-10-03T23:04:35.595+0100] {logging_mixin.py:190} INFO - [2024-10-03T23:04:35.595+0100] {override.py:1900} INFO - Created Permission View: can delete on DAG Run:dataset_with_extra_by_yield
[2024-10-03T23:04:35.597+0100] {logging_mixin.py:190} INFO - [2024-10-03T23:04:35.597+0100] {override.py:1900} INFO - Created Permission View: can create on DAG Run:dataset_with_extra_by_yield
[2024-10-03T23:04:35.599+0100] {logging_mixin.py:190} INFO - [2024-10-03T23:04:35.599+0100] {override.py:1900} INFO - Created Permission View: can read on DAG Run:dataset_with_extra_by_yield
[2024-10-03T23:04:35.603+0100] {logging_mixin.py:190} INFO - [2024-10-03T23:04:35.603+0100] {override.py:1900} INFO - Created Permission View: can edit on DAG:dataset_with_extra_from_classic_operator
[2024-10-03T23:04:35.609+0100] {logging_mixin.py:190} INFO - [2024-10-03T23:04:35.609+0100] {override.py:1900} INFO - Created Permission View: can delete on DAG:dataset_with_extra_from_classic_operator
[2024-10-03T23:04:35.612+0100] {logging_mixin.py:190} INFO - [2024-10-03T23:04:35.612+0100] {override.py:1900} INFO - Created Permission View: can read on DAG:dataset_with_extra_from_classic_operator
[2024-10-03T23:04:35.616+0100] {logging_mixin.py:190} INFO - [2024-10-03T23:04:35.616+0100] {override.py:1900} INFO - Created Permission View: menu access on DAG Run:dataset_with_extra_from_classic_operator
[2024-10-03T23:04:35.618+0100] {logging_mixin.py:190} INFO - [2024-10-03T23:04:35.618+0100] {override.py:1900} INFO - Created Permission View: can delete on DAG Run:dataset_with_extra_from_classic_operator
[2024-10-03T23:04:35.619+0100] {logging_mixin.py:190} INFO - [2024-10-03T23:04:35.619+0100] {override.py:1900} INFO - Created Permission View: can create on DAG Run:dataset_with_extra_from_classic_operator
[2024-10-03T23:04:35.621+0100] {logging_mixin.py:190} INFO - [2024-10-03T23:04:35.621+0100] {override.py:1900} INFO - Created Permission View: can read on DAG Run:dataset_with_extra_from_classic_operator
[2024-10-03T23:04:35.621+0100] {logging_mixin.py:190} INFO - [2024-10-03T23:04:35.621+0100] {dag.py:3239} INFO - Sync 3 DAGs
[2024-10-03T23:04:35.626+0100] {logging_mixin.py:190} INFO - [2024-10-03T23:04:35.626+0100] {dag.py:3262} INFO - Creating ORM DAG for dataset_with_extra_from_classic_operator
[2024-10-03T23:04:35.626+0100] {logging_mixin.py:190} INFO - [2024-10-03T23:04:35.626+0100] {dag.py:3262} INFO - Creating ORM DAG for dataset_with_extra_by_yield
[2024-10-03T23:04:35.627+0100] {logging_mixin.py:190} INFO - [2024-10-03T23:04:35.627+0100] {dag.py:3262} INFO - Creating ORM DAG for dataset_with_extra_by_context
[2024-10-03T23:04:35.630+0100] {logging_mixin.py:190} INFO - [2024-10-03T23:04:35.630+0100] {dag.py:4180} INFO - Setting next_dagrun for dataset_with_extra_by_context to 2024-10-02 00:00:00+00:00, run_after=2024-10-03 00:00:00+00:00
[2024-10-03T23:04:35.630+0100] {logging_mixin.py:190} INFO - [2024-10-03T23:04:35.630+0100] {dag.py:4180} INFO - Setting next_dagrun for dataset_with_extra_by_yield to 2024-10-02 00:00:00+00:00, run_after=2024-10-03 00:00:00+00:00
[2024-10-03T23:04:35.631+0100] {logging_mixin.py:190} INFO - [2024-10-03T23:04:35.631+0100] {dag.py:4180} INFO - Setting next_dagrun for dataset_with_extra_from_classic_operator to 2024-10-02 00:00:00+00:00, run_after=2024-10-03 00:00:00+00:00
[2024-10-03T23:04:35.637+0100] {logging_mixin.py:190} INFO - [2024-10-03T23:04:35.637+0100] {workday.py:41} WARNING - Could not import pandas. Holidays will not be considered.
[2024-10-03T23:04:35.642+0100] {processor.py:208} INFO - Processing /opt/miniconda3/envs/airflow/lib/python3.8/site-packages/airflow/example_dags/example_outlet_event_extra.py took 0.209 seconds
[2024-10-03T23:06:09.365+0100] {processor.py:186} INFO - Started process (PID=16393) to work on /opt/miniconda3/envs/airflow/lib/python3.8/site-packages/airflow/example_dags/example_outlet_event_extra.py
[2024-10-03T23:06:09.366+0100] {processor.py:914} INFO - Processing file /opt/miniconda3/envs/airflow/lib/python3.8/site-packages/airflow/example_dags/example_outlet_event_extra.py for tasks to queue
[2024-10-03T23:06:09.366+0100] {logging_mixin.py:190} INFO - [2024-10-03T23:06:09.366+0100] {dagbag.py:588} INFO - Filling up the DagBag from /opt/miniconda3/envs/airflow/lib/python3.8/site-packages/airflow/example_dags/example_outlet_event_extra.py
[2024-10-03T23:06:09.415+0100] {processor.py:925} INFO - DAG(s) 'dataset_with_extra_from_classic_operator', 'dataset_with_extra_by_yield', 'dataset_with_extra_by_context' retrieved from /opt/miniconda3/envs/airflow/lib/python3.8/site-packages/airflow/example_dags/example_outlet_event_extra.py
[2024-10-03T23:06:09.448+0100] {logging_mixin.py:190} INFO - [2024-10-03T23:06:09.448+0100] {dag.py:3239} INFO - Sync 3 DAGs
[2024-10-03T23:06:09.454+0100] {logging_mixin.py:190} INFO - [2024-10-03T23:06:09.454+0100] {dag.py:4180} INFO - Setting next_dagrun for dataset_with_extra_by_context to 2024-10-02 00:00:00+00:00, run_after=2024-10-03 00:00:00+00:00
[2024-10-03T23:06:09.456+0100] {logging_mixin.py:190} INFO - [2024-10-03T23:06:09.455+0100] {dag.py:4180} INFO - Setting next_dagrun for dataset_with_extra_by_yield to 2024-10-02 00:00:00+00:00, run_after=2024-10-03 00:00:00+00:00
[2024-10-03T23:06:09.456+0100] {logging_mixin.py:190} INFO - [2024-10-03T23:06:09.456+0100] {dag.py:4180} INFO - Setting next_dagrun for dataset_with_extra_from_classic_operator to 2024-10-02 00:00:00+00:00, run_after=2024-10-03 00:00:00+00:00
[2024-10-03T23:06:09.462+0100] {processor.py:208} INFO - Processing /opt/miniconda3/envs/airflow/lib/python3.8/site-packages/airflow/example_dags/example_outlet_event_extra.py took 0.099 seconds
[2024-10-03T23:08:10.972+0100] {processor.py:186} INFO - Started process (PID=16572) to work on /opt/miniconda3/envs/airflow/lib/python3.8/site-packages/airflow/example_dags/example_outlet_event_extra.py
[2024-10-03T23:08:10.973+0100] {processor.py:914} INFO - Processing file /opt/miniconda3/envs/airflow/lib/python3.8/site-packages/airflow/example_dags/example_outlet_event_extra.py for tasks to queue
[2024-10-03T23:08:10.973+0100] {logging_mixin.py:190} INFO - [2024-10-03T23:08:10.973+0100] {dagbag.py:588} INFO - Filling up the DagBag from /opt/miniconda3/envs/airflow/lib/python3.8/site-packages/airflow/example_dags/example_outlet_event_extra.py
[2024-10-03T23:08:11.020+0100] {processor.py:925} INFO - DAG(s) 'dataset_with_extra_from_classic_operator', 'dataset_with_extra_by_yield', 'dataset_with_extra_by_context' retrieved from /opt/miniconda3/envs/airflow/lib/python3.8/site-packages/airflow/example_dags/example_outlet_event_extra.py
[2024-10-03T23:08:11.055+0100] {logging_mixin.py:190} INFO - [2024-10-03T23:08:11.055+0100] {dag.py:3239} INFO - Sync 3 DAGs
[2024-10-03T23:08:11.061+0100] {logging_mixin.py:190} INFO - [2024-10-03T23:08:11.061+0100] {dag.py:4180} INFO - Setting next_dagrun for dataset_with_extra_by_context to 2024-10-02 00:00:00+00:00, run_after=2024-10-03 00:00:00+00:00
[2024-10-03T23:08:11.063+0100] {logging_mixin.py:190} INFO - [2024-10-03T23:08:11.063+0100] {dag.py:4180} INFO - Setting next_dagrun for dataset_with_extra_by_yield to 2024-10-02 00:00:00+00:00, run_after=2024-10-03 00:00:00+00:00
[2024-10-03T23:08:11.063+0100] {logging_mixin.py:190} INFO - [2024-10-03T23:08:11.063+0100] {dag.py:4180} INFO - Setting next_dagrun for dataset_with_extra_from_classic_operator to 2024-10-02 00:00:00+00:00, run_after=2024-10-03 00:00:00+00:00
[2024-10-03T23:08:11.070+0100] {processor.py:208} INFO - Processing /opt/miniconda3/envs/airflow/lib/python3.8/site-packages/airflow/example_dags/example_outlet_event_extra.py took 0.099 seconds
[2024-10-03T23:10:06.579+0100] {processor.py:186} INFO - Started process (PID=16736) to work on /opt/miniconda3/envs/airflow/lib/python3.8/site-packages/airflow/example_dags/example_outlet_event_extra.py
[2024-10-03T23:10:06.580+0100] {processor.py:914} INFO - Processing file /opt/miniconda3/envs/airflow/lib/python3.8/site-packages/airflow/example_dags/example_outlet_event_extra.py for tasks to queue
[2024-10-03T23:10:06.580+0100] {logging_mixin.py:190} INFO - [2024-10-03T23:10:06.580+0100] {dagbag.py:588} INFO - Filling up the DagBag from /opt/miniconda3/envs/airflow/lib/python3.8/site-packages/airflow/example_dags/example_outlet_event_extra.py
[2024-10-03T23:10:06.628+0100] {processor.py:925} INFO - DAG(s) 'dataset_with_extra_by_context', 'dataset_with_extra_by_yield', 'dataset_with_extra_from_classic_operator' retrieved from /opt/miniconda3/envs/airflow/lib/python3.8/site-packages/airflow/example_dags/example_outlet_event_extra.py
[2024-10-03T23:10:06.661+0100] {logging_mixin.py:190} INFO - [2024-10-03T23:10:06.661+0100] {dag.py:3239} INFO - Sync 3 DAGs
[2024-10-03T23:10:06.667+0100] {logging_mixin.py:190} INFO - [2024-10-03T23:10:06.667+0100] {dag.py:4180} INFO - Setting next_dagrun for dataset_with_extra_by_context to 2024-10-02 00:00:00+00:00, run_after=2024-10-03 00:00:00+00:00
[2024-10-03T23:10:06.668+0100] {logging_mixin.py:190} INFO - [2024-10-03T23:10:06.668+0100] {dag.py:4180} INFO - Setting next_dagrun for dataset_with_extra_by_yield to 2024-10-02 00:00:00+00:00, run_after=2024-10-03 00:00:00+00:00
[2024-10-03T23:10:06.669+0100] {logging_mixin.py:190} INFO - [2024-10-03T23:10:06.669+0100] {dag.py:4180} INFO - Setting next_dagrun for dataset_with_extra_from_classic_operator to 2024-10-02 00:00:00+00:00, run_after=2024-10-03 00:00:00+00:00
[2024-10-03T23:10:06.675+0100] {processor.py:208} INFO - Processing /opt/miniconda3/envs/airflow/lib/python3.8/site-packages/airflow/example_dags/example_outlet_event_extra.py took 0.098 seconds
[2024-10-03T23:34:14.574+0100] {processor.py:186} INFO - Started process (PID=16913) to work on /opt/miniconda3/envs/airflow/lib/python3.8/site-packages/airflow/example_dags/example_outlet_event_extra.py
[2024-10-03T23:34:14.575+0100] {processor.py:914} INFO - Processing file /opt/miniconda3/envs/airflow/lib/python3.8/site-packages/airflow/example_dags/example_outlet_event_extra.py for tasks to queue
[2024-10-03T23:34:14.576+0100] {logging_mixin.py:190} INFO - [2024-10-03T23:34:14.576+0100] {dagbag.py:588} INFO - Filling up the DagBag from /opt/miniconda3/envs/airflow/lib/python3.8/site-packages/airflow/example_dags/example_outlet_event_extra.py
[2024-10-03T23:34:14.622+0100] {processor.py:925} INFO - DAG(s) 'dataset_with_extra_from_classic_operator', 'dataset_with_extra_by_context', 'dataset_with_extra_by_yield' retrieved from /opt/miniconda3/envs/airflow/lib/python3.8/site-packages/airflow/example_dags/example_outlet_event_extra.py
[2024-10-03T23:34:14.655+0100] {logging_mixin.py:190} INFO - [2024-10-03T23:34:14.655+0100] {dag.py:3239} INFO - Sync 3 DAGs
[2024-10-03T23:34:14.661+0100] {logging_mixin.py:190} INFO - [2024-10-03T23:34:14.661+0100] {dag.py:4180} INFO - Setting next_dagrun for dataset_with_extra_by_context to 2024-10-02 00:00:00+00:00, run_after=2024-10-03 00:00:00+00:00
[2024-10-03T23:34:14.662+0100] {logging_mixin.py:190} INFO - [2024-10-03T23:34:14.662+0100] {dag.py:4180} INFO - Setting next_dagrun for dataset_with_extra_by_yield to 2024-10-02 00:00:00+00:00, run_after=2024-10-03 00:00:00+00:00
[2024-10-03T23:34:14.663+0100] {logging_mixin.py:190} INFO - [2024-10-03T23:34:14.663+0100] {dag.py:4180} INFO - Setting next_dagrun for dataset_with_extra_from_classic_operator to 2024-10-02 00:00:00+00:00, run_after=2024-10-03 00:00:00+00:00
[2024-10-03T23:34:14.668+0100] {processor.py:208} INFO - Processing /opt/miniconda3/envs/airflow/lib/python3.8/site-packages/airflow/example_dags/example_outlet_event_extra.py took 0.096 seconds
[2024-10-03T23:36:10.785+0100] {processor.py:186} INFO - Started process (PID=17064) to work on /opt/miniconda3/envs/airflow/lib/python3.8/site-packages/airflow/example_dags/example_outlet_event_extra.py
[2024-10-03T23:36:10.786+0100] {processor.py:914} INFO - Processing file /opt/miniconda3/envs/airflow/lib/python3.8/site-packages/airflow/example_dags/example_outlet_event_extra.py for tasks to queue
[2024-10-03T23:36:10.786+0100] {logging_mixin.py:190} INFO - [2024-10-03T23:36:10.786+0100] {dagbag.py:588} INFO - Filling up the DagBag from /opt/miniconda3/envs/airflow/lib/python3.8/site-packages/airflow/example_dags/example_outlet_event_extra.py
[2024-10-03T23:36:10.827+0100] {processor.py:925} INFO - DAG(s) 'dataset_with_extra_by_context', 'dataset_with_extra_by_yield', 'dataset_with_extra_from_classic_operator' retrieved from /opt/miniconda3/envs/airflow/lib/python3.8/site-packages/airflow/example_dags/example_outlet_event_extra.py
[2024-10-03T23:36:10.860+0100] {logging_mixin.py:190} INFO - [2024-10-03T23:36:10.860+0100] {dag.py:3239} INFO - Sync 3 DAGs
[2024-10-03T23:36:10.866+0100] {logging_mixin.py:190} INFO - [2024-10-03T23:36:10.866+0100] {dag.py:4180} INFO - Setting next_dagrun for dataset_with_extra_by_context to 2024-10-02 00:00:00+00:00, run_after=2024-10-03 00:00:00+00:00
[2024-10-03T23:36:10.867+0100] {logging_mixin.py:190} INFO - [2024-10-03T23:36:10.867+0100] {dag.py:4180} INFO - Setting next_dagrun for dataset_with_extra_by_yield to 2024-10-02 00:00:00+00:00, run_after=2024-10-03 00:00:00+00:00
[2024-10-03T23:36:10.868+0100] {logging_mixin.py:190} INFO - [2024-10-03T23:36:10.868+0100] {dag.py:4180} INFO - Setting next_dagrun for dataset_with_extra_from_classic_operator to 2024-10-02 00:00:00+00:00, run_after=2024-10-03 00:00:00+00:00
[2024-10-03T23:36:10.874+0100] {processor.py:208} INFO - Processing /opt/miniconda3/envs/airflow/lib/python3.8/site-packages/airflow/example_dags/example_outlet_event_extra.py took 0.090 seconds
[2024-10-04T00:00:17.689+0100] {processor.py:186} INFO - Started process (PID=17257) to work on /opt/miniconda3/envs/airflow/lib/python3.8/site-packages/airflow/example_dags/example_outlet_event_extra.py
[2024-10-04T00:00:17.689+0100] {processor.py:914} INFO - Processing file /opt/miniconda3/envs/airflow/lib/python3.8/site-packages/airflow/example_dags/example_outlet_event_extra.py for tasks to queue
[2024-10-04T00:00:17.689+0100] {logging_mixin.py:190} INFO - [2024-10-04T00:00:17.689+0100] {dagbag.py:588} INFO - Filling up the DagBag from /opt/miniconda3/envs/airflow/lib/python3.8/site-packages/airflow/example_dags/example_outlet_event_extra.py
[2024-10-04T00:00:17.730+0100] {processor.py:925} INFO - DAG(s) 'dataset_with_extra_by_context', 'dataset_with_extra_from_classic_operator', 'dataset_with_extra_by_yield' retrieved from /opt/miniconda3/envs/airflow/lib/python3.8/site-packages/airflow/example_dags/example_outlet_event_extra.py
[2024-10-04T00:00:17.763+0100] {logging_mixin.py:190} INFO - [2024-10-04T00:00:17.762+0100] {dag.py:3239} INFO - Sync 3 DAGs
[2024-10-04T00:00:17.769+0100] {logging_mixin.py:190} INFO - [2024-10-04T00:00:17.769+0100] {dag.py:4180} INFO - Setting next_dagrun for dataset_with_extra_by_context to 2024-10-02 00:00:00+00:00, run_after=2024-10-03 00:00:00+00:00
[2024-10-04T00:00:17.770+0100] {logging_mixin.py:190} INFO - [2024-10-04T00:00:17.770+0100] {dag.py:4180} INFO - Setting next_dagrun for dataset_with_extra_by_yield to 2024-10-02 00:00:00+00:00, run_after=2024-10-03 00:00:00+00:00
[2024-10-04T00:00:17.770+0100] {logging_mixin.py:190} INFO - [2024-10-04T00:00:17.770+0100] {dag.py:4180} INFO - Setting next_dagrun for dataset_with_extra_from_classic_operator to 2024-10-02 00:00:00+00:00, run_after=2024-10-03 00:00:00+00:00
[2024-10-04T00:00:17.777+0100] {processor.py:208} INFO - Processing /opt/miniconda3/envs/airflow/lib/python3.8/site-packages/airflow/example_dags/example_outlet_event_extra.py took 0.089 seconds
