[2024-10-03T23:04:29.661+0100] {processor.py:186} INFO - Started process (PID=16233) to work on /opt/miniconda3/envs/airflow/lib/python3.8/site-packages/airflow/example_dags/example_python_decorator.py
[2024-10-03T23:04:29.661+0100] {processor.py:914} INFO - Processing file /opt/miniconda3/envs/airflow/lib/python3.8/site-packages/airflow/example_dags/example_python_decorator.py for tasks to queue
[2024-10-03T23:04:29.662+0100] {logging_mixin.py:190} INFO - [2024-10-03T23:04:29.662+0100] {dagbag.py:588} INFO - Filling up the DagBag from /opt/miniconda3/envs/airflow/lib/python3.8/site-packages/airflow/example_dags/example_python_decorator.py
[2024-10-03T23:04:29.691+0100] {logging_mixin.py:190} INFO - [2024-10-03T23:04:29.691+0100] {example_python_decorator.py:80} WARNING - The virtalenv_python example task requires virtualenv, please install it.
[2024-10-03T23:04:29.692+0100] {processor.py:925} INFO - DAG(s) 'example_python_decorator' retrieved from /opt/miniconda3/envs/airflow/lib/python3.8/site-packages/airflow/example_dags/example_python_decorator.py
[2024-10-03T23:04:29.751+0100] {logging_mixin.py:190} INFO - [2024-10-03T23:04:29.751+0100] {override.py:1900} INFO - Created Permission View: can read on DAG:example_python_decorator
[2024-10-03T23:04:29.754+0100] {logging_mixin.py:190} INFO - [2024-10-03T23:04:29.754+0100] {override.py:1900} INFO - Created Permission View: can delete on DAG:example_python_decorator
[2024-10-03T23:04:29.755+0100] {logging_mixin.py:190} INFO - [2024-10-03T23:04:29.755+0100] {override.py:1900} INFO - Created Permission View: can edit on DAG:example_python_decorator
[2024-10-03T23:04:29.757+0100] {logging_mixin.py:190} INFO - [2024-10-03T23:04:29.757+0100] {override.py:1900} INFO - Created Permission View: menu access on DAG Run:example_python_decorator
[2024-10-03T23:04:29.759+0100] {logging_mixin.py:190} INFO - [2024-10-03T23:04:29.759+0100] {override.py:1900} INFO - Created Permission View: can read on DAG Run:example_python_decorator
[2024-10-03T23:04:29.761+0100] {logging_mixin.py:190} INFO - [2024-10-03T23:04:29.760+0100] {override.py:1900} INFO - Created Permission View: can create on DAG Run:example_python_decorator
[2024-10-03T23:04:29.762+0100] {logging_mixin.py:190} INFO - [2024-10-03T23:04:29.762+0100] {override.py:1900} INFO - Created Permission View: can delete on DAG Run:example_python_decorator
[2024-10-03T23:04:29.762+0100] {logging_mixin.py:190} INFO - [2024-10-03T23:04:29.762+0100] {dag.py:3239} INFO - Sync 1 DAGs
[2024-10-03T23:04:29.766+0100] {logging_mixin.py:190} INFO - [2024-10-03T23:04:29.766+0100] {dag.py:3262} INFO - Creating ORM DAG for example_python_decorator
[2024-10-03T23:04:29.766+0100] {logging_mixin.py:190} INFO - [2024-10-03T23:04:29.766+0100] {dag.py:4180} INFO - Setting next_dagrun for example_python_decorator to None, run_after=None
[2024-10-03T23:04:29.771+0100] {processor.py:208} INFO - Processing /opt/miniconda3/envs/airflow/lib/python3.8/site-packages/airflow/example_dags/example_python_decorator.py took 0.112 seconds
[2024-10-03T23:06:02.308+0100] {processor.py:186} INFO - Started process (PID=16384) to work on /opt/miniconda3/envs/airflow/lib/python3.8/site-packages/airflow/example_dags/example_python_decorator.py
[2024-10-03T23:06:02.308+0100] {processor.py:914} INFO - Processing file /opt/miniconda3/envs/airflow/lib/python3.8/site-packages/airflow/example_dags/example_python_decorator.py for tasks to queue
[2024-10-03T23:06:02.309+0100] {logging_mixin.py:190} INFO - [2024-10-03T23:06:02.309+0100] {dagbag.py:588} INFO - Filling up the DagBag from /opt/miniconda3/envs/airflow/lib/python3.8/site-packages/airflow/example_dags/example_python_decorator.py
[2024-10-03T23:06:02.337+0100] {logging_mixin.py:190} INFO - [2024-10-03T23:06:02.337+0100] {example_python_decorator.py:80} WARNING - The virtalenv_python example task requires virtualenv, please install it.
[2024-10-03T23:06:02.338+0100] {processor.py:925} INFO - DAG(s) 'example_python_decorator' retrieved from /opt/miniconda3/envs/airflow/lib/python3.8/site-packages/airflow/example_dags/example_python_decorator.py
[2024-10-03T23:06:02.370+0100] {logging_mixin.py:190} INFO - [2024-10-03T23:06:02.370+0100] {dag.py:3239} INFO - Sync 1 DAGs
[2024-10-03T23:06:02.374+0100] {logging_mixin.py:190} INFO - [2024-10-03T23:06:02.374+0100] {dag.py:4180} INFO - Setting next_dagrun for example_python_decorator to None, run_after=None
[2024-10-03T23:06:02.380+0100] {processor.py:208} INFO - Processing /opt/miniconda3/envs/airflow/lib/python3.8/site-packages/airflow/example_dags/example_python_decorator.py took 0.073 seconds
[2024-10-03T23:08:05.496+0100] {processor.py:186} INFO - Started process (PID=16564) to work on /opt/miniconda3/envs/airflow/lib/python3.8/site-packages/airflow/example_dags/example_python_decorator.py
[2024-10-03T23:08:05.497+0100] {processor.py:914} INFO - Processing file /opt/miniconda3/envs/airflow/lib/python3.8/site-packages/airflow/example_dags/example_python_decorator.py for tasks to queue
[2024-10-03T23:08:05.497+0100] {logging_mixin.py:190} INFO - [2024-10-03T23:08:05.497+0100] {dagbag.py:588} INFO - Filling up the DagBag from /opt/miniconda3/envs/airflow/lib/python3.8/site-packages/airflow/example_dags/example_python_decorator.py
[2024-10-03T23:08:05.527+0100] {logging_mixin.py:190} INFO - [2024-10-03T23:08:05.526+0100] {example_python_decorator.py:80} WARNING - The virtalenv_python example task requires virtualenv, please install it.
[2024-10-03T23:08:05.527+0100] {processor.py:925} INFO - DAG(s) 'example_python_decorator' retrieved from /opt/miniconda3/envs/airflow/lib/python3.8/site-packages/airflow/example_dags/example_python_decorator.py
[2024-10-03T23:08:05.559+0100] {logging_mixin.py:190} INFO - [2024-10-03T23:08:05.559+0100] {dag.py:3239} INFO - Sync 1 DAGs
[2024-10-03T23:08:05.563+0100] {logging_mixin.py:190} INFO - [2024-10-03T23:08:05.563+0100] {dag.py:4180} INFO - Setting next_dagrun for example_python_decorator to None, run_after=None
[2024-10-03T23:08:05.568+0100] {processor.py:208} INFO - Processing /opt/miniconda3/envs/airflow/lib/python3.8/site-packages/airflow/example_dags/example_python_decorator.py took 0.074 seconds
[2024-10-03T23:09:59.673+0100] {processor.py:186} INFO - Started process (PID=16728) to work on /opt/miniconda3/envs/airflow/lib/python3.8/site-packages/airflow/example_dags/example_python_decorator.py
[2024-10-03T23:09:59.674+0100] {processor.py:914} INFO - Processing file /opt/miniconda3/envs/airflow/lib/python3.8/site-packages/airflow/example_dags/example_python_decorator.py for tasks to queue
[2024-10-03T23:09:59.674+0100] {logging_mixin.py:190} INFO - [2024-10-03T23:09:59.674+0100] {dagbag.py:588} INFO - Filling up the DagBag from /opt/miniconda3/envs/airflow/lib/python3.8/site-packages/airflow/example_dags/example_python_decorator.py
[2024-10-03T23:09:59.702+0100] {logging_mixin.py:190} INFO - [2024-10-03T23:09:59.702+0100] {example_python_decorator.py:80} WARNING - The virtalenv_python example task requires virtualenv, please install it.
[2024-10-03T23:09:59.703+0100] {processor.py:925} INFO - DAG(s) 'example_python_decorator' retrieved from /opt/miniconda3/envs/airflow/lib/python3.8/site-packages/airflow/example_dags/example_python_decorator.py
[2024-10-03T23:09:59.736+0100] {logging_mixin.py:190} INFO - [2024-10-03T23:09:59.735+0100] {dag.py:3239} INFO - Sync 1 DAGs
[2024-10-03T23:09:59.739+0100] {logging_mixin.py:190} INFO - [2024-10-03T23:09:59.739+0100] {dag.py:4180} INFO - Setting next_dagrun for example_python_decorator to None, run_after=None
[2024-10-03T23:09:59.745+0100] {processor.py:208} INFO - Processing /opt/miniconda3/envs/airflow/lib/python3.8/site-packages/airflow/example_dags/example_python_decorator.py took 0.073 seconds
[2024-10-03T23:34:07.707+0100] {processor.py:186} INFO - Started process (PID=16903) to work on /opt/miniconda3/envs/airflow/lib/python3.8/site-packages/airflow/example_dags/example_python_decorator.py
[2024-10-03T23:34:07.708+0100] {processor.py:914} INFO - Processing file /opt/miniconda3/envs/airflow/lib/python3.8/site-packages/airflow/example_dags/example_python_decorator.py for tasks to queue
[2024-10-03T23:34:07.708+0100] {logging_mixin.py:190} INFO - [2024-10-03T23:34:07.708+0100] {dagbag.py:588} INFO - Filling up the DagBag from /opt/miniconda3/envs/airflow/lib/python3.8/site-packages/airflow/example_dags/example_python_decorator.py
[2024-10-03T23:34:07.736+0100] {logging_mixin.py:190} INFO - [2024-10-03T23:34:07.736+0100] {example_python_decorator.py:80} WARNING - The virtalenv_python example task requires virtualenv, please install it.
[2024-10-03T23:34:07.737+0100] {processor.py:925} INFO - DAG(s) 'example_python_decorator' retrieved from /opt/miniconda3/envs/airflow/lib/python3.8/site-packages/airflow/example_dags/example_python_decorator.py
[2024-10-03T23:34:07.769+0100] {logging_mixin.py:190} INFO - [2024-10-03T23:34:07.769+0100] {dag.py:3239} INFO - Sync 1 DAGs
[2024-10-03T23:34:07.772+0100] {logging_mixin.py:190} INFO - [2024-10-03T23:34:07.772+0100] {dag.py:4180} INFO - Setting next_dagrun for example_python_decorator to None, run_after=None
[2024-10-03T23:34:07.778+0100] {processor.py:208} INFO - Processing /opt/miniconda3/envs/airflow/lib/python3.8/site-packages/airflow/example_dags/example_python_decorator.py took 0.073 seconds
[2024-10-03T23:36:03.950+0100] {processor.py:186} INFO - Started process (PID=17056) to work on /opt/miniconda3/envs/airflow/lib/python3.8/site-packages/airflow/example_dags/example_python_decorator.py
[2024-10-03T23:36:03.951+0100] {processor.py:914} INFO - Processing file /opt/miniconda3/envs/airflow/lib/python3.8/site-packages/airflow/example_dags/example_python_decorator.py for tasks to queue
[2024-10-03T23:36:03.951+0100] {logging_mixin.py:190} INFO - [2024-10-03T23:36:03.951+0100] {dagbag.py:588} INFO - Filling up the DagBag from /opt/miniconda3/envs/airflow/lib/python3.8/site-packages/airflow/example_dags/example_python_decorator.py
[2024-10-03T23:36:03.978+0100] {logging_mixin.py:190} INFO - [2024-10-03T23:36:03.978+0100] {example_python_decorator.py:80} WARNING - The virtalenv_python example task requires virtualenv, please install it.
[2024-10-03T23:36:03.979+0100] {processor.py:925} INFO - DAG(s) 'example_python_decorator' retrieved from /opt/miniconda3/envs/airflow/lib/python3.8/site-packages/airflow/example_dags/example_python_decorator.py
[2024-10-03T23:36:04.010+0100] {logging_mixin.py:190} INFO - [2024-10-03T23:36:04.010+0100] {dag.py:3239} INFO - Sync 1 DAGs
[2024-10-03T23:36:04.014+0100] {logging_mixin.py:190} INFO - [2024-10-03T23:36:04.014+0100] {dag.py:4180} INFO - Setting next_dagrun for example_python_decorator to None, run_after=None
[2024-10-03T23:36:04.019+0100] {processor.py:208} INFO - Processing /opt/miniconda3/envs/airflow/lib/python3.8/site-packages/airflow/example_dags/example_python_decorator.py took 0.072 seconds
[2024-10-03T23:57:08.795+0100] {processor.py:186} INFO - Started process (PID=17233) to work on /opt/miniconda3/envs/airflow/lib/python3.8/site-packages/airflow/example_dags/example_python_decorator.py
[2024-10-03T23:57:08.796+0100] {processor.py:914} INFO - Processing file /opt/miniconda3/envs/airflow/lib/python3.8/site-packages/airflow/example_dags/example_python_decorator.py for tasks to queue
[2024-10-03T23:57:08.796+0100] {logging_mixin.py:190} INFO - [2024-10-03T23:57:08.796+0100] {dagbag.py:588} INFO - Filling up the DagBag from /opt/miniconda3/envs/airflow/lib/python3.8/site-packages/airflow/example_dags/example_python_decorator.py
[2024-10-03T23:57:08.823+0100] {logging_mixin.py:190} INFO - [2024-10-03T23:57:08.823+0100] {example_python_decorator.py:80} WARNING - The virtalenv_python example task requires virtualenv, please install it.
[2024-10-03T23:57:08.823+0100] {processor.py:925} INFO - DAG(s) 'example_python_decorator' retrieved from /opt/miniconda3/envs/airflow/lib/python3.8/site-packages/airflow/example_dags/example_python_decorator.py
[2024-10-03T23:57:08.855+0100] {logging_mixin.py:190} INFO - [2024-10-03T23:57:08.855+0100] {dag.py:3239} INFO - Sync 1 DAGs
[2024-10-03T23:57:08.859+0100] {logging_mixin.py:190} INFO - [2024-10-03T23:57:08.859+0100] {dag.py:4180} INFO - Setting next_dagrun for example_python_decorator to None, run_after=None
[2024-10-03T23:57:08.864+0100] {processor.py:208} INFO - Processing /opt/miniconda3/envs/airflow/lib/python3.8/site-packages/airflow/example_dags/example_python_decorator.py took 0.071 seconds
