[2024-10-03T23:05:05.184+0100] {processor.py:186} INFO - Started process (PID=16298) to work on /opt/miniconda3/envs/airflow/lib/python3.8/site-packages/airflow/example_dags/example_branch_operator_decorator.py
[2024-10-03T23:05:05.184+0100] {processor.py:914} INFO - Processing file /opt/miniconda3/envs/airflow/lib/python3.8/site-packages/airflow/example_dags/example_branch_operator_decorator.py for tasks to queue
[2024-10-03T23:05:05.185+0100] {logging_mixin.py:190} INFO - [2024-10-03T23:05:05.185+0100] {dagbag.py:588} INFO - Filling up the DagBag from /opt/miniconda3/envs/airflow/lib/python3.8/site-packages/airflow/example_dags/example_branch_operator_decorator.py
[2024-10-03T23:05:05.209+0100] {processor.py:927} WARNING - No viable dags retrieved from /opt/miniconda3/envs/airflow/lib/python3.8/site-packages/airflow/example_dags/example_branch_operator_decorator.py
[2024-10-03T23:05:05.240+0100] {processor.py:208} INFO - Processing /opt/miniconda3/envs/airflow/lib/python3.8/site-packages/airflow/example_dags/example_branch_operator_decorator.py took 0.058 seconds
[2024-10-03T23:07:11.869+0100] {processor.py:186} INFO - Started process (PID=16480) to work on /opt/miniconda3/envs/airflow/lib/python3.8/site-packages/airflow/example_dags/example_branch_operator_decorator.py
[2024-10-03T23:07:11.870+0100] {processor.py:914} INFO - Processing file /opt/miniconda3/envs/airflow/lib/python3.8/site-packages/airflow/example_dags/example_branch_operator_decorator.py for tasks to queue
[2024-10-03T23:07:11.870+0100] {logging_mixin.py:190} INFO - [2024-10-03T23:07:11.870+0100] {dagbag.py:588} INFO - Filling up the DagBag from /opt/miniconda3/envs/airflow/lib/python3.8/site-packages/airflow/example_dags/example_branch_operator_decorator.py
[2024-10-03T23:07:11.896+0100] {processor.py:927} WARNING - No viable dags retrieved from /opt/miniconda3/envs/airflow/lib/python3.8/site-packages/airflow/example_dags/example_branch_operator_decorator.py
[2024-10-03T23:07:11.926+0100] {processor.py:208} INFO - Processing /opt/miniconda3/envs/airflow/lib/python3.8/site-packages/airflow/example_dags/example_branch_operator_decorator.py took 0.058 seconds
[2024-10-03T23:09:07.300+0100] {processor.py:186} INFO - Started process (PID=16653) to work on /opt/miniconda3/envs/airflow/lib/python3.8/site-packages/airflow/example_dags/example_branch_operator_decorator.py
[2024-10-03T23:09:07.302+0100] {processor.py:914} INFO - Processing file /opt/miniconda3/envs/airflow/lib/python3.8/site-packages/airflow/example_dags/example_branch_operator_decorator.py for tasks to queue
[2024-10-03T23:09:07.302+0100] {logging_mixin.py:190} INFO - [2024-10-03T23:09:07.302+0100] {dagbag.py:588} INFO - Filling up the DagBag from /opt/miniconda3/envs/airflow/lib/python3.8/site-packages/airflow/example_dags/example_branch_operator_decorator.py
[2024-10-03T23:09:07.324+0100] {processor.py:927} WARNING - No viable dags retrieved from /opt/miniconda3/envs/airflow/lib/python3.8/site-packages/airflow/example_dags/example_branch_operator_decorator.py
[2024-10-03T23:09:07.354+0100] {processor.py:208} INFO - Processing /opt/miniconda3/envs/airflow/lib/python3.8/site-packages/airflow/example_dags/example_branch_operator_decorator.py took 0.056 seconds
[2024-10-03T23:11:13.895+0100] {processor.py:186} INFO - Started process (PID=16816) to work on /opt/miniconda3/envs/airflow/lib/python3.8/site-packages/airflow/example_dags/example_branch_operator_decorator.py
[2024-10-03T23:11:13.896+0100] {processor.py:914} INFO - Processing file /opt/miniconda3/envs/airflow/lib/python3.8/site-packages/airflow/example_dags/example_branch_operator_decorator.py for tasks to queue
[2024-10-03T23:11:13.896+0100] {logging_mixin.py:190} INFO - [2024-10-03T23:11:13.896+0100] {dagbag.py:588} INFO - Filling up the DagBag from /opt/miniconda3/envs/airflow/lib/python3.8/site-packages/airflow/example_dags/example_branch_operator_decorator.py
[2024-10-03T23:11:13.918+0100] {processor.py:927} WARNING - No viable dags retrieved from /opt/miniconda3/envs/airflow/lib/python3.8/site-packages/airflow/example_dags/example_branch_operator_decorator.py
[2024-10-03T23:11:13.947+0100] {processor.py:208} INFO - Processing /opt/miniconda3/envs/airflow/lib/python3.8/site-packages/airflow/example_dags/example_branch_operator_decorator.py took 0.053 seconds
[2024-10-03T23:35:11.527+0100] {processor.py:186} INFO - Started process (PID=16987) to work on /opt/miniconda3/envs/airflow/lib/python3.8/site-packages/airflow/example_dags/example_branch_operator_decorator.py
[2024-10-03T23:35:11.528+0100] {processor.py:914} INFO - Processing file /opt/miniconda3/envs/airflow/lib/python3.8/site-packages/airflow/example_dags/example_branch_operator_decorator.py for tasks to queue
[2024-10-03T23:35:11.528+0100] {logging_mixin.py:190} INFO - [2024-10-03T23:35:11.528+0100] {dagbag.py:588} INFO - Filling up the DagBag from /opt/miniconda3/envs/airflow/lib/python3.8/site-packages/airflow/example_dags/example_branch_operator_decorator.py
[2024-10-03T23:35:11.550+0100] {processor.py:927} WARNING - No viable dags retrieved from /opt/miniconda3/envs/airflow/lib/python3.8/site-packages/airflow/example_dags/example_branch_operator_decorator.py
[2024-10-03T23:35:11.578+0100] {processor.py:208} INFO - Processing /opt/miniconda3/envs/airflow/lib/python3.8/site-packages/airflow/example_dags/example_branch_operator_decorator.py took 0.053 seconds
[2024-10-03T23:41:53.753+0100] {processor.py:186} INFO - Started process (PID=17149) to work on /opt/miniconda3/envs/airflow/lib/python3.8/site-packages/airflow/example_dags/example_branch_operator_decorator.py
[2024-10-03T23:41:53.754+0100] {processor.py:914} INFO - Processing file /opt/miniconda3/envs/airflow/lib/python3.8/site-packages/airflow/example_dags/example_branch_operator_decorator.py for tasks to queue
[2024-10-03T23:41:53.754+0100] {logging_mixin.py:190} INFO - [2024-10-03T23:41:53.754+0100] {dagbag.py:588} INFO - Filling up the DagBag from /opt/miniconda3/envs/airflow/lib/python3.8/site-packages/airflow/example_dags/example_branch_operator_decorator.py
[2024-10-03T23:41:53.776+0100] {processor.py:927} WARNING - No viable dags retrieved from /opt/miniconda3/envs/airflow/lib/python3.8/site-packages/airflow/example_dags/example_branch_operator_decorator.py
[2024-10-03T23:41:53.804+0100] {processor.py:208} INFO - Processing /opt/miniconda3/envs/airflow/lib/python3.8/site-packages/airflow/example_dags/example_branch_operator_decorator.py took 0.053 seconds
[2024-10-04T00:53:17.122+0100] {processor.py:186} INFO - Started process (PID=17314) to work on /opt/miniconda3/envs/airflow/lib/python3.8/site-packages/airflow/example_dags/example_branch_operator_decorator.py
[2024-10-04T00:53:17.122+0100] {processor.py:914} INFO - Processing file /opt/miniconda3/envs/airflow/lib/python3.8/site-packages/airflow/example_dags/example_branch_operator_decorator.py for tasks to queue
[2024-10-04T00:53:17.123+0100] {logging_mixin.py:190} INFO - [2024-10-04T00:53:17.123+0100] {dagbag.py:588} INFO - Filling up the DagBag from /opt/miniconda3/envs/airflow/lib/python3.8/site-packages/airflow/example_dags/example_branch_operator_decorator.py
[2024-10-04T00:53:17.145+0100] {processor.py:927} WARNING - No viable dags retrieved from /opt/miniconda3/envs/airflow/lib/python3.8/site-packages/airflow/example_dags/example_branch_operator_decorator.py
[2024-10-04T00:53:17.173+0100] {processor.py:208} INFO - Processing /opt/miniconda3/envs/airflow/lib/python3.8/site-packages/airflow/example_dags/example_branch_operator_decorator.py took 0.054 seconds
