[2024-10-03T23:04:54.614+0100] {processor.py:186} INFO - Started process (PID=16278) to work on /opt/miniconda3/envs/airflow/lib/python3.8/site-packages/airflow/example_dags/example_datasets.py
[2024-10-03T23:04:54.614+0100] {processor.py:914} INFO - Processing file /opt/miniconda3/envs/airflow/lib/python3.8/site-packages/airflow/example_dags/example_datasets.py for tasks to queue
[2024-10-03T23:04:54.615+0100] {logging_mixin.py:190} INFO - [2024-10-03T23:04:54.615+0100] {dagbag.py:588} INFO - Filling up the DagBag from /opt/miniconda3/envs/airflow/lib/python3.8/site-packages/airflow/example_dags/example_datasets.py
[2024-10-03T23:04:54.649+0100] {processor.py:925} INFO - DAG(s) 'consume_1_or_2_with_dataset_expressions', 'dataset_consumes_1_and_2', 'dataset_consumes_unknown_never_scheduled', 'dataset_produces_2', 'dataset_produces_1', 'consume_1_and_2_with_dataset_expressions', 'dataset_consumes_1', 'dataset_consumes_1_never_scheduled', 'conditional_dataset_and_time_based_timetable', 'consume_1_or_both_2_and_3_with_dataset_expressions' retrieved from /opt/miniconda3/envs/airflow/lib/python3.8/site-packages/airflow/example_dags/example_datasets.py
[2024-10-03T23:04:54.712+0100] {logging_mixin.py:190} INFO - [2024-10-03T23:04:54.711+0100] {override.py:1900} INFO - Created Permission View: can edit on DAG:consume_1_or_2_with_dataset_expressions
[2024-10-03T23:04:54.714+0100] {logging_mixin.py:190} INFO - [2024-10-03T23:04:54.714+0100] {override.py:1900} INFO - Created Permission View: can read on DAG:consume_1_or_2_with_dataset_expressions
[2024-10-03T23:04:54.716+0100] {logging_mixin.py:190} INFO - [2024-10-03T23:04:54.716+0100] {override.py:1900} INFO - Created Permission View: can delete on DAG:consume_1_or_2_with_dataset_expressions
[2024-10-03T23:04:54.718+0100] {logging_mixin.py:190} INFO - [2024-10-03T23:04:54.718+0100] {override.py:1900} INFO - Created Permission View: can create on DAG Run:consume_1_or_2_with_dataset_expressions
[2024-10-03T23:04:54.719+0100] {logging_mixin.py:190} INFO - [2024-10-03T23:04:54.719+0100] {override.py:1900} INFO - Created Permission View: can read on DAG Run:consume_1_or_2_with_dataset_expressions
[2024-10-03T23:04:54.721+0100] {logging_mixin.py:190} INFO - [2024-10-03T23:04:54.721+0100] {override.py:1900} INFO - Created Permission View: menu access on DAG Run:consume_1_or_2_with_dataset_expressions
[2024-10-03T23:04:54.722+0100] {logging_mixin.py:190} INFO - [2024-10-03T23:04:54.722+0100] {override.py:1900} INFO - Created Permission View: can delete on DAG Run:consume_1_or_2_with_dataset_expressions
[2024-10-03T23:04:54.726+0100] {logging_mixin.py:190} INFO - [2024-10-03T23:04:54.726+0100] {override.py:1900} INFO - Created Permission View: can edit on DAG:dataset_consumes_1_and_2
[2024-10-03T23:04:54.728+0100] {logging_mixin.py:190} INFO - [2024-10-03T23:04:54.728+0100] {override.py:1900} INFO - Created Permission View: can read on DAG:dataset_consumes_1_and_2
[2024-10-03T23:04:54.730+0100] {logging_mixin.py:190} INFO - [2024-10-03T23:04:54.729+0100] {override.py:1900} INFO - Created Permission View: can delete on DAG:dataset_consumes_1_and_2
[2024-10-03T23:04:54.732+0100] {logging_mixin.py:190} INFO - [2024-10-03T23:04:54.731+0100] {override.py:1900} INFO - Created Permission View: can create on DAG Run:dataset_consumes_1_and_2
[2024-10-03T23:04:54.733+0100] {logging_mixin.py:190} INFO - [2024-10-03T23:04:54.733+0100] {override.py:1900} INFO - Created Permission View: can read on DAG Run:dataset_consumes_1_and_2
[2024-10-03T23:04:54.735+0100] {logging_mixin.py:190} INFO - [2024-10-03T23:04:54.734+0100] {override.py:1900} INFO - Created Permission View: menu access on DAG Run:dataset_consumes_1_and_2
[2024-10-03T23:04:54.736+0100] {logging_mixin.py:190} INFO - [2024-10-03T23:04:54.736+0100] {override.py:1900} INFO - Created Permission View: can delete on DAG Run:dataset_consumes_1_and_2
[2024-10-03T23:04:54.739+0100] {logging_mixin.py:190} INFO - [2024-10-03T23:04:54.739+0100] {override.py:1900} INFO - Created Permission View: can edit on DAG:dataset_consumes_unknown_never_scheduled
[2024-10-03T23:04:54.741+0100] {logging_mixin.py:190} INFO - [2024-10-03T23:04:54.741+0100] {override.py:1900} INFO - Created Permission View: can read on DAG:dataset_consumes_unknown_never_scheduled
[2024-10-03T23:04:54.742+0100] {logging_mixin.py:190} INFO - [2024-10-03T23:04:54.742+0100] {override.py:1900} INFO - Created Permission View: can delete on DAG:dataset_consumes_unknown_never_scheduled
[2024-10-03T23:04:54.744+0100] {logging_mixin.py:190} INFO - [2024-10-03T23:04:54.744+0100] {override.py:1900} INFO - Created Permission View: can create on DAG Run:dataset_consumes_unknown_never_scheduled
[2024-10-03T23:04:54.746+0100] {logging_mixin.py:190} INFO - [2024-10-03T23:04:54.746+0100] {override.py:1900} INFO - Created Permission View: can read on DAG Run:dataset_consumes_unknown_never_scheduled
[2024-10-03T23:04:54.747+0100] {logging_mixin.py:190} INFO - [2024-10-03T23:04:54.747+0100] {override.py:1900} INFO - Created Permission View: menu access on DAG Run:dataset_consumes_unknown_never_scheduled
[2024-10-03T23:04:54.749+0100] {logging_mixin.py:190} INFO - [2024-10-03T23:04:54.749+0100] {override.py:1900} INFO - Created Permission View: can delete on DAG Run:dataset_consumes_unknown_never_scheduled
[2024-10-03T23:04:54.752+0100] {logging_mixin.py:190} INFO - [2024-10-03T23:04:54.752+0100] {override.py:1900} INFO - Created Permission View: can edit on DAG:dataset_produces_2
[2024-10-03T23:04:54.754+0100] {logging_mixin.py:190} INFO - [2024-10-03T23:04:54.754+0100] {override.py:1900} INFO - Created Permission View: can read on DAG:dataset_produces_2
[2024-10-03T23:04:54.755+0100] {logging_mixin.py:190} INFO - [2024-10-03T23:04:54.755+0100] {override.py:1900} INFO - Created Permission View: can delete on DAG:dataset_produces_2
[2024-10-03T23:04:54.757+0100] {logging_mixin.py:190} INFO - [2024-10-03T23:04:54.757+0100] {override.py:1900} INFO - Created Permission View: can create on DAG Run:dataset_produces_2
[2024-10-03T23:04:54.759+0100] {logging_mixin.py:190} INFO - [2024-10-03T23:04:54.759+0100] {override.py:1900} INFO - Created Permission View: can read on DAG Run:dataset_produces_2
[2024-10-03T23:04:54.760+0100] {logging_mixin.py:190} INFO - [2024-10-03T23:04:54.760+0100] {override.py:1900} INFO - Created Permission View: menu access on DAG Run:dataset_produces_2
[2024-10-03T23:04:54.762+0100] {logging_mixin.py:190} INFO - [2024-10-03T23:04:54.762+0100] {override.py:1900} INFO - Created Permission View: can delete on DAG Run:dataset_produces_2
[2024-10-03T23:04:54.765+0100] {logging_mixin.py:190} INFO - [2024-10-03T23:04:54.765+0100] {override.py:1900} INFO - Created Permission View: can edit on DAG:dataset_produces_1
[2024-10-03T23:04:54.767+0100] {logging_mixin.py:190} INFO - [2024-10-03T23:04:54.767+0100] {override.py:1900} INFO - Created Permission View: can read on DAG:dataset_produces_1
[2024-10-03T23:04:54.768+0100] {logging_mixin.py:190} INFO - [2024-10-03T23:04:54.768+0100] {override.py:1900} INFO - Created Permission View: can delete on DAG:dataset_produces_1
[2024-10-03T23:04:54.770+0100] {logging_mixin.py:190} INFO - [2024-10-03T23:04:54.770+0100] {override.py:1900} INFO - Created Permission View: can create on DAG Run:dataset_produces_1
[2024-10-03T23:04:54.772+0100] {logging_mixin.py:190} INFO - [2024-10-03T23:04:54.771+0100] {override.py:1900} INFO - Created Permission View: can read on DAG Run:dataset_produces_1
[2024-10-03T23:04:54.773+0100] {logging_mixin.py:190} INFO - [2024-10-03T23:04:54.773+0100] {override.py:1900} INFO - Created Permission View: menu access on DAG Run:dataset_produces_1
[2024-10-03T23:04:54.774+0100] {logging_mixin.py:190} INFO - [2024-10-03T23:04:54.774+0100] {override.py:1900} INFO - Created Permission View: can delete on DAG Run:dataset_produces_1
[2024-10-03T23:04:54.778+0100] {logging_mixin.py:190} INFO - [2024-10-03T23:04:54.778+0100] {override.py:1900} INFO - Created Permission View: can edit on DAG:consume_1_and_2_with_dataset_expressions
[2024-10-03T23:04:54.779+0100] {logging_mixin.py:190} INFO - [2024-10-03T23:04:54.779+0100] {override.py:1900} INFO - Created Permission View: can read on DAG:consume_1_and_2_with_dataset_expressions
[2024-10-03T23:04:54.781+0100] {logging_mixin.py:190} INFO - [2024-10-03T23:04:54.781+0100] {override.py:1900} INFO - Created Permission View: can delete on DAG:consume_1_and_2_with_dataset_expressions
[2024-10-03T23:04:54.783+0100] {logging_mixin.py:190} INFO - [2024-10-03T23:04:54.783+0100] {override.py:1900} INFO - Created Permission View: can create on DAG Run:consume_1_and_2_with_dataset_expressions
[2024-10-03T23:04:54.784+0100] {logging_mixin.py:190} INFO - [2024-10-03T23:04:54.784+0100] {override.py:1900} INFO - Created Permission View: can read on DAG Run:consume_1_and_2_with_dataset_expressions
[2024-10-03T23:04:54.786+0100] {logging_mixin.py:190} INFO - [2024-10-03T23:04:54.786+0100] {override.py:1900} INFO - Created Permission View: menu access on DAG Run:consume_1_and_2_with_dataset_expressions
[2024-10-03T23:04:54.787+0100] {logging_mixin.py:190} INFO - [2024-10-03T23:04:54.787+0100] {override.py:1900} INFO - Created Permission View: can delete on DAG Run:consume_1_and_2_with_dataset_expressions
[2024-10-03T23:04:54.791+0100] {logging_mixin.py:190} INFO - [2024-10-03T23:04:54.791+0100] {override.py:1900} INFO - Created Permission View: can edit on DAG:dataset_consumes_1
[2024-10-03T23:04:54.793+0100] {logging_mixin.py:190} INFO - [2024-10-03T23:04:54.793+0100] {override.py:1900} INFO - Created Permission View: can read on DAG:dataset_consumes_1
[2024-10-03T23:04:54.794+0100] {logging_mixin.py:190} INFO - [2024-10-03T23:04:54.794+0100] {override.py:1900} INFO - Created Permission View: can delete on DAG:dataset_consumes_1
[2024-10-03T23:04:54.796+0100] {logging_mixin.py:190} INFO - [2024-10-03T23:04:54.796+0100] {override.py:1900} INFO - Created Permission View: can create on DAG Run:dataset_consumes_1
[2024-10-03T23:04:54.798+0100] {logging_mixin.py:190} INFO - [2024-10-03T23:04:54.798+0100] {override.py:1900} INFO - Created Permission View: can read on DAG Run:dataset_consumes_1
[2024-10-03T23:04:54.799+0100] {logging_mixin.py:190} INFO - [2024-10-03T23:04:54.799+0100] {override.py:1900} INFO - Created Permission View: menu access on DAG Run:dataset_consumes_1
[2024-10-03T23:04:54.801+0100] {logging_mixin.py:190} INFO - [2024-10-03T23:04:54.801+0100] {override.py:1900} INFO - Created Permission View: can delete on DAG Run:dataset_consumes_1
[2024-10-03T23:04:54.804+0100] {logging_mixin.py:190} INFO - [2024-10-03T23:04:54.804+0100] {override.py:1900} INFO - Created Permission View: can edit on DAG:dataset_consumes_1_never_scheduled
[2024-10-03T23:04:54.806+0100] {logging_mixin.py:190} INFO - [2024-10-03T23:04:54.806+0100] {override.py:1900} INFO - Created Permission View: can read on DAG:dataset_consumes_1_never_scheduled
[2024-10-03T23:04:54.807+0100] {logging_mixin.py:190} INFO - [2024-10-03T23:04:54.807+0100] {override.py:1900} INFO - Created Permission View: can delete on DAG:dataset_consumes_1_never_scheduled
[2024-10-03T23:04:54.809+0100] {logging_mixin.py:190} INFO - [2024-10-03T23:04:54.809+0100] {override.py:1900} INFO - Created Permission View: can create on DAG Run:dataset_consumes_1_never_scheduled
[2024-10-03T23:04:54.811+0100] {logging_mixin.py:190} INFO - [2024-10-03T23:04:54.811+0100] {override.py:1900} INFO - Created Permission View: can read on DAG Run:dataset_consumes_1_never_scheduled
[2024-10-03T23:04:54.812+0100] {logging_mixin.py:190} INFO - [2024-10-03T23:04:54.812+0100] {override.py:1900} INFO - Created Permission View: menu access on DAG Run:dataset_consumes_1_never_scheduled
[2024-10-03T23:04:54.814+0100] {logging_mixin.py:190} INFO - [2024-10-03T23:04:54.814+0100] {override.py:1900} INFO - Created Permission View: can delete on DAG Run:dataset_consumes_1_never_scheduled
[2024-10-03T23:04:54.817+0100] {logging_mixin.py:190} INFO - [2024-10-03T23:04:54.817+0100] {override.py:1900} INFO - Created Permission View: can edit on DAG:conditional_dataset_and_time_based_timetable
[2024-10-03T23:04:54.818+0100] {logging_mixin.py:190} INFO - [2024-10-03T23:04:54.818+0100] {override.py:1900} INFO - Created Permission View: can read on DAG:conditional_dataset_and_time_based_timetable
[2024-10-03T23:04:54.820+0100] {logging_mixin.py:190} INFO - [2024-10-03T23:04:54.820+0100] {override.py:1900} INFO - Created Permission View: can delete on DAG:conditional_dataset_and_time_based_timetable
[2024-10-03T23:04:54.822+0100] {logging_mixin.py:190} INFO - [2024-10-03T23:04:54.822+0100] {override.py:1900} INFO - Created Permission View: can create on DAG Run:conditional_dataset_and_time_based_timetable
[2024-10-03T23:04:54.823+0100] {logging_mixin.py:190} INFO - [2024-10-03T23:04:54.823+0100] {override.py:1900} INFO - Created Permission View: can read on DAG Run:conditional_dataset_and_time_based_timetable
[2024-10-03T23:04:54.825+0100] {logging_mixin.py:190} INFO - [2024-10-03T23:04:54.825+0100] {override.py:1900} INFO - Created Permission View: menu access on DAG Run:conditional_dataset_and_time_based_timetable
[2024-10-03T23:04:54.826+0100] {logging_mixin.py:190} INFO - [2024-10-03T23:04:54.826+0100] {override.py:1900} INFO - Created Permission View: can delete on DAG Run:conditional_dataset_and_time_based_timetable
[2024-10-03T23:04:54.829+0100] {logging_mixin.py:190} INFO - [2024-10-03T23:04:54.829+0100] {override.py:1900} INFO - Created Permission View: can edit on DAG:consume_1_or_both_2_and_3_with_dataset_expressions
[2024-10-03T23:04:54.831+0100] {logging_mixin.py:190} INFO - [2024-10-03T23:04:54.831+0100] {override.py:1900} INFO - Created Permission View: can read on DAG:consume_1_or_both_2_and_3_with_dataset_expressions
[2024-10-03T23:04:54.832+0100] {logging_mixin.py:190} INFO - [2024-10-03T23:04:54.832+0100] {override.py:1900} INFO - Created Permission View: can delete on DAG:consume_1_or_both_2_and_3_with_dataset_expressions
[2024-10-03T23:04:54.834+0100] {logging_mixin.py:190} INFO - [2024-10-03T23:04:54.834+0100] {override.py:1900} INFO - Created Permission View: can create on DAG Run:consume_1_or_both_2_and_3_with_dataset_expressions
[2024-10-03T23:04:54.836+0100] {logging_mixin.py:190} INFO - [2024-10-03T23:04:54.836+0100] {override.py:1900} INFO - Created Permission View: can read on DAG Run:consume_1_or_both_2_and_3_with_dataset_expressions
[2024-10-03T23:04:54.837+0100] {logging_mixin.py:190} INFO - [2024-10-03T23:04:54.837+0100] {override.py:1900} INFO - Created Permission View: menu access on DAG Run:consume_1_or_both_2_and_3_with_dataset_expressions
[2024-10-03T23:04:54.839+0100] {logging_mixin.py:190} INFO - [2024-10-03T23:04:54.839+0100] {override.py:1900} INFO - Created Permission View: can delete on DAG Run:consume_1_or_both_2_and_3_with_dataset_expressions
[2024-10-03T23:04:54.839+0100] {logging_mixin.py:190} INFO - [2024-10-03T23:04:54.839+0100] {dag.py:3239} INFO - Sync 10 DAGs
[2024-10-03T23:04:54.843+0100] {logging_mixin.py:190} INFO - [2024-10-03T23:04:54.843+0100] {dag.py:3262} INFO - Creating ORM DAG for consume_1_or_both_2_and_3_with_dataset_expressions
[2024-10-03T23:04:54.843+0100] {logging_mixin.py:190} INFO - [2024-10-03T23:04:54.843+0100] {dag.py:3262} INFO - Creating ORM DAG for conditional_dataset_and_time_based_timetable
[2024-10-03T23:04:54.843+0100] {logging_mixin.py:190} INFO - [2024-10-03T23:04:54.843+0100] {dag.py:3262} INFO - Creating ORM DAG for dataset_produces_1
[2024-10-03T23:04:54.843+0100] {logging_mixin.py:190} INFO - [2024-10-03T23:04:54.843+0100] {dag.py:3262} INFO - Creating ORM DAG for dataset_produces_2
[2024-10-03T23:04:54.843+0100] {logging_mixin.py:190} INFO - [2024-10-03T23:04:54.843+0100] {dag.py:3262} INFO - Creating ORM DAG for dataset_consumes_1_never_scheduled
[2024-10-03T23:04:54.844+0100] {logging_mixin.py:190} INFO - [2024-10-03T23:04:54.844+0100] {dag.py:3262} INFO - Creating ORM DAG for dataset_consumes_1
[2024-10-03T23:04:54.844+0100] {logging_mixin.py:190} INFO - [2024-10-03T23:04:54.844+0100] {dag.py:3262} INFO - Creating ORM DAG for dataset_consumes_unknown_never_scheduled
[2024-10-03T23:04:54.844+0100] {logging_mixin.py:190} INFO - [2024-10-03T23:04:54.844+0100] {dag.py:3262} INFO - Creating ORM DAG for dataset_consumes_1_and_2
[2024-10-03T23:04:54.844+0100] {logging_mixin.py:190} INFO - [2024-10-03T23:04:54.844+0100] {dag.py:3262} INFO - Creating ORM DAG for consume_1_or_2_with_dataset_expressions
[2024-10-03T23:04:54.844+0100] {logging_mixin.py:190} INFO - [2024-10-03T23:04:54.844+0100] {dag.py:3262} INFO - Creating ORM DAG for consume_1_and_2_with_dataset_expressions
[2024-10-03T23:04:54.847+0100] {logging_mixin.py:190} INFO - [2024-10-03T23:04:54.847+0100] {dag.py:4180} INFO - Setting next_dagrun for conditional_dataset_and_time_based_timetable to 2024-10-02 01:00:00+00:00, run_after=2024-10-02 01:00:00+00:00
[2024-10-03T23:04:54.847+0100] {logging_mixin.py:190} INFO - [2024-10-03T23:04:54.847+0100] {dag.py:4180} INFO - Setting next_dagrun for consume_1_and_2_with_dataset_expressions to None, run_after=None
[2024-10-03T23:04:54.848+0100] {logging_mixin.py:190} INFO - [2024-10-03T23:04:54.847+0100] {dag.py:4180} INFO - Setting next_dagrun for consume_1_or_2_with_dataset_expressions to None, run_after=None
[2024-10-03T23:04:54.848+0100] {logging_mixin.py:190} INFO - [2024-10-03T23:04:54.848+0100] {dag.py:4180} INFO - Setting next_dagrun for consume_1_or_both_2_and_3_with_dataset_expressions to None, run_after=None
[2024-10-03T23:04:54.848+0100] {logging_mixin.py:190} INFO - [2024-10-03T23:04:54.848+0100] {dag.py:4180} INFO - Setting next_dagrun for dataset_consumes_1 to None, run_after=None
[2024-10-03T23:04:54.848+0100] {logging_mixin.py:190} INFO - [2024-10-03T23:04:54.848+0100] {dag.py:4180} INFO - Setting next_dagrun for dataset_consumes_1_and_2 to None, run_after=None
[2024-10-03T23:04:54.848+0100] {logging_mixin.py:190} INFO - [2024-10-03T23:04:54.848+0100] {dag.py:4180} INFO - Setting next_dagrun for dataset_consumes_1_never_scheduled to None, run_after=None
[2024-10-03T23:04:54.848+0100] {logging_mixin.py:190} INFO - [2024-10-03T23:04:54.848+0100] {dag.py:4180} INFO - Setting next_dagrun for dataset_consumes_unknown_never_scheduled to None, run_after=None
[2024-10-03T23:04:54.849+0100] {logging_mixin.py:190} INFO - [2024-10-03T23:04:54.849+0100] {dag.py:4180} INFO - Setting next_dagrun for dataset_produces_1 to 2024-10-02 00:00:00+00:00, run_after=2024-10-03 00:00:00+00:00
[2024-10-03T23:04:54.849+0100] {logging_mixin.py:190} INFO - [2024-10-03T23:04:54.849+0100] {dag.py:4180} INFO - Setting next_dagrun for dataset_produces_2 to None, run_after=None
[2024-10-03T23:04:54.856+0100] {logging_mixin.py:190} INFO - [2024-10-03T23:04:54.856+0100] {workday.py:41} WARNING - Could not import pandas. Holidays will not be considered.
[2024-10-03T23:04:54.861+0100] {processor.py:208} INFO - Processing /opt/miniconda3/envs/airflow/lib/python3.8/site-packages/airflow/example_dags/example_datasets.py took 0.248 seconds
[2024-10-03T23:07:02.454+0100] {processor.py:186} INFO - Started process (PID=16468) to work on /opt/miniconda3/envs/airflow/lib/python3.8/site-packages/airflow/example_dags/example_datasets.py
[2024-10-03T23:07:02.455+0100] {processor.py:914} INFO - Processing file /opt/miniconda3/envs/airflow/lib/python3.8/site-packages/airflow/example_dags/example_datasets.py for tasks to queue
[2024-10-03T23:07:02.455+0100] {logging_mixin.py:190} INFO - [2024-10-03T23:07:02.455+0100] {dagbag.py:588} INFO - Filling up the DagBag from /opt/miniconda3/envs/airflow/lib/python3.8/site-packages/airflow/example_dags/example_datasets.py
[2024-10-03T23:07:02.493+0100] {processor.py:925} INFO - DAG(s) 'dataset_consumes_1_and_2', 'consume_1_or_both_2_and_3_with_dataset_expressions', 'dataset_produces_1', 'dataset_produces_2', 'dataset_consumes_unknown_never_scheduled', 'consume_1_and_2_with_dataset_expressions', 'consume_1_or_2_with_dataset_expressions', 'conditional_dataset_and_time_based_timetable', 'dataset_consumes_1', 'dataset_consumes_1_never_scheduled' retrieved from /opt/miniconda3/envs/airflow/lib/python3.8/site-packages/airflow/example_dags/example_datasets.py
[2024-10-03T23:07:02.533+0100] {logging_mixin.py:190} INFO - [2024-10-03T23:07:02.533+0100] {dag.py:3239} INFO - Sync 10 DAGs
[2024-10-03T23:07:02.540+0100] {logging_mixin.py:190} INFO - [2024-10-03T23:07:02.540+0100] {dag.py:4180} INFO - Setting next_dagrun for conditional_dataset_and_time_based_timetable to 2024-10-02 01:00:00+00:00, run_after=2024-10-02 01:00:00+00:00
[2024-10-03T23:07:02.541+0100] {logging_mixin.py:190} INFO - [2024-10-03T23:07:02.541+0100] {dag.py:4180} INFO - Setting next_dagrun for consume_1_and_2_with_dataset_expressions to None, run_after=None
[2024-10-03T23:07:02.542+0100] {logging_mixin.py:190} INFO - [2024-10-03T23:07:02.542+0100] {dag.py:4180} INFO - Setting next_dagrun for consume_1_or_2_with_dataset_expressions to None, run_after=None
[2024-10-03T23:07:02.542+0100] {logging_mixin.py:190} INFO - [2024-10-03T23:07:02.542+0100] {dag.py:4180} INFO - Setting next_dagrun for consume_1_or_both_2_and_3_with_dataset_expressions to None, run_after=None
[2024-10-03T23:07:02.542+0100] {logging_mixin.py:190} INFO - [2024-10-03T23:07:02.542+0100] {dag.py:4180} INFO - Setting next_dagrun for dataset_consumes_1 to None, run_after=None
[2024-10-03T23:07:02.542+0100] {logging_mixin.py:190} INFO - [2024-10-03T23:07:02.542+0100] {dag.py:4180} INFO - Setting next_dagrun for dataset_consumes_1_and_2 to None, run_after=None
[2024-10-03T23:07:02.543+0100] {logging_mixin.py:190} INFO - [2024-10-03T23:07:02.543+0100] {dag.py:4180} INFO - Setting next_dagrun for dataset_consumes_1_never_scheduled to None, run_after=None
[2024-10-03T23:07:02.543+0100] {logging_mixin.py:190} INFO - [2024-10-03T23:07:02.543+0100] {dag.py:4180} INFO - Setting next_dagrun for dataset_consumes_unknown_never_scheduled to None, run_after=None
[2024-10-03T23:07:02.543+0100] {logging_mixin.py:190} INFO - [2024-10-03T23:07:02.543+0100] {dag.py:4180} INFO - Setting next_dagrun for dataset_produces_1 to 2024-10-02 00:00:00+00:00, run_after=2024-10-03 00:00:00+00:00
[2024-10-03T23:07:02.544+0100] {logging_mixin.py:190} INFO - [2024-10-03T23:07:02.544+0100] {dag.py:4180} INFO - Setting next_dagrun for dataset_produces_2 to None, run_after=None
[2024-10-03T23:07:02.553+0100] {processor.py:208} INFO - Processing /opt/miniconda3/envs/airflow/lib/python3.8/site-packages/airflow/example_dags/example_datasets.py took 0.101 seconds
[2024-10-03T23:08:58.062+0100] {processor.py:186} INFO - Started process (PID=16641) to work on /opt/miniconda3/envs/airflow/lib/python3.8/site-packages/airflow/example_dags/example_datasets.py
[2024-10-03T23:08:58.063+0100] {processor.py:914} INFO - Processing file /opt/miniconda3/envs/airflow/lib/python3.8/site-packages/airflow/example_dags/example_datasets.py for tasks to queue
[2024-10-03T23:08:58.063+0100] {logging_mixin.py:190} INFO - [2024-10-03T23:08:58.063+0100] {dagbag.py:588} INFO - Filling up the DagBag from /opt/miniconda3/envs/airflow/lib/python3.8/site-packages/airflow/example_dags/example_datasets.py
[2024-10-03T23:08:58.096+0100] {processor.py:925} INFO - DAG(s) 'dataset_consumes_1', 'consume_1_and_2_with_dataset_expressions', 'dataset_produces_2', 'dataset_consumes_1_never_scheduled', 'consume_1_or_2_with_dataset_expressions', 'conditional_dataset_and_time_based_timetable', 'consume_1_or_both_2_and_3_with_dataset_expressions', 'dataset_consumes_1_and_2', 'dataset_produces_1', 'dataset_consumes_unknown_never_scheduled' retrieved from /opt/miniconda3/envs/airflow/lib/python3.8/site-packages/airflow/example_dags/example_datasets.py
[2024-10-03T23:08:58.137+0100] {logging_mixin.py:190} INFO - [2024-10-03T23:08:58.137+0100] {dag.py:3239} INFO - Sync 10 DAGs
[2024-10-03T23:08:58.144+0100] {logging_mixin.py:190} INFO - [2024-10-03T23:08:58.144+0100] {dag.py:4180} INFO - Setting next_dagrun for conditional_dataset_and_time_based_timetable to 2024-10-02 01:00:00+00:00, run_after=2024-10-02 01:00:00+00:00
[2024-10-03T23:08:58.145+0100] {logging_mixin.py:190} INFO - [2024-10-03T23:08:58.145+0100] {dag.py:4180} INFO - Setting next_dagrun for consume_1_and_2_with_dataset_expressions to None, run_after=None
[2024-10-03T23:08:58.145+0100] {logging_mixin.py:190} INFO - [2024-10-03T23:08:58.145+0100] {dag.py:4180} INFO - Setting next_dagrun for consume_1_or_2_with_dataset_expressions to None, run_after=None
[2024-10-03T23:08:58.145+0100] {logging_mixin.py:190} INFO - [2024-10-03T23:08:58.145+0100] {dag.py:4180} INFO - Setting next_dagrun for consume_1_or_both_2_and_3_with_dataset_expressions to None, run_after=None
[2024-10-03T23:08:58.146+0100] {logging_mixin.py:190} INFO - [2024-10-03T23:08:58.146+0100] {dag.py:4180} INFO - Setting next_dagrun for dataset_consumes_1 to None, run_after=None
[2024-10-03T23:08:58.146+0100] {logging_mixin.py:190} INFO - [2024-10-03T23:08:58.146+0100] {dag.py:4180} INFO - Setting next_dagrun for dataset_consumes_1_and_2 to None, run_after=None
[2024-10-03T23:08:58.146+0100] {logging_mixin.py:190} INFO - [2024-10-03T23:08:58.146+0100] {dag.py:4180} INFO - Setting next_dagrun for dataset_consumes_1_never_scheduled to None, run_after=None
[2024-10-03T23:08:58.146+0100] {logging_mixin.py:190} INFO - [2024-10-03T23:08:58.146+0100] {dag.py:4180} INFO - Setting next_dagrun for dataset_consumes_unknown_never_scheduled to None, run_after=None
[2024-10-03T23:08:58.147+0100] {logging_mixin.py:190} INFO - [2024-10-03T23:08:58.147+0100] {dag.py:4180} INFO - Setting next_dagrun for dataset_produces_1 to 2024-10-02 00:00:00+00:00, run_after=2024-10-03 00:00:00+00:00
[2024-10-03T23:08:58.147+0100] {logging_mixin.py:190} INFO - [2024-10-03T23:08:58.147+0100] {dag.py:4180} INFO - Setting next_dagrun for dataset_produces_2 to None, run_after=None
[2024-10-03T23:08:58.156+0100] {processor.py:208} INFO - Processing /opt/miniconda3/envs/airflow/lib/python3.8/site-packages/airflow/example_dags/example_datasets.py took 0.096 seconds
[2024-10-03T23:11:03.266+0100] {processor.py:186} INFO - Started process (PID=16804) to work on /opt/miniconda3/envs/airflow/lib/python3.8/site-packages/airflow/example_dags/example_datasets.py
[2024-10-03T23:11:03.267+0100] {processor.py:914} INFO - Processing file /opt/miniconda3/envs/airflow/lib/python3.8/site-packages/airflow/example_dags/example_datasets.py for tasks to queue
[2024-10-03T23:11:03.268+0100] {logging_mixin.py:190} INFO - [2024-10-03T23:11:03.268+0100] {dagbag.py:588} INFO - Filling up the DagBag from /opt/miniconda3/envs/airflow/lib/python3.8/site-packages/airflow/example_dags/example_datasets.py
[2024-10-03T23:11:03.307+0100] {processor.py:925} INFO - DAG(s) 'dataset_consumes_1_never_scheduled', 'dataset_produces_1', 'dataset_consumes_unknown_never_scheduled', 'dataset_consumes_1', 'dataset_produces_2', 'consume_1_or_2_with_dataset_expressions', 'consume_1_and_2_with_dataset_expressions', 'conditional_dataset_and_time_based_timetable', 'consume_1_or_both_2_and_3_with_dataset_expressions', 'dataset_consumes_1_and_2' retrieved from /opt/miniconda3/envs/airflow/lib/python3.8/site-packages/airflow/example_dags/example_datasets.py
[2024-10-03T23:11:03.347+0100] {logging_mixin.py:190} INFO - [2024-10-03T23:11:03.347+0100] {dag.py:3239} INFO - Sync 10 DAGs
[2024-10-03T23:11:03.354+0100] {logging_mixin.py:190} INFO - [2024-10-03T23:11:03.354+0100] {dag.py:4180} INFO - Setting next_dagrun for conditional_dataset_and_time_based_timetable to 2024-10-02 01:00:00+00:00, run_after=2024-10-02 01:00:00+00:00
[2024-10-03T23:11:03.355+0100] {logging_mixin.py:190} INFO - [2024-10-03T23:11:03.355+0100] {dag.py:4180} INFO - Setting next_dagrun for consume_1_and_2_with_dataset_expressions to None, run_after=None
[2024-10-03T23:11:03.356+0100] {logging_mixin.py:190} INFO - [2024-10-03T23:11:03.355+0100] {dag.py:4180} INFO - Setting next_dagrun for consume_1_or_2_with_dataset_expressions to None, run_after=None
[2024-10-03T23:11:03.356+0100] {logging_mixin.py:190} INFO - [2024-10-03T23:11:03.356+0100] {dag.py:4180} INFO - Setting next_dagrun for consume_1_or_both_2_and_3_with_dataset_expressions to None, run_after=None
[2024-10-03T23:11:03.356+0100] {logging_mixin.py:190} INFO - [2024-10-03T23:11:03.356+0100] {dag.py:4180} INFO - Setting next_dagrun for dataset_consumes_1 to None, run_after=None
[2024-10-03T23:11:03.356+0100] {logging_mixin.py:190} INFO - [2024-10-03T23:11:03.356+0100] {dag.py:4180} INFO - Setting next_dagrun for dataset_consumes_1_and_2 to None, run_after=None
[2024-10-03T23:11:03.357+0100] {logging_mixin.py:190} INFO - [2024-10-03T23:11:03.357+0100] {dag.py:4180} INFO - Setting next_dagrun for dataset_consumes_1_never_scheduled to None, run_after=None
[2024-10-03T23:11:03.357+0100] {logging_mixin.py:190} INFO - [2024-10-03T23:11:03.357+0100] {dag.py:4180} INFO - Setting next_dagrun for dataset_consumes_unknown_never_scheduled to None, run_after=None
[2024-10-03T23:11:03.358+0100] {logging_mixin.py:190} INFO - [2024-10-03T23:11:03.358+0100] {dag.py:4180} INFO - Setting next_dagrun for dataset_produces_1 to 2024-10-02 00:00:00+00:00, run_after=2024-10-03 00:00:00+00:00
[2024-10-03T23:11:03.358+0100] {logging_mixin.py:190} INFO - [2024-10-03T23:11:03.358+0100] {dag.py:4180} INFO - Setting next_dagrun for dataset_produces_2 to None, run_after=None
[2024-10-03T23:11:03.366+0100] {processor.py:208} INFO - Processing /opt/miniconda3/envs/airflow/lib/python3.8/site-packages/airflow/example_dags/example_datasets.py took 0.101 seconds
[2024-10-03T23:35:01.869+0100] {processor.py:186} INFO - Started process (PID=16975) to work on /opt/miniconda3/envs/airflow/lib/python3.8/site-packages/airflow/example_dags/example_datasets.py
[2024-10-03T23:35:01.870+0100] {processor.py:914} INFO - Processing file /opt/miniconda3/envs/airflow/lib/python3.8/site-packages/airflow/example_dags/example_datasets.py for tasks to queue
[2024-10-03T23:35:01.870+0100] {logging_mixin.py:190} INFO - [2024-10-03T23:35:01.870+0100] {dagbag.py:588} INFO - Filling up the DagBag from /opt/miniconda3/envs/airflow/lib/python3.8/site-packages/airflow/example_dags/example_datasets.py
[2024-10-03T23:35:01.903+0100] {processor.py:925} INFO - DAG(s) 'consume_1_or_2_with_dataset_expressions', 'dataset_consumes_1_and_2', 'consume_1_or_both_2_and_3_with_dataset_expressions', 'dataset_consumes_1_never_scheduled', 'dataset_produces_1', 'dataset_consumes_1', 'dataset_consumes_unknown_never_scheduled', 'dataset_produces_2', 'consume_1_and_2_with_dataset_expressions', 'conditional_dataset_and_time_based_timetable' retrieved from /opt/miniconda3/envs/airflow/lib/python3.8/site-packages/airflow/example_dags/example_datasets.py
[2024-10-03T23:35:01.942+0100] {logging_mixin.py:190} INFO - [2024-10-03T23:35:01.942+0100] {dag.py:3239} INFO - Sync 10 DAGs
[2024-10-03T23:35:01.948+0100] {logging_mixin.py:190} INFO - [2024-10-03T23:35:01.948+0100] {dag.py:4180} INFO - Setting next_dagrun for conditional_dataset_and_time_based_timetable to 2024-10-02 01:00:00+00:00, run_after=2024-10-02 01:00:00+00:00
[2024-10-03T23:35:01.949+0100] {logging_mixin.py:190} INFO - [2024-10-03T23:35:01.949+0100] {dag.py:4180} INFO - Setting next_dagrun for consume_1_and_2_with_dataset_expressions to None, run_after=None
[2024-10-03T23:35:01.950+0100] {logging_mixin.py:190} INFO - [2024-10-03T23:35:01.950+0100] {dag.py:4180} INFO - Setting next_dagrun for consume_1_or_2_with_dataset_expressions to None, run_after=None
[2024-10-03T23:35:01.950+0100] {logging_mixin.py:190} INFO - [2024-10-03T23:35:01.950+0100] {dag.py:4180} INFO - Setting next_dagrun for consume_1_or_both_2_and_3_with_dataset_expressions to None, run_after=None
[2024-10-03T23:35:01.950+0100] {logging_mixin.py:190} INFO - [2024-10-03T23:35:01.950+0100] {dag.py:4180} INFO - Setting next_dagrun for dataset_consumes_1 to None, run_after=None
[2024-10-03T23:35:01.950+0100] {logging_mixin.py:190} INFO - [2024-10-03T23:35:01.950+0100] {dag.py:4180} INFO - Setting next_dagrun for dataset_consumes_1_and_2 to None, run_after=None
[2024-10-03T23:35:01.951+0100] {logging_mixin.py:190} INFO - [2024-10-03T23:35:01.951+0100] {dag.py:4180} INFO - Setting next_dagrun for dataset_consumes_1_never_scheduled to None, run_after=None
[2024-10-03T23:35:01.951+0100] {logging_mixin.py:190} INFO - [2024-10-03T23:35:01.951+0100] {dag.py:4180} INFO - Setting next_dagrun for dataset_consumes_unknown_never_scheduled to None, run_after=None
[2024-10-03T23:35:01.952+0100] {logging_mixin.py:190} INFO - [2024-10-03T23:35:01.951+0100] {dag.py:4180} INFO - Setting next_dagrun for dataset_produces_1 to 2024-10-02 00:00:00+00:00, run_after=2024-10-03 00:00:00+00:00
[2024-10-03T23:35:01.952+0100] {logging_mixin.py:190} INFO - [2024-10-03T23:35:01.952+0100] {dag.py:4180} INFO - Setting next_dagrun for dataset_produces_2 to None, run_after=None
[2024-10-03T23:35:01.961+0100] {processor.py:208} INFO - Processing /opt/miniconda3/envs/airflow/lib/python3.8/site-packages/airflow/example_dags/example_datasets.py took 0.093 seconds
[2024-10-03T23:40:20.795+0100] {processor.py:186} INFO - Started process (PID=17135) to work on /opt/miniconda3/envs/airflow/lib/python3.8/site-packages/airflow/example_dags/example_datasets.py
[2024-10-03T23:40:20.795+0100] {processor.py:914} INFO - Processing file /opt/miniconda3/envs/airflow/lib/python3.8/site-packages/airflow/example_dags/example_datasets.py for tasks to queue
[2024-10-03T23:40:20.796+0100] {logging_mixin.py:190} INFO - [2024-10-03T23:40:20.796+0100] {dagbag.py:588} INFO - Filling up the DagBag from /opt/miniconda3/envs/airflow/lib/python3.8/site-packages/airflow/example_dags/example_datasets.py
[2024-10-03T23:40:20.828+0100] {processor.py:925} INFO - DAG(s) 'dataset_produces_1', 'conditional_dataset_and_time_based_timetable', 'dataset_produces_2', 'dataset_consumes_1_and_2', 'consume_1_or_both_2_and_3_with_dataset_expressions', 'dataset_consumes_unknown_never_scheduled', 'dataset_consumes_1', 'consume_1_or_2_with_dataset_expressions', 'consume_1_and_2_with_dataset_expressions', 'dataset_consumes_1_never_scheduled' retrieved from /opt/miniconda3/envs/airflow/lib/python3.8/site-packages/airflow/example_dags/example_datasets.py
[2024-10-03T23:40:20.866+0100] {logging_mixin.py:190} INFO - [2024-10-03T23:40:20.866+0100] {dag.py:3239} INFO - Sync 10 DAGs
[2024-10-03T23:40:20.873+0100] {logging_mixin.py:190} INFO - [2024-10-03T23:40:20.873+0100] {dag.py:4180} INFO - Setting next_dagrun for conditional_dataset_and_time_based_timetable to 2024-10-02 01:00:00+00:00, run_after=2024-10-02 01:00:00+00:00
[2024-10-03T23:40:20.874+0100] {logging_mixin.py:190} INFO - [2024-10-03T23:40:20.874+0100] {dag.py:4180} INFO - Setting next_dagrun for consume_1_and_2_with_dataset_expressions to None, run_after=None
[2024-10-03T23:40:20.874+0100] {logging_mixin.py:190} INFO - [2024-10-03T23:40:20.874+0100] {dag.py:4180} INFO - Setting next_dagrun for consume_1_or_2_with_dataset_expressions to None, run_after=None
[2024-10-03T23:40:20.874+0100] {logging_mixin.py:190} INFO - [2024-10-03T23:40:20.874+0100] {dag.py:4180} INFO - Setting next_dagrun for consume_1_or_both_2_and_3_with_dataset_expressions to None, run_after=None
[2024-10-03T23:40:20.875+0100] {logging_mixin.py:190} INFO - [2024-10-03T23:40:20.875+0100] {dag.py:4180} INFO - Setting next_dagrun for dataset_consumes_1 to None, run_after=None
[2024-10-03T23:40:20.875+0100] {logging_mixin.py:190} INFO - [2024-10-03T23:40:20.875+0100] {dag.py:4180} INFO - Setting next_dagrun for dataset_consumes_1_and_2 to None, run_after=None
[2024-10-03T23:40:20.875+0100] {logging_mixin.py:190} INFO - [2024-10-03T23:40:20.875+0100] {dag.py:4180} INFO - Setting next_dagrun for dataset_consumes_1_never_scheduled to None, run_after=None
[2024-10-03T23:40:20.875+0100] {logging_mixin.py:190} INFO - [2024-10-03T23:40:20.875+0100] {dag.py:4180} INFO - Setting next_dagrun for dataset_consumes_unknown_never_scheduled to None, run_after=None
[2024-10-03T23:40:20.876+0100] {logging_mixin.py:190} INFO - [2024-10-03T23:40:20.876+0100] {dag.py:4180} INFO - Setting next_dagrun for dataset_produces_1 to 2024-10-02 00:00:00+00:00, run_after=2024-10-03 00:00:00+00:00
[2024-10-03T23:40:20.876+0100] {logging_mixin.py:190} INFO - [2024-10-03T23:40:20.876+0100] {dag.py:4180} INFO - Setting next_dagrun for dataset_produces_2 to None, run_after=None
[2024-10-03T23:40:20.885+0100] {processor.py:208} INFO - Processing /opt/miniconda3/envs/airflow/lib/python3.8/site-packages/airflow/example_dags/example_datasets.py took 0.091 seconds
[2024-10-04T00:20:18.685+0100] {processor.py:186} INFO - Started process (PID=17295) to work on /opt/miniconda3/envs/airflow/lib/python3.8/site-packages/airflow/example_dags/example_datasets.py
[2024-10-04T00:20:18.686+0100] {processor.py:914} INFO - Processing file /opt/miniconda3/envs/airflow/lib/python3.8/site-packages/airflow/example_dags/example_datasets.py for tasks to queue
[2024-10-04T00:20:18.686+0100] {logging_mixin.py:190} INFO - [2024-10-04T00:20:18.686+0100] {dagbag.py:588} INFO - Filling up the DagBag from /opt/miniconda3/envs/airflow/lib/python3.8/site-packages/airflow/example_dags/example_datasets.py
[2024-10-04T00:20:18.719+0100] {processor.py:925} INFO - DAG(s) 'consume_1_and_2_with_dataset_expressions', 'dataset_produces_2', 'conditional_dataset_and_time_based_timetable', 'dataset_produces_1', 'consume_1_or_2_with_dataset_expressions', 'dataset_consumes_unknown_never_scheduled', 'consume_1_or_both_2_and_3_with_dataset_expressions', 'dataset_consumes_1', 'dataset_consumes_1_never_scheduled', 'dataset_consumes_1_and_2' retrieved from /opt/miniconda3/envs/airflow/lib/python3.8/site-packages/airflow/example_dags/example_datasets.py
[2024-10-04T00:20:18.757+0100] {logging_mixin.py:190} INFO - [2024-10-04T00:20:18.757+0100] {dag.py:3239} INFO - Sync 10 DAGs
[2024-10-04T00:20:18.764+0100] {logging_mixin.py:190} INFO - [2024-10-04T00:20:18.764+0100] {dag.py:4180} INFO - Setting next_dagrun for conditional_dataset_and_time_based_timetable to 2024-10-02 01:00:00+00:00, run_after=2024-10-02 01:00:00+00:00
[2024-10-04T00:20:18.765+0100] {logging_mixin.py:190} INFO - [2024-10-04T00:20:18.765+0100] {dag.py:4180} INFO - Setting next_dagrun for consume_1_and_2_with_dataset_expressions to None, run_after=None
[2024-10-04T00:20:18.765+0100] {logging_mixin.py:190} INFO - [2024-10-04T00:20:18.765+0100] {dag.py:4180} INFO - Setting next_dagrun for consume_1_or_2_with_dataset_expressions to None, run_after=None
[2024-10-04T00:20:18.766+0100] {logging_mixin.py:190} INFO - [2024-10-04T00:20:18.766+0100] {dag.py:4180} INFO - Setting next_dagrun for consume_1_or_both_2_and_3_with_dataset_expressions to None, run_after=None
[2024-10-04T00:20:18.766+0100] {logging_mixin.py:190} INFO - [2024-10-04T00:20:18.766+0100] {dag.py:4180} INFO - Setting next_dagrun for dataset_consumes_1 to None, run_after=None
[2024-10-04T00:20:18.766+0100] {logging_mixin.py:190} INFO - [2024-10-04T00:20:18.766+0100] {dag.py:4180} INFO - Setting next_dagrun for dataset_consumes_1_and_2 to None, run_after=None
[2024-10-04T00:20:18.766+0100] {logging_mixin.py:190} INFO - [2024-10-04T00:20:18.766+0100] {dag.py:4180} INFO - Setting next_dagrun for dataset_consumes_1_never_scheduled to None, run_after=None
[2024-10-04T00:20:18.767+0100] {logging_mixin.py:190} INFO - [2024-10-04T00:20:18.767+0100] {dag.py:4180} INFO - Setting next_dagrun for dataset_consumes_unknown_never_scheduled to None, run_after=None
[2024-10-04T00:20:18.767+0100] {logging_mixin.py:190} INFO - [2024-10-04T00:20:18.767+0100] {dag.py:4180} INFO - Setting next_dagrun for dataset_produces_1 to 2024-10-02 00:00:00+00:00, run_after=2024-10-03 00:00:00+00:00
[2024-10-04T00:20:18.768+0100] {logging_mixin.py:190} INFO - [2024-10-04T00:20:18.767+0100] {dag.py:4180} INFO - Setting next_dagrun for dataset_produces_2 to None, run_after=None
[2024-10-04T00:20:18.776+0100] {processor.py:208} INFO - Processing /opt/miniconda3/envs/airflow/lib/python3.8/site-packages/airflow/example_dags/example_datasets.py took 0.093 seconds
