[2024-10-03T23:04:47.486+0100] {processor.py:186} INFO - Started process (PID=16270) to work on /opt/miniconda3/envs/airflow/lib/python3.8/site-packages/airflow/example_dags/example_external_task_marker_dag.py
[2024-10-03T23:04:47.487+0100] {processor.py:914} INFO - Processing file /opt/miniconda3/envs/airflow/lib/python3.8/site-packages/airflow/example_dags/example_external_task_marker_dag.py for tasks to queue
[2024-10-03T23:04:47.487+0100] {logging_mixin.py:190} INFO - [2024-10-03T23:04:47.487+0100] {dagbag.py:588} INFO - Filling up the DagBag from /opt/miniconda3/envs/airflow/lib/python3.8/site-packages/airflow/example_dags/example_external_task_marker_dag.py
[2024-10-03T23:04:47.509+0100] {processor.py:925} INFO - DAG(s) 'example_external_task_marker_parent', 'example_external_task_marker_child' retrieved from /opt/miniconda3/envs/airflow/lib/python3.8/site-packages/airflow/example_dags/example_external_task_marker_dag.py
[2024-10-03T23:04:47.567+0100] {logging_mixin.py:190} INFO - [2024-10-03T23:04:47.567+0100] {override.py:1900} INFO - Created Permission View: can edit on DAG:example_external_task_marker_parent
[2024-10-03T23:04:47.570+0100] {logging_mixin.py:190} INFO - [2024-10-03T23:04:47.570+0100] {override.py:1900} INFO - Created Permission View: can read on DAG:example_external_task_marker_parent
[2024-10-03T23:04:47.572+0100] {logging_mixin.py:190} INFO - [2024-10-03T23:04:47.572+0100] {override.py:1900} INFO - Created Permission View: can delete on DAG:example_external_task_marker_parent
[2024-10-03T23:04:47.574+0100] {logging_mixin.py:190} INFO - [2024-10-03T23:04:47.574+0100] {override.py:1900} INFO - Created Permission View: can create on DAG Run:example_external_task_marker_parent
[2024-10-03T23:04:47.575+0100] {logging_mixin.py:190} INFO - [2024-10-03T23:04:47.575+0100] {override.py:1900} INFO - Created Permission View: menu access on DAG Run:example_external_task_marker_parent
[2024-10-03T23:04:47.577+0100] {logging_mixin.py:190} INFO - [2024-10-03T23:04:47.577+0100] {override.py:1900} INFO - Created Permission View: can read on DAG Run:example_external_task_marker_parent
[2024-10-03T23:04:47.579+0100] {logging_mixin.py:190} INFO - [2024-10-03T23:04:47.579+0100] {override.py:1900} INFO - Created Permission View: can delete on DAG Run:example_external_task_marker_parent
[2024-10-03T23:04:47.580+0100] {logging_mixin.py:190} INFO - [2024-10-03T23:04:47.580+0100] {workday.py:41} WARNING - Could not import pandas. Holidays will not be considered.
[2024-10-03T23:04:47.587+0100] {logging_mixin.py:190} INFO - [2024-10-03T23:04:47.587+0100] {override.py:1900} INFO - Created Permission View: can edit on DAG:example_external_task_marker_child
[2024-10-03T23:04:47.589+0100] {logging_mixin.py:190} INFO - [2024-10-03T23:04:47.589+0100] {override.py:1900} INFO - Created Permission View: can read on DAG:example_external_task_marker_child
[2024-10-03T23:04:47.591+0100] {logging_mixin.py:190} INFO - [2024-10-03T23:04:47.591+0100] {override.py:1900} INFO - Created Permission View: can delete on DAG:example_external_task_marker_child
[2024-10-03T23:04:47.593+0100] {logging_mixin.py:190} INFO - [2024-10-03T23:04:47.593+0100] {override.py:1900} INFO - Created Permission View: can create on DAG Run:example_external_task_marker_child
[2024-10-03T23:04:47.594+0100] {logging_mixin.py:190} INFO - [2024-10-03T23:04:47.594+0100] {override.py:1900} INFO - Created Permission View: menu access on DAG Run:example_external_task_marker_child
[2024-10-03T23:04:47.596+0100] {logging_mixin.py:190} INFO - [2024-10-03T23:04:47.596+0100] {override.py:1900} INFO - Created Permission View: can read on DAG Run:example_external_task_marker_child
[2024-10-03T23:04:47.597+0100] {logging_mixin.py:190} INFO - [2024-10-03T23:04:47.597+0100] {override.py:1900} INFO - Created Permission View: can delete on DAG Run:example_external_task_marker_child
[2024-10-03T23:04:47.597+0100] {logging_mixin.py:190} INFO - [2024-10-03T23:04:47.597+0100] {dag.py:3239} INFO - Sync 2 DAGs
[2024-10-03T23:04:47.601+0100] {logging_mixin.py:190} INFO - [2024-10-03T23:04:47.601+0100] {dag.py:3262} INFO - Creating ORM DAG for example_external_task_marker_parent
[2024-10-03T23:04:47.601+0100] {logging_mixin.py:190} INFO - [2024-10-03T23:04:47.601+0100] {dag.py:3262} INFO - Creating ORM DAG for example_external_task_marker_child
[2024-10-03T23:04:47.601+0100] {logging_mixin.py:190} INFO - [2024-10-03T23:04:47.601+0100] {dag.py:4180} INFO - Setting next_dagrun for example_external_task_marker_child to None, run_after=None
[2024-10-03T23:04:47.602+0100] {logging_mixin.py:190} INFO - [2024-10-03T23:04:47.602+0100] {dag.py:4180} INFO - Setting next_dagrun for example_external_task_marker_parent to None, run_after=None
[2024-10-03T23:04:47.607+0100] {processor.py:208} INFO - Processing /opt/miniconda3/envs/airflow/lib/python3.8/site-packages/airflow/example_dags/example_external_task_marker_dag.py took 0.122 seconds
[2024-10-03T23:06:55.531+0100] {processor.py:186} INFO - Started process (PID=16459) to work on /opt/miniconda3/envs/airflow/lib/python3.8/site-packages/airflow/example_dags/example_external_task_marker_dag.py
[2024-10-03T23:06:55.533+0100] {processor.py:914} INFO - Processing file /opt/miniconda3/envs/airflow/lib/python3.8/site-packages/airflow/example_dags/example_external_task_marker_dag.py for tasks to queue
[2024-10-03T23:06:55.533+0100] {logging_mixin.py:190} INFO - [2024-10-03T23:06:55.533+0100] {dagbag.py:588} INFO - Filling up the DagBag from /opt/miniconda3/envs/airflow/lib/python3.8/site-packages/airflow/example_dags/example_external_task_marker_dag.py
[2024-10-03T23:06:55.553+0100] {processor.py:925} INFO - DAG(s) 'example_external_task_marker_parent', 'example_external_task_marker_child' retrieved from /opt/miniconda3/envs/airflow/lib/python3.8/site-packages/airflow/example_dags/example_external_task_marker_dag.py
[2024-10-03T23:06:55.585+0100] {logging_mixin.py:190} INFO - [2024-10-03T23:06:55.585+0100] {workday.py:41} WARNING - Could not import pandas. Holidays will not be considered.
[2024-10-03T23:06:55.590+0100] {logging_mixin.py:190} INFO - [2024-10-03T23:06:55.590+0100] {dag.py:3239} INFO - Sync 2 DAGs
[2024-10-03T23:06:55.593+0100] {logging_mixin.py:190} INFO - [2024-10-03T23:06:55.593+0100] {dag.py:4180} INFO - Setting next_dagrun for example_external_task_marker_child to None, run_after=None
[2024-10-03T23:06:55.594+0100] {logging_mixin.py:190} INFO - [2024-10-03T23:06:55.594+0100] {dag.py:4180} INFO - Setting next_dagrun for example_external_task_marker_parent to None, run_after=None
[2024-10-03T23:06:55.599+0100] {processor.py:208} INFO - Processing /opt/miniconda3/envs/airflow/lib/python3.8/site-packages/airflow/example_dags/example_external_task_marker_dag.py took 0.069 seconds
[2024-10-03T23:08:51.207+0100] {processor.py:186} INFO - Started process (PID=16633) to work on /opt/miniconda3/envs/airflow/lib/python3.8/site-packages/airflow/example_dags/example_external_task_marker_dag.py
[2024-10-03T23:08:51.208+0100] {processor.py:914} INFO - Processing file /opt/miniconda3/envs/airflow/lib/python3.8/site-packages/airflow/example_dags/example_external_task_marker_dag.py for tasks to queue
[2024-10-03T23:08:51.208+0100] {logging_mixin.py:190} INFO - [2024-10-03T23:08:51.208+0100] {dagbag.py:588} INFO - Filling up the DagBag from /opt/miniconda3/envs/airflow/lib/python3.8/site-packages/airflow/example_dags/example_external_task_marker_dag.py
[2024-10-03T23:08:51.228+0100] {processor.py:925} INFO - DAG(s) 'example_external_task_marker_parent', 'example_external_task_marker_child' retrieved from /opt/miniconda3/envs/airflow/lib/python3.8/site-packages/airflow/example_dags/example_external_task_marker_dag.py
[2024-10-03T23:08:51.260+0100] {logging_mixin.py:190} INFO - [2024-10-03T23:08:51.260+0100] {workday.py:41} WARNING - Could not import pandas. Holidays will not be considered.
[2024-10-03T23:08:51.265+0100] {logging_mixin.py:190} INFO - [2024-10-03T23:08:51.265+0100] {dag.py:3239} INFO - Sync 2 DAGs
[2024-10-03T23:08:51.268+0100] {logging_mixin.py:190} INFO - [2024-10-03T23:08:51.268+0100] {dag.py:4180} INFO - Setting next_dagrun for example_external_task_marker_child to None, run_after=None
[2024-10-03T23:08:51.269+0100] {logging_mixin.py:190} INFO - [2024-10-03T23:08:51.269+0100] {dag.py:4180} INFO - Setting next_dagrun for example_external_task_marker_parent to None, run_after=None
[2024-10-03T23:08:51.274+0100] {processor.py:208} INFO - Processing /opt/miniconda3/envs/airflow/lib/python3.8/site-packages/airflow/example_dags/example_external_task_marker_dag.py took 0.069 seconds
[2024-10-03T23:10:56.393+0100] {processor.py:186} INFO - Started process (PID=16796) to work on /opt/miniconda3/envs/airflow/lib/python3.8/site-packages/airflow/example_dags/example_external_task_marker_dag.py
[2024-10-03T23:10:56.395+0100] {processor.py:914} INFO - Processing file /opt/miniconda3/envs/airflow/lib/python3.8/site-packages/airflow/example_dags/example_external_task_marker_dag.py for tasks to queue
[2024-10-03T23:10:56.395+0100] {logging_mixin.py:190} INFO - [2024-10-03T23:10:56.395+0100] {dagbag.py:588} INFO - Filling up the DagBag from /opt/miniconda3/envs/airflow/lib/python3.8/site-packages/airflow/example_dags/example_external_task_marker_dag.py
[2024-10-03T23:10:56.415+0100] {processor.py:925} INFO - DAG(s) 'example_external_task_marker_parent', 'example_external_task_marker_child' retrieved from /opt/miniconda3/envs/airflow/lib/python3.8/site-packages/airflow/example_dags/example_external_task_marker_dag.py
[2024-10-03T23:10:56.448+0100] {logging_mixin.py:190} INFO - [2024-10-03T23:10:56.448+0100] {workday.py:41} WARNING - Could not import pandas. Holidays will not be considered.
[2024-10-03T23:10:56.453+0100] {logging_mixin.py:190} INFO - [2024-10-03T23:10:56.453+0100] {dag.py:3239} INFO - Sync 2 DAGs
[2024-10-03T23:10:56.457+0100] {logging_mixin.py:190} INFO - [2024-10-03T23:10:56.457+0100] {dag.py:4180} INFO - Setting next_dagrun for example_external_task_marker_child to None, run_after=None
[2024-10-03T23:10:56.458+0100] {logging_mixin.py:190} INFO - [2024-10-03T23:10:56.458+0100] {dag.py:4180} INFO - Setting next_dagrun for example_external_task_marker_parent to None, run_after=None
[2024-10-03T23:10:56.463+0100] {processor.py:208} INFO - Processing /opt/miniconda3/envs/airflow/lib/python3.8/site-packages/airflow/example_dags/example_external_task_marker_dag.py took 0.071 seconds
[2024-10-03T23:34:56.151+0100] {processor.py:186} INFO - Started process (PID=16967) to work on /opt/miniconda3/envs/airflow/lib/python3.8/site-packages/airflow/example_dags/example_external_task_marker_dag.py
[2024-10-03T23:34:56.152+0100] {processor.py:914} INFO - Processing file /opt/miniconda3/envs/airflow/lib/python3.8/site-packages/airflow/example_dags/example_external_task_marker_dag.py for tasks to queue
[2024-10-03T23:34:56.152+0100] {logging_mixin.py:190} INFO - [2024-10-03T23:34:56.152+0100] {dagbag.py:588} INFO - Filling up the DagBag from /opt/miniconda3/envs/airflow/lib/python3.8/site-packages/airflow/example_dags/example_external_task_marker_dag.py
[2024-10-03T23:34:56.172+0100] {processor.py:925} INFO - DAG(s) 'example_external_task_marker_parent', 'example_external_task_marker_child' retrieved from /opt/miniconda3/envs/airflow/lib/python3.8/site-packages/airflow/example_dags/example_external_task_marker_dag.py
[2024-10-03T23:34:56.203+0100] {logging_mixin.py:190} INFO - [2024-10-03T23:34:56.203+0100] {workday.py:41} WARNING - Could not import pandas. Holidays will not be considered.
[2024-10-03T23:34:56.208+0100] {logging_mixin.py:190} INFO - [2024-10-03T23:34:56.208+0100] {dag.py:3239} INFO - Sync 2 DAGs
[2024-10-03T23:34:56.211+0100] {logging_mixin.py:190} INFO - [2024-10-03T23:34:56.211+0100] {dag.py:4180} INFO - Setting next_dagrun for example_external_task_marker_child to None, run_after=None
[2024-10-03T23:34:56.212+0100] {logging_mixin.py:190} INFO - [2024-10-03T23:34:56.212+0100] {dag.py:4180} INFO - Setting next_dagrun for example_external_task_marker_parent to None, run_after=None
[2024-10-03T23:34:56.217+0100] {processor.py:208} INFO - Processing /opt/miniconda3/envs/airflow/lib/python3.8/site-packages/airflow/example_dags/example_external_task_marker_dag.py took 0.068 seconds
[2024-10-03T23:39:57.295+0100] {processor.py:186} INFO - Started process (PID=17127) to work on /opt/miniconda3/envs/airflow/lib/python3.8/site-packages/airflow/example_dags/example_external_task_marker_dag.py
[2024-10-03T23:39:57.295+0100] {processor.py:914} INFO - Processing file /opt/miniconda3/envs/airflow/lib/python3.8/site-packages/airflow/example_dags/example_external_task_marker_dag.py for tasks to queue
[2024-10-03T23:39:57.295+0100] {logging_mixin.py:190} INFO - [2024-10-03T23:39:57.295+0100] {dagbag.py:588} INFO - Filling up the DagBag from /opt/miniconda3/envs/airflow/lib/python3.8/site-packages/airflow/example_dags/example_external_task_marker_dag.py
[2024-10-03T23:39:57.315+0100] {processor.py:925} INFO - DAG(s) 'example_external_task_marker_parent', 'example_external_task_marker_child' retrieved from /opt/miniconda3/envs/airflow/lib/python3.8/site-packages/airflow/example_dags/example_external_task_marker_dag.py
[2024-10-03T23:39:57.346+0100] {logging_mixin.py:190} INFO - [2024-10-03T23:39:57.346+0100] {workday.py:41} WARNING - Could not import pandas. Holidays will not be considered.
[2024-10-03T23:39:57.351+0100] {logging_mixin.py:190} INFO - [2024-10-03T23:39:57.351+0100] {dag.py:3239} INFO - Sync 2 DAGs
[2024-10-03T23:39:57.354+0100] {logging_mixin.py:190} INFO - [2024-10-03T23:39:57.354+0100] {dag.py:4180} INFO - Setting next_dagrun for example_external_task_marker_child to None, run_after=None
[2024-10-03T23:39:57.355+0100] {logging_mixin.py:190} INFO - [2024-10-03T23:39:57.355+0100] {dag.py:4180} INFO - Setting next_dagrun for example_external_task_marker_parent to None, run_after=None
[2024-10-03T23:39:57.361+0100] {processor.py:208} INFO - Processing /opt/miniconda3/envs/airflow/lib/python3.8/site-packages/airflow/example_dags/example_external_task_marker_dag.py took 0.068 seconds
[2024-10-04T00:17:17.355+0100] {processor.py:186} INFO - Started process (PID=17278) to work on /opt/miniconda3/envs/airflow/lib/python3.8/site-packages/airflow/example_dags/example_external_task_marker_dag.py
[2024-10-04T00:17:17.356+0100] {processor.py:914} INFO - Processing file /opt/miniconda3/envs/airflow/lib/python3.8/site-packages/airflow/example_dags/example_external_task_marker_dag.py for tasks to queue
[2024-10-04T00:17:17.356+0100] {logging_mixin.py:190} INFO - [2024-10-04T00:17:17.356+0100] {dagbag.py:588} INFO - Filling up the DagBag from /opt/miniconda3/envs/airflow/lib/python3.8/site-packages/airflow/example_dags/example_external_task_marker_dag.py
[2024-10-04T00:17:17.377+0100] {processor.py:925} INFO - DAG(s) 'example_external_task_marker_parent', 'example_external_task_marker_child' retrieved from /opt/miniconda3/envs/airflow/lib/python3.8/site-packages/airflow/example_dags/example_external_task_marker_dag.py
[2024-10-04T00:17:17.408+0100] {logging_mixin.py:190} INFO - [2024-10-04T00:17:17.408+0100] {workday.py:41} WARNING - Could not import pandas. Holidays will not be considered.
[2024-10-04T00:17:17.413+0100] {logging_mixin.py:190} INFO - [2024-10-04T00:17:17.413+0100] {dag.py:3239} INFO - Sync 2 DAGs
[2024-10-04T00:17:17.416+0100] {logging_mixin.py:190} INFO - [2024-10-04T00:17:17.416+0100] {dag.py:4180} INFO - Setting next_dagrun for example_external_task_marker_child to None, run_after=None
[2024-10-04T00:17:17.417+0100] {logging_mixin.py:190} INFO - [2024-10-04T00:17:17.417+0100] {dag.py:4180} INFO - Setting next_dagrun for example_external_task_marker_parent to None, run_after=None
[2024-10-04T00:17:17.422+0100] {processor.py:208} INFO - Processing /opt/miniconda3/envs/airflow/lib/python3.8/site-packages/airflow/example_dags/example_external_task_marker_dag.py took 0.068 seconds
