[2024-10-03T23:05:13.911+0100] {processor.py:186} INFO - Started process (PID=16309) to work on /opt/miniconda3/envs/airflow/lib/python3.8/site-packages/airflow/example_dags/example_bash_operator.py
[2024-10-03T23:05:13.911+0100] {processor.py:914} INFO - Processing file /opt/miniconda3/envs/airflow/lib/python3.8/site-packages/airflow/example_dags/example_bash_operator.py for tasks to queue
[2024-10-03T23:05:13.911+0100] {logging_mixin.py:190} INFO - [2024-10-03T23:05:13.911+0100] {dagbag.py:588} INFO - Filling up the DagBag from /opt/miniconda3/envs/airflow/lib/python3.8/site-packages/airflow/example_dags/example_bash_operator.py
[2024-10-03T23:05:13.932+0100] {processor.py:925} INFO - DAG(s) 'example_bash_operator' retrieved from /opt/miniconda3/envs/airflow/lib/python3.8/site-packages/airflow/example_dags/example_bash_operator.py
[2024-10-03T23:05:13.994+0100] {logging_mixin.py:190} INFO - [2024-10-03T23:05:13.994+0100] {override.py:1900} INFO - Created Permission View: can edit on DAG:example_bash_operator
[2024-10-03T23:05:13.997+0100] {logging_mixin.py:190} INFO - [2024-10-03T23:05:13.997+0100] {override.py:1900} INFO - Created Permission View: can read on DAG:example_bash_operator
[2024-10-03T23:05:13.999+0100] {logging_mixin.py:190} INFO - [2024-10-03T23:05:13.999+0100] {override.py:1900} INFO - Created Permission View: can delete on DAG:example_bash_operator
[2024-10-03T23:05:14.001+0100] {logging_mixin.py:190} INFO - [2024-10-03T23:05:14.001+0100] {override.py:1900} INFO - Created Permission View: can create on DAG Run:example_bash_operator
[2024-10-03T23:05:14.002+0100] {logging_mixin.py:190} INFO - [2024-10-03T23:05:14.002+0100] {override.py:1900} INFO - Created Permission View: can read on DAG Run:example_bash_operator
[2024-10-03T23:05:14.004+0100] {logging_mixin.py:190} INFO - [2024-10-03T23:05:14.004+0100] {override.py:1900} INFO - Created Permission View: menu access on DAG Run:example_bash_operator
[2024-10-03T23:05:14.006+0100] {logging_mixin.py:190} INFO - [2024-10-03T23:05:14.006+0100] {override.py:1900} INFO - Created Permission View: can delete on DAG Run:example_bash_operator
[2024-10-03T23:05:14.006+0100] {logging_mixin.py:190} INFO - [2024-10-03T23:05:14.006+0100] {dag.py:3239} INFO - Sync 1 DAGs
[2024-10-03T23:05:14.009+0100] {logging_mixin.py:190} INFO - [2024-10-03T23:05:14.009+0100] {dag.py:3262} INFO - Creating ORM DAG for example_bash_operator
[2024-10-03T23:05:14.012+0100] {logging_mixin.py:190} INFO - [2024-10-03T23:05:14.012+0100] {dag.py:4180} INFO - Setting next_dagrun for example_bash_operator to 2024-10-02 00:00:00+00:00, run_after=2024-10-03 00:00:00+00:00
[2024-10-03T23:05:14.017+0100] {processor.py:208} INFO - Processing /opt/miniconda3/envs/airflow/lib/python3.8/site-packages/airflow/example_dags/example_bash_operator.py took 0.108 seconds
[2024-10-03T23:07:20.649+0100] {processor.py:186} INFO - Started process (PID=16490) to work on /opt/miniconda3/envs/airflow/lib/python3.8/site-packages/airflow/example_dags/example_bash_operator.py
[2024-10-03T23:07:20.650+0100] {processor.py:914} INFO - Processing file /opt/miniconda3/envs/airflow/lib/python3.8/site-packages/airflow/example_dags/example_bash_operator.py for tasks to queue
[2024-10-03T23:07:20.650+0100] {logging_mixin.py:190} INFO - [2024-10-03T23:07:20.650+0100] {dagbag.py:588} INFO - Filling up the DagBag from /opt/miniconda3/envs/airflow/lib/python3.8/site-packages/airflow/example_dags/example_bash_operator.py
[2024-10-03T23:07:20.673+0100] {processor.py:925} INFO - DAG(s) 'example_bash_operator' retrieved from /opt/miniconda3/envs/airflow/lib/python3.8/site-packages/airflow/example_dags/example_bash_operator.py
[2024-10-03T23:07:20.709+0100] {logging_mixin.py:190} INFO - [2024-10-03T23:07:20.709+0100] {dag.py:3239} INFO - Sync 1 DAGs
[2024-10-03T23:07:20.715+0100] {logging_mixin.py:190} INFO - [2024-10-03T23:07:20.715+0100] {dag.py:4180} INFO - Setting next_dagrun for example_bash_operator to 2024-10-02 00:00:00+00:00, run_after=2024-10-03 00:00:00+00:00
[2024-10-03T23:07:20.720+0100] {processor.py:208} INFO - Processing /opt/miniconda3/envs/airflow/lib/python3.8/site-packages/airflow/example_dags/example_bash_operator.py took 0.074 seconds
[2024-10-03T23:09:13.720+0100] {processor.py:186} INFO - Started process (PID=16663) to work on /opt/miniconda3/envs/airflow/lib/python3.8/site-packages/airflow/example_dags/example_bash_operator.py
[2024-10-03T23:09:13.721+0100] {processor.py:914} INFO - Processing file /opt/miniconda3/envs/airflow/lib/python3.8/site-packages/airflow/example_dags/example_bash_operator.py for tasks to queue
[2024-10-03T23:09:13.722+0100] {logging_mixin.py:190} INFO - [2024-10-03T23:09:13.722+0100] {dagbag.py:588} INFO - Filling up the DagBag from /opt/miniconda3/envs/airflow/lib/python3.8/site-packages/airflow/example_dags/example_bash_operator.py
[2024-10-03T23:09:13.741+0100] {processor.py:925} INFO - DAG(s) 'example_bash_operator' retrieved from /opt/miniconda3/envs/airflow/lib/python3.8/site-packages/airflow/example_dags/example_bash_operator.py
[2024-10-03T23:09:13.777+0100] {logging_mixin.py:190} INFO - [2024-10-03T23:09:13.777+0100] {dag.py:3239} INFO - Sync 1 DAGs
[2024-10-03T23:09:13.783+0100] {logging_mixin.py:190} INFO - [2024-10-03T23:09:13.783+0100] {dag.py:4180} INFO - Setting next_dagrun for example_bash_operator to 2024-10-02 00:00:00+00:00, run_after=2024-10-03 00:00:00+00:00
[2024-10-03T23:09:13.788+0100] {processor.py:208} INFO - Processing /opt/miniconda3/envs/airflow/lib/python3.8/site-packages/airflow/example_dags/example_bash_operator.py took 0.069 seconds
[2024-10-03T23:11:22.341+0100] {processor.py:186} INFO - Started process (PID=16826) to work on /opt/miniconda3/envs/airflow/lib/python3.8/site-packages/airflow/example_dags/example_bash_operator.py
[2024-10-03T23:11:22.342+0100] {processor.py:914} INFO - Processing file /opt/miniconda3/envs/airflow/lib/python3.8/site-packages/airflow/example_dags/example_bash_operator.py for tasks to queue
[2024-10-03T23:11:22.342+0100] {logging_mixin.py:190} INFO - [2024-10-03T23:11:22.342+0100] {dagbag.py:588} INFO - Filling up the DagBag from /opt/miniconda3/envs/airflow/lib/python3.8/site-packages/airflow/example_dags/example_bash_operator.py
[2024-10-03T23:11:22.362+0100] {processor.py:925} INFO - DAG(s) 'example_bash_operator' retrieved from /opt/miniconda3/envs/airflow/lib/python3.8/site-packages/airflow/example_dags/example_bash_operator.py
[2024-10-03T23:11:22.398+0100] {logging_mixin.py:190} INFO - [2024-10-03T23:11:22.398+0100] {dag.py:3239} INFO - Sync 1 DAGs
[2024-10-03T23:11:22.403+0100] {logging_mixin.py:190} INFO - [2024-10-03T23:11:22.403+0100] {dag.py:4180} INFO - Setting next_dagrun for example_bash_operator to 2024-10-02 00:00:00+00:00, run_after=2024-10-03 00:00:00+00:00
[2024-10-03T23:11:22.409+0100] {processor.py:208} INFO - Processing /opt/miniconda3/envs/airflow/lib/python3.8/site-packages/airflow/example_dags/example_bash_operator.py took 0.069 seconds
[2024-10-03T23:35:18.562+0100] {processor.py:186} INFO - Started process (PID=16997) to work on /opt/miniconda3/envs/airflow/lib/python3.8/site-packages/airflow/example_dags/example_bash_operator.py
[2024-10-03T23:35:18.563+0100] {processor.py:914} INFO - Processing file /opt/miniconda3/envs/airflow/lib/python3.8/site-packages/airflow/example_dags/example_bash_operator.py for tasks to queue
[2024-10-03T23:35:18.563+0100] {logging_mixin.py:190} INFO - [2024-10-03T23:35:18.563+0100] {dagbag.py:588} INFO - Filling up the DagBag from /opt/miniconda3/envs/airflow/lib/python3.8/site-packages/airflow/example_dags/example_bash_operator.py
[2024-10-03T23:35:18.583+0100] {processor.py:925} INFO - DAG(s) 'example_bash_operator' retrieved from /opt/miniconda3/envs/airflow/lib/python3.8/site-packages/airflow/example_dags/example_bash_operator.py
[2024-10-03T23:35:18.618+0100] {logging_mixin.py:190} INFO - [2024-10-03T23:35:18.618+0100] {dag.py:3239} INFO - Sync 1 DAGs
[2024-10-03T23:35:18.624+0100] {logging_mixin.py:190} INFO - [2024-10-03T23:35:18.624+0100] {dag.py:4180} INFO - Setting next_dagrun for example_bash_operator to 2024-10-02 00:00:00+00:00, run_after=2024-10-03 00:00:00+00:00
[2024-10-03T23:35:18.629+0100] {processor.py:208} INFO - Processing /opt/miniconda3/envs/airflow/lib/python3.8/site-packages/airflow/example_dags/example_bash_operator.py took 0.069 seconds
[2024-10-03T23:42:11.095+0100] {processor.py:186} INFO - Started process (PID=17159) to work on /opt/miniconda3/envs/airflow/lib/python3.8/site-packages/airflow/example_dags/example_bash_operator.py
[2024-10-03T23:42:11.096+0100] {processor.py:914} INFO - Processing file /opt/miniconda3/envs/airflow/lib/python3.8/site-packages/airflow/example_dags/example_bash_operator.py for tasks to queue
[2024-10-03T23:42:11.096+0100] {logging_mixin.py:190} INFO - [2024-10-03T23:42:11.096+0100] {dagbag.py:588} INFO - Filling up the DagBag from /opt/miniconda3/envs/airflow/lib/python3.8/site-packages/airflow/example_dags/example_bash_operator.py
[2024-10-03T23:42:11.120+0100] {processor.py:925} INFO - DAG(s) 'example_bash_operator' retrieved from /opt/miniconda3/envs/airflow/lib/python3.8/site-packages/airflow/example_dags/example_bash_operator.py
[2024-10-03T23:43:05.470+0100] {logging_mixin.py:190} INFO - [2024-10-03T23:43:05.470+0100] {dag.py:3239} INFO - Sync 1 DAGs
[2024-10-03T23:43:05.480+0100] {logging_mixin.py:190} INFO - [2024-10-03T23:43:05.480+0100] {dag.py:4180} INFO - Setting next_dagrun for example_bash_operator to 2024-10-02 00:00:00+00:00, run_after=2024-10-03 00:00:00+00:00
[2024-10-03T23:43:05.569+0100] {processor.py:208} INFO - Processing /opt/miniconda3/envs/airflow/lib/python3.8/site-packages/airflow/example_dags/example_bash_operator.py took 0.422 seconds
