[2024-10-03T23:04:56.538+0100] {processor.py:186} INFO - Started process (PID=16280) to work on /opt/miniconda3/envs/airflow/lib/python3.8/site-packages/airflow/example_dags/example_dataset_alias_with_no_taskflow.py
[2024-10-03T23:04:56.538+0100] {processor.py:914} INFO - Processing file /opt/miniconda3/envs/airflow/lib/python3.8/site-packages/airflow/example_dags/example_dataset_alias_with_no_taskflow.py for tasks to queue
[2024-10-03T23:04:56.538+0100] {logging_mixin.py:190} INFO - [2024-10-03T23:04:56.538+0100] {dagbag.py:588} INFO - Filling up the DagBag from /opt/miniconda3/envs/airflow/lib/python3.8/site-packages/airflow/example_dags/example_dataset_alias_with_no_taskflow.py
[2024-10-03T23:04:56.605+0100] {processor.py:925} INFO - DAG(s) 'dataset_s3_bucket_producer_with_no_taskflow', 'dataset_alias_example_alias_consumer_with_no_taskflow', 'dataset_s3_bucket_consumer_with_no_taskflow', 'dataset_alias_example_alias_producer_with_no_taskflow' retrieved from /opt/miniconda3/envs/airflow/lib/python3.8/site-packages/airflow/example_dags/example_dataset_alias_with_no_taskflow.py
[2024-10-03T23:04:56.637+0100] {logging_mixin.py:190} INFO - [2024-10-03T23:04:56.637+0100] {override.py:1900} INFO - Created Permission View: can delete on DAG:dataset_s3_bucket_producer_with_no_taskflow
[2024-10-03T23:04:56.639+0100] {logging_mixin.py:190} INFO - [2024-10-03T23:04:56.639+0100] {override.py:1900} INFO - Created Permission View: can edit on DAG:dataset_s3_bucket_producer_with_no_taskflow
[2024-10-03T23:04:56.641+0100] {logging_mixin.py:190} INFO - [2024-10-03T23:04:56.641+0100] {override.py:1900} INFO - Created Permission View: can read on DAG:dataset_s3_bucket_producer_with_no_taskflow
[2024-10-03T23:04:56.643+0100] {logging_mixin.py:190} INFO - [2024-10-03T23:04:56.643+0100] {override.py:1900} INFO - Created Permission View: can delete on DAG Run:dataset_s3_bucket_producer_with_no_taskflow
[2024-10-03T23:04:56.645+0100] {logging_mixin.py:190} INFO - [2024-10-03T23:04:56.645+0100] {override.py:1900} INFO - Created Permission View: can create on DAG Run:dataset_s3_bucket_producer_with_no_taskflow
[2024-10-03T23:04:56.646+0100] {logging_mixin.py:190} INFO - [2024-10-03T23:04:56.646+0100] {override.py:1900} INFO - Created Permission View: can read on DAG Run:dataset_s3_bucket_producer_with_no_taskflow
[2024-10-03T23:04:56.648+0100] {logging_mixin.py:190} INFO - [2024-10-03T23:04:56.648+0100] {override.py:1900} INFO - Created Permission View: menu access on DAG Run:dataset_s3_bucket_producer_with_no_taskflow
[2024-10-03T23:04:56.651+0100] {logging_mixin.py:190} INFO - [2024-10-03T23:04:56.651+0100] {override.py:1900} INFO - Created Permission View: can delete on DAG:dataset_alias_example_alias_consumer_with_no_taskflow
[2024-10-03T23:04:56.653+0100] {logging_mixin.py:190} INFO - [2024-10-03T23:04:56.653+0100] {override.py:1900} INFO - Created Permission View: can edit on DAG:dataset_alias_example_alias_consumer_with_no_taskflow
[2024-10-03T23:04:56.654+0100] {logging_mixin.py:190} INFO - [2024-10-03T23:04:56.654+0100] {override.py:1900} INFO - Created Permission View: can read on DAG:dataset_alias_example_alias_consumer_with_no_taskflow
[2024-10-03T23:04:56.656+0100] {logging_mixin.py:190} INFO - [2024-10-03T23:04:56.656+0100] {override.py:1900} INFO - Created Permission View: can delete on DAG Run:dataset_alias_example_alias_consumer_with_no_taskflow
[2024-10-03T23:04:56.658+0100] {logging_mixin.py:190} INFO - [2024-10-03T23:04:56.658+0100] {override.py:1900} INFO - Created Permission View: can create on DAG Run:dataset_alias_example_alias_consumer_with_no_taskflow
[2024-10-03T23:04:56.659+0100] {logging_mixin.py:190} INFO - [2024-10-03T23:04:56.659+0100] {override.py:1900} INFO - Created Permission View: can read on DAG Run:dataset_alias_example_alias_consumer_with_no_taskflow
[2024-10-03T23:04:56.661+0100] {logging_mixin.py:190} INFO - [2024-10-03T23:04:56.661+0100] {override.py:1900} INFO - Created Permission View: menu access on DAG Run:dataset_alias_example_alias_consumer_with_no_taskflow
[2024-10-03T23:04:56.664+0100] {logging_mixin.py:190} INFO - [2024-10-03T23:04:56.664+0100] {override.py:1900} INFO - Created Permission View: can delete on DAG:dataset_s3_bucket_consumer_with_no_taskflow
[2024-10-03T23:04:56.666+0100] {logging_mixin.py:190} INFO - [2024-10-03T23:04:56.666+0100] {override.py:1900} INFO - Created Permission View: can edit on DAG:dataset_s3_bucket_consumer_with_no_taskflow
[2024-10-03T23:04:56.667+0100] {logging_mixin.py:190} INFO - [2024-10-03T23:04:56.667+0100] {override.py:1900} INFO - Created Permission View: can read on DAG:dataset_s3_bucket_consumer_with_no_taskflow
[2024-10-03T23:04:56.669+0100] {logging_mixin.py:190} INFO - [2024-10-03T23:04:56.669+0100] {override.py:1900} INFO - Created Permission View: can delete on DAG Run:dataset_s3_bucket_consumer_with_no_taskflow
[2024-10-03T23:04:56.671+0100] {logging_mixin.py:190} INFO - [2024-10-03T23:04:56.671+0100] {override.py:1900} INFO - Created Permission View: can create on DAG Run:dataset_s3_bucket_consumer_with_no_taskflow
[2024-10-03T23:04:56.672+0100] {logging_mixin.py:190} INFO - [2024-10-03T23:04:56.672+0100] {override.py:1900} INFO - Created Permission View: can read on DAG Run:dataset_s3_bucket_consumer_with_no_taskflow
[2024-10-03T23:04:56.674+0100] {logging_mixin.py:190} INFO - [2024-10-03T23:04:56.674+0100] {override.py:1900} INFO - Created Permission View: menu access on DAG Run:dataset_s3_bucket_consumer_with_no_taskflow
[2024-10-03T23:04:56.677+0100] {logging_mixin.py:190} INFO - [2024-10-03T23:04:56.677+0100] {override.py:1900} INFO - Created Permission View: can delete on DAG:dataset_alias_example_alias_producer_with_no_taskflow
[2024-10-03T23:04:56.679+0100] {logging_mixin.py:190} INFO - [2024-10-03T23:04:56.679+0100] {override.py:1900} INFO - Created Permission View: can edit on DAG:dataset_alias_example_alias_producer_with_no_taskflow
[2024-10-03T23:04:56.681+0100] {logging_mixin.py:190} INFO - [2024-10-03T23:04:56.680+0100] {override.py:1900} INFO - Created Permission View: can read on DAG:dataset_alias_example_alias_producer_with_no_taskflow
[2024-10-03T23:04:56.683+0100] {logging_mixin.py:190} INFO - [2024-10-03T23:04:56.682+0100] {override.py:1900} INFO - Created Permission View: can delete on DAG Run:dataset_alias_example_alias_producer_with_no_taskflow
[2024-10-03T23:04:56.684+0100] {logging_mixin.py:190} INFO - [2024-10-03T23:04:56.684+0100] {override.py:1900} INFO - Created Permission View: can create on DAG Run:dataset_alias_example_alias_producer_with_no_taskflow
[2024-10-03T23:04:56.686+0100] {logging_mixin.py:190} INFO - [2024-10-03T23:04:56.686+0100] {override.py:1900} INFO - Created Permission View: can read on DAG Run:dataset_alias_example_alias_producer_with_no_taskflow
[2024-10-03T23:04:56.687+0100] {logging_mixin.py:190} INFO - [2024-10-03T23:04:56.687+0100] {override.py:1900} INFO - Created Permission View: menu access on DAG Run:dataset_alias_example_alias_producer_with_no_taskflow
[2024-10-03T23:04:56.687+0100] {logging_mixin.py:190} INFO - [2024-10-03T23:04:56.687+0100] {dag.py:3239} INFO - Sync 4 DAGs
[2024-10-03T23:04:56.691+0100] {logging_mixin.py:190} INFO - [2024-10-03T23:04:56.691+0100] {dag.py:3262} INFO - Creating ORM DAG for dataset_s3_bucket_consumer_with_no_taskflow
[2024-10-03T23:04:56.692+0100] {logging_mixin.py:190} INFO - [2024-10-03T23:04:56.692+0100] {dag.py:3262} INFO - Creating ORM DAG for dataset_s3_bucket_producer_with_no_taskflow
[2024-10-03T23:04:56.692+0100] {logging_mixin.py:190} INFO - [2024-10-03T23:04:56.692+0100] {dag.py:3262} INFO - Creating ORM DAG for dataset_alias_example_alias_producer_with_no_taskflow
[2024-10-03T23:04:56.692+0100] {logging_mixin.py:190} INFO - [2024-10-03T23:04:56.692+0100] {dag.py:3262} INFO - Creating ORM DAG for dataset_alias_example_alias_consumer_with_no_taskflow
[2024-10-03T23:04:56.694+0100] {logging_mixin.py:190} INFO - [2024-10-03T23:04:56.694+0100] {dag.py:4180} INFO - Setting next_dagrun for dataset_alias_example_alias_consumer_with_no_taskflow to None, run_after=None
[2024-10-03T23:04:56.694+0100] {logging_mixin.py:190} INFO - [2024-10-03T23:04:56.694+0100] {dag.py:4180} INFO - Setting next_dagrun for dataset_alias_example_alias_producer_with_no_taskflow to None, run_after=None
[2024-10-03T23:04:56.695+0100] {logging_mixin.py:190} INFO - [2024-10-03T23:04:56.695+0100] {dag.py:4180} INFO - Setting next_dagrun for dataset_s3_bucket_consumer_with_no_taskflow to None, run_after=None
[2024-10-03T23:04:56.695+0100] {logging_mixin.py:190} INFO - [2024-10-03T23:04:56.695+0100] {dag.py:4180} INFO - Setting next_dagrun for dataset_s3_bucket_producer_with_no_taskflow to None, run_after=None
[2024-10-03T23:04:56.699+0100] {logging_mixin.py:190} INFO - [2024-10-03T23:04:56.699+0100] {workday.py:41} WARNING - Could not import pandas. Holidays will not be considered.
[2024-10-03T23:04:56.704+0100] {processor.py:208} INFO - Processing /opt/miniconda3/envs/airflow/lib/python3.8/site-packages/airflow/example_dags/example_dataset_alias_with_no_taskflow.py took 0.168 seconds
[2024-10-03T23:07:03.488+0100] {processor.py:186} INFO - Started process (PID=16470) to work on /opt/miniconda3/envs/airflow/lib/python3.8/site-packages/airflow/example_dags/example_dataset_alias_with_no_taskflow.py
[2024-10-03T23:07:03.489+0100] {processor.py:914} INFO - Processing file /opt/miniconda3/envs/airflow/lib/python3.8/site-packages/airflow/example_dags/example_dataset_alias_with_no_taskflow.py for tasks to queue
[2024-10-03T23:07:03.490+0100] {logging_mixin.py:190} INFO - [2024-10-03T23:07:03.490+0100] {dagbag.py:588} INFO - Filling up the DagBag from /opt/miniconda3/envs/airflow/lib/python3.8/site-packages/airflow/example_dags/example_dataset_alias_with_no_taskflow.py
[2024-10-03T23:07:03.561+0100] {processor.py:925} INFO - DAG(s) 'dataset_alias_example_alias_producer_with_no_taskflow', 'dataset_s3_bucket_producer_with_no_taskflow', 'dataset_s3_bucket_consumer_with_no_taskflow', 'dataset_alias_example_alias_consumer_with_no_taskflow' retrieved from /opt/miniconda3/envs/airflow/lib/python3.8/site-packages/airflow/example_dags/example_dataset_alias_with_no_taskflow.py
[2024-10-03T23:07:03.568+0100] {logging_mixin.py:190} INFO - [2024-10-03T23:07:03.568+0100] {dag.py:3239} INFO - Sync 4 DAGs
[2024-10-03T23:07:03.574+0100] {logging_mixin.py:190} INFO - [2024-10-03T23:07:03.574+0100] {dag.py:4180} INFO - Setting next_dagrun for dataset_alias_example_alias_consumer_with_no_taskflow to None, run_after=None
[2024-10-03T23:07:03.575+0100] {logging_mixin.py:190} INFO - [2024-10-03T23:07:03.575+0100] {dag.py:4180} INFO - Setting next_dagrun for dataset_alias_example_alias_producer_with_no_taskflow to None, run_after=None
[2024-10-03T23:07:03.575+0100] {logging_mixin.py:190} INFO - [2024-10-03T23:07:03.575+0100] {dag.py:4180} INFO - Setting next_dagrun for dataset_s3_bucket_consumer_with_no_taskflow to None, run_after=None
[2024-10-03T23:07:03.575+0100] {logging_mixin.py:190} INFO - [2024-10-03T23:07:03.575+0100] {dag.py:4180} INFO - Setting next_dagrun for dataset_s3_bucket_producer_with_no_taskflow to None, run_after=None
[2024-10-03T23:07:03.582+0100] {processor.py:208} INFO - Processing /opt/miniconda3/envs/airflow/lib/python3.8/site-packages/airflow/example_dags/example_dataset_alias_with_no_taskflow.py took 0.096 seconds
[2024-10-03T23:08:59.341+0100] {processor.py:186} INFO - Started process (PID=16643) to work on /opt/miniconda3/envs/airflow/lib/python3.8/site-packages/airflow/example_dags/example_dataset_alias_with_no_taskflow.py
[2024-10-03T23:08:59.342+0100] {processor.py:914} INFO - Processing file /opt/miniconda3/envs/airflow/lib/python3.8/site-packages/airflow/example_dags/example_dataset_alias_with_no_taskflow.py for tasks to queue
[2024-10-03T23:08:59.342+0100] {logging_mixin.py:190} INFO - [2024-10-03T23:08:59.342+0100] {dagbag.py:588} INFO - Filling up the DagBag from /opt/miniconda3/envs/airflow/lib/python3.8/site-packages/airflow/example_dags/example_dataset_alias_with_no_taskflow.py
[2024-10-03T23:08:59.410+0100] {processor.py:925} INFO - DAG(s) 'dataset_alias_example_alias_consumer_with_no_taskflow', 'dataset_s3_bucket_producer_with_no_taskflow', 'dataset_s3_bucket_consumer_with_no_taskflow', 'dataset_alias_example_alias_producer_with_no_taskflow' retrieved from /opt/miniconda3/envs/airflow/lib/python3.8/site-packages/airflow/example_dags/example_dataset_alias_with_no_taskflow.py
[2024-10-03T23:08:59.417+0100] {logging_mixin.py:190} INFO - [2024-10-03T23:08:59.417+0100] {dag.py:3239} INFO - Sync 4 DAGs
[2024-10-03T23:08:59.423+0100] {logging_mixin.py:190} INFO - [2024-10-03T23:08:59.423+0100] {dag.py:4180} INFO - Setting next_dagrun for dataset_alias_example_alias_consumer_with_no_taskflow to None, run_after=None
[2024-10-03T23:08:59.424+0100] {logging_mixin.py:190} INFO - [2024-10-03T23:08:59.424+0100] {dag.py:4180} INFO - Setting next_dagrun for dataset_alias_example_alias_producer_with_no_taskflow to None, run_after=None
[2024-10-03T23:08:59.424+0100] {logging_mixin.py:190} INFO - [2024-10-03T23:08:59.424+0100] {dag.py:4180} INFO - Setting next_dagrun for dataset_s3_bucket_consumer_with_no_taskflow to None, run_after=None
[2024-10-03T23:08:59.424+0100] {logging_mixin.py:190} INFO - [2024-10-03T23:08:59.424+0100] {dag.py:4180} INFO - Setting next_dagrun for dataset_s3_bucket_producer_with_no_taskflow to None, run_after=None
[2024-10-03T23:08:59.430+0100] {processor.py:208} INFO - Processing /opt/miniconda3/envs/airflow/lib/python3.8/site-packages/airflow/example_dags/example_dataset_alias_with_no_taskflow.py took 0.091 seconds
[2024-10-03T23:11:05.036+0100] {processor.py:186} INFO - Started process (PID=16806) to work on /opt/miniconda3/envs/airflow/lib/python3.8/site-packages/airflow/example_dags/example_dataset_alias_with_no_taskflow.py
[2024-10-03T23:11:05.037+0100] {processor.py:914} INFO - Processing file /opt/miniconda3/envs/airflow/lib/python3.8/site-packages/airflow/example_dags/example_dataset_alias_with_no_taskflow.py for tasks to queue
[2024-10-03T23:11:05.037+0100] {logging_mixin.py:190} INFO - [2024-10-03T23:11:05.037+0100] {dagbag.py:588} INFO - Filling up the DagBag from /opt/miniconda3/envs/airflow/lib/python3.8/site-packages/airflow/example_dags/example_dataset_alias_with_no_taskflow.py
[2024-10-03T23:11:05.105+0100] {processor.py:925} INFO - DAG(s) 'dataset_alias_example_alias_consumer_with_no_taskflow', 'dataset_s3_bucket_producer_with_no_taskflow', 'dataset_alias_example_alias_producer_with_no_taskflow', 'dataset_s3_bucket_consumer_with_no_taskflow' retrieved from /opt/miniconda3/envs/airflow/lib/python3.8/site-packages/airflow/example_dags/example_dataset_alias_with_no_taskflow.py
[2024-10-03T23:11:05.113+0100] {logging_mixin.py:190} INFO - [2024-10-03T23:11:05.113+0100] {dag.py:3239} INFO - Sync 4 DAGs
[2024-10-03T23:11:05.119+0100] {logging_mixin.py:190} INFO - [2024-10-03T23:11:05.119+0100] {dag.py:4180} INFO - Setting next_dagrun for dataset_alias_example_alias_consumer_with_no_taskflow to None, run_after=None
[2024-10-03T23:11:05.119+0100] {logging_mixin.py:190} INFO - [2024-10-03T23:11:05.119+0100] {dag.py:4180} INFO - Setting next_dagrun for dataset_alias_example_alias_producer_with_no_taskflow to None, run_after=None
[2024-10-03T23:11:05.120+0100] {logging_mixin.py:190} INFO - [2024-10-03T23:11:05.120+0100] {dag.py:4180} INFO - Setting next_dagrun for dataset_s3_bucket_consumer_with_no_taskflow to None, run_after=None
[2024-10-03T23:11:05.120+0100] {logging_mixin.py:190} INFO - [2024-10-03T23:11:05.120+0100] {dag.py:4180} INFO - Setting next_dagrun for dataset_s3_bucket_producer_with_no_taskflow to None, run_after=None
[2024-10-03T23:11:05.126+0100] {processor.py:208} INFO - Processing /opt/miniconda3/envs/airflow/lib/python3.8/site-packages/airflow/example_dags/example_dataset_alias_with_no_taskflow.py took 0.092 seconds
[2024-10-03T23:35:03.587+0100] {processor.py:186} INFO - Started process (PID=16977) to work on /opt/miniconda3/envs/airflow/lib/python3.8/site-packages/airflow/example_dags/example_dataset_alias_with_no_taskflow.py
[2024-10-03T23:35:03.588+0100] {processor.py:914} INFO - Processing file /opt/miniconda3/envs/airflow/lib/python3.8/site-packages/airflow/example_dags/example_dataset_alias_with_no_taskflow.py for tasks to queue
[2024-10-03T23:35:03.589+0100] {logging_mixin.py:190} INFO - [2024-10-03T23:35:03.589+0100] {dagbag.py:588} INFO - Filling up the DagBag from /opt/miniconda3/envs/airflow/lib/python3.8/site-packages/airflow/example_dags/example_dataset_alias_with_no_taskflow.py
[2024-10-03T23:35:03.654+0100] {processor.py:925} INFO - DAG(s) 'dataset_s3_bucket_consumer_with_no_taskflow', 'dataset_alias_example_alias_consumer_with_no_taskflow', 'dataset_alias_example_alias_producer_with_no_taskflow', 'dataset_s3_bucket_producer_with_no_taskflow' retrieved from /opt/miniconda3/envs/airflow/lib/python3.8/site-packages/airflow/example_dags/example_dataset_alias_with_no_taskflow.py
[2024-10-03T23:35:03.661+0100] {logging_mixin.py:190} INFO - [2024-10-03T23:35:03.661+0100] {dag.py:3239} INFO - Sync 4 DAGs
[2024-10-03T23:35:03.666+0100] {logging_mixin.py:190} INFO - [2024-10-03T23:35:03.666+0100] {dag.py:4180} INFO - Setting next_dagrun for dataset_alias_example_alias_consumer_with_no_taskflow to None, run_after=None
[2024-10-03T23:35:03.667+0100] {logging_mixin.py:190} INFO - [2024-10-03T23:35:03.667+0100] {dag.py:4180} INFO - Setting next_dagrun for dataset_alias_example_alias_producer_with_no_taskflow to None, run_after=None
[2024-10-03T23:35:03.667+0100] {logging_mixin.py:190} INFO - [2024-10-03T23:35:03.667+0100] {dag.py:4180} INFO - Setting next_dagrun for dataset_s3_bucket_consumer_with_no_taskflow to None, run_after=None
[2024-10-03T23:35:03.668+0100] {logging_mixin.py:190} INFO - [2024-10-03T23:35:03.668+0100] {dag.py:4180} INFO - Setting next_dagrun for dataset_s3_bucket_producer_with_no_taskflow to None, run_after=None
[2024-10-03T23:35:03.674+0100] {processor.py:208} INFO - Processing /opt/miniconda3/envs/airflow/lib/python3.8/site-packages/airflow/example_dags/example_dataset_alias_with_no_taskflow.py took 0.088 seconds
[2024-10-03T23:40:30.282+0100] {processor.py:186} INFO - Started process (PID=17137) to work on /opt/miniconda3/envs/airflow/lib/python3.8/site-packages/airflow/example_dags/example_dataset_alias_with_no_taskflow.py
[2024-10-03T23:40:30.282+0100] {processor.py:914} INFO - Processing file /opt/miniconda3/envs/airflow/lib/python3.8/site-packages/airflow/example_dags/example_dataset_alias_with_no_taskflow.py for tasks to queue
[2024-10-03T23:40:30.283+0100] {logging_mixin.py:190} INFO - [2024-10-03T23:40:30.283+0100] {dagbag.py:588} INFO - Filling up the DagBag from /opt/miniconda3/envs/airflow/lib/python3.8/site-packages/airflow/example_dags/example_dataset_alias_with_no_taskflow.py
[2024-10-03T23:40:30.348+0100] {processor.py:925} INFO - DAG(s) 'dataset_s3_bucket_consumer_with_no_taskflow', 'dataset_alias_example_alias_consumer_with_no_taskflow', 'dataset_alias_example_alias_producer_with_no_taskflow', 'dataset_s3_bucket_producer_with_no_taskflow' retrieved from /opt/miniconda3/envs/airflow/lib/python3.8/site-packages/airflow/example_dags/example_dataset_alias_with_no_taskflow.py
[2024-10-03T23:40:30.355+0100] {logging_mixin.py:190} INFO - [2024-10-03T23:40:30.355+0100] {dag.py:3239} INFO - Sync 4 DAGs
[2024-10-03T23:40:30.361+0100] {logging_mixin.py:190} INFO - [2024-10-03T23:40:30.361+0100] {dag.py:4180} INFO - Setting next_dagrun for dataset_alias_example_alias_consumer_with_no_taskflow to None, run_after=None
[2024-10-03T23:40:30.361+0100] {logging_mixin.py:190} INFO - [2024-10-03T23:40:30.361+0100] {dag.py:4180} INFO - Setting next_dagrun for dataset_alias_example_alias_producer_with_no_taskflow to None, run_after=None
[2024-10-03T23:40:30.362+0100] {logging_mixin.py:190} INFO - [2024-10-03T23:40:30.362+0100] {dag.py:4180} INFO - Setting next_dagrun for dataset_s3_bucket_consumer_with_no_taskflow to None, run_after=None
[2024-10-03T23:40:30.362+0100] {logging_mixin.py:190} INFO - [2024-10-03T23:40:30.362+0100] {dag.py:4180} INFO - Setting next_dagrun for dataset_s3_bucket_producer_with_no_taskflow to None, run_after=None
[2024-10-03T23:40:30.368+0100] {processor.py:208} INFO - Processing /opt/miniconda3/envs/airflow/lib/python3.8/site-packages/airflow/example_dags/example_dataset_alias_with_no_taskflow.py took 0.088 seconds
[2024-10-04T00:20:19.602+0100] {processor.py:186} INFO - Started process (PID=17298) to work on /opt/miniconda3/envs/airflow/lib/python3.8/site-packages/airflow/example_dags/example_dataset_alias_with_no_taskflow.py
[2024-10-04T00:20:19.603+0100] {processor.py:914} INFO - Processing file /opt/miniconda3/envs/airflow/lib/python3.8/site-packages/airflow/example_dags/example_dataset_alias_with_no_taskflow.py for tasks to queue
[2024-10-04T00:20:19.604+0100] {logging_mixin.py:190} INFO - [2024-10-04T00:20:19.603+0100] {dagbag.py:588} INFO - Filling up the DagBag from /opt/miniconda3/envs/airflow/lib/python3.8/site-packages/airflow/example_dags/example_dataset_alias_with_no_taskflow.py
[2024-10-04T00:20:19.669+0100] {processor.py:925} INFO - DAG(s) 'dataset_alias_example_alias_producer_with_no_taskflow', 'dataset_s3_bucket_producer_with_no_taskflow', 'dataset_s3_bucket_consumer_with_no_taskflow', 'dataset_alias_example_alias_consumer_with_no_taskflow' retrieved from /opt/miniconda3/envs/airflow/lib/python3.8/site-packages/airflow/example_dags/example_dataset_alias_with_no_taskflow.py
[2024-10-04T00:20:19.676+0100] {logging_mixin.py:190} INFO - [2024-10-04T00:20:19.676+0100] {dag.py:3239} INFO - Sync 4 DAGs
[2024-10-04T00:20:19.681+0100] {logging_mixin.py:190} INFO - [2024-10-04T00:20:19.681+0100] {dag.py:4180} INFO - Setting next_dagrun for dataset_alias_example_alias_consumer_with_no_taskflow to None, run_after=None
[2024-10-04T00:20:19.682+0100] {logging_mixin.py:190} INFO - [2024-10-04T00:20:19.682+0100] {dag.py:4180} INFO - Setting next_dagrun for dataset_alias_example_alias_producer_with_no_taskflow to None, run_after=None
[2024-10-04T00:20:19.682+0100] {logging_mixin.py:190} INFO - [2024-10-04T00:20:19.682+0100] {dag.py:4180} INFO - Setting next_dagrun for dataset_s3_bucket_consumer_with_no_taskflow to None, run_after=None
[2024-10-04T00:20:19.683+0100] {logging_mixin.py:190} INFO - [2024-10-04T00:20:19.683+0100] {dag.py:4180} INFO - Setting next_dagrun for dataset_s3_bucket_producer_with_no_taskflow to None, run_after=None
[2024-10-04T00:20:19.689+0100] {processor.py:208} INFO - Processing /opt/miniconda3/envs/airflow/lib/python3.8/site-packages/airflow/example_dags/example_dataset_alias_with_no_taskflow.py took 0.088 seconds
