[2024-10-03T23:05:10.357+0100] {processor.py:186} INFO - Started process (PID=16305) to work on /opt/miniconda3/envs/airflow/lib/python3.8/site-packages/airflow/example_dags/example_branch_day_of_week_operator.py
[2024-10-03T23:05:10.357+0100] {processor.py:914} INFO - Processing file /opt/miniconda3/envs/airflow/lib/python3.8/site-packages/airflow/example_dags/example_branch_day_of_week_operator.py for tasks to queue
[2024-10-03T23:05:10.357+0100] {logging_mixin.py:190} INFO - [2024-10-03T23:05:10.357+0100] {dagbag.py:588} INFO - Filling up the DagBag from /opt/miniconda3/envs/airflow/lib/python3.8/site-packages/airflow/example_dags/example_branch_day_of_week_operator.py
[2024-10-03T23:05:10.377+0100] {processor.py:925} INFO - DAG(s) 'example_weekday_branch_operator' retrieved from /opt/miniconda3/envs/airflow/lib/python3.8/site-packages/airflow/example_dags/example_branch_day_of_week_operator.py
[2024-10-03T23:05:10.437+0100] {logging_mixin.py:190} INFO - [2024-10-03T23:05:10.437+0100] {override.py:1900} INFO - Created Permission View: can read on DAG:example_weekday_branch_operator
[2024-10-03T23:05:10.439+0100] {logging_mixin.py:190} INFO - [2024-10-03T23:05:10.439+0100] {override.py:1900} INFO - Created Permission View: can delete on DAG:example_weekday_branch_operator
[2024-10-03T23:05:10.441+0100] {logging_mixin.py:190} INFO - [2024-10-03T23:05:10.441+0100] {override.py:1900} INFO - Created Permission View: can edit on DAG:example_weekday_branch_operator
[2024-10-03T23:05:10.443+0100] {logging_mixin.py:190} INFO - [2024-10-03T23:05:10.443+0100] {override.py:1900} INFO - Created Permission View: can read on DAG Run:example_weekday_branch_operator
[2024-10-03T23:05:10.445+0100] {logging_mixin.py:190} INFO - [2024-10-03T23:05:10.445+0100] {override.py:1900} INFO - Created Permission View: can delete on DAG Run:example_weekday_branch_operator
[2024-10-03T23:05:10.447+0100] {logging_mixin.py:190} INFO - [2024-10-03T23:05:10.447+0100] {override.py:1900} INFO - Created Permission View: can create on DAG Run:example_weekday_branch_operator
[2024-10-03T23:05:10.449+0100] {logging_mixin.py:190} INFO - [2024-10-03T23:05:10.449+0100] {override.py:1900} INFO - Created Permission View: menu access on DAG Run:example_weekday_branch_operator
[2024-10-03T23:05:10.449+0100] {logging_mixin.py:190} INFO - [2024-10-03T23:05:10.449+0100] {dag.py:3239} INFO - Sync 1 DAGs
[2024-10-03T23:05:10.452+0100] {logging_mixin.py:190} INFO - [2024-10-03T23:05:10.452+0100] {dag.py:3262} INFO - Creating ORM DAG for example_weekday_branch_operator
[2024-10-03T23:05:10.455+0100] {logging_mixin.py:190} INFO - [2024-10-03T23:05:10.455+0100] {dag.py:4180} INFO - Setting next_dagrun for example_weekday_branch_operator to 2024-10-02 00:00:00+00:00, run_after=2024-10-03 00:00:00+00:00
[2024-10-03T23:05:10.460+0100] {processor.py:208} INFO - Processing /opt/miniconda3/envs/airflow/lib/python3.8/site-packages/airflow/example_dags/example_branch_day_of_week_operator.py took 0.104 seconds
[2024-10-03T23:07:17.097+0100] {processor.py:186} INFO - Started process (PID=16486) to work on /opt/miniconda3/envs/airflow/lib/python3.8/site-packages/airflow/example_dags/example_branch_day_of_week_operator.py
[2024-10-03T23:07:17.098+0100] {processor.py:914} INFO - Processing file /opt/miniconda3/envs/airflow/lib/python3.8/site-packages/airflow/example_dags/example_branch_day_of_week_operator.py for tasks to queue
[2024-10-03T23:07:17.098+0100] {logging_mixin.py:190} INFO - [2024-10-03T23:07:17.098+0100] {dagbag.py:588} INFO - Filling up the DagBag from /opt/miniconda3/envs/airflow/lib/python3.8/site-packages/airflow/example_dags/example_branch_day_of_week_operator.py
[2024-10-03T23:07:17.118+0100] {processor.py:925} INFO - DAG(s) 'example_weekday_branch_operator' retrieved from /opt/miniconda3/envs/airflow/lib/python3.8/site-packages/airflow/example_dags/example_branch_day_of_week_operator.py
[2024-10-03T23:07:17.151+0100] {logging_mixin.py:190} INFO - [2024-10-03T23:07:17.151+0100] {dag.py:3239} INFO - Sync 1 DAGs
[2024-10-03T23:07:17.156+0100] {logging_mixin.py:190} INFO - [2024-10-03T23:07:17.156+0100] {dag.py:4180} INFO - Setting next_dagrun for example_weekday_branch_operator to 2024-10-02 00:00:00+00:00, run_after=2024-10-03 00:00:00+00:00
[2024-10-03T23:07:17.162+0100] {processor.py:208} INFO - Processing /opt/miniconda3/envs/airflow/lib/python3.8/site-packages/airflow/example_dags/example_branch_day_of_week_operator.py took 0.067 seconds
[2024-10-03T23:09:11.289+0100] {processor.py:186} INFO - Started process (PID=16659) to work on /opt/miniconda3/envs/airflow/lib/python3.8/site-packages/airflow/example_dags/example_branch_day_of_week_operator.py
[2024-10-03T23:09:11.289+0100] {processor.py:914} INFO - Processing file /opt/miniconda3/envs/airflow/lib/python3.8/site-packages/airflow/example_dags/example_branch_day_of_week_operator.py for tasks to queue
[2024-10-03T23:09:11.289+0100] {logging_mixin.py:190} INFO - [2024-10-03T23:09:11.289+0100] {dagbag.py:588} INFO - Filling up the DagBag from /opt/miniconda3/envs/airflow/lib/python3.8/site-packages/airflow/example_dags/example_branch_day_of_week_operator.py
[2024-10-03T23:09:11.309+0100] {processor.py:925} INFO - DAG(s) 'example_weekday_branch_operator' retrieved from /opt/miniconda3/envs/airflow/lib/python3.8/site-packages/airflow/example_dags/example_branch_day_of_week_operator.py
[2024-10-03T23:09:11.342+0100] {logging_mixin.py:190} INFO - [2024-10-03T23:09:11.342+0100] {dag.py:3239} INFO - Sync 1 DAGs
[2024-10-03T23:09:11.347+0100] {logging_mixin.py:190} INFO - [2024-10-03T23:09:11.347+0100] {dag.py:4180} INFO - Setting next_dagrun for example_weekday_branch_operator to 2024-10-02 00:00:00+00:00, run_after=2024-10-03 00:00:00+00:00
[2024-10-03T23:09:11.353+0100] {processor.py:208} INFO - Processing /opt/miniconda3/envs/airflow/lib/python3.8/site-packages/airflow/example_dags/example_branch_day_of_week_operator.py took 0.066 seconds
[2024-10-03T23:11:18.945+0100] {processor.py:186} INFO - Started process (PID=16822) to work on /opt/miniconda3/envs/airflow/lib/python3.8/site-packages/airflow/example_dags/example_branch_day_of_week_operator.py
[2024-10-03T23:11:18.946+0100] {processor.py:914} INFO - Processing file /opt/miniconda3/envs/airflow/lib/python3.8/site-packages/airflow/example_dags/example_branch_day_of_week_operator.py for tasks to queue
[2024-10-03T23:11:18.946+0100] {logging_mixin.py:190} INFO - [2024-10-03T23:11:18.946+0100] {dagbag.py:588} INFO - Filling up the DagBag from /opt/miniconda3/envs/airflow/lib/python3.8/site-packages/airflow/example_dags/example_branch_day_of_week_operator.py
[2024-10-03T23:11:18.966+0100] {processor.py:925} INFO - DAG(s) 'example_weekday_branch_operator' retrieved from /opt/miniconda3/envs/airflow/lib/python3.8/site-packages/airflow/example_dags/example_branch_day_of_week_operator.py
[2024-10-03T23:11:18.998+0100] {logging_mixin.py:190} INFO - [2024-10-03T23:11:18.998+0100] {dag.py:3239} INFO - Sync 1 DAGs
[2024-10-03T23:11:19.004+0100] {logging_mixin.py:190} INFO - [2024-10-03T23:11:19.004+0100] {dag.py:4180} INFO - Setting next_dagrun for example_weekday_branch_operator to 2024-10-02 00:00:00+00:00, run_after=2024-10-03 00:00:00+00:00
[2024-10-03T23:11:19.009+0100] {processor.py:208} INFO - Processing /opt/miniconda3/envs/airflow/lib/python3.8/site-packages/airflow/example_dags/example_branch_day_of_week_operator.py took 0.066 seconds
[2024-10-03T23:35:16.287+0100] {processor.py:186} INFO - Started process (PID=16993) to work on /opt/miniconda3/envs/airflow/lib/python3.8/site-packages/airflow/example_dags/example_branch_day_of_week_operator.py
[2024-10-03T23:35:16.288+0100] {processor.py:914} INFO - Processing file /opt/miniconda3/envs/airflow/lib/python3.8/site-packages/airflow/example_dags/example_branch_day_of_week_operator.py for tasks to queue
[2024-10-03T23:35:16.289+0100] {logging_mixin.py:190} INFO - [2024-10-03T23:35:16.289+0100] {dagbag.py:588} INFO - Filling up the DagBag from /opt/miniconda3/envs/airflow/lib/python3.8/site-packages/airflow/example_dags/example_branch_day_of_week_operator.py
[2024-10-03T23:35:16.308+0100] {processor.py:925} INFO - DAG(s) 'example_weekday_branch_operator' retrieved from /opt/miniconda3/envs/airflow/lib/python3.8/site-packages/airflow/example_dags/example_branch_day_of_week_operator.py
[2024-10-03T23:35:16.341+0100] {logging_mixin.py:190} INFO - [2024-10-03T23:35:16.341+0100] {dag.py:3239} INFO - Sync 1 DAGs
[2024-10-03T23:35:16.346+0100] {logging_mixin.py:190} INFO - [2024-10-03T23:35:16.346+0100] {dag.py:4180} INFO - Setting next_dagrun for example_weekday_branch_operator to 2024-10-02 00:00:00+00:00, run_after=2024-10-03 00:00:00+00:00
[2024-10-03T23:35:16.352+0100] {processor.py:208} INFO - Processing /opt/miniconda3/envs/airflow/lib/python3.8/site-packages/airflow/example_dags/example_branch_day_of_week_operator.py took 0.066 seconds
[2024-10-03T23:42:08.600+0100] {processor.py:186} INFO - Started process (PID=17155) to work on /opt/miniconda3/envs/airflow/lib/python3.8/site-packages/airflow/example_dags/example_branch_day_of_week_operator.py
[2024-10-03T23:42:08.600+0100] {processor.py:914} INFO - Processing file /opt/miniconda3/envs/airflow/lib/python3.8/site-packages/airflow/example_dags/example_branch_day_of_week_operator.py for tasks to queue
[2024-10-03T23:42:08.600+0100] {logging_mixin.py:190} INFO - [2024-10-03T23:42:08.600+0100] {dagbag.py:588} INFO - Filling up the DagBag from /opt/miniconda3/envs/airflow/lib/python3.8/site-packages/airflow/example_dags/example_branch_day_of_week_operator.py
[2024-10-03T23:42:08.619+0100] {processor.py:925} INFO - DAG(s) 'example_weekday_branch_operator' retrieved from /opt/miniconda3/envs/airflow/lib/python3.8/site-packages/airflow/example_dags/example_branch_day_of_week_operator.py
[2024-10-03T23:42:08.652+0100] {logging_mixin.py:190} INFO - [2024-10-03T23:42:08.652+0100] {dag.py:3239} INFO - Sync 1 DAGs
[2024-10-03T23:42:08.658+0100] {logging_mixin.py:190} INFO - [2024-10-03T23:42:08.658+0100] {dag.py:4180} INFO - Setting next_dagrun for example_weekday_branch_operator to 2024-10-02 00:00:00+00:00, run_after=2024-10-03 00:00:00+00:00
[2024-10-03T23:42:08.663+0100] {processor.py:208} INFO - Processing /opt/miniconda3/envs/airflow/lib/python3.8/site-packages/airflow/example_dags/example_branch_day_of_week_operator.py took 0.065 seconds
