[2024-10-03T23:05:03.395+0100] {processor.py:186} INFO - Started process (PID=16289) to work on /opt/miniconda3/envs/airflow/lib/python3.8/site-packages/airflow/example_dags/example_branch_python_dop_operator_3.py
[2024-10-03T23:05:03.396+0100] {processor.py:914} INFO - Processing file /opt/miniconda3/envs/airflow/lib/python3.8/site-packages/airflow/example_dags/example_branch_python_dop_operator_3.py for tasks to queue
[2024-10-03T23:05:03.396+0100] {logging_mixin.py:190} INFO - [2024-10-03T23:05:03.396+0100] {dagbag.py:588} INFO - Filling up the DagBag from /opt/miniconda3/envs/airflow/lib/python3.8/site-packages/airflow/example_dags/example_branch_python_dop_operator_3.py
[2024-10-03T23:05:03.427+0100] {processor.py:925} INFO - DAG(s) 'example_branch_dop_operator_v3' retrieved from /opt/miniconda3/envs/airflow/lib/python3.8/site-packages/airflow/example_dags/example_branch_python_dop_operator_3.py
[2024-10-03T23:05:03.488+0100] {logging_mixin.py:190} INFO - [2024-10-03T23:05:03.488+0100] {override.py:1900} INFO - Created Permission View: can delete on DAG:example_branch_dop_operator_v3
[2024-10-03T23:05:03.490+0100] {logging_mixin.py:190} INFO - [2024-10-03T23:05:03.490+0100] {override.py:1900} INFO - Created Permission View: can edit on DAG:example_branch_dop_operator_v3
[2024-10-03T23:05:03.492+0100] {logging_mixin.py:190} INFO - [2024-10-03T23:05:03.492+0100] {override.py:1900} INFO - Created Permission View: can read on DAG:example_branch_dop_operator_v3
[2024-10-03T23:05:03.494+0100] {logging_mixin.py:190} INFO - [2024-10-03T23:05:03.494+0100] {override.py:1900} INFO - Created Permission View: can delete on DAG Run:example_branch_dop_operator_v3
[2024-10-03T23:05:03.496+0100] {logging_mixin.py:190} INFO - [2024-10-03T23:05:03.496+0100] {override.py:1900} INFO - Created Permission View: can read on DAG Run:example_branch_dop_operator_v3
[2024-10-03T23:05:03.497+0100] {logging_mixin.py:190} INFO - [2024-10-03T23:05:03.497+0100] {override.py:1900} INFO - Created Permission View: can create on DAG Run:example_branch_dop_operator_v3
[2024-10-03T23:05:03.499+0100] {logging_mixin.py:190} INFO - [2024-10-03T23:05:03.499+0100] {override.py:1900} INFO - Created Permission View: menu access on DAG Run:example_branch_dop_operator_v3
[2024-10-03T23:05:03.499+0100] {logging_mixin.py:190} INFO - [2024-10-03T23:05:03.499+0100] {dag.py:3239} INFO - Sync 1 DAGs
[2024-10-03T23:05:03.503+0100] {logging_mixin.py:190} INFO - [2024-10-03T23:05:03.503+0100] {dag.py:3262} INFO - Creating ORM DAG for example_branch_dop_operator_v3
[2024-10-03T23:05:03.507+0100] {logging_mixin.py:190} INFO - [2024-10-03T23:05:03.507+0100] {dag.py:4180} INFO - Setting next_dagrun for example_branch_dop_operator_v3 to 2024-10-03 22:04:00+00:00, run_after=2024-10-03 22:05:00+00:00
[2024-10-03T23:05:03.512+0100] {processor.py:208} INFO - Processing /opt/miniconda3/envs/airflow/lib/python3.8/site-packages/airflow/example_dags/example_branch_python_dop_operator_3.py took 0.119 seconds
[2024-10-03T23:07:10.076+0100] {processor.py:186} INFO - Started process (PID=16478) to work on /opt/miniconda3/envs/airflow/lib/python3.8/site-packages/airflow/example_dags/example_branch_python_dop_operator_3.py
[2024-10-03T23:07:10.076+0100] {processor.py:914} INFO - Processing file /opt/miniconda3/envs/airflow/lib/python3.8/site-packages/airflow/example_dags/example_branch_python_dop_operator_3.py for tasks to queue
[2024-10-03T23:07:10.077+0100] {logging_mixin.py:190} INFO - [2024-10-03T23:07:10.077+0100] {dagbag.py:588} INFO - Filling up the DagBag from /opt/miniconda3/envs/airflow/lib/python3.8/site-packages/airflow/example_dags/example_branch_python_dop_operator_3.py
[2024-10-03T23:07:10.108+0100] {processor.py:925} INFO - DAG(s) 'example_branch_dop_operator_v3' retrieved from /opt/miniconda3/envs/airflow/lib/python3.8/site-packages/airflow/example_dags/example_branch_python_dop_operator_3.py
[2024-10-03T23:07:10.143+0100] {logging_mixin.py:190} INFO - [2024-10-03T23:07:10.143+0100] {dag.py:3239} INFO - Sync 1 DAGs
[2024-10-03T23:07:10.151+0100] {logging_mixin.py:190} INFO - [2024-10-03T23:07:10.151+0100] {dag.py:4180} INFO - Setting next_dagrun for example_branch_dop_operator_v3 to 2024-10-03 22:06:00+00:00, run_after=2024-10-03 22:07:00+00:00
[2024-10-03T23:07:10.157+0100] {processor.py:208} INFO - Processing /opt/miniconda3/envs/airflow/lib/python3.8/site-packages/airflow/example_dags/example_branch_python_dop_operator_3.py took 0.083 seconds
[2024-10-03T23:09:05.592+0100] {processor.py:186} INFO - Started process (PID=16651) to work on /opt/miniconda3/envs/airflow/lib/python3.8/site-packages/airflow/example_dags/example_branch_python_dop_operator_3.py
[2024-10-03T23:09:05.594+0100] {processor.py:914} INFO - Processing file /opt/miniconda3/envs/airflow/lib/python3.8/site-packages/airflow/example_dags/example_branch_python_dop_operator_3.py for tasks to queue
[2024-10-03T23:09:05.594+0100] {logging_mixin.py:190} INFO - [2024-10-03T23:09:05.594+0100] {dagbag.py:588} INFO - Filling up the DagBag from /opt/miniconda3/envs/airflow/lib/python3.8/site-packages/airflow/example_dags/example_branch_python_dop_operator_3.py
[2024-10-03T23:09:05.621+0100] {processor.py:925} INFO - DAG(s) 'example_branch_dop_operator_v3' retrieved from /opt/miniconda3/envs/airflow/lib/python3.8/site-packages/airflow/example_dags/example_branch_python_dop_operator_3.py
[2024-10-03T23:09:05.653+0100] {logging_mixin.py:190} INFO - [2024-10-03T23:09:05.653+0100] {dag.py:3239} INFO - Sync 1 DAGs
[2024-10-03T23:09:05.660+0100] {logging_mixin.py:190} INFO - [2024-10-03T23:09:05.660+0100] {dag.py:4180} INFO - Setting next_dagrun for example_branch_dop_operator_v3 to 2024-10-03 22:08:00+00:00, run_after=2024-10-03 22:09:00+00:00
[2024-10-03T23:09:05.666+0100] {processor.py:208} INFO - Processing /opt/miniconda3/envs/airflow/lib/python3.8/site-packages/airflow/example_dags/example_branch_python_dop_operator_3.py took 0.075 seconds
[2024-10-03T23:11:12.149+0100] {processor.py:186} INFO - Started process (PID=16814) to work on /opt/miniconda3/envs/airflow/lib/python3.8/site-packages/airflow/example_dags/example_branch_python_dop_operator_3.py
[2024-10-03T23:11:12.150+0100] {processor.py:914} INFO - Processing file /opt/miniconda3/envs/airflow/lib/python3.8/site-packages/airflow/example_dags/example_branch_python_dop_operator_3.py for tasks to queue
[2024-10-03T23:11:12.150+0100] {logging_mixin.py:190} INFO - [2024-10-03T23:11:12.150+0100] {dagbag.py:588} INFO - Filling up the DagBag from /opt/miniconda3/envs/airflow/lib/python3.8/site-packages/airflow/example_dags/example_branch_python_dop_operator_3.py
[2024-10-03T23:11:12.178+0100] {processor.py:925} INFO - DAG(s) 'example_branch_dop_operator_v3' retrieved from /opt/miniconda3/envs/airflow/lib/python3.8/site-packages/airflow/example_dags/example_branch_python_dop_operator_3.py
[2024-10-03T23:11:12.210+0100] {logging_mixin.py:190} INFO - [2024-10-03T23:11:12.210+0100] {dag.py:3239} INFO - Sync 1 DAGs
[2024-10-03T23:11:12.217+0100] {logging_mixin.py:190} INFO - [2024-10-03T23:11:12.217+0100] {dag.py:4180} INFO - Setting next_dagrun for example_branch_dop_operator_v3 to 2024-10-03 22:10:00+00:00, run_after=2024-10-03 22:11:00+00:00
[2024-10-03T23:11:12.223+0100] {processor.py:208} INFO - Processing /opt/miniconda3/envs/airflow/lib/python3.8/site-packages/airflow/example_dags/example_branch_python_dop_operator_3.py took 0.075 seconds
[2024-10-03T23:35:09.833+0100] {processor.py:186} INFO - Started process (PID=16985) to work on /opt/miniconda3/envs/airflow/lib/python3.8/site-packages/airflow/example_dags/example_branch_python_dop_operator_3.py
[2024-10-03T23:35:09.834+0100] {processor.py:914} INFO - Processing file /opt/miniconda3/envs/airflow/lib/python3.8/site-packages/airflow/example_dags/example_branch_python_dop_operator_3.py for tasks to queue
[2024-10-03T23:35:09.834+0100] {logging_mixin.py:190} INFO - [2024-10-03T23:35:09.834+0100] {dagbag.py:588} INFO - Filling up the DagBag from /opt/miniconda3/envs/airflow/lib/python3.8/site-packages/airflow/example_dags/example_branch_python_dop_operator_3.py
[2024-10-03T23:35:09.861+0100] {processor.py:925} INFO - DAG(s) 'example_branch_dop_operator_v3' retrieved from /opt/miniconda3/envs/airflow/lib/python3.8/site-packages/airflow/example_dags/example_branch_python_dop_operator_3.py
[2024-10-03T23:35:09.893+0100] {logging_mixin.py:190} INFO - [2024-10-03T23:35:09.893+0100] {dag.py:3239} INFO - Sync 1 DAGs
[2024-10-03T23:35:09.900+0100] {logging_mixin.py:190} INFO - [2024-10-03T23:35:09.900+0100] {dag.py:4180} INFO - Setting next_dagrun for example_branch_dop_operator_v3 to 2024-10-03 22:34:00+00:00, run_after=2024-10-03 22:35:00+00:00
[2024-10-03T23:35:09.905+0100] {processor.py:208} INFO - Processing /opt/miniconda3/envs/airflow/lib/python3.8/site-packages/airflow/example_dags/example_branch_python_dop_operator_3.py took 0.074 seconds
[2024-10-03T23:41:52.047+0100] {processor.py:186} INFO - Started process (PID=17147) to work on /opt/miniconda3/envs/airflow/lib/python3.8/site-packages/airflow/example_dags/example_branch_python_dop_operator_3.py
[2024-10-03T23:41:52.047+0100] {processor.py:914} INFO - Processing file /opt/miniconda3/envs/airflow/lib/python3.8/site-packages/airflow/example_dags/example_branch_python_dop_operator_3.py for tasks to queue
[2024-10-03T23:41:52.047+0100] {logging_mixin.py:190} INFO - [2024-10-03T23:41:52.047+0100] {dagbag.py:588} INFO - Filling up the DagBag from /opt/miniconda3/envs/airflow/lib/python3.8/site-packages/airflow/example_dags/example_branch_python_dop_operator_3.py
[2024-10-03T23:41:52.076+0100] {processor.py:925} INFO - DAG(s) 'example_branch_dop_operator_v3' retrieved from /opt/miniconda3/envs/airflow/lib/python3.8/site-packages/airflow/example_dags/example_branch_python_dop_operator_3.py
[2024-10-03T23:41:52.107+0100] {logging_mixin.py:190} INFO - [2024-10-03T23:41:52.107+0100] {dag.py:3239} INFO - Sync 1 DAGs
[2024-10-03T23:41:52.114+0100] {logging_mixin.py:190} INFO - [2024-10-03T23:41:52.114+0100] {dag.py:4180} INFO - Setting next_dagrun for example_branch_dop_operator_v3 to 2024-10-03 22:40:00+00:00, run_after=2024-10-03 22:41:00+00:00
[2024-10-03T23:41:52.119+0100] {processor.py:208} INFO - Processing /opt/miniconda3/envs/airflow/lib/python3.8/site-packages/airflow/example_dags/example_branch_python_dop_operator_3.py took 0.074 seconds
[2024-10-04T00:53:16.201+0100] {processor.py:186} INFO - Started process (PID=17311) to work on /opt/miniconda3/envs/airflow/lib/python3.8/site-packages/airflow/example_dags/example_branch_python_dop_operator_3.py
[2024-10-04T00:53:16.202+0100] {processor.py:914} INFO - Processing file /opt/miniconda3/envs/airflow/lib/python3.8/site-packages/airflow/example_dags/example_branch_python_dop_operator_3.py for tasks to queue
[2024-10-04T00:53:16.202+0100] {logging_mixin.py:190} INFO - [2024-10-04T00:53:16.202+0100] {dagbag.py:588} INFO - Filling up the DagBag from /opt/miniconda3/envs/airflow/lib/python3.8/site-packages/airflow/example_dags/example_branch_python_dop_operator_3.py
[2024-10-04T00:53:16.231+0100] {processor.py:925} INFO - DAG(s) 'example_branch_dop_operator_v3' retrieved from /opt/miniconda3/envs/airflow/lib/python3.8/site-packages/airflow/example_dags/example_branch_python_dop_operator_3.py
[2024-10-04T00:53:16.263+0100] {logging_mixin.py:190} INFO - [2024-10-04T00:53:16.263+0100] {dag.py:3239} INFO - Sync 1 DAGs
[2024-10-04T00:53:16.271+0100] {logging_mixin.py:190} INFO - [2024-10-04T00:53:16.271+0100] {dag.py:4180} INFO - Setting next_dagrun for example_branch_dop_operator_v3 to 2024-10-03 23:52:00+00:00, run_after=2024-10-03 23:53:00+00:00
[2024-10-04T00:53:16.276+0100] {processor.py:208} INFO - Processing /opt/miniconda3/envs/airflow/lib/python3.8/site-packages/airflow/example_dags/example_branch_python_dop_operator_3.py took 0.076 seconds
