[2024-10-03T23:04:42.199+0100] {processor.py:186} INFO - Started process (PID=16262) to work on /opt/miniconda3/envs/airflow/lib/python3.8/site-packages/airflow/example_dags/example_latest_only.py
[2024-10-03T23:04:42.199+0100] {processor.py:914} INFO - Processing file /opt/miniconda3/envs/airflow/lib/python3.8/site-packages/airflow/example_dags/example_latest_only.py for tasks to queue
[2024-10-03T23:04:42.200+0100] {logging_mixin.py:190} INFO - [2024-10-03T23:04:42.200+0100] {dagbag.py:588} INFO - Filling up the DagBag from /opt/miniconda3/envs/airflow/lib/python3.8/site-packages/airflow/example_dags/example_latest_only.py
[2024-10-03T23:04:42.221+0100] {processor.py:925} INFO - DAG(s) 'latest_only' retrieved from /opt/miniconda3/envs/airflow/lib/python3.8/site-packages/airflow/example_dags/example_latest_only.py
[2024-10-03T23:04:42.281+0100] {logging_mixin.py:190} INFO - [2024-10-03T23:04:42.281+0100] {override.py:1900} INFO - Created Permission View: can read on DAG:latest_only
[2024-10-03T23:04:42.284+0100] {logging_mixin.py:190} INFO - [2024-10-03T23:04:42.283+0100] {override.py:1900} INFO - Created Permission View: can edit on DAG:latest_only
[2024-10-03T23:04:42.285+0100] {logging_mixin.py:190} INFO - [2024-10-03T23:04:42.285+0100] {override.py:1900} INFO - Created Permission View: can delete on DAG:latest_only
[2024-10-03T23:04:42.287+0100] {logging_mixin.py:190} INFO - [2024-10-03T23:04:42.287+0100] {override.py:1900} INFO - Created Permission View: can read on DAG Run:latest_only
[2024-10-03T23:04:42.289+0100] {logging_mixin.py:190} INFO - [2024-10-03T23:04:42.289+0100] {override.py:1900} INFO - Created Permission View: menu access on DAG Run:latest_only
[2024-10-03T23:04:42.290+0100] {logging_mixin.py:190} INFO - [2024-10-03T23:04:42.290+0100] {override.py:1900} INFO - Created Permission View: can delete on DAG Run:latest_only
[2024-10-03T23:04:42.292+0100] {logging_mixin.py:190} INFO - [2024-10-03T23:04:42.292+0100] {override.py:1900} INFO - Created Permission View: can create on DAG Run:latest_only
[2024-10-03T23:04:42.292+0100] {logging_mixin.py:190} INFO - [2024-10-03T23:04:42.292+0100] {dag.py:3239} INFO - Sync 1 DAGs
[2024-10-03T23:04:42.296+0100] {logging_mixin.py:190} INFO - [2024-10-03T23:04:42.296+0100] {dag.py:3262} INFO - Creating ORM DAG for latest_only
[2024-10-03T23:04:42.298+0100] {logging_mixin.py:190} INFO - [2024-10-03T23:04:42.298+0100] {dag.py:4180} INFO - Setting next_dagrun for latest_only to 2024-10-03 16:00:00+00:00, run_after=2024-10-03 20:00:00+00:00
[2024-10-03T23:04:42.303+0100] {processor.py:208} INFO - Processing /opt/miniconda3/envs/airflow/lib/python3.8/site-packages/airflow/example_dags/example_latest_only.py took 0.105 seconds
[2024-10-03T23:06:16.335+0100] {processor.py:186} INFO - Started process (PID=16401) to work on /opt/miniconda3/envs/airflow/lib/python3.8/site-packages/airflow/example_dags/example_latest_only.py
[2024-10-03T23:06:16.336+0100] {processor.py:914} INFO - Processing file /opt/miniconda3/envs/airflow/lib/python3.8/site-packages/airflow/example_dags/example_latest_only.py for tasks to queue
[2024-10-03T23:06:16.337+0100] {logging_mixin.py:190} INFO - [2024-10-03T23:06:16.337+0100] {dagbag.py:588} INFO - Filling up the DagBag from /opt/miniconda3/envs/airflow/lib/python3.8/site-packages/airflow/example_dags/example_latest_only.py
[2024-10-03T23:06:16.356+0100] {processor.py:925} INFO - DAG(s) 'latest_only' retrieved from /opt/miniconda3/envs/airflow/lib/python3.8/site-packages/airflow/example_dags/example_latest_only.py
[2024-10-03T23:06:16.390+0100] {logging_mixin.py:190} INFO - [2024-10-03T23:06:16.390+0100] {dag.py:3239} INFO - Sync 1 DAGs
[2024-10-03T23:06:16.395+0100] {logging_mixin.py:190} INFO - [2024-10-03T23:06:16.395+0100] {dag.py:4180} INFO - Setting next_dagrun for latest_only to 2024-10-03 16:00:00+00:00, run_after=2024-10-03 20:00:00+00:00
[2024-10-03T23:06:16.401+0100] {processor.py:208} INFO - Processing /opt/miniconda3/envs/airflow/lib/python3.8/site-packages/airflow/example_dags/example_latest_only.py took 0.067 seconds
[2024-10-03T23:08:17.283+0100] {processor.py:186} INFO - Started process (PID=16580) to work on /opt/miniconda3/envs/airflow/lib/python3.8/site-packages/airflow/example_dags/example_latest_only.py
[2024-10-03T23:08:17.284+0100] {processor.py:914} INFO - Processing file /opt/miniconda3/envs/airflow/lib/python3.8/site-packages/airflow/example_dags/example_latest_only.py for tasks to queue
[2024-10-03T23:08:17.284+0100] {logging_mixin.py:190} INFO - [2024-10-03T23:08:17.284+0100] {dagbag.py:588} INFO - Filling up the DagBag from /opt/miniconda3/envs/airflow/lib/python3.8/site-packages/airflow/example_dags/example_latest_only.py
[2024-10-03T23:08:17.305+0100] {processor.py:925} INFO - DAG(s) 'latest_only' retrieved from /opt/miniconda3/envs/airflow/lib/python3.8/site-packages/airflow/example_dags/example_latest_only.py
[2024-10-03T23:08:17.338+0100] {logging_mixin.py:190} INFO - [2024-10-03T23:08:17.338+0100] {dag.py:3239} INFO - Sync 1 DAGs
[2024-10-03T23:08:17.343+0100] {logging_mixin.py:190} INFO - [2024-10-03T23:08:17.343+0100] {dag.py:4180} INFO - Setting next_dagrun for latest_only to 2024-10-03 16:00:00+00:00, run_after=2024-10-03 20:00:00+00:00
[2024-10-03T23:08:17.349+0100] {processor.py:208} INFO - Processing /opt/miniconda3/envs/airflow/lib/python3.8/site-packages/airflow/example_dags/example_latest_only.py took 0.068 seconds
[2024-10-03T23:10:13.400+0100] {processor.py:186} INFO - Started process (PID=16745) to work on /opt/miniconda3/envs/airflow/lib/python3.8/site-packages/airflow/example_dags/example_latest_only.py
[2024-10-03T23:10:13.401+0100] {processor.py:914} INFO - Processing file /opt/miniconda3/envs/airflow/lib/python3.8/site-packages/airflow/example_dags/example_latest_only.py for tasks to queue
[2024-10-03T23:10:13.402+0100] {logging_mixin.py:190} INFO - [2024-10-03T23:10:13.402+0100] {dagbag.py:588} INFO - Filling up the DagBag from /opt/miniconda3/envs/airflow/lib/python3.8/site-packages/airflow/example_dags/example_latest_only.py
[2024-10-03T23:10:13.420+0100] {processor.py:925} INFO - DAG(s) 'latest_only' retrieved from /opt/miniconda3/envs/airflow/lib/python3.8/site-packages/airflow/example_dags/example_latest_only.py
[2024-10-03T23:10:13.454+0100] {logging_mixin.py:190} INFO - [2024-10-03T23:10:13.454+0100] {dag.py:3239} INFO - Sync 1 DAGs
[2024-10-03T23:10:13.459+0100] {logging_mixin.py:190} INFO - [2024-10-03T23:10:13.459+0100] {dag.py:4180} INFO - Setting next_dagrun for latest_only to 2024-10-03 16:00:00+00:00, run_after=2024-10-03 20:00:00+00:00
[2024-10-03T23:10:13.465+0100] {processor.py:208} INFO - Processing /opt/miniconda3/envs/airflow/lib/python3.8/site-packages/airflow/example_dags/example_latest_only.py took 0.066 seconds
[2024-10-03T23:34:20.277+0100] {processor.py:186} INFO - Started process (PID=16921) to work on /opt/miniconda3/envs/airflow/lib/python3.8/site-packages/airflow/example_dags/example_latest_only.py
[2024-10-03T23:34:20.278+0100] {processor.py:914} INFO - Processing file /opt/miniconda3/envs/airflow/lib/python3.8/site-packages/airflow/example_dags/example_latest_only.py for tasks to queue
[2024-10-03T23:34:20.279+0100] {logging_mixin.py:190} INFO - [2024-10-03T23:34:20.279+0100] {dagbag.py:588} INFO - Filling up the DagBag from /opt/miniconda3/envs/airflow/lib/python3.8/site-packages/airflow/example_dags/example_latest_only.py
[2024-10-03T23:34:20.297+0100] {processor.py:925} INFO - DAG(s) 'latest_only' retrieved from /opt/miniconda3/envs/airflow/lib/python3.8/site-packages/airflow/example_dags/example_latest_only.py
[2024-10-03T23:34:20.329+0100] {logging_mixin.py:190} INFO - [2024-10-03T23:34:20.329+0100] {dag.py:3239} INFO - Sync 1 DAGs
[2024-10-03T23:34:20.334+0100] {logging_mixin.py:190} INFO - [2024-10-03T23:34:20.334+0100] {dag.py:4180} INFO - Setting next_dagrun for latest_only to 2024-10-03 16:00:00+00:00, run_after=2024-10-03 20:00:00+00:00
[2024-10-03T23:34:20.340+0100] {processor.py:208} INFO - Processing /opt/miniconda3/envs/airflow/lib/python3.8/site-packages/airflow/example_dags/example_latest_only.py took 0.064 seconds
[2024-10-03T23:36:17.702+0100] {processor.py:186} INFO - Started process (PID=17072) to work on /opt/miniconda3/envs/airflow/lib/python3.8/site-packages/airflow/example_dags/example_latest_only.py
[2024-10-03T23:36:17.703+0100] {processor.py:914} INFO - Processing file /opt/miniconda3/envs/airflow/lib/python3.8/site-packages/airflow/example_dags/example_latest_only.py for tasks to queue
[2024-10-03T23:36:17.703+0100] {logging_mixin.py:190} INFO - [2024-10-03T23:36:17.703+0100] {dagbag.py:588} INFO - Filling up the DagBag from /opt/miniconda3/envs/airflow/lib/python3.8/site-packages/airflow/example_dags/example_latest_only.py
[2024-10-03T23:36:17.721+0100] {processor.py:925} INFO - DAG(s) 'latest_only' retrieved from /opt/miniconda3/envs/airflow/lib/python3.8/site-packages/airflow/example_dags/example_latest_only.py
[2024-10-03T23:36:17.756+0100] {logging_mixin.py:190} INFO - [2024-10-03T23:36:17.756+0100] {dag.py:3239} INFO - Sync 1 DAGs
[2024-10-03T23:36:17.761+0100] {logging_mixin.py:190} INFO - [2024-10-03T23:36:17.761+0100] {dag.py:4180} INFO - Setting next_dagrun for latest_only to 2024-10-03 16:00:00+00:00, run_after=2024-10-03 20:00:00+00:00
[2024-10-03T23:36:17.766+0100] {processor.py:208} INFO - Processing /opt/miniconda3/envs/airflow/lib/python3.8/site-packages/airflow/example_dags/example_latest_only.py took 0.065 seconds
[2024-10-04T00:01:08.336+0100] {processor.py:186} INFO - Started process (PID=17267) to work on /opt/miniconda3/envs/airflow/lib/python3.8/site-packages/airflow/example_dags/example_latest_only.py
[2024-10-04T00:01:08.337+0100] {processor.py:914} INFO - Processing file /opt/miniconda3/envs/airflow/lib/python3.8/site-packages/airflow/example_dags/example_latest_only.py for tasks to queue
[2024-10-04T00:01:08.337+0100] {logging_mixin.py:190} INFO - [2024-10-04T00:01:08.337+0100] {dagbag.py:588} INFO - Filling up the DagBag from /opt/miniconda3/envs/airflow/lib/python3.8/site-packages/airflow/example_dags/example_latest_only.py
[2024-10-04T00:01:08.355+0100] {processor.py:925} INFO - DAG(s) 'latest_only' retrieved from /opt/miniconda3/envs/airflow/lib/python3.8/site-packages/airflow/example_dags/example_latest_only.py
[2024-10-04T00:01:08.387+0100] {logging_mixin.py:190} INFO - [2024-10-04T00:01:08.387+0100] {dag.py:3239} INFO - Sync 1 DAGs
[2024-10-04T00:01:08.392+0100] {logging_mixin.py:190} INFO - [2024-10-04T00:01:08.392+0100] {dag.py:4180} INFO - Setting next_dagrun for latest_only to 2024-10-03 16:00:00+00:00, run_after=2024-10-03 20:00:00+00:00
[2024-10-04T00:01:08.398+0100] {processor.py:208} INFO - Processing /opt/miniconda3/envs/airflow/lib/python3.8/site-packages/airflow/example_dags/example_latest_only.py took 0.063 seconds
