[2024-10-03T23:04:18.964+0100] {processor.py:186} INFO - Started process (PID=16221) to work on /opt/miniconda3/envs/airflow/lib/python3.8/site-packages/airflow/example_dags/example_short_circuit_decorator.py
[2024-10-03T23:04:18.965+0100] {processor.py:914} INFO - Processing file /opt/miniconda3/envs/airflow/lib/python3.8/site-packages/airflow/example_dags/example_short_circuit_decorator.py for tasks to queue
[2024-10-03T23:04:18.965+0100] {logging_mixin.py:190} INFO - [2024-10-03T23:04:18.965+0100] {dagbag.py:588} INFO - Filling up the DagBag from /opt/miniconda3/envs/airflow/lib/python3.8/site-packages/airflow/example_dags/example_short_circuit_decorator.py
[2024-10-03T23:04:18.993+0100] {processor.py:925} INFO - DAG(s) 'example_short_circuit_decorator' retrieved from /opt/miniconda3/envs/airflow/lib/python3.8/site-packages/airflow/example_dags/example_short_circuit_decorator.py
[2024-10-03T23:04:19.053+0100] {logging_mixin.py:190} INFO - [2024-10-03T23:04:19.053+0100] {override.py:1900} INFO - Created Permission View: can read on DAG:example_short_circuit_decorator
[2024-10-03T23:04:19.056+0100] {logging_mixin.py:190} INFO - [2024-10-03T23:04:19.056+0100] {override.py:1900} INFO - Created Permission View: can edit on DAG:example_short_circuit_decorator
[2024-10-03T23:04:19.057+0100] {logging_mixin.py:190} INFO - [2024-10-03T23:04:19.057+0100] {override.py:1900} INFO - Created Permission View: can delete on DAG:example_short_circuit_decorator
[2024-10-03T23:04:19.059+0100] {logging_mixin.py:190} INFO - [2024-10-03T23:04:19.059+0100] {override.py:1900} INFO - Created Permission View: can create on DAG Run:example_short_circuit_decorator
[2024-10-03T23:04:19.061+0100] {logging_mixin.py:190} INFO - [2024-10-03T23:04:19.061+0100] {override.py:1900} INFO - Created Permission View: can read on DAG Run:example_short_circuit_decorator
[2024-10-03T23:04:19.062+0100] {logging_mixin.py:190} INFO - [2024-10-03T23:04:19.062+0100] {override.py:1900} INFO - Created Permission View: menu access on DAG Run:example_short_circuit_decorator
[2024-10-03T23:04:19.064+0100] {logging_mixin.py:190} INFO - [2024-10-03T23:04:19.064+0100] {override.py:1900} INFO - Created Permission View: can delete on DAG Run:example_short_circuit_decorator
[2024-10-03T23:04:19.064+0100] {logging_mixin.py:190} INFO - [2024-10-03T23:04:19.064+0100] {dag.py:3239} INFO - Sync 1 DAGs
[2024-10-03T23:04:19.068+0100] {logging_mixin.py:190} INFO - [2024-10-03T23:04:19.068+0100] {dag.py:3262} INFO - Creating ORM DAG for example_short_circuit_decorator
[2024-10-03T23:04:19.068+0100] {logging_mixin.py:190} INFO - [2024-10-03T23:04:19.068+0100] {dag.py:4180} INFO - Setting next_dagrun for example_short_circuit_decorator to None, run_after=None
[2024-10-03T23:04:19.073+0100] {processor.py:208} INFO - Processing /opt/miniconda3/envs/airflow/lib/python3.8/site-packages/airflow/example_dags/example_short_circuit_decorator.py took 0.110 seconds
[2024-10-03T23:05:53.120+0100] {processor.py:186} INFO - Started process (PID=16372) to work on /opt/miniconda3/envs/airflow/lib/python3.8/site-packages/airflow/example_dags/example_short_circuit_decorator.py
[2024-10-03T23:05:53.122+0100] {processor.py:914} INFO - Processing file /opt/miniconda3/envs/airflow/lib/python3.8/site-packages/airflow/example_dags/example_short_circuit_decorator.py for tasks to queue
[2024-10-03T23:05:53.122+0100] {logging_mixin.py:190} INFO - [2024-10-03T23:05:53.122+0100] {dagbag.py:588} INFO - Filling up the DagBag from /opt/miniconda3/envs/airflow/lib/python3.8/site-packages/airflow/example_dags/example_short_circuit_decorator.py
[2024-10-03T23:05:53.151+0100] {processor.py:925} INFO - DAG(s) 'example_short_circuit_decorator' retrieved from /opt/miniconda3/envs/airflow/lib/python3.8/site-packages/airflow/example_dags/example_short_circuit_decorator.py
[2024-10-03T23:05:53.186+0100] {logging_mixin.py:190} INFO - [2024-10-03T23:05:53.186+0100] {dag.py:3239} INFO - Sync 1 DAGs
[2024-10-03T23:05:53.190+0100] {logging_mixin.py:190} INFO - [2024-10-03T23:05:53.190+0100] {dag.py:4180} INFO - Setting next_dagrun for example_short_circuit_decorator to None, run_after=None
[2024-10-03T23:05:53.195+0100] {processor.py:208} INFO - Processing /opt/miniconda3/envs/airflow/lib/python3.8/site-packages/airflow/example_dags/example_short_circuit_decorator.py took 0.076 seconds
[2024-10-03T23:07:55.799+0100] {processor.py:186} INFO - Started process (PID=16552) to work on /opt/miniconda3/envs/airflow/lib/python3.8/site-packages/airflow/example_dags/example_short_circuit_decorator.py
[2024-10-03T23:07:55.800+0100] {processor.py:914} INFO - Processing file /opt/miniconda3/envs/airflow/lib/python3.8/site-packages/airflow/example_dags/example_short_circuit_decorator.py for tasks to queue
[2024-10-03T23:07:55.801+0100] {logging_mixin.py:190} INFO - [2024-10-03T23:07:55.801+0100] {dagbag.py:588} INFO - Filling up the DagBag from /opt/miniconda3/envs/airflow/lib/python3.8/site-packages/airflow/example_dags/example_short_circuit_decorator.py
[2024-10-03T23:07:55.830+0100] {processor.py:925} INFO - DAG(s) 'example_short_circuit_decorator' retrieved from /opt/miniconda3/envs/airflow/lib/python3.8/site-packages/airflow/example_dags/example_short_circuit_decorator.py
[2024-10-03T23:07:55.863+0100] {logging_mixin.py:190} INFO - [2024-10-03T23:07:55.863+0100] {dag.py:3239} INFO - Sync 1 DAGs
[2024-10-03T23:07:55.867+0100] {logging_mixin.py:190} INFO - [2024-10-03T23:07:55.867+0100] {dag.py:4180} INFO - Setting next_dagrun for example_short_circuit_decorator to None, run_after=None
[2024-10-03T23:07:55.872+0100] {processor.py:208} INFO - Processing /opt/miniconda3/envs/airflow/lib/python3.8/site-packages/airflow/example_dags/example_short_circuit_decorator.py took 0.074 seconds
[2024-10-03T23:09:49.331+0100] {processor.py:186} INFO - Started process (PID=16715) to work on /opt/miniconda3/envs/airflow/lib/python3.8/site-packages/airflow/example_dags/example_short_circuit_decorator.py
[2024-10-03T23:09:49.332+0100] {processor.py:914} INFO - Processing file /opt/miniconda3/envs/airflow/lib/python3.8/site-packages/airflow/example_dags/example_short_circuit_decorator.py for tasks to queue
[2024-10-03T23:09:49.332+0100] {logging_mixin.py:190} INFO - [2024-10-03T23:09:49.332+0100] {dagbag.py:588} INFO - Filling up the DagBag from /opt/miniconda3/envs/airflow/lib/python3.8/site-packages/airflow/example_dags/example_short_circuit_decorator.py
[2024-10-03T23:09:49.373+0100] {processor.py:925} INFO - DAG(s) 'example_short_circuit_decorator' retrieved from /opt/miniconda3/envs/airflow/lib/python3.8/site-packages/airflow/example_dags/example_short_circuit_decorator.py
[2024-10-03T23:09:49.409+0100] {logging_mixin.py:190} INFO - [2024-10-03T23:09:49.409+0100] {dag.py:3239} INFO - Sync 1 DAGs
[2024-10-03T23:09:49.413+0100] {logging_mixin.py:190} INFO - [2024-10-03T23:09:49.413+0100] {dag.py:4180} INFO - Setting next_dagrun for example_short_circuit_decorator to None, run_after=None
[2024-10-03T23:09:49.419+0100] {processor.py:208} INFO - Processing /opt/miniconda3/envs/airflow/lib/python3.8/site-packages/airflow/example_dags/example_short_circuit_decorator.py took 0.090 seconds
[2024-10-03T23:33:58.580+0100] {processor.py:186} INFO - Started process (PID=16890) to work on /opt/miniconda3/envs/airflow/lib/python3.8/site-packages/airflow/example_dags/example_short_circuit_decorator.py
[2024-10-03T23:33:58.581+0100] {processor.py:914} INFO - Processing file /opt/miniconda3/envs/airflow/lib/python3.8/site-packages/airflow/example_dags/example_short_circuit_decorator.py for tasks to queue
[2024-10-03T23:33:58.581+0100] {logging_mixin.py:190} INFO - [2024-10-03T23:33:58.581+0100] {dagbag.py:588} INFO - Filling up the DagBag from /opt/miniconda3/envs/airflow/lib/python3.8/site-packages/airflow/example_dags/example_short_circuit_decorator.py
[2024-10-03T23:33:58.608+0100] {processor.py:925} INFO - DAG(s) 'example_short_circuit_decorator' retrieved from /opt/miniconda3/envs/airflow/lib/python3.8/site-packages/airflow/example_dags/example_short_circuit_decorator.py
[2024-10-03T23:33:58.641+0100] {logging_mixin.py:190} INFO - [2024-10-03T23:33:58.641+0100] {dag.py:3239} INFO - Sync 1 DAGs
[2024-10-03T23:33:58.645+0100] {logging_mixin.py:190} INFO - [2024-10-03T23:33:58.645+0100] {dag.py:4180} INFO - Setting next_dagrun for example_short_circuit_decorator to None, run_after=None
[2024-10-03T23:33:58.650+0100] {processor.py:208} INFO - Processing /opt/miniconda3/envs/airflow/lib/python3.8/site-packages/airflow/example_dags/example_short_circuit_decorator.py took 0.072 seconds
[2024-10-03T23:35:53.686+0100] {processor.py:186} INFO - Started process (PID=17043) to work on /opt/miniconda3/envs/airflow/lib/python3.8/site-packages/airflow/example_dags/example_short_circuit_decorator.py
[2024-10-03T23:35:53.687+0100] {processor.py:914} INFO - Processing file /opt/miniconda3/envs/airflow/lib/python3.8/site-packages/airflow/example_dags/example_short_circuit_decorator.py for tasks to queue
[2024-10-03T23:35:53.687+0100] {logging_mixin.py:190} INFO - [2024-10-03T23:35:53.687+0100] {dagbag.py:588} INFO - Filling up the DagBag from /opt/miniconda3/envs/airflow/lib/python3.8/site-packages/airflow/example_dags/example_short_circuit_decorator.py
[2024-10-03T23:35:53.715+0100] {processor.py:925} INFO - DAG(s) 'example_short_circuit_decorator' retrieved from /opt/miniconda3/envs/airflow/lib/python3.8/site-packages/airflow/example_dags/example_short_circuit_decorator.py
[2024-10-03T23:35:53.747+0100] {logging_mixin.py:190} INFO - [2024-10-03T23:35:53.747+0100] {dag.py:3239} INFO - Sync 1 DAGs
[2024-10-03T23:35:53.751+0100] {logging_mixin.py:190} INFO - [2024-10-03T23:35:53.751+0100] {dag.py:4180} INFO - Setting next_dagrun for example_short_circuit_decorator to None, run_after=None
[2024-10-03T23:35:53.756+0100] {processor.py:208} INFO - Processing /opt/miniconda3/envs/airflow/lib/python3.8/site-packages/airflow/example_dags/example_short_circuit_decorator.py took 0.072 seconds
[2024-10-03T23:50:21.275+0100] {processor.py:186} INFO - Started process (PID=17215) to work on /opt/miniconda3/envs/airflow/lib/python3.8/site-packages/airflow/example_dags/example_short_circuit_decorator.py
[2024-10-03T23:50:21.275+0100] {processor.py:914} INFO - Processing file /opt/miniconda3/envs/airflow/lib/python3.8/site-packages/airflow/example_dags/example_short_circuit_decorator.py for tasks to queue
[2024-10-03T23:50:21.275+0100] {logging_mixin.py:190} INFO - [2024-10-03T23:50:21.275+0100] {dagbag.py:588} INFO - Filling up the DagBag from /opt/miniconda3/envs/airflow/lib/python3.8/site-packages/airflow/example_dags/example_short_circuit_decorator.py
[2024-10-03T23:50:21.302+0100] {processor.py:925} INFO - DAG(s) 'example_short_circuit_decorator' retrieved from /opt/miniconda3/envs/airflow/lib/python3.8/site-packages/airflow/example_dags/example_short_circuit_decorator.py
[2024-10-03T23:50:21.335+0100] {logging_mixin.py:190} INFO - [2024-10-03T23:50:21.335+0100] {dag.py:3239} INFO - Sync 1 DAGs
[2024-10-03T23:50:21.339+0100] {logging_mixin.py:190} INFO - [2024-10-03T23:50:21.339+0100] {dag.py:4180} INFO - Setting next_dagrun for example_short_circuit_decorator to None, run_after=None
[2024-10-03T23:50:21.345+0100] {processor.py:208} INFO - Processing /opt/miniconda3/envs/airflow/lib/python3.8/site-packages/airflow/example_dags/example_short_circuit_decorator.py took 0.072 seconds
