[2024-10-03T23:04:09.998+0100] {processor.py:186} INFO - Started process (PID=16209) to work on /opt/miniconda3/envs/airflow/lib/python3.8/site-packages/airflow/example_dags/example_task_group_decorator.py
[2024-10-03T23:04:09.999+0100] {processor.py:914} INFO - Processing file /opt/miniconda3/envs/airflow/lib/python3.8/site-packages/airflow/example_dags/example_task_group_decorator.py for tasks to queue
[2024-10-03T23:04:09.999+0100] {logging_mixin.py:190} INFO - [2024-10-03T23:04:09.999+0100] {dagbag.py:588} INFO - Filling up the DagBag from /opt/miniconda3/envs/airflow/lib/python3.8/site-packages/airflow/example_dags/example_task_group_decorator.py
[2024-10-03T23:04:10.029+0100] {processor.py:925} INFO - DAG(s) 'example_task_group_decorator' retrieved from /opt/miniconda3/envs/airflow/lib/python3.8/site-packages/airflow/example_dags/example_task_group_decorator.py
[2024-10-03T23:04:10.090+0100] {logging_mixin.py:190} INFO - [2024-10-03T23:04:10.090+0100] {override.py:1900} INFO - Created Permission View: can delete on DAG:example_task_group_decorator
[2024-10-03T23:04:10.093+0100] {logging_mixin.py:190} INFO - [2024-10-03T23:04:10.093+0100] {override.py:1900} INFO - Created Permission View: can edit on DAG:example_task_group_decorator
[2024-10-03T23:04:10.094+0100] {logging_mixin.py:190} INFO - [2024-10-03T23:04:10.094+0100] {override.py:1900} INFO - Created Permission View: can read on DAG:example_task_group_decorator
[2024-10-03T23:04:10.096+0100] {logging_mixin.py:190} INFO - [2024-10-03T23:04:10.096+0100] {override.py:1900} INFO - Created Permission View: can delete on DAG Run:example_task_group_decorator
[2024-10-03T23:04:10.098+0100] {logging_mixin.py:190} INFO - [2024-10-03T23:04:10.098+0100] {override.py:1900} INFO - Created Permission View: menu access on DAG Run:example_task_group_decorator
[2024-10-03T23:04:10.099+0100] {logging_mixin.py:190} INFO - [2024-10-03T23:04:10.099+0100] {override.py:1900} INFO - Created Permission View: can create on DAG Run:example_task_group_decorator
[2024-10-03T23:04:10.101+0100] {logging_mixin.py:190} INFO - [2024-10-03T23:04:10.101+0100] {override.py:1900} INFO - Created Permission View: can read on DAG Run:example_task_group_decorator
[2024-10-03T23:04:10.101+0100] {logging_mixin.py:190} INFO - [2024-10-03T23:04:10.101+0100] {dag.py:3239} INFO - Sync 1 DAGs
[2024-10-03T23:04:10.104+0100] {logging_mixin.py:190} INFO - [2024-10-03T23:04:10.104+0100] {dag.py:3262} INFO - Creating ORM DAG for example_task_group_decorator
[2024-10-03T23:04:10.104+0100] {logging_mixin.py:190} INFO - [2024-10-03T23:04:10.104+0100] {dag.py:4180} INFO - Setting next_dagrun for example_task_group_decorator to None, run_after=None
[2024-10-03T23:04:10.110+0100] {processor.py:208} INFO - Processing /opt/miniconda3/envs/airflow/lib/python3.8/site-packages/airflow/example_dags/example_task_group_decorator.py took 0.113 seconds
[2024-10-03T23:05:44.703+0100] {processor.py:186} INFO - Started process (PID=16360) to work on /opt/miniconda3/envs/airflow/lib/python3.8/site-packages/airflow/example_dags/example_task_group_decorator.py
[2024-10-03T23:05:44.704+0100] {processor.py:914} INFO - Processing file /opt/miniconda3/envs/airflow/lib/python3.8/site-packages/airflow/example_dags/example_task_group_decorator.py for tasks to queue
[2024-10-03T23:05:44.704+0100] {logging_mixin.py:190} INFO - [2024-10-03T23:05:44.704+0100] {dagbag.py:588} INFO - Filling up the DagBag from /opt/miniconda3/envs/airflow/lib/python3.8/site-packages/airflow/example_dags/example_task_group_decorator.py
[2024-10-03T23:05:44.734+0100] {processor.py:925} INFO - DAG(s) 'example_task_group_decorator' retrieved from /opt/miniconda3/envs/airflow/lib/python3.8/site-packages/airflow/example_dags/example_task_group_decorator.py
[2024-10-03T23:05:44.770+0100] {logging_mixin.py:190} INFO - [2024-10-03T23:05:44.770+0100] {dag.py:3239} INFO - Sync 1 DAGs
[2024-10-03T23:05:44.774+0100] {logging_mixin.py:190} INFO - [2024-10-03T23:05:44.774+0100] {dag.py:4180} INFO - Setting next_dagrun for example_task_group_decorator to None, run_after=None
[2024-10-03T23:05:44.780+0100] {processor.py:208} INFO - Processing /opt/miniconda3/envs/airflow/lib/python3.8/site-packages/airflow/example_dags/example_task_group_decorator.py took 0.079 seconds
[2024-10-03T23:06:48.882+0100] {processor.py:186} INFO - Started process (PID=16449) to work on /opt/miniconda3/envs/airflow/lib/python3.8/site-packages/airflow/example_dags/example_task_group_decorator.py
[2024-10-03T23:06:48.883+0100] {processor.py:914} INFO - Processing file /opt/miniconda3/envs/airflow/lib/python3.8/site-packages/airflow/example_dags/example_task_group_decorator.py for tasks to queue
[2024-10-03T23:06:48.883+0100] {logging_mixin.py:190} INFO - [2024-10-03T23:06:48.883+0100] {dagbag.py:588} INFO - Filling up the DagBag from /opt/miniconda3/envs/airflow/lib/python3.8/site-packages/airflow/example_dags/example_task_group_decorator.py
[2024-10-03T23:06:48.913+0100] {processor.py:925} INFO - DAG(s) 'example_task_group_decorator' retrieved from /opt/miniconda3/envs/airflow/lib/python3.8/site-packages/airflow/example_dags/example_task_group_decorator.py
[2024-10-03T23:06:48.949+0100] {logging_mixin.py:190} INFO - [2024-10-03T23:06:48.949+0100] {dag.py:3239} INFO - Sync 1 DAGs
[2024-10-03T23:06:48.953+0100] {logging_mixin.py:190} INFO - [2024-10-03T23:06:48.953+0100] {dag.py:4180} INFO - Setting next_dagrun for example_task_group_decorator to None, run_after=None
[2024-10-03T23:06:48.958+0100] {processor.py:208} INFO - Processing /opt/miniconda3/envs/airflow/lib/python3.8/site-packages/airflow/example_dags/example_task_group_decorator.py took 0.078 seconds
[2024-10-03T23:07:48.865+0100] {processor.py:186} INFO - Started process (PID=16542) to work on /opt/miniconda3/envs/airflow/lib/python3.8/site-packages/airflow/example_dags/example_task_group_decorator.py
[2024-10-03T23:07:48.866+0100] {processor.py:914} INFO - Processing file /opt/miniconda3/envs/airflow/lib/python3.8/site-packages/airflow/example_dags/example_task_group_decorator.py for tasks to queue
[2024-10-03T23:07:48.866+0100] {logging_mixin.py:190} INFO - [2024-10-03T23:07:48.866+0100] {dagbag.py:588} INFO - Filling up the DagBag from /opt/miniconda3/envs/airflow/lib/python3.8/site-packages/airflow/example_dags/example_task_group_decorator.py
[2024-10-03T23:07:48.897+0100] {processor.py:925} INFO - DAG(s) 'example_task_group_decorator' retrieved from /opt/miniconda3/envs/airflow/lib/python3.8/site-packages/airflow/example_dags/example_task_group_decorator.py
[2024-10-03T23:07:48.931+0100] {logging_mixin.py:190} INFO - [2024-10-03T23:07:48.931+0100] {dag.py:3239} INFO - Sync 1 DAGs
[2024-10-03T23:07:48.935+0100] {logging_mixin.py:190} INFO - [2024-10-03T23:07:48.934+0100] {dag.py:4180} INFO - Setting next_dagrun for example_task_group_decorator to None, run_after=None
[2024-10-03T23:07:48.940+0100] {processor.py:208} INFO - Processing /opt/miniconda3/envs/airflow/lib/python3.8/site-packages/airflow/example_dags/example_task_group_decorator.py took 0.077 seconds
[2024-10-03T23:08:46.918+0100] {processor.py:186} INFO - Started process (PID=16627) to work on /opt/miniconda3/envs/airflow/lib/python3.8/site-packages/airflow/example_dags/example_task_group_decorator.py
[2024-10-03T23:08:46.918+0100] {processor.py:914} INFO - Processing file /opt/miniconda3/envs/airflow/lib/python3.8/site-packages/airflow/example_dags/example_task_group_decorator.py for tasks to queue
[2024-10-03T23:08:46.919+0100] {logging_mixin.py:190} INFO - [2024-10-03T23:08:46.919+0100] {dagbag.py:588} INFO - Filling up the DagBag from /opt/miniconda3/envs/airflow/lib/python3.8/site-packages/airflow/example_dags/example_task_group_decorator.py
[2024-10-03T23:08:46.949+0100] {processor.py:925} INFO - DAG(s) 'example_task_group_decorator' retrieved from /opt/miniconda3/envs/airflow/lib/python3.8/site-packages/airflow/example_dags/example_task_group_decorator.py
[2024-10-03T23:08:46.985+0100] {logging_mixin.py:190} INFO - [2024-10-03T23:08:46.985+0100] {dag.py:3239} INFO - Sync 1 DAGs
[2024-10-03T23:08:46.989+0100] {logging_mixin.py:190} INFO - [2024-10-03T23:08:46.989+0100] {dag.py:4180} INFO - Setting next_dagrun for example_task_group_decorator to None, run_after=None
[2024-10-03T23:08:46.995+0100] {processor.py:208} INFO - Processing /opt/miniconda3/envs/airflow/lib/python3.8/site-packages/airflow/example_dags/example_task_group_decorator.py took 0.079 seconds
[2024-10-03T23:10:45.915+0100] {processor.py:186} INFO - Started process (PID=16783) to work on /opt/miniconda3/envs/airflow/lib/python3.8/site-packages/airflow/example_dags/example_task_group_decorator.py
[2024-10-03T23:10:45.916+0100] {processor.py:914} INFO - Processing file /opt/miniconda3/envs/airflow/lib/python3.8/site-packages/airflow/example_dags/example_task_group_decorator.py for tasks to queue
[2024-10-03T23:10:45.916+0100] {logging_mixin.py:190} INFO - [2024-10-03T23:10:45.916+0100] {dagbag.py:588} INFO - Filling up the DagBag from /opt/miniconda3/envs/airflow/lib/python3.8/site-packages/airflow/example_dags/example_task_group_decorator.py
[2024-10-03T23:10:45.952+0100] {processor.py:925} INFO - DAG(s) 'example_task_group_decorator' retrieved from /opt/miniconda3/envs/airflow/lib/python3.8/site-packages/airflow/example_dags/example_task_group_decorator.py
[2024-10-03T23:10:45.992+0100] {logging_mixin.py:190} INFO - [2024-10-03T23:10:45.992+0100] {dag.py:3239} INFO - Sync 1 DAGs
[2024-10-03T23:10:45.996+0100] {logging_mixin.py:190} INFO - [2024-10-03T23:10:45.996+0100] {dag.py:4180} INFO - Setting next_dagrun for example_task_group_decorator to None, run_after=None
[2024-10-03T23:10:46.002+0100] {processor.py:208} INFO - Processing /opt/miniconda3/envs/airflow/lib/python3.8/site-packages/airflow/example_dags/example_task_group_decorator.py took 0.088 seconds
[2024-10-03T23:33:50.342+0100] {processor.py:186} INFO - Started process (PID=16878) to work on /opt/miniconda3/envs/airflow/lib/python3.8/site-packages/airflow/example_dags/example_task_group_decorator.py
[2024-10-03T23:33:50.343+0100] {processor.py:914} INFO - Processing file /opt/miniconda3/envs/airflow/lib/python3.8/site-packages/airflow/example_dags/example_task_group_decorator.py for tasks to queue
[2024-10-03T23:33:50.343+0100] {logging_mixin.py:190} INFO - [2024-10-03T23:33:50.343+0100] {dagbag.py:588} INFO - Filling up the DagBag from /opt/miniconda3/envs/airflow/lib/python3.8/site-packages/airflow/example_dags/example_task_group_decorator.py
[2024-10-03T23:33:50.375+0100] {processor.py:925} INFO - DAG(s) 'example_task_group_decorator' retrieved from /opt/miniconda3/envs/airflow/lib/python3.8/site-packages/airflow/example_dags/example_task_group_decorator.py
[2024-10-03T23:33:50.409+0100] {logging_mixin.py:190} INFO - [2024-10-03T23:33:50.409+0100] {dag.py:3239} INFO - Sync 1 DAGs
[2024-10-03T23:33:50.413+0100] {logging_mixin.py:190} INFO - [2024-10-03T23:33:50.413+0100] {dag.py:4180} INFO - Setting next_dagrun for example_task_group_decorator to None, run_after=None
[2024-10-03T23:33:50.418+0100] {processor.py:208} INFO - Processing /opt/miniconda3/envs/airflow/lib/python3.8/site-packages/airflow/example_dags/example_task_group_decorator.py took 0.077 seconds
[2024-10-03T23:34:50.130+0100] {processor.py:186} INFO - Started process (PID=16959) to work on /opt/miniconda3/envs/airflow/lib/python3.8/site-packages/airflow/example_dags/example_task_group_decorator.py
[2024-10-03T23:34:50.131+0100] {processor.py:914} INFO - Processing file /opt/miniconda3/envs/airflow/lib/python3.8/site-packages/airflow/example_dags/example_task_group_decorator.py for tasks to queue
[2024-10-03T23:34:50.131+0100] {logging_mixin.py:190} INFO - [2024-10-03T23:34:50.131+0100] {dagbag.py:588} INFO - Filling up the DagBag from /opt/miniconda3/envs/airflow/lib/python3.8/site-packages/airflow/example_dags/example_task_group_decorator.py
[2024-10-03T23:34:50.160+0100] {processor.py:925} INFO - DAG(s) 'example_task_group_decorator' retrieved from /opt/miniconda3/envs/airflow/lib/python3.8/site-packages/airflow/example_dags/example_task_group_decorator.py
[2024-10-03T23:34:50.194+0100] {logging_mixin.py:190} INFO - [2024-10-03T23:34:50.194+0100] {dag.py:3239} INFO - Sync 1 DAGs
[2024-10-03T23:34:50.197+0100] {logging_mixin.py:190} INFO - [2024-10-03T23:34:50.197+0100] {dag.py:4180} INFO - Setting next_dagrun for example_task_group_decorator to None, run_after=None
[2024-10-03T23:34:50.203+0100] {processor.py:208} INFO - Processing /opt/miniconda3/envs/airflow/lib/python3.8/site-packages/airflow/example_dags/example_task_group_decorator.py took 0.074 seconds
[2024-10-03T23:35:46.981+0100] {processor.py:186} INFO - Started process (PID=17035) to work on /opt/miniconda3/envs/airflow/lib/python3.8/site-packages/airflow/example_dags/example_task_group_decorator.py
[2024-10-03T23:35:46.981+0100] {processor.py:914} INFO - Processing file /opt/miniconda3/envs/airflow/lib/python3.8/site-packages/airflow/example_dags/example_task_group_decorator.py for tasks to queue
[2024-10-03T23:35:46.981+0100] {logging_mixin.py:190} INFO - [2024-10-03T23:35:46.981+0100] {dagbag.py:588} INFO - Filling up the DagBag from /opt/miniconda3/envs/airflow/lib/python3.8/site-packages/airflow/example_dags/example_task_group_decorator.py
[2024-10-03T23:35:47.010+0100] {processor.py:925} INFO - DAG(s) 'example_task_group_decorator' retrieved from /opt/miniconda3/envs/airflow/lib/python3.8/site-packages/airflow/example_dags/example_task_group_decorator.py
[2024-10-03T23:35:47.044+0100] {logging_mixin.py:190} INFO - [2024-10-03T23:35:47.044+0100] {dag.py:3239} INFO - Sync 1 DAGs
[2024-10-03T23:35:47.048+0100] {logging_mixin.py:190} INFO - [2024-10-03T23:35:47.048+0100] {dag.py:4180} INFO - Setting next_dagrun for example_task_group_decorator to None, run_after=None
[2024-10-03T23:35:47.053+0100] {processor.py:208} INFO - Processing /opt/miniconda3/envs/airflow/lib/python3.8/site-packages/airflow/example_dags/example_task_group_decorator.py took 0.074 seconds
[2024-10-03T23:39:44.431+0100] {processor.py:186} INFO - Started process (PID=17112) to work on /opt/miniconda3/envs/airflow/lib/python3.8/site-packages/airflow/example_dags/example_task_group_decorator.py
[2024-10-03T23:39:44.431+0100] {processor.py:914} INFO - Processing file /opt/miniconda3/envs/airflow/lib/python3.8/site-packages/airflow/example_dags/example_task_group_decorator.py for tasks to queue
[2024-10-03T23:39:44.431+0100] {logging_mixin.py:190} INFO - [2024-10-03T23:39:44.431+0100] {dagbag.py:588} INFO - Filling up the DagBag from /opt/miniconda3/envs/airflow/lib/python3.8/site-packages/airflow/example_dags/example_task_group_decorator.py
[2024-10-03T23:39:44.461+0100] {processor.py:925} INFO - DAG(s) 'example_task_group_decorator' retrieved from /opt/miniconda3/envs/airflow/lib/python3.8/site-packages/airflow/example_dags/example_task_group_decorator.py
[2024-10-03T23:39:44.495+0100] {logging_mixin.py:190} INFO - [2024-10-03T23:39:44.495+0100] {dag.py:3239} INFO - Sync 1 DAGs
[2024-10-03T23:39:44.498+0100] {logging_mixin.py:190} INFO - [2024-10-03T23:39:44.498+0100] {dag.py:4180} INFO - Setting next_dagrun for example_task_group_decorator to None, run_after=None
[2024-10-03T23:39:44.504+0100] {processor.py:208} INFO - Processing /opt/miniconda3/envs/airflow/lib/python3.8/site-packages/airflow/example_dags/example_task_group_decorator.py took 0.075 seconds
[2024-10-03T23:49:11.689+0100] {processor.py:186} INFO - Started process (PID=17200) to work on /opt/miniconda3/envs/airflow/lib/python3.8/site-packages/airflow/example_dags/example_task_group_decorator.py
[2024-10-03T23:49:11.689+0100] {processor.py:914} INFO - Processing file /opt/miniconda3/envs/airflow/lib/python3.8/site-packages/airflow/example_dags/example_task_group_decorator.py for tasks to queue
[2024-10-03T23:49:11.689+0100] {logging_mixin.py:190} INFO - [2024-10-03T23:49:11.689+0100] {dagbag.py:588} INFO - Filling up the DagBag from /opt/miniconda3/envs/airflow/lib/python3.8/site-packages/airflow/example_dags/example_task_group_decorator.py
[2024-10-03T23:49:11.721+0100] {processor.py:925} INFO - DAG(s) 'example_task_group_decorator' retrieved from /opt/miniconda3/envs/airflow/lib/python3.8/site-packages/airflow/example_dags/example_task_group_decorator.py
[2024-10-03T23:49:11.758+0100] {logging_mixin.py:190} INFO - [2024-10-03T23:49:11.758+0100] {dag.py:3239} INFO - Sync 1 DAGs
[2024-10-03T23:49:11.762+0100] {logging_mixin.py:190} INFO - [2024-10-03T23:49:11.762+0100] {dag.py:4180} INFO - Setting next_dagrun for example_task_group_decorator to None, run_after=None
[2024-10-03T23:49:11.767+0100] {processor.py:208} INFO - Processing /opt/miniconda3/envs/airflow/lib/python3.8/site-packages/airflow/example_dags/example_task_group_decorator.py took 0.080 seconds
