[2024-10-03T23:03:52.333+0100] {processor.py:186} INFO - Started process (PID=16173) to work on /opt/miniconda3/envs/airflow/lib/python3.8/site-packages/airflow/example_dags/tutorial_taskflow_api_virtualenv.py
[2024-10-03T23:03:52.333+0100] {processor.py:914} INFO - Processing file /opt/miniconda3/envs/airflow/lib/python3.8/site-packages/airflow/example_dags/tutorial_taskflow_api_virtualenv.py for tasks to queue
[2024-10-03T23:03:52.334+0100] {logging_mixin.py:190} INFO - [2024-10-03T23:03:52.334+0100] {dagbag.py:588} INFO - Filling up the DagBag from /opt/miniconda3/envs/airflow/lib/python3.8/site-packages/airflow/example_dags/tutorial_taskflow_api_virtualenv.py
[2024-10-03T23:03:52.364+0100] {logging_mixin.py:190} INFO - [2024-10-03T23:03:52.363+0100] {tutorial_taskflow_api_virtualenv.py:29} WARNING - The tutorial_taskflow_api_virtualenv example DAG requires virtualenv, please install it.
[2024-10-03T23:03:52.364+0100] {processor.py:927} WARNING - No viable dags retrieved from /opt/miniconda3/envs/airflow/lib/python3.8/site-packages/airflow/example_dags/tutorial_taskflow_api_virtualenv.py
[2024-10-03T23:03:52.393+0100] {processor.py:208} INFO - Processing /opt/miniconda3/envs/airflow/lib/python3.8/site-packages/airflow/example_dags/tutorial_taskflow_api_virtualenv.py took 0.062 seconds
[2024-10-03T23:05:25.867+0100] {processor.py:186} INFO - Started process (PID=16334) to work on /opt/miniconda3/envs/airflow/lib/python3.8/site-packages/airflow/example_dags/tutorial_taskflow_api_virtualenv.py
[2024-10-03T23:05:25.868+0100] {processor.py:914} INFO - Processing file /opt/miniconda3/envs/airflow/lib/python3.8/site-packages/airflow/example_dags/tutorial_taskflow_api_virtualenv.py for tasks to queue
[2024-10-03T23:05:25.869+0100] {logging_mixin.py:190} INFO - [2024-10-03T23:05:25.869+0100] {dagbag.py:588} INFO - Filling up the DagBag from /opt/miniconda3/envs/airflow/lib/python3.8/site-packages/airflow/example_dags/tutorial_taskflow_api_virtualenv.py
[2024-10-03T23:05:25.895+0100] {logging_mixin.py:190} INFO - [2024-10-03T23:05:25.895+0100] {tutorial_taskflow_api_virtualenv.py:29} WARNING - The tutorial_taskflow_api_virtualenv example DAG requires virtualenv, please install it.
[2024-10-03T23:05:25.895+0100] {processor.py:927} WARNING - No viable dags retrieved from /opt/miniconda3/envs/airflow/lib/python3.8/site-packages/airflow/example_dags/tutorial_taskflow_api_virtualenv.py
[2024-10-03T23:05:25.924+0100] {processor.py:208} INFO - Processing /opt/miniconda3/envs/airflow/lib/python3.8/site-packages/airflow/example_dags/tutorial_taskflow_api_virtualenv.py took 0.058 seconds
[2024-10-03T23:06:30.144+0100] {processor.py:186} INFO - Started process (PID=16419) to work on /opt/miniconda3/envs/airflow/lib/python3.8/site-packages/airflow/example_dags/tutorial_taskflow_api_virtualenv.py
[2024-10-03T23:06:30.145+0100] {processor.py:914} INFO - Processing file /opt/miniconda3/envs/airflow/lib/python3.8/site-packages/airflow/example_dags/tutorial_taskflow_api_virtualenv.py for tasks to queue
[2024-10-03T23:06:30.146+0100] {logging_mixin.py:190} INFO - [2024-10-03T23:06:30.146+0100] {dagbag.py:588} INFO - Filling up the DagBag from /opt/miniconda3/envs/airflow/lib/python3.8/site-packages/airflow/example_dags/tutorial_taskflow_api_virtualenv.py
[2024-10-03T23:06:30.173+0100] {logging_mixin.py:190} INFO - [2024-10-03T23:06:30.173+0100] {tutorial_taskflow_api_virtualenv.py:29} WARNING - The tutorial_taskflow_api_virtualenv example DAG requires virtualenv, please install it.
[2024-10-03T23:06:30.173+0100] {processor.py:927} WARNING - No viable dags retrieved from /opt/miniconda3/envs/airflow/lib/python3.8/site-packages/airflow/example_dags/tutorial_taskflow_api_virtualenv.py
[2024-10-03T23:06:30.202+0100] {processor.py:208} INFO - Processing /opt/miniconda3/envs/airflow/lib/python3.8/site-packages/airflow/example_dags/tutorial_taskflow_api_virtualenv.py took 0.059 seconds
[2024-10-03T23:07:32.606+0100] {processor.py:186} INFO - Started process (PID=16516) to work on /opt/miniconda3/envs/airflow/lib/python3.8/site-packages/airflow/example_dags/tutorial_taskflow_api_virtualenv.py
[2024-10-03T23:07:32.607+0100] {processor.py:914} INFO - Processing file /opt/miniconda3/envs/airflow/lib/python3.8/site-packages/airflow/example_dags/tutorial_taskflow_api_virtualenv.py for tasks to queue
[2024-10-03T23:07:32.608+0100] {logging_mixin.py:190} INFO - [2024-10-03T23:07:32.608+0100] {dagbag.py:588} INFO - Filling up the DagBag from /opt/miniconda3/envs/airflow/lib/python3.8/site-packages/airflow/example_dags/tutorial_taskflow_api_virtualenv.py
[2024-10-03T23:07:32.634+0100] {logging_mixin.py:190} INFO - [2024-10-03T23:07:32.634+0100] {tutorial_taskflow_api_virtualenv.py:29} WARNING - The tutorial_taskflow_api_virtualenv example DAG requires virtualenv, please install it.
[2024-10-03T23:07:32.634+0100] {processor.py:927} WARNING - No viable dags retrieved from /opt/miniconda3/envs/airflow/lib/python3.8/site-packages/airflow/example_dags/tutorial_taskflow_api_virtualenv.py
[2024-10-03T23:07:32.663+0100] {processor.py:208} INFO - Processing /opt/miniconda3/envs/airflow/lib/python3.8/site-packages/airflow/example_dags/tutorial_taskflow_api_virtualenv.py took 0.058 seconds
[2024-10-03T23:08:29.285+0100] {processor.py:186} INFO - Started process (PID=16596) to work on /opt/miniconda3/envs/airflow/lib/python3.8/site-packages/airflow/example_dags/tutorial_taskflow_api_virtualenv.py
[2024-10-03T23:08:29.285+0100] {processor.py:914} INFO - Processing file /opt/miniconda3/envs/airflow/lib/python3.8/site-packages/airflow/example_dags/tutorial_taskflow_api_virtualenv.py for tasks to queue
[2024-10-03T23:08:29.285+0100] {logging_mixin.py:190} INFO - [2024-10-03T23:08:29.285+0100] {dagbag.py:588} INFO - Filling up the DagBag from /opt/miniconda3/envs/airflow/lib/python3.8/site-packages/airflow/example_dags/tutorial_taskflow_api_virtualenv.py
[2024-10-03T23:08:29.312+0100] {logging_mixin.py:190} INFO - [2024-10-03T23:08:29.312+0100] {tutorial_taskflow_api_virtualenv.py:29} WARNING - The tutorial_taskflow_api_virtualenv example DAG requires virtualenv, please install it.
[2024-10-03T23:08:29.312+0100] {processor.py:927} WARNING - No viable dags retrieved from /opt/miniconda3/envs/airflow/lib/python3.8/site-packages/airflow/example_dags/tutorial_taskflow_api_virtualenv.py
[2024-10-03T23:08:29.341+0100] {processor.py:208} INFO - Processing /opt/miniconda3/envs/airflow/lib/python3.8/site-packages/airflow/example_dags/tutorial_taskflow_api_virtualenv.py took 0.058 seconds
[2024-10-03T23:09:25.344+0100] {processor.py:186} INFO - Started process (PID=16677) to work on /opt/miniconda3/envs/airflow/lib/python3.8/site-packages/airflow/example_dags/tutorial_taskflow_api_virtualenv.py
[2024-10-03T23:09:25.344+0100] {processor.py:914} INFO - Processing file /opt/miniconda3/envs/airflow/lib/python3.8/site-packages/airflow/example_dags/tutorial_taskflow_api_virtualenv.py for tasks to queue
[2024-10-03T23:09:25.345+0100] {logging_mixin.py:190} INFO - [2024-10-03T23:09:25.345+0100] {dagbag.py:588} INFO - Filling up the DagBag from /opt/miniconda3/envs/airflow/lib/python3.8/site-packages/airflow/example_dags/tutorial_taskflow_api_virtualenv.py
[2024-10-03T23:09:25.370+0100] {logging_mixin.py:190} INFO - [2024-10-03T23:09:25.370+0100] {tutorial_taskflow_api_virtualenv.py:29} WARNING - The tutorial_taskflow_api_virtualenv example DAG requires virtualenv, please install it.
[2024-10-03T23:09:25.370+0100] {processor.py:927} WARNING - No viable dags retrieved from /opt/miniconda3/envs/airflow/lib/python3.8/site-packages/airflow/example_dags/tutorial_taskflow_api_virtualenv.py
[2024-10-03T23:09:25.399+0100] {processor.py:208} INFO - Processing /opt/miniconda3/envs/airflow/lib/python3.8/site-packages/airflow/example_dags/tutorial_taskflow_api_virtualenv.py took 0.056 seconds
[2024-10-03T23:10:26.878+0100] {processor.py:186} INFO - Started process (PID=16761) to work on /opt/miniconda3/envs/airflow/lib/python3.8/site-packages/airflow/example_dags/tutorial_taskflow_api_virtualenv.py
[2024-10-03T23:10:26.879+0100] {processor.py:914} INFO - Processing file /opt/miniconda3/envs/airflow/lib/python3.8/site-packages/airflow/example_dags/tutorial_taskflow_api_virtualenv.py for tasks to queue
[2024-10-03T23:10:26.880+0100] {logging_mixin.py:190} INFO - [2024-10-03T23:10:26.880+0100] {dagbag.py:588} INFO - Filling up the DagBag from /opt/miniconda3/envs/airflow/lib/python3.8/site-packages/airflow/example_dags/tutorial_taskflow_api_virtualenv.py
[2024-10-03T23:10:26.906+0100] {logging_mixin.py:190} INFO - [2024-10-03T23:10:26.906+0100] {tutorial_taskflow_api_virtualenv.py:29} WARNING - The tutorial_taskflow_api_virtualenv example DAG requires virtualenv, please install it.
[2024-10-03T23:10:26.906+0100] {processor.py:927} WARNING - No viable dags retrieved from /opt/miniconda3/envs/airflow/lib/python3.8/site-packages/airflow/example_dags/tutorial_taskflow_api_virtualenv.py
[2024-10-03T23:10:26.934+0100] {processor.py:208} INFO - Processing /opt/miniconda3/envs/airflow/lib/python3.8/site-packages/airflow/example_dags/tutorial_taskflow_api_virtualenv.py took 0.058 seconds
[2024-10-03T23:25:44.401+0100] {processor.py:186} INFO - Started process (PID=16843) to work on /opt/miniconda3/envs/airflow/lib/python3.8/site-packages/airflow/example_dags/tutorial_taskflow_api_virtualenv.py
[2024-10-03T23:25:44.402+0100] {processor.py:914} INFO - Processing file /opt/miniconda3/envs/airflow/lib/python3.8/site-packages/airflow/example_dags/tutorial_taskflow_api_virtualenv.py for tasks to queue
[2024-10-03T23:25:44.402+0100] {logging_mixin.py:190} INFO - [2024-10-03T23:25:44.402+0100] {dagbag.py:588} INFO - Filling up the DagBag from /opt/miniconda3/envs/airflow/lib/python3.8/site-packages/airflow/example_dags/tutorial_taskflow_api_virtualenv.py
[2024-10-03T23:25:44.433+0100] {logging_mixin.py:190} INFO - [2024-10-03T23:25:44.433+0100] {tutorial_taskflow_api_virtualenv.py:29} WARNING - The tutorial_taskflow_api_virtualenv example DAG requires virtualenv, please install it.
[2024-10-03T23:25:44.434+0100] {processor.py:927} WARNING - No viable dags retrieved from /opt/miniconda3/envs/airflow/lib/python3.8/site-packages/airflow/example_dags/tutorial_taskflow_api_virtualenv.py
[2024-10-03T23:25:44.463+0100] {processor.py:208} INFO - Processing /opt/miniconda3/envs/airflow/lib/python3.8/site-packages/airflow/example_dags/tutorial_taskflow_api_virtualenv.py took 0.064 seconds
[2024-10-03T23:34:33.415+0100] {processor.py:186} INFO - Started process (PID=16937) to work on /opt/miniconda3/envs/airflow/lib/python3.8/site-packages/airflow/example_dags/tutorial_taskflow_api_virtualenv.py
[2024-10-03T23:34:33.416+0100] {processor.py:914} INFO - Processing file /opt/miniconda3/envs/airflow/lib/python3.8/site-packages/airflow/example_dags/tutorial_taskflow_api_virtualenv.py for tasks to queue
[2024-10-03T23:34:33.417+0100] {logging_mixin.py:190} INFO - [2024-10-03T23:34:33.416+0100] {dagbag.py:588} INFO - Filling up the DagBag from /opt/miniconda3/envs/airflow/lib/python3.8/site-packages/airflow/example_dags/tutorial_taskflow_api_virtualenv.py
[2024-10-03T23:34:33.442+0100] {logging_mixin.py:190} INFO - [2024-10-03T23:34:33.442+0100] {tutorial_taskflow_api_virtualenv.py:29} WARNING - The tutorial_taskflow_api_virtualenv example DAG requires virtualenv, please install it.
[2024-10-03T23:34:33.442+0100] {processor.py:927} WARNING - No viable dags retrieved from /opt/miniconda3/envs/airflow/lib/python3.8/site-packages/airflow/example_dags/tutorial_taskflow_api_virtualenv.py
[2024-10-03T23:34:33.471+0100] {processor.py:208} INFO - Processing /opt/miniconda3/envs/airflow/lib/python3.8/site-packages/airflow/example_dags/tutorial_taskflow_api_virtualenv.py took 0.057 seconds
[2024-10-03T23:35:30.548+0100] {processor.py:186} INFO - Started process (PID=17011) to work on /opt/miniconda3/envs/airflow/lib/python3.8/site-packages/airflow/example_dags/tutorial_taskflow_api_virtualenv.py
[2024-10-03T23:35:30.549+0100] {processor.py:914} INFO - Processing file /opt/miniconda3/envs/airflow/lib/python3.8/site-packages/airflow/example_dags/tutorial_taskflow_api_virtualenv.py for tasks to queue
[2024-10-03T23:35:30.549+0100] {logging_mixin.py:190} INFO - [2024-10-03T23:35:30.549+0100] {dagbag.py:588} INFO - Filling up the DagBag from /opt/miniconda3/envs/airflow/lib/python3.8/site-packages/airflow/example_dags/tutorial_taskflow_api_virtualenv.py
[2024-10-03T23:35:30.574+0100] {logging_mixin.py:190} INFO - [2024-10-03T23:35:30.574+0100] {tutorial_taskflow_api_virtualenv.py:29} WARNING - The tutorial_taskflow_api_virtualenv example DAG requires virtualenv, please install it.
[2024-10-03T23:35:30.574+0100] {processor.py:927} WARNING - No viable dags retrieved from /opt/miniconda3/envs/airflow/lib/python3.8/site-packages/airflow/example_dags/tutorial_taskflow_api_virtualenv.py
[2024-10-03T23:35:30.603+0100] {processor.py:208} INFO - Processing /opt/miniconda3/envs/airflow/lib/python3.8/site-packages/airflow/example_dags/tutorial_taskflow_api_virtualenv.py took 0.056 seconds
[2024-10-03T23:36:31.349+0100] {processor.py:186} INFO - Started process (PID=17089) to work on /opt/miniconda3/envs/airflow/lib/python3.8/site-packages/airflow/example_dags/tutorial_taskflow_api_virtualenv.py
[2024-10-03T23:36:31.349+0100] {processor.py:914} INFO - Processing file /opt/miniconda3/envs/airflow/lib/python3.8/site-packages/airflow/example_dags/tutorial_taskflow_api_virtualenv.py for tasks to queue
[2024-10-03T23:36:31.350+0100] {logging_mixin.py:190} INFO - [2024-10-03T23:36:31.350+0100] {dagbag.py:588} INFO - Filling up the DagBag from /opt/miniconda3/envs/airflow/lib/python3.8/site-packages/airflow/example_dags/tutorial_taskflow_api_virtualenv.py
[2024-10-03T23:36:31.375+0100] {logging_mixin.py:190} INFO - [2024-10-03T23:36:31.375+0100] {tutorial_taskflow_api_virtualenv.py:29} WARNING - The tutorial_taskflow_api_virtualenv example DAG requires virtualenv, please install it.
[2024-10-03T23:36:31.375+0100] {processor.py:927} WARNING - No viable dags retrieved from /opt/miniconda3/envs/airflow/lib/python3.8/site-packages/airflow/example_dags/tutorial_taskflow_api_virtualenv.py
[2024-10-03T23:36:31.404+0100] {processor.py:208} INFO - Processing /opt/miniconda3/envs/airflow/lib/python3.8/site-packages/airflow/example_dags/tutorial_taskflow_api_virtualenv.py took 0.056 seconds
[2024-10-03T23:43:31.065+0100] {processor.py:186} INFO - Started process (PID=17175) to work on /opt/miniconda3/envs/airflow/lib/python3.8/site-packages/airflow/example_dags/tutorial_taskflow_api_virtualenv.py
[2024-10-03T23:43:31.066+0100] {processor.py:914} INFO - Processing file /opt/miniconda3/envs/airflow/lib/python3.8/site-packages/airflow/example_dags/tutorial_taskflow_api_virtualenv.py for tasks to queue
[2024-10-03T23:43:31.066+0100] {logging_mixin.py:190} INFO - [2024-10-03T23:43:31.066+0100] {dagbag.py:588} INFO - Filling up the DagBag from /opt/miniconda3/envs/airflow/lib/python3.8/site-packages/airflow/example_dags/tutorial_taskflow_api_virtualenv.py
[2024-10-03T23:43:31.092+0100] {logging_mixin.py:190} INFO - [2024-10-03T23:43:31.092+0100] {tutorial_taskflow_api_virtualenv.py:29} WARNING - The tutorial_taskflow_api_virtualenv example DAG requires virtualenv, please install it.
[2024-10-03T23:43:31.092+0100] {processor.py:927} WARNING - No viable dags retrieved from /opt/miniconda3/envs/airflow/lib/python3.8/site-packages/airflow/example_dags/tutorial_taskflow_api_virtualenv.py
[2024-10-03T23:43:31.121+0100] {processor.py:208} INFO - Processing /opt/miniconda3/envs/airflow/lib/python3.8/site-packages/airflow/example_dags/tutorial_taskflow_api_virtualenv.py took 0.057 seconds
