[2024-10-04T01:12:29.939+0100] {processor.py:186} INFO - Started process (PID=17335) to work on /opt/miniconda3/envs/airflow/lib/python3.8/site-packages/airflow/example_dags/plugins/listener_plugin.py
[2024-10-04T01:12:29.939+0100] {processor.py:914} INFO - Processing file /opt/miniconda3/envs/airflow/lib/python3.8/site-packages/airflow/example_dags/plugins/listener_plugin.py for tasks to queue
[2024-10-04T01:12:29.940+0100] {logging_mixin.py:190} INFO - [2024-10-04T01:12:29.939+0100] {dagbag.py:588} INFO - Filling up the DagBag from /opt/miniconda3/envs/airflow/lib/python3.8/site-packages/airflow/example_dags/plugins/listener_plugin.py
[2024-10-04T01:12:29.940+0100] {processor.py:927} WARNING - No viable dags retrieved from /opt/miniconda3/envs/airflow/lib/python3.8/site-packages/airflow/example_dags/plugins/listener_plugin.py
[2024-10-04T01:12:29.998+0100] {processor.py:208} INFO - Processing /opt/miniconda3/envs/airflow/lib/python3.8/site-packages/airflow/example_dags/plugins/listener_plugin.py took 0.061 seconds
[2024-10-04T01:55:55.519+0100] {processor.py:186} INFO - Started process (PID=17466) to work on /opt/miniconda3/envs/airflow/lib/python3.8/site-packages/airflow/example_dags/plugins/listener_plugin.py
[2024-10-04T01:55:55.519+0100] {processor.py:914} INFO - Processing file /opt/miniconda3/envs/airflow/lib/python3.8/site-packages/airflow/example_dags/plugins/listener_plugin.py for tasks to queue
[2024-10-04T01:55:55.519+0100] {logging_mixin.py:190} INFO - [2024-10-04T01:55:55.519+0100] {dagbag.py:588} INFO - Filling up the DagBag from /opt/miniconda3/envs/airflow/lib/python3.8/site-packages/airflow/example_dags/plugins/listener_plugin.py
[2024-10-04T01:55:55.520+0100] {processor.py:927} WARNING - No viable dags retrieved from /opt/miniconda3/envs/airflow/lib/python3.8/site-packages/airflow/example_dags/plugins/listener_plugin.py
[2024-10-04T01:55:55.585+0100] {processor.py:208} INFO - Processing /opt/miniconda3/envs/airflow/lib/python3.8/site-packages/airflow/example_dags/plugins/listener_plugin.py took 0.068 seconds
[2024-10-04T01:57:00.689+0100] {processor.py:186} INFO - Started process (PID=17547) to work on /opt/miniconda3/envs/airflow/lib/python3.8/site-packages/airflow/example_dags/plugins/listener_plugin.py
[2024-10-04T01:57:00.689+0100] {processor.py:914} INFO - Processing file /opt/miniconda3/envs/airflow/lib/python3.8/site-packages/airflow/example_dags/plugins/listener_plugin.py for tasks to queue
[2024-10-04T01:57:00.689+0100] {logging_mixin.py:190} INFO - [2024-10-04T01:57:00.689+0100] {dagbag.py:588} INFO - Filling up the DagBag from /opt/miniconda3/envs/airflow/lib/python3.8/site-packages/airflow/example_dags/plugins/listener_plugin.py
[2024-10-04T01:57:00.690+0100] {processor.py:927} WARNING - No viable dags retrieved from /opt/miniconda3/envs/airflow/lib/python3.8/site-packages/airflow/example_dags/plugins/listener_plugin.py
[2024-10-04T01:57:00.737+0100] {processor.py:208} INFO - Processing /opt/miniconda3/envs/airflow/lib/python3.8/site-packages/airflow/example_dags/plugins/listener_plugin.py took 0.050 seconds
[2024-10-04T02:44:33.349+0100] {processor.py:186} INFO - Started process (PID=17635) to work on /opt/miniconda3/envs/airflow/lib/python3.8/site-packages/airflow/example_dags/plugins/listener_plugin.py
[2024-10-04T02:44:33.350+0100] {processor.py:914} INFO - Processing file /opt/miniconda3/envs/airflow/lib/python3.8/site-packages/airflow/example_dags/plugins/listener_plugin.py for tasks to queue
[2024-10-04T02:44:33.350+0100] {logging_mixin.py:190} INFO - [2024-10-04T02:44:33.350+0100] {dagbag.py:588} INFO - Filling up the DagBag from /opt/miniconda3/envs/airflow/lib/python3.8/site-packages/airflow/example_dags/plugins/listener_plugin.py
[2024-10-04T02:44:33.350+0100] {processor.py:927} WARNING - No viable dags retrieved from /opt/miniconda3/envs/airflow/lib/python3.8/site-packages/airflow/example_dags/plugins/listener_plugin.py
[2024-10-04T02:44:33.395+0100] {processor.py:208} INFO - Processing /opt/miniconda3/envs/airflow/lib/python3.8/site-packages/airflow/example_dags/plugins/listener_plugin.py took 0.047 seconds
[2024-10-04T03:51:34.893+0100] {processor.py:186} INFO - Started process (PID=17777) to work on /opt/miniconda3/envs/airflow/lib/python3.8/site-packages/airflow/example_dags/plugins/listener_plugin.py
[2024-10-04T03:51:34.895+0100] {processor.py:914} INFO - Processing file /opt/miniconda3/envs/airflow/lib/python3.8/site-packages/airflow/example_dags/plugins/listener_plugin.py for tasks to queue
[2024-10-04T03:51:34.895+0100] {logging_mixin.py:190} INFO - [2024-10-04T03:51:34.895+0100] {dagbag.py:588} INFO - Filling up the DagBag from /opt/miniconda3/envs/airflow/lib/python3.8/site-packages/airflow/example_dags/plugins/listener_plugin.py
[2024-10-04T03:51:34.895+0100] {processor.py:927} WARNING - No viable dags retrieved from /opt/miniconda3/envs/airflow/lib/python3.8/site-packages/airflow/example_dags/plugins/listener_plugin.py
[2024-10-04T03:51:34.940+0100] {processor.py:208} INFO - Processing /opt/miniconda3/envs/airflow/lib/python3.8/site-packages/airflow/example_dags/plugins/listener_plugin.py took 0.048 seconds
[2024-10-04T03:52:38.348+0100] {processor.py:186} INFO - Started process (PID=17866) to work on /opt/miniconda3/envs/airflow/lib/python3.8/site-packages/airflow/example_dags/plugins/listener_plugin.py
[2024-10-04T03:52:38.348+0100] {processor.py:914} INFO - Processing file /opt/miniconda3/envs/airflow/lib/python3.8/site-packages/airflow/example_dags/plugins/listener_plugin.py for tasks to queue
[2024-10-04T03:52:38.349+0100] {logging_mixin.py:190} INFO - [2024-10-04T03:52:38.349+0100] {dagbag.py:588} INFO - Filling up the DagBag from /opt/miniconda3/envs/airflow/lib/python3.8/site-packages/airflow/example_dags/plugins/listener_plugin.py
[2024-10-04T03:52:38.349+0100] {processor.py:927} WARNING - No viable dags retrieved from /opt/miniconda3/envs/airflow/lib/python3.8/site-packages/airflow/example_dags/plugins/listener_plugin.py
[2024-10-04T03:52:38.394+0100] {processor.py:208} INFO - Processing /opt/miniconda3/envs/airflow/lib/python3.8/site-packages/airflow/example_dags/plugins/listener_plugin.py took 0.048 seconds
[2024-10-04T05:05:03.981+0100] {processor.py:186} INFO - Started process (PID=17963) to work on /opt/miniconda3/envs/airflow/lib/python3.8/site-packages/airflow/example_dags/plugins/listener_plugin.py
[2024-10-04T05:05:03.981+0100] {processor.py:914} INFO - Processing file /opt/miniconda3/envs/airflow/lib/python3.8/site-packages/airflow/example_dags/plugins/listener_plugin.py for tasks to queue
[2024-10-04T05:05:03.981+0100] {logging_mixin.py:190} INFO - [2024-10-04T05:05:03.981+0100] {dagbag.py:588} INFO - Filling up the DagBag from /opt/miniconda3/envs/airflow/lib/python3.8/site-packages/airflow/example_dags/plugins/listener_plugin.py
[2024-10-04T05:05:03.982+0100] {processor.py:927} WARNING - No viable dags retrieved from /opt/miniconda3/envs/airflow/lib/python3.8/site-packages/airflow/example_dags/plugins/listener_plugin.py
[2024-10-04T05:05:04.026+0100] {processor.py:208} INFO - Processing /opt/miniconda3/envs/airflow/lib/python3.8/site-packages/airflow/example_dags/plugins/listener_plugin.py took 0.047 seconds
[2024-10-04T06:14:42.299+0100] {processor.py:186} INFO - Started process (PID=18097) to work on /opt/miniconda3/envs/airflow/lib/python3.8/site-packages/airflow/example_dags/plugins/listener_plugin.py
[2024-10-04T06:14:42.301+0100] {processor.py:914} INFO - Processing file /opt/miniconda3/envs/airflow/lib/python3.8/site-packages/airflow/example_dags/plugins/listener_plugin.py for tasks to queue
[2024-10-04T06:14:42.301+0100] {logging_mixin.py:190} INFO - [2024-10-04T06:14:42.301+0100] {dagbag.py:588} INFO - Filling up the DagBag from /opt/miniconda3/envs/airflow/lib/python3.8/site-packages/airflow/example_dags/plugins/listener_plugin.py
[2024-10-04T06:14:42.302+0100] {processor.py:927} WARNING - No viable dags retrieved from /opt/miniconda3/envs/airflow/lib/python3.8/site-packages/airflow/example_dags/plugins/listener_plugin.py
[2024-10-04T06:14:42.346+0100] {processor.py:208} INFO - Processing /opt/miniconda3/envs/airflow/lib/python3.8/site-packages/airflow/example_dags/plugins/listener_plugin.py took 0.048 seconds
[2024-10-04T06:15:36.699+0100] {processor.py:186} INFO - Started process (PID=19827) to work on /opt/miniconda3/envs/airflow/lib/python3.8/site-packages/airflow/example_dags/plugins/listener_plugin.py
[2024-10-04T06:15:36.701+0100] {processor.py:914} INFO - Processing file /opt/miniconda3/envs/airflow/lib/python3.8/site-packages/airflow/example_dags/plugins/listener_plugin.py for tasks to queue
[2024-10-04T06:15:36.701+0100] {logging_mixin.py:190} INFO - [2024-10-04T06:15:36.701+0100] {dagbag.py:588} INFO - Filling up the DagBag from /opt/miniconda3/envs/airflow/lib/python3.8/site-packages/airflow/example_dags/plugins/listener_plugin.py
[2024-10-04T06:15:36.702+0100] {processor.py:927} WARNING - No viable dags retrieved from /opt/miniconda3/envs/airflow/lib/python3.8/site-packages/airflow/example_dags/plugins/listener_plugin.py
[2024-10-04T06:15:36.746+0100] {processor.py:208} INFO - Processing /opt/miniconda3/envs/airflow/lib/python3.8/site-packages/airflow/example_dags/plugins/listener_plugin.py took 0.048 seconds
[2024-10-04T06:16:33.805+0100] {processor.py:186} INFO - Started process (PID=19921) to work on /opt/miniconda3/envs/airflow/lib/python3.8/site-packages/airflow/example_dags/plugins/listener_plugin.py
[2024-10-04T06:16:33.805+0100] {processor.py:914} INFO - Processing file /opt/miniconda3/envs/airflow/lib/python3.8/site-packages/airflow/example_dags/plugins/listener_plugin.py for tasks to queue
[2024-10-04T06:16:33.806+0100] {logging_mixin.py:190} INFO - [2024-10-04T06:16:33.806+0100] {dagbag.py:588} INFO - Filling up the DagBag from /opt/miniconda3/envs/airflow/lib/python3.8/site-packages/airflow/example_dags/plugins/listener_plugin.py
[2024-10-04T06:16:33.806+0100] {processor.py:927} WARNING - No viable dags retrieved from /opt/miniconda3/envs/airflow/lib/python3.8/site-packages/airflow/example_dags/plugins/listener_plugin.py
[2024-10-04T06:16:33.852+0100] {processor.py:208} INFO - Processing /opt/miniconda3/envs/airflow/lib/python3.8/site-packages/airflow/example_dags/plugins/listener_plugin.py took 0.048 seconds
[2024-10-04T07:47:22.750+0100] {processor.py:186} INFO - Started process (PID=20030) to work on /opt/miniconda3/envs/airflow/lib/python3.8/site-packages/airflow/example_dags/plugins/listener_plugin.py
[2024-10-04T07:47:22.750+0100] {processor.py:914} INFO - Processing file /opt/miniconda3/envs/airflow/lib/python3.8/site-packages/airflow/example_dags/plugins/listener_plugin.py for tasks to queue
[2024-10-04T07:47:22.750+0100] {logging_mixin.py:190} INFO - [2024-10-04T07:47:22.750+0100] {dagbag.py:588} INFO - Filling up the DagBag from /opt/miniconda3/envs/airflow/lib/python3.8/site-packages/airflow/example_dags/plugins/listener_plugin.py
[2024-10-04T07:47:22.751+0100] {processor.py:927} WARNING - No viable dags retrieved from /opt/miniconda3/envs/airflow/lib/python3.8/site-packages/airflow/example_dags/plugins/listener_plugin.py
[2024-10-04T07:47:22.796+0100] {processor.py:208} INFO - Processing /opt/miniconda3/envs/airflow/lib/python3.8/site-packages/airflow/example_dags/plugins/listener_plugin.py took 0.048 seconds
[2024-10-04T08:39:13.383+0100] {processor.py:186} INFO - Started process (PID=20161) to work on /opt/miniconda3/envs/airflow/lib/python3.8/site-packages/airflow/example_dags/plugins/listener_plugin.py
[2024-10-04T08:39:13.383+0100] {processor.py:914} INFO - Processing file /opt/miniconda3/envs/airflow/lib/python3.8/site-packages/airflow/example_dags/plugins/listener_plugin.py for tasks to queue
[2024-10-04T08:39:13.383+0100] {logging_mixin.py:190} INFO - [2024-10-04T08:39:13.383+0100] {dagbag.py:588} INFO - Filling up the DagBag from /opt/miniconda3/envs/airflow/lib/python3.8/site-packages/airflow/example_dags/plugins/listener_plugin.py
[2024-10-04T08:39:13.384+0100] {processor.py:927} WARNING - No viable dags retrieved from /opt/miniconda3/envs/airflow/lib/python3.8/site-packages/airflow/example_dags/plugins/listener_plugin.py
[2024-10-04T08:39:13.429+0100] {processor.py:208} INFO - Processing /opt/miniconda3/envs/airflow/lib/python3.8/site-packages/airflow/example_dags/plugins/listener_plugin.py took 0.048 seconds
[2024-10-04T08:40:08.589+0100] {processor.py:186} INFO - Started process (PID=20236) to work on /opt/miniconda3/envs/airflow/lib/python3.8/site-packages/airflow/example_dags/plugins/listener_plugin.py
[2024-10-04T08:40:08.589+0100] {processor.py:914} INFO - Processing file /opt/miniconda3/envs/airflow/lib/python3.8/site-packages/airflow/example_dags/plugins/listener_plugin.py for tasks to queue
[2024-10-04T08:40:08.589+0100] {logging_mixin.py:190} INFO - [2024-10-04T08:40:08.589+0100] {dagbag.py:588} INFO - Filling up the DagBag from /opt/miniconda3/envs/airflow/lib/python3.8/site-packages/airflow/example_dags/plugins/listener_plugin.py
[2024-10-04T08:40:08.590+0100] {processor.py:927} WARNING - No viable dags retrieved from /opt/miniconda3/envs/airflow/lib/python3.8/site-packages/airflow/example_dags/plugins/listener_plugin.py
[2024-10-04T08:40:08.634+0100] {processor.py:208} INFO - Processing /opt/miniconda3/envs/airflow/lib/python3.8/site-packages/airflow/example_dags/plugins/listener_plugin.py took 0.047 seconds
[2024-10-04T08:41:04.368+0100] {processor.py:186} INFO - Started process (PID=20317) to work on /opt/miniconda3/envs/airflow/lib/python3.8/site-packages/airflow/example_dags/plugins/listener_plugin.py
[2024-10-04T08:41:04.369+0100] {processor.py:914} INFO - Processing file /opt/miniconda3/envs/airflow/lib/python3.8/site-packages/airflow/example_dags/plugins/listener_plugin.py for tasks to queue
[2024-10-04T08:41:04.369+0100] {logging_mixin.py:190} INFO - [2024-10-04T08:41:04.369+0100] {dagbag.py:588} INFO - Filling up the DagBag from /opt/miniconda3/envs/airflow/lib/python3.8/site-packages/airflow/example_dags/plugins/listener_plugin.py
[2024-10-04T08:41:04.369+0100] {processor.py:927} WARNING - No viable dags retrieved from /opt/miniconda3/envs/airflow/lib/python3.8/site-packages/airflow/example_dags/plugins/listener_plugin.py
[2024-10-04T08:41:04.415+0100] {processor.py:208} INFO - Processing /opt/miniconda3/envs/airflow/lib/python3.8/site-packages/airflow/example_dags/plugins/listener_plugin.py took 0.048 seconds
[2024-10-04T08:54:33.447+0100] {processor.py:186} INFO - Started process (PID=20399) to work on /opt/miniconda3/envs/airflow/lib/python3.8/site-packages/airflow/example_dags/plugins/listener_plugin.py
[2024-10-04T08:54:33.448+0100] {processor.py:914} INFO - Processing file /opt/miniconda3/envs/airflow/lib/python3.8/site-packages/airflow/example_dags/plugins/listener_plugin.py for tasks to queue
[2024-10-04T08:54:33.448+0100] {logging_mixin.py:190} INFO - [2024-10-04T08:54:33.448+0100] {dagbag.py:588} INFO - Filling up the DagBag from /opt/miniconda3/envs/airflow/lib/python3.8/site-packages/airflow/example_dags/plugins/listener_plugin.py
[2024-10-04T08:54:33.449+0100] {processor.py:927} WARNING - No viable dags retrieved from /opt/miniconda3/envs/airflow/lib/python3.8/site-packages/airflow/example_dags/plugins/listener_plugin.py
[2024-10-04T08:54:33.495+0100] {processor.py:208} INFO - Processing /opt/miniconda3/envs/airflow/lib/python3.8/site-packages/airflow/example_dags/plugins/listener_plugin.py took 0.049 seconds
[2024-10-04T09:41:58.054+0100] {processor.py:186} INFO - Started process (PID=20570) to work on /opt/miniconda3/envs/airflow/lib/python3.8/site-packages/airflow/example_dags/plugins/listener_plugin.py
[2024-10-04T09:41:58.055+0100] {processor.py:914} INFO - Processing file /opt/miniconda3/envs/airflow/lib/python3.8/site-packages/airflow/example_dags/plugins/listener_plugin.py for tasks to queue
[2024-10-04T09:41:58.056+0100] {logging_mixin.py:190} INFO - [2024-10-04T09:41:58.056+0100] {dagbag.py:588} INFO - Filling up the DagBag from /opt/miniconda3/envs/airflow/lib/python3.8/site-packages/airflow/example_dags/plugins/listener_plugin.py
[2024-10-04T09:41:58.056+0100] {processor.py:927} WARNING - No viable dags retrieved from /opt/miniconda3/envs/airflow/lib/python3.8/site-packages/airflow/example_dags/plugins/listener_plugin.py
[2024-10-04T09:41:58.101+0100] {processor.py:208} INFO - Processing /opt/miniconda3/envs/airflow/lib/python3.8/site-packages/airflow/example_dags/plugins/listener_plugin.py took 0.048 seconds
[2024-10-04T09:42:55.512+0100] {processor.py:186} INFO - Started process (PID=20644) to work on /opt/miniconda3/envs/airflow/lib/python3.8/site-packages/airflow/example_dags/plugins/listener_plugin.py
[2024-10-04T09:42:55.512+0100] {processor.py:914} INFO - Processing file /opt/miniconda3/envs/airflow/lib/python3.8/site-packages/airflow/example_dags/plugins/listener_plugin.py for tasks to queue
[2024-10-04T09:42:55.512+0100] {logging_mixin.py:190} INFO - [2024-10-04T09:42:55.512+0100] {dagbag.py:588} INFO - Filling up the DagBag from /opt/miniconda3/envs/airflow/lib/python3.8/site-packages/airflow/example_dags/plugins/listener_plugin.py
[2024-10-04T09:42:55.513+0100] {processor.py:927} WARNING - No viable dags retrieved from /opt/miniconda3/envs/airflow/lib/python3.8/site-packages/airflow/example_dags/plugins/listener_plugin.py
[2024-10-04T09:42:55.558+0100] {processor.py:208} INFO - Processing /opt/miniconda3/envs/airflow/lib/python3.8/site-packages/airflow/example_dags/plugins/listener_plugin.py took 0.047 seconds
[2024-10-04T09:43:50.436+0100] {processor.py:186} INFO - Started process (PID=20716) to work on /opt/miniconda3/envs/airflow/lib/python3.8/site-packages/airflow/example_dags/plugins/listener_plugin.py
[2024-10-04T09:43:50.436+0100] {processor.py:914} INFO - Processing file /opt/miniconda3/envs/airflow/lib/python3.8/site-packages/airflow/example_dags/plugins/listener_plugin.py for tasks to queue
[2024-10-04T09:43:50.437+0100] {logging_mixin.py:190} INFO - [2024-10-04T09:43:50.437+0100] {dagbag.py:588} INFO - Filling up the DagBag from /opt/miniconda3/envs/airflow/lib/python3.8/site-packages/airflow/example_dags/plugins/listener_plugin.py
[2024-10-04T09:43:50.437+0100] {processor.py:927} WARNING - No viable dags retrieved from /opt/miniconda3/envs/airflow/lib/python3.8/site-packages/airflow/example_dags/plugins/listener_plugin.py
[2024-10-04T09:43:50.482+0100] {processor.py:208} INFO - Processing /opt/miniconda3/envs/airflow/lib/python3.8/site-packages/airflow/example_dags/plugins/listener_plugin.py took 0.047 seconds
[2024-10-04T10:19:45.960+0100] {processor.py:186} INFO - Started process (PID=20823) to work on /opt/miniconda3/envs/airflow/lib/python3.8/site-packages/airflow/example_dags/plugins/listener_plugin.py
[2024-10-04T10:19:45.961+0100] {processor.py:914} INFO - Processing file /opt/miniconda3/envs/airflow/lib/python3.8/site-packages/airflow/example_dags/plugins/listener_plugin.py for tasks to queue
[2024-10-04T10:19:45.961+0100] {logging_mixin.py:190} INFO - [2024-10-04T10:19:45.961+0100] {dagbag.py:588} INFO - Filling up the DagBag from /opt/miniconda3/envs/airflow/lib/python3.8/site-packages/airflow/example_dags/plugins/listener_plugin.py
[2024-10-04T10:19:45.962+0100] {processor.py:927} WARNING - No viable dags retrieved from /opt/miniconda3/envs/airflow/lib/python3.8/site-packages/airflow/example_dags/plugins/listener_plugin.py
[2024-10-04T10:19:46.008+0100] {processor.py:208} INFO - Processing /opt/miniconda3/envs/airflow/lib/python3.8/site-packages/airflow/example_dags/plugins/listener_plugin.py took 0.050 seconds
[2024-10-04T10:20:55.204+0100] {processor.py:186} INFO - Started process (PID=20920) to work on /opt/miniconda3/envs/airflow/lib/python3.8/site-packages/airflow/example_dags/plugins/listener_plugin.py
[2024-10-04T10:20:55.205+0100] {processor.py:914} INFO - Processing file /opt/miniconda3/envs/airflow/lib/python3.8/site-packages/airflow/example_dags/plugins/listener_plugin.py for tasks to queue
[2024-10-04T10:20:55.205+0100] {logging_mixin.py:190} INFO - [2024-10-04T10:20:55.205+0100] {dagbag.py:588} INFO - Filling up the DagBag from /opt/miniconda3/envs/airflow/lib/python3.8/site-packages/airflow/example_dags/plugins/listener_plugin.py
[2024-10-04T10:20:55.206+0100] {processor.py:927} WARNING - No viable dags retrieved from /opt/miniconda3/envs/airflow/lib/python3.8/site-packages/airflow/example_dags/plugins/listener_plugin.py
[2024-10-04T10:20:55.251+0100] {processor.py:208} INFO - Processing /opt/miniconda3/envs/airflow/lib/python3.8/site-packages/airflow/example_dags/plugins/listener_plugin.py took 0.048 seconds
[2024-10-04T10:21:53.313+0100] {processor.py:186} INFO - Started process (PID=20999) to work on /opt/miniconda3/envs/airflow/lib/python3.8/site-packages/airflow/example_dags/plugins/listener_plugin.py
[2024-10-04T10:21:53.314+0100] {processor.py:914} INFO - Processing file /opt/miniconda3/envs/airflow/lib/python3.8/site-packages/airflow/example_dags/plugins/listener_plugin.py for tasks to queue
[2024-10-04T10:21:53.314+0100] {logging_mixin.py:190} INFO - [2024-10-04T10:21:53.314+0100] {dagbag.py:588} INFO - Filling up the DagBag from /opt/miniconda3/envs/airflow/lib/python3.8/site-packages/airflow/example_dags/plugins/listener_plugin.py
[2024-10-04T10:21:53.314+0100] {processor.py:927} WARNING - No viable dags retrieved from /opt/miniconda3/envs/airflow/lib/python3.8/site-packages/airflow/example_dags/plugins/listener_plugin.py
[2024-10-04T10:21:53.361+0100] {processor.py:208} INFO - Processing /opt/miniconda3/envs/airflow/lib/python3.8/site-packages/airflow/example_dags/plugins/listener_plugin.py took 0.050 seconds
[2024-10-04T10:24:11.268+0100] {processor.py:186} INFO - Started process (PID=21095) to work on /opt/miniconda3/envs/airflow/lib/python3.8/site-packages/airflow/example_dags/plugins/listener_plugin.py
[2024-10-04T10:24:11.269+0100] {processor.py:914} INFO - Processing file /opt/miniconda3/envs/airflow/lib/python3.8/site-packages/airflow/example_dags/plugins/listener_plugin.py for tasks to queue
[2024-10-04T10:24:11.269+0100] {logging_mixin.py:190} INFO - [2024-10-04T10:24:11.269+0100] {dagbag.py:588} INFO - Filling up the DagBag from /opt/miniconda3/envs/airflow/lib/python3.8/site-packages/airflow/example_dags/plugins/listener_plugin.py
[2024-10-04T10:24:11.270+0100] {processor.py:927} WARNING - No viable dags retrieved from /opt/miniconda3/envs/airflow/lib/python3.8/site-packages/airflow/example_dags/plugins/listener_plugin.py
[2024-10-04T10:24:11.316+0100] {processor.py:208} INFO - Processing /opt/miniconda3/envs/airflow/lib/python3.8/site-packages/airflow/example_dags/plugins/listener_plugin.py took 0.050 seconds
[2024-10-04T10:25:13.647+0100] {processor.py:186} INFO - Started process (PID=21173) to work on /opt/miniconda3/envs/airflow/lib/python3.8/site-packages/airflow/example_dags/plugins/listener_plugin.py
[2024-10-04T10:25:13.647+0100] {processor.py:914} INFO - Processing file /opt/miniconda3/envs/airflow/lib/python3.8/site-packages/airflow/example_dags/plugins/listener_plugin.py for tasks to queue
[2024-10-04T10:25:13.647+0100] {logging_mixin.py:190} INFO - [2024-10-04T10:25:13.647+0100] {dagbag.py:588} INFO - Filling up the DagBag from /opt/miniconda3/envs/airflow/lib/python3.8/site-packages/airflow/example_dags/plugins/listener_plugin.py
[2024-10-04T10:25:13.648+0100] {processor.py:927} WARNING - No viable dags retrieved from /opt/miniconda3/envs/airflow/lib/python3.8/site-packages/airflow/example_dags/plugins/listener_plugin.py
[2024-10-04T10:25:13.694+0100] {processor.py:208} INFO - Processing /opt/miniconda3/envs/airflow/lib/python3.8/site-packages/airflow/example_dags/plugins/listener_plugin.py took 0.049 seconds
[2024-10-04T10:26:12.001+0100] {processor.py:186} INFO - Started process (PID=21250) to work on /opt/miniconda3/envs/airflow/lib/python3.8/site-packages/airflow/example_dags/plugins/listener_plugin.py
[2024-10-04T10:26:12.001+0100] {processor.py:914} INFO - Processing file /opt/miniconda3/envs/airflow/lib/python3.8/site-packages/airflow/example_dags/plugins/listener_plugin.py for tasks to queue
[2024-10-04T10:26:12.002+0100] {logging_mixin.py:190} INFO - [2024-10-04T10:26:12.002+0100] {dagbag.py:588} INFO - Filling up the DagBag from /opt/miniconda3/envs/airflow/lib/python3.8/site-packages/airflow/example_dags/plugins/listener_plugin.py
[2024-10-04T10:26:12.002+0100] {processor.py:927} WARNING - No viable dags retrieved from /opt/miniconda3/envs/airflow/lib/python3.8/site-packages/airflow/example_dags/plugins/listener_plugin.py
[2024-10-04T10:26:12.050+0100] {processor.py:208} INFO - Processing /opt/miniconda3/envs/airflow/lib/python3.8/site-packages/airflow/example_dags/plugins/listener_plugin.py took 0.050 seconds
[2024-10-04T10:27:08.438+0100] {processor.py:186} INFO - Started process (PID=21326) to work on /opt/miniconda3/envs/airflow/lib/python3.8/site-packages/airflow/example_dags/plugins/listener_plugin.py
[2024-10-04T10:27:08.439+0100] {processor.py:914} INFO - Processing file /opt/miniconda3/envs/airflow/lib/python3.8/site-packages/airflow/example_dags/plugins/listener_plugin.py for tasks to queue
[2024-10-04T10:27:08.439+0100] {logging_mixin.py:190} INFO - [2024-10-04T10:27:08.439+0100] {dagbag.py:588} INFO - Filling up the DagBag from /opt/miniconda3/envs/airflow/lib/python3.8/site-packages/airflow/example_dags/plugins/listener_plugin.py
[2024-10-04T10:27:08.440+0100] {processor.py:927} WARNING - No viable dags retrieved from /opt/miniconda3/envs/airflow/lib/python3.8/site-packages/airflow/example_dags/plugins/listener_plugin.py
[2024-10-04T10:27:08.486+0100] {processor.py:208} INFO - Processing /opt/miniconda3/envs/airflow/lib/python3.8/site-packages/airflow/example_dags/plugins/listener_plugin.py took 0.049 seconds
[2024-10-04T10:28:06.285+0100] {processor.py:186} INFO - Started process (PID=21405) to work on /opt/miniconda3/envs/airflow/lib/python3.8/site-packages/airflow/example_dags/plugins/listener_plugin.py
[2024-10-04T10:28:06.286+0100] {processor.py:914} INFO - Processing file /opt/miniconda3/envs/airflow/lib/python3.8/site-packages/airflow/example_dags/plugins/listener_plugin.py for tasks to queue
[2024-10-04T10:28:06.286+0100] {logging_mixin.py:190} INFO - [2024-10-04T10:28:06.286+0100] {dagbag.py:588} INFO - Filling up the DagBag from /opt/miniconda3/envs/airflow/lib/python3.8/site-packages/airflow/example_dags/plugins/listener_plugin.py
[2024-10-04T10:28:06.287+0100] {processor.py:927} WARNING - No viable dags retrieved from /opt/miniconda3/envs/airflow/lib/python3.8/site-packages/airflow/example_dags/plugins/listener_plugin.py
[2024-10-04T10:28:06.334+0100] {processor.py:208} INFO - Processing /opt/miniconda3/envs/airflow/lib/python3.8/site-packages/airflow/example_dags/plugins/listener_plugin.py took 0.051 seconds
[2024-10-04T10:29:03.403+0100] {processor.py:186} INFO - Started process (PID=21501) to work on /opt/miniconda3/envs/airflow/lib/python3.8/site-packages/airflow/example_dags/plugins/listener_plugin.py
[2024-10-04T10:29:03.404+0100] {processor.py:914} INFO - Processing file /opt/miniconda3/envs/airflow/lib/python3.8/site-packages/airflow/example_dags/plugins/listener_plugin.py for tasks to queue
[2024-10-04T10:29:03.404+0100] {logging_mixin.py:190} INFO - [2024-10-04T10:29:03.404+0100] {dagbag.py:588} INFO - Filling up the DagBag from /opt/miniconda3/envs/airflow/lib/python3.8/site-packages/airflow/example_dags/plugins/listener_plugin.py
[2024-10-04T10:29:03.405+0100] {processor.py:927} WARNING - No viable dags retrieved from /opt/miniconda3/envs/airflow/lib/python3.8/site-packages/airflow/example_dags/plugins/listener_plugin.py
[2024-10-04T10:29:03.452+0100] {processor.py:208} INFO - Processing /opt/miniconda3/envs/airflow/lib/python3.8/site-packages/airflow/example_dags/plugins/listener_plugin.py took 0.050 seconds
[2024-10-04T10:30:01.019+0100] {processor.py:186} INFO - Started process (PID=21592) to work on /opt/miniconda3/envs/airflow/lib/python3.8/site-packages/airflow/example_dags/plugins/listener_plugin.py
[2024-10-04T10:30:01.020+0100] {processor.py:914} INFO - Processing file /opt/miniconda3/envs/airflow/lib/python3.8/site-packages/airflow/example_dags/plugins/listener_plugin.py for tasks to queue
[2024-10-04T10:30:01.021+0100] {logging_mixin.py:190} INFO - [2024-10-04T10:30:01.020+0100] {dagbag.py:588} INFO - Filling up the DagBag from /opt/miniconda3/envs/airflow/lib/python3.8/site-packages/airflow/example_dags/plugins/listener_plugin.py
[2024-10-04T10:30:01.021+0100] {processor.py:927} WARNING - No viable dags retrieved from /opt/miniconda3/envs/airflow/lib/python3.8/site-packages/airflow/example_dags/plugins/listener_plugin.py
[2024-10-04T10:30:01.066+0100] {processor.py:208} INFO - Processing /opt/miniconda3/envs/airflow/lib/python3.8/site-packages/airflow/example_dags/plugins/listener_plugin.py took 0.049 seconds
[2024-10-04T10:30:57.208+0100] {processor.py:186} INFO - Started process (PID=21670) to work on /opt/miniconda3/envs/airflow/lib/python3.8/site-packages/airflow/example_dags/plugins/listener_plugin.py
[2024-10-04T10:30:57.208+0100] {processor.py:914} INFO - Processing file /opt/miniconda3/envs/airflow/lib/python3.8/site-packages/airflow/example_dags/plugins/listener_plugin.py for tasks to queue
[2024-10-04T10:30:57.209+0100] {logging_mixin.py:190} INFO - [2024-10-04T10:30:57.209+0100] {dagbag.py:588} INFO - Filling up the DagBag from /opt/miniconda3/envs/airflow/lib/python3.8/site-packages/airflow/example_dags/plugins/listener_plugin.py
[2024-10-04T10:30:57.209+0100] {processor.py:927} WARNING - No viable dags retrieved from /opt/miniconda3/envs/airflow/lib/python3.8/site-packages/airflow/example_dags/plugins/listener_plugin.py
[2024-10-04T10:30:57.257+0100] {processor.py:208} INFO - Processing /opt/miniconda3/envs/airflow/lib/python3.8/site-packages/airflow/example_dags/plugins/listener_plugin.py took 0.050 seconds
[2024-10-04T10:31:57.199+0100] {processor.py:186} INFO - Started process (PID=21760) to work on /opt/miniconda3/envs/airflow/lib/python3.8/site-packages/airflow/example_dags/plugins/listener_plugin.py
[2024-10-04T10:31:57.200+0100] {processor.py:914} INFO - Processing file /opt/miniconda3/envs/airflow/lib/python3.8/site-packages/airflow/example_dags/plugins/listener_plugin.py for tasks to queue
[2024-10-04T10:31:57.200+0100] {logging_mixin.py:190} INFO - [2024-10-04T10:31:57.200+0100] {dagbag.py:588} INFO - Filling up the DagBag from /opt/miniconda3/envs/airflow/lib/python3.8/site-packages/airflow/example_dags/plugins/listener_plugin.py
[2024-10-04T10:31:57.202+0100] {processor.py:927} WARNING - No viable dags retrieved from /opt/miniconda3/envs/airflow/lib/python3.8/site-packages/airflow/example_dags/plugins/listener_plugin.py
[2024-10-04T10:31:57.248+0100] {processor.py:208} INFO - Processing /opt/miniconda3/envs/airflow/lib/python3.8/site-packages/airflow/example_dags/plugins/listener_plugin.py took 0.050 seconds
[2024-10-04T10:32:57.590+0100] {processor.py:186} INFO - Started process (PID=21847) to work on /opt/miniconda3/envs/airflow/lib/python3.8/site-packages/airflow/example_dags/plugins/listener_plugin.py
[2024-10-04T10:32:57.591+0100] {processor.py:914} INFO - Processing file /opt/miniconda3/envs/airflow/lib/python3.8/site-packages/airflow/example_dags/plugins/listener_plugin.py for tasks to queue
[2024-10-04T10:32:57.591+0100] {logging_mixin.py:190} INFO - [2024-10-04T10:32:57.591+0100] {dagbag.py:588} INFO - Filling up the DagBag from /opt/miniconda3/envs/airflow/lib/python3.8/site-packages/airflow/example_dags/plugins/listener_plugin.py
[2024-10-04T10:32:57.592+0100] {processor.py:927} WARNING - No viable dags retrieved from /opt/miniconda3/envs/airflow/lib/python3.8/site-packages/airflow/example_dags/plugins/listener_plugin.py
[2024-10-04T10:32:57.638+0100] {processor.py:208} INFO - Processing /opt/miniconda3/envs/airflow/lib/python3.8/site-packages/airflow/example_dags/plugins/listener_plugin.py took 0.050 seconds
[2024-10-04T10:34:01.266+0100] {processor.py:186} INFO - Started process (PID=21930) to work on /opt/miniconda3/envs/airflow/lib/python3.8/site-packages/airflow/example_dags/plugins/listener_plugin.py
[2024-10-04T10:34:01.266+0100] {processor.py:914} INFO - Processing file /opt/miniconda3/envs/airflow/lib/python3.8/site-packages/airflow/example_dags/plugins/listener_plugin.py for tasks to queue
[2024-10-04T10:34:01.266+0100] {logging_mixin.py:190} INFO - [2024-10-04T10:34:01.266+0100] {dagbag.py:588} INFO - Filling up the DagBag from /opt/miniconda3/envs/airflow/lib/python3.8/site-packages/airflow/example_dags/plugins/listener_plugin.py
[2024-10-04T10:34:01.267+0100] {processor.py:927} WARNING - No viable dags retrieved from /opt/miniconda3/envs/airflow/lib/python3.8/site-packages/airflow/example_dags/plugins/listener_plugin.py
[2024-10-04T10:34:01.313+0100] {processor.py:208} INFO - Processing /opt/miniconda3/envs/airflow/lib/python3.8/site-packages/airflow/example_dags/plugins/listener_plugin.py took 0.049 seconds
[2024-10-04T10:35:08.700+0100] {processor.py:186} INFO - Started process (PID=22021) to work on /opt/miniconda3/envs/airflow/lib/python3.8/site-packages/airflow/example_dags/plugins/listener_plugin.py
[2024-10-04T10:35:08.700+0100] {processor.py:914} INFO - Processing file /opt/miniconda3/envs/airflow/lib/python3.8/site-packages/airflow/example_dags/plugins/listener_plugin.py for tasks to queue
[2024-10-04T10:35:08.700+0100] {logging_mixin.py:190} INFO - [2024-10-04T10:35:08.700+0100] {dagbag.py:588} INFO - Filling up the DagBag from /opt/miniconda3/envs/airflow/lib/python3.8/site-packages/airflow/example_dags/plugins/listener_plugin.py
[2024-10-04T10:35:08.701+0100] {processor.py:927} WARNING - No viable dags retrieved from /opt/miniconda3/envs/airflow/lib/python3.8/site-packages/airflow/example_dags/plugins/listener_plugin.py
[2024-10-04T10:35:08.749+0100] {processor.py:208} INFO - Processing /opt/miniconda3/envs/airflow/lib/python3.8/site-packages/airflow/example_dags/plugins/listener_plugin.py took 0.051 seconds
[2024-10-04T10:36:15.667+0100] {processor.py:186} INFO - Started process (PID=22101) to work on /opt/miniconda3/envs/airflow/lib/python3.8/site-packages/airflow/example_dags/plugins/listener_plugin.py
[2024-10-04T10:36:15.667+0100] {processor.py:914} INFO - Processing file /opt/miniconda3/envs/airflow/lib/python3.8/site-packages/airflow/example_dags/plugins/listener_plugin.py for tasks to queue
[2024-10-04T10:36:15.667+0100] {logging_mixin.py:190} INFO - [2024-10-04T10:36:15.667+0100] {dagbag.py:588} INFO - Filling up the DagBag from /opt/miniconda3/envs/airflow/lib/python3.8/site-packages/airflow/example_dags/plugins/listener_plugin.py
[2024-10-04T10:36:15.668+0100] {processor.py:927} WARNING - No viable dags retrieved from /opt/miniconda3/envs/airflow/lib/python3.8/site-packages/airflow/example_dags/plugins/listener_plugin.py
[2024-10-04T10:36:15.714+0100] {processor.py:208} INFO - Processing /opt/miniconda3/envs/airflow/lib/python3.8/site-packages/airflow/example_dags/plugins/listener_plugin.py took 0.048 seconds
[2024-10-04T10:37:22.851+0100] {processor.py:186} INFO - Started process (PID=22183) to work on /opt/miniconda3/envs/airflow/lib/python3.8/site-packages/airflow/example_dags/plugins/listener_plugin.py
[2024-10-04T10:37:22.853+0100] {processor.py:914} INFO - Processing file /opt/miniconda3/envs/airflow/lib/python3.8/site-packages/airflow/example_dags/plugins/listener_plugin.py for tasks to queue
[2024-10-04T10:37:22.853+0100] {logging_mixin.py:190} INFO - [2024-10-04T10:37:22.853+0100] {dagbag.py:588} INFO - Filling up the DagBag from /opt/miniconda3/envs/airflow/lib/python3.8/site-packages/airflow/example_dags/plugins/listener_plugin.py
[2024-10-04T10:37:22.853+0100] {processor.py:927} WARNING - No viable dags retrieved from /opt/miniconda3/envs/airflow/lib/python3.8/site-packages/airflow/example_dags/plugins/listener_plugin.py
[2024-10-04T10:37:22.899+0100] {processor.py:208} INFO - Processing /opt/miniconda3/envs/airflow/lib/python3.8/site-packages/airflow/example_dags/plugins/listener_plugin.py took 0.049 seconds
