[2024-10-05T01:26:29.943+0100] {local_task_job_runner.py:123} INFO - ::group::Pre task execution logs
[2024-10-05T01:26:29.946+0100] {taskinstance.py:2612} INFO - Dependencies all met for dep_context=non-requeueable deps ti=<TaskInstance: executing_multiple_tasks_3.taskG scheduled__2024-10-04T00:00:00+00:00 [queued]>
[2024-10-05T01:26:29.948+0100] {taskinstance.py:2612} INFO - Dependencies all met for dep_context=requeueable deps ti=<TaskInstance: executing_multiple_tasks_3.taskG scheduled__2024-10-04T00:00:00+00:00 [queued]>
[2024-10-05T01:26:29.948+0100] {taskinstance.py:2865} INFO - Starting attempt 1 of 1
[2024-10-05T01:26:29.952+0100] {taskinstance.py:2888} INFO - Executing <Task(BashOperator): taskG> on 2024-10-04 00:00:00+00:00
[2024-10-05T01:26:29.954+0100] {standard_task_runner.py:72} INFO - Started process 29356 to run task
[2024-10-05T01:26:29.956+0100] {standard_task_runner.py:104} INFO - Running: ['airflow', 'tasks', 'run', 'executing_multiple_tasks_3', 'taskG', 'scheduled__2024-10-04T00:00:00+00:00', '--job-id', '65', '--raw', '--subdir', 'DAGS_FOLDER/execute_multiple_3.py', '--cfg-path', '/var/folders/nl/1x330z2x7yzb268yb0bbvjcr0000gn/T/tmp_ebylqdy']
[2024-10-05T01:26:29.957+0100] {standard_task_runner.py:105} INFO - Job 65: Subtask taskG
[2024-10-05T01:26:29.969+0100] {task_command.py:467} INFO - Running <TaskInstance: executing_multiple_tasks_3.taskG scheduled__2024-10-04T00:00:00+00:00 [running]> on host mujtabas-macbook-pro.local
[2024-10-05T01:26:29.985+0100] {taskinstance.py:3131} INFO - Exporting env vars: AIRFLOW_CTX_DAG_OWNER='ali' AIRFLOW_CTX_DAG_ID='executing_multiple_tasks_3' AIRFLOW_CTX_TASK_ID='taskG' AIRFLOW_CTX_EXECUTION_DATE='2024-10-04T00:00:00+00:00' AIRFLOW_CTX_TRY_NUMBER='1' AIRFLOW_CTX_DAG_RUN_ID='scheduled__2024-10-04T00:00:00+00:00'
[2024-10-05T01:26:29.986+0100] {taskinstance.py:731} INFO - ::endgroup::
[2024-10-05T01:26:29.991+0100] {subprocess.py:63} INFO - Tmp dir root location: /var/folders/nl/1x330z2x7yzb268yb0bbvjcr0000gn/T
[2024-10-05T01:26:29.991+0100] {subprocess.py:75} INFO - Running command: ['/bin/bash', '-c', 'echo TASK G completed!']
[2024-10-05T01:26:29.993+0100] {subprocess.py:86} INFO - Output:
[2024-10-05T01:26:29.995+0100] {subprocess.py:93} INFO - TASK G completed!
[2024-10-05T01:26:29.995+0100] {subprocess.py:97} INFO - Command exited with return code 0
[2024-10-05T01:26:30.000+0100] {taskinstance.py:340} INFO - ::group::Post task execution logs
[2024-10-05T01:26:30.000+0100] {taskinstance.py:352} INFO - Marking task as SUCCESS. dag_id=executing_multiple_tasks_3, task_id=taskG, run_id=scheduled__2024-10-04T00:00:00+00:00, execution_date=20241004T000000, start_date=20241005T002629, end_date=20241005T002630
[2024-10-05T01:26:30.030+0100] {local_task_job_runner.py:266} INFO - Task exited with return code 0
[2024-10-05T01:26:30.034+0100] {taskinstance.py:3900} INFO - 0 downstream tasks scheduled from follow-on schedule check
[2024-10-05T01:26:30.034+0100] {local_task_job_runner.py:245} INFO - ::endgroup::
