[2024-10-16T14:14:32.768+0100] {local_task_job_runner.py:123} INFO - ::group::Pre task execution logs
[2024-10-16T14:14:32.772+0100] {taskinstance.py:2612} INFO - Dependencies all met for dep_context=non-requeueable deps ti=<TaskInstance: executing_sql_pipeline_2.display_result scheduled__2024-10-15T00:00:00+00:00 [queued]>
[2024-10-16T14:14:32.774+0100] {taskinstance.py:2612} INFO - Dependencies all met for dep_context=requeueable deps ti=<TaskInstance: executing_sql_pipeline_2.display_result scheduled__2024-10-15T00:00:00+00:00 [queued]>
[2024-10-16T14:14:32.774+0100] {taskinstance.py:2865} INFO - Starting attempt 1 of 1
[2024-10-16T14:14:32.778+0100] {taskinstance.py:2888} INFO - Executing <Task(SqliteOperator): display_result> on 2024-10-15 00:00:00+00:00
[2024-10-16T14:14:32.780+0100] {standard_task_runner.py:72} INFO - Started process 71918 to run task
[2024-10-16T14:14:32.783+0100] {standard_task_runner.py:104} INFO - Running: ['airflow', 'tasks', 'run', 'executing_sql_pipeline_2', 'display_result', 'scheduled__2024-10-15T00:00:00+00:00', '--job-id', '212', '--raw', '--subdir', 'DAGS_FOLDER/sql_pipeline_multiple_2.py', '--cfg-path', '/var/folders/nl/1x330z2x7yzb268yb0bbvjcr0000gn/T/tmpmheclp6x']
[2024-10-16T14:14:32.784+0100] {standard_task_runner.py:105} INFO - Job 212: Subtask display_result
[2024-10-16T14:14:32.796+0100] {task_command.py:467} INFO - Running <TaskInstance: executing_sql_pipeline_2.display_result scheduled__2024-10-15T00:00:00+00:00 [running]> on host mujtabas-macbook-pro.local
[2024-10-16T14:14:32.816+0100] {taskinstance.py:3131} INFO - Exporting env vars: AIRFLOW_CTX_DAG_OWNER='ali' AIRFLOW_CTX_DAG_ID='executing_sql_pipeline_2' AIRFLOW_CTX_TASK_ID='display_result' AIRFLOW_CTX_EXECUTION_DATE='2024-10-15T00:00:00+00:00' AIRFLOW_CTX_TRY_NUMBER='1' AIRFLOW_CTX_DAG_RUN_ID='scheduled__2024-10-15T00:00:00+00:00'
[2024-10-16T14:14:32.816+0100] {taskinstance.py:731} INFO - ::endgroup::
[2024-10-16T14:14:32.821+0100] {sql.py:266} INFO - Executing: SELECT * FROM users
[2024-10-16T14:14:32.823+0100] {base.py:84} INFO - Retrieving connection 'my_sqlite_conn'
[2024-10-16T14:14:32.834+0100] {base.py:84} INFO - Retrieving connection 'my_sqlite_conn'
[2024-10-16T14:14:32.834+0100] {sql.py:509} INFO - Running statement: SELECT * FROM users, parameters: None
[2024-10-16T14:14:32.838+0100] {taskinstance.py:340} INFO - ::group::Post task execution logs
[2024-10-16T14:14:32.838+0100] {taskinstance.py:352} INFO - Marking task as SUCCESS. dag_id=executing_sql_pipeline_2, task_id=display_result, run_id=scheduled__2024-10-15T00:00:00+00:00, execution_date=20241015T000000, start_date=20241016T131432, end_date=20241016T131432
[2024-10-16T14:14:32.845+0100] {local_task_job_runner.py:266} INFO - Task exited with return code 0
[2024-10-16T14:14:32.849+0100] {taskinstance.py:3900} INFO - 0 downstream tasks scheduled from follow-on schedule check
[2024-10-16T14:14:32.849+0100] {local_task_job_runner.py:245} INFO - ::endgroup::
