[2024-10-17T21:51:06.625+0100] {local_task_job_runner.py:123} INFO - ::group::Pre task execution logs
[2024-10-17T21:51:06.629+0100] {taskinstance.py:2612} INFO - Dependencies all met for dep_context=non-requeueable deps ti=<TaskInstance: cron_catchup_backfill_2.taskBranch scheduled__2024-09-21T12:00:00+00:00 [queued]>
[2024-10-17T21:51:06.631+0100] {taskinstance.py:2612} INFO - Dependencies all met for dep_context=requeueable deps ti=<TaskInstance: cron_catchup_backfill_2.taskBranch scheduled__2024-09-21T12:00:00+00:00 [queued]>
[2024-10-17T21:51:06.631+0100] {taskinstance.py:2865} INFO - Starting attempt 1 of 1
[2024-10-17T21:51:06.635+0100] {taskinstance.py:2888} INFO - Executing <Task(BranchPythonOperator): taskBranch> on 2024-09-21 12:00:00+00:00
[2024-10-17T21:51:06.637+0100] {standard_task_runner.py:72} INFO - Started process 5816 to run task
[2024-10-17T21:51:06.640+0100] {standard_task_runner.py:104} INFO - Running: ['airflow', 'tasks', 'run', 'cron_catchup_backfill_2', 'taskBranch', 'scheduled__2024-09-21T12:00:00+00:00', '--job-id', '295', '--raw', '--subdir', 'DAGS_FOLDER/cron_catchup_backfill_2.py', '--cfg-path', '/var/folders/nl/1x330z2x7yzb268yb0bbvjcr0000gn/T/tmpd2by89hr']
[2024-10-17T21:51:06.641+0100] {standard_task_runner.py:105} INFO - Job 295: Subtask taskBranch
[2024-10-17T21:51:06.654+0100] {task_command.py:467} INFO - Running <TaskInstance: cron_catchup_backfill_2.taskBranch scheduled__2024-09-21T12:00:00+00:00 [running]> on host mujtabas-macbook-pro.local
[2024-10-17T21:51:06.675+0100] {taskinstance.py:3131} INFO - Exporting env vars: AIRFLOW_CTX_DAG_OWNER='ali' AIRFLOW_CTX_DAG_ID='cron_catchup_backfill_2' AIRFLOW_CTX_TASK_ID='taskBranch' AIRFLOW_CTX_EXECUTION_DATE='2024-09-21T12:00:00+00:00' AIRFLOW_CTX_TRY_NUMBER='1' AIRFLOW_CTX_DAG_RUN_ID='scheduled__2024-09-21T12:00:00+00:00'
[2024-10-17T21:51:06.675+0100] {taskinstance.py:731} INFO - ::endgroup::
[2024-10-17T21:51:06.680+0100] {baseoperator.py:405} WARNING - BranchPythonOperator.execute cannot be called outside TaskInstance!
[2024-10-17T21:51:06.682+0100] {python.py:240} INFO - Done. Returned value was: taskD
[2024-10-17T21:51:06.682+0100] {branch.py:38} INFO - Branch into taskD
[2024-10-17T21:51:06.682+0100] {skipmixin.py:230} INFO - Following branch {'taskD'}
[2024-10-17T21:51:06.683+0100] {skipmixin.py:278} INFO - Skipping tasks [('taskE', -1), ('taskC', -1)]
[2024-10-17T21:51:06.689+0100] {taskinstance.py:340} INFO - ::group::Post task execution logs
[2024-10-17T21:51:06.689+0100] {taskinstance.py:352} INFO - Marking task as SUCCESS. dag_id=cron_catchup_backfill_2, task_id=taskBranch, run_id=scheduled__2024-09-21T12:00:00+00:00, execution_date=20240921T120000, start_date=20241017T205106, end_date=20241017T205106
[2024-10-17T21:51:06.701+0100] {local_task_job_runner.py:266} INFO - Task exited with return code 0
[2024-10-17T21:51:06.708+0100] {taskinstance.py:3900} INFO - 0 downstream tasks scheduled from follow-on schedule check
[2024-10-17T21:51:06.709+0100] {local_task_job_runner.py:245} INFO - ::endgroup::
