[2024-10-03T23:03:48.922+0100] {processor.py:186} INFO - Started process (PID=16153) to work on /opt/miniconda3/envs/airflow/lib/python3.8/site-packages/airflow/example_dags/plugins/event_listener.py
[2024-10-03T23:03:48.922+0100] {processor.py:914} INFO - Processing file /opt/miniconda3/envs/airflow/lib/python3.8/site-packages/airflow/example_dags/plugins/event_listener.py for tasks to queue
[2024-10-03T23:03:48.923+0100] {logging_mixin.py:190} INFO - [2024-10-03T23:03:48.923+0100] {dagbag.py:588} INFO - Filling up the DagBag from /opt/miniconda3/envs/airflow/lib/python3.8/site-packages/airflow/example_dags/plugins/event_listener.py
[2024-10-03T23:03:48.923+0100] {processor.py:927} WARNING - No viable dags retrieved from /opt/miniconda3/envs/airflow/lib/python3.8/site-packages/airflow/example_dags/plugins/event_listener.py
[2024-10-03T23:03:48.973+0100] {processor.py:208} INFO - Processing /opt/miniconda3/envs/airflow/lib/python3.8/site-packages/airflow/example_dags/plugins/event_listener.py took 0.053 seconds
[2024-10-03T23:05:22.469+0100] {processor.py:186} INFO - Started process (PID=16330) to work on /opt/miniconda3/envs/airflow/lib/python3.8/site-packages/airflow/example_dags/plugins/event_listener.py
[2024-10-03T23:05:22.470+0100] {processor.py:914} INFO - Processing file /opt/miniconda3/envs/airflow/lib/python3.8/site-packages/airflow/example_dags/plugins/event_listener.py for tasks to queue
[2024-10-03T23:05:22.470+0100] {logging_mixin.py:190} INFO - [2024-10-03T23:05:22.470+0100] {dagbag.py:588} INFO - Filling up the DagBag from /opt/miniconda3/envs/airflow/lib/python3.8/site-packages/airflow/example_dags/plugins/event_listener.py
[2024-10-03T23:05:22.471+0100] {processor.py:927} WARNING - No viable dags retrieved from /opt/miniconda3/envs/airflow/lib/python3.8/site-packages/airflow/example_dags/plugins/event_listener.py
[2024-10-03T23:05:22.517+0100] {processor.py:208} INFO - Processing /opt/miniconda3/envs/airflow/lib/python3.8/site-packages/airflow/example_dags/plugins/event_listener.py took 0.049 seconds
[2024-10-03T23:06:26.736+0100] {processor.py:186} INFO - Started process (PID=16414) to work on /opt/miniconda3/envs/airflow/lib/python3.8/site-packages/airflow/example_dags/plugins/event_listener.py
[2024-10-03T23:06:26.737+0100] {processor.py:914} INFO - Processing file /opt/miniconda3/envs/airflow/lib/python3.8/site-packages/airflow/example_dags/plugins/event_listener.py for tasks to queue
[2024-10-03T23:06:26.738+0100] {logging_mixin.py:190} INFO - [2024-10-03T23:06:26.738+0100] {dagbag.py:588} INFO - Filling up the DagBag from /opt/miniconda3/envs/airflow/lib/python3.8/site-packages/airflow/example_dags/plugins/event_listener.py
[2024-10-03T23:06:26.738+0100] {processor.py:927} WARNING - No viable dags retrieved from /opt/miniconda3/envs/airflow/lib/python3.8/site-packages/airflow/example_dags/plugins/event_listener.py
[2024-10-03T23:06:26.786+0100] {processor.py:208} INFO - Processing /opt/miniconda3/envs/airflow/lib/python3.8/site-packages/airflow/example_dags/plugins/event_listener.py took 0.052 seconds
[2024-10-03T23:07:29.241+0100] {processor.py:186} INFO - Started process (PID=16511) to work on /opt/miniconda3/envs/airflow/lib/python3.8/site-packages/airflow/example_dags/plugins/event_listener.py
[2024-10-03T23:07:29.242+0100] {processor.py:914} INFO - Processing file /opt/miniconda3/envs/airflow/lib/python3.8/site-packages/airflow/example_dags/plugins/event_listener.py for tasks to queue
[2024-10-03T23:07:29.242+0100] {logging_mixin.py:190} INFO - [2024-10-03T23:07:29.242+0100] {dagbag.py:588} INFO - Filling up the DagBag from /opt/miniconda3/envs/airflow/lib/python3.8/site-packages/airflow/example_dags/plugins/event_listener.py
[2024-10-03T23:07:29.242+0100] {processor.py:927} WARNING - No viable dags retrieved from /opt/miniconda3/envs/airflow/lib/python3.8/site-packages/airflow/example_dags/plugins/event_listener.py
[2024-10-03T23:07:29.288+0100] {processor.py:208} INFO - Processing /opt/miniconda3/envs/airflow/lib/python3.8/site-packages/airflow/example_dags/plugins/event_listener.py took 0.048 seconds
[2024-10-03T23:08:26.664+0100] {processor.py:186} INFO - Started process (PID=16592) to work on /opt/miniconda3/envs/airflow/lib/python3.8/site-packages/airflow/example_dags/plugins/event_listener.py
[2024-10-03T23:08:26.665+0100] {processor.py:914} INFO - Processing file /opt/miniconda3/envs/airflow/lib/python3.8/site-packages/airflow/example_dags/plugins/event_listener.py for tasks to queue
[2024-10-03T23:08:26.666+0100] {logging_mixin.py:190} INFO - [2024-10-03T23:08:26.666+0100] {dagbag.py:588} INFO - Filling up the DagBag from /opt/miniconda3/envs/airflow/lib/python3.8/site-packages/airflow/example_dags/plugins/event_listener.py
[2024-10-03T23:08:26.666+0100] {processor.py:927} WARNING - No viable dags retrieved from /opt/miniconda3/envs/airflow/lib/python3.8/site-packages/airflow/example_dags/plugins/event_listener.py
[2024-10-03T23:08:26.714+0100] {processor.py:208} INFO - Processing /opt/miniconda3/envs/airflow/lib/python3.8/site-packages/airflow/example_dags/plugins/event_listener.py took 0.051 seconds
[2024-10-03T23:09:22.008+0100] {processor.py:186} INFO - Started process (PID=16673) to work on /opt/miniconda3/envs/airflow/lib/python3.8/site-packages/airflow/example_dags/plugins/event_listener.py
[2024-10-03T23:09:22.009+0100] {processor.py:914} INFO - Processing file /opt/miniconda3/envs/airflow/lib/python3.8/site-packages/airflow/example_dags/plugins/event_listener.py for tasks to queue
[2024-10-03T23:09:22.009+0100] {logging_mixin.py:190} INFO - [2024-10-03T23:09:22.009+0100] {dagbag.py:588} INFO - Filling up the DagBag from /opt/miniconda3/envs/airflow/lib/python3.8/site-packages/airflow/example_dags/plugins/event_listener.py
[2024-10-03T23:09:22.009+0100] {processor.py:927} WARNING - No viable dags retrieved from /opt/miniconda3/envs/airflow/lib/python3.8/site-packages/airflow/example_dags/plugins/event_listener.py
[2024-10-03T23:09:22.054+0100] {processor.py:208} INFO - Processing /opt/miniconda3/envs/airflow/lib/python3.8/site-packages/airflow/example_dags/plugins/event_listener.py took 0.047 seconds
[2024-10-03T23:10:23.528+0100] {processor.py:186} INFO - Started process (PID=16757) to work on /opt/miniconda3/envs/airflow/lib/python3.8/site-packages/airflow/example_dags/plugins/event_listener.py
[2024-10-03T23:10:23.529+0100] {processor.py:914} INFO - Processing file /opt/miniconda3/envs/airflow/lib/python3.8/site-packages/airflow/example_dags/plugins/event_listener.py for tasks to queue
[2024-10-03T23:10:23.530+0100] {logging_mixin.py:190} INFO - [2024-10-03T23:10:23.530+0100] {dagbag.py:588} INFO - Filling up the DagBag from /opt/miniconda3/envs/airflow/lib/python3.8/site-packages/airflow/example_dags/plugins/event_listener.py
[2024-10-03T23:10:23.530+0100] {processor.py:927} WARNING - No viable dags retrieved from /opt/miniconda3/envs/airflow/lib/python3.8/site-packages/airflow/example_dags/plugins/event_listener.py
[2024-10-03T23:10:23.576+0100] {processor.py:208} INFO - Processing /opt/miniconda3/envs/airflow/lib/python3.8/site-packages/airflow/example_dags/plugins/event_listener.py took 0.049 seconds
[2024-10-03T23:11:30.965+0100] {processor.py:186} INFO - Started process (PID=16837) to work on /opt/miniconda3/envs/airflow/lib/python3.8/site-packages/airflow/example_dags/plugins/event_listener.py
[2024-10-03T23:11:30.966+0100] {processor.py:914} INFO - Processing file /opt/miniconda3/envs/airflow/lib/python3.8/site-packages/airflow/example_dags/plugins/event_listener.py for tasks to queue
[2024-10-03T23:11:30.966+0100] {logging_mixin.py:190} INFO - [2024-10-03T23:11:30.966+0100] {dagbag.py:588} INFO - Filling up the DagBag from /opt/miniconda3/envs/airflow/lib/python3.8/site-packages/airflow/example_dags/plugins/event_listener.py
[2024-10-03T23:11:30.967+0100] {processor.py:927} WARNING - No viable dags retrieved from /opt/miniconda3/envs/airflow/lib/python3.8/site-packages/airflow/example_dags/plugins/event_listener.py
[2024-10-03T23:11:31.012+0100] {processor.py:208} INFO - Processing /opt/miniconda3/envs/airflow/lib/python3.8/site-packages/airflow/example_dags/plugins/event_listener.py took 0.048 seconds
[2024-10-03T23:34:30.512+0100] {processor.py:186} INFO - Started process (PID=16933) to work on /opt/miniconda3/envs/airflow/lib/python3.8/site-packages/airflow/example_dags/plugins/event_listener.py
[2024-10-03T23:34:30.514+0100] {processor.py:914} INFO - Processing file /opt/miniconda3/envs/airflow/lib/python3.8/site-packages/airflow/example_dags/plugins/event_listener.py for tasks to queue
[2024-10-03T23:34:30.514+0100] {logging_mixin.py:190} INFO - [2024-10-03T23:34:30.514+0100] {dagbag.py:588} INFO - Filling up the DagBag from /opt/miniconda3/envs/airflow/lib/python3.8/site-packages/airflow/example_dags/plugins/event_listener.py
[2024-10-03T23:34:30.514+0100] {processor.py:927} WARNING - No viable dags retrieved from /opt/miniconda3/envs/airflow/lib/python3.8/site-packages/airflow/example_dags/plugins/event_listener.py
[2024-10-03T23:34:30.559+0100] {processor.py:208} INFO - Processing /opt/miniconda3/envs/airflow/lib/python3.8/site-packages/airflow/example_dags/plugins/event_listener.py took 0.048 seconds
[2024-10-03T23:35:27.142+0100] {processor.py:186} INFO - Started process (PID=17007) to work on /opt/miniconda3/envs/airflow/lib/python3.8/site-packages/airflow/example_dags/plugins/event_listener.py
[2024-10-03T23:35:27.142+0100] {processor.py:914} INFO - Processing file /opt/miniconda3/envs/airflow/lib/python3.8/site-packages/airflow/example_dags/plugins/event_listener.py for tasks to queue
[2024-10-03T23:35:27.142+0100] {logging_mixin.py:190} INFO - [2024-10-03T23:35:27.142+0100] {dagbag.py:588} INFO - Filling up the DagBag from /opt/miniconda3/envs/airflow/lib/python3.8/site-packages/airflow/example_dags/plugins/event_listener.py
[2024-10-03T23:35:27.143+0100] {processor.py:927} WARNING - No viable dags retrieved from /opt/miniconda3/envs/airflow/lib/python3.8/site-packages/airflow/example_dags/plugins/event_listener.py
[2024-10-03T23:35:27.187+0100] {processor.py:208} INFO - Processing /opt/miniconda3/envs/airflow/lib/python3.8/site-packages/airflow/example_dags/plugins/event_listener.py took 0.047 seconds
[2024-10-03T23:36:27.927+0100] {processor.py:186} INFO - Started process (PID=17085) to work on /opt/miniconda3/envs/airflow/lib/python3.8/site-packages/airflow/example_dags/plugins/event_listener.py
[2024-10-03T23:36:27.928+0100] {processor.py:914} INFO - Processing file /opt/miniconda3/envs/airflow/lib/python3.8/site-packages/airflow/example_dags/plugins/event_listener.py for tasks to queue
[2024-10-03T23:36:27.928+0100] {logging_mixin.py:190} INFO - [2024-10-03T23:36:27.928+0100] {dagbag.py:588} INFO - Filling up the DagBag from /opt/miniconda3/envs/airflow/lib/python3.8/site-packages/airflow/example_dags/plugins/event_listener.py
[2024-10-03T23:36:27.928+0100] {processor.py:927} WARNING - No viable dags retrieved from /opt/miniconda3/envs/airflow/lib/python3.8/site-packages/airflow/example_dags/plugins/event_listener.py
[2024-10-03T23:36:27.974+0100] {processor.py:208} INFO - Processing /opt/miniconda3/envs/airflow/lib/python3.8/site-packages/airflow/example_dags/plugins/event_listener.py took 0.048 seconds
[2024-10-03T23:43:28.742+0100] {processor.py:186} INFO - Started process (PID=17171) to work on /opt/miniconda3/envs/airflow/lib/python3.8/site-packages/airflow/example_dags/plugins/event_listener.py
[2024-10-03T23:43:28.742+0100] {processor.py:914} INFO - Processing file /opt/miniconda3/envs/airflow/lib/python3.8/site-packages/airflow/example_dags/plugins/event_listener.py for tasks to queue
[2024-10-03T23:43:28.742+0100] {logging_mixin.py:190} INFO - [2024-10-03T23:43:28.742+0100] {dagbag.py:588} INFO - Filling up the DagBag from /opt/miniconda3/envs/airflow/lib/python3.8/site-packages/airflow/example_dags/plugins/event_listener.py
[2024-10-03T23:43:28.743+0100] {processor.py:927} WARNING - No viable dags retrieved from /opt/miniconda3/envs/airflow/lib/python3.8/site-packages/airflow/example_dags/plugins/event_listener.py
[2024-10-03T23:43:28.788+0100] {processor.py:208} INFO - Processing /opt/miniconda3/envs/airflow/lib/python3.8/site-packages/airflow/example_dags/plugins/event_listener.py took 0.047 seconds
