[2024-10-03T23:03:47.962+0100] {processor.py:186} INFO - Started process (PID=16151) to work on /opt/miniconda3/envs/airflow/lib/python3.8/site-packages/airflow/example_dags/plugins/listener_plugin.py
[2024-10-03T23:03:47.963+0100] {processor.py:914} INFO - Processing file /opt/miniconda3/envs/airflow/lib/python3.8/site-packages/airflow/example_dags/plugins/listener_plugin.py for tasks to queue
[2024-10-03T23:03:47.963+0100] {logging_mixin.py:190} INFO - [2024-10-03T23:03:47.963+0100] {dagbag.py:588} INFO - Filling up the DagBag from /opt/miniconda3/envs/airflow/lib/python3.8/site-packages/airflow/example_dags/plugins/listener_plugin.py
[2024-10-03T23:03:47.964+0100] {processor.py:927} WARNING - No viable dags retrieved from /opt/miniconda3/envs/airflow/lib/python3.8/site-packages/airflow/example_dags/plugins/listener_plugin.py
[2024-10-03T23:03:48.010+0100] {processor.py:208} INFO - Processing /opt/miniconda3/envs/airflow/lib/python3.8/site-packages/airflow/example_dags/plugins/listener_plugin.py took 0.049 seconds
[2024-10-03T23:05:20.752+0100] {processor.py:186} INFO - Started process (PID=16328) to work on /opt/miniconda3/envs/airflow/lib/python3.8/site-packages/airflow/example_dags/plugins/listener_plugin.py
[2024-10-03T23:05:20.753+0100] {processor.py:914} INFO - Processing file /opt/miniconda3/envs/airflow/lib/python3.8/site-packages/airflow/example_dags/plugins/listener_plugin.py for tasks to queue
[2024-10-03T23:05:20.753+0100] {logging_mixin.py:190} INFO - [2024-10-03T23:05:20.753+0100] {dagbag.py:588} INFO - Filling up the DagBag from /opt/miniconda3/envs/airflow/lib/python3.8/site-packages/airflow/example_dags/plugins/listener_plugin.py
[2024-10-03T23:05:20.755+0100] {processor.py:927} WARNING - No viable dags retrieved from /opt/miniconda3/envs/airflow/lib/python3.8/site-packages/airflow/example_dags/plugins/listener_plugin.py
[2024-10-03T23:05:20.802+0100] {processor.py:208} INFO - Processing /opt/miniconda3/envs/airflow/lib/python3.8/site-packages/airflow/example_dags/plugins/listener_plugin.py took 0.052 seconds
[2024-10-03T23:06:25.021+0100] {processor.py:186} INFO - Started process (PID=16411) to work on /opt/miniconda3/envs/airflow/lib/python3.8/site-packages/airflow/example_dags/plugins/listener_plugin.py
[2024-10-03T23:06:25.021+0100] {processor.py:914} INFO - Processing file /opt/miniconda3/envs/airflow/lib/python3.8/site-packages/airflow/example_dags/plugins/listener_plugin.py for tasks to queue
[2024-10-03T23:06:25.022+0100] {logging_mixin.py:190} INFO - [2024-10-03T23:06:25.021+0100] {dagbag.py:588} INFO - Filling up the DagBag from /opt/miniconda3/envs/airflow/lib/python3.8/site-packages/airflow/example_dags/plugins/listener_plugin.py
[2024-10-03T23:06:25.022+0100] {processor.py:927} WARNING - No viable dags retrieved from /opt/miniconda3/envs/airflow/lib/python3.8/site-packages/airflow/example_dags/plugins/listener_plugin.py
[2024-10-03T23:06:25.072+0100] {processor.py:208} INFO - Processing /opt/miniconda3/envs/airflow/lib/python3.8/site-packages/airflow/example_dags/plugins/listener_plugin.py took 0.054 seconds
[2024-10-03T23:07:27.534+0100] {processor.py:186} INFO - Started process (PID=16509) to work on /opt/miniconda3/envs/airflow/lib/python3.8/site-packages/airflow/example_dags/plugins/listener_plugin.py
[2024-10-03T23:07:27.534+0100] {processor.py:914} INFO - Processing file /opt/miniconda3/envs/airflow/lib/python3.8/site-packages/airflow/example_dags/plugins/listener_plugin.py for tasks to queue
[2024-10-03T23:07:27.534+0100] {logging_mixin.py:190} INFO - [2024-10-03T23:07:27.534+0100] {dagbag.py:588} INFO - Filling up the DagBag from /opt/miniconda3/envs/airflow/lib/python3.8/site-packages/airflow/example_dags/plugins/listener_plugin.py
[2024-10-03T23:07:27.536+0100] {processor.py:927} WARNING - No viable dags retrieved from /opt/miniconda3/envs/airflow/lib/python3.8/site-packages/airflow/example_dags/plugins/listener_plugin.py
[2024-10-03T23:07:27.581+0100] {processor.py:208} INFO - Processing /opt/miniconda3/envs/airflow/lib/python3.8/site-packages/airflow/example_dags/plugins/listener_plugin.py took 0.049 seconds
[2024-10-03T23:08:24.965+0100] {processor.py:186} INFO - Started process (PID=16590) to work on /opt/miniconda3/envs/airflow/lib/python3.8/site-packages/airflow/example_dags/plugins/listener_plugin.py
[2024-10-03T23:08:24.966+0100] {processor.py:914} INFO - Processing file /opt/miniconda3/envs/airflow/lib/python3.8/site-packages/airflow/example_dags/plugins/listener_plugin.py for tasks to queue
[2024-10-03T23:08:24.967+0100] {logging_mixin.py:190} INFO - [2024-10-03T23:08:24.966+0100] {dagbag.py:588} INFO - Filling up the DagBag from /opt/miniconda3/envs/airflow/lib/python3.8/site-packages/airflow/example_dags/plugins/listener_plugin.py
[2024-10-03T23:08:24.967+0100] {processor.py:927} WARNING - No viable dags retrieved from /opt/miniconda3/envs/airflow/lib/python3.8/site-packages/airflow/example_dags/plugins/listener_plugin.py
[2024-10-03T23:08:25.017+0100] {processor.py:208} INFO - Processing /opt/miniconda3/envs/airflow/lib/python3.8/site-packages/airflow/example_dags/plugins/listener_plugin.py took 0.054 seconds
[2024-10-03T23:09:20.331+0100] {processor.py:186} INFO - Started process (PID=16671) to work on /opt/miniconda3/envs/airflow/lib/python3.8/site-packages/airflow/example_dags/plugins/listener_plugin.py
[2024-10-03T23:09:20.332+0100] {processor.py:914} INFO - Processing file /opt/miniconda3/envs/airflow/lib/python3.8/site-packages/airflow/example_dags/plugins/listener_plugin.py for tasks to queue
[2024-10-03T23:09:20.332+0100] {logging_mixin.py:190} INFO - [2024-10-03T23:09:20.332+0100] {dagbag.py:588} INFO - Filling up the DagBag from /opt/miniconda3/envs/airflow/lib/python3.8/site-packages/airflow/example_dags/plugins/listener_plugin.py
[2024-10-03T23:09:20.332+0100] {processor.py:927} WARNING - No viable dags retrieved from /opt/miniconda3/envs/airflow/lib/python3.8/site-packages/airflow/example_dags/plugins/listener_plugin.py
[2024-10-03T23:09:20.377+0100] {processor.py:208} INFO - Processing /opt/miniconda3/envs/airflow/lib/python3.8/site-packages/airflow/example_dags/plugins/listener_plugin.py took 0.048 seconds
[2024-10-03T23:10:21.859+0100] {processor.py:186} INFO - Started process (PID=16755) to work on /opt/miniconda3/envs/airflow/lib/python3.8/site-packages/airflow/example_dags/plugins/listener_plugin.py
[2024-10-03T23:10:21.860+0100] {processor.py:914} INFO - Processing file /opt/miniconda3/envs/airflow/lib/python3.8/site-packages/airflow/example_dags/plugins/listener_plugin.py for tasks to queue
[2024-10-03T23:10:21.861+0100] {logging_mixin.py:190} INFO - [2024-10-03T23:10:21.860+0100] {dagbag.py:588} INFO - Filling up the DagBag from /opt/miniconda3/envs/airflow/lib/python3.8/site-packages/airflow/example_dags/plugins/listener_plugin.py
[2024-10-03T23:10:21.861+0100] {processor.py:927} WARNING - No viable dags retrieved from /opt/miniconda3/envs/airflow/lib/python3.8/site-packages/airflow/example_dags/plugins/listener_plugin.py
[2024-10-03T23:10:21.906+0100] {processor.py:208} INFO - Processing /opt/miniconda3/envs/airflow/lib/python3.8/site-packages/airflow/example_dags/plugins/listener_plugin.py took 0.049 seconds
[2024-10-03T23:11:29.241+0100] {processor.py:186} INFO - Started process (PID=16834) to work on /opt/miniconda3/envs/airflow/lib/python3.8/site-packages/airflow/example_dags/plugins/listener_plugin.py
[2024-10-03T23:11:29.241+0100] {processor.py:914} INFO - Processing file /opt/miniconda3/envs/airflow/lib/python3.8/site-packages/airflow/example_dags/plugins/listener_plugin.py for tasks to queue
[2024-10-03T23:11:29.242+0100] {logging_mixin.py:190} INFO - [2024-10-03T23:11:29.242+0100] {dagbag.py:588} INFO - Filling up the DagBag from /opt/miniconda3/envs/airflow/lib/python3.8/site-packages/airflow/example_dags/plugins/listener_plugin.py
[2024-10-03T23:11:29.243+0100] {processor.py:927} WARNING - No viable dags retrieved from /opt/miniconda3/envs/airflow/lib/python3.8/site-packages/airflow/example_dags/plugins/listener_plugin.py
[2024-10-03T23:11:29.288+0100] {processor.py:208} INFO - Processing /opt/miniconda3/envs/airflow/lib/python3.8/site-packages/airflow/example_dags/plugins/listener_plugin.py took 0.049 seconds
[2024-10-03T23:34:28.812+0100] {processor.py:186} INFO - Started process (PID=16931) to work on /opt/miniconda3/envs/airflow/lib/python3.8/site-packages/airflow/example_dags/plugins/listener_plugin.py
[2024-10-03T23:34:28.813+0100] {processor.py:914} INFO - Processing file /opt/miniconda3/envs/airflow/lib/python3.8/site-packages/airflow/example_dags/plugins/listener_plugin.py for tasks to queue
[2024-10-03T23:34:28.814+0100] {logging_mixin.py:190} INFO - [2024-10-03T23:34:28.813+0100] {dagbag.py:588} INFO - Filling up the DagBag from /opt/miniconda3/envs/airflow/lib/python3.8/site-packages/airflow/example_dags/plugins/listener_plugin.py
[2024-10-03T23:34:28.815+0100] {processor.py:927} WARNING - No viable dags retrieved from /opt/miniconda3/envs/airflow/lib/python3.8/site-packages/airflow/example_dags/plugins/listener_plugin.py
[2024-10-03T23:34:28.860+0100] {processor.py:208} INFO - Processing /opt/miniconda3/envs/airflow/lib/python3.8/site-packages/airflow/example_dags/plugins/listener_plugin.py took 0.050 seconds
[2024-10-03T23:35:25.442+0100] {processor.py:186} INFO - Started process (PID=17005) to work on /opt/miniconda3/envs/airflow/lib/python3.8/site-packages/airflow/example_dags/plugins/listener_plugin.py
[2024-10-03T23:35:25.442+0100] {processor.py:914} INFO - Processing file /opt/miniconda3/envs/airflow/lib/python3.8/site-packages/airflow/example_dags/plugins/listener_plugin.py for tasks to queue
[2024-10-03T23:35:25.442+0100] {logging_mixin.py:190} INFO - [2024-10-03T23:35:25.442+0100] {dagbag.py:588} INFO - Filling up the DagBag from /opt/miniconda3/envs/airflow/lib/python3.8/site-packages/airflow/example_dags/plugins/listener_plugin.py
[2024-10-03T23:35:25.443+0100] {processor.py:927} WARNING - No viable dags retrieved from /opt/miniconda3/envs/airflow/lib/python3.8/site-packages/airflow/example_dags/plugins/listener_plugin.py
[2024-10-03T23:35:25.487+0100] {processor.py:208} INFO - Processing /opt/miniconda3/envs/airflow/lib/python3.8/site-packages/airflow/example_dags/plugins/listener_plugin.py took 0.047 seconds
[2024-10-03T23:36:26.251+0100] {processor.py:186} INFO - Started process (PID=17083) to work on /opt/miniconda3/envs/airflow/lib/python3.8/site-packages/airflow/example_dags/plugins/listener_plugin.py
[2024-10-03T23:36:26.252+0100] {processor.py:914} INFO - Processing file /opt/miniconda3/envs/airflow/lib/python3.8/site-packages/airflow/example_dags/plugins/listener_plugin.py for tasks to queue
[2024-10-03T23:36:26.252+0100] {logging_mixin.py:190} INFO - [2024-10-03T23:36:26.252+0100] {dagbag.py:588} INFO - Filling up the DagBag from /opt/miniconda3/envs/airflow/lib/python3.8/site-packages/airflow/example_dags/plugins/listener_plugin.py
[2024-10-03T23:36:26.253+0100] {processor.py:927} WARNING - No viable dags retrieved from /opt/miniconda3/envs/airflow/lib/python3.8/site-packages/airflow/example_dags/plugins/listener_plugin.py
[2024-10-03T23:36:26.297+0100] {processor.py:208} INFO - Processing /opt/miniconda3/envs/airflow/lib/python3.8/site-packages/airflow/example_dags/plugins/listener_plugin.py took 0.048 seconds
[2024-10-03T23:43:27.063+0100] {processor.py:186} INFO - Started process (PID=17169) to work on /opt/miniconda3/envs/airflow/lib/python3.8/site-packages/airflow/example_dags/plugins/listener_plugin.py
[2024-10-03T23:43:27.064+0100] {processor.py:914} INFO - Processing file /opt/miniconda3/envs/airflow/lib/python3.8/site-packages/airflow/example_dags/plugins/listener_plugin.py for tasks to queue
[2024-10-03T23:43:27.064+0100] {logging_mixin.py:190} INFO - [2024-10-03T23:43:27.064+0100] {dagbag.py:588} INFO - Filling up the DagBag from /opt/miniconda3/envs/airflow/lib/python3.8/site-packages/airflow/example_dags/plugins/listener_plugin.py
[2024-10-03T23:43:27.064+0100] {processor.py:927} WARNING - No viable dags retrieved from /opt/miniconda3/envs/airflow/lib/python3.8/site-packages/airflow/example_dags/plugins/listener_plugin.py
[2024-10-03T23:43:27.109+0100] {processor.py:208} INFO - Processing /opt/miniconda3/envs/airflow/lib/python3.8/site-packages/airflow/example_dags/plugins/listener_plugin.py took 0.048 seconds
