[2024-10-16T12:49:28.803+0100] {local_task_job_runner.py:123} INFO - ::group::Pre task execution logs
[2024-10-16T12:49:28.806+0100] {taskinstance.py:2612} INFO - Dependencies all met for dep_context=non-requeueable deps ti=<TaskInstance: hello_world.hello_world_task scheduled__2024-10-12T00:00:00+00:00 [queued]>
[2024-10-16T12:49:28.808+0100] {taskinstance.py:2612} INFO - Dependencies all met for dep_context=requeueable deps ti=<TaskInstance: hello_world.hello_world_task scheduled__2024-10-12T00:00:00+00:00 [queued]>
[2024-10-16T12:49:28.808+0100] {taskinstance.py:2865} INFO - Starting attempt 1 of 1
[2024-10-16T12:49:28.811+0100] {taskinstance.py:2888} INFO - Executing <Task(BashOperator): hello_world_task> on 2024-10-12 00:00:00+00:00
[2024-10-16T12:49:28.813+0100] {standard_task_runner.py:72} INFO - Started process 66748 to run task
[2024-10-16T12:49:28.816+0100] {standard_task_runner.py:104} INFO - Running: ['airflow', 'tasks', 'run', 'hello_world', 'hello_world_task', 'scheduled__2024-10-12T00:00:00+00:00', '--job-id', '146', '--raw', '--subdir', 'DAGS_FOLDER/simple_hello_world.py', '--cfg-path', '/var/folders/nl/1x330z2x7yzb268yb0bbvjcr0000gn/T/tmpvfvustix']
[2024-10-16T12:49:28.817+0100] {standard_task_runner.py:105} INFO - Job 146: Subtask hello_world_task
[2024-10-16T12:49:28.828+0100] {task_command.py:467} INFO - Running <TaskInstance: hello_world.hello_world_task scheduled__2024-10-12T00:00:00+00:00 [running]> on host mujtabas-macbook-pro.local
[2024-10-16T12:49:28.849+0100] {taskinstance.py:3131} INFO - Exporting env vars: AIRFLOW_CTX_DAG_OWNER='ali' AIRFLOW_CTX_DAG_ID='hello_world' AIRFLOW_CTX_TASK_ID='hello_world_task' AIRFLOW_CTX_EXECUTION_DATE='2024-10-12T00:00:00+00:00' AIRFLOW_CTX_TRY_NUMBER='1' AIRFLOW_CTX_DAG_RUN_ID='scheduled__2024-10-12T00:00:00+00:00'
[2024-10-16T12:49:28.850+0100] {taskinstance.py:731} INFO - ::endgroup::
[2024-10-16T12:49:28.855+0100] {subprocess.py:63} INFO - Tmp dir root location: /var/folders/nl/1x330z2x7yzb268yb0bbvjcr0000gn/T
[2024-10-16T12:49:28.855+0100] {subprocess.py:75} INFO - Running command: ['/bin/bash', '-c', 'echo Hello World using "with"!']
[2024-10-16T12:49:28.857+0100] {subprocess.py:86} INFO - Output:
[2024-10-16T12:49:28.859+0100] {subprocess.py:93} INFO - Hello World using with!
[2024-10-16T12:49:28.859+0100] {subprocess.py:97} INFO - Command exited with return code 0
[2024-10-16T12:49:28.864+0100] {taskinstance.py:340} INFO - ::group::Post task execution logs
[2024-10-16T12:49:28.865+0100] {taskinstance.py:352} INFO - Marking task as SUCCESS. dag_id=hello_world, task_id=hello_world_task, run_id=scheduled__2024-10-12T00:00:00+00:00, execution_date=20241012T000000, start_date=20241016T114928, end_date=20241016T114928
[2024-10-16T12:49:28.878+0100] {local_task_job_runner.py:266} INFO - Task exited with return code 0
[2024-10-16T12:49:28.882+0100] {taskinstance.py:3900} INFO - 0 downstream tasks scheduled from follow-on schedule check
[2024-10-16T12:49:28.882+0100] {local_task_job_runner.py:245} INFO - ::endgroup::
