[2024-10-05T01:00:03.927+0100] {local_task_job_runner.py:123} INFO - ::group::Pre task execution logs
[2024-10-05T01:00:03.931+0100] {taskinstance.py:2612} INFO - Dependencies all met for dep_context=non-requeueable deps ti=<TaskInstance: hello_world.hello_world_task scheduled__2024-10-04T00:00:00+00:00 [queued]>
[2024-10-05T01:00:03.932+0100] {taskinstance.py:2612} INFO - Dependencies all met for dep_context=requeueable deps ti=<TaskInstance: hello_world.hello_world_task scheduled__2024-10-04T00:00:00+00:00 [queued]>
[2024-10-05T01:00:03.932+0100] {taskinstance.py:2865} INFO - Starting attempt 1 of 1
[2024-10-05T01:00:03.936+0100] {taskinstance.py:2888} INFO - Executing <Task(BashOperator): hello_world_task> on 2024-10-04 00:00:00+00:00
[2024-10-05T01:00:03.937+0100] {standard_task_runner.py:72} INFO - Started process 29299 to run task
[2024-10-05T01:00:03.940+0100] {standard_task_runner.py:104} INFO - Running: ['airflow', 'tasks', 'run', 'hello_world', 'hello_world_task', 'scheduled__2024-10-04T00:00:00+00:00', '--job-id', '59', '--raw', '--subdir', 'DAGS_FOLDER/simple_hello_world.py', '--cfg-path', '/var/folders/nl/1x330z2x7yzb268yb0bbvjcr0000gn/T/tmprayycqxj']
[2024-10-05T01:00:03.941+0100] {standard_task_runner.py:105} INFO - Job 59: Subtask hello_world_task
[2024-10-05T01:00:03.952+0100] {task_command.py:467} INFO - Running <TaskInstance: hello_world.hello_world_task scheduled__2024-10-04T00:00:00+00:00 [running]> on host mujtabas-macbook-pro.local
[2024-10-05T01:00:03.971+0100] {taskinstance.py:3131} INFO - Exporting env vars: AIRFLOW_CTX_DAG_OWNER='ali' AIRFLOW_CTX_DAG_ID='hello_world' AIRFLOW_CTX_TASK_ID='hello_world_task' AIRFLOW_CTX_EXECUTION_DATE='2024-10-04T00:00:00+00:00' AIRFLOW_CTX_TRY_NUMBER='1' AIRFLOW_CTX_DAG_RUN_ID='scheduled__2024-10-04T00:00:00+00:00'
[2024-10-05T01:00:03.972+0100] {taskinstance.py:731} INFO - ::endgroup::
[2024-10-05T01:00:03.976+0100] {subprocess.py:63} INFO - Tmp dir root location: /var/folders/nl/1x330z2x7yzb268yb0bbvjcr0000gn/T
[2024-10-05T01:00:03.977+0100] {subprocess.py:75} INFO - Running command: ['/bin/bash', '-c', 'echo Hello World using "with"!']
[2024-10-05T01:00:03.979+0100] {subprocess.py:86} INFO - Output:
[2024-10-05T01:00:03.981+0100] {subprocess.py:93} INFO - Hello World using with!
[2024-10-05T01:00:03.981+0100] {subprocess.py:97} INFO - Command exited with return code 0
[2024-10-05T01:00:03.986+0100] {taskinstance.py:340} INFO - ::group::Post task execution logs
[2024-10-05T01:00:03.986+0100] {taskinstance.py:352} INFO - Marking task as SUCCESS. dag_id=hello_world, task_id=hello_world_task, run_id=scheduled__2024-10-04T00:00:00+00:00, execution_date=20241004T000000, start_date=20241005T000003, end_date=20241005T000003
[2024-10-05T01:00:04.013+0100] {local_task_job_runner.py:266} INFO - Task exited with return code 0
[2024-10-05T01:00:04.017+0100] {taskinstance.py:3900} INFO - 0 downstream tasks scheduled from follow-on schedule check
[2024-10-05T01:00:04.018+0100] {local_task_job_runner.py:245} INFO - ::endgroup::
