[2024-10-16T14:14:25.134+0100] {local_task_job_runner.py:123} INFO - ::group::Pre task execution logs
[2024-10-16T14:14:25.138+0100] {taskinstance.py:2612} INFO - Dependencies all met for dep_context=non-requeueable deps ti=<TaskInstance: executing_sql_pipeline_2.create_table scheduled__2024-10-15T00:00:00+00:00 [queued]>
[2024-10-16T14:14:25.139+0100] {taskinstance.py:2612} INFO - Dependencies all met for dep_context=requeueable deps ti=<TaskInstance: executing_sql_pipeline_2.create_table scheduled__2024-10-15T00:00:00+00:00 [queued]>
[2024-10-16T14:14:25.139+0100] {taskinstance.py:2865} INFO - Starting attempt 1 of 1
[2024-10-16T14:14:25.143+0100] {taskinstance.py:2888} INFO - Executing <Task(SqliteOperator): create_table> on 2024-10-15 00:00:00+00:00
[2024-10-16T14:14:25.145+0100] {standard_task_runner.py:72} INFO - Started process 71886 to run task
[2024-10-16T14:14:25.148+0100] {standard_task_runner.py:104} INFO - Running: ['airflow', 'tasks', 'run', 'executing_sql_pipeline_2', 'create_table', 'scheduled__2024-10-15T00:00:00+00:00', '--job-id', '207', '--raw', '--subdir', 'DAGS_FOLDER/sql_pipeline_multiple_2.py', '--cfg-path', '/var/folders/nl/1x330z2x7yzb268yb0bbvjcr0000gn/T/tmpanxai0_n']
[2024-10-16T14:14:25.149+0100] {standard_task_runner.py:105} INFO - Job 207: Subtask create_table
[2024-10-16T14:14:25.162+0100] {task_command.py:467} INFO - Running <TaskInstance: executing_sql_pipeline_2.create_table scheduled__2024-10-15T00:00:00+00:00 [running]> on host mujtabas-macbook-pro.local
[2024-10-16T14:14:25.181+0100] {taskinstance.py:3131} INFO - Exporting env vars: AIRFLOW_CTX_DAG_OWNER='ali' AIRFLOW_CTX_DAG_ID='executing_sql_pipeline_2' AIRFLOW_CTX_TASK_ID='create_table' AIRFLOW_CTX_EXECUTION_DATE='2024-10-15T00:00:00+00:00' AIRFLOW_CTX_TRY_NUMBER='1' AIRFLOW_CTX_DAG_RUN_ID='scheduled__2024-10-15T00:00:00+00:00'
[2024-10-16T14:14:25.181+0100] {taskinstance.py:731} INFO - ::endgroup::
[2024-10-16T14:14:25.187+0100] {sql.py:266} INFO - Executing: 
            CREATE TABLE IF NOT EXISTS users (
                    id INTEGER PRIMARY KEY,
                    name VARCHAR(50) NOT NULL,
                    age INTEGER NOT NULL,
                    city VARCHAR(50),
                    is_active BOOLEAN DEFAULT true,
                    created_at TIMESTAMP DEFAULT CURRENT_TIMESTAMP
            );
        
[2024-10-16T14:14:25.189+0100] {base.py:84} INFO - Retrieving connection 'my_sqlite_conn'
[2024-10-16T14:14:25.204+0100] {base.py:84} INFO - Retrieving connection 'my_sqlite_conn'
[2024-10-16T14:14:25.204+0100] {sql.py:509} INFO - Running statement: 
            CREATE TABLE IF NOT EXISTS users (
                    id INTEGER PRIMARY KEY,
                    name VARCHAR(50) NOT NULL,
                    age INTEGER NOT NULL,
                    city VARCHAR(50),
                    is_active BOOLEAN DEFAULT true,
                    created_at TIMESTAMP DEFAULT CURRENT_TIMESTAMP
            );
        , parameters: None
[2024-10-16T14:14:25.206+0100] {taskinstance.py:340} INFO - ::group::Post task execution logs
[2024-10-16T14:14:25.207+0100] {taskinstance.py:352} INFO - Marking task as SUCCESS. dag_id=executing_sql_pipeline_2, task_id=create_table, run_id=scheduled__2024-10-15T00:00:00+00:00, execution_date=20241015T000000, start_date=20241016T131425, end_date=20241016T131425
[2024-10-16T14:14:25.254+0100] {local_task_job_runner.py:266} INFO - Task exited with return code 0
[2024-10-16T14:14:25.260+0100] {logging_mixin.py:190} WARNING - /opt/miniconda3/envs/airflow/lib/python3.8/site-packages/airflow/models/baseoperator.py:1378 AirflowProviderDeprecationWarning: Call to deprecated class SqliteOperator. (Please use `airflow.providers.common.sql.operators.sql.SQLExecuteQueryOperator`.)
[2024-10-16T14:14:25.267+0100] {taskinstance.py:3900} INFO - 2 downstream tasks scheduled from follow-on schedule check
[2024-10-16T14:14:25.268+0100] {local_task_job_runner.py:245} INFO - ::endgroup::
