[2024-10-04T01:02:59.041+0100] {processor.py:186} INFO - Started process (PID=17327) to work on /opt/miniconda3/envs/airflow/lib/python3.8/site-packages/airflow/example_dags/example_branch_datetime_operator.py
[2024-10-04T01:02:59.041+0100] {processor.py:914} INFO - Processing file /opt/miniconda3/envs/airflow/lib/python3.8/site-packages/airflow/example_dags/example_branch_datetime_operator.py for tasks to queue
[2024-10-04T01:02:59.041+0100] {logging_mixin.py:190} INFO - [2024-10-04T01:02:59.041+0100] {dagbag.py:588} INFO - Filling up the DagBag from /opt/miniconda3/envs/airflow/lib/python3.8/site-packages/airflow/example_dags/example_branch_datetime_operator.py
[2024-10-04T01:02:59.062+0100] {processor.py:925} INFO - DAG(s) 'example_branch_datetime_operator_3', 'example_branch_datetime_operator_2', 'example_branch_datetime_operator' retrieved from /opt/miniconda3/envs/airflow/lib/python3.8/site-packages/airflow/example_dags/example_branch_datetime_operator.py
[2024-10-04T01:02:59.097+0100] {logging_mixin.py:190} INFO - [2024-10-04T01:02:59.097+0100] {dag.py:3239} INFO - Sync 3 DAGs
[2024-10-04T01:02:59.102+0100] {logging_mixin.py:190} INFO - [2024-10-04T01:02:59.102+0100] {dag.py:4180} INFO - Setting next_dagrun for example_branch_datetime_operator to 2024-10-03 00:00:00+00:00, run_after=2024-10-04 00:00:00+00:00
[2024-10-04T01:02:59.104+0100] {logging_mixin.py:190} INFO - [2024-10-04T01:02:59.104+0100] {dag.py:4180} INFO - Setting next_dagrun for example_branch_datetime_operator_2 to 2024-10-03 00:00:00+00:00, run_after=2024-10-04 00:00:00+00:00
[2024-10-04T01:02:59.104+0100] {logging_mixin.py:190} INFO - [2024-10-04T01:02:59.104+0100] {dag.py:4180} INFO - Setting next_dagrun for example_branch_datetime_operator_3 to 2024-10-03 00:00:00+00:00, run_after=2024-10-04 00:00:00+00:00
[2024-10-04T01:02:59.109+0100] {processor.py:208} INFO - Processing /opt/miniconda3/envs/airflow/lib/python3.8/site-packages/airflow/example_dags/example_branch_datetime_operator.py took 0.070 seconds
[2024-10-04T01:56:55.549+0100] {processor.py:186} INFO - Started process (PID=17541) to work on /opt/miniconda3/envs/airflow/lib/python3.8/site-packages/airflow/example_dags/example_branch_datetime_operator.py
[2024-10-04T01:56:55.550+0100] {processor.py:914} INFO - Processing file /opt/miniconda3/envs/airflow/lib/python3.8/site-packages/airflow/example_dags/example_branch_datetime_operator.py for tasks to queue
[2024-10-04T01:56:55.550+0100] {logging_mixin.py:190} INFO - [2024-10-04T01:56:55.550+0100] {dagbag.py:588} INFO - Filling up the DagBag from /opt/miniconda3/envs/airflow/lib/python3.8/site-packages/airflow/example_dags/example_branch_datetime_operator.py
[2024-10-04T01:56:55.570+0100] {processor.py:925} INFO - DAG(s) 'example_branch_datetime_operator_2', 'example_branch_datetime_operator', 'example_branch_datetime_operator_3' retrieved from /opt/miniconda3/envs/airflow/lib/python3.8/site-packages/airflow/example_dags/example_branch_datetime_operator.py
[2024-10-04T01:56:55.604+0100] {logging_mixin.py:190} INFO - [2024-10-04T01:56:55.604+0100] {dag.py:3239} INFO - Sync 3 DAGs
[2024-10-04T01:56:55.610+0100] {logging_mixin.py:190} INFO - [2024-10-04T01:56:55.610+0100] {dag.py:4180} INFO - Setting next_dagrun for example_branch_datetime_operator to 2024-10-03 00:00:00+00:00, run_after=2024-10-04 00:00:00+00:00
[2024-10-04T01:56:55.612+0100] {logging_mixin.py:190} INFO - [2024-10-04T01:56:55.611+0100] {dag.py:4180} INFO - Setting next_dagrun for example_branch_datetime_operator_2 to 2024-10-03 00:00:00+00:00, run_after=2024-10-04 00:00:00+00:00
[2024-10-04T01:56:55.612+0100] {logging_mixin.py:190} INFO - [2024-10-04T01:56:55.612+0100] {dag.py:4180} INFO - Setting next_dagrun for example_branch_datetime_operator_3 to 2024-10-03 00:00:00+00:00, run_after=2024-10-04 00:00:00+00:00
[2024-10-04T01:56:55.617+0100] {processor.py:208} INFO - Processing /opt/miniconda3/envs/airflow/lib/python3.8/site-packages/airflow/example_dags/example_branch_datetime_operator.py took 0.070 seconds
[2024-10-04T03:51:26.323+0100] {processor.py:186} INFO - Started process (PID=17767) to work on /opt/miniconda3/envs/airflow/lib/python3.8/site-packages/airflow/example_dags/example_branch_datetime_operator.py
[2024-10-04T03:51:26.324+0100] {processor.py:914} INFO - Processing file /opt/miniconda3/envs/airflow/lib/python3.8/site-packages/airflow/example_dags/example_branch_datetime_operator.py for tasks to queue
[2024-10-04T03:51:26.324+0100] {logging_mixin.py:190} INFO - [2024-10-04T03:51:26.324+0100] {dagbag.py:588} INFO - Filling up the DagBag from /opt/miniconda3/envs/airflow/lib/python3.8/site-packages/airflow/example_dags/example_branch_datetime_operator.py
[2024-10-04T03:51:26.344+0100] {processor.py:925} INFO - DAG(s) 'example_branch_datetime_operator', 'example_branch_datetime_operator_3', 'example_branch_datetime_operator_2' retrieved from /opt/miniconda3/envs/airflow/lib/python3.8/site-packages/airflow/example_dags/example_branch_datetime_operator.py
[2024-10-04T03:51:26.378+0100] {logging_mixin.py:190} INFO - [2024-10-04T03:51:26.378+0100] {dag.py:3239} INFO - Sync 3 DAGs
[2024-10-04T03:51:26.384+0100] {logging_mixin.py:190} INFO - [2024-10-04T03:51:26.384+0100] {dag.py:4180} INFO - Setting next_dagrun for example_branch_datetime_operator to 2024-10-03 00:00:00+00:00, run_after=2024-10-04 00:00:00+00:00
[2024-10-04T03:51:26.385+0100] {logging_mixin.py:190} INFO - [2024-10-04T03:51:26.385+0100] {dag.py:4180} INFO - Setting next_dagrun for example_branch_datetime_operator_2 to 2024-10-03 00:00:00+00:00, run_after=2024-10-04 00:00:00+00:00
[2024-10-04T03:51:26.386+0100] {logging_mixin.py:190} INFO - [2024-10-04T03:51:26.386+0100] {dag.py:4180} INFO - Setting next_dagrun for example_branch_datetime_operator_3 to 2024-10-03 00:00:00+00:00, run_after=2024-10-04 00:00:00+00:00
[2024-10-04T03:51:26.391+0100] {processor.py:208} INFO - Processing /opt/miniconda3/envs/airflow/lib/python3.8/site-packages/airflow/example_dags/example_branch_datetime_operator.py took 0.070 seconds
[2024-10-04T04:48:27.592+0100] {processor.py:186} INFO - Started process (PID=17949) to work on /opt/miniconda3/envs/airflow/lib/python3.8/site-packages/airflow/example_dags/example_branch_datetime_operator.py
[2024-10-04T04:48:27.592+0100] {processor.py:914} INFO - Processing file /opt/miniconda3/envs/airflow/lib/python3.8/site-packages/airflow/example_dags/example_branch_datetime_operator.py for tasks to queue
[2024-10-04T04:48:27.592+0100] {logging_mixin.py:190} INFO - [2024-10-04T04:48:27.592+0100] {dagbag.py:588} INFO - Filling up the DagBag from /opt/miniconda3/envs/airflow/lib/python3.8/site-packages/airflow/example_dags/example_branch_datetime_operator.py
[2024-10-04T04:48:27.614+0100] {processor.py:925} INFO - DAG(s) 'example_branch_datetime_operator_3', 'example_branch_datetime_operator_2', 'example_branch_datetime_operator' retrieved from /opt/miniconda3/envs/airflow/lib/python3.8/site-packages/airflow/example_dags/example_branch_datetime_operator.py
[2024-10-04T04:48:27.648+0100] {logging_mixin.py:190} INFO - [2024-10-04T04:48:27.648+0100] {dag.py:3239} INFO - Sync 3 DAGs
[2024-10-04T04:48:27.654+0100] {logging_mixin.py:190} INFO - [2024-10-04T04:48:27.654+0100] {dag.py:4180} INFO - Setting next_dagrun for example_branch_datetime_operator to 2024-10-03 00:00:00+00:00, run_after=2024-10-04 00:00:00+00:00
[2024-10-04T04:48:27.656+0100] {logging_mixin.py:190} INFO - [2024-10-04T04:48:27.656+0100] {dag.py:4180} INFO - Setting next_dagrun for example_branch_datetime_operator_2 to 2024-10-03 00:00:00+00:00, run_after=2024-10-04 00:00:00+00:00
[2024-10-04T04:48:27.656+0100] {logging_mixin.py:190} INFO - [2024-10-04T04:48:27.656+0100] {dag.py:4180} INFO - Setting next_dagrun for example_branch_datetime_operator_3 to 2024-10-03 00:00:00+00:00, run_after=2024-10-04 00:00:00+00:00
[2024-10-04T04:48:27.661+0100] {processor.py:208} INFO - Processing /opt/miniconda3/envs/airflow/lib/python3.8/site-packages/airflow/example_dags/example_branch_datetime_operator.py took 0.071 seconds
[2024-10-04T06:15:29.302+0100] {processor.py:186} INFO - Started process (PID=19817) to work on /opt/miniconda3/envs/airflow/lib/python3.8/site-packages/airflow/example_dags/example_branch_datetime_operator.py
[2024-10-04T06:15:29.303+0100] {processor.py:914} INFO - Processing file /opt/miniconda3/envs/airflow/lib/python3.8/site-packages/airflow/example_dags/example_branch_datetime_operator.py for tasks to queue
[2024-10-04T06:15:29.303+0100] {logging_mixin.py:190} INFO - [2024-10-04T06:15:29.303+0100] {dagbag.py:588} INFO - Filling up the DagBag from /opt/miniconda3/envs/airflow/lib/python3.8/site-packages/airflow/example_dags/example_branch_datetime_operator.py
[2024-10-04T06:15:29.323+0100] {processor.py:925} INFO - DAG(s) 'example_branch_datetime_operator', 'example_branch_datetime_operator_3', 'example_branch_datetime_operator_2' retrieved from /opt/miniconda3/envs/airflow/lib/python3.8/site-packages/airflow/example_dags/example_branch_datetime_operator.py
[2024-10-04T06:15:29.357+0100] {logging_mixin.py:190} INFO - [2024-10-04T06:15:29.357+0100] {dag.py:3239} INFO - Sync 3 DAGs
[2024-10-04T06:15:29.363+0100] {logging_mixin.py:190} INFO - [2024-10-04T06:15:29.363+0100] {dag.py:4180} INFO - Setting next_dagrun for example_branch_datetime_operator to 2024-10-03 00:00:00+00:00, run_after=2024-10-04 00:00:00+00:00
[2024-10-04T06:15:29.364+0100] {logging_mixin.py:190} INFO - [2024-10-04T06:15:29.364+0100] {dag.py:4180} INFO - Setting next_dagrun for example_branch_datetime_operator_2 to 2024-10-03 00:00:00+00:00, run_after=2024-10-04 00:00:00+00:00
[2024-10-04T06:15:29.365+0100] {logging_mixin.py:190} INFO - [2024-10-04T06:15:29.365+0100] {dag.py:4180} INFO - Setting next_dagrun for example_branch_datetime_operator_3 to 2024-10-03 00:00:00+00:00, run_after=2024-10-04 00:00:00+00:00
[2024-10-04T06:15:29.370+0100] {processor.py:208} INFO - Processing /opt/miniconda3/envs/airflow/lib/python3.8/site-packages/airflow/example_dags/example_branch_datetime_operator.py took 0.070 seconds
[2024-10-04T07:40:39.482+0100] {processor.py:186} INFO - Started process (PID=20016) to work on /opt/miniconda3/envs/airflow/lib/python3.8/site-packages/airflow/example_dags/example_branch_datetime_operator.py
[2024-10-04T07:40:39.482+0100] {processor.py:914} INFO - Processing file /opt/miniconda3/envs/airflow/lib/python3.8/site-packages/airflow/example_dags/example_branch_datetime_operator.py for tasks to queue
[2024-10-04T07:40:39.483+0100] {logging_mixin.py:190} INFO - [2024-10-04T07:40:39.483+0100] {dagbag.py:588} INFO - Filling up the DagBag from /opt/miniconda3/envs/airflow/lib/python3.8/site-packages/airflow/example_dags/example_branch_datetime_operator.py
[2024-10-04T07:40:39.504+0100] {processor.py:925} INFO - DAG(s) 'example_branch_datetime_operator_2', 'example_branch_datetime_operator_3', 'example_branch_datetime_operator' retrieved from /opt/miniconda3/envs/airflow/lib/python3.8/site-packages/airflow/example_dags/example_branch_datetime_operator.py
[2024-10-04T07:40:39.538+0100] {logging_mixin.py:190} INFO - [2024-10-04T07:40:39.538+0100] {dag.py:3239} INFO - Sync 3 DAGs
[2024-10-04T07:40:39.544+0100] {logging_mixin.py:190} INFO - [2024-10-04T07:40:39.544+0100] {dag.py:4180} INFO - Setting next_dagrun for example_branch_datetime_operator to 2024-10-03 00:00:00+00:00, run_after=2024-10-04 00:00:00+00:00
[2024-10-04T07:40:39.545+0100] {logging_mixin.py:190} INFO - [2024-10-04T07:40:39.545+0100] {dag.py:4180} INFO - Setting next_dagrun for example_branch_datetime_operator_2 to 2024-10-03 00:00:00+00:00, run_after=2024-10-04 00:00:00+00:00
[2024-10-04T07:40:39.546+0100] {logging_mixin.py:190} INFO - [2024-10-04T07:40:39.546+0100] {dag.py:4180} INFO - Setting next_dagrun for example_branch_datetime_operator_3 to 2024-10-03 00:00:00+00:00, run_after=2024-10-04 00:00:00+00:00
[2024-10-04T07:40:39.551+0100] {processor.py:208} INFO - Processing /opt/miniconda3/envs/airflow/lib/python3.8/site-packages/airflow/example_dags/example_branch_datetime_operator.py took 0.070 seconds
[2024-10-04T08:40:00.373+0100] {processor.py:186} INFO - Started process (PID=20226) to work on /opt/miniconda3/envs/airflow/lib/python3.8/site-packages/airflow/example_dags/example_branch_datetime_operator.py
[2024-10-04T08:40:00.373+0100] {processor.py:914} INFO - Processing file /opt/miniconda3/envs/airflow/lib/python3.8/site-packages/airflow/example_dags/example_branch_datetime_operator.py for tasks to queue
[2024-10-04T08:40:00.373+0100] {logging_mixin.py:190} INFO - [2024-10-04T08:40:00.373+0100] {dagbag.py:588} INFO - Filling up the DagBag from /opt/miniconda3/envs/airflow/lib/python3.8/site-packages/airflow/example_dags/example_branch_datetime_operator.py
[2024-10-04T08:40:00.394+0100] {processor.py:925} INFO - DAG(s) 'example_branch_datetime_operator_3', 'example_branch_datetime_operator_2', 'example_branch_datetime_operator' retrieved from /opt/miniconda3/envs/airflow/lib/python3.8/site-packages/airflow/example_dags/example_branch_datetime_operator.py
[2024-10-04T08:40:00.428+0100] {logging_mixin.py:190} INFO - [2024-10-04T08:40:00.428+0100] {dag.py:3239} INFO - Sync 3 DAGs
[2024-10-04T08:40:00.434+0100] {logging_mixin.py:190} INFO - [2024-10-04T08:40:00.434+0100] {dag.py:4180} INFO - Setting next_dagrun for example_branch_datetime_operator to 2024-10-03 00:00:00+00:00, run_after=2024-10-04 00:00:00+00:00
[2024-10-04T08:40:00.435+0100] {logging_mixin.py:190} INFO - [2024-10-04T08:40:00.435+0100] {dag.py:4180} INFO - Setting next_dagrun for example_branch_datetime_operator_2 to 2024-10-03 00:00:00+00:00, run_after=2024-10-04 00:00:00+00:00
[2024-10-04T08:40:00.436+0100] {logging_mixin.py:190} INFO - [2024-10-04T08:40:00.436+0100] {dag.py:4180} INFO - Setting next_dagrun for example_branch_datetime_operator_3 to 2024-10-03 00:00:00+00:00, run_after=2024-10-04 00:00:00+00:00
[2024-10-04T08:40:00.441+0100] {processor.py:208} INFO - Processing /opt/miniconda3/envs/airflow/lib/python3.8/site-packages/airflow/example_dags/example_branch_datetime_operator.py took 0.069 seconds
[2024-10-04T08:45:50.461+0100] {processor.py:186} INFO - Started process (PID=20386) to work on /opt/miniconda3/envs/airflow/lib/python3.8/site-packages/airflow/example_dags/example_branch_datetime_operator.py
[2024-10-04T08:45:50.461+0100] {processor.py:914} INFO - Processing file /opt/miniconda3/envs/airflow/lib/python3.8/site-packages/airflow/example_dags/example_branch_datetime_operator.py for tasks to queue
[2024-10-04T08:45:50.462+0100] {logging_mixin.py:190} INFO - [2024-10-04T08:45:50.462+0100] {dagbag.py:588} INFO - Filling up the DagBag from /opt/miniconda3/envs/airflow/lib/python3.8/site-packages/airflow/example_dags/example_branch_datetime_operator.py
[2024-10-04T08:45:50.483+0100] {processor.py:925} INFO - DAG(s) 'example_branch_datetime_operator_3', 'example_branch_datetime_operator_2', 'example_branch_datetime_operator' retrieved from /opt/miniconda3/envs/airflow/lib/python3.8/site-packages/airflow/example_dags/example_branch_datetime_operator.py
[2024-10-04T08:45:50.517+0100] {logging_mixin.py:190} INFO - [2024-10-04T08:45:50.517+0100] {dag.py:3239} INFO - Sync 3 DAGs
[2024-10-04T08:45:50.523+0100] {logging_mixin.py:190} INFO - [2024-10-04T08:45:50.523+0100] {dag.py:4180} INFO - Setting next_dagrun for example_branch_datetime_operator to 2024-10-03 00:00:00+00:00, run_after=2024-10-04 00:00:00+00:00
[2024-10-04T08:45:50.524+0100] {logging_mixin.py:190} INFO - [2024-10-04T08:45:50.524+0100] {dag.py:4180} INFO - Setting next_dagrun for example_branch_datetime_operator_2 to 2024-10-03 00:00:00+00:00, run_after=2024-10-04 00:00:00+00:00
[2024-10-04T08:45:50.525+0100] {logging_mixin.py:190} INFO - [2024-10-04T08:45:50.525+0100] {dag.py:4180} INFO - Setting next_dagrun for example_branch_datetime_operator_3 to 2024-10-03 00:00:00+00:00, run_after=2024-10-04 00:00:00+00:00
[2024-10-04T08:45:50.530+0100] {processor.py:208} INFO - Processing /opt/miniconda3/envs/airflow/lib/python3.8/site-packages/airflow/example_dags/example_branch_datetime_operator.py took 0.070 seconds
[2024-10-04T09:41:52.019+0100] {processor.py:186} INFO - Started process (PID=20562) to work on /opt/miniconda3/envs/airflow/lib/python3.8/site-packages/airflow/example_dags/example_branch_datetime_operator.py
[2024-10-04T09:41:52.020+0100] {processor.py:914} INFO - Processing file /opt/miniconda3/envs/airflow/lib/python3.8/site-packages/airflow/example_dags/example_branch_datetime_operator.py for tasks to queue
[2024-10-04T09:41:52.020+0100] {logging_mixin.py:190} INFO - [2024-10-04T09:41:52.020+0100] {dagbag.py:588} INFO - Filling up the DagBag from /opt/miniconda3/envs/airflow/lib/python3.8/site-packages/airflow/example_dags/example_branch_datetime_operator.py
[2024-10-04T09:41:52.040+0100] {processor.py:925} INFO - DAG(s) 'example_branch_datetime_operator', 'example_branch_datetime_operator_2', 'example_branch_datetime_operator_3' retrieved from /opt/miniconda3/envs/airflow/lib/python3.8/site-packages/airflow/example_dags/example_branch_datetime_operator.py
[2024-10-04T09:41:52.075+0100] {logging_mixin.py:190} INFO - [2024-10-04T09:41:52.074+0100] {dag.py:3239} INFO - Sync 3 DAGs
[2024-10-04T09:41:52.080+0100] {logging_mixin.py:190} INFO - [2024-10-04T09:41:52.080+0100] {dag.py:4180} INFO - Setting next_dagrun for example_branch_datetime_operator to 2024-10-03 00:00:00+00:00, run_after=2024-10-04 00:00:00+00:00
[2024-10-04T09:41:52.081+0100] {logging_mixin.py:190} INFO - [2024-10-04T09:41:52.081+0100] {dag.py:4180} INFO - Setting next_dagrun for example_branch_datetime_operator_2 to 2024-10-03 00:00:00+00:00, run_after=2024-10-04 00:00:00+00:00
[2024-10-04T09:41:52.082+0100] {logging_mixin.py:190} INFO - [2024-10-04T09:41:52.082+0100] {dag.py:4180} INFO - Setting next_dagrun for example_branch_datetime_operator_3 to 2024-10-03 00:00:00+00:00, run_after=2024-10-04 00:00:00+00:00
[2024-10-04T09:41:52.087+0100] {processor.py:208} INFO - Processing /opt/miniconda3/envs/airflow/lib/python3.8/site-packages/airflow/example_dags/example_branch_datetime_operator.py took 0.070 seconds
[2024-10-04T09:43:44.722+0100] {processor.py:186} INFO - Started process (PID=20708) to work on /opt/miniconda3/envs/airflow/lib/python3.8/site-packages/airflow/example_dags/example_branch_datetime_operator.py
[2024-10-04T09:43:44.723+0100] {processor.py:914} INFO - Processing file /opt/miniconda3/envs/airflow/lib/python3.8/site-packages/airflow/example_dags/example_branch_datetime_operator.py for tasks to queue
[2024-10-04T09:43:44.723+0100] {logging_mixin.py:190} INFO - [2024-10-04T09:43:44.723+0100] {dagbag.py:588} INFO - Filling up the DagBag from /opt/miniconda3/envs/airflow/lib/python3.8/site-packages/airflow/example_dags/example_branch_datetime_operator.py
[2024-10-04T09:43:44.743+0100] {processor.py:925} INFO - DAG(s) 'example_branch_datetime_operator_3', 'example_branch_datetime_operator', 'example_branch_datetime_operator_2' retrieved from /opt/miniconda3/envs/airflow/lib/python3.8/site-packages/airflow/example_dags/example_branch_datetime_operator.py
[2024-10-04T09:43:44.777+0100] {logging_mixin.py:190} INFO - [2024-10-04T09:43:44.777+0100] {dag.py:3239} INFO - Sync 3 DAGs
[2024-10-04T09:43:44.782+0100] {logging_mixin.py:190} INFO - [2024-10-04T09:43:44.782+0100] {dag.py:4180} INFO - Setting next_dagrun for example_branch_datetime_operator to 2024-10-03 00:00:00+00:00, run_after=2024-10-04 00:00:00+00:00
[2024-10-04T09:43:44.784+0100] {logging_mixin.py:190} INFO - [2024-10-04T09:43:44.784+0100] {dag.py:4180} INFO - Setting next_dagrun for example_branch_datetime_operator_2 to 2024-10-03 00:00:00+00:00, run_after=2024-10-04 00:00:00+00:00
[2024-10-04T09:43:44.784+0100] {logging_mixin.py:190} INFO - [2024-10-04T09:43:44.784+0100] {dag.py:4180} INFO - Setting next_dagrun for example_branch_datetime_operator_3 to 2024-10-03 00:00:00+00:00, run_after=2024-10-04 00:00:00+00:00
[2024-10-04T09:43:44.789+0100] {processor.py:208} INFO - Processing /opt/miniconda3/envs/airflow/lib/python3.8/site-packages/airflow/example_dags/example_branch_datetime_operator.py took 0.068 seconds
[2024-10-04T10:20:49.143+0100] {processor.py:186} INFO - Started process (PID=20912) to work on /opt/miniconda3/envs/airflow/lib/python3.8/site-packages/airflow/example_dags/example_branch_datetime_operator.py
[2024-10-04T10:20:49.144+0100] {processor.py:914} INFO - Processing file /opt/miniconda3/envs/airflow/lib/python3.8/site-packages/airflow/example_dags/example_branch_datetime_operator.py for tasks to queue
[2024-10-04T10:20:49.144+0100] {logging_mixin.py:190} INFO - [2024-10-04T10:20:49.144+0100] {dagbag.py:588} INFO - Filling up the DagBag from /opt/miniconda3/envs/airflow/lib/python3.8/site-packages/airflow/example_dags/example_branch_datetime_operator.py
[2024-10-04T10:20:49.165+0100] {processor.py:925} INFO - DAG(s) 'example_branch_datetime_operator_2', 'example_branch_datetime_operator', 'example_branch_datetime_operator_3' retrieved from /opt/miniconda3/envs/airflow/lib/python3.8/site-packages/airflow/example_dags/example_branch_datetime_operator.py
[2024-10-04T10:20:49.199+0100] {logging_mixin.py:190} INFO - [2024-10-04T10:20:49.199+0100] {dag.py:3239} INFO - Sync 3 DAGs
[2024-10-04T10:20:49.205+0100] {logging_mixin.py:190} INFO - [2024-10-04T10:20:49.204+0100] {dag.py:4180} INFO - Setting next_dagrun for example_branch_datetime_operator to 2024-10-03 00:00:00+00:00, run_after=2024-10-04 00:00:00+00:00
[2024-10-04T10:20:49.206+0100] {logging_mixin.py:190} INFO - [2024-10-04T10:20:49.206+0100] {dag.py:4180} INFO - Setting next_dagrun for example_branch_datetime_operator_2 to 2024-10-03 00:00:00+00:00, run_after=2024-10-04 00:00:00+00:00
[2024-10-04T10:20:49.206+0100] {logging_mixin.py:190} INFO - [2024-10-04T10:20:49.206+0100] {dag.py:4180} INFO - Setting next_dagrun for example_branch_datetime_operator_3 to 2024-10-03 00:00:00+00:00, run_after=2024-10-04 00:00:00+00:00
[2024-10-04T10:20:49.211+0100] {processor.py:208} INFO - Processing /opt/miniconda3/envs/airflow/lib/python3.8/site-packages/airflow/example_dags/example_branch_datetime_operator.py took 0.070 seconds
[2024-10-04T10:22:50.629+0100] {processor.py:186} INFO - Started process (PID=21073) to work on /opt/miniconda3/envs/airflow/lib/python3.8/site-packages/airflow/example_dags/example_branch_datetime_operator.py
[2024-10-04T10:22:50.629+0100] {processor.py:914} INFO - Processing file /opt/miniconda3/envs/airflow/lib/python3.8/site-packages/airflow/example_dags/example_branch_datetime_operator.py for tasks to queue
[2024-10-04T10:22:50.629+0100] {logging_mixin.py:190} INFO - [2024-10-04T10:22:50.629+0100] {dagbag.py:588} INFO - Filling up the DagBag from /opt/miniconda3/envs/airflow/lib/python3.8/site-packages/airflow/example_dags/example_branch_datetime_operator.py
[2024-10-04T10:22:50.649+0100] {processor.py:925} INFO - DAG(s) 'example_branch_datetime_operator_2', 'example_branch_datetime_operator_3', 'example_branch_datetime_operator' retrieved from /opt/miniconda3/envs/airflow/lib/python3.8/site-packages/airflow/example_dags/example_branch_datetime_operator.py
[2024-10-04T10:22:50.685+0100] {logging_mixin.py:190} INFO - [2024-10-04T10:22:50.684+0100] {dag.py:3239} INFO - Sync 3 DAGs
[2024-10-04T10:22:50.691+0100] {logging_mixin.py:190} INFO - [2024-10-04T10:22:50.691+0100] {dag.py:4180} INFO - Setting next_dagrun for example_branch_datetime_operator to 2024-10-03 00:00:00+00:00, run_after=2024-10-04 00:00:00+00:00
[2024-10-04T10:22:50.692+0100] {logging_mixin.py:190} INFO - [2024-10-04T10:22:50.692+0100] {dag.py:4180} INFO - Setting next_dagrun for example_branch_datetime_operator_2 to 2024-10-03 00:00:00+00:00, run_after=2024-10-04 00:00:00+00:00
[2024-10-04T10:22:50.693+0100] {logging_mixin.py:190} INFO - [2024-10-04T10:22:50.693+0100] {dag.py:4180} INFO - Setting next_dagrun for example_branch_datetime_operator_3 to 2024-10-03 00:00:00+00:00, run_after=2024-10-04 00:00:00+00:00
[2024-10-04T10:22:50.698+0100] {processor.py:208} INFO - Processing /opt/miniconda3/envs/airflow/lib/python3.8/site-packages/airflow/example_dags/example_branch_datetime_operator.py took 0.071 seconds
[2024-10-04T10:26:05.508+0100] {processor.py:186} INFO - Started process (PID=21242) to work on /opt/miniconda3/envs/airflow/lib/python3.8/site-packages/airflow/example_dags/example_branch_datetime_operator.py
[2024-10-04T10:26:05.508+0100] {processor.py:914} INFO - Processing file /opt/miniconda3/envs/airflow/lib/python3.8/site-packages/airflow/example_dags/example_branch_datetime_operator.py for tasks to queue
[2024-10-04T10:26:05.508+0100] {logging_mixin.py:190} INFO - [2024-10-04T10:26:05.508+0100] {dagbag.py:588} INFO - Filling up the DagBag from /opt/miniconda3/envs/airflow/lib/python3.8/site-packages/airflow/example_dags/example_branch_datetime_operator.py
[2024-10-04T10:26:05.529+0100] {processor.py:925} INFO - DAG(s) 'example_branch_datetime_operator', 'example_branch_datetime_operator_2', 'example_branch_datetime_operator_3' retrieved from /opt/miniconda3/envs/airflow/lib/python3.8/site-packages/airflow/example_dags/example_branch_datetime_operator.py
[2024-10-04T10:26:05.564+0100] {logging_mixin.py:190} INFO - [2024-10-04T10:26:05.564+0100] {dag.py:3239} INFO - Sync 3 DAGs
[2024-10-04T10:26:05.570+0100] {logging_mixin.py:190} INFO - [2024-10-04T10:26:05.570+0100] {dag.py:4180} INFO - Setting next_dagrun for example_branch_datetime_operator to 2024-10-03 00:00:00+00:00, run_after=2024-10-04 00:00:00+00:00
[2024-10-04T10:26:05.571+0100] {logging_mixin.py:190} INFO - [2024-10-04T10:26:05.571+0100] {dag.py:4180} INFO - Setting next_dagrun for example_branch_datetime_operator_2 to 2024-10-03 00:00:00+00:00, run_after=2024-10-04 00:00:00+00:00
[2024-10-04T10:26:05.572+0100] {logging_mixin.py:190} INFO - [2024-10-04T10:26:05.572+0100] {dag.py:4180} INFO - Setting next_dagrun for example_branch_datetime_operator_3 to 2024-10-03 00:00:00+00:00, run_after=2024-10-04 00:00:00+00:00
[2024-10-04T10:26:05.577+0100] {processor.py:208} INFO - Processing /opt/miniconda3/envs/airflow/lib/python3.8/site-packages/airflow/example_dags/example_branch_datetime_operator.py took 0.071 seconds
[2024-10-04T10:27:59.478+0100] {processor.py:186} INFO - Started process (PID=21395) to work on /opt/miniconda3/envs/airflow/lib/python3.8/site-packages/airflow/example_dags/example_branch_datetime_operator.py
[2024-10-04T10:27:59.480+0100] {processor.py:914} INFO - Processing file /opt/miniconda3/envs/airflow/lib/python3.8/site-packages/airflow/example_dags/example_branch_datetime_operator.py for tasks to queue
[2024-10-04T10:27:59.480+0100] {logging_mixin.py:190} INFO - [2024-10-04T10:27:59.480+0100] {dagbag.py:588} INFO - Filling up the DagBag from /opt/miniconda3/envs/airflow/lib/python3.8/site-packages/airflow/example_dags/example_branch_datetime_operator.py
[2024-10-04T10:27:59.501+0100] {processor.py:925} INFO - DAG(s) 'example_branch_datetime_operator_2', 'example_branch_datetime_operator', 'example_branch_datetime_operator_3' retrieved from /opt/miniconda3/envs/airflow/lib/python3.8/site-packages/airflow/example_dags/example_branch_datetime_operator.py
[2024-10-04T10:27:59.535+0100] {logging_mixin.py:190} INFO - [2024-10-04T10:27:59.535+0100] {dag.py:3239} INFO - Sync 3 DAGs
[2024-10-04T10:27:59.541+0100] {logging_mixin.py:190} INFO - [2024-10-04T10:27:59.541+0100] {dag.py:4180} INFO - Setting next_dagrun for example_branch_datetime_operator to 2024-10-03 00:00:00+00:00, run_after=2024-10-04 00:00:00+00:00
[2024-10-04T10:27:59.542+0100] {logging_mixin.py:190} INFO - [2024-10-04T10:27:59.542+0100] {dag.py:4180} INFO - Setting next_dagrun for example_branch_datetime_operator_2 to 2024-10-03 00:00:00+00:00, run_after=2024-10-04 00:00:00+00:00
[2024-10-04T10:27:59.543+0100] {logging_mixin.py:190} INFO - [2024-10-04T10:27:59.543+0100] {dag.py:4180} INFO - Setting next_dagrun for example_branch_datetime_operator_3 to 2024-10-03 00:00:00+00:00, run_after=2024-10-04 00:00:00+00:00
[2024-10-04T10:27:59.547+0100] {processor.py:208} INFO - Processing /opt/miniconda3/envs/airflow/lib/python3.8/site-packages/airflow/example_dags/example_branch_datetime_operator.py took 0.071 seconds
[2024-10-04T10:29:55.318+0100] {processor.py:186} INFO - Started process (PID=21584) to work on /opt/miniconda3/envs/airflow/lib/python3.8/site-packages/airflow/example_dags/example_branch_datetime_operator.py
[2024-10-04T10:29:55.319+0100] {processor.py:914} INFO - Processing file /opt/miniconda3/envs/airflow/lib/python3.8/site-packages/airflow/example_dags/example_branch_datetime_operator.py for tasks to queue
[2024-10-04T10:29:55.319+0100] {logging_mixin.py:190} INFO - [2024-10-04T10:29:55.319+0100] {dagbag.py:588} INFO - Filling up the DagBag from /opt/miniconda3/envs/airflow/lib/python3.8/site-packages/airflow/example_dags/example_branch_datetime_operator.py
[2024-10-04T10:29:55.341+0100] {processor.py:925} INFO - DAG(s) 'example_branch_datetime_operator_2', 'example_branch_datetime_operator', 'example_branch_datetime_operator_3' retrieved from /opt/miniconda3/envs/airflow/lib/python3.8/site-packages/airflow/example_dags/example_branch_datetime_operator.py
[2024-10-04T10:29:55.376+0100] {logging_mixin.py:190} INFO - [2024-10-04T10:29:55.376+0100] {dag.py:3239} INFO - Sync 3 DAGs
[2024-10-04T10:29:55.382+0100] {logging_mixin.py:190} INFO - [2024-10-04T10:29:55.382+0100] {dag.py:4180} INFO - Setting next_dagrun for example_branch_datetime_operator to 2024-10-04 00:00:00+00:00, run_after=2024-10-05 00:00:00+00:00
[2024-10-04T10:29:55.383+0100] {logging_mixin.py:190} INFO - [2024-10-04T10:29:55.383+0100] {dag.py:4180} INFO - Setting next_dagrun for example_branch_datetime_operator_2 to 2024-10-03 00:00:00+00:00, run_after=2024-10-04 00:00:00+00:00
[2024-10-04T10:29:55.384+0100] {logging_mixin.py:190} INFO - [2024-10-04T10:29:55.384+0100] {dag.py:4180} INFO - Setting next_dagrun for example_branch_datetime_operator_3 to 2024-10-03 00:00:00+00:00, run_after=2024-10-04 00:00:00+00:00
[2024-10-04T10:29:55.389+0100] {processor.py:208} INFO - Processing /opt/miniconda3/envs/airflow/lib/python3.8/site-packages/airflow/example_dags/example_branch_datetime_operator.py took 0.073 seconds
[2024-10-04T10:31:50.359+0100] {processor.py:186} INFO - Started process (PID=21752) to work on /opt/miniconda3/envs/airflow/lib/python3.8/site-packages/airflow/example_dags/example_branch_datetime_operator.py
[2024-10-04T10:31:50.360+0100] {processor.py:914} INFO - Processing file /opt/miniconda3/envs/airflow/lib/python3.8/site-packages/airflow/example_dags/example_branch_datetime_operator.py for tasks to queue
[2024-10-04T10:31:50.360+0100] {logging_mixin.py:190} INFO - [2024-10-04T10:31:50.360+0100] {dagbag.py:588} INFO - Filling up the DagBag from /opt/miniconda3/envs/airflow/lib/python3.8/site-packages/airflow/example_dags/example_branch_datetime_operator.py
[2024-10-04T10:31:50.381+0100] {processor.py:925} INFO - DAG(s) 'example_branch_datetime_operator_3', 'example_branch_datetime_operator', 'example_branch_datetime_operator_2' retrieved from /opt/miniconda3/envs/airflow/lib/python3.8/site-packages/airflow/example_dags/example_branch_datetime_operator.py
[2024-10-04T10:31:50.416+0100] {logging_mixin.py:190} INFO - [2024-10-04T10:31:50.416+0100] {dag.py:3239} INFO - Sync 3 DAGs
[2024-10-04T10:31:50.422+0100] {logging_mixin.py:190} INFO - [2024-10-04T10:31:50.422+0100] {dag.py:4180} INFO - Setting next_dagrun for example_branch_datetime_operator to 2024-10-04 00:00:00+00:00, run_after=2024-10-05 00:00:00+00:00
[2024-10-04T10:31:50.423+0100] {logging_mixin.py:190} INFO - [2024-10-04T10:31:50.423+0100] {dag.py:4180} INFO - Setting next_dagrun for example_branch_datetime_operator_2 to 2024-10-03 00:00:00+00:00, run_after=2024-10-04 00:00:00+00:00
[2024-10-04T10:31:50.424+0100] {logging_mixin.py:190} INFO - [2024-10-04T10:31:50.424+0100] {dag.py:4180} INFO - Setting next_dagrun for example_branch_datetime_operator_3 to 2024-10-03 00:00:00+00:00, run_after=2024-10-04 00:00:00+00:00
[2024-10-04T10:31:50.429+0100] {processor.py:208} INFO - Processing /opt/miniconda3/envs/airflow/lib/python3.8/site-packages/airflow/example_dags/example_branch_datetime_operator.py took 0.071 seconds
[2024-10-04T10:33:54.448+0100] {processor.py:186} INFO - Started process (PID=21922) to work on /opt/miniconda3/envs/airflow/lib/python3.8/site-packages/airflow/example_dags/example_branch_datetime_operator.py
[2024-10-04T10:33:54.449+0100] {processor.py:914} INFO - Processing file /opt/miniconda3/envs/airflow/lib/python3.8/site-packages/airflow/example_dags/example_branch_datetime_operator.py for tasks to queue
[2024-10-04T10:33:54.449+0100] {logging_mixin.py:190} INFO - [2024-10-04T10:33:54.449+0100] {dagbag.py:588} INFO - Filling up the DagBag from /opt/miniconda3/envs/airflow/lib/python3.8/site-packages/airflow/example_dags/example_branch_datetime_operator.py
[2024-10-04T10:33:54.470+0100] {processor.py:925} INFO - DAG(s) 'example_branch_datetime_operator_2', 'example_branch_datetime_operator', 'example_branch_datetime_operator_3' retrieved from /opt/miniconda3/envs/airflow/lib/python3.8/site-packages/airflow/example_dags/example_branch_datetime_operator.py
[2024-10-04T10:33:54.505+0100] {logging_mixin.py:190} INFO - [2024-10-04T10:33:54.505+0100] {dag.py:3239} INFO - Sync 3 DAGs
[2024-10-04T10:33:54.511+0100] {logging_mixin.py:190} INFO - [2024-10-04T10:33:54.511+0100] {dag.py:4180} INFO - Setting next_dagrun for example_branch_datetime_operator to 2024-10-04 00:00:00+00:00, run_after=2024-10-05 00:00:00+00:00
[2024-10-04T10:33:54.512+0100] {logging_mixin.py:190} INFO - [2024-10-04T10:33:54.512+0100] {dag.py:4180} INFO - Setting next_dagrun for example_branch_datetime_operator_2 to 2024-10-03 00:00:00+00:00, run_after=2024-10-04 00:00:00+00:00
[2024-10-04T10:33:54.513+0100] {logging_mixin.py:190} INFO - [2024-10-04T10:33:54.513+0100] {dag.py:4180} INFO - Setting next_dagrun for example_branch_datetime_operator_3 to 2024-10-03 00:00:00+00:00, run_after=2024-10-04 00:00:00+00:00
[2024-10-04T10:33:54.518+0100] {processor.py:208} INFO - Processing /opt/miniconda3/envs/airflow/lib/python3.8/site-packages/airflow/example_dags/example_branch_datetime_operator.py took 0.071 seconds
[2024-10-04T10:36:08.902+0100] {processor.py:186} INFO - Started process (PID=22093) to work on /opt/miniconda3/envs/airflow/lib/python3.8/site-packages/airflow/example_dags/example_branch_datetime_operator.py
[2024-10-04T10:36:08.902+0100] {processor.py:914} INFO - Processing file /opt/miniconda3/envs/airflow/lib/python3.8/site-packages/airflow/example_dags/example_branch_datetime_operator.py for tasks to queue
[2024-10-04T10:36:08.903+0100] {logging_mixin.py:190} INFO - [2024-10-04T10:36:08.903+0100] {dagbag.py:588} INFO - Filling up the DagBag from /opt/miniconda3/envs/airflow/lib/python3.8/site-packages/airflow/example_dags/example_branch_datetime_operator.py
[2024-10-04T10:36:08.923+0100] {processor.py:925} INFO - DAG(s) 'example_branch_datetime_operator', 'example_branch_datetime_operator_2', 'example_branch_datetime_operator_3' retrieved from /opt/miniconda3/envs/airflow/lib/python3.8/site-packages/airflow/example_dags/example_branch_datetime_operator.py
[2024-10-04T10:36:08.957+0100] {logging_mixin.py:190} INFO - [2024-10-04T10:36:08.957+0100] {dag.py:3239} INFO - Sync 3 DAGs
[2024-10-04T10:36:08.963+0100] {logging_mixin.py:190} INFO - [2024-10-04T10:36:08.963+0100] {dag.py:4180} INFO - Setting next_dagrun for example_branch_datetime_operator to 2024-10-04 00:00:00+00:00, run_after=2024-10-05 00:00:00+00:00
[2024-10-04T10:36:08.964+0100] {logging_mixin.py:190} INFO - [2024-10-04T10:36:08.964+0100] {dag.py:4180} INFO - Setting next_dagrun for example_branch_datetime_operator_2 to 2024-10-03 00:00:00+00:00, run_after=2024-10-04 00:00:00+00:00
[2024-10-04T10:36:08.965+0100] {logging_mixin.py:190} INFO - [2024-10-04T10:36:08.965+0100] {dag.py:4180} INFO - Setting next_dagrun for example_branch_datetime_operator_3 to 2024-10-03 00:00:00+00:00, run_after=2024-10-04 00:00:00+00:00
[2024-10-04T10:36:08.970+0100] {processor.py:208} INFO - Processing /opt/miniconda3/envs/airflow/lib/python3.8/site-packages/airflow/example_dags/example_branch_datetime_operator.py took 0.069 seconds
