[2024-10-04T01:55:40.137+0100] {processor.py:186} INFO - Started process (PID=17447) to work on /opt/miniconda3/envs/airflow/lib/python3.8/site-packages/airflow/example_dags/example_complex.py
[2024-10-04T01:55:40.138+0100] {processor.py:914} INFO - Processing file /opt/miniconda3/envs/airflow/lib/python3.8/site-packages/airflow/example_dags/example_complex.py for tasks to queue
[2024-10-04T01:55:40.138+0100] {logging_mixin.py:190} INFO - [2024-10-04T01:55:40.138+0100] {dagbag.py:588} INFO - Filling up the DagBag from /opt/miniconda3/envs/airflow/lib/python3.8/site-packages/airflow/example_dags/example_complex.py
[2024-10-04T01:55:40.159+0100] {processor.py:925} INFO - DAG(s) 'example_complex' retrieved from /opt/miniconda3/envs/airflow/lib/python3.8/site-packages/airflow/example_dags/example_complex.py
[2024-10-04T01:55:40.195+0100] {logging_mixin.py:190} INFO - [2024-10-04T01:55:40.195+0100] {dag.py:3239} INFO - Sync 1 DAGs
[2024-10-04T01:55:40.199+0100] {logging_mixin.py:190} INFO - [2024-10-04T01:55:40.199+0100] {dag.py:4180} INFO - Setting next_dagrun for example_complex to None, run_after=None
[2024-10-04T01:55:40.204+0100] {processor.py:208} INFO - Processing /opt/miniconda3/envs/airflow/lib/python3.8/site-packages/airflow/example_dags/example_complex.py took 0.069 seconds
[2024-10-04T02:14:09.086+0100] {processor.py:186} INFO - Started process (PID=17607) to work on /opt/miniconda3/envs/airflow/lib/python3.8/site-packages/airflow/example_dags/example_complex.py
[2024-10-04T02:14:09.086+0100] {processor.py:914} INFO - Processing file /opt/miniconda3/envs/airflow/lib/python3.8/site-packages/airflow/example_dags/example_complex.py for tasks to queue
[2024-10-04T02:14:09.087+0100] {logging_mixin.py:190} INFO - [2024-10-04T02:14:09.087+0100] {dagbag.py:588} INFO - Filling up the DagBag from /opt/miniconda3/envs/airflow/lib/python3.8/site-packages/airflow/example_dags/example_complex.py
[2024-10-04T02:14:09.107+0100] {processor.py:925} INFO - DAG(s) 'example_complex' retrieved from /opt/miniconda3/envs/airflow/lib/python3.8/site-packages/airflow/example_dags/example_complex.py
[2024-10-04T02:14:09.144+0100] {logging_mixin.py:190} INFO - [2024-10-04T02:14:09.144+0100] {dag.py:3239} INFO - Sync 1 DAGs
[2024-10-04T02:14:09.147+0100] {logging_mixin.py:190} INFO - [2024-10-04T02:14:09.147+0100] {dag.py:4180} INFO - Setting next_dagrun for example_complex to None, run_after=None
[2024-10-04T02:14:09.153+0100] {processor.py:208} INFO - Processing /opt/miniconda3/envs/airflow/lib/python3.8/site-packages/airflow/example_dags/example_complex.py took 0.069 seconds
[2024-10-04T03:51:16.160+0100] {processor.py:186} INFO - Started process (PID=17755) to work on /opt/miniconda3/envs/airflow/lib/python3.8/site-packages/airflow/example_dags/example_complex.py
[2024-10-04T03:51:16.161+0100] {processor.py:914} INFO - Processing file /opt/miniconda3/envs/airflow/lib/python3.8/site-packages/airflow/example_dags/example_complex.py for tasks to queue
[2024-10-04T03:51:16.161+0100] {logging_mixin.py:190} INFO - [2024-10-04T03:51:16.161+0100] {dagbag.py:588} INFO - Filling up the DagBag from /opt/miniconda3/envs/airflow/lib/python3.8/site-packages/airflow/example_dags/example_complex.py
[2024-10-04T03:51:16.182+0100] {processor.py:925} INFO - DAG(s) 'example_complex' retrieved from /opt/miniconda3/envs/airflow/lib/python3.8/site-packages/airflow/example_dags/example_complex.py
[2024-10-04T03:51:16.218+0100] {logging_mixin.py:190} INFO - [2024-10-04T03:51:16.218+0100] {dag.py:3239} INFO - Sync 1 DAGs
[2024-10-04T03:51:16.222+0100] {logging_mixin.py:190} INFO - [2024-10-04T03:51:16.222+0100] {dag.py:4180} INFO - Setting next_dagrun for example_complex to None, run_after=None
[2024-10-04T03:51:16.227+0100] {processor.py:208} INFO - Processing /opt/miniconda3/envs/airflow/lib/python3.8/site-packages/airflow/example_dags/example_complex.py took 0.068 seconds
[2024-10-04T04:16:37.687+0100] {processor.py:186} INFO - Started process (PID=17930) to work on /opt/miniconda3/envs/airflow/lib/python3.8/site-packages/airflow/example_dags/example_complex.py
[2024-10-04T04:16:37.688+0100] {processor.py:914} INFO - Processing file /opt/miniconda3/envs/airflow/lib/python3.8/site-packages/airflow/example_dags/example_complex.py for tasks to queue
[2024-10-04T04:16:37.688+0100] {logging_mixin.py:190} INFO - [2024-10-04T04:16:37.688+0100] {dagbag.py:588} INFO - Filling up the DagBag from /opt/miniconda3/envs/airflow/lib/python3.8/site-packages/airflow/example_dags/example_complex.py
[2024-10-04T04:16:37.709+0100] {processor.py:925} INFO - DAG(s) 'example_complex' retrieved from /opt/miniconda3/envs/airflow/lib/python3.8/site-packages/airflow/example_dags/example_complex.py
[2024-10-04T04:16:37.746+0100] {logging_mixin.py:190} INFO - [2024-10-04T04:16:37.746+0100] {dag.py:3239} INFO - Sync 1 DAGs
[2024-10-04T04:16:37.749+0100] {logging_mixin.py:190} INFO - [2024-10-04T04:16:37.749+0100] {dag.py:4180} INFO - Setting next_dagrun for example_complex to None, run_after=None
[2024-10-04T04:16:37.755+0100] {processor.py:208} INFO - Processing /opt/miniconda3/envs/airflow/lib/python3.8/site-packages/airflow/example_dags/example_complex.py took 0.069 seconds
[2024-10-04T06:14:30.405+0100] {processor.py:186} INFO - Started process (PID=18080) to work on /opt/miniconda3/envs/airflow/lib/python3.8/site-packages/airflow/example_dags/example_complex.py
[2024-10-04T06:14:30.406+0100] {processor.py:914} INFO - Processing file /opt/miniconda3/envs/airflow/lib/python3.8/site-packages/airflow/example_dags/example_complex.py for tasks to queue
[2024-10-04T06:14:30.406+0100] {logging_mixin.py:190} INFO - [2024-10-04T06:14:30.406+0100] {dagbag.py:588} INFO - Filling up the DagBag from /opt/miniconda3/envs/airflow/lib/python3.8/site-packages/airflow/example_dags/example_complex.py
[2024-10-04T06:14:30.427+0100] {processor.py:925} INFO - DAG(s) 'example_complex' retrieved from /opt/miniconda3/envs/airflow/lib/python3.8/site-packages/airflow/example_dags/example_complex.py
[2024-10-04T06:14:30.464+0100] {logging_mixin.py:190} INFO - [2024-10-04T06:14:30.463+0100] {dag.py:3239} INFO - Sync 1 DAGs
[2024-10-04T06:14:30.467+0100] {logging_mixin.py:190} INFO - [2024-10-04T06:14:30.467+0100] {dag.py:4180} INFO - Setting next_dagrun for example_complex to None, run_after=None
[2024-10-04T06:14:30.472+0100] {processor.py:208} INFO - Processing /opt/miniconda3/envs/airflow/lib/python3.8/site-packages/airflow/example_dags/example_complex.py took 0.069 seconds
[2024-10-04T06:16:20.359+0100] {processor.py:186} INFO - Started process (PID=19901) to work on /opt/miniconda3/envs/airflow/lib/python3.8/site-packages/airflow/example_dags/example_complex.py
[2024-10-04T06:16:20.360+0100] {processor.py:914} INFO - Processing file /opt/miniconda3/envs/airflow/lib/python3.8/site-packages/airflow/example_dags/example_complex.py for tasks to queue
[2024-10-04T06:16:20.361+0100] {logging_mixin.py:190} INFO - [2024-10-04T06:16:20.361+0100] {dagbag.py:588} INFO - Filling up the DagBag from /opt/miniconda3/envs/airflow/lib/python3.8/site-packages/airflow/example_dags/example_complex.py
[2024-10-04T06:16:20.381+0100] {processor.py:925} INFO - DAG(s) 'example_complex' retrieved from /opt/miniconda3/envs/airflow/lib/python3.8/site-packages/airflow/example_dags/example_complex.py
[2024-10-04T06:16:20.418+0100] {logging_mixin.py:190} INFO - [2024-10-04T06:16:20.418+0100] {dag.py:3239} INFO - Sync 1 DAGs
[2024-10-04T06:16:20.421+0100] {logging_mixin.py:190} INFO - [2024-10-04T06:16:20.421+0100] {dag.py:4180} INFO - Setting next_dagrun for example_complex to None, run_after=None
[2024-10-04T06:16:20.427+0100] {processor.py:208} INFO - Processing /opt/miniconda3/envs/airflow/lib/python3.8/site-packages/airflow/example_dags/example_complex.py took 0.069 seconds
[2024-10-04T08:39:00.994+0100] {processor.py:186} INFO - Started process (PID=20145) to work on /opt/miniconda3/envs/airflow/lib/python3.8/site-packages/airflow/example_dags/example_complex.py
[2024-10-04T08:39:00.994+0100] {processor.py:914} INFO - Processing file /opt/miniconda3/envs/airflow/lib/python3.8/site-packages/airflow/example_dags/example_complex.py for tasks to queue
[2024-10-04T08:39:00.994+0100] {logging_mixin.py:190} INFO - [2024-10-04T08:39:00.994+0100] {dagbag.py:588} INFO - Filling up the DagBag from /opt/miniconda3/envs/airflow/lib/python3.8/site-packages/airflow/example_dags/example_complex.py
[2024-10-04T08:39:01.014+0100] {processor.py:925} INFO - DAG(s) 'example_complex' retrieved from /opt/miniconda3/envs/airflow/lib/python3.8/site-packages/airflow/example_dags/example_complex.py
[2024-10-04T08:39:01.051+0100] {logging_mixin.py:190} INFO - [2024-10-04T08:39:01.051+0100] {dag.py:3239} INFO - Sync 1 DAGs
[2024-10-04T08:39:01.055+0100] {logging_mixin.py:190} INFO - [2024-10-04T08:39:01.054+0100] {dag.py:4180} INFO - Setting next_dagrun for example_complex to None, run_after=None
[2024-10-04T08:39:01.060+0100] {processor.py:208} INFO - Processing /opt/miniconda3/envs/airflow/lib/python3.8/site-packages/airflow/example_dags/example_complex.py took 0.068 seconds
[2024-10-04T08:40:51.832+0100] {processor.py:186} INFO - Started process (PID=20301) to work on /opt/miniconda3/envs/airflow/lib/python3.8/site-packages/airflow/example_dags/example_complex.py
[2024-10-04T08:40:51.832+0100] {processor.py:914} INFO - Processing file /opt/miniconda3/envs/airflow/lib/python3.8/site-packages/airflow/example_dags/example_complex.py for tasks to queue
[2024-10-04T08:40:51.833+0100] {logging_mixin.py:190} INFO - [2024-10-04T08:40:51.833+0100] {dagbag.py:588} INFO - Filling up the DagBag from /opt/miniconda3/envs/airflow/lib/python3.8/site-packages/airflow/example_dags/example_complex.py
[2024-10-04T08:40:51.853+0100] {processor.py:925} INFO - DAG(s) 'example_complex' retrieved from /opt/miniconda3/envs/airflow/lib/python3.8/site-packages/airflow/example_dags/example_complex.py
[2024-10-04T08:40:51.890+0100] {logging_mixin.py:190} INFO - [2024-10-04T08:40:51.889+0100] {dag.py:3239} INFO - Sync 1 DAGs
[2024-10-04T08:40:51.893+0100] {logging_mixin.py:190} INFO - [2024-10-04T08:40:51.893+0100] {dag.py:4180} INFO - Setting next_dagrun for example_complex to None, run_after=None
[2024-10-04T08:40:51.899+0100] {processor.py:208} INFO - Processing /opt/miniconda3/envs/airflow/lib/python3.8/site-packages/airflow/example_dags/example_complex.py took 0.068 seconds
[2024-10-04T09:41:42.261+0100] {processor.py:186} INFO - Started process (PID=20548) to work on /opt/miniconda3/envs/airflow/lib/python3.8/site-packages/airflow/example_dags/example_complex.py
[2024-10-04T09:41:42.262+0100] {processor.py:914} INFO - Processing file /opt/miniconda3/envs/airflow/lib/python3.8/site-packages/airflow/example_dags/example_complex.py for tasks to queue
[2024-10-04T09:41:42.262+0100] {logging_mixin.py:190} INFO - [2024-10-04T09:41:42.262+0100] {dagbag.py:588} INFO - Filling up the DagBag from /opt/miniconda3/envs/airflow/lib/python3.8/site-packages/airflow/example_dags/example_complex.py
[2024-10-04T09:41:42.282+0100] {processor.py:925} INFO - DAG(s) 'example_complex' retrieved from /opt/miniconda3/envs/airflow/lib/python3.8/site-packages/airflow/example_dags/example_complex.py
[2024-10-04T09:41:42.319+0100] {logging_mixin.py:190} INFO - [2024-10-04T09:41:42.319+0100] {dag.py:3239} INFO - Sync 1 DAGs
[2024-10-04T09:41:42.323+0100] {logging_mixin.py:190} INFO - [2024-10-04T09:41:42.323+0100] {dag.py:4180} INFO - Setting next_dagrun for example_complex to None, run_after=None
[2024-10-04T09:41:42.328+0100] {processor.py:208} INFO - Processing /opt/miniconda3/envs/airflow/lib/python3.8/site-packages/airflow/example_dags/example_complex.py took 0.069 seconds
[2024-10-04T09:43:35.397+0100] {processor.py:186} INFO - Started process (PID=20696) to work on /opt/miniconda3/envs/airflow/lib/python3.8/site-packages/airflow/example_dags/example_complex.py
[2024-10-04T09:43:35.397+0100] {processor.py:914} INFO - Processing file /opt/miniconda3/envs/airflow/lib/python3.8/site-packages/airflow/example_dags/example_complex.py for tasks to queue
[2024-10-04T09:43:35.398+0100] {logging_mixin.py:190} INFO - [2024-10-04T09:43:35.397+0100] {dagbag.py:588} INFO - Filling up the DagBag from /opt/miniconda3/envs/airflow/lib/python3.8/site-packages/airflow/example_dags/example_complex.py
[2024-10-04T09:43:35.418+0100] {processor.py:925} INFO - DAG(s) 'example_complex' retrieved from /opt/miniconda3/envs/airflow/lib/python3.8/site-packages/airflow/example_dags/example_complex.py
[2024-10-04T09:43:35.454+0100] {logging_mixin.py:190} INFO - [2024-10-04T09:43:35.454+0100] {dag.py:3239} INFO - Sync 1 DAGs
[2024-10-04T09:43:35.458+0100] {logging_mixin.py:190} INFO - [2024-10-04T09:43:35.458+0100] {dag.py:4180} INFO - Setting next_dagrun for example_complex to None, run_after=None
[2024-10-04T09:43:35.463+0100] {processor.py:208} INFO - Processing /opt/miniconda3/envs/airflow/lib/python3.8/site-packages/airflow/example_dags/example_complex.py took 0.068 seconds
[2024-10-04T10:20:39.352+0100] {processor.py:186} INFO - Started process (PID=20900) to work on /opt/miniconda3/envs/airflow/lib/python3.8/site-packages/airflow/example_dags/example_complex.py
[2024-10-04T10:20:39.353+0100] {processor.py:914} INFO - Processing file /opt/miniconda3/envs/airflow/lib/python3.8/site-packages/airflow/example_dags/example_complex.py for tasks to queue
[2024-10-04T10:20:39.353+0100] {logging_mixin.py:190} INFO - [2024-10-04T10:20:39.353+0100] {dagbag.py:588} INFO - Filling up the DagBag from /opt/miniconda3/envs/airflow/lib/python3.8/site-packages/airflow/example_dags/example_complex.py
[2024-10-04T10:20:39.374+0100] {processor.py:925} INFO - DAG(s) 'example_complex' retrieved from /opt/miniconda3/envs/airflow/lib/python3.8/site-packages/airflow/example_dags/example_complex.py
[2024-10-04T10:20:39.411+0100] {logging_mixin.py:190} INFO - [2024-10-04T10:20:39.411+0100] {dag.py:3239} INFO - Sync 1 DAGs
[2024-10-04T10:20:39.414+0100] {logging_mixin.py:190} INFO - [2024-10-04T10:20:39.414+0100] {dag.py:4180} INFO - Setting next_dagrun for example_complex to None, run_after=None
[2024-10-04T10:20:39.420+0100] {processor.py:208} INFO - Processing /opt/miniconda3/envs/airflow/lib/python3.8/site-packages/airflow/example_dags/example_complex.py took 0.070 seconds
[2024-10-04T10:22:41.917+0100] {processor.py:186} INFO - Started process (PID=21059) to work on /opt/miniconda3/envs/airflow/lib/python3.8/site-packages/airflow/example_dags/example_complex.py
[2024-10-04T10:22:41.917+0100] {processor.py:914} INFO - Processing file /opt/miniconda3/envs/airflow/lib/python3.8/site-packages/airflow/example_dags/example_complex.py for tasks to queue
[2024-10-04T10:22:41.918+0100] {logging_mixin.py:190} INFO - [2024-10-04T10:22:41.918+0100] {dagbag.py:588} INFO - Filling up the DagBag from /opt/miniconda3/envs/airflow/lib/python3.8/site-packages/airflow/example_dags/example_complex.py
[2024-10-04T10:22:41.939+0100] {processor.py:925} INFO - DAG(s) 'example_complex' retrieved from /opt/miniconda3/envs/airflow/lib/python3.8/site-packages/airflow/example_dags/example_complex.py
[2024-10-04T10:22:41.976+0100] {logging_mixin.py:190} INFO - [2024-10-04T10:22:41.976+0100] {dag.py:3239} INFO - Sync 1 DAGs
[2024-10-04T10:22:41.980+0100] {logging_mixin.py:190} INFO - [2024-10-04T10:22:41.980+0100] {dag.py:4180} INFO - Setting next_dagrun for example_complex to None, run_after=None
[2024-10-04T10:22:41.985+0100] {processor.py:208} INFO - Processing /opt/miniconda3/envs/airflow/lib/python3.8/site-packages/airflow/example_dags/example_complex.py took 0.070 seconds
[2024-10-04T10:25:57.238+0100] {processor.py:186} INFO - Started process (PID=21229) to work on /opt/miniconda3/envs/airflow/lib/python3.8/site-packages/airflow/example_dags/example_complex.py
[2024-10-04T10:25:57.239+0100] {processor.py:914} INFO - Processing file /opt/miniconda3/envs/airflow/lib/python3.8/site-packages/airflow/example_dags/example_complex.py for tasks to queue
[2024-10-04T10:25:57.240+0100] {logging_mixin.py:190} INFO - [2024-10-04T10:25:57.240+0100] {dagbag.py:588} INFO - Filling up the DagBag from /opt/miniconda3/envs/airflow/lib/python3.8/site-packages/airflow/example_dags/example_complex.py
[2024-10-04T10:25:57.261+0100] {processor.py:925} INFO - DAG(s) 'example_complex' retrieved from /opt/miniconda3/envs/airflow/lib/python3.8/site-packages/airflow/example_dags/example_complex.py
[2024-10-04T10:25:57.299+0100] {logging_mixin.py:190} INFO - [2024-10-04T10:25:57.299+0100] {dag.py:3239} INFO - Sync 1 DAGs
[2024-10-04T10:25:57.302+0100] {logging_mixin.py:190} INFO - [2024-10-04T10:25:57.302+0100] {dag.py:4180} INFO - Setting next_dagrun for example_complex to None, run_after=None
[2024-10-04T10:25:57.308+0100] {processor.py:208} INFO - Processing /opt/miniconda3/envs/airflow/lib/python3.8/site-packages/airflow/example_dags/example_complex.py took 0.072 seconds
[2024-10-04T10:27:50.487+0100] {processor.py:186} INFO - Started process (PID=21383) to work on /opt/miniconda3/envs/airflow/lib/python3.8/site-packages/airflow/example_dags/example_complex.py
[2024-10-04T10:27:50.488+0100] {processor.py:914} INFO - Processing file /opt/miniconda3/envs/airflow/lib/python3.8/site-packages/airflow/example_dags/example_complex.py for tasks to queue
[2024-10-04T10:27:50.488+0100] {logging_mixin.py:190} INFO - [2024-10-04T10:27:50.488+0100] {dagbag.py:588} INFO - Filling up the DagBag from /opt/miniconda3/envs/airflow/lib/python3.8/site-packages/airflow/example_dags/example_complex.py
[2024-10-04T10:27:50.511+0100] {processor.py:925} INFO - DAG(s) 'example_complex' retrieved from /opt/miniconda3/envs/airflow/lib/python3.8/site-packages/airflow/example_dags/example_complex.py
[2024-10-04T10:27:50.548+0100] {logging_mixin.py:190} INFO - [2024-10-04T10:27:50.548+0100] {dag.py:3239} INFO - Sync 1 DAGs
[2024-10-04T10:27:50.551+0100] {logging_mixin.py:190} INFO - [2024-10-04T10:27:50.551+0100] {dag.py:4180} INFO - Setting next_dagrun for example_complex to None, run_after=None
[2024-10-04T10:27:50.557+0100] {processor.py:208} INFO - Processing /opt/miniconda3/envs/airflow/lib/python3.8/site-packages/airflow/example_dags/example_complex.py took 0.072 seconds
[2024-10-04T10:29:45.616+0100] {processor.py:186} INFO - Started process (PID=21568) to work on /opt/miniconda3/envs/airflow/lib/python3.8/site-packages/airflow/example_dags/example_complex.py
[2024-10-04T10:29:45.617+0100] {processor.py:914} INFO - Processing file /opt/miniconda3/envs/airflow/lib/python3.8/site-packages/airflow/example_dags/example_complex.py for tasks to queue
[2024-10-04T10:29:45.617+0100] {logging_mixin.py:190} INFO - [2024-10-04T10:29:45.617+0100] {dagbag.py:588} INFO - Filling up the DagBag from /opt/miniconda3/envs/airflow/lib/python3.8/site-packages/airflow/example_dags/example_complex.py
[2024-10-04T10:29:45.640+0100] {processor.py:925} INFO - DAG(s) 'example_complex' retrieved from /opt/miniconda3/envs/airflow/lib/python3.8/site-packages/airflow/example_dags/example_complex.py
[2024-10-04T10:29:45.678+0100] {logging_mixin.py:190} INFO - [2024-10-04T10:29:45.678+0100] {dag.py:3239} INFO - Sync 1 DAGs
[2024-10-04T10:29:45.681+0100] {logging_mixin.py:190} INFO - [2024-10-04T10:29:45.681+0100] {dag.py:4180} INFO - Setting next_dagrun for example_complex to None, run_after=None
[2024-10-04T10:29:45.687+0100] {processor.py:208} INFO - Processing /opt/miniconda3/envs/airflow/lib/python3.8/site-packages/airflow/example_dags/example_complex.py took 0.073 seconds
[2024-10-04T10:31:40.104+0100] {processor.py:186} INFO - Started process (PID=21738) to work on /opt/miniconda3/envs/airflow/lib/python3.8/site-packages/airflow/example_dags/example_complex.py
[2024-10-04T10:31:40.105+0100] {processor.py:914} INFO - Processing file /opt/miniconda3/envs/airflow/lib/python3.8/site-packages/airflow/example_dags/example_complex.py for tasks to queue
[2024-10-04T10:31:40.105+0100] {logging_mixin.py:190} INFO - [2024-10-04T10:31:40.105+0100] {dagbag.py:588} INFO - Filling up the DagBag from /opt/miniconda3/envs/airflow/lib/python3.8/site-packages/airflow/example_dags/example_complex.py
[2024-10-04T10:31:40.136+0100] {processor.py:925} INFO - DAG(s) 'example_complex' retrieved from /opt/miniconda3/envs/airflow/lib/python3.8/site-packages/airflow/example_dags/example_complex.py
[2024-10-04T10:31:40.174+0100] {logging_mixin.py:190} INFO - [2024-10-04T10:31:40.174+0100] {dag.py:3239} INFO - Sync 1 DAGs
[2024-10-04T10:31:40.177+0100] {logging_mixin.py:190} INFO - [2024-10-04T10:31:40.177+0100] {dag.py:4180} INFO - Setting next_dagrun for example_complex to None, run_after=None
[2024-10-04T10:31:40.183+0100] {processor.py:208} INFO - Processing /opt/miniconda3/envs/airflow/lib/python3.8/site-packages/airflow/example_dags/example_complex.py took 0.080 seconds
[2024-10-04T10:33:44.159+0100] {processor.py:186} INFO - Started process (PID=21908) to work on /opt/miniconda3/envs/airflow/lib/python3.8/site-packages/airflow/example_dags/example_complex.py
[2024-10-04T10:33:44.159+0100] {processor.py:914} INFO - Processing file /opt/miniconda3/envs/airflow/lib/python3.8/site-packages/airflow/example_dags/example_complex.py for tasks to queue
[2024-10-04T10:33:44.159+0100] {logging_mixin.py:190} INFO - [2024-10-04T10:33:44.159+0100] {dagbag.py:588} INFO - Filling up the DagBag from /opt/miniconda3/envs/airflow/lib/python3.8/site-packages/airflow/example_dags/example_complex.py
[2024-10-04T10:33:44.180+0100] {processor.py:925} INFO - DAG(s) 'example_complex' retrieved from /opt/miniconda3/envs/airflow/lib/python3.8/site-packages/airflow/example_dags/example_complex.py
[2024-10-04T10:33:44.217+0100] {logging_mixin.py:190} INFO - [2024-10-04T10:33:44.217+0100] {dag.py:3239} INFO - Sync 1 DAGs
[2024-10-04T10:33:44.220+0100] {logging_mixin.py:190} INFO - [2024-10-04T10:33:44.220+0100] {dag.py:4180} INFO - Setting next_dagrun for example_complex to None, run_after=None
[2024-10-04T10:33:44.226+0100] {processor.py:208} INFO - Processing /opt/miniconda3/envs/airflow/lib/python3.8/site-packages/airflow/example_dags/example_complex.py took 0.069 seconds
[2024-10-04T10:35:58.682+0100] {processor.py:186} INFO - Started process (PID=22080) to work on /opt/miniconda3/envs/airflow/lib/python3.8/site-packages/airflow/example_dags/example_complex.py
[2024-10-04T10:35:58.682+0100] {processor.py:914} INFO - Processing file /opt/miniconda3/envs/airflow/lib/python3.8/site-packages/airflow/example_dags/example_complex.py for tasks to queue
[2024-10-04T10:35:58.682+0100] {logging_mixin.py:190} INFO - [2024-10-04T10:35:58.682+0100] {dagbag.py:588} INFO - Filling up the DagBag from /opt/miniconda3/envs/airflow/lib/python3.8/site-packages/airflow/example_dags/example_complex.py
[2024-10-04T10:35:58.703+0100] {processor.py:925} INFO - DAG(s) 'example_complex' retrieved from /opt/miniconda3/envs/airflow/lib/python3.8/site-packages/airflow/example_dags/example_complex.py
[2024-10-04T10:35:58.741+0100] {logging_mixin.py:190} INFO - [2024-10-04T10:35:58.740+0100] {dag.py:3239} INFO - Sync 1 DAGs
[2024-10-04T10:35:58.744+0100] {logging_mixin.py:190} INFO - [2024-10-04T10:35:58.744+0100] {dag.py:4180} INFO - Setting next_dagrun for example_complex to None, run_after=None
[2024-10-04T10:35:58.749+0100] {processor.py:208} INFO - Processing /opt/miniconda3/envs/airflow/lib/python3.8/site-packages/airflow/example_dags/example_complex.py took 0.069 seconds
[2024-10-04T10:38:13.051+0100] {processor.py:186} INFO - Started process (PID=22270) to work on /opt/miniconda3/envs/airflow/lib/python3.8/site-packages/airflow/example_dags/example_complex.py
[2024-10-04T10:38:13.052+0100] {processor.py:914} INFO - Processing file /opt/miniconda3/envs/airflow/lib/python3.8/site-packages/airflow/example_dags/example_complex.py for tasks to queue
[2024-10-04T10:38:13.053+0100] {logging_mixin.py:190} INFO - [2024-10-04T10:38:13.053+0100] {dagbag.py:588} INFO - Filling up the DagBag from /opt/miniconda3/envs/airflow/lib/python3.8/site-packages/airflow/example_dags/example_complex.py
[2024-10-04T10:38:13.075+0100] {processor.py:925} INFO - DAG(s) 'example_complex' retrieved from /opt/miniconda3/envs/airflow/lib/python3.8/site-packages/airflow/example_dags/example_complex.py
[2024-10-04T10:38:13.114+0100] {logging_mixin.py:190} INFO - [2024-10-04T10:38:13.114+0100] {dag.py:3239} INFO - Sync 1 DAGs
[2024-10-04T10:38:13.117+0100] {logging_mixin.py:190} INFO - [2024-10-04T10:38:13.117+0100] {dag.py:4180} INFO - Setting next_dagrun for example_complex to None, run_after=None
[2024-10-04T10:38:13.123+0100] {processor.py:208} INFO - Processing /opt/miniconda3/envs/airflow/lib/python3.8/site-packages/airflow/example_dags/example_complex.py took 0.074 seconds
