[2024-10-04T01:54:56.926+0100] {processor.py:186} INFO - Started process (PID=17392) to work on /opt/miniconda3/envs/airflow/lib/python3.8/site-packages/airflow/example_dags/example_short_circuit_operator.py
[2024-10-04T01:54:56.926+0100] {processor.py:914} INFO - Processing file /opt/miniconda3/envs/airflow/lib/python3.8/site-packages/airflow/example_dags/example_short_circuit_operator.py for tasks to queue
[2024-10-04T01:54:56.926+0100] {logging_mixin.py:190} INFO - [2024-10-04T01:54:56.926+0100] {dagbag.py:588} INFO - Filling up the DagBag from /opt/miniconda3/envs/airflow/lib/python3.8/site-packages/airflow/example_dags/example_short_circuit_operator.py
[2024-10-04T01:54:56.951+0100] {processor.py:925} INFO - DAG(s) 'example_short_circuit_operator' retrieved from /opt/miniconda3/envs/airflow/lib/python3.8/site-packages/airflow/example_dags/example_short_circuit_operator.py
[2024-10-04T01:54:56.984+0100] {logging_mixin.py:190} INFO - [2024-10-04T01:54:56.984+0100] {dag.py:3239} INFO - Sync 1 DAGs
[2024-10-04T01:54:56.988+0100] {logging_mixin.py:190} INFO - [2024-10-04T01:54:56.987+0100] {dag.py:4180} INFO - Setting next_dagrun for example_short_circuit_operator to None, run_after=None
[2024-10-04T01:54:56.993+0100] {processor.py:208} INFO - Processing /opt/miniconda3/envs/airflow/lib/python3.8/site-packages/airflow/example_dags/example_short_circuit_operator.py took 0.069 seconds
[2024-10-04T01:56:26.580+0100] {processor.py:186} INFO - Started process (PID=17506) to work on /opt/miniconda3/envs/airflow/lib/python3.8/site-packages/airflow/example_dags/example_short_circuit_operator.py
[2024-10-04T01:56:26.581+0100] {processor.py:914} INFO - Processing file /opt/miniconda3/envs/airflow/lib/python3.8/site-packages/airflow/example_dags/example_short_circuit_operator.py for tasks to queue
[2024-10-04T01:56:26.581+0100] {logging_mixin.py:190} INFO - [2024-10-04T01:56:26.581+0100] {dagbag.py:588} INFO - Filling up the DagBag from /opt/miniconda3/envs/airflow/lib/python3.8/site-packages/airflow/example_dags/example_short_circuit_operator.py
[2024-10-04T01:56:26.604+0100] {processor.py:925} INFO - DAG(s) 'example_short_circuit_operator' retrieved from /opt/miniconda3/envs/airflow/lib/python3.8/site-packages/airflow/example_dags/example_short_circuit_operator.py
[2024-10-04T01:56:26.637+0100] {logging_mixin.py:190} INFO - [2024-10-04T01:56:26.637+0100] {dag.py:3239} INFO - Sync 1 DAGs
[2024-10-04T01:56:26.640+0100] {logging_mixin.py:190} INFO - [2024-10-04T01:56:26.640+0100] {dag.py:4180} INFO - Setting next_dagrun for example_short_circuit_operator to None, run_after=None
[2024-10-04T01:56:26.646+0100] {processor.py:208} INFO - Processing /opt/miniconda3/envs/airflow/lib/python3.8/site-packages/airflow/example_dags/example_short_circuit_operator.py took 0.067 seconds
[2024-10-04T03:50:32.948+0100] {processor.py:186} INFO - Started process (PID=17691) to work on /opt/miniconda3/envs/airflow/lib/python3.8/site-packages/airflow/example_dags/example_short_circuit_operator.py
[2024-10-04T03:50:32.948+0100] {processor.py:914} INFO - Processing file /opt/miniconda3/envs/airflow/lib/python3.8/site-packages/airflow/example_dags/example_short_circuit_operator.py for tasks to queue
[2024-10-04T03:50:32.948+0100] {logging_mixin.py:190} INFO - [2024-10-04T03:50:32.948+0100] {dagbag.py:588} INFO - Filling up the DagBag from /opt/miniconda3/envs/airflow/lib/python3.8/site-packages/airflow/example_dags/example_short_circuit_operator.py
[2024-10-04T03:50:32.972+0100] {processor.py:925} INFO - DAG(s) 'example_short_circuit_operator' retrieved from /opt/miniconda3/envs/airflow/lib/python3.8/site-packages/airflow/example_dags/example_short_circuit_operator.py
[2024-10-04T03:50:33.005+0100] {logging_mixin.py:190} INFO - [2024-10-04T03:50:33.005+0100] {dag.py:3239} INFO - Sync 1 DAGs
[2024-10-04T03:50:33.008+0100] {logging_mixin.py:190} INFO - [2024-10-04T03:50:33.008+0100] {dag.py:4180} INFO - Setting next_dagrun for example_short_circuit_operator to None, run_after=None
[2024-10-04T03:50:33.014+0100] {processor.py:208} INFO - Processing /opt/miniconda3/envs/airflow/lib/python3.8/site-packages/airflow/example_dags/example_short_circuit_operator.py took 0.068 seconds
[2024-10-04T03:52:07.263+0100] {processor.py:186} INFO - Started process (PID=17819) to work on /opt/miniconda3/envs/airflow/lib/python3.8/site-packages/airflow/example_dags/example_short_circuit_operator.py
[2024-10-04T03:52:07.264+0100] {processor.py:914} INFO - Processing file /opt/miniconda3/envs/airflow/lib/python3.8/site-packages/airflow/example_dags/example_short_circuit_operator.py for tasks to queue
[2024-10-04T03:52:07.264+0100] {logging_mixin.py:190} INFO - [2024-10-04T03:52:07.264+0100] {dagbag.py:588} INFO - Filling up the DagBag from /opt/miniconda3/envs/airflow/lib/python3.8/site-packages/airflow/example_dags/example_short_circuit_operator.py
[2024-10-04T03:52:07.288+0100] {processor.py:925} INFO - DAG(s) 'example_short_circuit_operator' retrieved from /opt/miniconda3/envs/airflow/lib/python3.8/site-packages/airflow/example_dags/example_short_circuit_operator.py
[2024-10-04T03:52:07.321+0100] {logging_mixin.py:190} INFO - [2024-10-04T03:52:07.321+0100] {dag.py:3239} INFO - Sync 1 DAGs
[2024-10-04T03:52:07.324+0100] {logging_mixin.py:190} INFO - [2024-10-04T03:52:07.324+0100] {dag.py:4180} INFO - Setting next_dagrun for example_short_circuit_operator to None, run_after=None
[2024-10-04T03:52:07.330+0100] {processor.py:208} INFO - Processing /opt/miniconda3/envs/airflow/lib/python3.8/site-packages/airflow/example_dags/example_short_circuit_operator.py took 0.069 seconds
[2024-10-04T06:13:50.537+0100] {processor.py:186} INFO - Started process (PID=18018) to work on /opt/miniconda3/envs/airflow/lib/python3.8/site-packages/airflow/example_dags/example_short_circuit_operator.py
[2024-10-04T06:13:50.538+0100] {processor.py:914} INFO - Processing file /opt/miniconda3/envs/airflow/lib/python3.8/site-packages/airflow/example_dags/example_short_circuit_operator.py for tasks to queue
[2024-10-04T06:13:50.538+0100] {logging_mixin.py:190} INFO - [2024-10-04T06:13:50.538+0100] {dagbag.py:588} INFO - Filling up the DagBag from /opt/miniconda3/envs/airflow/lib/python3.8/site-packages/airflow/example_dags/example_short_circuit_operator.py
[2024-10-04T06:13:50.567+0100] {processor.py:925} INFO - DAG(s) 'example_short_circuit_operator' retrieved from /opt/miniconda3/envs/airflow/lib/python3.8/site-packages/airflow/example_dags/example_short_circuit_operator.py
[2024-10-04T06:13:50.604+0100] {logging_mixin.py:190} INFO - [2024-10-04T06:13:50.604+0100] {dag.py:3239} INFO - Sync 1 DAGs
[2024-10-04T06:13:50.607+0100] {logging_mixin.py:190} INFO - [2024-10-04T06:13:50.607+0100] {dag.py:4180} INFO - Setting next_dagrun for example_short_circuit_operator to None, run_after=None
[2024-10-04T06:13:50.613+0100] {processor.py:208} INFO - Processing /opt/miniconda3/envs/airflow/lib/python3.8/site-packages/airflow/example_dags/example_short_circuit_operator.py took 0.077 seconds
[2024-10-04T06:15:09.155+0100] {processor.py:186} INFO - Started process (PID=18141) to work on /opt/miniconda3/envs/airflow/lib/python3.8/site-packages/airflow/example_dags/example_short_circuit_operator.py
[2024-10-04T06:15:09.156+0100] {processor.py:914} INFO - Processing file /opt/miniconda3/envs/airflow/lib/python3.8/site-packages/airflow/example_dags/example_short_circuit_operator.py for tasks to queue
[2024-10-04T06:15:09.156+0100] {logging_mixin.py:190} INFO - [2024-10-04T06:15:09.156+0100] {dagbag.py:588} INFO - Filling up the DagBag from /opt/miniconda3/envs/airflow/lib/python3.8/site-packages/airflow/example_dags/example_short_circuit_operator.py
[2024-10-04T06:15:09.180+0100] {processor.py:925} INFO - DAG(s) 'example_short_circuit_operator' retrieved from /opt/miniconda3/envs/airflow/lib/python3.8/site-packages/airflow/example_dags/example_short_circuit_operator.py
[2024-10-04T06:15:09.212+0100] {logging_mixin.py:190} INFO - [2024-10-04T06:15:09.212+0100] {dag.py:3239} INFO - Sync 1 DAGs
[2024-10-04T06:15:09.216+0100] {logging_mixin.py:190} INFO - [2024-10-04T06:15:09.216+0100] {dag.py:4180} INFO - Setting next_dagrun for example_short_circuit_operator to None, run_after=None
[2024-10-04T06:15:09.222+0100] {processor.py:208} INFO - Processing /opt/miniconda3/envs/airflow/lib/python3.8/site-packages/airflow/example_dags/example_short_circuit_operator.py took 0.068 seconds
[2024-10-04T07:08:05.437+0100] {processor.py:186} INFO - Started process (PID=19976) to work on /opt/miniconda3/envs/airflow/lib/python3.8/site-packages/airflow/example_dags/example_short_circuit_operator.py
[2024-10-04T07:08:05.437+0100] {processor.py:914} INFO - Processing file /opt/miniconda3/envs/airflow/lib/python3.8/site-packages/airflow/example_dags/example_short_circuit_operator.py for tasks to queue
[2024-10-04T07:08:05.437+0100] {logging_mixin.py:190} INFO - [2024-10-04T07:08:05.437+0100] {dagbag.py:588} INFO - Filling up the DagBag from /opt/miniconda3/envs/airflow/lib/python3.8/site-packages/airflow/example_dags/example_short_circuit_operator.py
[2024-10-04T07:08:05.462+0100] {processor.py:925} INFO - DAG(s) 'example_short_circuit_operator' retrieved from /opt/miniconda3/envs/airflow/lib/python3.8/site-packages/airflow/example_dags/example_short_circuit_operator.py
[2024-10-04T07:08:05.494+0100] {logging_mixin.py:190} INFO - [2024-10-04T07:08:05.494+0100] {dag.py:3239} INFO - Sync 1 DAGs
[2024-10-04T07:08:05.498+0100] {logging_mixin.py:190} INFO - [2024-10-04T07:08:05.498+0100] {dag.py:4180} INFO - Setting next_dagrun for example_short_circuit_operator to None, run_after=None
[2024-10-04T07:08:05.503+0100] {processor.py:208} INFO - Processing /opt/miniconda3/envs/airflow/lib/python3.8/site-packages/airflow/example_dags/example_short_circuit_operator.py took 0.068 seconds
[2024-10-04T08:12:51.780+0100] {processor.py:186} INFO - Started process (PID=20082) to work on /opt/miniconda3/envs/airflow/lib/python3.8/site-packages/airflow/example_dags/example_short_circuit_operator.py
[2024-10-04T08:12:51.780+0100] {processor.py:914} INFO - Processing file /opt/miniconda3/envs/airflow/lib/python3.8/site-packages/airflow/example_dags/example_short_circuit_operator.py for tasks to queue
[2024-10-04T08:12:51.780+0100] {logging_mixin.py:190} INFO - [2024-10-04T08:12:51.780+0100] {dagbag.py:588} INFO - Filling up the DagBag from /opt/miniconda3/envs/airflow/lib/python3.8/site-packages/airflow/example_dags/example_short_circuit_operator.py
[2024-10-04T08:12:51.804+0100] {processor.py:925} INFO - DAG(s) 'example_short_circuit_operator' retrieved from /opt/miniconda3/envs/airflow/lib/python3.8/site-packages/airflow/example_dags/example_short_circuit_operator.py
[2024-10-04T08:12:51.837+0100] {logging_mixin.py:190} INFO - [2024-10-04T08:12:51.837+0100] {dag.py:3239} INFO - Sync 1 DAGs
[2024-10-04T08:12:51.840+0100] {logging_mixin.py:190} INFO - [2024-10-04T08:12:51.840+0100] {dag.py:4180} INFO - Setting next_dagrun for example_short_circuit_operator to None, run_after=None
[2024-10-04T08:12:51.846+0100] {processor.py:208} INFO - Processing /opt/miniconda3/envs/airflow/lib/python3.8/site-packages/airflow/example_dags/example_short_circuit_operator.py took 0.068 seconds
[2024-10-04T08:39:41.260+0100] {processor.py:186} INFO - Started process (PID=20199) to work on /opt/miniconda3/envs/airflow/lib/python3.8/site-packages/airflow/example_dags/example_short_circuit_operator.py
[2024-10-04T08:39:41.260+0100] {processor.py:914} INFO - Processing file /opt/miniconda3/envs/airflow/lib/python3.8/site-packages/airflow/example_dags/example_short_circuit_operator.py for tasks to queue
[2024-10-04T08:39:41.260+0100] {logging_mixin.py:190} INFO - [2024-10-04T08:39:41.260+0100] {dagbag.py:588} INFO - Filling up the DagBag from /opt/miniconda3/envs/airflow/lib/python3.8/site-packages/airflow/example_dags/example_short_circuit_operator.py
[2024-10-04T08:39:41.284+0100] {processor.py:925} INFO - DAG(s) 'example_short_circuit_operator' retrieved from /opt/miniconda3/envs/airflow/lib/python3.8/site-packages/airflow/example_dags/example_short_circuit_operator.py
[2024-10-04T08:39:41.316+0100] {logging_mixin.py:190} INFO - [2024-10-04T08:39:41.316+0100] {dag.py:3239} INFO - Sync 1 DAGs
[2024-10-04T08:39:41.320+0100] {logging_mixin.py:190} INFO - [2024-10-04T08:39:41.320+0100] {dag.py:4180} INFO - Setting next_dagrun for example_short_circuit_operator to None, run_after=None
[2024-10-04T08:39:41.326+0100] {processor.py:208} INFO - Processing /opt/miniconda3/envs/airflow/lib/python3.8/site-packages/airflow/example_dags/example_short_circuit_operator.py took 0.068 seconds
[2024-10-04T08:41:31.341+0100] {processor.py:186} INFO - Started process (PID=20355) to work on /opt/miniconda3/envs/airflow/lib/python3.8/site-packages/airflow/example_dags/example_short_circuit_operator.py
[2024-10-04T08:41:31.341+0100] {processor.py:914} INFO - Processing file /opt/miniconda3/envs/airflow/lib/python3.8/site-packages/airflow/example_dags/example_short_circuit_operator.py for tasks to queue
[2024-10-04T08:41:31.341+0100] {logging_mixin.py:190} INFO - [2024-10-04T08:41:31.341+0100] {dagbag.py:588} INFO - Filling up the DagBag from /opt/miniconda3/envs/airflow/lib/python3.8/site-packages/airflow/example_dags/example_short_circuit_operator.py
[2024-10-04T08:41:31.365+0100] {processor.py:925} INFO - DAG(s) 'example_short_circuit_operator' retrieved from /opt/miniconda3/envs/airflow/lib/python3.8/site-packages/airflow/example_dags/example_short_circuit_operator.py
[2024-10-04T08:41:31.398+0100] {logging_mixin.py:190} INFO - [2024-10-04T08:41:31.397+0100] {dag.py:3239} INFO - Sync 1 DAGs
[2024-10-04T08:41:31.401+0100] {logging_mixin.py:190} INFO - [2024-10-04T08:41:31.401+0100] {dag.py:4180} INFO - Setting next_dagrun for example_short_circuit_operator to None, run_after=None
[2024-10-04T08:41:31.407+0100] {processor.py:208} INFO - Processing /opt/miniconda3/envs/airflow/lib/python3.8/site-packages/airflow/example_dags/example_short_circuit_operator.py took 0.068 seconds
[2024-10-04T09:40:56.292+0100] {processor.py:186} INFO - Started process (PID=20468) to work on /opt/miniconda3/envs/airflow/lib/python3.8/site-packages/airflow/example_dags/example_short_circuit_operator.py
[2024-10-04T09:40:56.292+0100] {processor.py:914} INFO - Processing file /opt/miniconda3/envs/airflow/lib/python3.8/site-packages/airflow/example_dags/example_short_circuit_operator.py for tasks to queue
[2024-10-04T09:40:56.293+0100] {logging_mixin.py:190} INFO - [2024-10-04T09:40:56.293+0100] {dagbag.py:588} INFO - Filling up the DagBag from /opt/miniconda3/envs/airflow/lib/python3.8/site-packages/airflow/example_dags/example_short_circuit_operator.py
[2024-10-04T09:40:56.317+0100] {processor.py:925} INFO - DAG(s) 'example_short_circuit_operator' retrieved from /opt/miniconda3/envs/airflow/lib/python3.8/site-packages/airflow/example_dags/example_short_circuit_operator.py
[2024-10-04T09:40:56.350+0100] {logging_mixin.py:190} INFO - [2024-10-04T09:40:56.349+0100] {dag.py:3239} INFO - Sync 1 DAGs
[2024-10-04T09:40:56.353+0100] {logging_mixin.py:190} INFO - [2024-10-04T09:40:56.353+0100] {dag.py:4180} INFO - Setting next_dagrun for example_short_circuit_operator to None, run_after=None
[2024-10-04T09:40:56.358+0100] {processor.py:208} INFO - Processing /opt/miniconda3/envs/airflow/lib/python3.8/site-packages/airflow/example_dags/example_short_circuit_operator.py took 0.068 seconds
[2024-10-04T09:42:28.022+0100] {processor.py:186} INFO - Started process (PID=20608) to work on /opt/miniconda3/envs/airflow/lib/python3.8/site-packages/airflow/example_dags/example_short_circuit_operator.py
[2024-10-04T09:42:28.024+0100] {processor.py:914} INFO - Processing file /opt/miniconda3/envs/airflow/lib/python3.8/site-packages/airflow/example_dags/example_short_circuit_operator.py for tasks to queue
[2024-10-04T09:42:28.024+0100] {logging_mixin.py:190} INFO - [2024-10-04T09:42:28.024+0100] {dagbag.py:588} INFO - Filling up the DagBag from /opt/miniconda3/envs/airflow/lib/python3.8/site-packages/airflow/example_dags/example_short_circuit_operator.py
[2024-10-04T09:42:28.048+0100] {processor.py:925} INFO - DAG(s) 'example_short_circuit_operator' retrieved from /opt/miniconda3/envs/airflow/lib/python3.8/site-packages/airflow/example_dags/example_short_circuit_operator.py
[2024-10-04T09:42:28.080+0100] {logging_mixin.py:190} INFO - [2024-10-04T09:42:28.080+0100] {dag.py:3239} INFO - Sync 1 DAGs
[2024-10-04T09:42:28.084+0100] {logging_mixin.py:190} INFO - [2024-10-04T09:42:28.084+0100] {dag.py:4180} INFO - Setting next_dagrun for example_short_circuit_operator to None, run_after=None
[2024-10-04T09:42:28.089+0100] {processor.py:208} INFO - Processing /opt/miniconda3/envs/airflow/lib/python3.8/site-packages/airflow/example_dags/example_short_circuit_operator.py took 0.069 seconds
[2024-10-04T10:11:17.398+0100] {processor.py:186} INFO - Started process (PID=20759) to work on /opt/miniconda3/envs/airflow/lib/python3.8/site-packages/airflow/example_dags/example_short_circuit_operator.py
[2024-10-04T10:11:17.398+0100] {processor.py:914} INFO - Processing file /opt/miniconda3/envs/airflow/lib/python3.8/site-packages/airflow/example_dags/example_short_circuit_operator.py for tasks to queue
[2024-10-04T10:11:17.398+0100] {logging_mixin.py:190} INFO - [2024-10-04T10:11:17.398+0100] {dagbag.py:588} INFO - Filling up the DagBag from /opt/miniconda3/envs/airflow/lib/python3.8/site-packages/airflow/example_dags/example_short_circuit_operator.py
[2024-10-04T10:11:17.422+0100] {processor.py:925} INFO - DAG(s) 'example_short_circuit_operator' retrieved from /opt/miniconda3/envs/airflow/lib/python3.8/site-packages/airflow/example_dags/example_short_circuit_operator.py
[2024-10-04T10:11:17.455+0100] {logging_mixin.py:190} INFO - [2024-10-04T10:11:17.455+0100] {dag.py:3239} INFO - Sync 1 DAGs
[2024-10-04T10:11:17.458+0100] {logging_mixin.py:190} INFO - [2024-10-04T10:11:17.458+0100] {dag.py:4180} INFO - Setting next_dagrun for example_short_circuit_operator to None, run_after=None
[2024-10-04T10:11:17.464+0100] {processor.py:208} INFO - Processing /opt/miniconda3/envs/airflow/lib/python3.8/site-packages/airflow/example_dags/example_short_circuit_operator.py took 0.068 seconds
[2024-10-04T10:20:17.633+0100] {processor.py:186} INFO - Started process (PID=20867) to work on /opt/miniconda3/envs/airflow/lib/python3.8/site-packages/airflow/example_dags/example_short_circuit_operator.py
[2024-10-04T10:20:17.634+0100] {processor.py:914} INFO - Processing file /opt/miniconda3/envs/airflow/lib/python3.8/site-packages/airflow/example_dags/example_short_circuit_operator.py for tasks to queue
[2024-10-04T10:20:17.634+0100] {logging_mixin.py:190} INFO - [2024-10-04T10:20:17.634+0100] {dagbag.py:588} INFO - Filling up the DagBag from /opt/miniconda3/envs/airflow/lib/python3.8/site-packages/airflow/example_dags/example_short_circuit_operator.py
[2024-10-04T10:20:17.660+0100] {processor.py:925} INFO - DAG(s) 'example_short_circuit_operator' retrieved from /opt/miniconda3/envs/airflow/lib/python3.8/site-packages/airflow/example_dags/example_short_circuit_operator.py
[2024-10-04T10:20:17.693+0100] {logging_mixin.py:190} INFO - [2024-10-04T10:20:17.693+0100] {dag.py:3239} INFO - Sync 1 DAGs
[2024-10-04T10:20:17.696+0100] {logging_mixin.py:190} INFO - [2024-10-04T10:20:17.696+0100] {dag.py:4180} INFO - Setting next_dagrun for example_short_circuit_operator to None, run_after=None
[2024-10-04T10:20:17.702+0100] {processor.py:208} INFO - Processing /opt/miniconda3/envs/airflow/lib/python3.8/site-packages/airflow/example_dags/example_short_circuit_operator.py took 0.071 seconds
[2024-10-04T10:21:24.172+0100] {processor.py:186} INFO - Started process (PID=20959) to work on /opt/miniconda3/envs/airflow/lib/python3.8/site-packages/airflow/example_dags/example_short_circuit_operator.py
[2024-10-04T10:21:24.173+0100] {processor.py:914} INFO - Processing file /opt/miniconda3/envs/airflow/lib/python3.8/site-packages/airflow/example_dags/example_short_circuit_operator.py for tasks to queue
[2024-10-04T10:21:24.173+0100] {logging_mixin.py:190} INFO - [2024-10-04T10:21:24.173+0100] {dagbag.py:588} INFO - Filling up the DagBag from /opt/miniconda3/envs/airflow/lib/python3.8/site-packages/airflow/example_dags/example_short_circuit_operator.py
[2024-10-04T10:21:24.197+0100] {processor.py:925} INFO - DAG(s) 'example_short_circuit_operator' retrieved from /opt/miniconda3/envs/airflow/lib/python3.8/site-packages/airflow/example_dags/example_short_circuit_operator.py
[2024-10-04T10:21:24.230+0100] {logging_mixin.py:190} INFO - [2024-10-04T10:21:24.230+0100] {dag.py:3239} INFO - Sync 1 DAGs
[2024-10-04T10:21:24.233+0100] {logging_mixin.py:190} INFO - [2024-10-04T10:21:24.233+0100] {dag.py:4180} INFO - Setting next_dagrun for example_short_circuit_operator to None, run_after=None
[2024-10-04T10:21:24.239+0100] {processor.py:208} INFO - Processing /opt/miniconda3/envs/airflow/lib/python3.8/site-packages/airflow/example_dags/example_short_circuit_operator.py took 0.068 seconds
[2024-10-04T10:24:43.887+0100] {processor.py:186} INFO - Started process (PID=21136) to work on /opt/miniconda3/envs/airflow/lib/python3.8/site-packages/airflow/example_dags/example_short_circuit_operator.py
[2024-10-04T10:24:43.888+0100] {processor.py:914} INFO - Processing file /opt/miniconda3/envs/airflow/lib/python3.8/site-packages/airflow/example_dags/example_short_circuit_operator.py for tasks to queue
[2024-10-04T10:24:43.888+0100] {logging_mixin.py:190} INFO - [2024-10-04T10:24:43.888+0100] {dagbag.py:588} INFO - Filling up the DagBag from /opt/miniconda3/envs/airflow/lib/python3.8/site-packages/airflow/example_dags/example_short_circuit_operator.py
[2024-10-04T10:24:43.914+0100] {processor.py:925} INFO - DAG(s) 'example_short_circuit_operator' retrieved from /opt/miniconda3/envs/airflow/lib/python3.8/site-packages/airflow/example_dags/example_short_circuit_operator.py
[2024-10-04T10:24:43.947+0100] {logging_mixin.py:190} INFO - [2024-10-04T10:24:43.947+0100] {dag.py:3239} INFO - Sync 1 DAGs
[2024-10-04T10:24:43.950+0100] {logging_mixin.py:190} INFO - [2024-10-04T10:24:43.950+0100] {dag.py:4180} INFO - Setting next_dagrun for example_short_circuit_operator to None, run_after=None
[2024-10-04T10:24:43.956+0100] {processor.py:208} INFO - Processing /opt/miniconda3/envs/airflow/lib/python3.8/site-packages/airflow/example_dags/example_short_circuit_operator.py took 0.071 seconds
[2024-10-04T10:26:41.086+0100] {processor.py:186} INFO - Started process (PID=21290) to work on /opt/miniconda3/envs/airflow/lib/python3.8/site-packages/airflow/example_dags/example_short_circuit_operator.py
[2024-10-04T10:26:41.086+0100] {processor.py:914} INFO - Processing file /opt/miniconda3/envs/airflow/lib/python3.8/site-packages/airflow/example_dags/example_short_circuit_operator.py for tasks to queue
[2024-10-04T10:26:41.086+0100] {logging_mixin.py:190} INFO - [2024-10-04T10:26:41.086+0100] {dagbag.py:588} INFO - Filling up the DagBag from /opt/miniconda3/envs/airflow/lib/python3.8/site-packages/airflow/example_dags/example_short_circuit_operator.py
[2024-10-04T10:26:41.111+0100] {processor.py:925} INFO - DAG(s) 'example_short_circuit_operator' retrieved from /opt/miniconda3/envs/airflow/lib/python3.8/site-packages/airflow/example_dags/example_short_circuit_operator.py
[2024-10-04T10:26:41.144+0100] {logging_mixin.py:190} INFO - [2024-10-04T10:26:41.144+0100] {dag.py:3239} INFO - Sync 1 DAGs
[2024-10-04T10:26:41.147+0100] {logging_mixin.py:190} INFO - [2024-10-04T10:26:41.147+0100] {dag.py:4180} INFO - Setting next_dagrun for example_short_circuit_operator to None, run_after=None
[2024-10-04T10:26:41.153+0100] {processor.py:208} INFO - Processing /opt/miniconda3/envs/airflow/lib/python3.8/site-packages/airflow/example_dags/example_short_circuit_operator.py took 0.069 seconds
[2024-10-04T10:28:36.408+0100] {processor.py:186} INFO - Started process (PID=21445) to work on /opt/miniconda3/envs/airflow/lib/python3.8/site-packages/airflow/example_dags/example_short_circuit_operator.py
[2024-10-04T10:28:36.409+0100] {processor.py:914} INFO - Processing file /opt/miniconda3/envs/airflow/lib/python3.8/site-packages/airflow/example_dags/example_short_circuit_operator.py for tasks to queue
[2024-10-04T10:28:36.409+0100] {logging_mixin.py:190} INFO - [2024-10-04T10:28:36.409+0100] {dagbag.py:588} INFO - Filling up the DagBag from /opt/miniconda3/envs/airflow/lib/python3.8/site-packages/airflow/example_dags/example_short_circuit_operator.py
[2024-10-04T10:28:36.434+0100] {processor.py:925} INFO - DAG(s) 'example_short_circuit_operator' retrieved from /opt/miniconda3/envs/airflow/lib/python3.8/site-packages/airflow/example_dags/example_short_circuit_operator.py
[2024-10-04T10:28:36.466+0100] {logging_mixin.py:190} INFO - [2024-10-04T10:28:36.466+0100] {dag.py:3239} INFO - Sync 1 DAGs
[2024-10-04T10:28:36.470+0100] {logging_mixin.py:190} INFO - [2024-10-04T10:28:36.469+0100] {dag.py:4180} INFO - Setting next_dagrun for example_short_circuit_operator to None, run_after=None
[2024-10-04T10:28:36.475+0100] {processor.py:208} INFO - Processing /opt/miniconda3/envs/airflow/lib/python3.8/site-packages/airflow/example_dags/example_short_circuit_operator.py took 0.069 seconds
[2024-10-04T10:30:28.484+0100] {processor.py:186} INFO - Started process (PID=21634) to work on /opt/miniconda3/envs/airflow/lib/python3.8/site-packages/airflow/example_dags/example_short_circuit_operator.py
[2024-10-04T10:30:28.485+0100] {processor.py:914} INFO - Processing file /opt/miniconda3/envs/airflow/lib/python3.8/site-packages/airflow/example_dags/example_short_circuit_operator.py for tasks to queue
[2024-10-04T10:30:28.485+0100] {logging_mixin.py:190} INFO - [2024-10-04T10:30:28.485+0100] {dagbag.py:588} INFO - Filling up the DagBag from /opt/miniconda3/envs/airflow/lib/python3.8/site-packages/airflow/example_dags/example_short_circuit_operator.py
[2024-10-04T10:30:28.510+0100] {processor.py:925} INFO - DAG(s) 'example_short_circuit_operator' retrieved from /opt/miniconda3/envs/airflow/lib/python3.8/site-packages/airflow/example_dags/example_short_circuit_operator.py
[2024-10-04T10:30:28.542+0100] {logging_mixin.py:190} INFO - [2024-10-04T10:30:28.542+0100] {dag.py:3239} INFO - Sync 1 DAGs
[2024-10-04T10:30:28.546+0100] {logging_mixin.py:190} INFO - [2024-10-04T10:30:28.546+0100] {dag.py:4180} INFO - Setting next_dagrun for example_short_circuit_operator to None, run_after=None
[2024-10-04T10:30:28.552+0100] {processor.py:208} INFO - Processing /opt/miniconda3/envs/airflow/lib/python3.8/site-packages/airflow/example_dags/example_short_circuit_operator.py took 0.069 seconds
[2024-10-04T10:32:27.128+0100] {processor.py:186} INFO - Started process (PID=21802) to work on /opt/miniconda3/envs/airflow/lib/python3.8/site-packages/airflow/example_dags/example_short_circuit_operator.py
[2024-10-04T10:32:27.128+0100] {processor.py:914} INFO - Processing file /opt/miniconda3/envs/airflow/lib/python3.8/site-packages/airflow/example_dags/example_short_circuit_operator.py for tasks to queue
[2024-10-04T10:32:27.129+0100] {logging_mixin.py:190} INFO - [2024-10-04T10:32:27.128+0100] {dagbag.py:588} INFO - Filling up the DagBag from /opt/miniconda3/envs/airflow/lib/python3.8/site-packages/airflow/example_dags/example_short_circuit_operator.py
[2024-10-04T10:32:27.153+0100] {processor.py:925} INFO - DAG(s) 'example_short_circuit_operator' retrieved from /opt/miniconda3/envs/airflow/lib/python3.8/site-packages/airflow/example_dags/example_short_circuit_operator.py
[2024-10-04T10:32:27.186+0100] {logging_mixin.py:190} INFO - [2024-10-04T10:32:27.186+0100] {dag.py:3239} INFO - Sync 1 DAGs
[2024-10-04T10:32:27.189+0100] {logging_mixin.py:190} INFO - [2024-10-04T10:32:27.189+0100] {dag.py:4180} INFO - Setting next_dagrun for example_short_circuit_operator to None, run_after=None
[2024-10-04T10:32:27.195+0100] {processor.py:208} INFO - Processing /opt/miniconda3/envs/airflow/lib/python3.8/site-packages/airflow/example_dags/example_short_circuit_operator.py took 0.069 seconds
[2024-10-04T10:34:33.789+0100] {processor.py:186} INFO - Started process (PID=21970) to work on /opt/miniconda3/envs/airflow/lib/python3.8/site-packages/airflow/example_dags/example_short_circuit_operator.py
[2024-10-04T10:34:33.790+0100] {processor.py:914} INFO - Processing file /opt/miniconda3/envs/airflow/lib/python3.8/site-packages/airflow/example_dags/example_short_circuit_operator.py for tasks to queue
[2024-10-04T10:34:33.790+0100] {logging_mixin.py:190} INFO - [2024-10-04T10:34:33.790+0100] {dagbag.py:588} INFO - Filling up the DagBag from /opt/miniconda3/envs/airflow/lib/python3.8/site-packages/airflow/example_dags/example_short_circuit_operator.py
[2024-10-04T10:34:33.815+0100] {processor.py:925} INFO - DAG(s) 'example_short_circuit_operator' retrieved from /opt/miniconda3/envs/airflow/lib/python3.8/site-packages/airflow/example_dags/example_short_circuit_operator.py
[2024-10-04T10:34:33.848+0100] {logging_mixin.py:190} INFO - [2024-10-04T10:34:33.848+0100] {dag.py:3239} INFO - Sync 1 DAGs
[2024-10-04T10:34:33.851+0100] {logging_mixin.py:190} INFO - [2024-10-04T10:34:33.851+0100] {dag.py:4180} INFO - Setting next_dagrun for example_short_circuit_operator to None, run_after=None
[2024-10-04T10:34:33.857+0100] {processor.py:208} INFO - Processing /opt/miniconda3/envs/airflow/lib/python3.8/site-packages/airflow/example_dags/example_short_circuit_operator.py took 0.069 seconds
[2024-10-04T10:35:41.360+0100] {processor.py:186} INFO - Started process (PID=22059) to work on /opt/miniconda3/envs/airflow/lib/python3.8/site-packages/airflow/example_dags/example_short_circuit_operator.py
[2024-10-04T10:35:41.361+0100] {processor.py:914} INFO - Processing file /opt/miniconda3/envs/airflow/lib/python3.8/site-packages/airflow/example_dags/example_short_circuit_operator.py for tasks to queue
[2024-10-04T10:35:41.361+0100] {logging_mixin.py:190} INFO - [2024-10-04T10:35:41.361+0100] {dagbag.py:588} INFO - Filling up the DagBag from /opt/miniconda3/envs/airflow/lib/python3.8/site-packages/airflow/example_dags/example_short_circuit_operator.py
[2024-10-04T10:35:41.387+0100] {processor.py:925} INFO - DAG(s) 'example_short_circuit_operator' retrieved from /opt/miniconda3/envs/airflow/lib/python3.8/site-packages/airflow/example_dags/example_short_circuit_operator.py
[2024-10-04T10:35:41.421+0100] {logging_mixin.py:190} INFO - [2024-10-04T10:35:41.421+0100] {dag.py:3239} INFO - Sync 1 DAGs
[2024-10-04T10:35:41.424+0100] {logging_mixin.py:190} INFO - [2024-10-04T10:35:41.424+0100] {dag.py:4180} INFO - Setting next_dagrun for example_short_circuit_operator to None, run_after=None
[2024-10-04T10:35:41.430+0100] {processor.py:208} INFO - Processing /opt/miniconda3/envs/airflow/lib/python3.8/site-packages/airflow/example_dags/example_short_circuit_operator.py took 0.071 seconds
[2024-10-04T10:36:48.112+0100] {processor.py:186} INFO - Started process (PID=22141) to work on /opt/miniconda3/envs/airflow/lib/python3.8/site-packages/airflow/example_dags/example_short_circuit_operator.py
[2024-10-04T10:36:48.112+0100] {processor.py:914} INFO - Processing file /opt/miniconda3/envs/airflow/lib/python3.8/site-packages/airflow/example_dags/example_short_circuit_operator.py for tasks to queue
[2024-10-04T10:36:48.112+0100] {logging_mixin.py:190} INFO - [2024-10-04T10:36:48.112+0100] {dagbag.py:588} INFO - Filling up the DagBag from /opt/miniconda3/envs/airflow/lib/python3.8/site-packages/airflow/example_dags/example_short_circuit_operator.py
[2024-10-04T10:36:48.145+0100] {processor.py:925} INFO - DAG(s) 'example_short_circuit_operator' retrieved from /opt/miniconda3/envs/airflow/lib/python3.8/site-packages/airflow/example_dags/example_short_circuit_operator.py
[2024-10-04T10:36:48.179+0100] {logging_mixin.py:190} INFO - [2024-10-04T10:36:48.179+0100] {dag.py:3239} INFO - Sync 1 DAGs
[2024-10-04T10:36:48.182+0100] {logging_mixin.py:190} INFO - [2024-10-04T10:36:48.182+0100] {dag.py:4180} INFO - Setting next_dagrun for example_short_circuit_operator to None, run_after=None
[2024-10-04T10:36:48.188+0100] {processor.py:208} INFO - Processing /opt/miniconda3/envs/airflow/lib/python3.8/site-packages/airflow/example_dags/example_short_circuit_operator.py took 0.078 seconds
[2024-10-04T10:37:55.579+0100] {processor.py:186} INFO - Started process (PID=22230) to work on /opt/miniconda3/envs/airflow/lib/python3.8/site-packages/airflow/example_dags/example_short_circuit_operator.py
[2024-10-04T10:37:55.580+0100] {processor.py:914} INFO - Processing file /opt/miniconda3/envs/airflow/lib/python3.8/site-packages/airflow/example_dags/example_short_circuit_operator.py for tasks to queue
[2024-10-04T10:37:55.580+0100] {logging_mixin.py:190} INFO - [2024-10-04T10:37:55.580+0100] {dagbag.py:588} INFO - Filling up the DagBag from /opt/miniconda3/envs/airflow/lib/python3.8/site-packages/airflow/example_dags/example_short_circuit_operator.py
[2024-10-04T10:37:55.605+0100] {processor.py:925} INFO - DAG(s) 'example_short_circuit_operator' retrieved from /opt/miniconda3/envs/airflow/lib/python3.8/site-packages/airflow/example_dags/example_short_circuit_operator.py
[2024-10-04T10:37:55.639+0100] {logging_mixin.py:190} INFO - [2024-10-04T10:37:55.639+0100] {dag.py:3239} INFO - Sync 1 DAGs
[2024-10-04T10:37:55.643+0100] {logging_mixin.py:190} INFO - [2024-10-04T10:37:55.643+0100] {dag.py:4180} INFO - Setting next_dagrun for example_short_circuit_operator to None, run_after=None
[2024-10-04T10:37:55.649+0100] {processor.py:208} INFO - Processing /opt/miniconda3/envs/airflow/lib/python3.8/site-packages/airflow/example_dags/example_short_circuit_operator.py took 0.071 seconds
