[2024-10-04T01:55:23.060+0100] {processor.py:186} INFO - Started process (PID=17426) to work on /opt/miniconda3/envs/airflow/lib/python3.8/site-packages/airflow/example_dags/example_kubernetes_executor.py
[2024-10-04T01:55:23.060+0100] {processor.py:914} INFO - Processing file /opt/miniconda3/envs/airflow/lib/python3.8/site-packages/airflow/example_dags/example_kubernetes_executor.py for tasks to queue
[2024-10-04T01:55:23.060+0100] {logging_mixin.py:190} INFO - [2024-10-04T01:55:23.060+0100] {dagbag.py:588} INFO - Filling up the DagBag from /opt/miniconda3/envs/airflow/lib/python3.8/site-packages/airflow/example_dags/example_kubernetes_executor.py
[2024-10-04T01:55:23.086+0100] {logging_mixin.py:190} INFO - [2024-10-04T01:55:23.086+0100] {example_kubernetes_executor.py:39} WARNING - The example_kubernetes_executor example DAG requires the kubernetes provider. Please install it with: pip install apache-airflow[cncf.kubernetes]
[2024-10-04T01:55:23.086+0100] {processor.py:927} WARNING - No viable dags retrieved from /opt/miniconda3/envs/airflow/lib/python3.8/site-packages/airflow/example_dags/example_kubernetes_executor.py
[2024-10-04T01:55:23.115+0100] {processor.py:208} INFO - Processing /opt/miniconda3/envs/airflow/lib/python3.8/site-packages/airflow/example_dags/example_kubernetes_executor.py took 0.057 seconds
[2024-10-04T01:57:31.720+0100] {processor.py:186} INFO - Started process (PID=17586) to work on /opt/miniconda3/envs/airflow/lib/python3.8/site-packages/airflow/example_dags/example_kubernetes_executor.py
[2024-10-04T01:57:31.721+0100] {processor.py:914} INFO - Processing file /opt/miniconda3/envs/airflow/lib/python3.8/site-packages/airflow/example_dags/example_kubernetes_executor.py for tasks to queue
[2024-10-04T01:57:31.721+0100] {logging_mixin.py:190} INFO - [2024-10-04T01:57:31.721+0100] {dagbag.py:588} INFO - Filling up the DagBag from /opt/miniconda3/envs/airflow/lib/python3.8/site-packages/airflow/example_dags/example_kubernetes_executor.py
[2024-10-04T01:57:31.747+0100] {logging_mixin.py:190} INFO - [2024-10-04T01:57:31.747+0100] {example_kubernetes_executor.py:39} WARNING - The example_kubernetes_executor example DAG requires the kubernetes provider. Please install it with: pip install apache-airflow[cncf.kubernetes]
[2024-10-04T01:57:31.747+0100] {processor.py:927} WARNING - No viable dags retrieved from /opt/miniconda3/envs/airflow/lib/python3.8/site-packages/airflow/example_dags/example_kubernetes_executor.py
[2024-10-04T01:57:31.775+0100] {processor.py:208} INFO - Processing /opt/miniconda3/envs/airflow/lib/python3.8/site-packages/airflow/example_dags/example_kubernetes_executor.py took 0.056 seconds
[2024-10-04T03:51:00.366+0100] {processor.py:186} INFO - Started process (PID=17735) to work on /opt/miniconda3/envs/airflow/lib/python3.8/site-packages/airflow/example_dags/example_kubernetes_executor.py
[2024-10-04T03:51:00.367+0100] {processor.py:914} INFO - Processing file /opt/miniconda3/envs/airflow/lib/python3.8/site-packages/airflow/example_dags/example_kubernetes_executor.py for tasks to queue
[2024-10-04T03:51:00.368+0100] {logging_mixin.py:190} INFO - [2024-10-04T03:51:00.368+0100] {dagbag.py:588} INFO - Filling up the DagBag from /opt/miniconda3/envs/airflow/lib/python3.8/site-packages/airflow/example_dags/example_kubernetes_executor.py
[2024-10-04T03:51:00.393+0100] {logging_mixin.py:190} INFO - [2024-10-04T03:51:00.393+0100] {example_kubernetes_executor.py:39} WARNING - The example_kubernetes_executor example DAG requires the kubernetes provider. Please install it with: pip install apache-airflow[cncf.kubernetes]
[2024-10-04T03:51:00.393+0100] {processor.py:927} WARNING - No viable dags retrieved from /opt/miniconda3/envs/airflow/lib/python3.8/site-packages/airflow/example_dags/example_kubernetes_executor.py
[2024-10-04T03:51:00.422+0100] {processor.py:208} INFO - Processing /opt/miniconda3/envs/airflow/lib/python3.8/site-packages/airflow/example_dags/example_kubernetes_executor.py took 0.057 seconds
[2024-10-04T03:52:33.226+0100] {processor.py:186} INFO - Started process (PID=17851) to work on /opt/miniconda3/envs/airflow/lib/python3.8/site-packages/airflow/example_dags/example_kubernetes_executor.py
[2024-10-04T03:52:33.226+0100] {processor.py:914} INFO - Processing file /opt/miniconda3/envs/airflow/lib/python3.8/site-packages/airflow/example_dags/example_kubernetes_executor.py for tasks to queue
[2024-10-04T03:52:33.226+0100] {logging_mixin.py:190} INFO - [2024-10-04T03:52:33.226+0100] {dagbag.py:588} INFO - Filling up the DagBag from /opt/miniconda3/envs/airflow/lib/python3.8/site-packages/airflow/example_dags/example_kubernetes_executor.py
[2024-10-04T03:52:33.252+0100] {logging_mixin.py:190} INFO - [2024-10-04T03:52:33.252+0100] {example_kubernetes_executor.py:39} WARNING - The example_kubernetes_executor example DAG requires the kubernetes provider. Please install it with: pip install apache-airflow[cncf.kubernetes]
[2024-10-04T03:52:33.252+0100] {processor.py:927} WARNING - No viable dags retrieved from /opt/miniconda3/envs/airflow/lib/python3.8/site-packages/airflow/example_dags/example_kubernetes_executor.py
[2024-10-04T03:52:33.281+0100] {processor.py:208} INFO - Processing /opt/miniconda3/envs/airflow/lib/python3.8/site-packages/airflow/example_dags/example_kubernetes_executor.py took 0.057 seconds
[2024-10-04T06:14:14.334+0100] {processor.py:186} INFO - Started process (PID=18057) to work on /opt/miniconda3/envs/airflow/lib/python3.8/site-packages/airflow/example_dags/example_kubernetes_executor.py
[2024-10-04T06:14:14.335+0100] {processor.py:914} INFO - Processing file /opt/miniconda3/envs/airflow/lib/python3.8/site-packages/airflow/example_dags/example_kubernetes_executor.py for tasks to queue
[2024-10-04T06:14:14.335+0100] {logging_mixin.py:190} INFO - [2024-10-04T06:14:14.335+0100] {dagbag.py:588} INFO - Filling up the DagBag from /opt/miniconda3/envs/airflow/lib/python3.8/site-packages/airflow/example_dags/example_kubernetes_executor.py
[2024-10-04T06:14:14.361+0100] {logging_mixin.py:190} INFO - [2024-10-04T06:14:14.361+0100] {example_kubernetes_executor.py:39} WARNING - The example_kubernetes_executor example DAG requires the kubernetes provider. Please install it with: pip install apache-airflow[cncf.kubernetes]
[2024-10-04T06:14:14.361+0100] {processor.py:927} WARNING - No viable dags retrieved from /opt/miniconda3/envs/airflow/lib/python3.8/site-packages/airflow/example_dags/example_kubernetes_executor.py
[2024-10-04T06:14:14.389+0100] {processor.py:208} INFO - Processing /opt/miniconda3/envs/airflow/lib/python3.8/site-packages/airflow/example_dags/example_kubernetes_executor.py took 0.057 seconds
[2024-10-04T06:16:06.362+0100] {processor.py:186} INFO - Started process (PID=19881) to work on /opt/miniconda3/envs/airflow/lib/python3.8/site-packages/airflow/example_dags/example_kubernetes_executor.py
[2024-10-04T06:16:06.363+0100] {processor.py:914} INFO - Processing file /opt/miniconda3/envs/airflow/lib/python3.8/site-packages/airflow/example_dags/example_kubernetes_executor.py for tasks to queue
[2024-10-04T06:16:06.363+0100] {logging_mixin.py:190} INFO - [2024-10-04T06:16:06.363+0100] {dagbag.py:588} INFO - Filling up the DagBag from /opt/miniconda3/envs/airflow/lib/python3.8/site-packages/airflow/example_dags/example_kubernetes_executor.py
[2024-10-04T06:16:06.389+0100] {logging_mixin.py:190} INFO - [2024-10-04T06:16:06.389+0100] {example_kubernetes_executor.py:39} WARNING - The example_kubernetes_executor example DAG requires the kubernetes provider. Please install it with: pip install apache-airflow[cncf.kubernetes]
[2024-10-04T06:16:06.389+0100] {processor.py:927} WARNING - No viable dags retrieved from /opt/miniconda3/envs/airflow/lib/python3.8/site-packages/airflow/example_dags/example_kubernetes_executor.py
[2024-10-04T06:16:06.417+0100] {processor.py:208} INFO - Processing /opt/miniconda3/envs/airflow/lib/python3.8/site-packages/airflow/example_dags/example_kubernetes_executor.py took 0.057 seconds
[2024-10-04T08:38:46.035+0100] {processor.py:186} INFO - Started process (PID=20124) to work on /opt/miniconda3/envs/airflow/lib/python3.8/site-packages/airflow/example_dags/example_kubernetes_executor.py
[2024-10-04T08:38:46.036+0100] {processor.py:914} INFO - Processing file /opt/miniconda3/envs/airflow/lib/python3.8/site-packages/airflow/example_dags/example_kubernetes_executor.py for tasks to queue
[2024-10-04T08:38:46.036+0100] {logging_mixin.py:190} INFO - [2024-10-04T08:38:46.036+0100] {dagbag.py:588} INFO - Filling up the DagBag from /opt/miniconda3/envs/airflow/lib/python3.8/site-packages/airflow/example_dags/example_kubernetes_executor.py
[2024-10-04T08:38:46.062+0100] {logging_mixin.py:190} INFO - [2024-10-04T08:38:46.062+0100] {example_kubernetes_executor.py:39} WARNING - The example_kubernetes_executor example DAG requires the kubernetes provider. Please install it with: pip install apache-airflow[cncf.kubernetes]
[2024-10-04T08:38:46.062+0100] {processor.py:927} WARNING - No viable dags retrieved from /opt/miniconda3/envs/airflow/lib/python3.8/site-packages/airflow/example_dags/example_kubernetes_executor.py
[2024-10-04T08:38:46.090+0100] {processor.py:208} INFO - Processing /opt/miniconda3/envs/airflow/lib/python3.8/site-packages/airflow/example_dags/example_kubernetes_executor.py took 0.056 seconds
[2024-10-04T08:40:36.836+0100] {processor.py:186} INFO - Started process (PID=20276) to work on /opt/miniconda3/envs/airflow/lib/python3.8/site-packages/airflow/example_dags/example_kubernetes_executor.py
[2024-10-04T08:40:36.836+0100] {processor.py:914} INFO - Processing file /opt/miniconda3/envs/airflow/lib/python3.8/site-packages/airflow/example_dags/example_kubernetes_executor.py for tasks to queue
[2024-10-04T08:40:36.836+0100] {logging_mixin.py:190} INFO - [2024-10-04T08:40:36.836+0100] {dagbag.py:588} INFO - Filling up the DagBag from /opt/miniconda3/envs/airflow/lib/python3.8/site-packages/airflow/example_dags/example_kubernetes_executor.py
[2024-10-04T08:40:36.862+0100] {logging_mixin.py:190} INFO - [2024-10-04T08:40:36.862+0100] {example_kubernetes_executor.py:39} WARNING - The example_kubernetes_executor example DAG requires the kubernetes provider. Please install it with: pip install apache-airflow[cncf.kubernetes]
[2024-10-04T08:40:36.862+0100] {processor.py:927} WARNING - No viable dags retrieved from /opt/miniconda3/envs/airflow/lib/python3.8/site-packages/airflow/example_dags/example_kubernetes_executor.py
[2024-10-04T08:40:36.891+0100] {processor.py:208} INFO - Processing /opt/miniconda3/envs/airflow/lib/python3.8/site-packages/airflow/example_dags/example_kubernetes_executor.py took 0.057 seconds
[2024-10-04T09:41:26.047+0100] {processor.py:186} INFO - Started process (PID=20519) to work on /opt/miniconda3/envs/airflow/lib/python3.8/site-packages/airflow/example_dags/example_kubernetes_executor.py
[2024-10-04T09:41:26.048+0100] {processor.py:914} INFO - Processing file /opt/miniconda3/envs/airflow/lib/python3.8/site-packages/airflow/example_dags/example_kubernetes_executor.py for tasks to queue
[2024-10-04T09:41:26.049+0100] {logging_mixin.py:190} INFO - [2024-10-04T09:41:26.049+0100] {dagbag.py:588} INFO - Filling up the DagBag from /opt/miniconda3/envs/airflow/lib/python3.8/site-packages/airflow/example_dags/example_kubernetes_executor.py
[2024-10-04T09:41:26.075+0100] {logging_mixin.py:190} INFO - [2024-10-04T09:41:26.074+0100] {example_kubernetes_executor.py:39} WARNING - The example_kubernetes_executor example DAG requires the kubernetes provider. Please install it with: pip install apache-airflow[cncf.kubernetes]
[2024-10-04T09:41:26.075+0100] {processor.py:927} WARNING - No viable dags retrieved from /opt/miniconda3/envs/airflow/lib/python3.8/site-packages/airflow/example_dags/example_kubernetes_executor.py
[2024-10-04T09:41:26.103+0100] {processor.py:208} INFO - Processing /opt/miniconda3/envs/airflow/lib/python3.8/site-packages/airflow/example_dags/example_kubernetes_executor.py took 0.058 seconds
[2024-10-04T09:43:20.563+0100] {processor.py:186} INFO - Started process (PID=20676) to work on /opt/miniconda3/envs/airflow/lib/python3.8/site-packages/airflow/example_dags/example_kubernetes_executor.py
[2024-10-04T09:43:20.563+0100] {processor.py:914} INFO - Processing file /opt/miniconda3/envs/airflow/lib/python3.8/site-packages/airflow/example_dags/example_kubernetes_executor.py for tasks to queue
[2024-10-04T09:43:20.563+0100] {logging_mixin.py:190} INFO - [2024-10-04T09:43:20.563+0100] {dagbag.py:588} INFO - Filling up the DagBag from /opt/miniconda3/envs/airflow/lib/python3.8/site-packages/airflow/example_dags/example_kubernetes_executor.py
[2024-10-04T09:43:20.590+0100] {logging_mixin.py:190} INFO - [2024-10-04T09:43:20.590+0100] {example_kubernetes_executor.py:39} WARNING - The example_kubernetes_executor example DAG requires the kubernetes provider. Please install it with: pip install apache-airflow[cncf.kubernetes]
[2024-10-04T09:43:20.590+0100] {processor.py:927} WARNING - No viable dags retrieved from /opt/miniconda3/envs/airflow/lib/python3.8/site-packages/airflow/example_dags/example_kubernetes_executor.py
[2024-10-04T09:43:20.619+0100] {processor.py:208} INFO - Processing /opt/miniconda3/envs/airflow/lib/python3.8/site-packages/airflow/example_dags/example_kubernetes_executor.py took 0.057 seconds
[2024-10-04T10:20:24.626+0100] {processor.py:186} INFO - Started process (PID=20879) to work on /opt/miniconda3/envs/airflow/lib/python3.8/site-packages/airflow/example_dags/example_kubernetes_executor.py
[2024-10-04T10:20:24.627+0100] {processor.py:914} INFO - Processing file /opt/miniconda3/envs/airflow/lib/python3.8/site-packages/airflow/example_dags/example_kubernetes_executor.py for tasks to queue
[2024-10-04T10:20:24.628+0100] {logging_mixin.py:190} INFO - [2024-10-04T10:20:24.628+0100] {dagbag.py:588} INFO - Filling up the DagBag from /opt/miniconda3/envs/airflow/lib/python3.8/site-packages/airflow/example_dags/example_kubernetes_executor.py
[2024-10-04T10:20:24.658+0100] {logging_mixin.py:190} INFO - [2024-10-04T10:20:24.657+0100] {example_kubernetes_executor.py:39} WARNING - The example_kubernetes_executor example DAG requires the kubernetes provider. Please install it with: pip install apache-airflow[cncf.kubernetes]
[2024-10-04T10:20:24.658+0100] {processor.py:927} WARNING - No viable dags retrieved from /opt/miniconda3/envs/airflow/lib/python3.8/site-packages/airflow/example_dags/example_kubernetes_executor.py
[2024-10-04T10:20:24.687+0100] {processor.py:208} INFO - Processing /opt/miniconda3/envs/airflow/lib/python3.8/site-packages/airflow/example_dags/example_kubernetes_executor.py took 0.062 seconds
[2024-10-04T10:22:25.809+0100] {processor.py:186} INFO - Started process (PID=21037) to work on /opt/miniconda3/envs/airflow/lib/python3.8/site-packages/airflow/example_dags/example_kubernetes_executor.py
[2024-10-04T10:22:25.809+0100] {processor.py:914} INFO - Processing file /opt/miniconda3/envs/airflow/lib/python3.8/site-packages/airflow/example_dags/example_kubernetes_executor.py for tasks to queue
[2024-10-04T10:22:25.809+0100] {logging_mixin.py:190} INFO - [2024-10-04T10:22:25.809+0100] {dagbag.py:588} INFO - Filling up the DagBag from /opt/miniconda3/envs/airflow/lib/python3.8/site-packages/airflow/example_dags/example_kubernetes_executor.py
[2024-10-04T10:22:25.836+0100] {logging_mixin.py:190} INFO - [2024-10-04T10:22:25.836+0100] {example_kubernetes_executor.py:39} WARNING - The example_kubernetes_executor example DAG requires the kubernetes provider. Please install it with: pip install apache-airflow[cncf.kubernetes]
[2024-10-04T10:22:25.836+0100] {processor.py:927} WARNING - No viable dags retrieved from /opt/miniconda3/envs/airflow/lib/python3.8/site-packages/airflow/example_dags/example_kubernetes_executor.py
[2024-10-04T10:22:25.865+0100] {processor.py:208} INFO - Processing /opt/miniconda3/envs/airflow/lib/python3.8/site-packages/airflow/example_dags/example_kubernetes_executor.py took 0.058 seconds
[2024-10-04T10:25:41.224+0100] {processor.py:186} INFO - Started process (PID=21209) to work on /opt/miniconda3/envs/airflow/lib/python3.8/site-packages/airflow/example_dags/example_kubernetes_executor.py
[2024-10-04T10:25:41.225+0100] {processor.py:914} INFO - Processing file /opt/miniconda3/envs/airflow/lib/python3.8/site-packages/airflow/example_dags/example_kubernetes_executor.py for tasks to queue
[2024-10-04T10:25:41.225+0100] {logging_mixin.py:190} INFO - [2024-10-04T10:25:41.225+0100] {dagbag.py:588} INFO - Filling up the DagBag from /opt/miniconda3/envs/airflow/lib/python3.8/site-packages/airflow/example_dags/example_kubernetes_executor.py
[2024-10-04T10:25:41.252+0100] {logging_mixin.py:190} INFO - [2024-10-04T10:25:41.252+0100] {example_kubernetes_executor.py:39} WARNING - The example_kubernetes_executor example DAG requires the kubernetes provider. Please install it with: pip install apache-airflow[cncf.kubernetes]
[2024-10-04T10:25:41.252+0100] {processor.py:927} WARNING - No viable dags retrieved from /opt/miniconda3/envs/airflow/lib/python3.8/site-packages/airflow/example_dags/example_kubernetes_executor.py
[2024-10-04T10:25:41.280+0100] {processor.py:208} INFO - Processing /opt/miniconda3/envs/airflow/lib/python3.8/site-packages/airflow/example_dags/example_kubernetes_executor.py took 0.058 seconds
[2024-10-04T10:27:35.382+0100] {processor.py:186} INFO - Started process (PID=21360) to work on /opt/miniconda3/envs/airflow/lib/python3.8/site-packages/airflow/example_dags/example_kubernetes_executor.py
[2024-10-04T10:27:35.383+0100] {processor.py:914} INFO - Processing file /opt/miniconda3/envs/airflow/lib/python3.8/site-packages/airflow/example_dags/example_kubernetes_executor.py for tasks to queue
[2024-10-04T10:27:35.383+0100] {logging_mixin.py:190} INFO - [2024-10-04T10:27:35.383+0100] {dagbag.py:588} INFO - Filling up the DagBag from /opt/miniconda3/envs/airflow/lib/python3.8/site-packages/airflow/example_dags/example_kubernetes_executor.py
[2024-10-04T10:27:35.410+0100] {logging_mixin.py:190} INFO - [2024-10-04T10:27:35.410+0100] {example_kubernetes_executor.py:39} WARNING - The example_kubernetes_executor example DAG requires the kubernetes provider. Please install it with: pip install apache-airflow[cncf.kubernetes]
[2024-10-04T10:27:35.410+0100] {processor.py:927} WARNING - No viable dags retrieved from /opt/miniconda3/envs/airflow/lib/python3.8/site-packages/airflow/example_dags/example_kubernetes_executor.py
[2024-10-04T10:27:35.439+0100] {processor.py:208} INFO - Processing /opt/miniconda3/envs/airflow/lib/python3.8/site-packages/airflow/example_dags/example_kubernetes_executor.py took 0.059 seconds
[2024-10-04T10:29:29.886+0100] {processor.py:186} INFO - Started process (PID=21548) to work on /opt/miniconda3/envs/airflow/lib/python3.8/site-packages/airflow/example_dags/example_kubernetes_executor.py
[2024-10-04T10:29:29.886+0100] {processor.py:914} INFO - Processing file /opt/miniconda3/envs/airflow/lib/python3.8/site-packages/airflow/example_dags/example_kubernetes_executor.py for tasks to queue
[2024-10-04T10:29:29.887+0100] {logging_mixin.py:190} INFO - [2024-10-04T10:29:29.887+0100] {dagbag.py:588} INFO - Filling up the DagBag from /opt/miniconda3/envs/airflow/lib/python3.8/site-packages/airflow/example_dags/example_kubernetes_executor.py
[2024-10-04T10:29:29.914+0100] {logging_mixin.py:190} INFO - [2024-10-04T10:29:29.914+0100] {example_kubernetes_executor.py:39} WARNING - The example_kubernetes_executor example DAG requires the kubernetes provider. Please install it with: pip install apache-airflow[cncf.kubernetes]
[2024-10-04T10:29:29.914+0100] {processor.py:927} WARNING - No viable dags retrieved from /opt/miniconda3/envs/airflow/lib/python3.8/site-packages/airflow/example_dags/example_kubernetes_executor.py
[2024-10-04T10:29:29.943+0100] {processor.py:208} INFO - Processing /opt/miniconda3/envs/airflow/lib/python3.8/site-packages/airflow/example_dags/example_kubernetes_executor.py took 0.059 seconds
[2024-10-04T10:31:22.863+0100] {processor.py:186} INFO - Started process (PID=21705) to work on /opt/miniconda3/envs/airflow/lib/python3.8/site-packages/airflow/example_dags/example_kubernetes_executor.py
[2024-10-04T10:31:22.864+0100] {processor.py:914} INFO - Processing file /opt/miniconda3/envs/airflow/lib/python3.8/site-packages/airflow/example_dags/example_kubernetes_executor.py for tasks to queue
[2024-10-04T10:31:22.864+0100] {logging_mixin.py:190} INFO - [2024-10-04T10:31:22.864+0100] {dagbag.py:588} INFO - Filling up the DagBag from /opt/miniconda3/envs/airflow/lib/python3.8/site-packages/airflow/example_dags/example_kubernetes_executor.py
[2024-10-04T10:31:22.891+0100] {logging_mixin.py:190} INFO - [2024-10-04T10:31:22.891+0100] {example_kubernetes_executor.py:39} WARNING - The example_kubernetes_executor example DAG requires the kubernetes provider. Please install it with: pip install apache-airflow[cncf.kubernetes]
[2024-10-04T10:31:22.891+0100] {processor.py:927} WARNING - No viable dags retrieved from /opt/miniconda3/envs/airflow/lib/python3.8/site-packages/airflow/example_dags/example_kubernetes_executor.py
[2024-10-04T10:31:22.920+0100] {processor.py:208} INFO - Processing /opt/miniconda3/envs/airflow/lib/python3.8/site-packages/airflow/example_dags/example_kubernetes_executor.py took 0.058 seconds
[2024-10-04T10:32:51.574+0100] {processor.py:186} INFO - Started process (PID=21837) to work on /opt/miniconda3/envs/airflow/lib/python3.8/site-packages/airflow/example_dags/example_kubernetes_executor.py
[2024-10-04T10:32:51.574+0100] {processor.py:914} INFO - Processing file /opt/miniconda3/envs/airflow/lib/python3.8/site-packages/airflow/example_dags/example_kubernetes_executor.py for tasks to queue
[2024-10-04T10:32:51.575+0100] {logging_mixin.py:190} INFO - [2024-10-04T10:32:51.575+0100] {dagbag.py:588} INFO - Filling up the DagBag from /opt/miniconda3/envs/airflow/lib/python3.8/site-packages/airflow/example_dags/example_kubernetes_executor.py
[2024-10-04T10:32:51.603+0100] {logging_mixin.py:190} INFO - [2024-10-04T10:32:51.603+0100] {example_kubernetes_executor.py:39} WARNING - The example_kubernetes_executor example DAG requires the kubernetes provider. Please install it with: pip install apache-airflow[cncf.kubernetes]
[2024-10-04T10:32:51.603+0100] {processor.py:927} WARNING - No viable dags retrieved from /opt/miniconda3/envs/airflow/lib/python3.8/site-packages/airflow/example_dags/example_kubernetes_executor.py
[2024-10-04T10:32:51.632+0100] {processor.py:208} INFO - Processing /opt/miniconda3/envs/airflow/lib/python3.8/site-packages/airflow/example_dags/example_kubernetes_executor.py took 0.060 seconds
[2024-10-04T10:35:01.684+0100] {processor.py:186} INFO - Started process (PID=22011) to work on /opt/miniconda3/envs/airflow/lib/python3.8/site-packages/airflow/example_dags/example_kubernetes_executor.py
[2024-10-04T10:35:01.684+0100] {processor.py:914} INFO - Processing file /opt/miniconda3/envs/airflow/lib/python3.8/site-packages/airflow/example_dags/example_kubernetes_executor.py for tasks to queue
[2024-10-04T10:35:01.684+0100] {logging_mixin.py:190} INFO - [2024-10-04T10:35:01.684+0100] {dagbag.py:588} INFO - Filling up the DagBag from /opt/miniconda3/envs/airflow/lib/python3.8/site-packages/airflow/example_dags/example_kubernetes_executor.py
[2024-10-04T10:35:01.711+0100] {logging_mixin.py:190} INFO - [2024-10-04T10:35:01.711+0100] {example_kubernetes_executor.py:39} WARNING - The example_kubernetes_executor example DAG requires the kubernetes provider. Please install it with: pip install apache-airflow[cncf.kubernetes]
[2024-10-04T10:35:01.711+0100] {processor.py:927} WARNING - No viable dags retrieved from /opt/miniconda3/envs/airflow/lib/python3.8/site-packages/airflow/example_dags/example_kubernetes_executor.py
[2024-10-04T10:35:01.741+0100] {processor.py:208} INFO - Processing /opt/miniconda3/envs/airflow/lib/python3.8/site-packages/airflow/example_dags/example_kubernetes_executor.py took 0.059 seconds
[2024-10-04T10:37:15.983+0100] {processor.py:186} INFO - Started process (PID=22175) to work on /opt/miniconda3/envs/airflow/lib/python3.8/site-packages/airflow/example_dags/example_kubernetes_executor.py
[2024-10-04T10:37:15.983+0100] {processor.py:914} INFO - Processing file /opt/miniconda3/envs/airflow/lib/python3.8/site-packages/airflow/example_dags/example_kubernetes_executor.py for tasks to queue
[2024-10-04T10:37:15.983+0100] {logging_mixin.py:190} INFO - [2024-10-04T10:37:15.983+0100] {dagbag.py:588} INFO - Filling up the DagBag from /opt/miniconda3/envs/airflow/lib/python3.8/site-packages/airflow/example_dags/example_kubernetes_executor.py
[2024-10-04T10:37:16.011+0100] {logging_mixin.py:190} INFO - [2024-10-04T10:37:16.011+0100] {example_kubernetes_executor.py:39} WARNING - The example_kubernetes_executor example DAG requires the kubernetes provider. Please install it with: pip install apache-airflow[cncf.kubernetes]
[2024-10-04T10:37:16.011+0100] {processor.py:927} WARNING - No viable dags retrieved from /opt/miniconda3/envs/airflow/lib/python3.8/site-packages/airflow/example_dags/example_kubernetes_executor.py
[2024-10-04T10:37:16.040+0100] {processor.py:208} INFO - Processing /opt/miniconda3/envs/airflow/lib/python3.8/site-packages/airflow/example_dags/example_kubernetes_executor.py took 0.059 seconds
