[2024-10-04T01:55:34.898+0100] {processor.py:186} INFO - Started process (PID=17441) to work on /opt/miniconda3/envs/airflow/lib/python3.8/site-packages/airflow/example_dags/example_dataset_alias_with_no_taskflow.py
[2024-10-04T01:55:34.898+0100] {processor.py:914} INFO - Processing file /opt/miniconda3/envs/airflow/lib/python3.8/site-packages/airflow/example_dags/example_dataset_alias_with_no_taskflow.py for tasks to queue
[2024-10-04T01:55:34.899+0100] {logging_mixin.py:190} INFO - [2024-10-04T01:55:34.899+0100] {dagbag.py:588} INFO - Filling up the DagBag from /opt/miniconda3/envs/airflow/lib/python3.8/site-packages/airflow/example_dags/example_dataset_alias_with_no_taskflow.py
[2024-10-04T01:55:34.964+0100] {processor.py:925} INFO - DAG(s) 'dataset_alias_example_alias_producer_with_no_taskflow', 'dataset_s3_bucket_producer_with_no_taskflow', 'dataset_s3_bucket_consumer_with_no_taskflow', 'dataset_alias_example_alias_consumer_with_no_taskflow' retrieved from /opt/miniconda3/envs/airflow/lib/python3.8/site-packages/airflow/example_dags/example_dataset_alias_with_no_taskflow.py
[2024-10-04T01:55:34.971+0100] {logging_mixin.py:190} INFO - [2024-10-04T01:55:34.971+0100] {dag.py:3239} INFO - Sync 4 DAGs
[2024-10-04T01:55:34.977+0100] {logging_mixin.py:190} INFO - [2024-10-04T01:55:34.977+0100] {dag.py:4180} INFO - Setting next_dagrun for dataset_alias_example_alias_consumer_with_no_taskflow to None, run_after=None
[2024-10-04T01:55:34.978+0100] {logging_mixin.py:190} INFO - [2024-10-04T01:55:34.977+0100] {dag.py:4180} INFO - Setting next_dagrun for dataset_alias_example_alias_producer_with_no_taskflow to None, run_after=None
[2024-10-04T01:55:34.978+0100] {logging_mixin.py:190} INFO - [2024-10-04T01:55:34.978+0100] {dag.py:4180} INFO - Setting next_dagrun for dataset_s3_bucket_consumer_with_no_taskflow to None, run_after=None
[2024-10-04T01:55:34.978+0100] {logging_mixin.py:190} INFO - [2024-10-04T01:55:34.978+0100] {dag.py:4180} INFO - Setting next_dagrun for dataset_s3_bucket_producer_with_no_taskflow to None, run_after=None
[2024-10-04T01:55:34.984+0100] {processor.py:208} INFO - Processing /opt/miniconda3/envs/airflow/lib/python3.8/site-packages/airflow/example_dags/example_dataset_alias_with_no_taskflow.py took 0.088 seconds
[2024-10-04T01:57:42.426+0100] {processor.py:186} INFO - Started process (PID=17600) to work on /opt/miniconda3/envs/airflow/lib/python3.8/site-packages/airflow/example_dags/example_dataset_alias_with_no_taskflow.py
[2024-10-04T01:57:42.426+0100] {processor.py:914} INFO - Processing file /opt/miniconda3/envs/airflow/lib/python3.8/site-packages/airflow/example_dags/example_dataset_alias_with_no_taskflow.py for tasks to queue
[2024-10-04T01:57:42.427+0100] {logging_mixin.py:190} INFO - [2024-10-04T01:57:42.427+0100] {dagbag.py:588} INFO - Filling up the DagBag from /opt/miniconda3/envs/airflow/lib/python3.8/site-packages/airflow/example_dags/example_dataset_alias_with_no_taskflow.py
[2024-10-04T01:57:42.491+0100] {processor.py:925} INFO - DAG(s) 'dataset_alias_example_alias_consumer_with_no_taskflow', 'dataset_s3_bucket_producer_with_no_taskflow', 'dataset_alias_example_alias_producer_with_no_taskflow', 'dataset_s3_bucket_consumer_with_no_taskflow' retrieved from /opt/miniconda3/envs/airflow/lib/python3.8/site-packages/airflow/example_dags/example_dataset_alias_with_no_taskflow.py
[2024-10-04T01:57:42.498+0100] {logging_mixin.py:190} INFO - [2024-10-04T01:57:42.498+0100] {dag.py:3239} INFO - Sync 4 DAGs
[2024-10-04T01:57:42.504+0100] {logging_mixin.py:190} INFO - [2024-10-04T01:57:42.503+0100] {dag.py:4180} INFO - Setting next_dagrun for dataset_alias_example_alias_consumer_with_no_taskflow to None, run_after=None
[2024-10-04T01:57:42.504+0100] {logging_mixin.py:190} INFO - [2024-10-04T01:57:42.504+0100] {dag.py:4180} INFO - Setting next_dagrun for dataset_alias_example_alias_producer_with_no_taskflow to None, run_after=None
[2024-10-04T01:57:42.505+0100] {logging_mixin.py:190} INFO - [2024-10-04T01:57:42.504+0100] {dag.py:4180} INFO - Setting next_dagrun for dataset_s3_bucket_consumer_with_no_taskflow to None, run_after=None
[2024-10-04T01:57:42.505+0100] {logging_mixin.py:190} INFO - [2024-10-04T01:57:42.505+0100] {dag.py:4180} INFO - Setting next_dagrun for dataset_s3_bucket_producer_with_no_taskflow to None, run_after=None
[2024-10-04T01:57:42.511+0100] {processor.py:208} INFO - Processing /opt/miniconda3/envs/airflow/lib/python3.8/site-packages/airflow/example_dags/example_dataset_alias_with_no_taskflow.py took 0.087 seconds
[2024-10-04T03:51:12.335+0100] {processor.py:186} INFO - Started process (PID=17749) to work on /opt/miniconda3/envs/airflow/lib/python3.8/site-packages/airflow/example_dags/example_dataset_alias_with_no_taskflow.py
[2024-10-04T03:51:12.337+0100] {processor.py:914} INFO - Processing file /opt/miniconda3/envs/airflow/lib/python3.8/site-packages/airflow/example_dags/example_dataset_alias_with_no_taskflow.py for tasks to queue
[2024-10-04T03:51:12.337+0100] {logging_mixin.py:190} INFO - [2024-10-04T03:51:12.337+0100] {dagbag.py:588} INFO - Filling up the DagBag from /opt/miniconda3/envs/airflow/lib/python3.8/site-packages/airflow/example_dags/example_dataset_alias_with_no_taskflow.py
[2024-10-04T03:51:12.400+0100] {processor.py:925} INFO - DAG(s) 'dataset_alias_example_alias_consumer_with_no_taskflow', 'dataset_alias_example_alias_producer_with_no_taskflow', 'dataset_s3_bucket_consumer_with_no_taskflow', 'dataset_s3_bucket_producer_with_no_taskflow' retrieved from /opt/miniconda3/envs/airflow/lib/python3.8/site-packages/airflow/example_dags/example_dataset_alias_with_no_taskflow.py
[2024-10-04T03:51:12.408+0100] {logging_mixin.py:190} INFO - [2024-10-04T03:51:12.408+0100] {dag.py:3239} INFO - Sync 4 DAGs
[2024-10-04T03:51:12.413+0100] {logging_mixin.py:190} INFO - [2024-10-04T03:51:12.413+0100] {dag.py:4180} INFO - Setting next_dagrun for dataset_alias_example_alias_consumer_with_no_taskflow to None, run_after=None
[2024-10-04T03:51:12.414+0100] {logging_mixin.py:190} INFO - [2024-10-04T03:51:12.414+0100] {dag.py:4180} INFO - Setting next_dagrun for dataset_alias_example_alias_producer_with_no_taskflow to None, run_after=None
[2024-10-04T03:51:12.414+0100] {logging_mixin.py:190} INFO - [2024-10-04T03:51:12.414+0100] {dag.py:4180} INFO - Setting next_dagrun for dataset_s3_bucket_consumer_with_no_taskflow to None, run_after=None
[2024-10-04T03:51:12.415+0100] {logging_mixin.py:190} INFO - [2024-10-04T03:51:12.415+0100] {dag.py:4180} INFO - Setting next_dagrun for dataset_s3_bucket_producer_with_no_taskflow to None, run_after=None
[2024-10-04T03:51:12.421+0100] {processor.py:208} INFO - Processing /opt/miniconda3/envs/airflow/lib/python3.8/site-packages/airflow/example_dags/example_dataset_alias_with_no_taskflow.py took 0.087 seconds
[2024-10-04T04:10:11.501+0100] {processor.py:186} INFO - Started process (PID=17917) to work on /opt/miniconda3/envs/airflow/lib/python3.8/site-packages/airflow/example_dags/example_dataset_alias_with_no_taskflow.py
[2024-10-04T04:10:11.501+0100] {processor.py:914} INFO - Processing file /opt/miniconda3/envs/airflow/lib/python3.8/site-packages/airflow/example_dags/example_dataset_alias_with_no_taskflow.py for tasks to queue
[2024-10-04T04:10:11.502+0100] {logging_mixin.py:190} INFO - [2024-10-04T04:10:11.502+0100] {dagbag.py:588} INFO - Filling up the DagBag from /opt/miniconda3/envs/airflow/lib/python3.8/site-packages/airflow/example_dags/example_dataset_alias_with_no_taskflow.py
[2024-10-04T04:10:11.567+0100] {processor.py:925} INFO - DAG(s) 'dataset_s3_bucket_producer_with_no_taskflow', 'dataset_alias_example_alias_consumer_with_no_taskflow', 'dataset_alias_example_alias_producer_with_no_taskflow', 'dataset_s3_bucket_consumer_with_no_taskflow' retrieved from /opt/miniconda3/envs/airflow/lib/python3.8/site-packages/airflow/example_dags/example_dataset_alias_with_no_taskflow.py
[2024-10-04T04:10:11.574+0100] {logging_mixin.py:190} INFO - [2024-10-04T04:10:11.574+0100] {dag.py:3239} INFO - Sync 4 DAGs
[2024-10-04T04:10:11.580+0100] {logging_mixin.py:190} INFO - [2024-10-04T04:10:11.580+0100] {dag.py:4180} INFO - Setting next_dagrun for dataset_alias_example_alias_consumer_with_no_taskflow to None, run_after=None
[2024-10-04T04:10:11.581+0100] {logging_mixin.py:190} INFO - [2024-10-04T04:10:11.581+0100] {dag.py:4180} INFO - Setting next_dagrun for dataset_alias_example_alias_producer_with_no_taskflow to None, run_after=None
[2024-10-04T04:10:11.581+0100] {logging_mixin.py:190} INFO - [2024-10-04T04:10:11.581+0100] {dag.py:4180} INFO - Setting next_dagrun for dataset_s3_bucket_consumer_with_no_taskflow to None, run_after=None
[2024-10-04T04:10:11.582+0100] {logging_mixin.py:190} INFO - [2024-10-04T04:10:11.581+0100] {dag.py:4180} INFO - Setting next_dagrun for dataset_s3_bucket_producer_with_no_taskflow to None, run_after=None
[2024-10-04T04:10:11.588+0100] {processor.py:208} INFO - Processing /opt/miniconda3/envs/airflow/lib/python3.8/site-packages/airflow/example_dags/example_dataset_alias_with_no_taskflow.py took 0.089 seconds
[2024-10-04T06:14:25.142+0100] {processor.py:186} INFO - Started process (PID=18074) to work on /opt/miniconda3/envs/airflow/lib/python3.8/site-packages/airflow/example_dags/example_dataset_alias_with_no_taskflow.py
[2024-10-04T06:14:25.143+0100] {processor.py:914} INFO - Processing file /opt/miniconda3/envs/airflow/lib/python3.8/site-packages/airflow/example_dags/example_dataset_alias_with_no_taskflow.py for tasks to queue
[2024-10-04T06:14:25.143+0100] {logging_mixin.py:190} INFO - [2024-10-04T06:14:25.143+0100] {dagbag.py:588} INFO - Filling up the DagBag from /opt/miniconda3/envs/airflow/lib/python3.8/site-packages/airflow/example_dags/example_dataset_alias_with_no_taskflow.py
[2024-10-04T06:14:25.207+0100] {processor.py:925} INFO - DAG(s) 'dataset_s3_bucket_consumer_with_no_taskflow', 'dataset_alias_example_alias_producer_with_no_taskflow', 'dataset_s3_bucket_producer_with_no_taskflow', 'dataset_alias_example_alias_consumer_with_no_taskflow' retrieved from /opt/miniconda3/envs/airflow/lib/python3.8/site-packages/airflow/example_dags/example_dataset_alias_with_no_taskflow.py
[2024-10-04T06:14:25.215+0100] {logging_mixin.py:190} INFO - [2024-10-04T06:14:25.214+0100] {dag.py:3239} INFO - Sync 4 DAGs
[2024-10-04T06:14:25.220+0100] {logging_mixin.py:190} INFO - [2024-10-04T06:14:25.220+0100] {dag.py:4180} INFO - Setting next_dagrun for dataset_alias_example_alias_consumer_with_no_taskflow to None, run_after=None
[2024-10-04T06:14:25.221+0100] {logging_mixin.py:190} INFO - [2024-10-04T06:14:25.221+0100] {dag.py:4180} INFO - Setting next_dagrun for dataset_alias_example_alias_producer_with_no_taskflow to None, run_after=None
[2024-10-04T06:14:25.221+0100] {logging_mixin.py:190} INFO - [2024-10-04T06:14:25.221+0100] {dag.py:4180} INFO - Setting next_dagrun for dataset_s3_bucket_consumer_with_no_taskflow to None, run_after=None
[2024-10-04T06:14:25.221+0100] {logging_mixin.py:190} INFO - [2024-10-04T06:14:25.221+0100] {dag.py:4180} INFO - Setting next_dagrun for dataset_s3_bucket_producer_with_no_taskflow to None, run_after=None
[2024-10-04T06:14:25.227+0100] {processor.py:208} INFO - Processing /opt/miniconda3/envs/airflow/lib/python3.8/site-packages/airflow/example_dags/example_dataset_alias_with_no_taskflow.py took 0.087 seconds
[2024-10-04T06:16:17.219+0100] {processor.py:186} INFO - Started process (PID=19895) to work on /opt/miniconda3/envs/airflow/lib/python3.8/site-packages/airflow/example_dags/example_dataset_alias_with_no_taskflow.py
[2024-10-04T06:16:17.220+0100] {processor.py:914} INFO - Processing file /opt/miniconda3/envs/airflow/lib/python3.8/site-packages/airflow/example_dags/example_dataset_alias_with_no_taskflow.py for tasks to queue
[2024-10-04T06:16:17.221+0100] {logging_mixin.py:190} INFO - [2024-10-04T06:16:17.220+0100] {dagbag.py:588} INFO - Filling up the DagBag from /opt/miniconda3/envs/airflow/lib/python3.8/site-packages/airflow/example_dags/example_dataset_alias_with_no_taskflow.py
[2024-10-04T06:16:17.285+0100] {processor.py:925} INFO - DAG(s) 'dataset_alias_example_alias_consumer_with_no_taskflow', 'dataset_s3_bucket_producer_with_no_taskflow', 'dataset_alias_example_alias_producer_with_no_taskflow', 'dataset_s3_bucket_consumer_with_no_taskflow' retrieved from /opt/miniconda3/envs/airflow/lib/python3.8/site-packages/airflow/example_dags/example_dataset_alias_with_no_taskflow.py
[2024-10-04T06:16:17.301+0100] {logging_mixin.py:190} INFO - [2024-10-04T06:16:17.301+0100] {dag.py:3239} INFO - Sync 4 DAGs
[2024-10-04T06:16:17.307+0100] {logging_mixin.py:190} INFO - [2024-10-04T06:16:17.307+0100] {dag.py:4180} INFO - Setting next_dagrun for dataset_alias_example_alias_consumer_with_no_taskflow to None, run_after=None
[2024-10-04T06:16:17.308+0100] {logging_mixin.py:190} INFO - [2024-10-04T06:16:17.308+0100] {dag.py:4180} INFO - Setting next_dagrun for dataset_alias_example_alias_producer_with_no_taskflow to None, run_after=None
[2024-10-04T06:16:17.308+0100] {logging_mixin.py:190} INFO - [2024-10-04T06:16:17.308+0100] {dag.py:4180} INFO - Setting next_dagrun for dataset_s3_bucket_consumer_with_no_taskflow to None, run_after=None
[2024-10-04T06:16:17.308+0100] {logging_mixin.py:190} INFO - [2024-10-04T06:16:17.308+0100] {dag.py:4180} INFO - Setting next_dagrun for dataset_s3_bucket_producer_with_no_taskflow to None, run_after=None
[2024-10-04T06:16:17.315+0100] {processor.py:208} INFO - Processing /opt/miniconda3/envs/airflow/lib/python3.8/site-packages/airflow/example_dags/example_dataset_alias_with_no_taskflow.py took 0.098 seconds
[2024-10-04T08:38:56.610+0100] {processor.py:186} INFO - Started process (PID=20139) to work on /opt/miniconda3/envs/airflow/lib/python3.8/site-packages/airflow/example_dags/example_dataset_alias_with_no_taskflow.py
[2024-10-04T08:38:56.610+0100] {processor.py:914} INFO - Processing file /opt/miniconda3/envs/airflow/lib/python3.8/site-packages/airflow/example_dags/example_dataset_alias_with_no_taskflow.py for tasks to queue
[2024-10-04T08:38:56.610+0100] {logging_mixin.py:190} INFO - [2024-10-04T08:38:56.610+0100] {dagbag.py:588} INFO - Filling up the DagBag from /opt/miniconda3/envs/airflow/lib/python3.8/site-packages/airflow/example_dags/example_dataset_alias_with_no_taskflow.py
[2024-10-04T08:38:56.676+0100] {processor.py:925} INFO - DAG(s) 'dataset_s3_bucket_consumer_with_no_taskflow', 'dataset_s3_bucket_producer_with_no_taskflow', 'dataset_alias_example_alias_producer_with_no_taskflow', 'dataset_alias_example_alias_consumer_with_no_taskflow' retrieved from /opt/miniconda3/envs/airflow/lib/python3.8/site-packages/airflow/example_dags/example_dataset_alias_with_no_taskflow.py
[2024-10-04T08:38:56.683+0100] {logging_mixin.py:190} INFO - [2024-10-04T08:38:56.683+0100] {dag.py:3239} INFO - Sync 4 DAGs
[2024-10-04T08:38:56.688+0100] {logging_mixin.py:190} INFO - [2024-10-04T08:38:56.688+0100] {dag.py:4180} INFO - Setting next_dagrun for dataset_alias_example_alias_consumer_with_no_taskflow to None, run_after=None
[2024-10-04T08:38:56.689+0100] {logging_mixin.py:190} INFO - [2024-10-04T08:38:56.689+0100] {dag.py:4180} INFO - Setting next_dagrun for dataset_alias_example_alias_producer_with_no_taskflow to None, run_after=None
[2024-10-04T08:38:56.689+0100] {logging_mixin.py:190} INFO - [2024-10-04T08:38:56.689+0100] {dag.py:4180} INFO - Setting next_dagrun for dataset_s3_bucket_consumer_with_no_taskflow to None, run_after=None
[2024-10-04T08:38:56.690+0100] {logging_mixin.py:190} INFO - [2024-10-04T08:38:56.690+0100] {dag.py:4180} INFO - Setting next_dagrun for dataset_s3_bucket_producer_with_no_taskflow to None, run_after=None
[2024-10-04T08:38:56.696+0100] {processor.py:208} INFO - Processing /opt/miniconda3/envs/airflow/lib/python3.8/site-packages/airflow/example_dags/example_dataset_alias_with_no_taskflow.py took 0.088 seconds
[2024-10-04T08:40:47.514+0100] {processor.py:186} INFO - Started process (PID=20295) to work on /opt/miniconda3/envs/airflow/lib/python3.8/site-packages/airflow/example_dags/example_dataset_alias_with_no_taskflow.py
[2024-10-04T08:40:47.515+0100] {processor.py:914} INFO - Processing file /opt/miniconda3/envs/airflow/lib/python3.8/site-packages/airflow/example_dags/example_dataset_alias_with_no_taskflow.py for tasks to queue
[2024-10-04T08:40:47.515+0100] {logging_mixin.py:190} INFO - [2024-10-04T08:40:47.515+0100] {dagbag.py:588} INFO - Filling up the DagBag from /opt/miniconda3/envs/airflow/lib/python3.8/site-packages/airflow/example_dags/example_dataset_alias_with_no_taskflow.py
[2024-10-04T08:40:47.580+0100] {processor.py:925} INFO - DAG(s) 'dataset_alias_example_alias_producer_with_no_taskflow', 'dataset_s3_bucket_consumer_with_no_taskflow', 'dataset_alias_example_alias_consumer_with_no_taskflow', 'dataset_s3_bucket_producer_with_no_taskflow' retrieved from /opt/miniconda3/envs/airflow/lib/python3.8/site-packages/airflow/example_dags/example_dataset_alias_with_no_taskflow.py
[2024-10-04T08:40:47.587+0100] {logging_mixin.py:190} INFO - [2024-10-04T08:40:47.587+0100] {dag.py:3239} INFO - Sync 4 DAGs
[2024-10-04T08:40:47.593+0100] {logging_mixin.py:190} INFO - [2024-10-04T08:40:47.593+0100] {dag.py:4180} INFO - Setting next_dagrun for dataset_alias_example_alias_consumer_with_no_taskflow to None, run_after=None
[2024-10-04T08:40:47.593+0100] {logging_mixin.py:190} INFO - [2024-10-04T08:40:47.593+0100] {dag.py:4180} INFO - Setting next_dagrun for dataset_alias_example_alias_producer_with_no_taskflow to None, run_after=None
[2024-10-04T08:40:47.594+0100] {logging_mixin.py:190} INFO - [2024-10-04T08:40:47.594+0100] {dag.py:4180} INFO - Setting next_dagrun for dataset_s3_bucket_consumer_with_no_taskflow to None, run_after=None
[2024-10-04T08:40:47.594+0100] {logging_mixin.py:190} INFO - [2024-10-04T08:40:47.594+0100] {dag.py:4180} INFO - Setting next_dagrun for dataset_s3_bucket_producer_with_no_taskflow to None, run_after=None
[2024-10-04T08:40:47.600+0100] {processor.py:208} INFO - Processing /opt/miniconda3/envs/airflow/lib/python3.8/site-packages/airflow/example_dags/example_dataset_alias_with_no_taskflow.py took 0.088 seconds
[2024-10-04T09:41:36.928+0100] {processor.py:186} INFO - Started process (PID=20541) to work on /opt/miniconda3/envs/airflow/lib/python3.8/site-packages/airflow/example_dags/example_dataset_alias_with_no_taskflow.py
[2024-10-04T09:41:36.929+0100] {processor.py:914} INFO - Processing file /opt/miniconda3/envs/airflow/lib/python3.8/site-packages/airflow/example_dags/example_dataset_alias_with_no_taskflow.py for tasks to queue
[2024-10-04T09:41:36.929+0100] {logging_mixin.py:190} INFO - [2024-10-04T09:41:36.929+0100] {dagbag.py:588} INFO - Filling up the DagBag from /opt/miniconda3/envs/airflow/lib/python3.8/site-packages/airflow/example_dags/example_dataset_alias_with_no_taskflow.py
[2024-10-04T09:41:36.995+0100] {processor.py:925} INFO - DAG(s) 'dataset_alias_example_alias_producer_with_no_taskflow', 'dataset_alias_example_alias_consumer_with_no_taskflow', 'dataset_s3_bucket_consumer_with_no_taskflow', 'dataset_s3_bucket_producer_with_no_taskflow' retrieved from /opt/miniconda3/envs/airflow/lib/python3.8/site-packages/airflow/example_dags/example_dataset_alias_with_no_taskflow.py
[2024-10-04T09:41:37.002+0100] {logging_mixin.py:190} INFO - [2024-10-04T09:41:37.002+0100] {dag.py:3239} INFO - Sync 4 DAGs
[2024-10-04T09:41:37.008+0100] {logging_mixin.py:190} INFO - [2024-10-04T09:41:37.008+0100] {dag.py:4180} INFO - Setting next_dagrun for dataset_alias_example_alias_consumer_with_no_taskflow to None, run_after=None
[2024-10-04T09:41:37.008+0100] {logging_mixin.py:190} INFO - [2024-10-04T09:41:37.008+0100] {dag.py:4180} INFO - Setting next_dagrun for dataset_alias_example_alias_producer_with_no_taskflow to None, run_after=None
[2024-10-04T09:41:37.009+0100] {logging_mixin.py:190} INFO - [2024-10-04T09:41:37.008+0100] {dag.py:4180} INFO - Setting next_dagrun for dataset_s3_bucket_consumer_with_no_taskflow to None, run_after=None
[2024-10-04T09:41:37.009+0100] {logging_mixin.py:190} INFO - [2024-10-04T09:41:37.009+0100] {dag.py:4180} INFO - Setting next_dagrun for dataset_s3_bucket_producer_with_no_taskflow to None, run_after=None
[2024-10-04T09:41:37.015+0100] {processor.py:208} INFO - Processing /opt/miniconda3/envs/airflow/lib/python3.8/site-packages/airflow/example_dags/example_dataset_alias_with_no_taskflow.py took 0.088 seconds
[2024-10-04T09:43:31.397+0100] {processor.py:186} INFO - Started process (PID=20690) to work on /opt/miniconda3/envs/airflow/lib/python3.8/site-packages/airflow/example_dags/example_dataset_alias_with_no_taskflow.py
[2024-10-04T09:43:31.397+0100] {processor.py:914} INFO - Processing file /opt/miniconda3/envs/airflow/lib/python3.8/site-packages/airflow/example_dags/example_dataset_alias_with_no_taskflow.py for tasks to queue
[2024-10-04T09:43:31.397+0100] {logging_mixin.py:190} INFO - [2024-10-04T09:43:31.397+0100] {dagbag.py:588} INFO - Filling up the DagBag from /opt/miniconda3/envs/airflow/lib/python3.8/site-packages/airflow/example_dags/example_dataset_alias_with_no_taskflow.py
[2024-10-04T09:43:31.461+0100] {processor.py:925} INFO - DAG(s) 'dataset_alias_example_alias_producer_with_no_taskflow', 'dataset_s3_bucket_producer_with_no_taskflow', 'dataset_alias_example_alias_consumer_with_no_taskflow', 'dataset_s3_bucket_consumer_with_no_taskflow' retrieved from /opt/miniconda3/envs/airflow/lib/python3.8/site-packages/airflow/example_dags/example_dataset_alias_with_no_taskflow.py
[2024-10-04T09:43:31.468+0100] {logging_mixin.py:190} INFO - [2024-10-04T09:43:31.468+0100] {dag.py:3239} INFO - Sync 4 DAGs
[2024-10-04T09:43:31.474+0100] {logging_mixin.py:190} INFO - [2024-10-04T09:43:31.474+0100] {dag.py:4180} INFO - Setting next_dagrun for dataset_alias_example_alias_consumer_with_no_taskflow to None, run_after=None
[2024-10-04T09:43:31.474+0100] {logging_mixin.py:190} INFO - [2024-10-04T09:43:31.474+0100] {dag.py:4180} INFO - Setting next_dagrun for dataset_alias_example_alias_producer_with_no_taskflow to None, run_after=None
[2024-10-04T09:43:31.475+0100] {logging_mixin.py:190} INFO - [2024-10-04T09:43:31.475+0100] {dag.py:4180} INFO - Setting next_dagrun for dataset_s3_bucket_consumer_with_no_taskflow to None, run_after=None
[2024-10-04T09:43:31.475+0100] {logging_mixin.py:190} INFO - [2024-10-04T09:43:31.475+0100] {dag.py:4180} INFO - Setting next_dagrun for dataset_s3_bucket_producer_with_no_taskflow to None, run_after=None
[2024-10-04T09:43:31.481+0100] {processor.py:208} INFO - Processing /opt/miniconda3/envs/airflow/lib/python3.8/site-packages/airflow/example_dags/example_dataset_alias_with_no_taskflow.py took 0.086 seconds
[2024-10-04T10:20:35.375+0100] {processor.py:186} INFO - Started process (PID=20894) to work on /opt/miniconda3/envs/airflow/lib/python3.8/site-packages/airflow/example_dags/example_dataset_alias_with_no_taskflow.py
[2024-10-04T10:20:35.376+0100] {processor.py:914} INFO - Processing file /opt/miniconda3/envs/airflow/lib/python3.8/site-packages/airflow/example_dags/example_dataset_alias_with_no_taskflow.py for tasks to queue
[2024-10-04T10:20:35.376+0100] {logging_mixin.py:190} INFO - [2024-10-04T10:20:35.376+0100] {dagbag.py:588} INFO - Filling up the DagBag from /opt/miniconda3/envs/airflow/lib/python3.8/site-packages/airflow/example_dags/example_dataset_alias_with_no_taskflow.py
[2024-10-04T10:20:35.445+0100] {processor.py:925} INFO - DAG(s) 'dataset_s3_bucket_producer_with_no_taskflow', 'dataset_alias_example_alias_producer_with_no_taskflow', 'dataset_alias_example_alias_consumer_with_no_taskflow', 'dataset_s3_bucket_consumer_with_no_taskflow' retrieved from /opt/miniconda3/envs/airflow/lib/python3.8/site-packages/airflow/example_dags/example_dataset_alias_with_no_taskflow.py
[2024-10-04T10:20:35.453+0100] {logging_mixin.py:190} INFO - [2024-10-04T10:20:35.453+0100] {dag.py:3239} INFO - Sync 4 DAGs
[2024-10-04T10:20:35.459+0100] {logging_mixin.py:190} INFO - [2024-10-04T10:20:35.459+0100] {dag.py:4180} INFO - Setting next_dagrun for dataset_alias_example_alias_consumer_with_no_taskflow to None, run_after=None
[2024-10-04T10:20:35.460+0100] {logging_mixin.py:190} INFO - [2024-10-04T10:20:35.459+0100] {dag.py:4180} INFO - Setting next_dagrun for dataset_alias_example_alias_producer_with_no_taskflow to None, run_after=None
[2024-10-04T10:20:35.460+0100] {logging_mixin.py:190} INFO - [2024-10-04T10:20:35.460+0100] {dag.py:4180} INFO - Setting next_dagrun for dataset_s3_bucket_consumer_with_no_taskflow to None, run_after=None
[2024-10-04T10:20:35.460+0100] {logging_mixin.py:190} INFO - [2024-10-04T10:20:35.460+0100] {dag.py:4180} INFO - Setting next_dagrun for dataset_s3_bucket_producer_with_no_taskflow to None, run_after=None
[2024-10-04T10:20:35.466+0100] {processor.py:208} INFO - Processing /opt/miniconda3/envs/airflow/lib/python3.8/site-packages/airflow/example_dags/example_dataset_alias_with_no_taskflow.py took 0.093 seconds
[2024-10-04T10:22:37.869+0100] {processor.py:186} INFO - Started process (PID=21053) to work on /opt/miniconda3/envs/airflow/lib/python3.8/site-packages/airflow/example_dags/example_dataset_alias_with_no_taskflow.py
[2024-10-04T10:22:37.869+0100] {processor.py:914} INFO - Processing file /opt/miniconda3/envs/airflow/lib/python3.8/site-packages/airflow/example_dags/example_dataset_alias_with_no_taskflow.py for tasks to queue
[2024-10-04T10:22:37.869+0100] {logging_mixin.py:190} INFO - [2024-10-04T10:22:37.869+0100] {dagbag.py:588} INFO - Filling up the DagBag from /opt/miniconda3/envs/airflow/lib/python3.8/site-packages/airflow/example_dags/example_dataset_alias_with_no_taskflow.py
[2024-10-04T10:22:37.936+0100] {processor.py:925} INFO - DAG(s) 'dataset_s3_bucket_producer_with_no_taskflow', 'dataset_s3_bucket_consumer_with_no_taskflow', 'dataset_alias_example_alias_producer_with_no_taskflow', 'dataset_alias_example_alias_consumer_with_no_taskflow' retrieved from /opt/miniconda3/envs/airflow/lib/python3.8/site-packages/airflow/example_dags/example_dataset_alias_with_no_taskflow.py
[2024-10-04T10:22:37.943+0100] {logging_mixin.py:190} INFO - [2024-10-04T10:22:37.943+0100] {dag.py:3239} INFO - Sync 4 DAGs
[2024-10-04T10:22:37.949+0100] {logging_mixin.py:190} INFO - [2024-10-04T10:22:37.949+0100] {dag.py:4180} INFO - Setting next_dagrun for dataset_alias_example_alias_consumer_with_no_taskflow to None, run_after=None
[2024-10-04T10:22:37.949+0100] {logging_mixin.py:190} INFO - [2024-10-04T10:22:37.949+0100] {dag.py:4180} INFO - Setting next_dagrun for dataset_alias_example_alias_producer_with_no_taskflow to None, run_after=None
[2024-10-04T10:22:37.950+0100] {logging_mixin.py:190} INFO - [2024-10-04T10:22:37.950+0100] {dag.py:4180} INFO - Setting next_dagrun for dataset_s3_bucket_consumer_with_no_taskflow to None, run_after=None
[2024-10-04T10:22:37.950+0100] {logging_mixin.py:190} INFO - [2024-10-04T10:22:37.950+0100] {dag.py:4180} INFO - Setting next_dagrun for dataset_s3_bucket_producer_with_no_taskflow to None, run_after=None
[2024-10-04T10:22:37.956+0100] {processor.py:208} INFO - Processing /opt/miniconda3/envs/airflow/lib/python3.8/site-packages/airflow/example_dags/example_dataset_alias_with_no_taskflow.py took 0.089 seconds
[2024-10-04T10:25:53.240+0100] {processor.py:186} INFO - Started process (PID=21223) to work on /opt/miniconda3/envs/airflow/lib/python3.8/site-packages/airflow/example_dags/example_dataset_alias_with_no_taskflow.py
[2024-10-04T10:25:53.241+0100] {processor.py:914} INFO - Processing file /opt/miniconda3/envs/airflow/lib/python3.8/site-packages/airflow/example_dags/example_dataset_alias_with_no_taskflow.py for tasks to queue
[2024-10-04T10:25:53.241+0100] {logging_mixin.py:190} INFO - [2024-10-04T10:25:53.241+0100] {dagbag.py:588} INFO - Filling up the DagBag from /opt/miniconda3/envs/airflow/lib/python3.8/site-packages/airflow/example_dags/example_dataset_alias_with_no_taskflow.py
[2024-10-04T10:25:53.307+0100] {processor.py:925} INFO - DAG(s) 'dataset_alias_example_alias_consumer_with_no_taskflow', 'dataset_alias_example_alias_producer_with_no_taskflow', 'dataset_s3_bucket_producer_with_no_taskflow', 'dataset_s3_bucket_consumer_with_no_taskflow' retrieved from /opt/miniconda3/envs/airflow/lib/python3.8/site-packages/airflow/example_dags/example_dataset_alias_with_no_taskflow.py
[2024-10-04T10:25:53.314+0100] {logging_mixin.py:190} INFO - [2024-10-04T10:25:53.314+0100] {dag.py:3239} INFO - Sync 4 DAGs
[2024-10-04T10:25:53.320+0100] {logging_mixin.py:190} INFO - [2024-10-04T10:25:53.320+0100] {dag.py:4180} INFO - Setting next_dagrun for dataset_alias_example_alias_consumer_with_no_taskflow to None, run_after=None
[2024-10-04T10:25:53.321+0100] {logging_mixin.py:190} INFO - [2024-10-04T10:25:53.321+0100] {dag.py:4180} INFO - Setting next_dagrun for dataset_alias_example_alias_producer_with_no_taskflow to None, run_after=None
[2024-10-04T10:25:53.321+0100] {logging_mixin.py:190} INFO - [2024-10-04T10:25:53.321+0100] {dag.py:4180} INFO - Setting next_dagrun for dataset_s3_bucket_consumer_with_no_taskflow to None, run_after=None
[2024-10-04T10:25:53.321+0100] {logging_mixin.py:190} INFO - [2024-10-04T10:25:53.321+0100] {dag.py:4180} INFO - Setting next_dagrun for dataset_s3_bucket_producer_with_no_taskflow to None, run_after=None
[2024-10-04T10:25:53.327+0100] {processor.py:208} INFO - Processing /opt/miniconda3/envs/airflow/lib/python3.8/site-packages/airflow/example_dags/example_dataset_alias_with_no_taskflow.py took 0.089 seconds
[2024-10-04T10:27:46.268+0100] {processor.py:186} INFO - Started process (PID=21375) to work on /opt/miniconda3/envs/airflow/lib/python3.8/site-packages/airflow/example_dags/example_dataset_alias_with_no_taskflow.py
[2024-10-04T10:27:46.269+0100] {processor.py:914} INFO - Processing file /opt/miniconda3/envs/airflow/lib/python3.8/site-packages/airflow/example_dags/example_dataset_alias_with_no_taskflow.py for tasks to queue
[2024-10-04T10:27:46.270+0100] {logging_mixin.py:190} INFO - [2024-10-04T10:27:46.270+0100] {dagbag.py:588} INFO - Filling up the DagBag from /opt/miniconda3/envs/airflow/lib/python3.8/site-packages/airflow/example_dags/example_dataset_alias_with_no_taskflow.py
[2024-10-04T10:27:46.347+0100] {processor.py:925} INFO - DAG(s) 'dataset_alias_example_alias_producer_with_no_taskflow', 'dataset_s3_bucket_producer_with_no_taskflow', 'dataset_alias_example_alias_consumer_with_no_taskflow', 'dataset_s3_bucket_consumer_with_no_taskflow' retrieved from /opt/miniconda3/envs/airflow/lib/python3.8/site-packages/airflow/example_dags/example_dataset_alias_with_no_taskflow.py
[2024-10-04T10:27:46.355+0100] {logging_mixin.py:190} INFO - [2024-10-04T10:27:46.354+0100] {dag.py:3239} INFO - Sync 4 DAGs
[2024-10-04T10:27:46.360+0100] {logging_mixin.py:190} INFO - [2024-10-04T10:27:46.360+0100] {dag.py:4180} INFO - Setting next_dagrun for dataset_alias_example_alias_consumer_with_no_taskflow to None, run_after=None
[2024-10-04T10:27:46.361+0100] {logging_mixin.py:190} INFO - [2024-10-04T10:27:46.361+0100] {dag.py:4180} INFO - Setting next_dagrun for dataset_alias_example_alias_producer_with_no_taskflow to None, run_after=None
[2024-10-04T10:27:46.361+0100] {logging_mixin.py:190} INFO - [2024-10-04T10:27:46.361+0100] {dag.py:4180} INFO - Setting next_dagrun for dataset_s3_bucket_consumer_with_no_taskflow to None, run_after=None
[2024-10-04T10:27:46.362+0100] {logging_mixin.py:190} INFO - [2024-10-04T10:27:46.362+0100] {dag.py:4180} INFO - Setting next_dagrun for dataset_s3_bucket_producer_with_no_taskflow to None, run_after=None
[2024-10-04T10:27:46.368+0100] {processor.py:208} INFO - Processing /opt/miniconda3/envs/airflow/lib/python3.8/site-packages/airflow/example_dags/example_dataset_alias_with_no_taskflow.py took 0.101 seconds
[2024-10-04T10:29:40.772+0100] {processor.py:186} INFO - Started process (PID=21562) to work on /opt/miniconda3/envs/airflow/lib/python3.8/site-packages/airflow/example_dags/example_dataset_alias_with_no_taskflow.py
[2024-10-04T10:29:40.773+0100] {processor.py:914} INFO - Processing file /opt/miniconda3/envs/airflow/lib/python3.8/site-packages/airflow/example_dags/example_dataset_alias_with_no_taskflow.py for tasks to queue
[2024-10-04T10:29:40.773+0100] {logging_mixin.py:190} INFO - [2024-10-04T10:29:40.773+0100] {dagbag.py:588} INFO - Filling up the DagBag from /opt/miniconda3/envs/airflow/lib/python3.8/site-packages/airflow/example_dags/example_dataset_alias_with_no_taskflow.py
[2024-10-04T10:29:40.841+0100] {processor.py:925} INFO - DAG(s) 'dataset_s3_bucket_consumer_with_no_taskflow', 'dataset_alias_example_alias_producer_with_no_taskflow', 'dataset_s3_bucket_producer_with_no_taskflow', 'dataset_alias_example_alias_consumer_with_no_taskflow' retrieved from /opt/miniconda3/envs/airflow/lib/python3.8/site-packages/airflow/example_dags/example_dataset_alias_with_no_taskflow.py
[2024-10-04T10:29:40.849+0100] {logging_mixin.py:190} INFO - [2024-10-04T10:29:40.849+0100] {dag.py:3239} INFO - Sync 4 DAGs
[2024-10-04T10:29:40.855+0100] {logging_mixin.py:190} INFO - [2024-10-04T10:29:40.855+0100] {dag.py:4180} INFO - Setting next_dagrun for dataset_alias_example_alias_consumer_with_no_taskflow to None, run_after=None
[2024-10-04T10:29:40.855+0100] {logging_mixin.py:190} INFO - [2024-10-04T10:29:40.855+0100] {dag.py:4180} INFO - Setting next_dagrun for dataset_alias_example_alias_producer_with_no_taskflow to None, run_after=None
[2024-10-04T10:29:40.855+0100] {logging_mixin.py:190} INFO - [2024-10-04T10:29:40.855+0100] {dag.py:4180} INFO - Setting next_dagrun for dataset_s3_bucket_consumer_with_no_taskflow to None, run_after=None
[2024-10-04T10:29:40.856+0100] {logging_mixin.py:190} INFO - [2024-10-04T10:29:40.856+0100] {dag.py:4180} INFO - Setting next_dagrun for dataset_s3_bucket_producer_with_no_taskflow to None, run_after=None
[2024-10-04T10:29:40.862+0100] {processor.py:208} INFO - Processing /opt/miniconda3/envs/airflow/lib/python3.8/site-packages/airflow/example_dags/example_dataset_alias_with_no_taskflow.py took 0.092 seconds
[2024-10-04T10:31:34.850+0100] {processor.py:186} INFO - Started process (PID=21725) to work on /opt/miniconda3/envs/airflow/lib/python3.8/site-packages/airflow/example_dags/example_dataset_alias_with_no_taskflow.py
[2024-10-04T10:31:34.850+0100] {processor.py:914} INFO - Processing file /opt/miniconda3/envs/airflow/lib/python3.8/site-packages/airflow/example_dags/example_dataset_alias_with_no_taskflow.py for tasks to queue
[2024-10-04T10:31:34.850+0100] {logging_mixin.py:190} INFO - [2024-10-04T10:31:34.850+0100] {dagbag.py:588} INFO - Filling up the DagBag from /opt/miniconda3/envs/airflow/lib/python3.8/site-packages/airflow/example_dags/example_dataset_alias_with_no_taskflow.py
[2024-10-04T10:31:34.920+0100] {processor.py:925} INFO - DAG(s) 'dataset_s3_bucket_consumer_with_no_taskflow', 'dataset_alias_example_alias_producer_with_no_taskflow', 'dataset_s3_bucket_producer_with_no_taskflow', 'dataset_alias_example_alias_consumer_with_no_taskflow' retrieved from /opt/miniconda3/envs/airflow/lib/python3.8/site-packages/airflow/example_dags/example_dataset_alias_with_no_taskflow.py
[2024-10-04T10:31:34.927+0100] {logging_mixin.py:190} INFO - [2024-10-04T10:31:34.927+0100] {dag.py:3239} INFO - Sync 4 DAGs
[2024-10-04T10:31:34.933+0100] {logging_mixin.py:190} INFO - [2024-10-04T10:31:34.933+0100] {dag.py:4180} INFO - Setting next_dagrun for dataset_alias_example_alias_consumer_with_no_taskflow to None, run_after=None
[2024-10-04T10:31:34.934+0100] {logging_mixin.py:190} INFO - [2024-10-04T10:31:34.934+0100] {dag.py:4180} INFO - Setting next_dagrun for dataset_alias_example_alias_producer_with_no_taskflow to None, run_after=None
[2024-10-04T10:31:34.934+0100] {logging_mixin.py:190} INFO - [2024-10-04T10:31:34.934+0100] {dag.py:4180} INFO - Setting next_dagrun for dataset_s3_bucket_consumer_with_no_taskflow to None, run_after=None
[2024-10-04T10:31:34.935+0100] {logging_mixin.py:190} INFO - [2024-10-04T10:31:34.934+0100] {dag.py:4180} INFO - Setting next_dagrun for dataset_s3_bucket_producer_with_no_taskflow to None, run_after=None
[2024-10-04T10:31:34.941+0100] {processor.py:208} INFO - Processing /opt/miniconda3/envs/airflow/lib/python3.8/site-packages/airflow/example_dags/example_dataset_alias_with_no_taskflow.py took 0.093 seconds
[2024-10-04T10:33:38.861+0100] {processor.py:186} INFO - Started process (PID=21900) to work on /opt/miniconda3/envs/airflow/lib/python3.8/site-packages/airflow/example_dags/example_dataset_alias_with_no_taskflow.py
[2024-10-04T10:33:38.861+0100] {processor.py:914} INFO - Processing file /opt/miniconda3/envs/airflow/lib/python3.8/site-packages/airflow/example_dags/example_dataset_alias_with_no_taskflow.py for tasks to queue
[2024-10-04T10:33:38.862+0100] {logging_mixin.py:190} INFO - [2024-10-04T10:33:38.862+0100] {dagbag.py:588} INFO - Filling up the DagBag from /opt/miniconda3/envs/airflow/lib/python3.8/site-packages/airflow/example_dags/example_dataset_alias_with_no_taskflow.py
[2024-10-04T10:33:38.929+0100] {processor.py:925} INFO - DAG(s) 'dataset_alias_example_alias_consumer_with_no_taskflow', 'dataset_s3_bucket_producer_with_no_taskflow', 'dataset_s3_bucket_consumer_with_no_taskflow', 'dataset_alias_example_alias_producer_with_no_taskflow' retrieved from /opt/miniconda3/envs/airflow/lib/python3.8/site-packages/airflow/example_dags/example_dataset_alias_with_no_taskflow.py
[2024-10-04T10:33:38.936+0100] {logging_mixin.py:190} INFO - [2024-10-04T10:33:38.936+0100] {dag.py:3239} INFO - Sync 4 DAGs
[2024-10-04T10:33:38.942+0100] {logging_mixin.py:190} INFO - [2024-10-04T10:33:38.942+0100] {dag.py:4180} INFO - Setting next_dagrun for dataset_alias_example_alias_consumer_with_no_taskflow to None, run_after=None
[2024-10-04T10:33:38.942+0100] {logging_mixin.py:190} INFO - [2024-10-04T10:33:38.942+0100] {dag.py:4180} INFO - Setting next_dagrun for dataset_alias_example_alias_producer_with_no_taskflow to None, run_after=None
[2024-10-04T10:33:38.943+0100] {logging_mixin.py:190} INFO - [2024-10-04T10:33:38.943+0100] {dag.py:4180} INFO - Setting next_dagrun for dataset_s3_bucket_consumer_with_no_taskflow to None, run_after=None
[2024-10-04T10:33:38.943+0100] {logging_mixin.py:190} INFO - [2024-10-04T10:33:38.943+0100] {dag.py:4180} INFO - Setting next_dagrun for dataset_s3_bucket_producer_with_no_taskflow to None, run_after=None
[2024-10-04T10:33:38.949+0100] {processor.py:208} INFO - Processing /opt/miniconda3/envs/airflow/lib/python3.8/site-packages/airflow/example_dags/example_dataset_alias_with_no_taskflow.py took 0.090 seconds
[2024-10-04T10:35:53.581+0100] {processor.py:186} INFO - Started process (PID=22074) to work on /opt/miniconda3/envs/airflow/lib/python3.8/site-packages/airflow/example_dags/example_dataset_alias_with_no_taskflow.py
[2024-10-04T10:35:53.581+0100] {processor.py:914} INFO - Processing file /opt/miniconda3/envs/airflow/lib/python3.8/site-packages/airflow/example_dags/example_dataset_alias_with_no_taskflow.py for tasks to queue
[2024-10-04T10:35:53.581+0100] {logging_mixin.py:190} INFO - [2024-10-04T10:35:53.581+0100] {dagbag.py:588} INFO - Filling up the DagBag from /opt/miniconda3/envs/airflow/lib/python3.8/site-packages/airflow/example_dags/example_dataset_alias_with_no_taskflow.py
[2024-10-04T10:35:53.646+0100] {processor.py:925} INFO - DAG(s) 'dataset_alias_example_alias_consumer_with_no_taskflow', 'dataset_s3_bucket_consumer_with_no_taskflow', 'dataset_s3_bucket_producer_with_no_taskflow', 'dataset_alias_example_alias_producer_with_no_taskflow' retrieved from /opt/miniconda3/envs/airflow/lib/python3.8/site-packages/airflow/example_dags/example_dataset_alias_with_no_taskflow.py
[2024-10-04T10:35:53.653+0100] {logging_mixin.py:190} INFO - [2024-10-04T10:35:53.653+0100] {dag.py:3239} INFO - Sync 4 DAGs
[2024-10-04T10:35:53.659+0100] {logging_mixin.py:190} INFO - [2024-10-04T10:35:53.659+0100] {dag.py:4180} INFO - Setting next_dagrun for dataset_alias_example_alias_consumer_with_no_taskflow to None, run_after=None
[2024-10-04T10:35:53.660+0100] {logging_mixin.py:190} INFO - [2024-10-04T10:35:53.660+0100] {dag.py:4180} INFO - Setting next_dagrun for dataset_alias_example_alias_producer_with_no_taskflow to None, run_after=None
[2024-10-04T10:35:53.660+0100] {logging_mixin.py:190} INFO - [2024-10-04T10:35:53.660+0100] {dag.py:4180} INFO - Setting next_dagrun for dataset_s3_bucket_consumer_with_no_taskflow to None, run_after=None
[2024-10-04T10:35:53.660+0100] {logging_mixin.py:190} INFO - [2024-10-04T10:35:53.660+0100] {dag.py:4180} INFO - Setting next_dagrun for dataset_s3_bucket_producer_with_no_taskflow to None, run_after=None
[2024-10-04T10:35:53.667+0100] {processor.py:208} INFO - Processing /opt/miniconda3/envs/airflow/lib/python3.8/site-packages/airflow/example_dags/example_dataset_alias_with_no_taskflow.py took 0.087 seconds
[2024-10-04T10:38:07.777+0100] {processor.py:186} INFO - Started process (PID=22245) to work on /opt/miniconda3/envs/airflow/lib/python3.8/site-packages/airflow/example_dags/example_dataset_alias_with_no_taskflow.py
[2024-10-04T10:38:07.779+0100] {processor.py:914} INFO - Processing file /opt/miniconda3/envs/airflow/lib/python3.8/site-packages/airflow/example_dags/example_dataset_alias_with_no_taskflow.py for tasks to queue
[2024-10-04T10:38:07.779+0100] {logging_mixin.py:190} INFO - [2024-10-04T10:38:07.779+0100] {dagbag.py:588} INFO - Filling up the DagBag from /opt/miniconda3/envs/airflow/lib/python3.8/site-packages/airflow/example_dags/example_dataset_alias_with_no_taskflow.py
[2024-10-04T10:38:07.852+0100] {processor.py:925} INFO - DAG(s) 'dataset_s3_bucket_consumer_with_no_taskflow', 'dataset_alias_example_alias_consumer_with_no_taskflow', 'dataset_s3_bucket_producer_with_no_taskflow', 'dataset_alias_example_alias_producer_with_no_taskflow' retrieved from /opt/miniconda3/envs/airflow/lib/python3.8/site-packages/airflow/example_dags/example_dataset_alias_with_no_taskflow.py
[2024-10-04T10:38:07.860+0100] {logging_mixin.py:190} INFO - [2024-10-04T10:38:07.859+0100] {dag.py:3239} INFO - Sync 4 DAGs
[2024-10-04T10:38:07.866+0100] {logging_mixin.py:190} INFO - [2024-10-04T10:38:07.866+0100] {dag.py:4180} INFO - Setting next_dagrun for dataset_alias_example_alias_consumer_with_no_taskflow to None, run_after=None
[2024-10-04T10:38:07.867+0100] {logging_mixin.py:190} INFO - [2024-10-04T10:38:07.867+0100] {dag.py:4180} INFO - Setting next_dagrun for dataset_alias_example_alias_producer_with_no_taskflow to None, run_after=None
[2024-10-04T10:38:07.867+0100] {logging_mixin.py:190} INFO - [2024-10-04T10:38:07.867+0100] {dag.py:4180} INFO - Setting next_dagrun for dataset_s3_bucket_consumer_with_no_taskflow to None, run_after=None
[2024-10-04T10:38:07.868+0100] {logging_mixin.py:190} INFO - [2024-10-04T10:38:07.868+0100] {dag.py:4180} INFO - Setting next_dagrun for dataset_s3_bucket_producer_with_no_taskflow to None, run_after=None
[2024-10-04T10:38:07.875+0100] {processor.py:208} INFO - Processing /opt/miniconda3/envs/airflow/lib/python3.8/site-packages/airflow/example_dags/example_dataset_alias_with_no_taskflow.py took 0.099 seconds
