[2024-10-04T01:54:58.650+0100] {processor.py:186} INFO - Started process (PID=17394) to work on /opt/miniconda3/envs/airflow/lib/python3.8/site-packages/airflow/example_dags/example_short_circuit_decorator.py
[2024-10-04T01:54:58.650+0100] {processor.py:914} INFO - Processing file /opt/miniconda3/envs/airflow/lib/python3.8/site-packages/airflow/example_dags/example_short_circuit_decorator.py for tasks to queue
[2024-10-04T01:54:58.650+0100] {logging_mixin.py:190} INFO - [2024-10-04T01:54:58.650+0100] {dagbag.py:588} INFO - Filling up the DagBag from /opt/miniconda3/envs/airflow/lib/python3.8/site-packages/airflow/example_dags/example_short_circuit_decorator.py
[2024-10-04T01:54:58.679+0100] {processor.py:925} INFO - DAG(s) 'example_short_circuit_decorator' retrieved from /opt/miniconda3/envs/airflow/lib/python3.8/site-packages/airflow/example_dags/example_short_circuit_decorator.py
[2024-10-04T01:54:58.712+0100] {logging_mixin.py:190} INFO - [2024-10-04T01:54:58.712+0100] {dag.py:3239} INFO - Sync 1 DAGs
[2024-10-04T01:54:58.716+0100] {logging_mixin.py:190} INFO - [2024-10-04T01:54:58.716+0100] {dag.py:4180} INFO - Setting next_dagrun for example_short_circuit_decorator to None, run_after=None
[2024-10-04T01:54:58.721+0100] {processor.py:208} INFO - Processing /opt/miniconda3/envs/airflow/lib/python3.8/site-packages/airflow/example_dags/example_short_circuit_decorator.py took 0.073 seconds
[2024-10-04T01:56:28.296+0100] {processor.py:186} INFO - Started process (PID=17508) to work on /opt/miniconda3/envs/airflow/lib/python3.8/site-packages/airflow/example_dags/example_short_circuit_decorator.py
[2024-10-04T01:56:28.296+0100] {processor.py:914} INFO - Processing file /opt/miniconda3/envs/airflow/lib/python3.8/site-packages/airflow/example_dags/example_short_circuit_decorator.py for tasks to queue
[2024-10-04T01:56:28.297+0100] {logging_mixin.py:190} INFO - [2024-10-04T01:56:28.296+0100] {dagbag.py:588} INFO - Filling up the DagBag from /opt/miniconda3/envs/airflow/lib/python3.8/site-packages/airflow/example_dags/example_short_circuit_decorator.py
[2024-10-04T01:56:28.324+0100] {processor.py:925} INFO - DAG(s) 'example_short_circuit_decorator' retrieved from /opt/miniconda3/envs/airflow/lib/python3.8/site-packages/airflow/example_dags/example_short_circuit_decorator.py
[2024-10-04T01:56:28.356+0100] {logging_mixin.py:190} INFO - [2024-10-04T01:56:28.356+0100] {dag.py:3239} INFO - Sync 1 DAGs
[2024-10-04T01:56:28.360+0100] {logging_mixin.py:190} INFO - [2024-10-04T01:56:28.360+0100] {dag.py:4180} INFO - Setting next_dagrun for example_short_circuit_decorator to None, run_after=None
[2024-10-04T01:56:28.365+0100] {processor.py:208} INFO - Processing /opt/miniconda3/envs/airflow/lib/python3.8/site-packages/airflow/example_dags/example_short_circuit_decorator.py took 0.071 seconds
[2024-10-04T03:50:34.667+0100] {processor.py:186} INFO - Started process (PID=17693) to work on /opt/miniconda3/envs/airflow/lib/python3.8/site-packages/airflow/example_dags/example_short_circuit_decorator.py
[2024-10-04T03:50:34.667+0100] {processor.py:914} INFO - Processing file /opt/miniconda3/envs/airflow/lib/python3.8/site-packages/airflow/example_dags/example_short_circuit_decorator.py for tasks to queue
[2024-10-04T03:50:34.667+0100] {logging_mixin.py:190} INFO - [2024-10-04T03:50:34.667+0100] {dagbag.py:588} INFO - Filling up the DagBag from /opt/miniconda3/envs/airflow/lib/python3.8/site-packages/airflow/example_dags/example_short_circuit_decorator.py
[2024-10-04T03:50:34.695+0100] {processor.py:925} INFO - DAG(s) 'example_short_circuit_decorator' retrieved from /opt/miniconda3/envs/airflow/lib/python3.8/site-packages/airflow/example_dags/example_short_circuit_decorator.py
[2024-10-04T03:50:34.728+0100] {logging_mixin.py:190} INFO - [2024-10-04T03:50:34.728+0100] {dag.py:3239} INFO - Sync 1 DAGs
[2024-10-04T03:50:34.732+0100] {logging_mixin.py:190} INFO - [2024-10-04T03:50:34.732+0100] {dag.py:4180} INFO - Setting next_dagrun for example_short_circuit_decorator to None, run_after=None
[2024-10-04T03:50:34.737+0100] {processor.py:208} INFO - Processing /opt/miniconda3/envs/airflow/lib/python3.8/site-packages/airflow/example_dags/example_short_circuit_decorator.py took 0.072 seconds
[2024-10-04T03:52:08.974+0100] {processor.py:186} INFO - Started process (PID=17821) to work on /opt/miniconda3/envs/airflow/lib/python3.8/site-packages/airflow/example_dags/example_short_circuit_decorator.py
[2024-10-04T03:52:08.975+0100] {processor.py:914} INFO - Processing file /opt/miniconda3/envs/airflow/lib/python3.8/site-packages/airflow/example_dags/example_short_circuit_decorator.py for tasks to queue
[2024-10-04T03:52:08.975+0100] {logging_mixin.py:190} INFO - [2024-10-04T03:52:08.975+0100] {dagbag.py:588} INFO - Filling up the DagBag from /opt/miniconda3/envs/airflow/lib/python3.8/site-packages/airflow/example_dags/example_short_circuit_decorator.py
[2024-10-04T03:52:09.002+0100] {processor.py:925} INFO - DAG(s) 'example_short_circuit_decorator' retrieved from /opt/miniconda3/envs/airflow/lib/python3.8/site-packages/airflow/example_dags/example_short_circuit_decorator.py
[2024-10-04T03:52:09.035+0100] {logging_mixin.py:190} INFO - [2024-10-04T03:52:09.035+0100] {dag.py:3239} INFO - Sync 1 DAGs
[2024-10-04T03:52:09.039+0100] {logging_mixin.py:190} INFO - [2024-10-04T03:52:09.039+0100] {dag.py:4180} INFO - Setting next_dagrun for example_short_circuit_decorator to None, run_after=None
[2024-10-04T03:52:09.044+0100] {processor.py:208} INFO - Processing /opt/miniconda3/envs/airflow/lib/python3.8/site-packages/airflow/example_dags/example_short_circuit_decorator.py took 0.072 seconds
[2024-10-04T06:13:52.037+0100] {processor.py:186} INFO - Started process (PID=18021) to work on /opt/miniconda3/envs/airflow/lib/python3.8/site-packages/airflow/example_dags/example_short_circuit_decorator.py
[2024-10-04T06:13:52.038+0100] {processor.py:914} INFO - Processing file /opt/miniconda3/envs/airflow/lib/python3.8/site-packages/airflow/example_dags/example_short_circuit_decorator.py for tasks to queue
[2024-10-04T06:13:52.038+0100] {logging_mixin.py:190} INFO - [2024-10-04T06:13:52.038+0100] {dagbag.py:588} INFO - Filling up the DagBag from /opt/miniconda3/envs/airflow/lib/python3.8/site-packages/airflow/example_dags/example_short_circuit_decorator.py
[2024-10-04T06:13:52.065+0100] {processor.py:925} INFO - DAG(s) 'example_short_circuit_decorator' retrieved from /opt/miniconda3/envs/airflow/lib/python3.8/site-packages/airflow/example_dags/example_short_circuit_decorator.py
[2024-10-04T06:13:52.098+0100] {logging_mixin.py:190} INFO - [2024-10-04T06:13:52.098+0100] {dag.py:3239} INFO - Sync 1 DAGs
[2024-10-04T06:13:52.102+0100] {logging_mixin.py:190} INFO - [2024-10-04T06:13:52.102+0100] {dag.py:4180} INFO - Setting next_dagrun for example_short_circuit_decorator to None, run_after=None
[2024-10-04T06:13:52.108+0100] {processor.py:208} INFO - Processing /opt/miniconda3/envs/airflow/lib/python3.8/site-packages/airflow/example_dags/example_short_circuit_decorator.py took 0.073 seconds
[2024-10-04T06:15:10.876+0100] {processor.py:186} INFO - Started process (PID=18143) to work on /opt/miniconda3/envs/airflow/lib/python3.8/site-packages/airflow/example_dags/example_short_circuit_decorator.py
[2024-10-04T06:15:10.877+0100] {processor.py:914} INFO - Processing file /opt/miniconda3/envs/airflow/lib/python3.8/site-packages/airflow/example_dags/example_short_circuit_decorator.py for tasks to queue
[2024-10-04T06:15:10.878+0100] {logging_mixin.py:190} INFO - [2024-10-04T06:15:10.877+0100] {dagbag.py:588} INFO - Filling up the DagBag from /opt/miniconda3/envs/airflow/lib/python3.8/site-packages/airflow/example_dags/example_short_circuit_decorator.py
[2024-10-04T06:15:10.905+0100] {processor.py:925} INFO - DAG(s) 'example_short_circuit_decorator' retrieved from /opt/miniconda3/envs/airflow/lib/python3.8/site-packages/airflow/example_dags/example_short_circuit_decorator.py
[2024-10-04T06:15:10.938+0100] {logging_mixin.py:190} INFO - [2024-10-04T06:15:10.938+0100] {dag.py:3239} INFO - Sync 1 DAGs
[2024-10-04T06:15:10.941+0100] {logging_mixin.py:190} INFO - [2024-10-04T06:15:10.941+0100] {dag.py:4180} INFO - Setting next_dagrun for example_short_circuit_decorator to None, run_after=None
[2024-10-04T06:15:10.947+0100] {processor.py:208} INFO - Processing /opt/miniconda3/envs/airflow/lib/python3.8/site-packages/airflow/example_dags/example_short_circuit_decorator.py took 0.073 seconds
[2024-10-04T07:08:07.145+0100] {processor.py:186} INFO - Started process (PID=19978) to work on /opt/miniconda3/envs/airflow/lib/python3.8/site-packages/airflow/example_dags/example_short_circuit_decorator.py
[2024-10-04T07:08:07.146+0100] {processor.py:914} INFO - Processing file /opt/miniconda3/envs/airflow/lib/python3.8/site-packages/airflow/example_dags/example_short_circuit_decorator.py for tasks to queue
[2024-10-04T07:08:07.146+0100] {logging_mixin.py:190} INFO - [2024-10-04T07:08:07.146+0100] {dagbag.py:588} INFO - Filling up the DagBag from /opt/miniconda3/envs/airflow/lib/python3.8/site-packages/airflow/example_dags/example_short_circuit_decorator.py
[2024-10-04T07:08:07.174+0100] {processor.py:925} INFO - DAG(s) 'example_short_circuit_decorator' retrieved from /opt/miniconda3/envs/airflow/lib/python3.8/site-packages/airflow/example_dags/example_short_circuit_decorator.py
[2024-10-04T07:08:07.206+0100] {logging_mixin.py:190} INFO - [2024-10-04T07:08:07.206+0100] {dag.py:3239} INFO - Sync 1 DAGs
[2024-10-04T07:08:07.209+0100] {logging_mixin.py:190} INFO - [2024-10-04T07:08:07.209+0100] {dag.py:4180} INFO - Setting next_dagrun for example_short_circuit_decorator to None, run_after=None
[2024-10-04T07:08:07.215+0100] {processor.py:208} INFO - Processing /opt/miniconda3/envs/airflow/lib/python3.8/site-packages/airflow/example_dags/example_short_circuit_decorator.py took 0.071 seconds
[2024-10-04T08:12:53.487+0100] {processor.py:186} INFO - Started process (PID=20084) to work on /opt/miniconda3/envs/airflow/lib/python3.8/site-packages/airflow/example_dags/example_short_circuit_decorator.py
[2024-10-04T08:12:53.487+0100] {processor.py:914} INFO - Processing file /opt/miniconda3/envs/airflow/lib/python3.8/site-packages/airflow/example_dags/example_short_circuit_decorator.py for tasks to queue
[2024-10-04T08:12:53.487+0100] {logging_mixin.py:190} INFO - [2024-10-04T08:12:53.487+0100] {dagbag.py:588} INFO - Filling up the DagBag from /opt/miniconda3/envs/airflow/lib/python3.8/site-packages/airflow/example_dags/example_short_circuit_decorator.py
[2024-10-04T08:12:53.516+0100] {processor.py:925} INFO - DAG(s) 'example_short_circuit_decorator' retrieved from /opt/miniconda3/envs/airflow/lib/python3.8/site-packages/airflow/example_dags/example_short_circuit_decorator.py
[2024-10-04T08:12:53.549+0100] {logging_mixin.py:190} INFO - [2024-10-04T08:12:53.549+0100] {dag.py:3239} INFO - Sync 1 DAGs
[2024-10-04T08:12:53.552+0100] {logging_mixin.py:190} INFO - [2024-10-04T08:12:53.552+0100] {dag.py:4180} INFO - Setting next_dagrun for example_short_circuit_decorator to None, run_after=None
[2024-10-04T08:12:53.558+0100] {processor.py:208} INFO - Processing /opt/miniconda3/envs/airflow/lib/python3.8/site-packages/airflow/example_dags/example_short_circuit_decorator.py took 0.073 seconds
[2024-10-04T08:39:42.958+0100] {processor.py:186} INFO - Started process (PID=20201) to work on /opt/miniconda3/envs/airflow/lib/python3.8/site-packages/airflow/example_dags/example_short_circuit_decorator.py
[2024-10-04T08:39:42.958+0100] {processor.py:914} INFO - Processing file /opt/miniconda3/envs/airflow/lib/python3.8/site-packages/airflow/example_dags/example_short_circuit_decorator.py for tasks to queue
[2024-10-04T08:39:42.958+0100] {logging_mixin.py:190} INFO - [2024-10-04T08:39:42.958+0100] {dagbag.py:588} INFO - Filling up the DagBag from /opt/miniconda3/envs/airflow/lib/python3.8/site-packages/airflow/example_dags/example_short_circuit_decorator.py
[2024-10-04T08:39:42.985+0100] {processor.py:925} INFO - DAG(s) 'example_short_circuit_decorator' retrieved from /opt/miniconda3/envs/airflow/lib/python3.8/site-packages/airflow/example_dags/example_short_circuit_decorator.py
[2024-10-04T08:39:43.018+0100] {logging_mixin.py:190} INFO - [2024-10-04T08:39:43.018+0100] {dag.py:3239} INFO - Sync 1 DAGs
[2024-10-04T08:39:43.022+0100] {logging_mixin.py:190} INFO - [2024-10-04T08:39:43.022+0100] {dag.py:4180} INFO - Setting next_dagrun for example_short_circuit_decorator to None, run_after=None
[2024-10-04T08:39:43.027+0100] {processor.py:208} INFO - Processing /opt/miniconda3/envs/airflow/lib/python3.8/site-packages/airflow/example_dags/example_short_circuit_decorator.py took 0.071 seconds
[2024-10-04T08:41:33.064+0100] {processor.py:186} INFO - Started process (PID=20357) to work on /opt/miniconda3/envs/airflow/lib/python3.8/site-packages/airflow/example_dags/example_short_circuit_decorator.py
[2024-10-04T08:41:33.065+0100] {processor.py:914} INFO - Processing file /opt/miniconda3/envs/airflow/lib/python3.8/site-packages/airflow/example_dags/example_short_circuit_decorator.py for tasks to queue
[2024-10-04T08:41:33.065+0100] {logging_mixin.py:190} INFO - [2024-10-04T08:41:33.065+0100] {dagbag.py:588} INFO - Filling up the DagBag from /opt/miniconda3/envs/airflow/lib/python3.8/site-packages/airflow/example_dags/example_short_circuit_decorator.py
[2024-10-04T08:41:33.092+0100] {processor.py:925} INFO - DAG(s) 'example_short_circuit_decorator' retrieved from /opt/miniconda3/envs/airflow/lib/python3.8/site-packages/airflow/example_dags/example_short_circuit_decorator.py
[2024-10-04T08:41:33.125+0100] {logging_mixin.py:190} INFO - [2024-10-04T08:41:33.125+0100] {dag.py:3239} INFO - Sync 1 DAGs
[2024-10-04T08:41:33.129+0100] {logging_mixin.py:190} INFO - [2024-10-04T08:41:33.129+0100] {dag.py:4180} INFO - Setting next_dagrun for example_short_circuit_decorator to None, run_after=None
[2024-10-04T08:41:33.135+0100] {processor.py:208} INFO - Processing /opt/miniconda3/envs/airflow/lib/python3.8/site-packages/airflow/example_dags/example_short_circuit_decorator.py took 0.072 seconds
[2024-10-04T09:40:57.570+0100] {processor.py:186} INFO - Started process (PID=20470) to work on /opt/miniconda3/envs/airflow/lib/python3.8/site-packages/airflow/example_dags/example_short_circuit_decorator.py
[2024-10-04T09:40:57.570+0100] {processor.py:914} INFO - Processing file /opt/miniconda3/envs/airflow/lib/python3.8/site-packages/airflow/example_dags/example_short_circuit_decorator.py for tasks to queue
[2024-10-04T09:40:57.570+0100] {logging_mixin.py:190} INFO - [2024-10-04T09:40:57.570+0100] {dagbag.py:588} INFO - Filling up the DagBag from /opt/miniconda3/envs/airflow/lib/python3.8/site-packages/airflow/example_dags/example_short_circuit_decorator.py
[2024-10-04T09:40:57.598+0100] {processor.py:925} INFO - DAG(s) 'example_short_circuit_decorator' retrieved from /opt/miniconda3/envs/airflow/lib/python3.8/site-packages/airflow/example_dags/example_short_circuit_decorator.py
[2024-10-04T09:40:57.631+0100] {logging_mixin.py:190} INFO - [2024-10-04T09:40:57.631+0100] {dag.py:3239} INFO - Sync 1 DAGs
[2024-10-04T09:40:57.635+0100] {logging_mixin.py:190} INFO - [2024-10-04T09:40:57.635+0100] {dag.py:4180} INFO - Setting next_dagrun for example_short_circuit_decorator to None, run_after=None
[2024-10-04T09:40:57.640+0100] {processor.py:208} INFO - Processing /opt/miniconda3/envs/airflow/lib/python3.8/site-packages/airflow/example_dags/example_short_circuit_decorator.py took 0.072 seconds
[2024-10-04T09:42:29.715+0100] {processor.py:186} INFO - Started process (PID=20610) to work on /opt/miniconda3/envs/airflow/lib/python3.8/site-packages/airflow/example_dags/example_short_circuit_decorator.py
[2024-10-04T09:42:29.716+0100] {processor.py:914} INFO - Processing file /opt/miniconda3/envs/airflow/lib/python3.8/site-packages/airflow/example_dags/example_short_circuit_decorator.py for tasks to queue
[2024-10-04T09:42:29.716+0100] {logging_mixin.py:190} INFO - [2024-10-04T09:42:29.716+0100] {dagbag.py:588} INFO - Filling up the DagBag from /opt/miniconda3/envs/airflow/lib/python3.8/site-packages/airflow/example_dags/example_short_circuit_decorator.py
[2024-10-04T09:42:29.743+0100] {processor.py:925} INFO - DAG(s) 'example_short_circuit_decorator' retrieved from /opt/miniconda3/envs/airflow/lib/python3.8/site-packages/airflow/example_dags/example_short_circuit_decorator.py
[2024-10-04T09:42:29.776+0100] {logging_mixin.py:190} INFO - [2024-10-04T09:42:29.776+0100] {dag.py:3239} INFO - Sync 1 DAGs
[2024-10-04T09:42:29.780+0100] {logging_mixin.py:190} INFO - [2024-10-04T09:42:29.780+0100] {dag.py:4180} INFO - Setting next_dagrun for example_short_circuit_decorator to None, run_after=None
[2024-10-04T09:42:29.785+0100] {processor.py:208} INFO - Processing /opt/miniconda3/envs/airflow/lib/python3.8/site-packages/airflow/example_dags/example_short_circuit_decorator.py took 0.072 seconds
[2024-10-04T10:11:19.083+0100] {processor.py:186} INFO - Started process (PID=20761) to work on /opt/miniconda3/envs/airflow/lib/python3.8/site-packages/airflow/example_dags/example_short_circuit_decorator.py
[2024-10-04T10:11:19.083+0100] {processor.py:914} INFO - Processing file /opt/miniconda3/envs/airflow/lib/python3.8/site-packages/airflow/example_dags/example_short_circuit_decorator.py for tasks to queue
[2024-10-04T10:11:19.083+0100] {logging_mixin.py:190} INFO - [2024-10-04T10:11:19.083+0100] {dagbag.py:588} INFO - Filling up the DagBag from /opt/miniconda3/envs/airflow/lib/python3.8/site-packages/airflow/example_dags/example_short_circuit_decorator.py
[2024-10-04T10:11:19.110+0100] {processor.py:925} INFO - DAG(s) 'example_short_circuit_decorator' retrieved from /opt/miniconda3/envs/airflow/lib/python3.8/site-packages/airflow/example_dags/example_short_circuit_decorator.py
[2024-10-04T10:11:19.143+0100] {logging_mixin.py:190} INFO - [2024-10-04T10:11:19.143+0100] {dag.py:3239} INFO - Sync 1 DAGs
[2024-10-04T10:11:19.147+0100] {logging_mixin.py:190} INFO - [2024-10-04T10:11:19.147+0100] {dag.py:4180} INFO - Setting next_dagrun for example_short_circuit_decorator to None, run_after=None
[2024-10-04T10:11:19.152+0100] {processor.py:208} INFO - Processing /opt/miniconda3/envs/airflow/lib/python3.8/site-packages/airflow/example_dags/example_short_circuit_decorator.py took 0.071 seconds
[2024-10-04T10:20:19.371+0100] {processor.py:186} INFO - Started process (PID=20871) to work on /opt/miniconda3/envs/airflow/lib/python3.8/site-packages/airflow/example_dags/example_short_circuit_decorator.py
[2024-10-04T10:20:19.373+0100] {processor.py:914} INFO - Processing file /opt/miniconda3/envs/airflow/lib/python3.8/site-packages/airflow/example_dags/example_short_circuit_decorator.py for tasks to queue
[2024-10-04T10:20:19.373+0100] {logging_mixin.py:190} INFO - [2024-10-04T10:20:19.373+0100] {dagbag.py:588} INFO - Filling up the DagBag from /opt/miniconda3/envs/airflow/lib/python3.8/site-packages/airflow/example_dags/example_short_circuit_decorator.py
[2024-10-04T10:20:19.403+0100] {processor.py:925} INFO - DAG(s) 'example_short_circuit_decorator' retrieved from /opt/miniconda3/envs/airflow/lib/python3.8/site-packages/airflow/example_dags/example_short_circuit_decorator.py
[2024-10-04T10:20:19.437+0100] {logging_mixin.py:190} INFO - [2024-10-04T10:20:19.436+0100] {dag.py:3239} INFO - Sync 1 DAGs
[2024-10-04T10:20:19.440+0100] {logging_mixin.py:190} INFO - [2024-10-04T10:20:19.440+0100] {dag.py:4180} INFO - Setting next_dagrun for example_short_circuit_decorator to None, run_after=None
[2024-10-04T10:20:19.446+0100] {processor.py:208} INFO - Processing /opt/miniconda3/envs/airflow/lib/python3.8/site-packages/airflow/example_dags/example_short_circuit_decorator.py took 0.077 seconds
[2024-10-04T10:21:25.875+0100] {processor.py:186} INFO - Started process (PID=20961) to work on /opt/miniconda3/envs/airflow/lib/python3.8/site-packages/airflow/example_dags/example_short_circuit_decorator.py
[2024-10-04T10:21:25.875+0100] {processor.py:914} INFO - Processing file /opt/miniconda3/envs/airflow/lib/python3.8/site-packages/airflow/example_dags/example_short_circuit_decorator.py for tasks to queue
[2024-10-04T10:21:25.875+0100] {logging_mixin.py:190} INFO - [2024-10-04T10:21:25.875+0100] {dagbag.py:588} INFO - Filling up the DagBag from /opt/miniconda3/envs/airflow/lib/python3.8/site-packages/airflow/example_dags/example_short_circuit_decorator.py
[2024-10-04T10:21:25.903+0100] {processor.py:925} INFO - DAG(s) 'example_short_circuit_decorator' retrieved from /opt/miniconda3/envs/airflow/lib/python3.8/site-packages/airflow/example_dags/example_short_circuit_decorator.py
[2024-10-04T10:21:25.935+0100] {logging_mixin.py:190} INFO - [2024-10-04T10:21:25.935+0100] {dag.py:3239} INFO - Sync 1 DAGs
[2024-10-04T10:21:25.939+0100] {logging_mixin.py:190} INFO - [2024-10-04T10:21:25.939+0100] {dag.py:4180} INFO - Setting next_dagrun for example_short_circuit_decorator to None, run_after=None
[2024-10-04T10:21:25.944+0100] {processor.py:208} INFO - Processing /opt/miniconda3/envs/airflow/lib/python3.8/site-packages/airflow/example_dags/example_short_circuit_decorator.py took 0.071 seconds
[2024-10-04T10:24:45.609+0100] {processor.py:186} INFO - Started process (PID=21138) to work on /opt/miniconda3/envs/airflow/lib/python3.8/site-packages/airflow/example_dags/example_short_circuit_decorator.py
[2024-10-04T10:24:45.610+0100] {processor.py:914} INFO - Processing file /opt/miniconda3/envs/airflow/lib/python3.8/site-packages/airflow/example_dags/example_short_circuit_decorator.py for tasks to queue
[2024-10-04T10:24:45.610+0100] {logging_mixin.py:190} INFO - [2024-10-04T10:24:45.610+0100] {dagbag.py:588} INFO - Filling up the DagBag from /opt/miniconda3/envs/airflow/lib/python3.8/site-packages/airflow/example_dags/example_short_circuit_decorator.py
[2024-10-04T10:24:45.639+0100] {processor.py:925} INFO - DAG(s) 'example_short_circuit_decorator' retrieved from /opt/miniconda3/envs/airflow/lib/python3.8/site-packages/airflow/example_dags/example_short_circuit_decorator.py
[2024-10-04T10:24:45.672+0100] {logging_mixin.py:190} INFO - [2024-10-04T10:24:45.671+0100] {dag.py:3239} INFO - Sync 1 DAGs
[2024-10-04T10:24:45.675+0100] {logging_mixin.py:190} INFO - [2024-10-04T10:24:45.675+0100] {dag.py:4180} INFO - Setting next_dagrun for example_short_circuit_decorator to None, run_after=None
[2024-10-04T10:24:45.680+0100] {processor.py:208} INFO - Processing /opt/miniconda3/envs/airflow/lib/python3.8/site-packages/airflow/example_dags/example_short_circuit_decorator.py took 0.073 seconds
[2024-10-04T10:26:42.790+0100] {processor.py:186} INFO - Started process (PID=21292) to work on /opt/miniconda3/envs/airflow/lib/python3.8/site-packages/airflow/example_dags/example_short_circuit_decorator.py
[2024-10-04T10:26:42.791+0100] {processor.py:914} INFO - Processing file /opt/miniconda3/envs/airflow/lib/python3.8/site-packages/airflow/example_dags/example_short_circuit_decorator.py for tasks to queue
[2024-10-04T10:26:42.791+0100] {logging_mixin.py:190} INFO - [2024-10-04T10:26:42.791+0100] {dagbag.py:588} INFO - Filling up the DagBag from /opt/miniconda3/envs/airflow/lib/python3.8/site-packages/airflow/example_dags/example_short_circuit_decorator.py
[2024-10-04T10:26:42.820+0100] {processor.py:925} INFO - DAG(s) 'example_short_circuit_decorator' retrieved from /opt/miniconda3/envs/airflow/lib/python3.8/site-packages/airflow/example_dags/example_short_circuit_decorator.py
[2024-10-04T10:26:42.853+0100] {logging_mixin.py:190} INFO - [2024-10-04T10:26:42.853+0100] {dag.py:3239} INFO - Sync 1 DAGs
[2024-10-04T10:26:42.856+0100] {logging_mixin.py:190} INFO - [2024-10-04T10:26:42.856+0100] {dag.py:4180} INFO - Setting next_dagrun for example_short_circuit_decorator to None, run_after=None
[2024-10-04T10:26:42.862+0100] {processor.py:208} INFO - Processing /opt/miniconda3/envs/airflow/lib/python3.8/site-packages/airflow/example_dags/example_short_circuit_decorator.py took 0.074 seconds
[2024-10-04T10:28:38.144+0100] {processor.py:186} INFO - Started process (PID=21449) to work on /opt/miniconda3/envs/airflow/lib/python3.8/site-packages/airflow/example_dags/example_short_circuit_decorator.py
[2024-10-04T10:28:38.145+0100] {processor.py:914} INFO - Processing file /opt/miniconda3/envs/airflow/lib/python3.8/site-packages/airflow/example_dags/example_short_circuit_decorator.py for tasks to queue
[2024-10-04T10:28:38.145+0100] {logging_mixin.py:190} INFO - [2024-10-04T10:28:38.145+0100] {dagbag.py:588} INFO - Filling up the DagBag from /opt/miniconda3/envs/airflow/lib/python3.8/site-packages/airflow/example_dags/example_short_circuit_decorator.py
[2024-10-04T10:28:38.174+0100] {processor.py:925} INFO - DAG(s) 'example_short_circuit_decorator' retrieved from /opt/miniconda3/envs/airflow/lib/python3.8/site-packages/airflow/example_dags/example_short_circuit_decorator.py
[2024-10-04T10:28:38.208+0100] {logging_mixin.py:190} INFO - [2024-10-04T10:28:38.207+0100] {dag.py:3239} INFO - Sync 1 DAGs
[2024-10-04T10:28:38.211+0100] {logging_mixin.py:190} INFO - [2024-10-04T10:28:38.211+0100] {dag.py:4180} INFO - Setting next_dagrun for example_short_circuit_decorator to None, run_after=None
[2024-10-04T10:28:38.217+0100] {processor.py:208} INFO - Processing /opt/miniconda3/envs/airflow/lib/python3.8/site-packages/airflow/example_dags/example_short_circuit_decorator.py took 0.075 seconds
[2024-10-04T10:30:30.197+0100] {processor.py:186} INFO - Started process (PID=21636) to work on /opt/miniconda3/envs/airflow/lib/python3.8/site-packages/airflow/example_dags/example_short_circuit_decorator.py
[2024-10-04T10:30:30.198+0100] {processor.py:914} INFO - Processing file /opt/miniconda3/envs/airflow/lib/python3.8/site-packages/airflow/example_dags/example_short_circuit_decorator.py for tasks to queue
[2024-10-04T10:30:30.199+0100] {logging_mixin.py:190} INFO - [2024-10-04T10:30:30.199+0100] {dagbag.py:588} INFO - Filling up the DagBag from /opt/miniconda3/envs/airflow/lib/python3.8/site-packages/airflow/example_dags/example_short_circuit_decorator.py
[2024-10-04T10:30:30.227+0100] {processor.py:925} INFO - DAG(s) 'example_short_circuit_decorator' retrieved from /opt/miniconda3/envs/airflow/lib/python3.8/site-packages/airflow/example_dags/example_short_circuit_decorator.py
[2024-10-04T10:30:30.260+0100] {logging_mixin.py:190} INFO - [2024-10-04T10:30:30.259+0100] {dag.py:3239} INFO - Sync 1 DAGs
[2024-10-04T10:30:30.263+0100] {logging_mixin.py:190} INFO - [2024-10-04T10:30:30.263+0100] {dag.py:4180} INFO - Setting next_dagrun for example_short_circuit_decorator to None, run_after=None
[2024-10-04T10:30:30.269+0100] {processor.py:208} INFO - Processing /opt/miniconda3/envs/airflow/lib/python3.8/site-packages/airflow/example_dags/example_short_circuit_decorator.py took 0.073 seconds
[2024-10-04T10:32:28.085+0100] {processor.py:186} INFO - Started process (PID=21804) to work on /opt/miniconda3/envs/airflow/lib/python3.8/site-packages/airflow/example_dags/example_short_circuit_decorator.py
[2024-10-04T10:32:28.085+0100] {processor.py:914} INFO - Processing file /opt/miniconda3/envs/airflow/lib/python3.8/site-packages/airflow/example_dags/example_short_circuit_decorator.py for tasks to queue
[2024-10-04T10:32:28.086+0100] {logging_mixin.py:190} INFO - [2024-10-04T10:32:28.086+0100] {dagbag.py:588} INFO - Filling up the DagBag from /opt/miniconda3/envs/airflow/lib/python3.8/site-packages/airflow/example_dags/example_short_circuit_decorator.py
[2024-10-04T10:32:28.114+0100] {processor.py:925} INFO - DAG(s) 'example_short_circuit_decorator' retrieved from /opt/miniconda3/envs/airflow/lib/python3.8/site-packages/airflow/example_dags/example_short_circuit_decorator.py
[2024-10-04T10:32:28.148+0100] {logging_mixin.py:190} INFO - [2024-10-04T10:32:28.148+0100] {dag.py:3239} INFO - Sync 1 DAGs
[2024-10-04T10:32:28.152+0100] {logging_mixin.py:190} INFO - [2024-10-04T10:32:28.151+0100] {dag.py:4180} INFO - Setting next_dagrun for example_short_circuit_decorator to None, run_after=None
[2024-10-04T10:32:28.157+0100] {processor.py:208} INFO - Processing /opt/miniconda3/envs/airflow/lib/python3.8/site-packages/airflow/example_dags/example_short_circuit_decorator.py took 0.074 seconds
[2024-10-04T10:34:35.528+0100] {processor.py:186} INFO - Started process (PID=21972) to work on /opt/miniconda3/envs/airflow/lib/python3.8/site-packages/airflow/example_dags/example_short_circuit_decorator.py
[2024-10-04T10:34:35.528+0100] {processor.py:914} INFO - Processing file /opt/miniconda3/envs/airflow/lib/python3.8/site-packages/airflow/example_dags/example_short_circuit_decorator.py for tasks to queue
[2024-10-04T10:34:35.529+0100] {logging_mixin.py:190} INFO - [2024-10-04T10:34:35.529+0100] {dagbag.py:588} INFO - Filling up the DagBag from /opt/miniconda3/envs/airflow/lib/python3.8/site-packages/airflow/example_dags/example_short_circuit_decorator.py
[2024-10-04T10:34:35.560+0100] {processor.py:925} INFO - DAG(s) 'example_short_circuit_decorator' retrieved from /opt/miniconda3/envs/airflow/lib/python3.8/site-packages/airflow/example_dags/example_short_circuit_decorator.py
[2024-10-04T10:34:35.596+0100] {logging_mixin.py:190} INFO - [2024-10-04T10:34:35.596+0100] {dag.py:3239} INFO - Sync 1 DAGs
[2024-10-04T10:34:35.600+0100] {logging_mixin.py:190} INFO - [2024-10-04T10:34:35.600+0100] {dag.py:4180} INFO - Setting next_dagrun for example_short_circuit_decorator to None, run_after=None
[2024-10-04T10:34:35.605+0100] {processor.py:208} INFO - Processing /opt/miniconda3/envs/airflow/lib/python3.8/site-packages/airflow/example_dags/example_short_circuit_decorator.py took 0.079 seconds
[2024-10-04T10:36:49.878+0100] {processor.py:186} INFO - Started process (PID=22143) to work on /opt/miniconda3/envs/airflow/lib/python3.8/site-packages/airflow/example_dags/example_short_circuit_decorator.py
[2024-10-04T10:36:49.879+0100] {processor.py:914} INFO - Processing file /opt/miniconda3/envs/airflow/lib/python3.8/site-packages/airflow/example_dags/example_short_circuit_decorator.py for tasks to queue
[2024-10-04T10:36:49.879+0100] {logging_mixin.py:190} INFO - [2024-10-04T10:36:49.879+0100] {dagbag.py:588} INFO - Filling up the DagBag from /opt/miniconda3/envs/airflow/lib/python3.8/site-packages/airflow/example_dags/example_short_circuit_decorator.py
[2024-10-04T10:36:49.908+0100] {processor.py:925} INFO - DAG(s) 'example_short_circuit_decorator' retrieved from /opt/miniconda3/envs/airflow/lib/python3.8/site-packages/airflow/example_dags/example_short_circuit_decorator.py
[2024-10-04T10:36:49.941+0100] {logging_mixin.py:190} INFO - [2024-10-04T10:36:49.941+0100] {dag.py:3239} INFO - Sync 1 DAGs
[2024-10-04T10:36:49.944+0100] {logging_mixin.py:190} INFO - [2024-10-04T10:36:49.944+0100] {dag.py:4180} INFO - Setting next_dagrun for example_short_circuit_decorator to None, run_after=None
[2024-10-04T10:36:49.950+0100] {processor.py:208} INFO - Processing /opt/miniconda3/envs/airflow/lib/python3.8/site-packages/airflow/example_dags/example_short_circuit_decorator.py took 0.073 seconds
