[2024-10-04T01:55:03.776+0100] {processor.py:186} INFO - Started process (PID=17401) to work on /opt/miniconda3/envs/airflow/lib/python3.8/site-packages/airflow/example_dags/example_sensors.py
[2024-10-04T01:55:03.776+0100] {processor.py:914} INFO - Processing file /opt/miniconda3/envs/airflow/lib/python3.8/site-packages/airflow/example_dags/example_sensors.py for tasks to queue
[2024-10-04T01:55:03.777+0100] {logging_mixin.py:190} INFO - [2024-10-04T01:55:03.776+0100] {dagbag.py:588} INFO - Filling up the DagBag from /opt/miniconda3/envs/airflow/lib/python3.8/site-packages/airflow/example_dags/example_sensors.py
[2024-10-04T01:55:03.799+0100] {processor.py:925} INFO - DAG(s) 'example_sensors' retrieved from /opt/miniconda3/envs/airflow/lib/python3.8/site-packages/airflow/example_dags/example_sensors.py
[2024-10-04T01:55:03.829+0100] {logging_mixin.py:190} INFO - [2024-10-04T01:55:03.829+0100] {workday.py:41} WARNING - Could not import pandas. Holidays will not be considered.
[2024-10-04T01:55:03.838+0100] {logging_mixin.py:190} INFO - [2024-10-04T01:55:03.838+0100] {dag.py:3239} INFO - Sync 1 DAGs
[2024-10-04T01:55:03.842+0100] {logging_mixin.py:190} INFO - [2024-10-04T01:55:03.842+0100] {dag.py:4180} INFO - Setting next_dagrun for example_sensors to None, run_after=None
[2024-10-04T01:55:03.848+0100] {processor.py:208} INFO - Processing /opt/miniconda3/envs/airflow/lib/python3.8/site-packages/airflow/example_dags/example_sensors.py took 0.073 seconds
[2024-10-04T01:56:33.380+0100] {processor.py:186} INFO - Started process (PID=17514) to work on /opt/miniconda3/envs/airflow/lib/python3.8/site-packages/airflow/example_dags/example_sensors.py
[2024-10-04T01:56:33.380+0100] {processor.py:914} INFO - Processing file /opt/miniconda3/envs/airflow/lib/python3.8/site-packages/airflow/example_dags/example_sensors.py for tasks to queue
[2024-10-04T01:56:33.380+0100] {logging_mixin.py:190} INFO - [2024-10-04T01:56:33.380+0100] {dagbag.py:588} INFO - Filling up the DagBag from /opt/miniconda3/envs/airflow/lib/python3.8/site-packages/airflow/example_dags/example_sensors.py
[2024-10-04T01:56:33.401+0100] {processor.py:925} INFO - DAG(s) 'example_sensors' retrieved from /opt/miniconda3/envs/airflow/lib/python3.8/site-packages/airflow/example_dags/example_sensors.py
[2024-10-04T01:56:33.431+0100] {logging_mixin.py:190} INFO - [2024-10-04T01:56:33.431+0100] {workday.py:41} WARNING - Could not import pandas. Holidays will not be considered.
[2024-10-04T01:56:33.440+0100] {logging_mixin.py:190} INFO - [2024-10-04T01:56:33.440+0100] {dag.py:3239} INFO - Sync 1 DAGs
[2024-10-04T01:56:33.443+0100] {logging_mixin.py:190} INFO - [2024-10-04T01:56:33.443+0100] {dag.py:4180} INFO - Setting next_dagrun for example_sensors to None, run_after=None
[2024-10-04T01:56:33.449+0100] {processor.py:208} INFO - Processing /opt/miniconda3/envs/airflow/lib/python3.8/site-packages/airflow/example_dags/example_sensors.py took 0.071 seconds
[2024-10-04T03:50:39.810+0100] {processor.py:186} INFO - Started process (PID=17707) to work on /opt/miniconda3/envs/airflow/lib/python3.8/site-packages/airflow/example_dags/example_sensors.py
[2024-10-04T03:50:39.810+0100] {processor.py:914} INFO - Processing file /opt/miniconda3/envs/airflow/lib/python3.8/site-packages/airflow/example_dags/example_sensors.py for tasks to queue
[2024-10-04T03:50:39.810+0100] {logging_mixin.py:190} INFO - [2024-10-04T03:50:39.810+0100] {dagbag.py:588} INFO - Filling up the DagBag from /opt/miniconda3/envs/airflow/lib/python3.8/site-packages/airflow/example_dags/example_sensors.py
[2024-10-04T03:50:39.831+0100] {processor.py:925} INFO - DAG(s) 'example_sensors' retrieved from /opt/miniconda3/envs/airflow/lib/python3.8/site-packages/airflow/example_dags/example_sensors.py
[2024-10-04T03:50:39.862+0100] {logging_mixin.py:190} INFO - [2024-10-04T03:50:39.862+0100] {workday.py:41} WARNING - Could not import pandas. Holidays will not be considered.
[2024-10-04T03:50:39.871+0100] {logging_mixin.py:190} INFO - [2024-10-04T03:50:39.871+0100] {dag.py:3239} INFO - Sync 1 DAGs
[2024-10-04T03:50:39.874+0100] {logging_mixin.py:190} INFO - [2024-10-04T03:50:39.874+0100] {dag.py:4180} INFO - Setting next_dagrun for example_sensors to None, run_after=None
[2024-10-04T03:50:39.880+0100] {processor.py:208} INFO - Processing /opt/miniconda3/envs/airflow/lib/python3.8/site-packages/airflow/example_dags/example_sensors.py took 0.072 seconds
[2024-10-04T03:52:14.082+0100] {processor.py:186} INFO - Started process (PID=17827) to work on /opt/miniconda3/envs/airflow/lib/python3.8/site-packages/airflow/example_dags/example_sensors.py
[2024-10-04T03:52:14.083+0100] {processor.py:914} INFO - Processing file /opt/miniconda3/envs/airflow/lib/python3.8/site-packages/airflow/example_dags/example_sensors.py for tasks to queue
[2024-10-04T03:52:14.083+0100] {logging_mixin.py:190} INFO - [2024-10-04T03:52:14.083+0100] {dagbag.py:588} INFO - Filling up the DagBag from /opt/miniconda3/envs/airflow/lib/python3.8/site-packages/airflow/example_dags/example_sensors.py
[2024-10-04T03:52:14.105+0100] {processor.py:925} INFO - DAG(s) 'example_sensors' retrieved from /opt/miniconda3/envs/airflow/lib/python3.8/site-packages/airflow/example_dags/example_sensors.py
[2024-10-04T03:52:14.134+0100] {logging_mixin.py:190} INFO - [2024-10-04T03:52:14.134+0100] {workday.py:41} WARNING - Could not import pandas. Holidays will not be considered.
[2024-10-04T03:52:14.143+0100] {logging_mixin.py:190} INFO - [2024-10-04T03:52:14.143+0100] {dag.py:3239} INFO - Sync 1 DAGs
[2024-10-04T03:52:14.147+0100] {logging_mixin.py:190} INFO - [2024-10-04T03:52:14.147+0100] {dag.py:4180} INFO - Setting next_dagrun for example_sensors to None, run_after=None
[2024-10-04T03:52:14.153+0100] {processor.py:208} INFO - Processing /opt/miniconda3/envs/airflow/lib/python3.8/site-packages/airflow/example_dags/example_sensors.py took 0.072 seconds
[2024-10-04T06:13:56.436+0100] {processor.py:186} INFO - Started process (PID=18029) to work on /opt/miniconda3/envs/airflow/lib/python3.8/site-packages/airflow/example_dags/example_sensors.py
[2024-10-04T06:13:56.437+0100] {processor.py:914} INFO - Processing file /opt/miniconda3/envs/airflow/lib/python3.8/site-packages/airflow/example_dags/example_sensors.py for tasks to queue
[2024-10-04T06:13:56.438+0100] {logging_mixin.py:190} INFO - [2024-10-04T06:13:56.437+0100] {dagbag.py:588} INFO - Filling up the DagBag from /opt/miniconda3/envs/airflow/lib/python3.8/site-packages/airflow/example_dags/example_sensors.py
[2024-10-04T06:13:56.459+0100] {processor.py:925} INFO - DAG(s) 'example_sensors' retrieved from /opt/miniconda3/envs/airflow/lib/python3.8/site-packages/airflow/example_dags/example_sensors.py
[2024-10-04T06:13:56.489+0100] {logging_mixin.py:190} INFO - [2024-10-04T06:13:56.488+0100] {workday.py:41} WARNING - Could not import pandas. Holidays will not be considered.
[2024-10-04T06:13:56.498+0100] {logging_mixin.py:190} INFO - [2024-10-04T06:13:56.498+0100] {dag.py:3239} INFO - Sync 1 DAGs
[2024-10-04T06:13:56.501+0100] {logging_mixin.py:190} INFO - [2024-10-04T06:13:56.501+0100] {dag.py:4180} INFO - Setting next_dagrun for example_sensors to None, run_after=None
[2024-10-04T06:13:56.507+0100] {processor.py:208} INFO - Processing /opt/miniconda3/envs/airflow/lib/python3.8/site-packages/airflow/example_dags/example_sensors.py took 0.072 seconds
[2024-10-04T06:15:14.878+0100] {processor.py:186} INFO - Started process (PID=18149) to work on /opt/miniconda3/envs/airflow/lib/python3.8/site-packages/airflow/example_dags/example_sensors.py
[2024-10-04T06:15:14.879+0100] {processor.py:914} INFO - Processing file /opt/miniconda3/envs/airflow/lib/python3.8/site-packages/airflow/example_dags/example_sensors.py for tasks to queue
[2024-10-04T06:15:14.879+0100] {logging_mixin.py:190} INFO - [2024-10-04T06:15:14.879+0100] {dagbag.py:588} INFO - Filling up the DagBag from /opt/miniconda3/envs/airflow/lib/python3.8/site-packages/airflow/example_dags/example_sensors.py
[2024-10-04T06:15:14.901+0100] {processor.py:925} INFO - DAG(s) 'example_sensors' retrieved from /opt/miniconda3/envs/airflow/lib/python3.8/site-packages/airflow/example_dags/example_sensors.py
[2024-10-04T06:15:14.931+0100] {logging_mixin.py:190} INFO - [2024-10-04T06:15:14.931+0100] {workday.py:41} WARNING - Could not import pandas. Holidays will not be considered.
[2024-10-04T06:15:14.940+0100] {logging_mixin.py:190} INFO - [2024-10-04T06:15:14.940+0100] {dag.py:3239} INFO - Sync 1 DAGs
[2024-10-04T06:15:14.943+0100] {logging_mixin.py:190} INFO - [2024-10-04T06:15:14.943+0100] {dag.py:4180} INFO - Setting next_dagrun for example_sensors to None, run_after=None
[2024-10-04T06:15:14.949+0100] {processor.py:208} INFO - Processing /opt/miniconda3/envs/airflow/lib/python3.8/site-packages/airflow/example_dags/example_sensors.py took 0.072 seconds
[2024-10-04T07:21:11.145+0100] {processor.py:186} INFO - Started process (PID=19986) to work on /opt/miniconda3/envs/airflow/lib/python3.8/site-packages/airflow/example_dags/example_sensors.py
[2024-10-04T07:21:11.145+0100] {processor.py:914} INFO - Processing file /opt/miniconda3/envs/airflow/lib/python3.8/site-packages/airflow/example_dags/example_sensors.py for tasks to queue
[2024-10-04T07:21:11.146+0100] {logging_mixin.py:190} INFO - [2024-10-04T07:21:11.146+0100] {dagbag.py:588} INFO - Filling up the DagBag from /opt/miniconda3/envs/airflow/lib/python3.8/site-packages/airflow/example_dags/example_sensors.py
[2024-10-04T07:21:11.168+0100] {processor.py:925} INFO - DAG(s) 'example_sensors' retrieved from /opt/miniconda3/envs/airflow/lib/python3.8/site-packages/airflow/example_dags/example_sensors.py
[2024-10-04T07:21:11.198+0100] {logging_mixin.py:190} INFO - [2024-10-04T07:21:11.198+0100] {workday.py:41} WARNING - Could not import pandas. Holidays will not be considered.
[2024-10-04T07:21:11.207+0100] {logging_mixin.py:190} INFO - [2024-10-04T07:21:11.207+0100] {dag.py:3239} INFO - Sync 1 DAGs
[2024-10-04T07:21:11.210+0100] {logging_mixin.py:190} INFO - [2024-10-04T07:21:11.210+0100] {dag.py:4180} INFO - Setting next_dagrun for example_sensors to None, run_after=None
[2024-10-04T07:21:11.216+0100] {processor.py:208} INFO - Processing /opt/miniconda3/envs/airflow/lib/python3.8/site-packages/airflow/example_dags/example_sensors.py took 0.073 seconds
[2024-10-04T08:19:32.586+0100] {processor.py:186} INFO - Started process (PID=20092) to work on /opt/miniconda3/envs/airflow/lib/python3.8/site-packages/airflow/example_dags/example_sensors.py
[2024-10-04T08:19:32.586+0100] {processor.py:914} INFO - Processing file /opt/miniconda3/envs/airflow/lib/python3.8/site-packages/airflow/example_dags/example_sensors.py for tasks to queue
[2024-10-04T08:19:32.587+0100] {logging_mixin.py:190} INFO - [2024-10-04T08:19:32.587+0100] {dagbag.py:588} INFO - Filling up the DagBag from /opt/miniconda3/envs/airflow/lib/python3.8/site-packages/airflow/example_dags/example_sensors.py
[2024-10-04T08:19:32.608+0100] {processor.py:925} INFO - DAG(s) 'example_sensors' retrieved from /opt/miniconda3/envs/airflow/lib/python3.8/site-packages/airflow/example_dags/example_sensors.py
[2024-10-04T08:19:32.638+0100] {logging_mixin.py:190} INFO - [2024-10-04T08:19:32.637+0100] {workday.py:41} WARNING - Could not import pandas. Holidays will not be considered.
[2024-10-04T08:19:32.647+0100] {logging_mixin.py:190} INFO - [2024-10-04T08:19:32.646+0100] {dag.py:3239} INFO - Sync 1 DAGs
[2024-10-04T08:19:32.650+0100] {logging_mixin.py:190} INFO - [2024-10-04T08:19:32.650+0100] {dag.py:4180} INFO - Setting next_dagrun for example_sensors to None, run_after=None
[2024-10-04T08:19:32.656+0100] {processor.py:208} INFO - Processing /opt/miniconda3/envs/airflow/lib/python3.8/site-packages/airflow/example_dags/example_sensors.py took 0.071 seconds
[2024-10-04T08:39:46.983+0100] {processor.py:186} INFO - Started process (PID=20208) to work on /opt/miniconda3/envs/airflow/lib/python3.8/site-packages/airflow/example_dags/example_sensors.py
[2024-10-04T08:39:46.983+0100] {processor.py:914} INFO - Processing file /opt/miniconda3/envs/airflow/lib/python3.8/site-packages/airflow/example_dags/example_sensors.py for tasks to queue
[2024-10-04T08:39:46.984+0100] {logging_mixin.py:190} INFO - [2024-10-04T08:39:46.984+0100] {dagbag.py:588} INFO - Filling up the DagBag from /opt/miniconda3/envs/airflow/lib/python3.8/site-packages/airflow/example_dags/example_sensors.py
[2024-10-04T08:39:47.005+0100] {processor.py:925} INFO - DAG(s) 'example_sensors' retrieved from /opt/miniconda3/envs/airflow/lib/python3.8/site-packages/airflow/example_dags/example_sensors.py
[2024-10-04T08:39:47.035+0100] {logging_mixin.py:190} INFO - [2024-10-04T08:39:47.035+0100] {workday.py:41} WARNING - Could not import pandas. Holidays will not be considered.
[2024-10-04T08:39:47.044+0100] {logging_mixin.py:190} INFO - [2024-10-04T08:39:47.044+0100] {dag.py:3239} INFO - Sync 1 DAGs
[2024-10-04T08:39:47.047+0100] {logging_mixin.py:190} INFO - [2024-10-04T08:39:47.047+0100] {dag.py:4180} INFO - Setting next_dagrun for example_sensors to None, run_after=None
[2024-10-04T08:39:47.053+0100] {processor.py:208} INFO - Processing /opt/miniconda3/envs/airflow/lib/python3.8/site-packages/airflow/example_dags/example_sensors.py took 0.072 seconds
[2024-10-04T08:45:33.931+0100] {processor.py:186} INFO - Started process (PID=20365) to work on /opt/miniconda3/envs/airflow/lib/python3.8/site-packages/airflow/example_dags/example_sensors.py
[2024-10-04T08:45:33.931+0100] {processor.py:914} INFO - Processing file /opt/miniconda3/envs/airflow/lib/python3.8/site-packages/airflow/example_dags/example_sensors.py for tasks to queue
[2024-10-04T08:45:33.932+0100] {logging_mixin.py:190} INFO - [2024-10-04T08:45:33.932+0100] {dagbag.py:588} INFO - Filling up the DagBag from /opt/miniconda3/envs/airflow/lib/python3.8/site-packages/airflow/example_dags/example_sensors.py
[2024-10-04T08:45:33.954+0100] {processor.py:925} INFO - DAG(s) 'example_sensors' retrieved from /opt/miniconda3/envs/airflow/lib/python3.8/site-packages/airflow/example_dags/example_sensors.py
[2024-10-04T08:45:33.984+0100] {logging_mixin.py:190} INFO - [2024-10-04T08:45:33.984+0100] {workday.py:41} WARNING - Could not import pandas. Holidays will not be considered.
[2024-10-04T08:45:33.993+0100] {logging_mixin.py:190} INFO - [2024-10-04T08:45:33.993+0100] {dag.py:3239} INFO - Sync 1 DAGs
[2024-10-04T08:45:33.996+0100] {logging_mixin.py:190} INFO - [2024-10-04T08:45:33.996+0100] {dag.py:4180} INFO - Setting next_dagrun for example_sensors to None, run_after=None
[2024-10-04T08:45:34.002+0100] {processor.py:208} INFO - Processing /opt/miniconda3/envs/airflow/lib/python3.8/site-packages/airflow/example_dags/example_sensors.py took 0.073 seconds
[2024-10-04T09:41:08.934+0100] {processor.py:186} INFO - Started process (PID=20483) to work on /opt/miniconda3/envs/airflow/lib/python3.8/site-packages/airflow/example_dags/example_sensors.py
[2024-10-04T09:41:08.935+0100] {processor.py:914} INFO - Processing file /opt/miniconda3/envs/airflow/lib/python3.8/site-packages/airflow/example_dags/example_sensors.py for tasks to queue
[2024-10-04T09:41:08.935+0100] {logging_mixin.py:190} INFO - [2024-10-04T09:41:08.935+0100] {dagbag.py:588} INFO - Filling up the DagBag from /opt/miniconda3/envs/airflow/lib/python3.8/site-packages/airflow/example_dags/example_sensors.py
[2024-10-04T09:41:08.956+0100] {processor.py:925} INFO - DAG(s) 'example_sensors' retrieved from /opt/miniconda3/envs/airflow/lib/python3.8/site-packages/airflow/example_dags/example_sensors.py
[2024-10-04T09:41:08.988+0100] {logging_mixin.py:190} INFO - [2024-10-04T09:41:08.988+0100] {workday.py:41} WARNING - Could not import pandas. Holidays will not be considered.
[2024-10-04T09:41:08.998+0100] {logging_mixin.py:190} INFO - [2024-10-04T09:41:08.998+0100] {dag.py:3239} INFO - Sync 1 DAGs
[2024-10-04T09:41:09.001+0100] {logging_mixin.py:190} INFO - [2024-10-04T09:41:09.001+0100] {dag.py:4180} INFO - Setting next_dagrun for example_sensors to None, run_after=None
[2024-10-04T09:41:09.008+0100] {processor.py:208} INFO - Processing /opt/miniconda3/envs/airflow/lib/python3.8/site-packages/airflow/example_dags/example_sensors.py took 0.075 seconds
[2024-10-04T09:42:33.821+0100] {processor.py:186} INFO - Started process (PID=20616) to work on /opt/miniconda3/envs/airflow/lib/python3.8/site-packages/airflow/example_dags/example_sensors.py
[2024-10-04T09:42:33.823+0100] {processor.py:914} INFO - Processing file /opt/miniconda3/envs/airflow/lib/python3.8/site-packages/airflow/example_dags/example_sensors.py for tasks to queue
[2024-10-04T09:42:33.823+0100] {logging_mixin.py:190} INFO - [2024-10-04T09:42:33.823+0100] {dagbag.py:588} INFO - Filling up the DagBag from /opt/miniconda3/envs/airflow/lib/python3.8/site-packages/airflow/example_dags/example_sensors.py
[2024-10-04T09:42:33.844+0100] {processor.py:925} INFO - DAG(s) 'example_sensors' retrieved from /opt/miniconda3/envs/airflow/lib/python3.8/site-packages/airflow/example_dags/example_sensors.py
[2024-10-04T09:42:33.874+0100] {logging_mixin.py:190} INFO - [2024-10-04T09:42:33.874+0100] {workday.py:41} WARNING - Could not import pandas. Holidays will not be considered.
[2024-10-04T09:42:33.883+0100] {logging_mixin.py:190} INFO - [2024-10-04T09:42:33.883+0100] {dag.py:3239} INFO - Sync 1 DAGs
[2024-10-04T09:42:33.886+0100] {logging_mixin.py:190} INFO - [2024-10-04T09:42:33.886+0100] {dag.py:4180} INFO - Setting next_dagrun for example_sensors to None, run_after=None
[2024-10-04T09:42:33.893+0100] {processor.py:208} INFO - Processing /opt/miniconda3/envs/airflow/lib/python3.8/site-packages/airflow/example_dags/example_sensors.py took 0.073 seconds
[2024-10-04T10:19:24.451+0100] {processor.py:186} INFO - Started process (PID=20771) to work on /opt/miniconda3/envs/airflow/lib/python3.8/site-packages/airflow/example_dags/example_sensors.py
[2024-10-04T10:19:24.451+0100] {processor.py:914} INFO - Processing file /opt/miniconda3/envs/airflow/lib/python3.8/site-packages/airflow/example_dags/example_sensors.py for tasks to queue
[2024-10-04T10:19:24.451+0100] {logging_mixin.py:190} INFO - [2024-10-04T10:19:24.451+0100] {dagbag.py:588} INFO - Filling up the DagBag from /opt/miniconda3/envs/airflow/lib/python3.8/site-packages/airflow/example_dags/example_sensors.py
[2024-10-04T10:19:24.476+0100] {processor.py:925} INFO - DAG(s) 'example_sensors' retrieved from /opt/miniconda3/envs/airflow/lib/python3.8/site-packages/airflow/example_dags/example_sensors.py
[2024-10-04T10:19:24.512+0100] {logging_mixin.py:190} INFO - [2024-10-04T10:19:24.512+0100] {workday.py:41} WARNING - Could not import pandas. Holidays will not be considered.
[2024-10-04T10:19:24.523+0100] {logging_mixin.py:190} INFO - [2024-10-04T10:19:24.523+0100] {dag.py:3239} INFO - Sync 1 DAGs
[2024-10-04T10:19:24.527+0100] {logging_mixin.py:190} INFO - [2024-10-04T10:19:24.527+0100] {dag.py:4180} INFO - Setting next_dagrun for example_sensors to None, run_after=None
[2024-10-04T10:19:24.533+0100] {processor.py:208} INFO - Processing /opt/miniconda3/envs/airflow/lib/python3.8/site-packages/airflow/example_dags/example_sensors.py took 0.085 seconds
[2024-10-04T10:21:29.284+0100] {processor.py:186} INFO - Started process (PID=20965) to work on /opt/miniconda3/envs/airflow/lib/python3.8/site-packages/airflow/example_dags/example_sensors.py
[2024-10-04T10:21:29.285+0100] {processor.py:914} INFO - Processing file /opt/miniconda3/envs/airflow/lib/python3.8/site-packages/airflow/example_dags/example_sensors.py for tasks to queue
[2024-10-04T10:21:29.285+0100] {logging_mixin.py:190} INFO - [2024-10-04T10:21:29.285+0100] {dagbag.py:588} INFO - Filling up the DagBag from /opt/miniconda3/envs/airflow/lib/python3.8/site-packages/airflow/example_dags/example_sensors.py
[2024-10-04T10:21:29.307+0100] {processor.py:925} INFO - DAG(s) 'example_sensors' retrieved from /opt/miniconda3/envs/airflow/lib/python3.8/site-packages/airflow/example_dags/example_sensors.py
[2024-10-04T10:21:29.337+0100] {logging_mixin.py:190} INFO - [2024-10-04T10:21:29.337+0100] {workday.py:41} WARNING - Could not import pandas. Holidays will not be considered.
[2024-10-04T10:21:29.346+0100] {logging_mixin.py:190} INFO - [2024-10-04T10:21:29.346+0100] {dag.py:3239} INFO - Sync 1 DAGs
[2024-10-04T10:21:29.350+0100] {logging_mixin.py:190} INFO - [2024-10-04T10:21:29.350+0100] {dag.py:4180} INFO - Setting next_dagrun for example_sensors to None, run_after=None
[2024-10-04T10:21:29.355+0100] {processor.py:208} INFO - Processing /opt/miniconda3/envs/airflow/lib/python3.8/site-packages/airflow/example_dags/example_sensors.py took 0.073 seconds
[2024-10-04T10:24:50.845+0100] {processor.py:186} INFO - Started process (PID=21144) to work on /opt/miniconda3/envs/airflow/lib/python3.8/site-packages/airflow/example_dags/example_sensors.py
[2024-10-04T10:24:50.847+0100] {processor.py:914} INFO - Processing file /opt/miniconda3/envs/airflow/lib/python3.8/site-packages/airflow/example_dags/example_sensors.py for tasks to queue
[2024-10-04T10:24:50.847+0100] {logging_mixin.py:190} INFO - [2024-10-04T10:24:50.847+0100] {dagbag.py:588} INFO - Filling up the DagBag from /opt/miniconda3/envs/airflow/lib/python3.8/site-packages/airflow/example_dags/example_sensors.py
[2024-10-04T10:24:50.869+0100] {processor.py:925} INFO - DAG(s) 'example_sensors' retrieved from /opt/miniconda3/envs/airflow/lib/python3.8/site-packages/airflow/example_dags/example_sensors.py
[2024-10-04T10:24:50.899+0100] {logging_mixin.py:190} INFO - [2024-10-04T10:24:50.899+0100] {workday.py:41} WARNING - Could not import pandas. Holidays will not be considered.
[2024-10-04T10:24:50.908+0100] {logging_mixin.py:190} INFO - [2024-10-04T10:24:50.908+0100] {dag.py:3239} INFO - Sync 1 DAGs
[2024-10-04T10:24:50.912+0100] {logging_mixin.py:190} INFO - [2024-10-04T10:24:50.912+0100] {dag.py:4180} INFO - Setting next_dagrun for example_sensors to None, run_after=None
[2024-10-04T10:24:50.918+0100] {processor.py:208} INFO - Processing /opt/miniconda3/envs/airflow/lib/python3.8/site-packages/airflow/example_dags/example_sensors.py took 0.074 seconds
[2024-10-04T10:26:46.754+0100] {processor.py:186} INFO - Started process (PID=21298) to work on /opt/miniconda3/envs/airflow/lib/python3.8/site-packages/airflow/example_dags/example_sensors.py
[2024-10-04T10:26:46.754+0100] {processor.py:914} INFO - Processing file /opt/miniconda3/envs/airflow/lib/python3.8/site-packages/airflow/example_dags/example_sensors.py for tasks to queue
[2024-10-04T10:26:46.755+0100] {logging_mixin.py:190} INFO - [2024-10-04T10:26:46.755+0100] {dagbag.py:588} INFO - Filling up the DagBag from /opt/miniconda3/envs/airflow/lib/python3.8/site-packages/airflow/example_dags/example_sensors.py
[2024-10-04T10:26:46.776+0100] {processor.py:925} INFO - DAG(s) 'example_sensors' retrieved from /opt/miniconda3/envs/airflow/lib/python3.8/site-packages/airflow/example_dags/example_sensors.py
[2024-10-04T10:26:46.806+0100] {logging_mixin.py:190} INFO - [2024-10-04T10:26:46.806+0100] {workday.py:41} WARNING - Could not import pandas. Holidays will not be considered.
[2024-10-04T10:26:46.815+0100] {logging_mixin.py:190} INFO - [2024-10-04T10:26:46.815+0100] {dag.py:3239} INFO - Sync 1 DAGs
[2024-10-04T10:26:46.818+0100] {logging_mixin.py:190} INFO - [2024-10-04T10:26:46.818+0100] {dag.py:4180} INFO - Setting next_dagrun for example_sensors to None, run_after=None
[2024-10-04T10:26:46.824+0100] {processor.py:208} INFO - Processing /opt/miniconda3/envs/airflow/lib/python3.8/site-packages/airflow/example_dags/example_sensors.py took 0.072 seconds
[2024-10-04T10:28:41.906+0100] {processor.py:186} INFO - Started process (PID=21459) to work on /opt/miniconda3/envs/airflow/lib/python3.8/site-packages/airflow/example_dags/example_sensors.py
[2024-10-04T10:28:41.906+0100] {processor.py:914} INFO - Processing file /opt/miniconda3/envs/airflow/lib/python3.8/site-packages/airflow/example_dags/example_sensors.py for tasks to queue
[2024-10-04T10:28:41.906+0100] {logging_mixin.py:190} INFO - [2024-10-04T10:28:41.906+0100] {dagbag.py:588} INFO - Filling up the DagBag from /opt/miniconda3/envs/airflow/lib/python3.8/site-packages/airflow/example_dags/example_sensors.py
[2024-10-04T10:28:41.928+0100] {processor.py:925} INFO - DAG(s) 'example_sensors' retrieved from /opt/miniconda3/envs/airflow/lib/python3.8/site-packages/airflow/example_dags/example_sensors.py
[2024-10-04T10:28:41.958+0100] {logging_mixin.py:190} INFO - [2024-10-04T10:28:41.958+0100] {workday.py:41} WARNING - Could not import pandas. Holidays will not be considered.
[2024-10-04T10:28:41.967+0100] {logging_mixin.py:190} INFO - [2024-10-04T10:28:41.967+0100] {dag.py:3239} INFO - Sync 1 DAGs
[2024-10-04T10:28:41.970+0100] {logging_mixin.py:190} INFO - [2024-10-04T10:28:41.970+0100] {dag.py:4180} INFO - Setting next_dagrun for example_sensors to None, run_after=None
[2024-10-04T10:28:41.976+0100] {processor.py:208} INFO - Processing /opt/miniconda3/envs/airflow/lib/python3.8/site-packages/airflow/example_dags/example_sensors.py took 0.072 seconds
[2024-10-04T10:30:35.354+0100] {processor.py:186} INFO - Started process (PID=21642) to work on /opt/miniconda3/envs/airflow/lib/python3.8/site-packages/airflow/example_dags/example_sensors.py
[2024-10-04T10:30:35.355+0100] {processor.py:914} INFO - Processing file /opt/miniconda3/envs/airflow/lib/python3.8/site-packages/airflow/example_dags/example_sensors.py for tasks to queue
[2024-10-04T10:30:35.356+0100] {logging_mixin.py:190} INFO - [2024-10-04T10:30:35.356+0100] {dagbag.py:588} INFO - Filling up the DagBag from /opt/miniconda3/envs/airflow/lib/python3.8/site-packages/airflow/example_dags/example_sensors.py
[2024-10-04T10:30:35.377+0100] {processor.py:925} INFO - DAG(s) 'example_sensors' retrieved from /opt/miniconda3/envs/airflow/lib/python3.8/site-packages/airflow/example_dags/example_sensors.py
[2024-10-04T10:30:35.407+0100] {logging_mixin.py:190} INFO - [2024-10-04T10:30:35.407+0100] {workday.py:41} WARNING - Could not import pandas. Holidays will not be considered.
[2024-10-04T10:30:35.416+0100] {logging_mixin.py:190} INFO - [2024-10-04T10:30:35.416+0100] {dag.py:3239} INFO - Sync 1 DAGs
[2024-10-04T10:30:35.419+0100] {logging_mixin.py:190} INFO - [2024-10-04T10:30:35.419+0100] {dag.py:4180} INFO - Setting next_dagrun for example_sensors to None, run_after=None
[2024-10-04T10:30:35.425+0100] {processor.py:208} INFO - Processing /opt/miniconda3/envs/airflow/lib/python3.8/site-packages/airflow/example_dags/example_sensors.py took 0.073 seconds
[2024-10-04T10:32:33.212+0100] {processor.py:186} INFO - Started process (PID=21811) to work on /opt/miniconda3/envs/airflow/lib/python3.8/site-packages/airflow/example_dags/example_sensors.py
[2024-10-04T10:32:33.212+0100] {processor.py:914} INFO - Processing file /opt/miniconda3/envs/airflow/lib/python3.8/site-packages/airflow/example_dags/example_sensors.py for tasks to queue
[2024-10-04T10:32:33.213+0100] {logging_mixin.py:190} INFO - [2024-10-04T10:32:33.213+0100] {dagbag.py:588} INFO - Filling up the DagBag from /opt/miniconda3/envs/airflow/lib/python3.8/site-packages/airflow/example_dags/example_sensors.py
[2024-10-04T10:32:33.234+0100] {processor.py:925} INFO - DAG(s) 'example_sensors' retrieved from /opt/miniconda3/envs/airflow/lib/python3.8/site-packages/airflow/example_dags/example_sensors.py
[2024-10-04T10:32:33.264+0100] {logging_mixin.py:190} INFO - [2024-10-04T10:32:33.264+0100] {workday.py:41} WARNING - Could not import pandas. Holidays will not be considered.
[2024-10-04T10:32:33.274+0100] {logging_mixin.py:190} INFO - [2024-10-04T10:32:33.273+0100] {dag.py:3239} INFO - Sync 1 DAGs
[2024-10-04T10:32:33.277+0100] {logging_mixin.py:190} INFO - [2024-10-04T10:32:33.277+0100] {dag.py:4180} INFO - Setting next_dagrun for example_sensors to None, run_after=None
[2024-10-04T10:32:33.283+0100] {processor.py:208} INFO - Processing /opt/miniconda3/envs/airflow/lib/python3.8/site-packages/airflow/example_dags/example_sensors.py took 0.072 seconds
[2024-10-04T10:34:40.757+0100] {processor.py:186} INFO - Started process (PID=21980) to work on /opt/miniconda3/envs/airflow/lib/python3.8/site-packages/airflow/example_dags/example_sensors.py
[2024-10-04T10:34:40.757+0100] {processor.py:914} INFO - Processing file /opt/miniconda3/envs/airflow/lib/python3.8/site-packages/airflow/example_dags/example_sensors.py for tasks to queue
[2024-10-04T10:34:40.758+0100] {logging_mixin.py:190} INFO - [2024-10-04T10:34:40.758+0100] {dagbag.py:588} INFO - Filling up the DagBag from /opt/miniconda3/envs/airflow/lib/python3.8/site-packages/airflow/example_dags/example_sensors.py
[2024-10-04T10:34:40.780+0100] {processor.py:925} INFO - DAG(s) 'example_sensors' retrieved from /opt/miniconda3/envs/airflow/lib/python3.8/site-packages/airflow/example_dags/example_sensors.py
[2024-10-04T10:34:40.810+0100] {logging_mixin.py:190} INFO - [2024-10-04T10:34:40.810+0100] {workday.py:41} WARNING - Could not import pandas. Holidays will not be considered.
[2024-10-04T10:34:40.819+0100] {logging_mixin.py:190} INFO - [2024-10-04T10:34:40.819+0100] {dag.py:3239} INFO - Sync 1 DAGs
[2024-10-04T10:34:40.823+0100] {logging_mixin.py:190} INFO - [2024-10-04T10:34:40.823+0100] {dag.py:4180} INFO - Setting next_dagrun for example_sensors to None, run_after=None
[2024-10-04T10:34:40.829+0100] {processor.py:208} INFO - Processing /opt/miniconda3/envs/airflow/lib/python3.8/site-packages/airflow/example_dags/example_sensors.py took 0.074 seconds
[2024-10-04T10:36:55.070+0100] {processor.py:186} INFO - Started process (PID=22151) to work on /opt/miniconda3/envs/airflow/lib/python3.8/site-packages/airflow/example_dags/example_sensors.py
[2024-10-04T10:36:55.071+0100] {processor.py:914} INFO - Processing file /opt/miniconda3/envs/airflow/lib/python3.8/site-packages/airflow/example_dags/example_sensors.py for tasks to queue
[2024-10-04T10:36:55.071+0100] {logging_mixin.py:190} INFO - [2024-10-04T10:36:55.071+0100] {dagbag.py:588} INFO - Filling up the DagBag from /opt/miniconda3/envs/airflow/lib/python3.8/site-packages/airflow/example_dags/example_sensors.py
[2024-10-04T10:36:55.094+0100] {processor.py:925} INFO - DAG(s) 'example_sensors' retrieved from /opt/miniconda3/envs/airflow/lib/python3.8/site-packages/airflow/example_dags/example_sensors.py
[2024-10-04T10:36:55.125+0100] {logging_mixin.py:190} INFO - [2024-10-04T10:36:55.125+0100] {workday.py:41} WARNING - Could not import pandas. Holidays will not be considered.
[2024-10-04T10:36:55.134+0100] {logging_mixin.py:190} INFO - [2024-10-04T10:36:55.134+0100] {dag.py:3239} INFO - Sync 1 DAGs
[2024-10-04T10:36:55.137+0100] {logging_mixin.py:190} INFO - [2024-10-04T10:36:55.137+0100] {dag.py:4180} INFO - Setting next_dagrun for example_sensors to None, run_after=None
[2024-10-04T10:36:55.143+0100] {processor.py:208} INFO - Processing /opt/miniconda3/envs/airflow/lib/python3.8/site-packages/airflow/example_dags/example_sensors.py took 0.075 seconds
