[2024-10-04T01:02:57.447+0100] {processor.py:186} INFO - Started process (PID=17324) to work on /opt/miniconda3/envs/airflow/lib/python3.8/site-packages/airflow/example_dags/example_branch_day_of_week_operator.py
[2024-10-04T01:02:57.447+0100] {processor.py:914} INFO - Processing file /opt/miniconda3/envs/airflow/lib/python3.8/site-packages/airflow/example_dags/example_branch_day_of_week_operator.py for tasks to queue
[2024-10-04T01:02:57.447+0100] {logging_mixin.py:190} INFO - [2024-10-04T01:02:57.447+0100] {dagbag.py:588} INFO - Filling up the DagBag from /opt/miniconda3/envs/airflow/lib/python3.8/site-packages/airflow/example_dags/example_branch_day_of_week_operator.py
[2024-10-04T01:02:57.469+0100] {processor.py:925} INFO - DAG(s) 'example_weekday_branch_operator' retrieved from /opt/miniconda3/envs/airflow/lib/python3.8/site-packages/airflow/example_dags/example_branch_day_of_week_operator.py
[2024-10-04T01:02:57.502+0100] {logging_mixin.py:190} INFO - [2024-10-04T01:02:57.502+0100] {dag.py:3239} INFO - Sync 1 DAGs
[2024-10-04T01:02:57.508+0100] {logging_mixin.py:190} INFO - [2024-10-04T01:02:57.508+0100] {dag.py:4180} INFO - Setting next_dagrun for example_weekday_branch_operator to 2024-10-03 00:00:00+00:00, run_after=2024-10-04 00:00:00+00:00
[2024-10-04T01:02:57.513+0100] {processor.py:208} INFO - Processing /opt/miniconda3/envs/airflow/lib/python3.8/site-packages/airflow/example_dags/example_branch_day_of_week_operator.py took 0.068 seconds
[2024-10-04T01:56:53.837+0100] {processor.py:186} INFO - Started process (PID=17539) to work on /opt/miniconda3/envs/airflow/lib/python3.8/site-packages/airflow/example_dags/example_branch_day_of_week_operator.py
[2024-10-04T01:56:53.838+0100] {processor.py:914} INFO - Processing file /opt/miniconda3/envs/airflow/lib/python3.8/site-packages/airflow/example_dags/example_branch_day_of_week_operator.py for tasks to queue
[2024-10-04T01:56:53.838+0100] {logging_mixin.py:190} INFO - [2024-10-04T01:56:53.838+0100] {dagbag.py:588} INFO - Filling up the DagBag from /opt/miniconda3/envs/airflow/lib/python3.8/site-packages/airflow/example_dags/example_branch_day_of_week_operator.py
[2024-10-04T01:56:53.857+0100] {processor.py:925} INFO - DAG(s) 'example_weekday_branch_operator' retrieved from /opt/miniconda3/envs/airflow/lib/python3.8/site-packages/airflow/example_dags/example_branch_day_of_week_operator.py
[2024-10-04T01:56:53.890+0100] {logging_mixin.py:190} INFO - [2024-10-04T01:56:53.890+0100] {dag.py:3239} INFO - Sync 1 DAGs
[2024-10-04T01:56:53.895+0100] {logging_mixin.py:190} INFO - [2024-10-04T01:56:53.895+0100] {dag.py:4180} INFO - Setting next_dagrun for example_weekday_branch_operator to 2024-10-03 00:00:00+00:00, run_after=2024-10-04 00:00:00+00:00
[2024-10-04T01:56:53.901+0100] {processor.py:208} INFO - Processing /opt/miniconda3/envs/airflow/lib/python3.8/site-packages/airflow/example_dags/example_branch_day_of_week_operator.py took 0.065 seconds
[2024-10-04T03:51:24.596+0100] {processor.py:186} INFO - Started process (PID=17765) to work on /opt/miniconda3/envs/airflow/lib/python3.8/site-packages/airflow/example_dags/example_branch_day_of_week_operator.py
[2024-10-04T03:51:24.597+0100] {processor.py:914} INFO - Processing file /opt/miniconda3/envs/airflow/lib/python3.8/site-packages/airflow/example_dags/example_branch_day_of_week_operator.py for tasks to queue
[2024-10-04T03:51:24.597+0100] {logging_mixin.py:190} INFO - [2024-10-04T03:51:24.597+0100] {dagbag.py:588} INFO - Filling up the DagBag from /opt/miniconda3/envs/airflow/lib/python3.8/site-packages/airflow/example_dags/example_branch_day_of_week_operator.py
[2024-10-04T03:51:24.617+0100] {processor.py:925} INFO - DAG(s) 'example_weekday_branch_operator' retrieved from /opt/miniconda3/envs/airflow/lib/python3.8/site-packages/airflow/example_dags/example_branch_day_of_week_operator.py
[2024-10-04T03:51:24.649+0100] {logging_mixin.py:190} INFO - [2024-10-04T03:51:24.649+0100] {dag.py:3239} INFO - Sync 1 DAGs
[2024-10-04T03:51:24.655+0100] {logging_mixin.py:190} INFO - [2024-10-04T03:51:24.655+0100] {dag.py:4180} INFO - Setting next_dagrun for example_weekday_branch_operator to 2024-10-03 00:00:00+00:00, run_after=2024-10-04 00:00:00+00:00
[2024-10-04T03:51:24.660+0100] {processor.py:208} INFO - Processing /opt/miniconda3/envs/airflow/lib/python3.8/site-packages/airflow/example_dags/example_branch_day_of_week_operator.py took 0.066 seconds
[2024-10-04T04:32:25.138+0100] {processor.py:186} INFO - Started process (PID=17947) to work on /opt/miniconda3/envs/airflow/lib/python3.8/site-packages/airflow/example_dags/example_branch_day_of_week_operator.py
[2024-10-04T04:32:25.138+0100] {processor.py:914} INFO - Processing file /opt/miniconda3/envs/airflow/lib/python3.8/site-packages/airflow/example_dags/example_branch_day_of_week_operator.py for tasks to queue
[2024-10-04T04:32:25.138+0100] {logging_mixin.py:190} INFO - [2024-10-04T04:32:25.138+0100] {dagbag.py:588} INFO - Filling up the DagBag from /opt/miniconda3/envs/airflow/lib/python3.8/site-packages/airflow/example_dags/example_branch_day_of_week_operator.py
[2024-10-04T04:32:25.157+0100] {processor.py:925} INFO - DAG(s) 'example_weekday_branch_operator' retrieved from /opt/miniconda3/envs/airflow/lib/python3.8/site-packages/airflow/example_dags/example_branch_day_of_week_operator.py
[2024-10-04T04:32:25.191+0100] {logging_mixin.py:190} INFO - [2024-10-04T04:32:25.190+0100] {dag.py:3239} INFO - Sync 1 DAGs
[2024-10-04T04:32:25.196+0100] {logging_mixin.py:190} INFO - [2024-10-04T04:32:25.196+0100] {dag.py:4180} INFO - Setting next_dagrun for example_weekday_branch_operator to 2024-10-03 00:00:00+00:00, run_after=2024-10-04 00:00:00+00:00
[2024-10-04T04:32:25.202+0100] {processor.py:208} INFO - Processing /opt/miniconda3/envs/airflow/lib/python3.8/site-packages/airflow/example_dags/example_branch_day_of_week_operator.py took 0.065 seconds
[2024-10-04T06:14:37.801+0100] {processor.py:186} INFO - Started process (PID=18091) to work on /opt/miniconda3/envs/airflow/lib/python3.8/site-packages/airflow/example_dags/example_branch_day_of_week_operator.py
[2024-10-04T06:14:37.802+0100] {processor.py:914} INFO - Processing file /opt/miniconda3/envs/airflow/lib/python3.8/site-packages/airflow/example_dags/example_branch_day_of_week_operator.py for tasks to queue
[2024-10-04T06:14:37.802+0100] {logging_mixin.py:190} INFO - [2024-10-04T06:14:37.802+0100] {dagbag.py:588} INFO - Filling up the DagBag from /opt/miniconda3/envs/airflow/lib/python3.8/site-packages/airflow/example_dags/example_branch_day_of_week_operator.py
[2024-10-04T06:14:37.822+0100] {processor.py:925} INFO - DAG(s) 'example_weekday_branch_operator' retrieved from /opt/miniconda3/envs/airflow/lib/python3.8/site-packages/airflow/example_dags/example_branch_day_of_week_operator.py
[2024-10-04T06:14:37.855+0100] {logging_mixin.py:190} INFO - [2024-10-04T06:14:37.855+0100] {dag.py:3239} INFO - Sync 1 DAGs
[2024-10-04T06:14:37.860+0100] {logging_mixin.py:190} INFO - [2024-10-04T06:14:37.860+0100] {dag.py:4180} INFO - Setting next_dagrun for example_weekday_branch_operator to 2024-10-03 00:00:00+00:00, run_after=2024-10-04 00:00:00+00:00
[2024-10-04T06:14:37.866+0100] {processor.py:208} INFO - Processing /opt/miniconda3/envs/airflow/lib/python3.8/site-packages/airflow/example_dags/example_branch_day_of_week_operator.py took 0.066 seconds
[2024-10-04T06:16:28.669+0100] {processor.py:186} INFO - Started process (PID=19914) to work on /opt/miniconda3/envs/airflow/lib/python3.8/site-packages/airflow/example_dags/example_branch_day_of_week_operator.py
[2024-10-04T06:16:28.670+0100] {processor.py:914} INFO - Processing file /opt/miniconda3/envs/airflow/lib/python3.8/site-packages/airflow/example_dags/example_branch_day_of_week_operator.py for tasks to queue
[2024-10-04T06:16:28.670+0100] {logging_mixin.py:190} INFO - [2024-10-04T06:16:28.670+0100] {dagbag.py:588} INFO - Filling up the DagBag from /opt/miniconda3/envs/airflow/lib/python3.8/site-packages/airflow/example_dags/example_branch_day_of_week_operator.py
[2024-10-04T06:16:28.689+0100] {processor.py:925} INFO - DAG(s) 'example_weekday_branch_operator' retrieved from /opt/miniconda3/envs/airflow/lib/python3.8/site-packages/airflow/example_dags/example_branch_day_of_week_operator.py
[2024-10-04T06:16:28.722+0100] {logging_mixin.py:190} INFO - [2024-10-04T06:16:28.722+0100] {dag.py:3239} INFO - Sync 1 DAGs
[2024-10-04T06:16:28.727+0100] {logging_mixin.py:190} INFO - [2024-10-04T06:16:28.727+0100] {dag.py:4180} INFO - Setting next_dagrun for example_weekday_branch_operator to 2024-10-03 00:00:00+00:00, run_after=2024-10-04 00:00:00+00:00
[2024-10-04T06:16:28.733+0100] {processor.py:208} INFO - Processing /opt/miniconda3/envs/airflow/lib/python3.8/site-packages/airflow/example_dags/example_branch_day_of_week_operator.py took 0.065 seconds
[2024-10-04T08:39:08.935+0100] {processor.py:186} INFO - Started process (PID=20155) to work on /opt/miniconda3/envs/airflow/lib/python3.8/site-packages/airflow/example_dags/example_branch_day_of_week_operator.py
[2024-10-04T08:39:08.936+0100] {processor.py:914} INFO - Processing file /opt/miniconda3/envs/airflow/lib/python3.8/site-packages/airflow/example_dags/example_branch_day_of_week_operator.py for tasks to queue
[2024-10-04T08:39:08.936+0100] {logging_mixin.py:190} INFO - [2024-10-04T08:39:08.936+0100] {dagbag.py:588} INFO - Filling up the DagBag from /opt/miniconda3/envs/airflow/lib/python3.8/site-packages/airflow/example_dags/example_branch_day_of_week_operator.py
[2024-10-04T08:39:08.956+0100] {processor.py:925} INFO - DAG(s) 'example_weekday_branch_operator' retrieved from /opt/miniconda3/envs/airflow/lib/python3.8/site-packages/airflow/example_dags/example_branch_day_of_week_operator.py
[2024-10-04T08:39:08.988+0100] {logging_mixin.py:190} INFO - [2024-10-04T08:39:08.988+0100] {dag.py:3239} INFO - Sync 1 DAGs
[2024-10-04T08:39:08.994+0100] {logging_mixin.py:190} INFO - [2024-10-04T08:39:08.994+0100] {dag.py:4180} INFO - Setting next_dagrun for example_weekday_branch_operator to 2024-10-03 00:00:00+00:00, run_after=2024-10-04 00:00:00+00:00
[2024-10-04T08:39:08.999+0100] {processor.py:208} INFO - Processing /opt/miniconda3/envs/airflow/lib/python3.8/site-packages/airflow/example_dags/example_branch_day_of_week_operator.py took 0.065 seconds
[2024-10-04T08:40:59.960+0100] {processor.py:186} INFO - Started process (PID=20311) to work on /opt/miniconda3/envs/airflow/lib/python3.8/site-packages/airflow/example_dags/example_branch_day_of_week_operator.py
[2024-10-04T08:40:59.960+0100] {processor.py:914} INFO - Processing file /opt/miniconda3/envs/airflow/lib/python3.8/site-packages/airflow/example_dags/example_branch_day_of_week_operator.py for tasks to queue
[2024-10-04T08:40:59.960+0100] {logging_mixin.py:190} INFO - [2024-10-04T08:40:59.960+0100] {dagbag.py:588} INFO - Filling up the DagBag from /opt/miniconda3/envs/airflow/lib/python3.8/site-packages/airflow/example_dags/example_branch_day_of_week_operator.py
[2024-10-04T08:40:59.980+0100] {processor.py:925} INFO - DAG(s) 'example_weekday_branch_operator' retrieved from /opt/miniconda3/envs/airflow/lib/python3.8/site-packages/airflow/example_dags/example_branch_day_of_week_operator.py
[2024-10-04T08:41:00.013+0100] {logging_mixin.py:190} INFO - [2024-10-04T08:41:00.013+0100] {dag.py:3239} INFO - Sync 1 DAGs
[2024-10-04T08:41:00.018+0100] {logging_mixin.py:190} INFO - [2024-10-04T08:41:00.018+0100] {dag.py:4180} INFO - Setting next_dagrun for example_weekday_branch_operator to 2024-10-03 00:00:00+00:00, run_after=2024-10-04 00:00:00+00:00
[2024-10-04T08:41:00.024+0100] {processor.py:208} INFO - Processing /opt/miniconda3/envs/airflow/lib/python3.8/site-packages/airflow/example_dags/example_branch_day_of_week_operator.py took 0.066 seconds
[2024-10-04T09:41:50.292+0100] {processor.py:186} INFO - Started process (PID=20560) to work on /opt/miniconda3/envs/airflow/lib/python3.8/site-packages/airflow/example_dags/example_branch_day_of_week_operator.py
[2024-10-04T09:41:50.293+0100] {processor.py:914} INFO - Processing file /opt/miniconda3/envs/airflow/lib/python3.8/site-packages/airflow/example_dags/example_branch_day_of_week_operator.py for tasks to queue
[2024-10-04T09:41:50.293+0100] {logging_mixin.py:190} INFO - [2024-10-04T09:41:50.293+0100] {dagbag.py:588} INFO - Filling up the DagBag from /opt/miniconda3/envs/airflow/lib/python3.8/site-packages/airflow/example_dags/example_branch_day_of_week_operator.py
[2024-10-04T09:41:50.313+0100] {processor.py:925} INFO - DAG(s) 'example_weekday_branch_operator' retrieved from /opt/miniconda3/envs/airflow/lib/python3.8/site-packages/airflow/example_dags/example_branch_day_of_week_operator.py
[2024-10-04T09:41:50.345+0100] {logging_mixin.py:190} INFO - [2024-10-04T09:41:50.345+0100] {dag.py:3239} INFO - Sync 1 DAGs
[2024-10-04T09:41:50.351+0100] {logging_mixin.py:190} INFO - [2024-10-04T09:41:50.351+0100] {dag.py:4180} INFO - Setting next_dagrun for example_weekday_branch_operator to 2024-10-03 00:00:00+00:00, run_after=2024-10-04 00:00:00+00:00
[2024-10-04T09:41:50.356+0100] {processor.py:208} INFO - Processing /opt/miniconda3/envs/airflow/lib/python3.8/site-packages/airflow/example_dags/example_branch_day_of_week_operator.py took 0.066 seconds
[2024-10-04T09:43:43.008+0100] {processor.py:186} INFO - Started process (PID=20706) to work on /opt/miniconda3/envs/airflow/lib/python3.8/site-packages/airflow/example_dags/example_branch_day_of_week_operator.py
[2024-10-04T09:43:43.009+0100] {processor.py:914} INFO - Processing file /opt/miniconda3/envs/airflow/lib/python3.8/site-packages/airflow/example_dags/example_branch_day_of_week_operator.py for tasks to queue
[2024-10-04T09:43:43.009+0100] {logging_mixin.py:190} INFO - [2024-10-04T09:43:43.009+0100] {dagbag.py:588} INFO - Filling up the DagBag from /opt/miniconda3/envs/airflow/lib/python3.8/site-packages/airflow/example_dags/example_branch_day_of_week_operator.py
[2024-10-04T09:43:43.028+0100] {processor.py:925} INFO - DAG(s) 'example_weekday_branch_operator' retrieved from /opt/miniconda3/envs/airflow/lib/python3.8/site-packages/airflow/example_dags/example_branch_day_of_week_operator.py
[2024-10-04T09:43:43.060+0100] {logging_mixin.py:190} INFO - [2024-10-04T09:43:43.060+0100] {dag.py:3239} INFO - Sync 1 DAGs
[2024-10-04T09:43:43.066+0100] {logging_mixin.py:190} INFO - [2024-10-04T09:43:43.066+0100] {dag.py:4180} INFO - Setting next_dagrun for example_weekday_branch_operator to 2024-10-03 00:00:00+00:00, run_after=2024-10-04 00:00:00+00:00
[2024-10-04T09:43:43.071+0100] {processor.py:208} INFO - Processing /opt/miniconda3/envs/airflow/lib/python3.8/site-packages/airflow/example_dags/example_branch_day_of_week_operator.py took 0.064 seconds
[2024-10-04T10:20:47.843+0100] {processor.py:186} INFO - Started process (PID=20910) to work on /opt/miniconda3/envs/airflow/lib/python3.8/site-packages/airflow/example_dags/example_branch_day_of_week_operator.py
[2024-10-04T10:20:47.844+0100] {processor.py:914} INFO - Processing file /opt/miniconda3/envs/airflow/lib/python3.8/site-packages/airflow/example_dags/example_branch_day_of_week_operator.py for tasks to queue
[2024-10-04T10:20:47.845+0100] {logging_mixin.py:190} INFO - [2024-10-04T10:20:47.845+0100] {dagbag.py:588} INFO - Filling up the DagBag from /opt/miniconda3/envs/airflow/lib/python3.8/site-packages/airflow/example_dags/example_branch_day_of_week_operator.py
[2024-10-04T10:20:47.864+0100] {processor.py:925} INFO - DAG(s) 'example_weekday_branch_operator' retrieved from /opt/miniconda3/envs/airflow/lib/python3.8/site-packages/airflow/example_dags/example_branch_day_of_week_operator.py
[2024-10-04T10:20:47.897+0100] {logging_mixin.py:190} INFO - [2024-10-04T10:20:47.897+0100] {dag.py:3239} INFO - Sync 1 DAGs
[2024-10-04T10:20:47.902+0100] {logging_mixin.py:190} INFO - [2024-10-04T10:20:47.902+0100] {dag.py:4180} INFO - Setting next_dagrun for example_weekday_branch_operator to 2024-10-03 00:00:00+00:00, run_after=2024-10-04 00:00:00+00:00
[2024-10-04T10:20:47.908+0100] {processor.py:208} INFO - Processing /opt/miniconda3/envs/airflow/lib/python3.8/site-packages/airflow/example_dags/example_branch_day_of_week_operator.py took 0.066 seconds
[2024-10-04T10:22:48.910+0100] {processor.py:186} INFO - Started process (PID=21071) to work on /opt/miniconda3/envs/airflow/lib/python3.8/site-packages/airflow/example_dags/example_branch_day_of_week_operator.py
[2024-10-04T10:22:48.911+0100] {processor.py:914} INFO - Processing file /opt/miniconda3/envs/airflow/lib/python3.8/site-packages/airflow/example_dags/example_branch_day_of_week_operator.py for tasks to queue
[2024-10-04T10:22:48.911+0100] {logging_mixin.py:190} INFO - [2024-10-04T10:22:48.911+0100] {dagbag.py:588} INFO - Filling up the DagBag from /opt/miniconda3/envs/airflow/lib/python3.8/site-packages/airflow/example_dags/example_branch_day_of_week_operator.py
[2024-10-04T10:22:48.930+0100] {processor.py:925} INFO - DAG(s) 'example_weekday_branch_operator' retrieved from /opt/miniconda3/envs/airflow/lib/python3.8/site-packages/airflow/example_dags/example_branch_day_of_week_operator.py
[2024-10-04T10:22:48.963+0100] {logging_mixin.py:190} INFO - [2024-10-04T10:22:48.963+0100] {dag.py:3239} INFO - Sync 1 DAGs
[2024-10-04T10:22:48.968+0100] {logging_mixin.py:190} INFO - [2024-10-04T10:22:48.968+0100] {dag.py:4180} INFO - Setting next_dagrun for example_weekday_branch_operator to 2024-10-03 00:00:00+00:00, run_after=2024-10-04 00:00:00+00:00
[2024-10-04T10:22:48.974+0100] {processor.py:208} INFO - Processing /opt/miniconda3/envs/airflow/lib/python3.8/site-packages/airflow/example_dags/example_branch_day_of_week_operator.py took 0.065 seconds
[2024-10-04T10:26:03.798+0100] {processor.py:186} INFO - Started process (PID=21240) to work on /opt/miniconda3/envs/airflow/lib/python3.8/site-packages/airflow/example_dags/example_branch_day_of_week_operator.py
[2024-10-04T10:26:03.798+0100] {processor.py:914} INFO - Processing file /opt/miniconda3/envs/airflow/lib/python3.8/site-packages/airflow/example_dags/example_branch_day_of_week_operator.py for tasks to queue
[2024-10-04T10:26:03.799+0100] {logging_mixin.py:190} INFO - [2024-10-04T10:26:03.799+0100] {dagbag.py:588} INFO - Filling up the DagBag from /opt/miniconda3/envs/airflow/lib/python3.8/site-packages/airflow/example_dags/example_branch_day_of_week_operator.py
[2024-10-04T10:26:03.819+0100] {processor.py:925} INFO - DAG(s) 'example_weekday_branch_operator' retrieved from /opt/miniconda3/envs/airflow/lib/python3.8/site-packages/airflow/example_dags/example_branch_day_of_week_operator.py
[2024-10-04T10:26:03.852+0100] {logging_mixin.py:190} INFO - [2024-10-04T10:26:03.852+0100] {dag.py:3239} INFO - Sync 1 DAGs
[2024-10-04T10:26:03.858+0100] {logging_mixin.py:190} INFO - [2024-10-04T10:26:03.857+0100] {dag.py:4180} INFO - Setting next_dagrun for example_weekday_branch_operator to 2024-10-03 00:00:00+00:00, run_after=2024-10-04 00:00:00+00:00
[2024-10-04T10:26:03.863+0100] {processor.py:208} INFO - Processing /opt/miniconda3/envs/airflow/lib/python3.8/site-packages/airflow/example_dags/example_branch_day_of_week_operator.py took 0.067 seconds
[2024-10-04T10:27:57.760+0100] {processor.py:186} INFO - Started process (PID=21393) to work on /opt/miniconda3/envs/airflow/lib/python3.8/site-packages/airflow/example_dags/example_branch_day_of_week_operator.py
[2024-10-04T10:27:57.762+0100] {processor.py:914} INFO - Processing file /opt/miniconda3/envs/airflow/lib/python3.8/site-packages/airflow/example_dags/example_branch_day_of_week_operator.py for tasks to queue
[2024-10-04T10:27:57.762+0100] {logging_mixin.py:190} INFO - [2024-10-04T10:27:57.762+0100] {dagbag.py:588} INFO - Filling up the DagBag from /opt/miniconda3/envs/airflow/lib/python3.8/site-packages/airflow/example_dags/example_branch_day_of_week_operator.py
[2024-10-04T10:27:57.784+0100] {processor.py:925} INFO - DAG(s) 'example_weekday_branch_operator' retrieved from /opt/miniconda3/envs/airflow/lib/python3.8/site-packages/airflow/example_dags/example_branch_day_of_week_operator.py
[2024-10-04T10:27:57.816+0100] {logging_mixin.py:190} INFO - [2024-10-04T10:27:57.816+0100] {dag.py:3239} INFO - Sync 1 DAGs
[2024-10-04T10:27:57.822+0100] {logging_mixin.py:190} INFO - [2024-10-04T10:27:57.822+0100] {dag.py:4180} INFO - Setting next_dagrun for example_weekday_branch_operator to 2024-10-03 00:00:00+00:00, run_after=2024-10-04 00:00:00+00:00
[2024-10-04T10:27:57.827+0100] {processor.py:208} INFO - Processing /opt/miniconda3/envs/airflow/lib/python3.8/site-packages/airflow/example_dags/example_branch_day_of_week_operator.py took 0.068 seconds
[2024-10-04T10:29:53.616+0100] {processor.py:186} INFO - Started process (PID=21582) to work on /opt/miniconda3/envs/airflow/lib/python3.8/site-packages/airflow/example_dags/example_branch_day_of_week_operator.py
[2024-10-04T10:29:53.617+0100] {processor.py:914} INFO - Processing file /opt/miniconda3/envs/airflow/lib/python3.8/site-packages/airflow/example_dags/example_branch_day_of_week_operator.py for tasks to queue
[2024-10-04T10:29:53.617+0100] {logging_mixin.py:190} INFO - [2024-10-04T10:29:53.617+0100] {dagbag.py:588} INFO - Filling up the DagBag from /opt/miniconda3/envs/airflow/lib/python3.8/site-packages/airflow/example_dags/example_branch_day_of_week_operator.py
[2024-10-04T10:29:53.637+0100] {processor.py:925} INFO - DAG(s) 'example_weekday_branch_operator' retrieved from /opt/miniconda3/envs/airflow/lib/python3.8/site-packages/airflow/example_dags/example_branch_day_of_week_operator.py
[2024-10-04T10:29:53.670+0100] {logging_mixin.py:190} INFO - [2024-10-04T10:29:53.670+0100] {dag.py:3239} INFO - Sync 1 DAGs
[2024-10-04T10:29:53.675+0100] {logging_mixin.py:190} INFO - [2024-10-04T10:29:53.675+0100] {dag.py:4180} INFO - Setting next_dagrun for example_weekday_branch_operator to 2024-10-03 00:00:00+00:00, run_after=2024-10-04 00:00:00+00:00
[2024-10-04T10:29:53.681+0100] {processor.py:208} INFO - Processing /opt/miniconda3/envs/airflow/lib/python3.8/site-packages/airflow/example_dags/example_branch_day_of_week_operator.py took 0.067 seconds
[2024-10-04T10:31:48.651+0100] {processor.py:186} INFO - Started process (PID=21750) to work on /opt/miniconda3/envs/airflow/lib/python3.8/site-packages/airflow/example_dags/example_branch_day_of_week_operator.py
[2024-10-04T10:31:48.651+0100] {processor.py:914} INFO - Processing file /opt/miniconda3/envs/airflow/lib/python3.8/site-packages/airflow/example_dags/example_branch_day_of_week_operator.py for tasks to queue
[2024-10-04T10:31:48.651+0100] {logging_mixin.py:190} INFO - [2024-10-04T10:31:48.651+0100] {dagbag.py:588} INFO - Filling up the DagBag from /opt/miniconda3/envs/airflow/lib/python3.8/site-packages/airflow/example_dags/example_branch_day_of_week_operator.py
[2024-10-04T10:31:48.671+0100] {processor.py:925} INFO - DAG(s) 'example_weekday_branch_operator' retrieved from /opt/miniconda3/envs/airflow/lib/python3.8/site-packages/airflow/example_dags/example_branch_day_of_week_operator.py
[2024-10-04T10:31:48.704+0100] {logging_mixin.py:190} INFO - [2024-10-04T10:31:48.704+0100] {dag.py:3239} INFO - Sync 1 DAGs
[2024-10-04T10:31:48.710+0100] {logging_mixin.py:190} INFO - [2024-10-04T10:31:48.710+0100] {dag.py:4180} INFO - Setting next_dagrun for example_weekday_branch_operator to 2024-10-03 00:00:00+00:00, run_after=2024-10-04 00:00:00+00:00
[2024-10-04T10:31:48.715+0100] {processor.py:208} INFO - Processing /opt/miniconda3/envs/airflow/lib/python3.8/site-packages/airflow/example_dags/example_branch_day_of_week_operator.py took 0.066 seconds
[2024-10-04T10:33:52.729+0100] {processor.py:186} INFO - Started process (PID=21920) to work on /opt/miniconda3/envs/airflow/lib/python3.8/site-packages/airflow/example_dags/example_branch_day_of_week_operator.py
[2024-10-04T10:33:52.729+0100] {processor.py:914} INFO - Processing file /opt/miniconda3/envs/airflow/lib/python3.8/site-packages/airflow/example_dags/example_branch_day_of_week_operator.py for tasks to queue
[2024-10-04T10:33:52.730+0100] {logging_mixin.py:190} INFO - [2024-10-04T10:33:52.730+0100] {dagbag.py:588} INFO - Filling up the DagBag from /opt/miniconda3/envs/airflow/lib/python3.8/site-packages/airflow/example_dags/example_branch_day_of_week_operator.py
[2024-10-04T10:33:52.751+0100] {processor.py:925} INFO - DAG(s) 'example_weekday_branch_operator' retrieved from /opt/miniconda3/envs/airflow/lib/python3.8/site-packages/airflow/example_dags/example_branch_day_of_week_operator.py
[2024-10-04T10:33:52.783+0100] {logging_mixin.py:190} INFO - [2024-10-04T10:33:52.783+0100] {dag.py:3239} INFO - Sync 1 DAGs
[2024-10-04T10:33:52.789+0100] {logging_mixin.py:190} INFO - [2024-10-04T10:33:52.789+0100] {dag.py:4180} INFO - Setting next_dagrun for example_weekday_branch_operator to 2024-10-03 00:00:00+00:00, run_after=2024-10-04 00:00:00+00:00
[2024-10-04T10:33:52.795+0100] {processor.py:208} INFO - Processing /opt/miniconda3/envs/airflow/lib/python3.8/site-packages/airflow/example_dags/example_branch_day_of_week_operator.py took 0.067 seconds
[2024-10-04T10:36:07.194+0100] {processor.py:186} INFO - Started process (PID=22091) to work on /opt/miniconda3/envs/airflow/lib/python3.8/site-packages/airflow/example_dags/example_branch_day_of_week_operator.py
[2024-10-04T10:36:07.194+0100] {processor.py:914} INFO - Processing file /opt/miniconda3/envs/airflow/lib/python3.8/site-packages/airflow/example_dags/example_branch_day_of_week_operator.py for tasks to queue
[2024-10-04T10:36:07.194+0100] {logging_mixin.py:190} INFO - [2024-10-04T10:36:07.194+0100] {dagbag.py:588} INFO - Filling up the DagBag from /opt/miniconda3/envs/airflow/lib/python3.8/site-packages/airflow/example_dags/example_branch_day_of_week_operator.py
[2024-10-04T10:36:07.214+0100] {processor.py:925} INFO - DAG(s) 'example_weekday_branch_operator' retrieved from /opt/miniconda3/envs/airflow/lib/python3.8/site-packages/airflow/example_dags/example_branch_day_of_week_operator.py
[2024-10-04T10:36:07.247+0100] {logging_mixin.py:190} INFO - [2024-10-04T10:36:07.247+0100] {dag.py:3239} INFO - Sync 1 DAGs
[2024-10-04T10:36:07.252+0100] {logging_mixin.py:190} INFO - [2024-10-04T10:36:07.252+0100] {dag.py:4180} INFO - Setting next_dagrun for example_weekday_branch_operator to 2024-10-03 00:00:00+00:00, run_after=2024-10-04 00:00:00+00:00
[2024-10-04T10:36:07.258+0100] {processor.py:208} INFO - Processing /opt/miniconda3/envs/airflow/lib/python3.8/site-packages/airflow/example_dags/example_branch_day_of_week_operator.py took 0.066 seconds
