[2024-10-04T01:55:19.636+0100] {processor.py:186} INFO - Started process (PID=17422) to work on /opt/miniconda3/envs/airflow/lib/python3.8/site-packages/airflow/example_dags/example_latest_only_with_trigger.py
[2024-10-04T01:55:19.636+0100] {processor.py:914} INFO - Processing file /opt/miniconda3/envs/airflow/lib/python3.8/site-packages/airflow/example_dags/example_latest_only_with_trigger.py for tasks to queue
[2024-10-04T01:55:19.636+0100] {logging_mixin.py:190} INFO - [2024-10-04T01:55:19.636+0100] {dagbag.py:588} INFO - Filling up the DagBag from /opt/miniconda3/envs/airflow/lib/python3.8/site-packages/airflow/example_dags/example_latest_only_with_trigger.py
[2024-10-04T01:55:19.655+0100] {processor.py:925} INFO - DAG(s) 'latest_only_with_trigger' retrieved from /opt/miniconda3/envs/airflow/lib/python3.8/site-packages/airflow/example_dags/example_latest_only_with_trigger.py
[2024-10-04T01:55:19.688+0100] {logging_mixin.py:190} INFO - [2024-10-04T01:55:19.688+0100] {dag.py:3239} INFO - Sync 1 DAGs
[2024-10-04T01:55:19.693+0100] {logging_mixin.py:190} INFO - [2024-10-04T01:55:19.693+0100] {dag.py:4180} INFO - Setting next_dagrun for latest_only_with_trigger to 2024-10-03 20:00:00+00:00, run_after=2024-10-04 00:00:00+00:00
[2024-10-04T01:55:19.698+0100] {processor.py:208} INFO - Processing /opt/miniconda3/envs/airflow/lib/python3.8/site-packages/airflow/example_dags/example_latest_only_with_trigger.py took 0.064 seconds
[2024-10-04T01:56:50.448+0100] {processor.py:186} INFO - Started process (PID=17535) to work on /opt/miniconda3/envs/airflow/lib/python3.8/site-packages/airflow/example_dags/example_latest_only_with_trigger.py
[2024-10-04T01:56:50.448+0100] {processor.py:914} INFO - Processing file /opt/miniconda3/envs/airflow/lib/python3.8/site-packages/airflow/example_dags/example_latest_only_with_trigger.py for tasks to queue
[2024-10-04T01:56:50.448+0100] {logging_mixin.py:190} INFO - [2024-10-04T01:56:50.448+0100] {dagbag.py:588} INFO - Filling up the DagBag from /opt/miniconda3/envs/airflow/lib/python3.8/site-packages/airflow/example_dags/example_latest_only_with_trigger.py
[2024-10-04T01:56:50.466+0100] {processor.py:925} INFO - DAG(s) 'latest_only_with_trigger' retrieved from /opt/miniconda3/envs/airflow/lib/python3.8/site-packages/airflow/example_dags/example_latest_only_with_trigger.py
[2024-10-04T01:56:50.499+0100] {logging_mixin.py:190} INFO - [2024-10-04T01:56:50.499+0100] {dag.py:3239} INFO - Sync 1 DAGs
[2024-10-04T01:56:50.504+0100] {logging_mixin.py:190} INFO - [2024-10-04T01:56:50.504+0100] {dag.py:4180} INFO - Setting next_dagrun for latest_only_with_trigger to 2024-10-03 20:00:00+00:00, run_after=2024-10-04 00:00:00+00:00
[2024-10-04T01:56:50.510+0100] {processor.py:208} INFO - Processing /opt/miniconda3/envs/airflow/lib/python3.8/site-packages/airflow/example_dags/example_latest_only_with_trigger.py took 0.063 seconds
[2024-10-04T03:50:56.936+0100] {processor.py:186} INFO - Started process (PID=17730) to work on /opt/miniconda3/envs/airflow/lib/python3.8/site-packages/airflow/example_dags/example_latest_only_with_trigger.py
[2024-10-04T03:50:56.937+0100] {processor.py:914} INFO - Processing file /opt/miniconda3/envs/airflow/lib/python3.8/site-packages/airflow/example_dags/example_latest_only_with_trigger.py for tasks to queue
[2024-10-04T03:50:56.937+0100] {logging_mixin.py:190} INFO - [2024-10-04T03:50:56.937+0100] {dagbag.py:588} INFO - Filling up the DagBag from /opt/miniconda3/envs/airflow/lib/python3.8/site-packages/airflow/example_dags/example_latest_only_with_trigger.py
[2024-10-04T03:50:56.956+0100] {processor.py:925} INFO - DAG(s) 'latest_only_with_trigger' retrieved from /opt/miniconda3/envs/airflow/lib/python3.8/site-packages/airflow/example_dags/example_latest_only_with_trigger.py
[2024-10-04T03:50:56.988+0100] {logging_mixin.py:190} INFO - [2024-10-04T03:50:56.988+0100] {dag.py:3239} INFO - Sync 1 DAGs
[2024-10-04T03:50:56.994+0100] {logging_mixin.py:190} INFO - [2024-10-04T03:50:56.994+0100] {dag.py:4180} INFO - Setting next_dagrun for latest_only_with_trigger to 2024-10-03 20:00:00+00:00, run_after=2024-10-04 00:00:00+00:00
[2024-10-04T03:50:56.999+0100] {processor.py:208} INFO - Processing /opt/miniconda3/envs/airflow/lib/python3.8/site-packages/airflow/example_dags/example_latest_only_with_trigger.py took 0.064 seconds
[2024-10-04T03:52:29.835+0100] {processor.py:186} INFO - Started process (PID=17847) to work on /opt/miniconda3/envs/airflow/lib/python3.8/site-packages/airflow/example_dags/example_latest_only_with_trigger.py
[2024-10-04T03:52:29.835+0100] {processor.py:914} INFO - Processing file /opt/miniconda3/envs/airflow/lib/python3.8/site-packages/airflow/example_dags/example_latest_only_with_trigger.py for tasks to queue
[2024-10-04T03:52:29.836+0100] {logging_mixin.py:190} INFO - [2024-10-04T03:52:29.836+0100] {dagbag.py:588} INFO - Filling up the DagBag from /opt/miniconda3/envs/airflow/lib/python3.8/site-packages/airflow/example_dags/example_latest_only_with_trigger.py
[2024-10-04T03:52:29.854+0100] {processor.py:925} INFO - DAG(s) 'latest_only_with_trigger' retrieved from /opt/miniconda3/envs/airflow/lib/python3.8/site-packages/airflow/example_dags/example_latest_only_with_trigger.py
[2024-10-04T03:52:29.886+0100] {logging_mixin.py:190} INFO - [2024-10-04T03:52:29.886+0100] {dag.py:3239} INFO - Sync 1 DAGs
[2024-10-04T03:52:29.891+0100] {logging_mixin.py:190} INFO - [2024-10-04T03:52:29.891+0100] {dag.py:4180} INFO - Setting next_dagrun for latest_only_with_trigger to 2024-10-03 20:00:00+00:00, run_after=2024-10-04 00:00:00+00:00
[2024-10-04T03:52:29.897+0100] {processor.py:208} INFO - Processing /opt/miniconda3/envs/airflow/lib/python3.8/site-packages/airflow/example_dags/example_latest_only_with_trigger.py took 0.063 seconds
[2024-10-04T06:14:11.885+0100] {processor.py:186} INFO - Started process (PID=18053) to work on /opt/miniconda3/envs/airflow/lib/python3.8/site-packages/airflow/example_dags/example_latest_only_with_trigger.py
[2024-10-04T06:14:11.886+0100] {processor.py:914} INFO - Processing file /opt/miniconda3/envs/airflow/lib/python3.8/site-packages/airflow/example_dags/example_latest_only_with_trigger.py for tasks to queue
[2024-10-04T06:14:11.886+0100] {logging_mixin.py:190} INFO - [2024-10-04T06:14:11.886+0100] {dagbag.py:588} INFO - Filling up the DagBag from /opt/miniconda3/envs/airflow/lib/python3.8/site-packages/airflow/example_dags/example_latest_only_with_trigger.py
[2024-10-04T06:14:11.905+0100] {processor.py:925} INFO - DAG(s) 'latest_only_with_trigger' retrieved from /opt/miniconda3/envs/airflow/lib/python3.8/site-packages/airflow/example_dags/example_latest_only_with_trigger.py
[2024-10-04T06:14:11.937+0100] {logging_mixin.py:190} INFO - [2024-10-04T06:14:11.937+0100] {dag.py:3239} INFO - Sync 1 DAGs
[2024-10-04T06:14:11.942+0100] {logging_mixin.py:190} INFO - [2024-10-04T06:14:11.942+0100] {dag.py:4180} INFO - Setting next_dagrun for latest_only_with_trigger to 2024-10-04 00:00:00+00:00, run_after=2024-10-04 04:00:00+00:00
[2024-10-04T06:14:11.948+0100] {processor.py:208} INFO - Processing /opt/miniconda3/envs/airflow/lib/python3.8/site-packages/airflow/example_dags/example_latest_only_with_trigger.py took 0.065 seconds
[2024-10-04T06:16:02.960+0100] {processor.py:186} INFO - Started process (PID=19861) to work on /opt/miniconda3/envs/airflow/lib/python3.8/site-packages/airflow/example_dags/example_latest_only_with_trigger.py
[2024-10-04T06:16:02.961+0100] {processor.py:914} INFO - Processing file /opt/miniconda3/envs/airflow/lib/python3.8/site-packages/airflow/example_dags/example_latest_only_with_trigger.py for tasks to queue
[2024-10-04T06:16:02.962+0100] {logging_mixin.py:190} INFO - [2024-10-04T06:16:02.962+0100] {dagbag.py:588} INFO - Filling up the DagBag from /opt/miniconda3/envs/airflow/lib/python3.8/site-packages/airflow/example_dags/example_latest_only_with_trigger.py
[2024-10-04T06:16:02.980+0100] {processor.py:925} INFO - DAG(s) 'latest_only_with_trigger' retrieved from /opt/miniconda3/envs/airflow/lib/python3.8/site-packages/airflow/example_dags/example_latest_only_with_trigger.py
[2024-10-04T06:16:03.013+0100] {logging_mixin.py:190} INFO - [2024-10-04T06:16:03.012+0100] {dag.py:3239} INFO - Sync 1 DAGs
[2024-10-04T06:16:03.018+0100] {logging_mixin.py:190} INFO - [2024-10-04T06:16:03.018+0100] {dag.py:4180} INFO - Setting next_dagrun for latest_only_with_trigger to 2024-10-04 00:00:00+00:00, run_after=2024-10-04 04:00:00+00:00
[2024-10-04T06:16:03.023+0100] {processor.py:208} INFO - Processing /opt/miniconda3/envs/airflow/lib/python3.8/site-packages/airflow/example_dags/example_latest_only_with_trigger.py took 0.064 seconds
[2024-10-04T08:38:42.623+0100] {processor.py:186} INFO - Started process (PID=20120) to work on /opt/miniconda3/envs/airflow/lib/python3.8/site-packages/airflow/example_dags/example_latest_only_with_trigger.py
[2024-10-04T08:38:42.623+0100] {processor.py:914} INFO - Processing file /opt/miniconda3/envs/airflow/lib/python3.8/site-packages/airflow/example_dags/example_latest_only_with_trigger.py for tasks to queue
[2024-10-04T08:38:42.624+0100] {logging_mixin.py:190} INFO - [2024-10-04T08:38:42.624+0100] {dagbag.py:588} INFO - Filling up the DagBag from /opt/miniconda3/envs/airflow/lib/python3.8/site-packages/airflow/example_dags/example_latest_only_with_trigger.py
[2024-10-04T08:38:42.642+0100] {processor.py:925} INFO - DAG(s) 'latest_only_with_trigger' retrieved from /opt/miniconda3/envs/airflow/lib/python3.8/site-packages/airflow/example_dags/example_latest_only_with_trigger.py
[2024-10-04T08:38:42.675+0100] {logging_mixin.py:190} INFO - [2024-10-04T08:38:42.674+0100] {dag.py:3239} INFO - Sync 1 DAGs
[2024-10-04T08:38:42.680+0100] {logging_mixin.py:190} INFO - [2024-10-04T08:38:42.680+0100] {dag.py:4180} INFO - Setting next_dagrun for latest_only_with_trigger to 2024-10-04 00:00:00+00:00, run_after=2024-10-04 04:00:00+00:00
[2024-10-04T08:38:42.685+0100] {processor.py:208} INFO - Processing /opt/miniconda3/envs/airflow/lib/python3.8/site-packages/airflow/example_dags/example_latest_only_with_trigger.py took 0.063 seconds
[2024-10-04T08:40:33.590+0100] {processor.py:186} INFO - Started process (PID=20271) to work on /opt/miniconda3/envs/airflow/lib/python3.8/site-packages/airflow/example_dags/example_latest_only_with_trigger.py
[2024-10-04T08:40:33.590+0100] {processor.py:914} INFO - Processing file /opt/miniconda3/envs/airflow/lib/python3.8/site-packages/airflow/example_dags/example_latest_only_with_trigger.py for tasks to queue
[2024-10-04T08:40:33.591+0100] {logging_mixin.py:190} INFO - [2024-10-04T08:40:33.591+0100] {dagbag.py:588} INFO - Filling up the DagBag from /opt/miniconda3/envs/airflow/lib/python3.8/site-packages/airflow/example_dags/example_latest_only_with_trigger.py
[2024-10-04T08:40:33.609+0100] {processor.py:925} INFO - DAG(s) 'latest_only_with_trigger' retrieved from /opt/miniconda3/envs/airflow/lib/python3.8/site-packages/airflow/example_dags/example_latest_only_with_trigger.py
[2024-10-04T08:40:33.641+0100] {logging_mixin.py:190} INFO - [2024-10-04T08:40:33.641+0100] {dag.py:3239} INFO - Sync 1 DAGs
[2024-10-04T08:40:33.646+0100] {logging_mixin.py:190} INFO - [2024-10-04T08:40:33.646+0100] {dag.py:4180} INFO - Setting next_dagrun for latest_only_with_trigger to 2024-10-04 00:00:00+00:00, run_after=2024-10-04 04:00:00+00:00
[2024-10-04T08:40:33.652+0100] {processor.py:208} INFO - Processing /opt/miniconda3/envs/airflow/lib/python3.8/site-packages/airflow/example_dags/example_latest_only_with_trigger.py took 0.063 seconds
[2024-10-04T09:41:23.736+0100] {processor.py:186} INFO - Started process (PID=20515) to work on /opt/miniconda3/envs/airflow/lib/python3.8/site-packages/airflow/example_dags/example_latest_only_with_trigger.py
[2024-10-04T09:41:23.738+0100] {processor.py:914} INFO - Processing file /opt/miniconda3/envs/airflow/lib/python3.8/site-packages/airflow/example_dags/example_latest_only_with_trigger.py for tasks to queue
[2024-10-04T09:41:23.738+0100] {logging_mixin.py:190} INFO - [2024-10-04T09:41:23.738+0100] {dagbag.py:588} INFO - Filling up the DagBag from /opt/miniconda3/envs/airflow/lib/python3.8/site-packages/airflow/example_dags/example_latest_only_with_trigger.py
[2024-10-04T09:41:23.757+0100] {processor.py:925} INFO - DAG(s) 'latest_only_with_trigger' retrieved from /opt/miniconda3/envs/airflow/lib/python3.8/site-packages/airflow/example_dags/example_latest_only_with_trigger.py
[2024-10-04T09:41:23.791+0100] {logging_mixin.py:190} INFO - [2024-10-04T09:41:23.791+0100] {dag.py:3239} INFO - Sync 1 DAGs
[2024-10-04T09:41:23.797+0100] {logging_mixin.py:190} INFO - [2024-10-04T09:41:23.797+0100] {dag.py:4180} INFO - Setting next_dagrun for latest_only_with_trigger to 2024-10-04 04:00:00+00:00, run_after=2024-10-04 08:00:00+00:00
[2024-10-04T09:41:23.803+0100] {processor.py:208} INFO - Processing /opt/miniconda3/envs/airflow/lib/python3.8/site-packages/airflow/example_dags/example_latest_only_with_trigger.py took 0.068 seconds
[2024-10-04T09:42:49.441+0100] {processor.py:186} INFO - Started process (PID=20636) to work on /opt/miniconda3/envs/airflow/lib/python3.8/site-packages/airflow/example_dags/example_latest_only_with_trigger.py
[2024-10-04T09:42:49.442+0100] {processor.py:914} INFO - Processing file /opt/miniconda3/envs/airflow/lib/python3.8/site-packages/airflow/example_dags/example_latest_only_with_trigger.py for tasks to queue
[2024-10-04T09:42:49.442+0100] {logging_mixin.py:190} INFO - [2024-10-04T09:42:49.442+0100] {dagbag.py:588} INFO - Filling up the DagBag from /opt/miniconda3/envs/airflow/lib/python3.8/site-packages/airflow/example_dags/example_latest_only_with_trigger.py
[2024-10-04T09:42:49.460+0100] {processor.py:925} INFO - DAG(s) 'latest_only_with_trigger' retrieved from /opt/miniconda3/envs/airflow/lib/python3.8/site-packages/airflow/example_dags/example_latest_only_with_trigger.py
[2024-10-04T09:42:49.493+0100] {logging_mixin.py:190} INFO - [2024-10-04T09:42:49.493+0100] {dag.py:3239} INFO - Sync 1 DAGs
[2024-10-04T09:42:49.498+0100] {logging_mixin.py:190} INFO - [2024-10-04T09:42:49.498+0100] {dag.py:4180} INFO - Setting next_dagrun for latest_only_with_trigger to 2024-10-04 04:00:00+00:00, run_after=2024-10-04 08:00:00+00:00
[2024-10-04T09:42:49.503+0100] {processor.py:208} INFO - Processing /opt/miniconda3/envs/airflow/lib/python3.8/site-packages/airflow/example_dags/example_latest_only_with_trigger.py took 0.064 seconds
[2024-10-04T10:19:39.939+0100] {processor.py:186} INFO - Started process (PID=20814) to work on /opt/miniconda3/envs/airflow/lib/python3.8/site-packages/airflow/example_dags/example_latest_only_with_trigger.py
[2024-10-04T10:19:39.940+0100] {processor.py:914} INFO - Processing file /opt/miniconda3/envs/airflow/lib/python3.8/site-packages/airflow/example_dags/example_latest_only_with_trigger.py for tasks to queue
[2024-10-04T10:19:39.941+0100] {logging_mixin.py:190} INFO - [2024-10-04T10:19:39.941+0100] {dagbag.py:588} INFO - Filling up the DagBag from /opt/miniconda3/envs/airflow/lib/python3.8/site-packages/airflow/example_dags/example_latest_only_with_trigger.py
[2024-10-04T10:19:39.960+0100] {processor.py:925} INFO - DAG(s) 'latest_only_with_trigger' retrieved from /opt/miniconda3/envs/airflow/lib/python3.8/site-packages/airflow/example_dags/example_latest_only_with_trigger.py
[2024-10-04T10:19:39.992+0100] {logging_mixin.py:190} INFO - [2024-10-04T10:19:39.992+0100] {dag.py:3239} INFO - Sync 1 DAGs
[2024-10-04T10:19:39.998+0100] {logging_mixin.py:190} INFO - [2024-10-04T10:19:39.998+0100] {dag.py:4180} INFO - Setting next_dagrun for latest_only_with_trigger to 2024-10-04 04:00:00+00:00, run_after=2024-10-04 08:00:00+00:00
[2024-10-04T10:19:40.003+0100] {processor.py:208} INFO - Processing /opt/miniconda3/envs/airflow/lib/python3.8/site-packages/airflow/example_dags/example_latest_only_with_trigger.py took 0.066 seconds
[2024-10-04T10:21:46.461+0100] {processor.py:186} INFO - Started process (PID=20991) to work on /opt/miniconda3/envs/airflow/lib/python3.8/site-packages/airflow/example_dags/example_latest_only_with_trigger.py
[2024-10-04T10:21:46.462+0100] {processor.py:914} INFO - Processing file /opt/miniconda3/envs/airflow/lib/python3.8/site-packages/airflow/example_dags/example_latest_only_with_trigger.py for tasks to queue
[2024-10-04T10:21:46.463+0100] {logging_mixin.py:190} INFO - [2024-10-04T10:21:46.462+0100] {dagbag.py:588} INFO - Filling up the DagBag from /opt/miniconda3/envs/airflow/lib/python3.8/site-packages/airflow/example_dags/example_latest_only_with_trigger.py
[2024-10-04T10:21:46.483+0100] {processor.py:925} INFO - DAG(s) 'latest_only_with_trigger' retrieved from /opt/miniconda3/envs/airflow/lib/python3.8/site-packages/airflow/example_dags/example_latest_only_with_trigger.py
[2024-10-04T10:21:46.516+0100] {logging_mixin.py:190} INFO - [2024-10-04T10:21:46.516+0100] {dag.py:3239} INFO - Sync 1 DAGs
[2024-10-04T10:21:46.521+0100] {logging_mixin.py:190} INFO - [2024-10-04T10:21:46.521+0100] {dag.py:4180} INFO - Setting next_dagrun for latest_only_with_trigger to 2024-10-04 04:00:00+00:00, run_after=2024-10-04 08:00:00+00:00
[2024-10-04T10:21:46.526+0100] {processor.py:208} INFO - Processing /opt/miniconda3/envs/airflow/lib/python3.8/site-packages/airflow/example_dags/example_latest_only_with_trigger.py took 0.067 seconds
[2024-10-04T10:25:07.197+0100] {processor.py:186} INFO - Started process (PID=21165) to work on /opt/miniconda3/envs/airflow/lib/python3.8/site-packages/airflow/example_dags/example_latest_only_with_trigger.py
[2024-10-04T10:25:07.198+0100] {processor.py:914} INFO - Processing file /opt/miniconda3/envs/airflow/lib/python3.8/site-packages/airflow/example_dags/example_latest_only_with_trigger.py for tasks to queue
[2024-10-04T10:25:07.199+0100] {logging_mixin.py:190} INFO - [2024-10-04T10:25:07.198+0100] {dagbag.py:588} INFO - Filling up the DagBag from /opt/miniconda3/envs/airflow/lib/python3.8/site-packages/airflow/example_dags/example_latest_only_with_trigger.py
[2024-10-04T10:25:07.221+0100] {processor.py:925} INFO - DAG(s) 'latest_only_with_trigger' retrieved from /opt/miniconda3/envs/airflow/lib/python3.8/site-packages/airflow/example_dags/example_latest_only_with_trigger.py
[2024-10-04T10:25:07.256+0100] {logging_mixin.py:190} INFO - [2024-10-04T10:25:07.256+0100] {dag.py:3239} INFO - Sync 1 DAGs
[2024-10-04T10:25:07.262+0100] {logging_mixin.py:190} INFO - [2024-10-04T10:25:07.262+0100] {dag.py:4180} INFO - Setting next_dagrun for latest_only_with_trigger to 2024-10-04 04:00:00+00:00, run_after=2024-10-04 08:00:00+00:00
[2024-10-04T10:25:07.268+0100] {processor.py:208} INFO - Processing /opt/miniconda3/envs/airflow/lib/python3.8/site-packages/airflow/example_dags/example_latest_only_with_trigger.py took 0.073 seconds
[2024-10-04T10:27:02.733+0100] {processor.py:186} INFO - Started process (PID=21318) to work on /opt/miniconda3/envs/airflow/lib/python3.8/site-packages/airflow/example_dags/example_latest_only_with_trigger.py
[2024-10-04T10:27:02.734+0100] {processor.py:914} INFO - Processing file /opt/miniconda3/envs/airflow/lib/python3.8/site-packages/airflow/example_dags/example_latest_only_with_trigger.py for tasks to queue
[2024-10-04T10:27:02.734+0100] {logging_mixin.py:190} INFO - [2024-10-04T10:27:02.734+0100] {dagbag.py:588} INFO - Filling up the DagBag from /opt/miniconda3/envs/airflow/lib/python3.8/site-packages/airflow/example_dags/example_latest_only_with_trigger.py
[2024-10-04T10:27:02.753+0100] {processor.py:925} INFO - DAG(s) 'latest_only_with_trigger' retrieved from /opt/miniconda3/envs/airflow/lib/python3.8/site-packages/airflow/example_dags/example_latest_only_with_trigger.py
[2024-10-04T10:27:02.786+0100] {logging_mixin.py:190} INFO - [2024-10-04T10:27:02.785+0100] {dag.py:3239} INFO - Sync 1 DAGs
[2024-10-04T10:27:02.791+0100] {logging_mixin.py:190} INFO - [2024-10-04T10:27:02.791+0100] {dag.py:4180} INFO - Setting next_dagrun for latest_only_with_trigger to 2024-10-04 04:00:00+00:00, run_after=2024-10-04 08:00:00+00:00
[2024-10-04T10:27:02.796+0100] {processor.py:208} INFO - Processing /opt/miniconda3/envs/airflow/lib/python3.8/site-packages/airflow/example_dags/example_latest_only_with_trigger.py took 0.065 seconds
[2024-10-04T10:28:57.049+0100] {processor.py:186} INFO - Started process (PID=21491) to work on /opt/miniconda3/envs/airflow/lib/python3.8/site-packages/airflow/example_dags/example_latest_only_with_trigger.py
[2024-10-04T10:28:57.050+0100] {processor.py:914} INFO - Processing file /opt/miniconda3/envs/airflow/lib/python3.8/site-packages/airflow/example_dags/example_latest_only_with_trigger.py for tasks to queue
[2024-10-04T10:28:57.050+0100] {logging_mixin.py:190} INFO - [2024-10-04T10:28:57.050+0100] {dagbag.py:588} INFO - Filling up the DagBag from /opt/miniconda3/envs/airflow/lib/python3.8/site-packages/airflow/example_dags/example_latest_only_with_trigger.py
[2024-10-04T10:28:57.069+0100] {processor.py:925} INFO - DAG(s) 'latest_only_with_trigger' retrieved from /opt/miniconda3/envs/airflow/lib/python3.8/site-packages/airflow/example_dags/example_latest_only_with_trigger.py
[2024-10-04T10:28:57.102+0100] {logging_mixin.py:190} INFO - [2024-10-04T10:28:57.102+0100] {dag.py:3239} INFO - Sync 1 DAGs
[2024-10-04T10:28:57.108+0100] {logging_mixin.py:190} INFO - [2024-10-04T10:28:57.108+0100] {dag.py:4180} INFO - Setting next_dagrun for latest_only_with_trigger to 2024-10-04 04:00:00+00:00, run_after=2024-10-04 08:00:00+00:00
[2024-10-04T10:28:57.113+0100] {processor.py:208} INFO - Processing /opt/miniconda3/envs/airflow/lib/python3.8/site-packages/airflow/example_dags/example_latest_only_with_trigger.py took 0.066 seconds
[2024-10-04T10:30:51.304+0100] {processor.py:186} INFO - Started process (PID=21662) to work on /opt/miniconda3/envs/airflow/lib/python3.8/site-packages/airflow/example_dags/example_latest_only_with_trigger.py
[2024-10-04T10:30:51.305+0100] {processor.py:914} INFO - Processing file /opt/miniconda3/envs/airflow/lib/python3.8/site-packages/airflow/example_dags/example_latest_only_with_trigger.py for tasks to queue
[2024-10-04T10:30:51.305+0100] {logging_mixin.py:190} INFO - [2024-10-04T10:30:51.305+0100] {dagbag.py:588} INFO - Filling up the DagBag from /opt/miniconda3/envs/airflow/lib/python3.8/site-packages/airflow/example_dags/example_latest_only_with_trigger.py
[2024-10-04T10:30:51.326+0100] {processor.py:925} INFO - DAG(s) 'latest_only_with_trigger' retrieved from /opt/miniconda3/envs/airflow/lib/python3.8/site-packages/airflow/example_dags/example_latest_only_with_trigger.py
[2024-10-04T10:30:51.360+0100] {logging_mixin.py:190} INFO - [2024-10-04T10:30:51.360+0100] {dag.py:3239} INFO - Sync 1 DAGs
[2024-10-04T10:30:51.366+0100] {logging_mixin.py:190} INFO - [2024-10-04T10:30:51.366+0100] {dag.py:4180} INFO - Setting next_dagrun for latest_only_with_trigger to 2024-10-04 04:00:00+00:00, run_after=2024-10-04 08:00:00+00:00
[2024-10-04T10:30:51.371+0100] {processor.py:208} INFO - Processing /opt/miniconda3/envs/airflow/lib/python3.8/site-packages/airflow/example_dags/example_latest_only_with_trigger.py took 0.070 seconds
[2024-10-04T10:32:48.317+0100] {processor.py:186} INFO - Started process (PID=21831) to work on /opt/miniconda3/envs/airflow/lib/python3.8/site-packages/airflow/example_dags/example_latest_only_with_trigger.py
[2024-10-04T10:32:48.317+0100] {processor.py:914} INFO - Processing file /opt/miniconda3/envs/airflow/lib/python3.8/site-packages/airflow/example_dags/example_latest_only_with_trigger.py for tasks to queue
[2024-10-04T10:32:48.318+0100] {logging_mixin.py:190} INFO - [2024-10-04T10:32:48.318+0100] {dagbag.py:588} INFO - Filling up the DagBag from /opt/miniconda3/envs/airflow/lib/python3.8/site-packages/airflow/example_dags/example_latest_only_with_trigger.py
[2024-10-04T10:32:48.337+0100] {processor.py:925} INFO - DAG(s) 'latest_only_with_trigger' retrieved from /opt/miniconda3/envs/airflow/lib/python3.8/site-packages/airflow/example_dags/example_latest_only_with_trigger.py
[2024-10-04T10:32:48.379+0100] {logging_mixin.py:190} INFO - [2024-10-04T10:32:48.379+0100] {dag.py:3239} INFO - Sync 1 DAGs
[2024-10-04T10:32:48.384+0100] {logging_mixin.py:190} INFO - [2024-10-04T10:32:48.384+0100] {dag.py:4180} INFO - Setting next_dagrun for latest_only_with_trigger to 2024-10-04 04:00:00+00:00, run_after=2024-10-04 08:00:00+00:00
[2024-10-04T10:32:48.390+0100] {processor.py:208} INFO - Processing /opt/miniconda3/envs/airflow/lib/python3.8/site-packages/airflow/example_dags/example_latest_only_with_trigger.py took 0.075 seconds
[2024-10-04T10:34:58.187+0100] {processor.py:186} INFO - Started process (PID=22007) to work on /opt/miniconda3/envs/airflow/lib/python3.8/site-packages/airflow/example_dags/example_latest_only_with_trigger.py
[2024-10-04T10:34:58.187+0100] {processor.py:914} INFO - Processing file /opt/miniconda3/envs/airflow/lib/python3.8/site-packages/airflow/example_dags/example_latest_only_with_trigger.py for tasks to queue
[2024-10-04T10:34:58.188+0100] {logging_mixin.py:190} INFO - [2024-10-04T10:34:58.187+0100] {dagbag.py:588} INFO - Filling up the DagBag from /opt/miniconda3/envs/airflow/lib/python3.8/site-packages/airflow/example_dags/example_latest_only_with_trigger.py
[2024-10-04T10:34:58.207+0100] {processor.py:925} INFO - DAG(s) 'latest_only_with_trigger' retrieved from /opt/miniconda3/envs/airflow/lib/python3.8/site-packages/airflow/example_dags/example_latest_only_with_trigger.py
[2024-10-04T10:34:58.240+0100] {logging_mixin.py:190} INFO - [2024-10-04T10:34:58.240+0100] {dag.py:3239} INFO - Sync 1 DAGs
[2024-10-04T10:34:58.245+0100] {logging_mixin.py:190} INFO - [2024-10-04T10:34:58.245+0100] {dag.py:4180} INFO - Setting next_dagrun for latest_only_with_trigger to 2024-10-04 04:00:00+00:00, run_after=2024-10-04 08:00:00+00:00
[2024-10-04T10:34:58.251+0100] {processor.py:208} INFO - Processing /opt/miniconda3/envs/airflow/lib/python3.8/site-packages/airflow/example_dags/example_latest_only_with_trigger.py took 0.066 seconds
[2024-10-04T10:37:12.527+0100] {processor.py:186} INFO - Started process (PID=22171) to work on /opt/miniconda3/envs/airflow/lib/python3.8/site-packages/airflow/example_dags/example_latest_only_with_trigger.py
[2024-10-04T10:37:12.529+0100] {processor.py:914} INFO - Processing file /opt/miniconda3/envs/airflow/lib/python3.8/site-packages/airflow/example_dags/example_latest_only_with_trigger.py for tasks to queue
[2024-10-04T10:37:12.529+0100] {logging_mixin.py:190} INFO - [2024-10-04T10:37:12.529+0100] {dagbag.py:588} INFO - Filling up the DagBag from /opt/miniconda3/envs/airflow/lib/python3.8/site-packages/airflow/example_dags/example_latest_only_with_trigger.py
[2024-10-04T10:37:12.549+0100] {processor.py:925} INFO - DAG(s) 'latest_only_with_trigger' retrieved from /opt/miniconda3/envs/airflow/lib/python3.8/site-packages/airflow/example_dags/example_latest_only_with_trigger.py
[2024-10-04T10:37:12.582+0100] {logging_mixin.py:190} INFO - [2024-10-04T10:37:12.582+0100] {dag.py:3239} INFO - Sync 1 DAGs
[2024-10-04T10:37:12.587+0100] {logging_mixin.py:190} INFO - [2024-10-04T10:37:12.587+0100] {dag.py:4180} INFO - Setting next_dagrun for latest_only_with_trigger to 2024-10-04 04:00:00+00:00, run_after=2024-10-04 08:00:00+00:00
[2024-10-04T10:37:12.593+0100] {processor.py:208} INFO - Processing /opt/miniconda3/envs/airflow/lib/python3.8/site-packages/airflow/example_dags/example_latest_only_with_trigger.py took 0.067 seconds
