[2024-10-04T01:55:33.178+0100] {processor.py:186} INFO - Started process (PID=17439) to work on /opt/miniconda3/envs/airflow/lib/python3.8/site-packages/airflow/example_dags/example_datasets.py
[2024-10-04T01:55:33.178+0100] {processor.py:914} INFO - Processing file /opt/miniconda3/envs/airflow/lib/python3.8/site-packages/airflow/example_dags/example_datasets.py for tasks to queue
[2024-10-04T01:55:33.178+0100] {logging_mixin.py:190} INFO - [2024-10-04T01:55:33.178+0100] {dagbag.py:588} INFO - Filling up the DagBag from /opt/miniconda3/envs/airflow/lib/python3.8/site-packages/airflow/example_dags/example_datasets.py
[2024-10-04T01:55:33.211+0100] {processor.py:925} INFO - DAG(s) 'dataset_consumes_1_never_scheduled', 'dataset_produces_2', 'dataset_consumes_1_and_2', 'consume_1_or_both_2_and_3_with_dataset_expressions', 'conditional_dataset_and_time_based_timetable', 'dataset_consumes_unknown_never_scheduled', 'consume_1_and_2_with_dataset_expressions', 'dataset_produces_1', 'consume_1_or_2_with_dataset_expressions', 'dataset_consumes_1' retrieved from /opt/miniconda3/envs/airflow/lib/python3.8/site-packages/airflow/example_dags/example_datasets.py
[2024-10-04T01:55:33.250+0100] {logging_mixin.py:190} INFO - [2024-10-04T01:55:33.249+0100] {dag.py:3239} INFO - Sync 10 DAGs
[2024-10-04T01:55:33.256+0100] {logging_mixin.py:190} INFO - [2024-10-04T01:55:33.256+0100] {dag.py:4180} INFO - Setting next_dagrun for conditional_dataset_and_time_based_timetable to 2024-10-02 01:00:00+00:00, run_after=2024-10-02 01:00:00+00:00
[2024-10-04T01:55:33.257+0100] {logging_mixin.py:190} INFO - [2024-10-04T01:55:33.257+0100] {dag.py:4180} INFO - Setting next_dagrun for consume_1_and_2_with_dataset_expressions to None, run_after=None
[2024-10-04T01:55:33.257+0100] {logging_mixin.py:190} INFO - [2024-10-04T01:55:33.257+0100] {dag.py:4180} INFO - Setting next_dagrun for consume_1_or_2_with_dataset_expressions to None, run_after=None
[2024-10-04T01:55:33.258+0100] {logging_mixin.py:190} INFO - [2024-10-04T01:55:33.258+0100] {dag.py:4180} INFO - Setting next_dagrun for consume_1_or_both_2_and_3_with_dataset_expressions to None, run_after=None
[2024-10-04T01:55:33.258+0100] {logging_mixin.py:190} INFO - [2024-10-04T01:55:33.258+0100] {dag.py:4180} INFO - Setting next_dagrun for dataset_consumes_1 to None, run_after=None
[2024-10-04T01:55:33.258+0100] {logging_mixin.py:190} INFO - [2024-10-04T01:55:33.258+0100] {dag.py:4180} INFO - Setting next_dagrun for dataset_consumes_1_and_2 to None, run_after=None
[2024-10-04T01:55:33.258+0100] {logging_mixin.py:190} INFO - [2024-10-04T01:55:33.258+0100] {dag.py:4180} INFO - Setting next_dagrun for dataset_consumes_1_never_scheduled to None, run_after=None
[2024-10-04T01:55:33.259+0100] {logging_mixin.py:190} INFO - [2024-10-04T01:55:33.259+0100] {dag.py:4180} INFO - Setting next_dagrun for dataset_consumes_unknown_never_scheduled to None, run_after=None
[2024-10-04T01:55:33.259+0100] {logging_mixin.py:190} INFO - [2024-10-04T01:55:33.259+0100] {dag.py:4180} INFO - Setting next_dagrun for dataset_produces_1 to 2024-10-03 00:00:00+00:00, run_after=2024-10-04 00:00:00+00:00
[2024-10-04T01:55:33.260+0100] {logging_mixin.py:190} INFO - [2024-10-04T01:55:33.259+0100] {dag.py:4180} INFO - Setting next_dagrun for dataset_produces_2 to None, run_after=None
[2024-10-04T01:55:33.268+0100] {processor.py:208} INFO - Processing /opt/miniconda3/envs/airflow/lib/python3.8/site-packages/airflow/example_dags/example_datasets.py took 0.092 seconds
[2024-10-04T01:57:40.937+0100] {processor.py:186} INFO - Started process (PID=17598) to work on /opt/miniconda3/envs/airflow/lib/python3.8/site-packages/airflow/example_dags/example_datasets.py
[2024-10-04T01:57:40.938+0100] {processor.py:914} INFO - Processing file /opt/miniconda3/envs/airflow/lib/python3.8/site-packages/airflow/example_dags/example_datasets.py for tasks to queue
[2024-10-04T01:57:40.938+0100] {logging_mixin.py:190} INFO - [2024-10-04T01:57:40.938+0100] {dagbag.py:588} INFO - Filling up the DagBag from /opt/miniconda3/envs/airflow/lib/python3.8/site-packages/airflow/example_dags/example_datasets.py
[2024-10-04T01:57:40.970+0100] {processor.py:925} INFO - DAG(s) 'consume_1_or_both_2_and_3_with_dataset_expressions', 'consume_1_or_2_with_dataset_expressions', 'dataset_consumes_1_never_scheduled', 'consume_1_and_2_with_dataset_expressions', 'dataset_consumes_1_and_2', 'dataset_consumes_1', 'conditional_dataset_and_time_based_timetable', 'dataset_consumes_unknown_never_scheduled', 'dataset_produces_1', 'dataset_produces_2' retrieved from /opt/miniconda3/envs/airflow/lib/python3.8/site-packages/airflow/example_dags/example_datasets.py
[2024-10-04T01:57:41.008+0100] {logging_mixin.py:190} INFO - [2024-10-04T01:57:41.008+0100] {dag.py:3239} INFO - Sync 10 DAGs
[2024-10-04T01:57:41.015+0100] {logging_mixin.py:190} INFO - [2024-10-04T01:57:41.015+0100] {dag.py:4180} INFO - Setting next_dagrun for conditional_dataset_and_time_based_timetable to 2024-10-02 01:00:00+00:00, run_after=2024-10-02 01:00:00+00:00
[2024-10-04T01:57:41.016+0100] {logging_mixin.py:190} INFO - [2024-10-04T01:57:41.016+0100] {dag.py:4180} INFO - Setting next_dagrun for consume_1_and_2_with_dataset_expressions to None, run_after=None
[2024-10-04T01:57:41.016+0100] {logging_mixin.py:190} INFO - [2024-10-04T01:57:41.016+0100] {dag.py:4180} INFO - Setting next_dagrun for consume_1_or_2_with_dataset_expressions to None, run_after=None
[2024-10-04T01:57:41.016+0100] {logging_mixin.py:190} INFO - [2024-10-04T01:57:41.016+0100] {dag.py:4180} INFO - Setting next_dagrun for consume_1_or_both_2_and_3_with_dataset_expressions to None, run_after=None
[2024-10-04T01:57:41.016+0100] {logging_mixin.py:190} INFO - [2024-10-04T01:57:41.016+0100] {dag.py:4180} INFO - Setting next_dagrun for dataset_consumes_1 to None, run_after=None
[2024-10-04T01:57:41.017+0100] {logging_mixin.py:190} INFO - [2024-10-04T01:57:41.017+0100] {dag.py:4180} INFO - Setting next_dagrun for dataset_consumes_1_and_2 to None, run_after=None
[2024-10-04T01:57:41.017+0100] {logging_mixin.py:190} INFO - [2024-10-04T01:57:41.017+0100] {dag.py:4180} INFO - Setting next_dagrun for dataset_consumes_1_never_scheduled to None, run_after=None
[2024-10-04T01:57:41.017+0100] {logging_mixin.py:190} INFO - [2024-10-04T01:57:41.017+0100] {dag.py:4180} INFO - Setting next_dagrun for dataset_consumes_unknown_never_scheduled to None, run_after=None
[2024-10-04T01:57:41.018+0100] {logging_mixin.py:190} INFO - [2024-10-04T01:57:41.018+0100] {dag.py:4180} INFO - Setting next_dagrun for dataset_produces_1 to 2024-10-03 00:00:00+00:00, run_after=2024-10-04 00:00:00+00:00
[2024-10-04T01:57:41.018+0100] {logging_mixin.py:190} INFO - [2024-10-04T01:57:41.018+0100] {dag.py:4180} INFO - Setting next_dagrun for dataset_produces_2 to None, run_after=None
[2024-10-04T01:57:41.027+0100] {processor.py:208} INFO - Processing /opt/miniconda3/envs/airflow/lib/python3.8/site-packages/airflow/example_dags/example_datasets.py took 0.091 seconds
[2024-10-04T03:51:10.608+0100] {processor.py:186} INFO - Started process (PID=17747) to work on /opt/miniconda3/envs/airflow/lib/python3.8/site-packages/airflow/example_dags/example_datasets.py
[2024-10-04T03:51:10.609+0100] {processor.py:914} INFO - Processing file /opt/miniconda3/envs/airflow/lib/python3.8/site-packages/airflow/example_dags/example_datasets.py for tasks to queue
[2024-10-04T03:51:10.609+0100] {logging_mixin.py:190} INFO - [2024-10-04T03:51:10.609+0100] {dagbag.py:588} INFO - Filling up the DagBag from /opt/miniconda3/envs/airflow/lib/python3.8/site-packages/airflow/example_dags/example_datasets.py
[2024-10-04T03:51:10.642+0100] {processor.py:925} INFO - DAG(s) 'consume_1_or_2_with_dataset_expressions', 'dataset_consumes_1_and_2', 'consume_1_or_both_2_and_3_with_dataset_expressions', 'dataset_produces_2', 'dataset_consumes_1_never_scheduled', 'conditional_dataset_and_time_based_timetable', 'consume_1_and_2_with_dataset_expressions', 'dataset_consumes_1', 'dataset_produces_1', 'dataset_consumes_unknown_never_scheduled' retrieved from /opt/miniconda3/envs/airflow/lib/python3.8/site-packages/airflow/example_dags/example_datasets.py
[2024-10-04T03:51:10.680+0100] {logging_mixin.py:190} INFO - [2024-10-04T03:51:10.680+0100] {dag.py:3239} INFO - Sync 10 DAGs
[2024-10-04T03:51:10.687+0100] {logging_mixin.py:190} INFO - [2024-10-04T03:51:10.687+0100] {dag.py:4180} INFO - Setting next_dagrun for conditional_dataset_and_time_based_timetable to 2024-10-02 01:00:00+00:00, run_after=2024-10-02 01:00:00+00:00
[2024-10-04T03:51:10.687+0100] {logging_mixin.py:190} INFO - [2024-10-04T03:51:10.687+0100] {dag.py:4180} INFO - Setting next_dagrun for consume_1_and_2_with_dataset_expressions to None, run_after=None
[2024-10-04T03:51:10.688+0100] {logging_mixin.py:190} INFO - [2024-10-04T03:51:10.688+0100] {dag.py:4180} INFO - Setting next_dagrun for consume_1_or_2_with_dataset_expressions to None, run_after=None
[2024-10-04T03:51:10.688+0100] {logging_mixin.py:190} INFO - [2024-10-04T03:51:10.688+0100] {dag.py:4180} INFO - Setting next_dagrun for consume_1_or_both_2_and_3_with_dataset_expressions to None, run_after=None
[2024-10-04T03:51:10.688+0100] {logging_mixin.py:190} INFO - [2024-10-04T03:51:10.688+0100] {dag.py:4180} INFO - Setting next_dagrun for dataset_consumes_1 to None, run_after=None
[2024-10-04T03:51:10.688+0100] {logging_mixin.py:190} INFO - [2024-10-04T03:51:10.688+0100] {dag.py:4180} INFO - Setting next_dagrun for dataset_consumes_1_and_2 to None, run_after=None
[2024-10-04T03:51:10.689+0100] {logging_mixin.py:190} INFO - [2024-10-04T03:51:10.689+0100] {dag.py:4180} INFO - Setting next_dagrun for dataset_consumes_1_never_scheduled to None, run_after=None
[2024-10-04T03:51:10.689+0100] {logging_mixin.py:190} INFO - [2024-10-04T03:51:10.689+0100] {dag.py:4180} INFO - Setting next_dagrun for dataset_consumes_unknown_never_scheduled to None, run_after=None
[2024-10-04T03:51:10.690+0100] {logging_mixin.py:190} INFO - [2024-10-04T03:51:10.690+0100] {dag.py:4180} INFO - Setting next_dagrun for dataset_produces_1 to 2024-10-03 00:00:00+00:00, run_after=2024-10-04 00:00:00+00:00
[2024-10-04T03:51:10.690+0100] {logging_mixin.py:190} INFO - [2024-10-04T03:51:10.690+0100] {dag.py:4180} INFO - Setting next_dagrun for dataset_produces_2 to None, run_after=None
[2024-10-04T03:51:10.698+0100] {processor.py:208} INFO - Processing /opt/miniconda3/envs/airflow/lib/python3.8/site-packages/airflow/example_dags/example_datasets.py took 0.092 seconds
[2024-10-04T04:10:10.103+0100] {processor.py:186} INFO - Started process (PID=17914) to work on /opt/miniconda3/envs/airflow/lib/python3.8/site-packages/airflow/example_dags/example_datasets.py
[2024-10-04T04:10:10.104+0100] {processor.py:914} INFO - Processing file /opt/miniconda3/envs/airflow/lib/python3.8/site-packages/airflow/example_dags/example_datasets.py for tasks to queue
[2024-10-04T04:10:10.104+0100] {logging_mixin.py:190} INFO - [2024-10-04T04:10:10.104+0100] {dagbag.py:588} INFO - Filling up the DagBag from /opt/miniconda3/envs/airflow/lib/python3.8/site-packages/airflow/example_dags/example_datasets.py
[2024-10-04T04:10:10.154+0100] {processor.py:925} INFO - DAG(s) 'dataset_consumes_1_never_scheduled', 'consume_1_or_both_2_and_3_with_dataset_expressions', 'dataset_consumes_1', 'dataset_produces_2', 'consume_1_or_2_with_dataset_expressions', 'dataset_consumes_unknown_never_scheduled', 'consume_1_and_2_with_dataset_expressions', 'conditional_dataset_and_time_based_timetable', 'dataset_consumes_1_and_2', 'dataset_produces_1' retrieved from /opt/miniconda3/envs/airflow/lib/python3.8/site-packages/airflow/example_dags/example_datasets.py
[2024-10-04T04:10:10.199+0100] {logging_mixin.py:190} INFO - [2024-10-04T04:10:10.199+0100] {dag.py:3239} INFO - Sync 10 DAGs
[2024-10-04T04:10:10.206+0100] {logging_mixin.py:190} INFO - [2024-10-04T04:10:10.206+0100] {dag.py:4180} INFO - Setting next_dagrun for conditional_dataset_and_time_based_timetable to 2024-10-02 01:00:00+00:00, run_after=2024-10-02 01:00:00+00:00
[2024-10-04T04:10:10.207+0100] {logging_mixin.py:190} INFO - [2024-10-04T04:10:10.207+0100] {dag.py:4180} INFO - Setting next_dagrun for consume_1_and_2_with_dataset_expressions to None, run_after=None
[2024-10-04T04:10:10.207+0100] {logging_mixin.py:190} INFO - [2024-10-04T04:10:10.207+0100] {dag.py:4180} INFO - Setting next_dagrun for consume_1_or_2_with_dataset_expressions to None, run_after=None
[2024-10-04T04:10:10.207+0100] {logging_mixin.py:190} INFO - [2024-10-04T04:10:10.207+0100] {dag.py:4180} INFO - Setting next_dagrun for consume_1_or_both_2_and_3_with_dataset_expressions to None, run_after=None
[2024-10-04T04:10:10.208+0100] {logging_mixin.py:190} INFO - [2024-10-04T04:10:10.208+0100] {dag.py:4180} INFO - Setting next_dagrun for dataset_consumes_1 to None, run_after=None
[2024-10-04T04:10:10.208+0100] {logging_mixin.py:190} INFO - [2024-10-04T04:10:10.208+0100] {dag.py:4180} INFO - Setting next_dagrun for dataset_consumes_1_and_2 to None, run_after=None
[2024-10-04T04:10:10.208+0100] {logging_mixin.py:190} INFO - [2024-10-04T04:10:10.208+0100] {dag.py:4180} INFO - Setting next_dagrun for dataset_consumes_1_never_scheduled to None, run_after=None
[2024-10-04T04:10:10.208+0100] {logging_mixin.py:190} INFO - [2024-10-04T04:10:10.208+0100] {dag.py:4180} INFO - Setting next_dagrun for dataset_consumes_unknown_never_scheduled to None, run_after=None
[2024-10-04T04:10:10.209+0100] {logging_mixin.py:190} INFO - [2024-10-04T04:10:10.209+0100] {dag.py:4180} INFO - Setting next_dagrun for dataset_produces_1 to 2024-10-03 00:00:00+00:00, run_after=2024-10-04 00:00:00+00:00
[2024-10-04T04:10:10.209+0100] {logging_mixin.py:190} INFO - [2024-10-04T04:10:10.209+0100] {dag.py:4180} INFO - Setting next_dagrun for dataset_produces_2 to None, run_after=None
[2024-10-04T04:10:10.218+0100] {processor.py:208} INFO - Processing /opt/miniconda3/envs/airflow/lib/python3.8/site-packages/airflow/example_dags/example_datasets.py took 0.117 seconds
[2024-10-04T06:14:24.319+0100] {processor.py:186} INFO - Started process (PID=18072) to work on /opt/miniconda3/envs/airflow/lib/python3.8/site-packages/airflow/example_dags/example_datasets.py
[2024-10-04T06:14:24.319+0100] {processor.py:914} INFO - Processing file /opt/miniconda3/envs/airflow/lib/python3.8/site-packages/airflow/example_dags/example_datasets.py for tasks to queue
[2024-10-04T06:14:24.320+0100] {logging_mixin.py:190} INFO - [2024-10-04T06:14:24.320+0100] {dagbag.py:588} INFO - Filling up the DagBag from /opt/miniconda3/envs/airflow/lib/python3.8/site-packages/airflow/example_dags/example_datasets.py
[2024-10-04T06:14:24.353+0100] {processor.py:925} INFO - DAG(s) 'conditional_dataset_and_time_based_timetable', 'dataset_produces_2', 'dataset_consumes_1_and_2', 'dataset_consumes_1_never_scheduled', 'dataset_consumes_1', 'dataset_produces_1', 'dataset_consumes_unknown_never_scheduled', 'consume_1_or_both_2_and_3_with_dataset_expressions', 'consume_1_and_2_with_dataset_expressions', 'consume_1_or_2_with_dataset_expressions' retrieved from /opt/miniconda3/envs/airflow/lib/python3.8/site-packages/airflow/example_dags/example_datasets.py
[2024-10-04T06:14:24.392+0100] {logging_mixin.py:190} INFO - [2024-10-04T06:14:24.392+0100] {dag.py:3239} INFO - Sync 10 DAGs
[2024-10-04T06:14:24.398+0100] {logging_mixin.py:190} INFO - [2024-10-04T06:14:24.398+0100] {dag.py:4180} INFO - Setting next_dagrun for conditional_dataset_and_time_based_timetable to 2024-10-02 01:00:00+00:00, run_after=2024-10-02 01:00:00+00:00
[2024-10-04T06:14:24.399+0100] {logging_mixin.py:190} INFO - [2024-10-04T06:14:24.399+0100] {dag.py:4180} INFO - Setting next_dagrun for consume_1_and_2_with_dataset_expressions to None, run_after=None
[2024-10-04T06:14:24.400+0100] {logging_mixin.py:190} INFO - [2024-10-04T06:14:24.399+0100] {dag.py:4180} INFO - Setting next_dagrun for consume_1_or_2_with_dataset_expressions to None, run_after=None
[2024-10-04T06:14:24.400+0100] {logging_mixin.py:190} INFO - [2024-10-04T06:14:24.400+0100] {dag.py:4180} INFO - Setting next_dagrun for consume_1_or_both_2_and_3_with_dataset_expressions to None, run_after=None
[2024-10-04T06:14:24.400+0100] {logging_mixin.py:190} INFO - [2024-10-04T06:14:24.400+0100] {dag.py:4180} INFO - Setting next_dagrun for dataset_consumes_1 to None, run_after=None
[2024-10-04T06:14:24.400+0100] {logging_mixin.py:190} INFO - [2024-10-04T06:14:24.400+0100] {dag.py:4180} INFO - Setting next_dagrun for dataset_consumes_1_and_2 to None, run_after=None
[2024-10-04T06:14:24.401+0100] {logging_mixin.py:190} INFO - [2024-10-04T06:14:24.400+0100] {dag.py:4180} INFO - Setting next_dagrun for dataset_consumes_1_never_scheduled to None, run_after=None
[2024-10-04T06:14:24.401+0100] {logging_mixin.py:190} INFO - [2024-10-04T06:14:24.401+0100] {dag.py:4180} INFO - Setting next_dagrun for dataset_consumes_unknown_never_scheduled to None, run_after=None
[2024-10-04T06:14:24.401+0100] {logging_mixin.py:190} INFO - [2024-10-04T06:14:24.401+0100] {dag.py:4180} INFO - Setting next_dagrun for dataset_produces_1 to 2024-10-03 00:00:00+00:00, run_after=2024-10-04 00:00:00+00:00
[2024-10-04T06:14:24.402+0100] {logging_mixin.py:190} INFO - [2024-10-04T06:14:24.402+0100] {dag.py:4180} INFO - Setting next_dagrun for dataset_produces_2 to None, run_after=None
[2024-10-04T06:14:24.410+0100] {processor.py:208} INFO - Processing /opt/miniconda3/envs/airflow/lib/python3.8/site-packages/airflow/example_dags/example_datasets.py took 0.093 seconds
[2024-10-04T06:16:15.493+0100] {processor.py:186} INFO - Started process (PID=19893) to work on /opt/miniconda3/envs/airflow/lib/python3.8/site-packages/airflow/example_dags/example_datasets.py
[2024-10-04T06:16:15.494+0100] {processor.py:914} INFO - Processing file /opt/miniconda3/envs/airflow/lib/python3.8/site-packages/airflow/example_dags/example_datasets.py for tasks to queue
[2024-10-04T06:16:15.494+0100] {logging_mixin.py:190} INFO - [2024-10-04T06:16:15.494+0100] {dagbag.py:588} INFO - Filling up the DagBag from /opt/miniconda3/envs/airflow/lib/python3.8/site-packages/airflow/example_dags/example_datasets.py
[2024-10-04T06:16:15.526+0100] {processor.py:925} INFO - DAG(s) 'conditional_dataset_and_time_based_timetable', 'consume_1_and_2_with_dataset_expressions', 'consume_1_or_2_with_dataset_expressions', 'dataset_produces_2', 'dataset_consumes_1_and_2', 'consume_1_or_both_2_and_3_with_dataset_expressions', 'dataset_produces_1', 'dataset_consumes_1_never_scheduled', 'dataset_consumes_unknown_never_scheduled', 'dataset_consumes_1' retrieved from /opt/miniconda3/envs/airflow/lib/python3.8/site-packages/airflow/example_dags/example_datasets.py
[2024-10-04T06:16:15.565+0100] {logging_mixin.py:190} INFO - [2024-10-04T06:16:15.565+0100] {dag.py:3239} INFO - Sync 10 DAGs
[2024-10-04T06:16:15.572+0100] {logging_mixin.py:190} INFO - [2024-10-04T06:16:15.572+0100] {dag.py:4180} INFO - Setting next_dagrun for conditional_dataset_and_time_based_timetable to 2024-10-02 01:00:00+00:00, run_after=2024-10-02 01:00:00+00:00
[2024-10-04T06:16:15.573+0100] {logging_mixin.py:190} INFO - [2024-10-04T06:16:15.572+0100] {dag.py:4180} INFO - Setting next_dagrun for consume_1_and_2_with_dataset_expressions to None, run_after=None
[2024-10-04T06:16:15.573+0100] {logging_mixin.py:190} INFO - [2024-10-04T06:16:15.573+0100] {dag.py:4180} INFO - Setting next_dagrun for consume_1_or_2_with_dataset_expressions to None, run_after=None
[2024-10-04T06:16:15.573+0100] {logging_mixin.py:190} INFO - [2024-10-04T06:16:15.573+0100] {dag.py:4180} INFO - Setting next_dagrun for consume_1_or_both_2_and_3_with_dataset_expressions to None, run_after=None
[2024-10-04T06:16:15.573+0100] {logging_mixin.py:190} INFO - [2024-10-04T06:16:15.573+0100] {dag.py:4180} INFO - Setting next_dagrun for dataset_consumes_1 to None, run_after=None
[2024-10-04T06:16:15.574+0100] {logging_mixin.py:190} INFO - [2024-10-04T06:16:15.574+0100] {dag.py:4180} INFO - Setting next_dagrun for dataset_consumes_1_and_2 to None, run_after=None
[2024-10-04T06:16:15.574+0100] {logging_mixin.py:190} INFO - [2024-10-04T06:16:15.574+0100] {dag.py:4180} INFO - Setting next_dagrun for dataset_consumes_1_never_scheduled to None, run_after=None
[2024-10-04T06:16:15.574+0100] {logging_mixin.py:190} INFO - [2024-10-04T06:16:15.574+0100] {dag.py:4180} INFO - Setting next_dagrun for dataset_consumes_unknown_never_scheduled to None, run_after=None
[2024-10-04T06:16:15.575+0100] {logging_mixin.py:190} INFO - [2024-10-04T06:16:15.575+0100] {dag.py:4180} INFO - Setting next_dagrun for dataset_produces_1 to 2024-10-03 00:00:00+00:00, run_after=2024-10-04 00:00:00+00:00
[2024-10-04T06:16:15.575+0100] {logging_mixin.py:190} INFO - [2024-10-04T06:16:15.575+0100] {dag.py:4180} INFO - Setting next_dagrun for dataset_produces_2 to None, run_after=None
[2024-10-04T06:16:15.583+0100] {processor.py:208} INFO - Processing /opt/miniconda3/envs/airflow/lib/python3.8/site-packages/airflow/example_dags/example_datasets.py took 0.092 seconds
[2024-10-04T08:38:55.137+0100] {processor.py:186} INFO - Started process (PID=20137) to work on /opt/miniconda3/envs/airflow/lib/python3.8/site-packages/airflow/example_dags/example_datasets.py
[2024-10-04T08:38:55.137+0100] {processor.py:914} INFO - Processing file /opt/miniconda3/envs/airflow/lib/python3.8/site-packages/airflow/example_dags/example_datasets.py for tasks to queue
[2024-10-04T08:38:55.137+0100] {logging_mixin.py:190} INFO - [2024-10-04T08:38:55.137+0100] {dagbag.py:588} INFO - Filling up the DagBag from /opt/miniconda3/envs/airflow/lib/python3.8/site-packages/airflow/example_dags/example_datasets.py
[2024-10-04T08:38:55.170+0100] {processor.py:925} INFO - DAG(s) 'consume_1_or_both_2_and_3_with_dataset_expressions', 'dataset_consumes_unknown_never_scheduled', 'consume_1_and_2_with_dataset_expressions', 'consume_1_or_2_with_dataset_expressions', 'conditional_dataset_and_time_based_timetable', 'dataset_produces_1', 'dataset_consumes_1_and_2', 'dataset_consumes_1_never_scheduled', 'dataset_produces_2', 'dataset_consumes_1' retrieved from /opt/miniconda3/envs/airflow/lib/python3.8/site-packages/airflow/example_dags/example_datasets.py
[2024-10-04T08:38:55.209+0100] {logging_mixin.py:190} INFO - [2024-10-04T08:38:55.208+0100] {dag.py:3239} INFO - Sync 10 DAGs
[2024-10-04T08:38:55.215+0100] {logging_mixin.py:190} INFO - [2024-10-04T08:38:55.215+0100] {dag.py:4180} INFO - Setting next_dagrun for conditional_dataset_and_time_based_timetable to 2024-10-02 01:00:00+00:00, run_after=2024-10-02 01:00:00+00:00
[2024-10-04T08:38:55.216+0100] {logging_mixin.py:190} INFO - [2024-10-04T08:38:55.216+0100] {dag.py:4180} INFO - Setting next_dagrun for consume_1_and_2_with_dataset_expressions to None, run_after=None
[2024-10-04T08:38:55.216+0100] {logging_mixin.py:190} INFO - [2024-10-04T08:38:55.216+0100] {dag.py:4180} INFO - Setting next_dagrun for consume_1_or_2_with_dataset_expressions to None, run_after=None
[2024-10-04T08:38:55.217+0100] {logging_mixin.py:190} INFO - [2024-10-04T08:38:55.217+0100] {dag.py:4180} INFO - Setting next_dagrun for consume_1_or_both_2_and_3_with_dataset_expressions to None, run_after=None
[2024-10-04T08:38:55.217+0100] {logging_mixin.py:190} INFO - [2024-10-04T08:38:55.217+0100] {dag.py:4180} INFO - Setting next_dagrun for dataset_consumes_1 to None, run_after=None
[2024-10-04T08:38:55.217+0100] {logging_mixin.py:190} INFO - [2024-10-04T08:38:55.217+0100] {dag.py:4180} INFO - Setting next_dagrun for dataset_consumes_1_and_2 to None, run_after=None
[2024-10-04T08:38:55.217+0100] {logging_mixin.py:190} INFO - [2024-10-04T08:38:55.217+0100] {dag.py:4180} INFO - Setting next_dagrun for dataset_consumes_1_never_scheduled to None, run_after=None
[2024-10-04T08:38:55.218+0100] {logging_mixin.py:190} INFO - [2024-10-04T08:38:55.218+0100] {dag.py:4180} INFO - Setting next_dagrun for dataset_consumes_unknown_never_scheduled to None, run_after=None
[2024-10-04T08:38:55.218+0100] {logging_mixin.py:190} INFO - [2024-10-04T08:38:55.218+0100] {dag.py:4180} INFO - Setting next_dagrun for dataset_produces_1 to 2024-10-03 00:00:00+00:00, run_after=2024-10-04 00:00:00+00:00
[2024-10-04T08:38:55.219+0100] {logging_mixin.py:190} INFO - [2024-10-04T08:38:55.219+0100] {dag.py:4180} INFO - Setting next_dagrun for dataset_produces_2 to None, run_after=None
[2024-10-04T08:38:55.227+0100] {processor.py:208} INFO - Processing /opt/miniconda3/envs/airflow/lib/python3.8/site-packages/airflow/example_dags/example_datasets.py took 0.092 seconds
[2024-10-04T08:40:46.116+0100] {processor.py:186} INFO - Started process (PID=20293) to work on /opt/miniconda3/envs/airflow/lib/python3.8/site-packages/airflow/example_dags/example_datasets.py
[2024-10-04T08:40:46.116+0100] {processor.py:914} INFO - Processing file /opt/miniconda3/envs/airflow/lib/python3.8/site-packages/airflow/example_dags/example_datasets.py for tasks to queue
[2024-10-04T08:40:46.117+0100] {logging_mixin.py:190} INFO - [2024-10-04T08:40:46.117+0100] {dagbag.py:588} INFO - Filling up the DagBag from /opt/miniconda3/envs/airflow/lib/python3.8/site-packages/airflow/example_dags/example_datasets.py
[2024-10-04T08:40:46.149+0100] {processor.py:925} INFO - DAG(s) 'consume_1_or_both_2_and_3_with_dataset_expressions', 'dataset_consumes_1_and_2', 'dataset_consumes_unknown_never_scheduled', 'dataset_produces_1', 'conditional_dataset_and_time_based_timetable', 'dataset_consumes_1', 'dataset_consumes_1_never_scheduled', 'dataset_produces_2', 'consume_1_and_2_with_dataset_expressions', 'consume_1_or_2_with_dataset_expressions' retrieved from /opt/miniconda3/envs/airflow/lib/python3.8/site-packages/airflow/example_dags/example_datasets.py
[2024-10-04T08:40:46.188+0100] {logging_mixin.py:190} INFO - [2024-10-04T08:40:46.188+0100] {dag.py:3239} INFO - Sync 10 DAGs
[2024-10-04T08:40:46.194+0100] {logging_mixin.py:190} INFO - [2024-10-04T08:40:46.194+0100] {dag.py:4180} INFO - Setting next_dagrun for conditional_dataset_and_time_based_timetable to 2024-10-02 01:00:00+00:00, run_after=2024-10-02 01:00:00+00:00
[2024-10-04T08:40:46.195+0100] {logging_mixin.py:190} INFO - [2024-10-04T08:40:46.195+0100] {dag.py:4180} INFO - Setting next_dagrun for consume_1_and_2_with_dataset_expressions to None, run_after=None
[2024-10-04T08:40:46.196+0100] {logging_mixin.py:190} INFO - [2024-10-04T08:40:46.196+0100] {dag.py:4180} INFO - Setting next_dagrun for consume_1_or_2_with_dataset_expressions to None, run_after=None
[2024-10-04T08:40:46.196+0100] {logging_mixin.py:190} INFO - [2024-10-04T08:40:46.196+0100] {dag.py:4180} INFO - Setting next_dagrun for consume_1_or_both_2_and_3_with_dataset_expressions to None, run_after=None
[2024-10-04T08:40:46.196+0100] {logging_mixin.py:190} INFO - [2024-10-04T08:40:46.196+0100] {dag.py:4180} INFO - Setting next_dagrun for dataset_consumes_1 to None, run_after=None
[2024-10-04T08:40:46.196+0100] {logging_mixin.py:190} INFO - [2024-10-04T08:40:46.196+0100] {dag.py:4180} INFO - Setting next_dagrun for dataset_consumes_1_and_2 to None, run_after=None
[2024-10-04T08:40:46.197+0100] {logging_mixin.py:190} INFO - [2024-10-04T08:40:46.197+0100] {dag.py:4180} INFO - Setting next_dagrun for dataset_consumes_1_never_scheduled to None, run_after=None
[2024-10-04T08:40:46.197+0100] {logging_mixin.py:190} INFO - [2024-10-04T08:40:46.197+0100] {dag.py:4180} INFO - Setting next_dagrun for dataset_consumes_unknown_never_scheduled to None, run_after=None
[2024-10-04T08:40:46.198+0100] {logging_mixin.py:190} INFO - [2024-10-04T08:40:46.197+0100] {dag.py:4180} INFO - Setting next_dagrun for dataset_produces_1 to 2024-10-03 00:00:00+00:00, run_after=2024-10-04 00:00:00+00:00
[2024-10-04T08:40:46.198+0100] {logging_mixin.py:190} INFO - [2024-10-04T08:40:46.198+0100] {dag.py:4180} INFO - Setting next_dagrun for dataset_produces_2 to None, run_after=None
[2024-10-04T08:40:46.206+0100] {processor.py:208} INFO - Processing /opt/miniconda3/envs/airflow/lib/python3.8/site-packages/airflow/example_dags/example_datasets.py took 0.092 seconds
[2024-10-04T09:41:35.330+0100] {processor.py:186} INFO - Started process (PID=20538) to work on /opt/miniconda3/envs/airflow/lib/python3.8/site-packages/airflow/example_dags/example_datasets.py
[2024-10-04T09:41:35.332+0100] {processor.py:914} INFO - Processing file /opt/miniconda3/envs/airflow/lib/python3.8/site-packages/airflow/example_dags/example_datasets.py for tasks to queue
[2024-10-04T09:41:35.332+0100] {logging_mixin.py:190} INFO - [2024-10-04T09:41:35.332+0100] {dagbag.py:588} INFO - Filling up the DagBag from /opt/miniconda3/envs/airflow/lib/python3.8/site-packages/airflow/example_dags/example_datasets.py
[2024-10-04T09:41:35.365+0100] {processor.py:925} INFO - DAG(s) 'dataset_consumes_1', 'consume_1_or_both_2_and_3_with_dataset_expressions', 'dataset_consumes_1_and_2', 'consume_1_or_2_with_dataset_expressions', 'conditional_dataset_and_time_based_timetable', 'consume_1_and_2_with_dataset_expressions', 'dataset_consumes_unknown_never_scheduled', 'dataset_consumes_1_never_scheduled', 'dataset_produces_2', 'dataset_produces_1' retrieved from /opt/miniconda3/envs/airflow/lib/python3.8/site-packages/airflow/example_dags/example_datasets.py
[2024-10-04T09:41:35.403+0100] {logging_mixin.py:190} INFO - [2024-10-04T09:41:35.403+0100] {dag.py:3239} INFO - Sync 10 DAGs
[2024-10-04T09:41:35.410+0100] {logging_mixin.py:190} INFO - [2024-10-04T09:41:35.410+0100] {dag.py:4180} INFO - Setting next_dagrun for conditional_dataset_and_time_based_timetable to 2024-10-02 01:00:00+00:00, run_after=2024-10-02 01:00:00+00:00
[2024-10-04T09:41:35.411+0100] {logging_mixin.py:190} INFO - [2024-10-04T09:41:35.411+0100] {dag.py:4180} INFO - Setting next_dagrun for consume_1_and_2_with_dataset_expressions to None, run_after=None
[2024-10-04T09:41:35.411+0100] {logging_mixin.py:190} INFO - [2024-10-04T09:41:35.411+0100] {dag.py:4180} INFO - Setting next_dagrun for consume_1_or_2_with_dataset_expressions to None, run_after=None
[2024-10-04T09:41:35.412+0100] {logging_mixin.py:190} INFO - [2024-10-04T09:41:35.411+0100] {dag.py:4180} INFO - Setting next_dagrun for consume_1_or_both_2_and_3_with_dataset_expressions to None, run_after=None
[2024-10-04T09:41:35.412+0100] {logging_mixin.py:190} INFO - [2024-10-04T09:41:35.412+0100] {dag.py:4180} INFO - Setting next_dagrun for dataset_consumes_1 to None, run_after=None
[2024-10-04T09:41:35.412+0100] {logging_mixin.py:190} INFO - [2024-10-04T09:41:35.412+0100] {dag.py:4180} INFO - Setting next_dagrun for dataset_consumes_1_and_2 to None, run_after=None
[2024-10-04T09:41:35.412+0100] {logging_mixin.py:190} INFO - [2024-10-04T09:41:35.412+0100] {dag.py:4180} INFO - Setting next_dagrun for dataset_consumes_1_never_scheduled to None, run_after=None
[2024-10-04T09:41:35.413+0100] {logging_mixin.py:190} INFO - [2024-10-04T09:41:35.412+0100] {dag.py:4180} INFO - Setting next_dagrun for dataset_consumes_unknown_never_scheduled to None, run_after=None
[2024-10-04T09:41:35.413+0100] {logging_mixin.py:190} INFO - [2024-10-04T09:41:35.413+0100] {dag.py:4180} INFO - Setting next_dagrun for dataset_produces_1 to 2024-10-03 00:00:00+00:00, run_after=2024-10-04 00:00:00+00:00
[2024-10-04T09:41:35.413+0100] {logging_mixin.py:190} INFO - [2024-10-04T09:41:35.413+0100] {dag.py:4180} INFO - Setting next_dagrun for dataset_produces_2 to None, run_after=None
[2024-10-04T09:41:35.422+0100] {processor.py:208} INFO - Processing /opt/miniconda3/envs/airflow/lib/python3.8/site-packages/airflow/example_dags/example_datasets.py took 0.093 seconds
[2024-10-04T09:43:29.668+0100] {processor.py:186} INFO - Started process (PID=20688) to work on /opt/miniconda3/envs/airflow/lib/python3.8/site-packages/airflow/example_dags/example_datasets.py
[2024-10-04T09:43:29.668+0100] {processor.py:914} INFO - Processing file /opt/miniconda3/envs/airflow/lib/python3.8/site-packages/airflow/example_dags/example_datasets.py for tasks to queue
[2024-10-04T09:43:29.669+0100] {logging_mixin.py:190} INFO - [2024-10-04T09:43:29.669+0100] {dagbag.py:588} INFO - Filling up the DagBag from /opt/miniconda3/envs/airflow/lib/python3.8/site-packages/airflow/example_dags/example_datasets.py
[2024-10-04T09:43:29.700+0100] {processor.py:925} INFO - DAG(s) 'dataset_produces_2', 'dataset_consumes_1', 'dataset_consumes_1_and_2', 'conditional_dataset_and_time_based_timetable', 'consume_1_and_2_with_dataset_expressions', 'dataset_consumes_unknown_never_scheduled', 'dataset_consumes_1_never_scheduled', 'consume_1_or_both_2_and_3_with_dataset_expressions', 'dataset_produces_1', 'consume_1_or_2_with_dataset_expressions' retrieved from /opt/miniconda3/envs/airflow/lib/python3.8/site-packages/airflow/example_dags/example_datasets.py
[2024-10-04T09:43:29.739+0100] {logging_mixin.py:190} INFO - [2024-10-04T09:43:29.738+0100] {dag.py:3239} INFO - Sync 10 DAGs
[2024-10-04T09:43:29.745+0100] {logging_mixin.py:190} INFO - [2024-10-04T09:43:29.745+0100] {dag.py:4180} INFO - Setting next_dagrun for conditional_dataset_and_time_based_timetable to 2024-10-02 01:00:00+00:00, run_after=2024-10-02 01:00:00+00:00
[2024-10-04T09:43:29.746+0100] {logging_mixin.py:190} INFO - [2024-10-04T09:43:29.746+0100] {dag.py:4180} INFO - Setting next_dagrun for consume_1_and_2_with_dataset_expressions to None, run_after=None
[2024-10-04T09:43:29.746+0100] {logging_mixin.py:190} INFO - [2024-10-04T09:43:29.746+0100] {dag.py:4180} INFO - Setting next_dagrun for consume_1_or_2_with_dataset_expressions to None, run_after=None
[2024-10-04T09:43:29.747+0100] {logging_mixin.py:190} INFO - [2024-10-04T09:43:29.747+0100] {dag.py:4180} INFO - Setting next_dagrun for consume_1_or_both_2_and_3_with_dataset_expressions to None, run_after=None
[2024-10-04T09:43:29.747+0100] {logging_mixin.py:190} INFO - [2024-10-04T09:43:29.747+0100] {dag.py:4180} INFO - Setting next_dagrun for dataset_consumes_1 to None, run_after=None
[2024-10-04T09:43:29.747+0100] {logging_mixin.py:190} INFO - [2024-10-04T09:43:29.747+0100] {dag.py:4180} INFO - Setting next_dagrun for dataset_consumes_1_and_2 to None, run_after=None
[2024-10-04T09:43:29.747+0100] {logging_mixin.py:190} INFO - [2024-10-04T09:43:29.747+0100] {dag.py:4180} INFO - Setting next_dagrun for dataset_consumes_1_never_scheduled to None, run_after=None
[2024-10-04T09:43:29.748+0100] {logging_mixin.py:190} INFO - [2024-10-04T09:43:29.748+0100] {dag.py:4180} INFO - Setting next_dagrun for dataset_consumes_unknown_never_scheduled to None, run_after=None
[2024-10-04T09:43:29.748+0100] {logging_mixin.py:190} INFO - [2024-10-04T09:43:29.748+0100] {dag.py:4180} INFO - Setting next_dagrun for dataset_produces_1 to 2024-10-03 00:00:00+00:00, run_after=2024-10-04 00:00:00+00:00
[2024-10-04T09:43:29.749+0100] {logging_mixin.py:190} INFO - [2024-10-04T09:43:29.749+0100] {dag.py:4180} INFO - Setting next_dagrun for dataset_produces_2 to None, run_after=None
[2024-10-04T09:43:29.757+0100] {processor.py:208} INFO - Processing /opt/miniconda3/envs/airflow/lib/python3.8/site-packages/airflow/example_dags/example_datasets.py took 0.091 seconds
[2024-10-04T10:20:33.604+0100] {processor.py:186} INFO - Started process (PID=20892) to work on /opt/miniconda3/envs/airflow/lib/python3.8/site-packages/airflow/example_dags/example_datasets.py
[2024-10-04T10:20:33.605+0100] {processor.py:914} INFO - Processing file /opt/miniconda3/envs/airflow/lib/python3.8/site-packages/airflow/example_dags/example_datasets.py for tasks to queue
[2024-10-04T10:20:33.605+0100] {logging_mixin.py:190} INFO - [2024-10-04T10:20:33.605+0100] {dagbag.py:588} INFO - Filling up the DagBag from /opt/miniconda3/envs/airflow/lib/python3.8/site-packages/airflow/example_dags/example_datasets.py
[2024-10-04T10:20:33.641+0100] {processor.py:925} INFO - DAG(s) 'dataset_produces_1', 'consume_1_or_both_2_and_3_with_dataset_expressions', 'consume_1_or_2_with_dataset_expressions', 'dataset_consumes_unknown_never_scheduled', 'dataset_consumes_1', 'dataset_consumes_1_and_2', 'conditional_dataset_and_time_based_timetable', 'dataset_consumes_1_never_scheduled', 'dataset_produces_2', 'consume_1_and_2_with_dataset_expressions' retrieved from /opt/miniconda3/envs/airflow/lib/python3.8/site-packages/airflow/example_dags/example_datasets.py
[2024-10-04T10:20:33.682+0100] {logging_mixin.py:190} INFO - [2024-10-04T10:20:33.682+0100] {dag.py:3239} INFO - Sync 10 DAGs
[2024-10-04T10:20:33.689+0100] {logging_mixin.py:190} INFO - [2024-10-04T10:20:33.689+0100] {dag.py:4180} INFO - Setting next_dagrun for conditional_dataset_and_time_based_timetable to 2024-10-02 01:00:00+00:00, run_after=2024-10-02 01:00:00+00:00
[2024-10-04T10:20:33.690+0100] {logging_mixin.py:190} INFO - [2024-10-04T10:20:33.690+0100] {dag.py:4180} INFO - Setting next_dagrun for consume_1_and_2_with_dataset_expressions to None, run_after=None
[2024-10-04T10:20:33.690+0100] {logging_mixin.py:190} INFO - [2024-10-04T10:20:33.690+0100] {dag.py:4180} INFO - Setting next_dagrun for consume_1_or_2_with_dataset_expressions to None, run_after=None
[2024-10-04T10:20:33.691+0100] {logging_mixin.py:190} INFO - [2024-10-04T10:20:33.691+0100] {dag.py:4180} INFO - Setting next_dagrun for consume_1_or_both_2_and_3_with_dataset_expressions to None, run_after=None
[2024-10-04T10:20:33.691+0100] {logging_mixin.py:190} INFO - [2024-10-04T10:20:33.691+0100] {dag.py:4180} INFO - Setting next_dagrun for dataset_consumes_1 to None, run_after=None
[2024-10-04T10:20:33.691+0100] {logging_mixin.py:190} INFO - [2024-10-04T10:20:33.691+0100] {dag.py:4180} INFO - Setting next_dagrun for dataset_consumes_1_and_2 to None, run_after=None
[2024-10-04T10:20:33.692+0100] {logging_mixin.py:190} INFO - [2024-10-04T10:20:33.692+0100] {dag.py:4180} INFO - Setting next_dagrun for dataset_consumes_1_never_scheduled to None, run_after=None
[2024-10-04T10:20:33.692+0100] {logging_mixin.py:190} INFO - [2024-10-04T10:20:33.692+0100] {dag.py:4180} INFO - Setting next_dagrun for dataset_consumes_unknown_never_scheduled to None, run_after=None
[2024-10-04T10:20:33.693+0100] {logging_mixin.py:190} INFO - [2024-10-04T10:20:33.693+0100] {dag.py:4180} INFO - Setting next_dagrun for dataset_produces_1 to 2024-10-03 00:00:00+00:00, run_after=2024-10-04 00:00:00+00:00
[2024-10-04T10:20:33.693+0100] {logging_mixin.py:190} INFO - [2024-10-04T10:20:33.693+0100] {dag.py:4180} INFO - Setting next_dagrun for dataset_produces_2 to None, run_after=None
[2024-10-04T10:20:33.702+0100] {processor.py:208} INFO - Processing /opt/miniconda3/envs/airflow/lib/python3.8/site-packages/airflow/example_dags/example_datasets.py took 0.101 seconds
[2024-10-04T10:22:36.140+0100] {processor.py:186} INFO - Started process (PID=21049) to work on /opt/miniconda3/envs/airflow/lib/python3.8/site-packages/airflow/example_dags/example_datasets.py
[2024-10-04T10:22:36.140+0100] {processor.py:914} INFO - Processing file /opt/miniconda3/envs/airflow/lib/python3.8/site-packages/airflow/example_dags/example_datasets.py for tasks to queue
[2024-10-04T10:22:36.141+0100] {logging_mixin.py:190} INFO - [2024-10-04T10:22:36.141+0100] {dagbag.py:588} INFO - Filling up the DagBag from /opt/miniconda3/envs/airflow/lib/python3.8/site-packages/airflow/example_dags/example_datasets.py
[2024-10-04T10:22:36.174+0100] {processor.py:925} INFO - DAG(s) 'consume_1_or_2_with_dataset_expressions', 'consume_1_or_both_2_and_3_with_dataset_expressions', 'dataset_consumes_1_and_2', 'dataset_consumes_1', 'dataset_consumes_1_never_scheduled', 'consume_1_and_2_with_dataset_expressions', 'dataset_produces_1', 'dataset_consumes_unknown_never_scheduled', 'conditional_dataset_and_time_based_timetable', 'dataset_produces_2' retrieved from /opt/miniconda3/envs/airflow/lib/python3.8/site-packages/airflow/example_dags/example_datasets.py
[2024-10-04T10:22:36.213+0100] {logging_mixin.py:190} INFO - [2024-10-04T10:22:36.213+0100] {dag.py:3239} INFO - Sync 10 DAGs
[2024-10-04T10:22:36.219+0100] {logging_mixin.py:190} INFO - [2024-10-04T10:22:36.219+0100] {dag.py:4180} INFO - Setting next_dagrun for conditional_dataset_and_time_based_timetable to 2024-10-02 01:00:00+00:00, run_after=2024-10-02 01:00:00+00:00
[2024-10-04T10:22:36.220+0100] {logging_mixin.py:190} INFO - [2024-10-04T10:22:36.220+0100] {dag.py:4180} INFO - Setting next_dagrun for consume_1_and_2_with_dataset_expressions to None, run_after=None
[2024-10-04T10:22:36.221+0100] {logging_mixin.py:190} INFO - [2024-10-04T10:22:36.221+0100] {dag.py:4180} INFO - Setting next_dagrun for consume_1_or_2_with_dataset_expressions to None, run_after=None
[2024-10-04T10:22:36.221+0100] {logging_mixin.py:190} INFO - [2024-10-04T10:22:36.221+0100] {dag.py:4180} INFO - Setting next_dagrun for consume_1_or_both_2_and_3_with_dataset_expressions to None, run_after=None
[2024-10-04T10:22:36.221+0100] {logging_mixin.py:190} INFO - [2024-10-04T10:22:36.221+0100] {dag.py:4180} INFO - Setting next_dagrun for dataset_consumes_1 to None, run_after=None
[2024-10-04T10:22:36.221+0100] {logging_mixin.py:190} INFO - [2024-10-04T10:22:36.221+0100] {dag.py:4180} INFO - Setting next_dagrun for dataset_consumes_1_and_2 to None, run_after=None
[2024-10-04T10:22:36.222+0100] {logging_mixin.py:190} INFO - [2024-10-04T10:22:36.222+0100] {dag.py:4180} INFO - Setting next_dagrun for dataset_consumes_1_never_scheduled to None, run_after=None
[2024-10-04T10:22:36.222+0100] {logging_mixin.py:190} INFO - [2024-10-04T10:22:36.222+0100] {dag.py:4180} INFO - Setting next_dagrun for dataset_consumes_unknown_never_scheduled to None, run_after=None
[2024-10-04T10:22:36.222+0100] {logging_mixin.py:190} INFO - [2024-10-04T10:22:36.222+0100] {dag.py:4180} INFO - Setting next_dagrun for dataset_produces_1 to 2024-10-03 00:00:00+00:00, run_after=2024-10-04 00:00:00+00:00
[2024-10-04T10:22:36.223+0100] {logging_mixin.py:190} INFO - [2024-10-04T10:22:36.223+0100] {dag.py:4180} INFO - Setting next_dagrun for dataset_produces_2 to None, run_after=None
[2024-10-04T10:22:36.232+0100] {processor.py:208} INFO - Processing /opt/miniconda3/envs/airflow/lib/python3.8/site-packages/airflow/example_dags/example_datasets.py took 0.093 seconds
[2024-10-04T10:25:51.503+0100] {processor.py:186} INFO - Started process (PID=21221) to work on /opt/miniconda3/envs/airflow/lib/python3.8/site-packages/airflow/example_dags/example_datasets.py
[2024-10-04T10:25:51.505+0100] {processor.py:914} INFO - Processing file /opt/miniconda3/envs/airflow/lib/python3.8/site-packages/airflow/example_dags/example_datasets.py for tasks to queue
[2024-10-04T10:25:51.505+0100] {logging_mixin.py:190} INFO - [2024-10-04T10:25:51.505+0100] {dagbag.py:588} INFO - Filling up the DagBag from /opt/miniconda3/envs/airflow/lib/python3.8/site-packages/airflow/example_dags/example_datasets.py
[2024-10-04T10:25:51.538+0100] {processor.py:925} INFO - DAG(s) 'dataset_consumes_1_and_2', 'consume_1_or_2_with_dataset_expressions', 'conditional_dataset_and_time_based_timetable', 'consume_1_and_2_with_dataset_expressions', 'consume_1_or_both_2_and_3_with_dataset_expressions', 'dataset_consumes_1', 'dataset_consumes_1_never_scheduled', 'dataset_consumes_unknown_never_scheduled', 'dataset_produces_1', 'dataset_produces_2' retrieved from /opt/miniconda3/envs/airflow/lib/python3.8/site-packages/airflow/example_dags/example_datasets.py
[2024-10-04T10:25:51.577+0100] {logging_mixin.py:190} INFO - [2024-10-04T10:25:51.577+0100] {dag.py:3239} INFO - Sync 10 DAGs
[2024-10-04T10:25:51.584+0100] {logging_mixin.py:190} INFO - [2024-10-04T10:25:51.584+0100] {dag.py:4180} INFO - Setting next_dagrun for conditional_dataset_and_time_based_timetable to 2024-10-02 01:00:00+00:00, run_after=2024-10-02 01:00:00+00:00
[2024-10-04T10:25:51.585+0100] {logging_mixin.py:190} INFO - [2024-10-04T10:25:51.585+0100] {dag.py:4180} INFO - Setting next_dagrun for consume_1_and_2_with_dataset_expressions to None, run_after=None
[2024-10-04T10:25:51.585+0100] {logging_mixin.py:190} INFO - [2024-10-04T10:25:51.585+0100] {dag.py:4180} INFO - Setting next_dagrun for consume_1_or_2_with_dataset_expressions to None, run_after=None
[2024-10-04T10:25:51.585+0100] {logging_mixin.py:190} INFO - [2024-10-04T10:25:51.585+0100] {dag.py:4180} INFO - Setting next_dagrun for consume_1_or_both_2_and_3_with_dataset_expressions to None, run_after=None
[2024-10-04T10:25:51.585+0100] {logging_mixin.py:190} INFO - [2024-10-04T10:25:51.585+0100] {dag.py:4180} INFO - Setting next_dagrun for dataset_consumes_1 to None, run_after=None
[2024-10-04T10:25:51.586+0100] {logging_mixin.py:190} INFO - [2024-10-04T10:25:51.586+0100] {dag.py:4180} INFO - Setting next_dagrun for dataset_consumes_1_and_2 to None, run_after=None
[2024-10-04T10:25:51.586+0100] {logging_mixin.py:190} INFO - [2024-10-04T10:25:51.586+0100] {dag.py:4180} INFO - Setting next_dagrun for dataset_consumes_1_never_scheduled to None, run_after=None
[2024-10-04T10:25:51.586+0100] {logging_mixin.py:190} INFO - [2024-10-04T10:25:51.586+0100] {dag.py:4180} INFO - Setting next_dagrun for dataset_consumes_unknown_never_scheduled to None, run_after=None
[2024-10-04T10:25:51.587+0100] {logging_mixin.py:190} INFO - [2024-10-04T10:25:51.587+0100] {dag.py:4180} INFO - Setting next_dagrun for dataset_produces_1 to 2024-10-03 00:00:00+00:00, run_after=2024-10-04 00:00:00+00:00
[2024-10-04T10:25:51.587+0100] {logging_mixin.py:190} INFO - [2024-10-04T10:25:51.587+0100] {dag.py:4180} INFO - Setting next_dagrun for dataset_produces_2 to None, run_after=None
[2024-10-04T10:25:51.596+0100] {processor.py:208} INFO - Processing /opt/miniconda3/envs/airflow/lib/python3.8/site-packages/airflow/example_dags/example_datasets.py took 0.094 seconds
[2024-10-04T10:27:44.517+0100] {processor.py:186} INFO - Started process (PID=21373) to work on /opt/miniconda3/envs/airflow/lib/python3.8/site-packages/airflow/example_dags/example_datasets.py
[2024-10-04T10:27:44.518+0100] {processor.py:914} INFO - Processing file /opt/miniconda3/envs/airflow/lib/python3.8/site-packages/airflow/example_dags/example_datasets.py for tasks to queue
[2024-10-04T10:27:44.519+0100] {logging_mixin.py:190} INFO - [2024-10-04T10:27:44.519+0100] {dagbag.py:588} INFO - Filling up the DagBag from /opt/miniconda3/envs/airflow/lib/python3.8/site-packages/airflow/example_dags/example_datasets.py
[2024-10-04T10:27:44.552+0100] {processor.py:925} INFO - DAG(s) 'consume_1_or_both_2_and_3_with_dataset_expressions', 'dataset_consumes_1', 'dataset_consumes_1_and_2', 'dataset_consumes_1_never_scheduled', 'dataset_consumes_unknown_never_scheduled', 'dataset_produces_1', 'consume_1_or_2_with_dataset_expressions', 'consume_1_and_2_with_dataset_expressions', 'conditional_dataset_and_time_based_timetable', 'dataset_produces_2' retrieved from /opt/miniconda3/envs/airflow/lib/python3.8/site-packages/airflow/example_dags/example_datasets.py
[2024-10-04T10:27:44.590+0100] {logging_mixin.py:190} INFO - [2024-10-04T10:27:44.590+0100] {dag.py:3239} INFO - Sync 10 DAGs
[2024-10-04T10:27:44.597+0100] {logging_mixin.py:190} INFO - [2024-10-04T10:27:44.597+0100] {dag.py:4180} INFO - Setting next_dagrun for conditional_dataset_and_time_based_timetable to 2024-10-02 01:00:00+00:00, run_after=2024-10-02 01:00:00+00:00
[2024-10-04T10:27:44.598+0100] {logging_mixin.py:190} INFO - [2024-10-04T10:27:44.598+0100] {dag.py:4180} INFO - Setting next_dagrun for consume_1_and_2_with_dataset_expressions to None, run_after=None
[2024-10-04T10:27:44.598+0100] {logging_mixin.py:190} INFO - [2024-10-04T10:27:44.598+0100] {dag.py:4180} INFO - Setting next_dagrun for consume_1_or_2_with_dataset_expressions to None, run_after=None
[2024-10-04T10:27:44.599+0100] {logging_mixin.py:190} INFO - [2024-10-04T10:27:44.599+0100] {dag.py:4180} INFO - Setting next_dagrun for consume_1_or_both_2_and_3_with_dataset_expressions to None, run_after=None
[2024-10-04T10:27:44.599+0100] {logging_mixin.py:190} INFO - [2024-10-04T10:27:44.599+0100] {dag.py:4180} INFO - Setting next_dagrun for dataset_consumes_1 to None, run_after=None
[2024-10-04T10:27:44.599+0100] {logging_mixin.py:190} INFO - [2024-10-04T10:27:44.599+0100] {dag.py:4180} INFO - Setting next_dagrun for dataset_consumes_1_and_2 to None, run_after=None
[2024-10-04T10:27:44.599+0100] {logging_mixin.py:190} INFO - [2024-10-04T10:27:44.599+0100] {dag.py:4180} INFO - Setting next_dagrun for dataset_consumes_1_never_scheduled to None, run_after=None
[2024-10-04T10:27:44.600+0100] {logging_mixin.py:190} INFO - [2024-10-04T10:27:44.600+0100] {dag.py:4180} INFO - Setting next_dagrun for dataset_consumes_unknown_never_scheduled to None, run_after=None
[2024-10-04T10:27:44.600+0100] {logging_mixin.py:190} INFO - [2024-10-04T10:27:44.600+0100] {dag.py:4180} INFO - Setting next_dagrun for dataset_produces_1 to 2024-10-03 00:00:00+00:00, run_after=2024-10-04 00:00:00+00:00
[2024-10-04T10:27:44.601+0100] {logging_mixin.py:190} INFO - [2024-10-04T10:27:44.601+0100] {dag.py:4180} INFO - Setting next_dagrun for dataset_produces_2 to None, run_after=None
[2024-10-04T10:27:44.609+0100] {processor.py:208} INFO - Processing /opt/miniconda3/envs/airflow/lib/python3.8/site-packages/airflow/example_dags/example_datasets.py took 0.094 seconds
[2024-10-04T10:29:38.994+0100] {processor.py:186} INFO - Started process (PID=21560) to work on /opt/miniconda3/envs/airflow/lib/python3.8/site-packages/airflow/example_dags/example_datasets.py
[2024-10-04T10:29:38.995+0100] {processor.py:914} INFO - Processing file /opt/miniconda3/envs/airflow/lib/python3.8/site-packages/airflow/example_dags/example_datasets.py for tasks to queue
[2024-10-04T10:29:38.996+0100] {logging_mixin.py:190} INFO - [2024-10-04T10:29:38.996+0100] {dagbag.py:588} INFO - Filling up the DagBag from /opt/miniconda3/envs/airflow/lib/python3.8/site-packages/airflow/example_dags/example_datasets.py
[2024-10-04T10:29:39.028+0100] {processor.py:925} INFO - DAG(s) 'consume_1_and_2_with_dataset_expressions', 'dataset_produces_1', 'dataset_consumes_1_and_2', 'dataset_consumes_1', 'conditional_dataset_and_time_based_timetable', 'consume_1_or_both_2_and_3_with_dataset_expressions', 'dataset_produces_2', 'consume_1_or_2_with_dataset_expressions', 'dataset_consumes_unknown_never_scheduled', 'dataset_consumes_1_never_scheduled' retrieved from /opt/miniconda3/envs/airflow/lib/python3.8/site-packages/airflow/example_dags/example_datasets.py
[2024-10-04T10:29:39.067+0100] {logging_mixin.py:190} INFO - [2024-10-04T10:29:39.067+0100] {dag.py:3239} INFO - Sync 10 DAGs
[2024-10-04T10:29:39.074+0100] {logging_mixin.py:190} INFO - [2024-10-04T10:29:39.074+0100] {dag.py:4180} INFO - Setting next_dagrun for conditional_dataset_and_time_based_timetable to 2024-10-02 01:00:00+00:00, run_after=2024-10-02 01:00:00+00:00
[2024-10-04T10:29:39.075+0100] {logging_mixin.py:190} INFO - [2024-10-04T10:29:39.075+0100] {dag.py:4180} INFO - Setting next_dagrun for consume_1_and_2_with_dataset_expressions to None, run_after=None
[2024-10-04T10:29:39.075+0100] {logging_mixin.py:190} INFO - [2024-10-04T10:29:39.075+0100] {dag.py:4180} INFO - Setting next_dagrun for consume_1_or_2_with_dataset_expressions to None, run_after=None
[2024-10-04T10:29:39.075+0100] {logging_mixin.py:190} INFO - [2024-10-04T10:29:39.075+0100] {dag.py:4180} INFO - Setting next_dagrun for consume_1_or_both_2_and_3_with_dataset_expressions to None, run_after=None
[2024-10-04T10:29:39.075+0100] {logging_mixin.py:190} INFO - [2024-10-04T10:29:39.075+0100] {dag.py:4180} INFO - Setting next_dagrun for dataset_consumes_1 to None, run_after=None
[2024-10-04T10:29:39.076+0100] {logging_mixin.py:190} INFO - [2024-10-04T10:29:39.076+0100] {dag.py:4180} INFO - Setting next_dagrun for dataset_consumes_1_and_2 to None, run_after=None
[2024-10-04T10:29:39.076+0100] {logging_mixin.py:190} INFO - [2024-10-04T10:29:39.076+0100] {dag.py:4180} INFO - Setting next_dagrun for dataset_consumes_1_never_scheduled to None, run_after=None
[2024-10-04T10:29:39.076+0100] {logging_mixin.py:190} INFO - [2024-10-04T10:29:39.076+0100] {dag.py:4180} INFO - Setting next_dagrun for dataset_consumes_unknown_never_scheduled to None, run_after=None
[2024-10-04T10:29:39.077+0100] {logging_mixin.py:190} INFO - [2024-10-04T10:29:39.077+0100] {dag.py:4180} INFO - Setting next_dagrun for dataset_produces_1 to 2024-10-03 00:00:00+00:00, run_after=2024-10-04 00:00:00+00:00
[2024-10-04T10:29:39.077+0100] {logging_mixin.py:190} INFO - [2024-10-04T10:29:39.077+0100] {dag.py:4180} INFO - Setting next_dagrun for dataset_produces_2 to None, run_after=None
[2024-10-04T10:29:39.086+0100] {processor.py:208} INFO - Processing /opt/miniconda3/envs/airflow/lib/python3.8/site-packages/airflow/example_dags/example_datasets.py took 0.094 seconds
[2024-10-04T10:31:33.180+0100] {processor.py:186} INFO - Started process (PID=21717) to work on /opt/miniconda3/envs/airflow/lib/python3.8/site-packages/airflow/example_dags/example_datasets.py
[2024-10-04T10:31:33.181+0100] {processor.py:914} INFO - Processing file /opt/miniconda3/envs/airflow/lib/python3.8/site-packages/airflow/example_dags/example_datasets.py for tasks to queue
[2024-10-04T10:31:33.181+0100] {logging_mixin.py:190} INFO - [2024-10-04T10:31:33.181+0100] {dagbag.py:588} INFO - Filling up the DagBag from /opt/miniconda3/envs/airflow/lib/python3.8/site-packages/airflow/example_dags/example_datasets.py
[2024-10-04T10:31:33.215+0100] {processor.py:925} INFO - DAG(s) 'dataset_produces_1', 'dataset_produces_2', 'consume_1_or_both_2_and_3_with_dataset_expressions', 'conditional_dataset_and_time_based_timetable', 'consume_1_and_2_with_dataset_expressions', 'dataset_consumes_unknown_never_scheduled', 'dataset_consumes_1', 'dataset_consumes_1_never_scheduled', 'dataset_consumes_1_and_2', 'consume_1_or_2_with_dataset_expressions' retrieved from /opt/miniconda3/envs/airflow/lib/python3.8/site-packages/airflow/example_dags/example_datasets.py
[2024-10-04T10:31:33.253+0100] {logging_mixin.py:190} INFO - [2024-10-04T10:31:33.253+0100] {dag.py:3239} INFO - Sync 10 DAGs
[2024-10-04T10:31:33.260+0100] {logging_mixin.py:190} INFO - [2024-10-04T10:31:33.260+0100] {dag.py:4180} INFO - Setting next_dagrun for conditional_dataset_and_time_based_timetable to 2024-10-02 01:00:00+00:00, run_after=2024-10-02 01:00:00+00:00
[2024-10-04T10:31:33.261+0100] {logging_mixin.py:190} INFO - [2024-10-04T10:31:33.261+0100] {dag.py:4180} INFO - Setting next_dagrun for consume_1_and_2_with_dataset_expressions to None, run_after=None
[2024-10-04T10:31:33.261+0100] {logging_mixin.py:190} INFO - [2024-10-04T10:31:33.261+0100] {dag.py:4180} INFO - Setting next_dagrun for consume_1_or_2_with_dataset_expressions to None, run_after=None
[2024-10-04T10:31:33.261+0100] {logging_mixin.py:190} INFO - [2024-10-04T10:31:33.261+0100] {dag.py:4180} INFO - Setting next_dagrun for consume_1_or_both_2_and_3_with_dataset_expressions to None, run_after=None
[2024-10-04T10:31:33.262+0100] {logging_mixin.py:190} INFO - [2024-10-04T10:31:33.262+0100] {dag.py:4180} INFO - Setting next_dagrun for dataset_consumes_1 to None, run_after=None
[2024-10-04T10:31:33.262+0100] {logging_mixin.py:190} INFO - [2024-10-04T10:31:33.262+0100] {dag.py:4180} INFO - Setting next_dagrun for dataset_consumes_1_and_2 to None, run_after=None
[2024-10-04T10:31:33.262+0100] {logging_mixin.py:190} INFO - [2024-10-04T10:31:33.262+0100] {dag.py:4180} INFO - Setting next_dagrun for dataset_consumes_1_never_scheduled to None, run_after=None
[2024-10-04T10:31:33.262+0100] {logging_mixin.py:190} INFO - [2024-10-04T10:31:33.262+0100] {dag.py:4180} INFO - Setting next_dagrun for dataset_consumes_unknown_never_scheduled to None, run_after=None
[2024-10-04T10:31:33.263+0100] {logging_mixin.py:190} INFO - [2024-10-04T10:31:33.263+0100] {dag.py:4180} INFO - Setting next_dagrun for dataset_produces_1 to 2024-10-03 00:00:00+00:00, run_after=2024-10-04 00:00:00+00:00
[2024-10-04T10:31:33.263+0100] {logging_mixin.py:190} INFO - [2024-10-04T10:31:33.263+0100] {dag.py:4180} INFO - Setting next_dagrun for dataset_produces_2 to None, run_after=None
[2024-10-04T10:31:33.272+0100] {processor.py:208} INFO - Processing /opt/miniconda3/envs/airflow/lib/python3.8/site-packages/airflow/example_dags/example_datasets.py took 0.093 seconds
[2024-10-04T10:33:37.090+0100] {processor.py:186} INFO - Started process (PID=21898) to work on /opt/miniconda3/envs/airflow/lib/python3.8/site-packages/airflow/example_dags/example_datasets.py
[2024-10-04T10:33:37.090+0100] {processor.py:914} INFO - Processing file /opt/miniconda3/envs/airflow/lib/python3.8/site-packages/airflow/example_dags/example_datasets.py for tasks to queue
[2024-10-04T10:33:37.090+0100] {logging_mixin.py:190} INFO - [2024-10-04T10:33:37.090+0100] {dagbag.py:588} INFO - Filling up the DagBag from /opt/miniconda3/envs/airflow/lib/python3.8/site-packages/airflow/example_dags/example_datasets.py
[2024-10-04T10:33:37.126+0100] {processor.py:925} INFO - DAG(s) 'consume_1_or_2_with_dataset_expressions', 'dataset_consumes_1_and_2', 'conditional_dataset_and_time_based_timetable', 'dataset_consumes_1', 'consume_1_and_2_with_dataset_expressions', 'dataset_produces_1', 'dataset_produces_2', 'dataset_consumes_1_never_scheduled', 'dataset_consumes_unknown_never_scheduled', 'consume_1_or_both_2_and_3_with_dataset_expressions' retrieved from /opt/miniconda3/envs/airflow/lib/python3.8/site-packages/airflow/example_dags/example_datasets.py
[2024-10-04T10:33:37.165+0100] {logging_mixin.py:190} INFO - [2024-10-04T10:33:37.165+0100] {dag.py:3239} INFO - Sync 10 DAGs
[2024-10-04T10:33:37.173+0100] {logging_mixin.py:190} INFO - [2024-10-04T10:33:37.173+0100] {dag.py:4180} INFO - Setting next_dagrun for conditional_dataset_and_time_based_timetable to 2024-10-02 01:00:00+00:00, run_after=2024-10-02 01:00:00+00:00
[2024-10-04T10:33:37.174+0100] {logging_mixin.py:190} INFO - [2024-10-04T10:33:37.174+0100] {dag.py:4180} INFO - Setting next_dagrun for consume_1_and_2_with_dataset_expressions to None, run_after=None
[2024-10-04T10:33:37.174+0100] {logging_mixin.py:190} INFO - [2024-10-04T10:33:37.174+0100] {dag.py:4180} INFO - Setting next_dagrun for consume_1_or_2_with_dataset_expressions to None, run_after=None
[2024-10-04T10:33:37.174+0100] {logging_mixin.py:190} INFO - [2024-10-04T10:33:37.174+0100] {dag.py:4180} INFO - Setting next_dagrun for consume_1_or_both_2_and_3_with_dataset_expressions to None, run_after=None
[2024-10-04T10:33:37.175+0100] {logging_mixin.py:190} INFO - [2024-10-04T10:33:37.175+0100] {dag.py:4180} INFO - Setting next_dagrun for dataset_consumes_1 to None, run_after=None
[2024-10-04T10:33:37.175+0100] {logging_mixin.py:190} INFO - [2024-10-04T10:33:37.175+0100] {dag.py:4180} INFO - Setting next_dagrun for dataset_consumes_1_and_2 to None, run_after=None
[2024-10-04T10:33:37.175+0100] {logging_mixin.py:190} INFO - [2024-10-04T10:33:37.175+0100] {dag.py:4180} INFO - Setting next_dagrun for dataset_consumes_1_never_scheduled to None, run_after=None
[2024-10-04T10:33:37.175+0100] {logging_mixin.py:190} INFO - [2024-10-04T10:33:37.175+0100] {dag.py:4180} INFO - Setting next_dagrun for dataset_consumes_unknown_never_scheduled to None, run_after=None
[2024-10-04T10:33:37.176+0100] {logging_mixin.py:190} INFO - [2024-10-04T10:33:37.176+0100] {dag.py:4180} INFO - Setting next_dagrun for dataset_produces_1 to 2024-10-03 00:00:00+00:00, run_after=2024-10-04 00:00:00+00:00
[2024-10-04T10:33:37.176+0100] {logging_mixin.py:190} INFO - [2024-10-04T10:33:37.176+0100] {dag.py:4180} INFO - Setting next_dagrun for dataset_produces_2 to None, run_after=None
[2024-10-04T10:33:37.185+0100] {processor.py:208} INFO - Processing /opt/miniconda3/envs/airflow/lib/python3.8/site-packages/airflow/example_dags/example_datasets.py took 0.097 seconds
[2024-10-04T10:35:51.810+0100] {processor.py:186} INFO - Started process (PID=22072) to work on /opt/miniconda3/envs/airflow/lib/python3.8/site-packages/airflow/example_dags/example_datasets.py
[2024-10-04T10:35:51.811+0100] {processor.py:914} INFO - Processing file /opt/miniconda3/envs/airflow/lib/python3.8/site-packages/airflow/example_dags/example_datasets.py for tasks to queue
[2024-10-04T10:35:51.811+0100] {logging_mixin.py:190} INFO - [2024-10-04T10:35:51.811+0100] {dagbag.py:588} INFO - Filling up the DagBag from /opt/miniconda3/envs/airflow/lib/python3.8/site-packages/airflow/example_dags/example_datasets.py
[2024-10-04T10:35:51.846+0100] {processor.py:925} INFO - DAG(s) 'dataset_consumes_1_and_2', 'dataset_produces_1', 'consume_1_or_both_2_and_3_with_dataset_expressions', 'dataset_produces_2', 'dataset_consumes_unknown_never_scheduled', 'consume_1_and_2_with_dataset_expressions', 'consume_1_or_2_with_dataset_expressions', 'dataset_consumes_1_never_scheduled', 'conditional_dataset_and_time_based_timetable', 'dataset_consumes_1' retrieved from /opt/miniconda3/envs/airflow/lib/python3.8/site-packages/airflow/example_dags/example_datasets.py
[2024-10-04T10:35:51.885+0100] {logging_mixin.py:190} INFO - [2024-10-04T10:35:51.885+0100] {dag.py:3239} INFO - Sync 10 DAGs
[2024-10-04T10:35:51.892+0100] {logging_mixin.py:190} INFO - [2024-10-04T10:35:51.892+0100] {dag.py:4180} INFO - Setting next_dagrun for conditional_dataset_and_time_based_timetable to 2024-10-02 01:00:00+00:00, run_after=2024-10-02 01:00:00+00:00
[2024-10-04T10:35:51.893+0100] {logging_mixin.py:190} INFO - [2024-10-04T10:35:51.893+0100] {dag.py:4180} INFO - Setting next_dagrun for consume_1_and_2_with_dataset_expressions to None, run_after=None
[2024-10-04T10:35:51.893+0100] {logging_mixin.py:190} INFO - [2024-10-04T10:35:51.893+0100] {dag.py:4180} INFO - Setting next_dagrun for consume_1_or_2_with_dataset_expressions to None, run_after=None
[2024-10-04T10:35:51.893+0100] {logging_mixin.py:190} INFO - [2024-10-04T10:35:51.893+0100] {dag.py:4180} INFO - Setting next_dagrun for consume_1_or_both_2_and_3_with_dataset_expressions to None, run_after=None
[2024-10-04T10:35:51.894+0100] {logging_mixin.py:190} INFO - [2024-10-04T10:35:51.894+0100] {dag.py:4180} INFO - Setting next_dagrun for dataset_consumes_1 to None, run_after=None
[2024-10-04T10:35:51.894+0100] {logging_mixin.py:190} INFO - [2024-10-04T10:35:51.894+0100] {dag.py:4180} INFO - Setting next_dagrun for dataset_consumes_1_and_2 to None, run_after=None
[2024-10-04T10:35:51.894+0100] {logging_mixin.py:190} INFO - [2024-10-04T10:35:51.894+0100] {dag.py:4180} INFO - Setting next_dagrun for dataset_consumes_1_never_scheduled to None, run_after=None
[2024-10-04T10:35:51.895+0100] {logging_mixin.py:190} INFO - [2024-10-04T10:35:51.895+0100] {dag.py:4180} INFO - Setting next_dagrun for dataset_consumes_unknown_never_scheduled to None, run_after=None
[2024-10-04T10:35:51.895+0100] {logging_mixin.py:190} INFO - [2024-10-04T10:35:51.895+0100] {dag.py:4180} INFO - Setting next_dagrun for dataset_produces_1 to 2024-10-03 00:00:00+00:00, run_after=2024-10-04 00:00:00+00:00
[2024-10-04T10:35:51.896+0100] {logging_mixin.py:190} INFO - [2024-10-04T10:35:51.896+0100] {dag.py:4180} INFO - Setting next_dagrun for dataset_produces_2 to None, run_after=None
[2024-10-04T10:35:51.905+0100] {processor.py:208} INFO - Processing /opt/miniconda3/envs/airflow/lib/python3.8/site-packages/airflow/example_dags/example_datasets.py took 0.096 seconds
[2024-10-04T10:38:05.940+0100] {processor.py:186} INFO - Started process (PID=22243) to work on /opt/miniconda3/envs/airflow/lib/python3.8/site-packages/airflow/example_dags/example_datasets.py
[2024-10-04T10:38:05.941+0100] {processor.py:914} INFO - Processing file /opt/miniconda3/envs/airflow/lib/python3.8/site-packages/airflow/example_dags/example_datasets.py for tasks to queue
[2024-10-04T10:38:05.941+0100] {logging_mixin.py:190} INFO - [2024-10-04T10:38:05.941+0100] {dagbag.py:588} INFO - Filling up the DagBag from /opt/miniconda3/envs/airflow/lib/python3.8/site-packages/airflow/example_dags/example_datasets.py
[2024-10-04T10:38:05.982+0100] {processor.py:925} INFO - DAG(s) 'consume_1_or_2_with_dataset_expressions', 'consume_1_or_both_2_and_3_with_dataset_expressions', 'consume_1_and_2_with_dataset_expressions', 'dataset_produces_1', 'dataset_consumes_1_never_scheduled', 'dataset_consumes_1_and_2', 'dataset_consumes_1', 'conditional_dataset_and_time_based_timetable', 'dataset_produces_2', 'dataset_consumes_unknown_never_scheduled' retrieved from /opt/miniconda3/envs/airflow/lib/python3.8/site-packages/airflow/example_dags/example_datasets.py
[2024-10-04T10:38:06.023+0100] {logging_mixin.py:190} INFO - [2024-10-04T10:38:06.023+0100] {dag.py:3239} INFO - Sync 10 DAGs
[2024-10-04T10:38:06.031+0100] {logging_mixin.py:190} INFO - [2024-10-04T10:38:06.031+0100] {dag.py:4180} INFO - Setting next_dagrun for conditional_dataset_and_time_based_timetable to 2024-10-02 01:00:00+00:00, run_after=2024-10-02 01:00:00+00:00
[2024-10-04T10:38:06.032+0100] {logging_mixin.py:190} INFO - [2024-10-04T10:38:06.032+0100] {dag.py:4180} INFO - Setting next_dagrun for consume_1_and_2_with_dataset_expressions to None, run_after=None
[2024-10-04T10:38:06.032+0100] {logging_mixin.py:190} INFO - [2024-10-04T10:38:06.032+0100] {dag.py:4180} INFO - Setting next_dagrun for consume_1_or_2_with_dataset_expressions to None, run_after=None
[2024-10-04T10:38:06.032+0100] {logging_mixin.py:190} INFO - [2024-10-04T10:38:06.032+0100] {dag.py:4180} INFO - Setting next_dagrun for consume_1_or_both_2_and_3_with_dataset_expressions to None, run_after=None
[2024-10-04T10:38:06.032+0100] {logging_mixin.py:190} INFO - [2024-10-04T10:38:06.032+0100] {dag.py:4180} INFO - Setting next_dagrun for dataset_consumes_1 to None, run_after=None
[2024-10-04T10:38:06.033+0100] {logging_mixin.py:190} INFO - [2024-10-04T10:38:06.033+0100] {dag.py:4180} INFO - Setting next_dagrun for dataset_consumes_1_and_2 to None, run_after=None
[2024-10-04T10:38:06.033+0100] {logging_mixin.py:190} INFO - [2024-10-04T10:38:06.033+0100] {dag.py:4180} INFO - Setting next_dagrun for dataset_consumes_1_never_scheduled to None, run_after=None
[2024-10-04T10:38:06.033+0100] {logging_mixin.py:190} INFO - [2024-10-04T10:38:06.033+0100] {dag.py:4180} INFO - Setting next_dagrun for dataset_consumes_unknown_never_scheduled to None, run_after=None
[2024-10-04T10:38:06.034+0100] {logging_mixin.py:190} INFO - [2024-10-04T10:38:06.034+0100] {dag.py:4180} INFO - Setting next_dagrun for dataset_produces_1 to 2024-10-03 00:00:00+00:00, run_after=2024-10-04 00:00:00+00:00
[2024-10-04T10:38:06.034+0100] {logging_mixin.py:190} INFO - [2024-10-04T10:38:06.034+0100] {dag.py:4180} INFO - Setting next_dagrun for dataset_produces_2 to None, run_after=None
[2024-10-04T10:38:06.044+0100] {processor.py:208} INFO - Processing /opt/miniconda3/envs/airflow/lib/python3.8/site-packages/airflow/example_dags/example_datasets.py took 0.106 seconds
