[2024-10-04T01:55:36.608+0100] {processor.py:186} INFO - Started process (PID=17443) to work on /opt/miniconda3/envs/airflow/lib/python3.8/site-packages/airflow/example_dags/example_dataset_alias.py
[2024-10-04T01:55:36.608+0100] {processor.py:914} INFO - Processing file /opt/miniconda3/envs/airflow/lib/python3.8/site-packages/airflow/example_dags/example_dataset_alias.py for tasks to queue
[2024-10-04T01:55:36.608+0100] {logging_mixin.py:190} INFO - [2024-10-04T01:55:36.608+0100] {dagbag.py:588} INFO - Filling up the DagBag from /opt/miniconda3/envs/airflow/lib/python3.8/site-packages/airflow/example_dags/example_dataset_alias.py
[2024-10-04T01:55:36.677+0100] {processor.py:925} INFO - DAG(s) 'dataset_alias_example_alias_producer', 'dataset_alias_example_alias_consumer', 'dataset_s3_bucket_producer', 'dataset_s3_bucket_consumer' retrieved from /opt/miniconda3/envs/airflow/lib/python3.8/site-packages/airflow/example_dags/example_dataset_alias.py
[2024-10-04T01:55:36.685+0100] {logging_mixin.py:190} INFO - [2024-10-04T01:55:36.684+0100] {dag.py:3239} INFO - Sync 4 DAGs
[2024-10-04T01:55:36.690+0100] {logging_mixin.py:190} INFO - [2024-10-04T01:55:36.690+0100] {dag.py:4180} INFO - Setting next_dagrun for dataset_alias_example_alias_consumer to None, run_after=None
[2024-10-04T01:55:36.691+0100] {logging_mixin.py:190} INFO - [2024-10-04T01:55:36.691+0100] {dag.py:4180} INFO - Setting next_dagrun for dataset_alias_example_alias_producer to None, run_after=None
[2024-10-04T01:55:36.691+0100] {logging_mixin.py:190} INFO - [2024-10-04T01:55:36.691+0100] {dag.py:4180} INFO - Setting next_dagrun for dataset_s3_bucket_consumer to None, run_after=None
[2024-10-04T01:55:36.691+0100] {logging_mixin.py:190} INFO - [2024-10-04T01:55:36.691+0100] {dag.py:4180} INFO - Setting next_dagrun for dataset_s3_bucket_producer to None, run_after=None
[2024-10-04T01:55:36.698+0100] {processor.py:208} INFO - Processing /opt/miniconda3/envs/airflow/lib/python3.8/site-packages/airflow/example_dags/example_dataset_alias.py took 0.092 seconds
[2024-10-04T01:57:43.231+0100] {processor.py:186} INFO - Started process (PID=17602) to work on /opt/miniconda3/envs/airflow/lib/python3.8/site-packages/airflow/example_dags/example_dataset_alias.py
[2024-10-04T01:57:43.231+0100] {processor.py:914} INFO - Processing file /opt/miniconda3/envs/airflow/lib/python3.8/site-packages/airflow/example_dags/example_dataset_alias.py for tasks to queue
[2024-10-04T01:57:43.232+0100] {logging_mixin.py:190} INFO - [2024-10-04T01:57:43.232+0100] {dagbag.py:588} INFO - Filling up the DagBag from /opt/miniconda3/envs/airflow/lib/python3.8/site-packages/airflow/example_dags/example_dataset_alias.py
[2024-10-04T01:57:43.299+0100] {processor.py:925} INFO - DAG(s) 'dataset_s3_bucket_producer', 'dataset_alias_example_alias_producer', 'dataset_alias_example_alias_consumer', 'dataset_s3_bucket_consumer' retrieved from /opt/miniconda3/envs/airflow/lib/python3.8/site-packages/airflow/example_dags/example_dataset_alias.py
[2024-10-04T01:57:43.307+0100] {logging_mixin.py:190} INFO - [2024-10-04T01:57:43.306+0100] {dag.py:3239} INFO - Sync 4 DAGs
[2024-10-04T01:57:43.312+0100] {logging_mixin.py:190} INFO - [2024-10-04T01:57:43.312+0100] {dag.py:4180} INFO - Setting next_dagrun for dataset_alias_example_alias_consumer to None, run_after=None
[2024-10-04T01:57:43.313+0100] {logging_mixin.py:190} INFO - [2024-10-04T01:57:43.313+0100] {dag.py:4180} INFO - Setting next_dagrun for dataset_alias_example_alias_producer to None, run_after=None
[2024-10-04T01:57:43.313+0100] {logging_mixin.py:190} INFO - [2024-10-04T01:57:43.313+0100] {dag.py:4180} INFO - Setting next_dagrun for dataset_s3_bucket_consumer to None, run_after=None
[2024-10-04T01:57:43.313+0100] {logging_mixin.py:190} INFO - [2024-10-04T01:57:43.313+0100] {dag.py:4180} INFO - Setting next_dagrun for dataset_s3_bucket_producer to None, run_after=None
[2024-10-04T01:57:43.320+0100] {processor.py:208} INFO - Processing /opt/miniconda3/envs/airflow/lib/python3.8/site-packages/airflow/example_dags/example_dataset_alias.py took 0.090 seconds
[2024-10-04T03:51:13.390+0100] {processor.py:186} INFO - Started process (PID=17751) to work on /opt/miniconda3/envs/airflow/lib/python3.8/site-packages/airflow/example_dags/example_dataset_alias.py
[2024-10-04T03:51:13.391+0100] {processor.py:914} INFO - Processing file /opt/miniconda3/envs/airflow/lib/python3.8/site-packages/airflow/example_dags/example_dataset_alias.py for tasks to queue
[2024-10-04T03:51:13.392+0100] {logging_mixin.py:190} INFO - [2024-10-04T03:51:13.392+0100] {dagbag.py:588} INFO - Filling up the DagBag from /opt/miniconda3/envs/airflow/lib/python3.8/site-packages/airflow/example_dags/example_dataset_alias.py
[2024-10-04T03:51:13.459+0100] {processor.py:925} INFO - DAG(s) 'dataset_s3_bucket_producer', 'dataset_s3_bucket_consumer', 'dataset_alias_example_alias_consumer', 'dataset_alias_example_alias_producer' retrieved from /opt/miniconda3/envs/airflow/lib/python3.8/site-packages/airflow/example_dags/example_dataset_alias.py
[2024-10-04T03:51:13.467+0100] {logging_mixin.py:190} INFO - [2024-10-04T03:51:13.466+0100] {dag.py:3239} INFO - Sync 4 DAGs
[2024-10-04T03:51:13.472+0100] {logging_mixin.py:190} INFO - [2024-10-04T03:51:13.472+0100] {dag.py:4180} INFO - Setting next_dagrun for dataset_alias_example_alias_consumer to None, run_after=None
[2024-10-04T03:51:13.473+0100] {logging_mixin.py:190} INFO - [2024-10-04T03:51:13.472+0100] {dag.py:4180} INFO - Setting next_dagrun for dataset_alias_example_alias_producer to None, run_after=None
[2024-10-04T03:51:13.473+0100] {logging_mixin.py:190} INFO - [2024-10-04T03:51:13.473+0100] {dag.py:4180} INFO - Setting next_dagrun for dataset_s3_bucket_consumer to None, run_after=None
[2024-10-04T03:51:13.473+0100] {logging_mixin.py:190} INFO - [2024-10-04T03:51:13.473+0100] {dag.py:4180} INFO - Setting next_dagrun for dataset_s3_bucket_producer to None, run_after=None
[2024-10-04T03:51:13.479+0100] {processor.py:208} INFO - Processing /opt/miniconda3/envs/airflow/lib/python3.8/site-packages/airflow/example_dags/example_dataset_alias.py took 0.091 seconds
[2024-10-04T04:10:13.232+0100] {processor.py:186} INFO - Started process (PID=17922) to work on /opt/miniconda3/envs/airflow/lib/python3.8/site-packages/airflow/example_dags/example_dataset_alias.py
[2024-10-04T04:10:13.232+0100] {processor.py:914} INFO - Processing file /opt/miniconda3/envs/airflow/lib/python3.8/site-packages/airflow/example_dags/example_dataset_alias.py for tasks to queue
[2024-10-04T04:10:13.232+0100] {logging_mixin.py:190} INFO - [2024-10-04T04:10:13.232+0100] {dagbag.py:588} INFO - Filling up the DagBag from /opt/miniconda3/envs/airflow/lib/python3.8/site-packages/airflow/example_dags/example_dataset_alias.py
[2024-10-04T04:10:13.300+0100] {processor.py:925} INFO - DAG(s) 'dataset_s3_bucket_producer', 'dataset_s3_bucket_consumer', 'dataset_alias_example_alias_consumer', 'dataset_alias_example_alias_producer' retrieved from /opt/miniconda3/envs/airflow/lib/python3.8/site-packages/airflow/example_dags/example_dataset_alias.py
[2024-10-04T04:10:13.307+0100] {logging_mixin.py:190} INFO - [2024-10-04T04:10:13.307+0100] {dag.py:3239} INFO - Sync 4 DAGs
[2024-10-04T04:10:13.313+0100] {logging_mixin.py:190} INFO - [2024-10-04T04:10:13.313+0100] {dag.py:4180} INFO - Setting next_dagrun for dataset_alias_example_alias_consumer to None, run_after=None
[2024-10-04T04:10:13.313+0100] {logging_mixin.py:190} INFO - [2024-10-04T04:10:13.313+0100] {dag.py:4180} INFO - Setting next_dagrun for dataset_alias_example_alias_producer to None, run_after=None
[2024-10-04T04:10:13.314+0100] {logging_mixin.py:190} INFO - [2024-10-04T04:10:13.314+0100] {dag.py:4180} INFO - Setting next_dagrun for dataset_s3_bucket_consumer to None, run_after=None
[2024-10-04T04:10:13.314+0100] {logging_mixin.py:190} INFO - [2024-10-04T04:10:13.314+0100] {dag.py:4180} INFO - Setting next_dagrun for dataset_s3_bucket_producer to None, run_after=None
[2024-10-04T04:10:13.320+0100] {processor.py:208} INFO - Processing /opt/miniconda3/envs/airflow/lib/python3.8/site-packages/airflow/example_dags/example_dataset_alias.py took 0.090 seconds
[2024-10-04T06:14:26.872+0100] {processor.py:186} INFO - Started process (PID=18076) to work on /opt/miniconda3/envs/airflow/lib/python3.8/site-packages/airflow/example_dags/example_dataset_alias.py
[2024-10-04T06:14:26.873+0100] {processor.py:914} INFO - Processing file /opt/miniconda3/envs/airflow/lib/python3.8/site-packages/airflow/example_dags/example_dataset_alias.py for tasks to queue
[2024-10-04T06:14:26.873+0100] {logging_mixin.py:190} INFO - [2024-10-04T06:14:26.873+0100] {dagbag.py:588} INFO - Filling up the DagBag from /opt/miniconda3/envs/airflow/lib/python3.8/site-packages/airflow/example_dags/example_dataset_alias.py
[2024-10-04T06:14:26.941+0100] {processor.py:925} INFO - DAG(s) 'dataset_alias_example_alias_consumer', 'dataset_s3_bucket_consumer', 'dataset_s3_bucket_producer', 'dataset_alias_example_alias_producer' retrieved from /opt/miniconda3/envs/airflow/lib/python3.8/site-packages/airflow/example_dags/example_dataset_alias.py
[2024-10-04T06:14:26.949+0100] {logging_mixin.py:190} INFO - [2024-10-04T06:14:26.949+0100] {dag.py:3239} INFO - Sync 4 DAGs
[2024-10-04T06:14:26.954+0100] {logging_mixin.py:190} INFO - [2024-10-04T06:14:26.954+0100] {dag.py:4180} INFO - Setting next_dagrun for dataset_alias_example_alias_consumer to None, run_after=None
[2024-10-04T06:14:26.955+0100] {logging_mixin.py:190} INFO - [2024-10-04T06:14:26.955+0100] {dag.py:4180} INFO - Setting next_dagrun for dataset_alias_example_alias_producer to None, run_after=None
[2024-10-04T06:14:26.955+0100] {logging_mixin.py:190} INFO - [2024-10-04T06:14:26.955+0100] {dag.py:4180} INFO - Setting next_dagrun for dataset_s3_bucket_consumer to None, run_after=None
[2024-10-04T06:14:26.955+0100] {logging_mixin.py:190} INFO - [2024-10-04T06:14:26.955+0100] {dag.py:4180} INFO - Setting next_dagrun for dataset_s3_bucket_producer to None, run_after=None
[2024-10-04T06:14:26.961+0100] {processor.py:208} INFO - Processing /opt/miniconda3/envs/airflow/lib/python3.8/site-packages/airflow/example_dags/example_dataset_alias.py took 0.091 seconds
[2024-10-04T06:16:18.280+0100] {processor.py:186} INFO - Started process (PID=19897) to work on /opt/miniconda3/envs/airflow/lib/python3.8/site-packages/airflow/example_dags/example_dataset_alias.py
[2024-10-04T06:16:18.281+0100] {processor.py:914} INFO - Processing file /opt/miniconda3/envs/airflow/lib/python3.8/site-packages/airflow/example_dags/example_dataset_alias.py for tasks to queue
[2024-10-04T06:16:18.281+0100] {logging_mixin.py:190} INFO - [2024-10-04T06:16:18.281+0100] {dagbag.py:588} INFO - Filling up the DagBag from /opt/miniconda3/envs/airflow/lib/python3.8/site-packages/airflow/example_dags/example_dataset_alias.py
[2024-10-04T06:16:18.349+0100] {processor.py:925} INFO - DAG(s) 'dataset_s3_bucket_consumer', 'dataset_alias_example_alias_producer', 'dataset_s3_bucket_producer', 'dataset_alias_example_alias_consumer' retrieved from /opt/miniconda3/envs/airflow/lib/python3.8/site-packages/airflow/example_dags/example_dataset_alias.py
[2024-10-04T06:16:18.357+0100] {logging_mixin.py:190} INFO - [2024-10-04T06:16:18.357+0100] {dag.py:3239} INFO - Sync 4 DAGs
[2024-10-04T06:16:18.362+0100] {logging_mixin.py:190} INFO - [2024-10-04T06:16:18.362+0100] {dag.py:4180} INFO - Setting next_dagrun for dataset_alias_example_alias_consumer to None, run_after=None
[2024-10-04T06:16:18.363+0100] {logging_mixin.py:190} INFO - [2024-10-04T06:16:18.363+0100] {dag.py:4180} INFO - Setting next_dagrun for dataset_alias_example_alias_producer to None, run_after=None
[2024-10-04T06:16:18.363+0100] {logging_mixin.py:190} INFO - [2024-10-04T06:16:18.363+0100] {dag.py:4180} INFO - Setting next_dagrun for dataset_s3_bucket_consumer to None, run_after=None
[2024-10-04T06:16:18.364+0100] {logging_mixin.py:190} INFO - [2024-10-04T06:16:18.364+0100] {dag.py:4180} INFO - Setting next_dagrun for dataset_s3_bucket_producer to None, run_after=None
[2024-10-04T06:16:18.370+0100] {processor.py:208} INFO - Processing /opt/miniconda3/envs/airflow/lib/python3.8/site-packages/airflow/example_dags/example_dataset_alias.py took 0.092 seconds
[2024-10-04T08:38:57.438+0100] {processor.py:186} INFO - Started process (PID=20141) to work on /opt/miniconda3/envs/airflow/lib/python3.8/site-packages/airflow/example_dags/example_dataset_alias.py
[2024-10-04T08:38:57.439+0100] {processor.py:914} INFO - Processing file /opt/miniconda3/envs/airflow/lib/python3.8/site-packages/airflow/example_dags/example_dataset_alias.py for tasks to queue
[2024-10-04T08:38:57.439+0100] {logging_mixin.py:190} INFO - [2024-10-04T08:38:57.439+0100] {dagbag.py:588} INFO - Filling up the DagBag from /opt/miniconda3/envs/airflow/lib/python3.8/site-packages/airflow/example_dags/example_dataset_alias.py
[2024-10-04T08:38:57.508+0100] {processor.py:925} INFO - DAG(s) 'dataset_alias_example_alias_consumer', 'dataset_alias_example_alias_producer', 'dataset_s3_bucket_consumer', 'dataset_s3_bucket_producer' retrieved from /opt/miniconda3/envs/airflow/lib/python3.8/site-packages/airflow/example_dags/example_dataset_alias.py
[2024-10-04T08:38:57.516+0100] {logging_mixin.py:190} INFO - [2024-10-04T08:38:57.515+0100] {dag.py:3239} INFO - Sync 4 DAGs
[2024-10-04T08:38:57.521+0100] {logging_mixin.py:190} INFO - [2024-10-04T08:38:57.521+0100] {dag.py:4180} INFO - Setting next_dagrun for dataset_alias_example_alias_consumer to None, run_after=None
[2024-10-04T08:38:57.522+0100] {logging_mixin.py:190} INFO - [2024-10-04T08:38:57.521+0100] {dag.py:4180} INFO - Setting next_dagrun for dataset_alias_example_alias_producer to None, run_after=None
[2024-10-04T08:38:57.522+0100] {logging_mixin.py:190} INFO - [2024-10-04T08:38:57.522+0100] {dag.py:4180} INFO - Setting next_dagrun for dataset_s3_bucket_consumer to None, run_after=None
[2024-10-04T08:38:57.522+0100] {logging_mixin.py:190} INFO - [2024-10-04T08:38:57.522+0100] {dag.py:4180} INFO - Setting next_dagrun for dataset_s3_bucket_producer to None, run_after=None
[2024-10-04T08:38:57.528+0100] {processor.py:208} INFO - Processing /opt/miniconda3/envs/airflow/lib/python3.8/site-packages/airflow/example_dags/example_dataset_alias.py took 0.092 seconds
[2024-10-04T08:40:49.246+0100] {processor.py:186} INFO - Started process (PID=20297) to work on /opt/miniconda3/envs/airflow/lib/python3.8/site-packages/airflow/example_dags/example_dataset_alias.py
[2024-10-04T08:40:49.246+0100] {processor.py:914} INFO - Processing file /opt/miniconda3/envs/airflow/lib/python3.8/site-packages/airflow/example_dags/example_dataset_alias.py for tasks to queue
[2024-10-04T08:40:49.246+0100] {logging_mixin.py:190} INFO - [2024-10-04T08:40:49.246+0100] {dagbag.py:588} INFO - Filling up the DagBag from /opt/miniconda3/envs/airflow/lib/python3.8/site-packages/airflow/example_dags/example_dataset_alias.py
[2024-10-04T08:40:49.313+0100] {processor.py:925} INFO - DAG(s) 'dataset_s3_bucket_producer', 'dataset_alias_example_alias_producer', 'dataset_s3_bucket_consumer', 'dataset_alias_example_alias_consumer' retrieved from /opt/miniconda3/envs/airflow/lib/python3.8/site-packages/airflow/example_dags/example_dataset_alias.py
[2024-10-04T08:40:49.321+0100] {logging_mixin.py:190} INFO - [2024-10-04T08:40:49.321+0100] {dag.py:3239} INFO - Sync 4 DAGs
[2024-10-04T08:40:49.326+0100] {logging_mixin.py:190} INFO - [2024-10-04T08:40:49.326+0100] {dag.py:4180} INFO - Setting next_dagrun for dataset_alias_example_alias_consumer to None, run_after=None
[2024-10-04T08:40:49.327+0100] {logging_mixin.py:190} INFO - [2024-10-04T08:40:49.327+0100] {dag.py:4180} INFO - Setting next_dagrun for dataset_alias_example_alias_producer to None, run_after=None
[2024-10-04T08:40:49.327+0100] {logging_mixin.py:190} INFO - [2024-10-04T08:40:49.327+0100] {dag.py:4180} INFO - Setting next_dagrun for dataset_s3_bucket_consumer to None, run_after=None
[2024-10-04T08:40:49.327+0100] {logging_mixin.py:190} INFO - [2024-10-04T08:40:49.327+0100] {dag.py:4180} INFO - Setting next_dagrun for dataset_s3_bucket_producer to None, run_after=None
[2024-10-04T08:40:49.334+0100] {processor.py:208} INFO - Processing /opt/miniconda3/envs/airflow/lib/python3.8/site-packages/airflow/example_dags/example_dataset_alias.py took 0.090 seconds
[2024-10-04T09:41:38.708+0100] {processor.py:186} INFO - Started process (PID=20543) to work on /opt/miniconda3/envs/airflow/lib/python3.8/site-packages/airflow/example_dags/example_dataset_alias.py
[2024-10-04T09:41:38.709+0100] {processor.py:914} INFO - Processing file /opt/miniconda3/envs/airflow/lib/python3.8/site-packages/airflow/example_dags/example_dataset_alias.py for tasks to queue
[2024-10-04T09:41:38.709+0100] {logging_mixin.py:190} INFO - [2024-10-04T09:41:38.709+0100] {dagbag.py:588} INFO - Filling up the DagBag from /opt/miniconda3/envs/airflow/lib/python3.8/site-packages/airflow/example_dags/example_dataset_alias.py
[2024-10-04T09:41:38.777+0100] {processor.py:925} INFO - DAG(s) 'dataset_alias_example_alias_consumer', 'dataset_s3_bucket_producer', 'dataset_s3_bucket_consumer', 'dataset_alias_example_alias_producer' retrieved from /opt/miniconda3/envs/airflow/lib/python3.8/site-packages/airflow/example_dags/example_dataset_alias.py
[2024-10-04T09:41:38.784+0100] {logging_mixin.py:190} INFO - [2024-10-04T09:41:38.784+0100] {dag.py:3239} INFO - Sync 4 DAGs
[2024-10-04T09:41:38.790+0100] {logging_mixin.py:190} INFO - [2024-10-04T09:41:38.790+0100] {dag.py:4180} INFO - Setting next_dagrun for dataset_alias_example_alias_consumer to None, run_after=None
[2024-10-04T09:41:38.790+0100] {logging_mixin.py:190} INFO - [2024-10-04T09:41:38.790+0100] {dag.py:4180} INFO - Setting next_dagrun for dataset_alias_example_alias_producer to None, run_after=None
[2024-10-04T09:41:38.791+0100] {logging_mixin.py:190} INFO - [2024-10-04T09:41:38.791+0100] {dag.py:4180} INFO - Setting next_dagrun for dataset_s3_bucket_consumer to None, run_after=None
[2024-10-04T09:41:38.791+0100] {logging_mixin.py:190} INFO - [2024-10-04T09:41:38.791+0100] {dag.py:4180} INFO - Setting next_dagrun for dataset_s3_bucket_producer to None, run_after=None
[2024-10-04T09:41:38.797+0100] {processor.py:208} INFO - Processing /opt/miniconda3/envs/airflow/lib/python3.8/site-packages/airflow/example_dags/example_dataset_alias.py took 0.090 seconds
[2024-10-04T09:43:32.292+0100] {processor.py:186} INFO - Started process (PID=20692) to work on /opt/miniconda3/envs/airflow/lib/python3.8/site-packages/airflow/example_dags/example_dataset_alias.py
[2024-10-04T09:43:32.292+0100] {processor.py:914} INFO - Processing file /opt/miniconda3/envs/airflow/lib/python3.8/site-packages/airflow/example_dags/example_dataset_alias.py for tasks to queue
[2024-10-04T09:43:32.292+0100] {logging_mixin.py:190} INFO - [2024-10-04T09:43:32.292+0100] {dagbag.py:588} INFO - Filling up the DagBag from /opt/miniconda3/envs/airflow/lib/python3.8/site-packages/airflow/example_dags/example_dataset_alias.py
[2024-10-04T09:43:32.360+0100] {processor.py:925} INFO - DAG(s) 'dataset_alias_example_alias_consumer', 'dataset_s3_bucket_producer', 'dataset_s3_bucket_consumer', 'dataset_alias_example_alias_producer' retrieved from /opt/miniconda3/envs/airflow/lib/python3.8/site-packages/airflow/example_dags/example_dataset_alias.py
[2024-10-04T09:43:32.367+0100] {logging_mixin.py:190} INFO - [2024-10-04T09:43:32.367+0100] {dag.py:3239} INFO - Sync 4 DAGs
[2024-10-04T09:43:32.373+0100] {logging_mixin.py:190} INFO - [2024-10-04T09:43:32.373+0100] {dag.py:4180} INFO - Setting next_dagrun for dataset_alias_example_alias_consumer to None, run_after=None
[2024-10-04T09:43:32.373+0100] {logging_mixin.py:190} INFO - [2024-10-04T09:43:32.373+0100] {dag.py:4180} INFO - Setting next_dagrun for dataset_alias_example_alias_producer to None, run_after=None
[2024-10-04T09:43:32.374+0100] {logging_mixin.py:190} INFO - [2024-10-04T09:43:32.374+0100] {dag.py:4180} INFO - Setting next_dagrun for dataset_s3_bucket_consumer to None, run_after=None
[2024-10-04T09:43:32.374+0100] {logging_mixin.py:190} INFO - [2024-10-04T09:43:32.374+0100] {dag.py:4180} INFO - Setting next_dagrun for dataset_s3_bucket_producer to None, run_after=None
[2024-10-04T09:43:32.380+0100] {processor.py:208} INFO - Processing /opt/miniconda3/envs/airflow/lib/python3.8/site-packages/airflow/example_dags/example_dataset_alias.py took 0.090 seconds
[2024-10-04T10:20:37.143+0100] {processor.py:186} INFO - Started process (PID=20896) to work on /opt/miniconda3/envs/airflow/lib/python3.8/site-packages/airflow/example_dags/example_dataset_alias.py
[2024-10-04T10:20:37.144+0100] {processor.py:914} INFO - Processing file /opt/miniconda3/envs/airflow/lib/python3.8/site-packages/airflow/example_dags/example_dataset_alias.py for tasks to queue
[2024-10-04T10:20:37.144+0100] {logging_mixin.py:190} INFO - [2024-10-04T10:20:37.144+0100] {dagbag.py:588} INFO - Filling up the DagBag from /opt/miniconda3/envs/airflow/lib/python3.8/site-packages/airflow/example_dags/example_dataset_alias.py
[2024-10-04T10:20:37.215+0100] {processor.py:925} INFO - DAG(s) 'dataset_alias_example_alias_consumer', 'dataset_alias_example_alias_producer', 'dataset_s3_bucket_consumer', 'dataset_s3_bucket_producer' retrieved from /opt/miniconda3/envs/airflow/lib/python3.8/site-packages/airflow/example_dags/example_dataset_alias.py
[2024-10-04T10:20:37.223+0100] {logging_mixin.py:190} INFO - [2024-10-04T10:20:37.223+0100] {dag.py:3239} INFO - Sync 4 DAGs
[2024-10-04T10:20:37.228+0100] {logging_mixin.py:190} INFO - [2024-10-04T10:20:37.228+0100] {dag.py:4180} INFO - Setting next_dagrun for dataset_alias_example_alias_consumer to None, run_after=None
[2024-10-04T10:20:37.229+0100] {logging_mixin.py:190} INFO - [2024-10-04T10:20:37.229+0100] {dag.py:4180} INFO - Setting next_dagrun for dataset_alias_example_alias_producer to None, run_after=None
[2024-10-04T10:20:37.229+0100] {logging_mixin.py:190} INFO - [2024-10-04T10:20:37.229+0100] {dag.py:4180} INFO - Setting next_dagrun for dataset_s3_bucket_consumer to None, run_after=None
[2024-10-04T10:20:37.229+0100] {logging_mixin.py:190} INFO - [2024-10-04T10:20:37.229+0100] {dag.py:4180} INFO - Setting next_dagrun for dataset_s3_bucket_producer to None, run_after=None
[2024-10-04T10:20:37.236+0100] {processor.py:208} INFO - Processing /opt/miniconda3/envs/airflow/lib/python3.8/site-packages/airflow/example_dags/example_dataset_alias.py took 0.095 seconds
[2024-10-04T10:22:39.156+0100] {processor.py:186} INFO - Started process (PID=21055) to work on /opt/miniconda3/envs/airflow/lib/python3.8/site-packages/airflow/example_dags/example_dataset_alias.py
[2024-10-04T10:22:39.156+0100] {processor.py:914} INFO - Processing file /opt/miniconda3/envs/airflow/lib/python3.8/site-packages/airflow/example_dags/example_dataset_alias.py for tasks to queue
[2024-10-04T10:22:39.157+0100] {logging_mixin.py:190} INFO - [2024-10-04T10:22:39.156+0100] {dagbag.py:588} INFO - Filling up the DagBag from /opt/miniconda3/envs/airflow/lib/python3.8/site-packages/airflow/example_dags/example_dataset_alias.py
[2024-10-04T10:22:39.227+0100] {processor.py:925} INFO - DAG(s) 'dataset_alias_example_alias_producer', 'dataset_s3_bucket_consumer', 'dataset_s3_bucket_producer', 'dataset_alias_example_alias_consumer' retrieved from /opt/miniconda3/envs/airflow/lib/python3.8/site-packages/airflow/example_dags/example_dataset_alias.py
[2024-10-04T10:22:39.235+0100] {logging_mixin.py:190} INFO - [2024-10-04T10:22:39.235+0100] {dag.py:3239} INFO - Sync 4 DAGs
[2024-10-04T10:22:39.240+0100] {logging_mixin.py:190} INFO - [2024-10-04T10:22:39.240+0100] {dag.py:4180} INFO - Setting next_dagrun for dataset_alias_example_alias_consumer to None, run_after=None
[2024-10-04T10:22:39.241+0100] {logging_mixin.py:190} INFO - [2024-10-04T10:22:39.241+0100] {dag.py:4180} INFO - Setting next_dagrun for dataset_alias_example_alias_producer to None, run_after=None
[2024-10-04T10:22:39.241+0100] {logging_mixin.py:190} INFO - [2024-10-04T10:22:39.241+0100] {dag.py:4180} INFO - Setting next_dagrun for dataset_s3_bucket_consumer to None, run_after=None
[2024-10-04T10:22:39.241+0100] {logging_mixin.py:190} INFO - [2024-10-04T10:22:39.241+0100] {dag.py:4180} INFO - Setting next_dagrun for dataset_s3_bucket_producer to None, run_after=None
[2024-10-04T10:22:39.247+0100] {processor.py:208} INFO - Processing /opt/miniconda3/envs/airflow/lib/python3.8/site-packages/airflow/example_dags/example_dataset_alias.py took 0.093 seconds
[2024-10-04T10:25:54.011+0100] {processor.py:186} INFO - Started process (PID=21225) to work on /opt/miniconda3/envs/airflow/lib/python3.8/site-packages/airflow/example_dags/example_dataset_alias.py
[2024-10-04T10:25:54.013+0100] {processor.py:914} INFO - Processing file /opt/miniconda3/envs/airflow/lib/python3.8/site-packages/airflow/example_dags/example_dataset_alias.py for tasks to queue
[2024-10-04T10:25:54.013+0100] {logging_mixin.py:190} INFO - [2024-10-04T10:25:54.013+0100] {dagbag.py:588} INFO - Filling up the DagBag from /opt/miniconda3/envs/airflow/lib/python3.8/site-packages/airflow/example_dags/example_dataset_alias.py
[2024-10-04T10:25:54.082+0100] {processor.py:925} INFO - DAG(s) 'dataset_alias_example_alias_producer', 'dataset_alias_example_alias_consumer', 'dataset_s3_bucket_consumer', 'dataset_s3_bucket_producer' retrieved from /opt/miniconda3/envs/airflow/lib/python3.8/site-packages/airflow/example_dags/example_dataset_alias.py
[2024-10-04T10:25:54.090+0100] {logging_mixin.py:190} INFO - [2024-10-04T10:25:54.089+0100] {dag.py:3239} INFO - Sync 4 DAGs
[2024-10-04T10:25:54.095+0100] {logging_mixin.py:190} INFO - [2024-10-04T10:25:54.095+0100] {dag.py:4180} INFO - Setting next_dagrun for dataset_alias_example_alias_consumer to None, run_after=None
[2024-10-04T10:25:54.095+0100] {logging_mixin.py:190} INFO - [2024-10-04T10:25:54.095+0100] {dag.py:4180} INFO - Setting next_dagrun for dataset_alias_example_alias_producer to None, run_after=None
[2024-10-04T10:25:54.096+0100] {logging_mixin.py:190} INFO - [2024-10-04T10:25:54.096+0100] {dag.py:4180} INFO - Setting next_dagrun for dataset_s3_bucket_consumer to None, run_after=None
[2024-10-04T10:25:54.096+0100] {logging_mixin.py:190} INFO - [2024-10-04T10:25:54.096+0100] {dag.py:4180} INFO - Setting next_dagrun for dataset_s3_bucket_producer to None, run_after=None
[2024-10-04T10:25:54.102+0100] {processor.py:208} INFO - Processing /opt/miniconda3/envs/airflow/lib/python3.8/site-packages/airflow/example_dags/example_dataset_alias.py took 0.093 seconds
[2024-10-04T10:27:47.548+0100] {processor.py:186} INFO - Started process (PID=21377) to work on /opt/miniconda3/envs/airflow/lib/python3.8/site-packages/airflow/example_dags/example_dataset_alias.py
[2024-10-04T10:27:47.549+0100] {processor.py:914} INFO - Processing file /opt/miniconda3/envs/airflow/lib/python3.8/site-packages/airflow/example_dags/example_dataset_alias.py for tasks to queue
[2024-10-04T10:27:47.549+0100] {logging_mixin.py:190} INFO - [2024-10-04T10:27:47.549+0100] {dagbag.py:588} INFO - Filling up the DagBag from /opt/miniconda3/envs/airflow/lib/python3.8/site-packages/airflow/example_dags/example_dataset_alias.py
[2024-10-04T10:27:47.617+0100] {processor.py:925} INFO - DAG(s) 'dataset_s3_bucket_consumer', 'dataset_alias_example_alias_consumer', 'dataset_alias_example_alias_producer', 'dataset_s3_bucket_producer' retrieved from /opt/miniconda3/envs/airflow/lib/python3.8/site-packages/airflow/example_dags/example_dataset_alias.py
[2024-10-04T10:27:47.625+0100] {logging_mixin.py:190} INFO - [2024-10-04T10:27:47.625+0100] {dag.py:3239} INFO - Sync 4 DAGs
[2024-10-04T10:27:47.630+0100] {logging_mixin.py:190} INFO - [2024-10-04T10:27:47.630+0100] {dag.py:4180} INFO - Setting next_dagrun for dataset_alias_example_alias_consumer to None, run_after=None
[2024-10-04T10:27:47.631+0100] {logging_mixin.py:190} INFO - [2024-10-04T10:27:47.631+0100] {dag.py:4180} INFO - Setting next_dagrun for dataset_alias_example_alias_producer to None, run_after=None
[2024-10-04T10:27:47.631+0100] {logging_mixin.py:190} INFO - [2024-10-04T10:27:47.631+0100] {dag.py:4180} INFO - Setting next_dagrun for dataset_s3_bucket_consumer to None, run_after=None
[2024-10-04T10:27:47.631+0100] {logging_mixin.py:190} INFO - [2024-10-04T10:27:47.631+0100] {dag.py:4180} INFO - Setting next_dagrun for dataset_s3_bucket_producer to None, run_after=None
[2024-10-04T10:27:47.638+0100] {processor.py:208} INFO - Processing /opt/miniconda3/envs/airflow/lib/python3.8/site-packages/airflow/example_dags/example_dataset_alias.py took 0.092 seconds
[2024-10-04T10:29:42.517+0100] {processor.py:186} INFO - Started process (PID=21564) to work on /opt/miniconda3/envs/airflow/lib/python3.8/site-packages/airflow/example_dags/example_dataset_alias.py
[2024-10-04T10:29:42.518+0100] {processor.py:914} INFO - Processing file /opt/miniconda3/envs/airflow/lib/python3.8/site-packages/airflow/example_dags/example_dataset_alias.py for tasks to queue
[2024-10-04T10:29:42.518+0100] {logging_mixin.py:190} INFO - [2024-10-04T10:29:42.518+0100] {dagbag.py:588} INFO - Filling up the DagBag from /opt/miniconda3/envs/airflow/lib/python3.8/site-packages/airflow/example_dags/example_dataset_alias.py
[2024-10-04T10:29:42.587+0100] {processor.py:925} INFO - DAG(s) 'dataset_alias_example_alias_consumer', 'dataset_s3_bucket_consumer', 'dataset_alias_example_alias_producer', 'dataset_s3_bucket_producer' retrieved from /opt/miniconda3/envs/airflow/lib/python3.8/site-packages/airflow/example_dags/example_dataset_alias.py
[2024-10-04T10:29:42.595+0100] {logging_mixin.py:190} INFO - [2024-10-04T10:29:42.595+0100] {dag.py:3239} INFO - Sync 4 DAGs
[2024-10-04T10:29:42.601+0100] {logging_mixin.py:190} INFO - [2024-10-04T10:29:42.601+0100] {dag.py:4180} INFO - Setting next_dagrun for dataset_alias_example_alias_consumer to None, run_after=None
[2024-10-04T10:29:42.601+0100] {logging_mixin.py:190} INFO - [2024-10-04T10:29:42.601+0100] {dag.py:4180} INFO - Setting next_dagrun for dataset_alias_example_alias_producer to None, run_after=None
[2024-10-04T10:29:42.601+0100] {logging_mixin.py:190} INFO - [2024-10-04T10:29:42.601+0100] {dag.py:4180} INFO - Setting next_dagrun for dataset_s3_bucket_consumer to None, run_after=None
[2024-10-04T10:29:42.602+0100] {logging_mixin.py:190} INFO - [2024-10-04T10:29:42.602+0100] {dag.py:4180} INFO - Setting next_dagrun for dataset_s3_bucket_producer to None, run_after=None
[2024-10-04T10:29:42.608+0100] {processor.py:208} INFO - Processing /opt/miniconda3/envs/airflow/lib/python3.8/site-packages/airflow/example_dags/example_dataset_alias.py took 0.093 seconds
[2024-10-04T10:31:36.597+0100] {processor.py:186} INFO - Started process (PID=21730) to work on /opt/miniconda3/envs/airflow/lib/python3.8/site-packages/airflow/example_dags/example_dataset_alias.py
[2024-10-04T10:31:36.597+0100] {processor.py:914} INFO - Processing file /opt/miniconda3/envs/airflow/lib/python3.8/site-packages/airflow/example_dags/example_dataset_alias.py for tasks to queue
[2024-10-04T10:31:36.598+0100] {logging_mixin.py:190} INFO - [2024-10-04T10:31:36.598+0100] {dagbag.py:588} INFO - Filling up the DagBag from /opt/miniconda3/envs/airflow/lib/python3.8/site-packages/airflow/example_dags/example_dataset_alias.py
[2024-10-04T10:31:36.667+0100] {processor.py:925} INFO - DAG(s) 'dataset_s3_bucket_producer', 'dataset_alias_example_alias_consumer', 'dataset_alias_example_alias_producer', 'dataset_s3_bucket_consumer' retrieved from /opt/miniconda3/envs/airflow/lib/python3.8/site-packages/airflow/example_dags/example_dataset_alias.py
[2024-10-04T10:31:36.674+0100] {logging_mixin.py:190} INFO - [2024-10-04T10:31:36.674+0100] {dag.py:3239} INFO - Sync 4 DAGs
[2024-10-04T10:31:36.680+0100] {logging_mixin.py:190} INFO - [2024-10-04T10:31:36.680+0100] {dag.py:4180} INFO - Setting next_dagrun for dataset_alias_example_alias_consumer to None, run_after=None
[2024-10-04T10:31:36.680+0100] {logging_mixin.py:190} INFO - [2024-10-04T10:31:36.680+0100] {dag.py:4180} INFO - Setting next_dagrun for dataset_alias_example_alias_producer to None, run_after=None
[2024-10-04T10:31:36.681+0100] {logging_mixin.py:190} INFO - [2024-10-04T10:31:36.681+0100] {dag.py:4180} INFO - Setting next_dagrun for dataset_s3_bucket_consumer to None, run_after=None
[2024-10-04T10:31:36.681+0100] {logging_mixin.py:190} INFO - [2024-10-04T10:31:36.681+0100] {dag.py:4180} INFO - Setting next_dagrun for dataset_s3_bucket_producer to None, run_after=None
[2024-10-04T10:31:36.687+0100] {processor.py:208} INFO - Processing /opt/miniconda3/envs/airflow/lib/python3.8/site-packages/airflow/example_dags/example_dataset_alias.py took 0.092 seconds
[2024-10-04T10:33:40.601+0100] {processor.py:186} INFO - Started process (PID=21902) to work on /opt/miniconda3/envs/airflow/lib/python3.8/site-packages/airflow/example_dags/example_dataset_alias.py
[2024-10-04T10:33:40.601+0100] {processor.py:914} INFO - Processing file /opt/miniconda3/envs/airflow/lib/python3.8/site-packages/airflow/example_dags/example_dataset_alias.py for tasks to queue
[2024-10-04T10:33:40.601+0100] {logging_mixin.py:190} INFO - [2024-10-04T10:33:40.601+0100] {dagbag.py:588} INFO - Filling up the DagBag from /opt/miniconda3/envs/airflow/lib/python3.8/site-packages/airflow/example_dags/example_dataset_alias.py
[2024-10-04T10:33:40.672+0100] {processor.py:925} INFO - DAG(s) 'dataset_s3_bucket_consumer', 'dataset_s3_bucket_producer', 'dataset_alias_example_alias_producer', 'dataset_alias_example_alias_consumer' retrieved from /opt/miniconda3/envs/airflow/lib/python3.8/site-packages/airflow/example_dags/example_dataset_alias.py
[2024-10-04T10:33:40.680+0100] {logging_mixin.py:190} INFO - [2024-10-04T10:33:40.679+0100] {dag.py:3239} INFO - Sync 4 DAGs
[2024-10-04T10:33:40.685+0100] {logging_mixin.py:190} INFO - [2024-10-04T10:33:40.685+0100] {dag.py:4180} INFO - Setting next_dagrun for dataset_alias_example_alias_consumer to None, run_after=None
[2024-10-04T10:33:40.686+0100] {logging_mixin.py:190} INFO - [2024-10-04T10:33:40.686+0100] {dag.py:4180} INFO - Setting next_dagrun for dataset_alias_example_alias_producer to None, run_after=None
[2024-10-04T10:33:40.686+0100] {logging_mixin.py:190} INFO - [2024-10-04T10:33:40.686+0100] {dag.py:4180} INFO - Setting next_dagrun for dataset_s3_bucket_consumer to None, run_after=None
[2024-10-04T10:33:40.686+0100] {logging_mixin.py:190} INFO - [2024-10-04T10:33:40.686+0100] {dag.py:4180} INFO - Setting next_dagrun for dataset_s3_bucket_producer to None, run_after=None
[2024-10-04T10:33:40.692+0100] {processor.py:208} INFO - Processing /opt/miniconda3/envs/airflow/lib/python3.8/site-packages/airflow/example_dags/example_dataset_alias.py took 0.094 seconds
[2024-10-04T10:35:55.332+0100] {processor.py:186} INFO - Started process (PID=22076) to work on /opt/miniconda3/envs/airflow/lib/python3.8/site-packages/airflow/example_dags/example_dataset_alias.py
[2024-10-04T10:35:55.332+0100] {processor.py:914} INFO - Processing file /opt/miniconda3/envs/airflow/lib/python3.8/site-packages/airflow/example_dags/example_dataset_alias.py for tasks to queue
[2024-10-04T10:35:55.332+0100] {logging_mixin.py:190} INFO - [2024-10-04T10:35:55.332+0100] {dagbag.py:588} INFO - Filling up the DagBag from /opt/miniconda3/envs/airflow/lib/python3.8/site-packages/airflow/example_dags/example_dataset_alias.py
[2024-10-04T10:35:55.401+0100] {processor.py:925} INFO - DAG(s) 'dataset_alias_example_alias_producer', 'dataset_s3_bucket_producer', 'dataset_s3_bucket_consumer', 'dataset_alias_example_alias_consumer' retrieved from /opt/miniconda3/envs/airflow/lib/python3.8/site-packages/airflow/example_dags/example_dataset_alias.py
[2024-10-04T10:35:55.408+0100] {logging_mixin.py:190} INFO - [2024-10-04T10:35:55.408+0100] {dag.py:3239} INFO - Sync 4 DAGs
[2024-10-04T10:35:55.413+0100] {logging_mixin.py:190} INFO - [2024-10-04T10:35:55.413+0100] {dag.py:4180} INFO - Setting next_dagrun for dataset_alias_example_alias_consumer to None, run_after=None
[2024-10-04T10:35:55.414+0100] {logging_mixin.py:190} INFO - [2024-10-04T10:35:55.414+0100] {dag.py:4180} INFO - Setting next_dagrun for dataset_alias_example_alias_producer to None, run_after=None
[2024-10-04T10:35:55.414+0100] {logging_mixin.py:190} INFO - [2024-10-04T10:35:55.414+0100] {dag.py:4180} INFO - Setting next_dagrun for dataset_s3_bucket_consumer to None, run_after=None
[2024-10-04T10:35:55.415+0100] {logging_mixin.py:190} INFO - [2024-10-04T10:35:55.415+0100] {dag.py:4180} INFO - Setting next_dagrun for dataset_s3_bucket_producer to None, run_after=None
[2024-10-04T10:35:55.421+0100] {processor.py:208} INFO - Processing /opt/miniconda3/envs/airflow/lib/python3.8/site-packages/airflow/example_dags/example_dataset_alias.py took 0.091 seconds
[2024-10-04T10:38:09.612+0100] {processor.py:186} INFO - Started process (PID=22247) to work on /opt/miniconda3/envs/airflow/lib/python3.8/site-packages/airflow/example_dags/example_dataset_alias.py
[2024-10-04T10:38:09.613+0100] {processor.py:914} INFO - Processing file /opt/miniconda3/envs/airflow/lib/python3.8/site-packages/airflow/example_dags/example_dataset_alias.py for tasks to queue
[2024-10-04T10:38:09.614+0100] {logging_mixin.py:190} INFO - [2024-10-04T10:38:09.614+0100] {dagbag.py:588} INFO - Filling up the DagBag from /opt/miniconda3/envs/airflow/lib/python3.8/site-packages/airflow/example_dags/example_dataset_alias.py
[2024-10-04T10:38:09.683+0100] {processor.py:925} INFO - DAG(s) 'dataset_alias_example_alias_producer', 'dataset_s3_bucket_consumer', 'dataset_s3_bucket_producer', 'dataset_alias_example_alias_consumer' retrieved from /opt/miniconda3/envs/airflow/lib/python3.8/site-packages/airflow/example_dags/example_dataset_alias.py
[2024-10-04T10:38:09.690+0100] {logging_mixin.py:190} INFO - [2024-10-04T10:38:09.690+0100] {dag.py:3239} INFO - Sync 4 DAGs
[2024-10-04T10:38:09.696+0100] {logging_mixin.py:190} INFO - [2024-10-04T10:38:09.696+0100] {dag.py:4180} INFO - Setting next_dagrun for dataset_alias_example_alias_consumer to None, run_after=None
[2024-10-04T10:38:09.696+0100] {logging_mixin.py:190} INFO - [2024-10-04T10:38:09.696+0100] {dag.py:4180} INFO - Setting next_dagrun for dataset_alias_example_alias_producer to None, run_after=None
[2024-10-04T10:38:09.697+0100] {logging_mixin.py:190} INFO - [2024-10-04T10:38:09.697+0100] {dag.py:4180} INFO - Setting next_dagrun for dataset_s3_bucket_consumer to None, run_after=None
[2024-10-04T10:38:09.697+0100] {logging_mixin.py:190} INFO - [2024-10-04T10:38:09.697+0100] {dag.py:4180} INFO - Setting next_dagrun for dataset_s3_bucket_producer to None, run_after=None
[2024-10-04T10:38:09.704+0100] {processor.py:208} INFO - Processing /opt/miniconda3/envs/airflow/lib/python3.8/site-packages/airflow/example_dags/example_dataset_alias.py took 0.093 seconds
