[2024-10-04T01:55:16.287+0100] {processor.py:186} INFO - Started process (PID=17418) to work on /opt/miniconda3/envs/airflow/lib/python3.8/site-packages/airflow/example_dags/example_nested_branch_dag.py
[2024-10-04T01:55:16.287+0100] {processor.py:914} INFO - Processing file /opt/miniconda3/envs/airflow/lib/python3.8/site-packages/airflow/example_dags/example_nested_branch_dag.py for tasks to queue
[2024-10-04T01:55:16.287+0100] {logging_mixin.py:190} INFO - [2024-10-04T01:55:16.287+0100] {dagbag.py:588} INFO - Filling up the DagBag from /opt/miniconda3/envs/airflow/lib/python3.8/site-packages/airflow/example_dags/example_nested_branch_dag.py
[2024-10-04T01:55:16.315+0100] {processor.py:925} INFO - DAG(s) 'example_nested_branch_dag' retrieved from /opt/miniconda3/envs/airflow/lib/python3.8/site-packages/airflow/example_dags/example_nested_branch_dag.py
[2024-10-04T01:55:16.348+0100] {logging_mixin.py:190} INFO - [2024-10-04T01:55:16.348+0100] {dag.py:3239} INFO - Sync 1 DAGs
[2024-10-04T01:55:16.354+0100] {logging_mixin.py:190} INFO - [2024-10-04T01:55:16.354+0100] {dag.py:4180} INFO - Setting next_dagrun for example_nested_branch_dag to 2024-10-03 00:00:00+00:00, run_after=2024-10-04 00:00:00+00:00
[2024-10-04T01:55:16.359+0100] {processor.py:208} INFO - Processing /opt/miniconda3/envs/airflow/lib/python3.8/site-packages/airflow/example_dags/example_nested_branch_dag.py took 0.074 seconds
[2024-10-04T01:56:47.034+0100] {processor.py:186} INFO - Started process (PID=17530) to work on /opt/miniconda3/envs/airflow/lib/python3.8/site-packages/airflow/example_dags/example_nested_branch_dag.py
[2024-10-04T01:56:47.034+0100] {processor.py:914} INFO - Processing file /opt/miniconda3/envs/airflow/lib/python3.8/site-packages/airflow/example_dags/example_nested_branch_dag.py for tasks to queue
[2024-10-04T01:56:47.034+0100] {logging_mixin.py:190} INFO - [2024-10-04T01:56:47.034+0100] {dagbag.py:588} INFO - Filling up the DagBag from /opt/miniconda3/envs/airflow/lib/python3.8/site-packages/airflow/example_dags/example_nested_branch_dag.py
[2024-10-04T01:56:47.062+0100] {processor.py:925} INFO - DAG(s) 'example_nested_branch_dag' retrieved from /opt/miniconda3/envs/airflow/lib/python3.8/site-packages/airflow/example_dags/example_nested_branch_dag.py
[2024-10-04T01:56:47.094+0100] {logging_mixin.py:190} INFO - [2024-10-04T01:56:47.094+0100] {dag.py:3239} INFO - Sync 1 DAGs
[2024-10-04T01:56:47.100+0100] {logging_mixin.py:190} INFO - [2024-10-04T01:56:47.100+0100] {dag.py:4180} INFO - Setting next_dagrun for example_nested_branch_dag to 2024-10-03 00:00:00+00:00, run_after=2024-10-04 00:00:00+00:00
[2024-10-04T01:56:47.106+0100] {processor.py:208} INFO - Processing /opt/miniconda3/envs/airflow/lib/python3.8/site-packages/airflow/example_dags/example_nested_branch_dag.py took 0.073 seconds
[2024-10-04T03:50:53.527+0100] {processor.py:186} INFO - Started process (PID=17726) to work on /opt/miniconda3/envs/airflow/lib/python3.8/site-packages/airflow/example_dags/example_nested_branch_dag.py
[2024-10-04T03:50:53.528+0100] {processor.py:914} INFO - Processing file /opt/miniconda3/envs/airflow/lib/python3.8/site-packages/airflow/example_dags/example_nested_branch_dag.py for tasks to queue
[2024-10-04T03:50:53.528+0100] {logging_mixin.py:190} INFO - [2024-10-04T03:50:53.528+0100] {dagbag.py:588} INFO - Filling up the DagBag from /opt/miniconda3/envs/airflow/lib/python3.8/site-packages/airflow/example_dags/example_nested_branch_dag.py
[2024-10-04T03:50:53.556+0100] {processor.py:925} INFO - DAG(s) 'example_nested_branch_dag' retrieved from /opt/miniconda3/envs/airflow/lib/python3.8/site-packages/airflow/example_dags/example_nested_branch_dag.py
[2024-10-04T03:50:53.588+0100] {logging_mixin.py:190} INFO - [2024-10-04T03:50:53.588+0100] {dag.py:3239} INFO - Sync 1 DAGs
[2024-10-04T03:50:53.594+0100] {logging_mixin.py:190} INFO - [2024-10-04T03:50:53.594+0100] {dag.py:4180} INFO - Setting next_dagrun for example_nested_branch_dag to 2024-10-03 00:00:00+00:00, run_after=2024-10-04 00:00:00+00:00
[2024-10-04T03:50:53.600+0100] {processor.py:208} INFO - Processing /opt/miniconda3/envs/airflow/lib/python3.8/site-packages/airflow/example_dags/example_nested_branch_dag.py took 0.074 seconds
[2024-10-04T03:52:26.409+0100] {processor.py:186} INFO - Started process (PID=17843) to work on /opt/miniconda3/envs/airflow/lib/python3.8/site-packages/airflow/example_dags/example_nested_branch_dag.py
[2024-10-04T03:52:26.410+0100] {processor.py:914} INFO - Processing file /opt/miniconda3/envs/airflow/lib/python3.8/site-packages/airflow/example_dags/example_nested_branch_dag.py for tasks to queue
[2024-10-04T03:52:26.410+0100] {logging_mixin.py:190} INFO - [2024-10-04T03:52:26.410+0100] {dagbag.py:588} INFO - Filling up the DagBag from /opt/miniconda3/envs/airflow/lib/python3.8/site-packages/airflow/example_dags/example_nested_branch_dag.py
[2024-10-04T03:52:26.437+0100] {processor.py:925} INFO - DAG(s) 'example_nested_branch_dag' retrieved from /opt/miniconda3/envs/airflow/lib/python3.8/site-packages/airflow/example_dags/example_nested_branch_dag.py
[2024-10-04T03:52:26.469+0100] {logging_mixin.py:190} INFO - [2024-10-04T03:52:26.469+0100] {dag.py:3239} INFO - Sync 1 DAGs
[2024-10-04T03:52:26.475+0100] {logging_mixin.py:190} INFO - [2024-10-04T03:52:26.475+0100] {dag.py:4180} INFO - Setting next_dagrun for example_nested_branch_dag to 2024-10-03 00:00:00+00:00, run_after=2024-10-04 00:00:00+00:00
[2024-10-04T03:52:26.481+0100] {processor.py:208} INFO - Processing /opt/miniconda3/envs/airflow/lib/python3.8/site-packages/airflow/example_dags/example_nested_branch_dag.py took 0.073 seconds
[2024-10-04T06:14:08.636+0100] {processor.py:186} INFO - Started process (PID=18048) to work on /opt/miniconda3/envs/airflow/lib/python3.8/site-packages/airflow/example_dags/example_nested_branch_dag.py
[2024-10-04T06:14:08.637+0100] {processor.py:914} INFO - Processing file /opt/miniconda3/envs/airflow/lib/python3.8/site-packages/airflow/example_dags/example_nested_branch_dag.py for tasks to queue
[2024-10-04T06:14:08.638+0100] {logging_mixin.py:190} INFO - [2024-10-04T06:14:08.638+0100] {dagbag.py:588} INFO - Filling up the DagBag from /opt/miniconda3/envs/airflow/lib/python3.8/site-packages/airflow/example_dags/example_nested_branch_dag.py
[2024-10-04T06:14:08.665+0100] {processor.py:925} INFO - DAG(s) 'example_nested_branch_dag' retrieved from /opt/miniconda3/envs/airflow/lib/python3.8/site-packages/airflow/example_dags/example_nested_branch_dag.py
[2024-10-04T06:14:08.698+0100] {logging_mixin.py:190} INFO - [2024-10-04T06:14:08.698+0100] {dag.py:3239} INFO - Sync 1 DAGs
[2024-10-04T06:14:08.703+0100] {logging_mixin.py:190} INFO - [2024-10-04T06:14:08.703+0100] {dag.py:4180} INFO - Setting next_dagrun for example_nested_branch_dag to 2024-10-03 00:00:00+00:00, run_after=2024-10-04 00:00:00+00:00
[2024-10-04T06:14:08.709+0100] {processor.py:208} INFO - Processing /opt/miniconda3/envs/airflow/lib/python3.8/site-packages/airflow/example_dags/example_nested_branch_dag.py took 0.074 seconds
[2024-10-04T06:15:27.594+0100] {processor.py:186} INFO - Started process (PID=19797) to work on /opt/miniconda3/envs/airflow/lib/python3.8/site-packages/airflow/example_dags/example_nested_branch_dag.py
[2024-10-04T06:15:27.594+0100] {processor.py:914} INFO - Processing file /opt/miniconda3/envs/airflow/lib/python3.8/site-packages/airflow/example_dags/example_nested_branch_dag.py for tasks to queue
[2024-10-04T06:15:27.594+0100] {logging_mixin.py:190} INFO - [2024-10-04T06:15:27.594+0100] {dagbag.py:588} INFO - Filling up the DagBag from /opt/miniconda3/envs/airflow/lib/python3.8/site-packages/airflow/example_dags/example_nested_branch_dag.py
[2024-10-04T06:15:27.622+0100] {processor.py:925} INFO - DAG(s) 'example_nested_branch_dag' retrieved from /opt/miniconda3/envs/airflow/lib/python3.8/site-packages/airflow/example_dags/example_nested_branch_dag.py
[2024-10-04T06:15:27.654+0100] {logging_mixin.py:190} INFO - [2024-10-04T06:15:27.654+0100] {dag.py:3239} INFO - Sync 1 DAGs
[2024-10-04T06:15:27.660+0100] {logging_mixin.py:190} INFO - [2024-10-04T06:15:27.660+0100] {dag.py:4180} INFO - Setting next_dagrun for example_nested_branch_dag to 2024-10-03 00:00:00+00:00, run_after=2024-10-04 00:00:00+00:00
[2024-10-04T06:15:27.665+0100] {processor.py:208} INFO - Processing /opt/miniconda3/envs/airflow/lib/python3.8/site-packages/airflow/example_dags/example_nested_branch_dag.py took 0.073 seconds
[2024-10-04T07:38:50.684+0100] {processor.py:186} INFO - Started process (PID=20014) to work on /opt/miniconda3/envs/airflow/lib/python3.8/site-packages/airflow/example_dags/example_nested_branch_dag.py
[2024-10-04T07:38:50.684+0100] {processor.py:914} INFO - Processing file /opt/miniconda3/envs/airflow/lib/python3.8/site-packages/airflow/example_dags/example_nested_branch_dag.py for tasks to queue
[2024-10-04T07:38:50.684+0100] {logging_mixin.py:190} INFO - [2024-10-04T07:38:50.684+0100] {dagbag.py:588} INFO - Filling up the DagBag from /opt/miniconda3/envs/airflow/lib/python3.8/site-packages/airflow/example_dags/example_nested_branch_dag.py
[2024-10-04T07:38:50.712+0100] {processor.py:925} INFO - DAG(s) 'example_nested_branch_dag' retrieved from /opt/miniconda3/envs/airflow/lib/python3.8/site-packages/airflow/example_dags/example_nested_branch_dag.py
[2024-10-04T07:38:50.744+0100] {logging_mixin.py:190} INFO - [2024-10-04T07:38:50.744+0100] {dag.py:3239} INFO - Sync 1 DAGs
[2024-10-04T07:38:50.750+0100] {logging_mixin.py:190} INFO - [2024-10-04T07:38:50.750+0100] {dag.py:4180} INFO - Setting next_dagrun for example_nested_branch_dag to 2024-10-03 00:00:00+00:00, run_after=2024-10-04 00:00:00+00:00
[2024-10-04T07:38:50.755+0100] {processor.py:208} INFO - Processing /opt/miniconda3/envs/airflow/lib/python3.8/site-packages/airflow/example_dags/example_nested_branch_dag.py took 0.073 seconds
[2024-10-04T08:38:39.702+0100] {processor.py:186} INFO - Started process (PID=20116) to work on /opt/miniconda3/envs/airflow/lib/python3.8/site-packages/airflow/example_dags/example_nested_branch_dag.py
[2024-10-04T08:38:39.703+0100] {processor.py:914} INFO - Processing file /opt/miniconda3/envs/airflow/lib/python3.8/site-packages/airflow/example_dags/example_nested_branch_dag.py for tasks to queue
[2024-10-04T08:38:39.703+0100] {logging_mixin.py:190} INFO - [2024-10-04T08:38:39.703+0100] {dagbag.py:588} INFO - Filling up the DagBag from /opt/miniconda3/envs/airflow/lib/python3.8/site-packages/airflow/example_dags/example_nested_branch_dag.py
[2024-10-04T08:38:39.731+0100] {processor.py:925} INFO - DAG(s) 'example_nested_branch_dag' retrieved from /opt/miniconda3/envs/airflow/lib/python3.8/site-packages/airflow/example_dags/example_nested_branch_dag.py
[2024-10-04T08:38:39.765+0100] {logging_mixin.py:190} INFO - [2024-10-04T08:38:39.765+0100] {dag.py:3239} INFO - Sync 1 DAGs
[2024-10-04T08:38:39.771+0100] {logging_mixin.py:190} INFO - [2024-10-04T08:38:39.771+0100] {dag.py:4180} INFO - Setting next_dagrun for example_nested_branch_dag to 2024-10-03 00:00:00+00:00, run_after=2024-10-04 00:00:00+00:00
[2024-10-04T08:38:39.776+0100] {processor.py:208} INFO - Processing /opt/miniconda3/envs/airflow/lib/python3.8/site-packages/airflow/example_dags/example_nested_branch_dag.py took 0.075 seconds
[2024-10-04T08:39:58.680+0100] {processor.py:186} INFO - Started process (PID=20224) to work on /opt/miniconda3/envs/airflow/lib/python3.8/site-packages/airflow/example_dags/example_nested_branch_dag.py
[2024-10-04T08:39:58.680+0100] {processor.py:914} INFO - Processing file /opt/miniconda3/envs/airflow/lib/python3.8/site-packages/airflow/example_dags/example_nested_branch_dag.py for tasks to queue
[2024-10-04T08:39:58.680+0100] {logging_mixin.py:190} INFO - [2024-10-04T08:39:58.680+0100] {dagbag.py:588} INFO - Filling up the DagBag from /opt/miniconda3/envs/airflow/lib/python3.8/site-packages/airflow/example_dags/example_nested_branch_dag.py
[2024-10-04T08:39:58.708+0100] {processor.py:925} INFO - DAG(s) 'example_nested_branch_dag' retrieved from /opt/miniconda3/envs/airflow/lib/python3.8/site-packages/airflow/example_dags/example_nested_branch_dag.py
[2024-10-04T08:39:58.740+0100] {logging_mixin.py:190} INFO - [2024-10-04T08:39:58.740+0100] {dag.py:3239} INFO - Sync 1 DAGs
[2024-10-04T08:39:58.746+0100] {logging_mixin.py:190} INFO - [2024-10-04T08:39:58.746+0100] {dag.py:4180} INFO - Setting next_dagrun for example_nested_branch_dag to 2024-10-03 00:00:00+00:00, run_after=2024-10-04 00:00:00+00:00
[2024-10-04T08:39:58.752+0100] {processor.py:208} INFO - Processing /opt/miniconda3/envs/airflow/lib/python3.8/site-packages/airflow/example_dags/example_nested_branch_dag.py took 0.073 seconds
[2024-10-04T08:45:49.659+0100] {processor.py:186} INFO - Started process (PID=20384) to work on /opt/miniconda3/envs/airflow/lib/python3.8/site-packages/airflow/example_dags/example_nested_branch_dag.py
[2024-10-04T08:45:49.659+0100] {processor.py:914} INFO - Processing file /opt/miniconda3/envs/airflow/lib/python3.8/site-packages/airflow/example_dags/example_nested_branch_dag.py for tasks to queue
[2024-10-04T08:45:49.659+0100] {logging_mixin.py:190} INFO - [2024-10-04T08:45:49.659+0100] {dagbag.py:588} INFO - Filling up the DagBag from /opt/miniconda3/envs/airflow/lib/python3.8/site-packages/airflow/example_dags/example_nested_branch_dag.py
[2024-10-04T08:45:49.687+0100] {processor.py:925} INFO - DAG(s) 'example_nested_branch_dag' retrieved from /opt/miniconda3/envs/airflow/lib/python3.8/site-packages/airflow/example_dags/example_nested_branch_dag.py
[2024-10-04T08:45:49.719+0100] {logging_mixin.py:190} INFO - [2024-10-04T08:45:49.719+0100] {dag.py:3239} INFO - Sync 1 DAGs
[2024-10-04T08:45:49.725+0100] {logging_mixin.py:190} INFO - [2024-10-04T08:45:49.725+0100] {dag.py:4180} INFO - Setting next_dagrun for example_nested_branch_dag to 2024-10-03 00:00:00+00:00, run_after=2024-10-04 00:00:00+00:00
[2024-10-04T08:45:49.731+0100] {processor.py:208} INFO - Processing /opt/miniconda3/envs/airflow/lib/python3.8/site-packages/airflow/example_dags/example_nested_branch_dag.py took 0.073 seconds
[2024-10-04T09:41:20.335+0100] {processor.py:186} INFO - Started process (PID=20508) to work on /opt/miniconda3/envs/airflow/lib/python3.8/site-packages/airflow/example_dags/example_nested_branch_dag.py
[2024-10-04T09:41:20.335+0100] {processor.py:914} INFO - Processing file /opt/miniconda3/envs/airflow/lib/python3.8/site-packages/airflow/example_dags/example_nested_branch_dag.py for tasks to queue
[2024-10-04T09:41:20.336+0100] {logging_mixin.py:190} INFO - [2024-10-04T09:41:20.336+0100] {dagbag.py:588} INFO - Filling up the DagBag from /opt/miniconda3/envs/airflow/lib/python3.8/site-packages/airflow/example_dags/example_nested_branch_dag.py
[2024-10-04T09:41:20.364+0100] {processor.py:925} INFO - DAG(s) 'example_nested_branch_dag' retrieved from /opt/miniconda3/envs/airflow/lib/python3.8/site-packages/airflow/example_dags/example_nested_branch_dag.py
[2024-10-04T09:41:20.396+0100] {logging_mixin.py:190} INFO - [2024-10-04T09:41:20.396+0100] {dag.py:3239} INFO - Sync 1 DAGs
[2024-10-04T09:41:20.402+0100] {logging_mixin.py:190} INFO - [2024-10-04T09:41:20.402+0100] {dag.py:4180} INFO - Setting next_dagrun for example_nested_branch_dag to 2024-10-03 00:00:00+00:00, run_after=2024-10-04 00:00:00+00:00
[2024-10-04T09:41:20.407+0100] {processor.py:208} INFO - Processing /opt/miniconda3/envs/airflow/lib/python3.8/site-packages/airflow/example_dags/example_nested_branch_dag.py took 0.074 seconds
[2024-10-04T09:42:46.392+0100] {processor.py:186} INFO - Started process (PID=20632) to work on /opt/miniconda3/envs/airflow/lib/python3.8/site-packages/airflow/example_dags/example_nested_branch_dag.py
[2024-10-04T09:42:46.392+0100] {processor.py:914} INFO - Processing file /opt/miniconda3/envs/airflow/lib/python3.8/site-packages/airflow/example_dags/example_nested_branch_dag.py for tasks to queue
[2024-10-04T09:42:46.392+0100] {logging_mixin.py:190} INFO - [2024-10-04T09:42:46.392+0100] {dagbag.py:588} INFO - Filling up the DagBag from /opt/miniconda3/envs/airflow/lib/python3.8/site-packages/airflow/example_dags/example_nested_branch_dag.py
[2024-10-04T09:42:46.420+0100] {processor.py:925} INFO - DAG(s) 'example_nested_branch_dag' retrieved from /opt/miniconda3/envs/airflow/lib/python3.8/site-packages/airflow/example_dags/example_nested_branch_dag.py
[2024-10-04T09:42:46.452+0100] {logging_mixin.py:190} INFO - [2024-10-04T09:42:46.452+0100] {dag.py:3239} INFO - Sync 1 DAGs
[2024-10-04T09:42:46.458+0100] {logging_mixin.py:190} INFO - [2024-10-04T09:42:46.458+0100] {dag.py:4180} INFO - Setting next_dagrun for example_nested_branch_dag to 2024-10-03 00:00:00+00:00, run_after=2024-10-04 00:00:00+00:00
[2024-10-04T09:42:46.463+0100] {processor.py:208} INFO - Processing /opt/miniconda3/envs/airflow/lib/python3.8/site-packages/airflow/example_dags/example_nested_branch_dag.py took 0.073 seconds
[2024-10-04T10:19:36.995+0100] {processor.py:186} INFO - Started process (PID=20806) to work on /opt/miniconda3/envs/airflow/lib/python3.8/site-packages/airflow/example_dags/example_nested_branch_dag.py
[2024-10-04T10:19:36.997+0100] {processor.py:914} INFO - Processing file /opt/miniconda3/envs/airflow/lib/python3.8/site-packages/airflow/example_dags/example_nested_branch_dag.py for tasks to queue
[2024-10-04T10:19:36.997+0100] {logging_mixin.py:190} INFO - [2024-10-04T10:19:36.997+0100] {dagbag.py:588} INFO - Filling up the DagBag from /opt/miniconda3/envs/airflow/lib/python3.8/site-packages/airflow/example_dags/example_nested_branch_dag.py
[2024-10-04T10:19:37.027+0100] {processor.py:925} INFO - DAG(s) 'example_nested_branch_dag' retrieved from /opt/miniconda3/envs/airflow/lib/python3.8/site-packages/airflow/example_dags/example_nested_branch_dag.py
[2024-10-04T10:19:37.059+0100] {logging_mixin.py:190} INFO - [2024-10-04T10:19:37.059+0100] {dag.py:3239} INFO - Sync 1 DAGs
[2024-10-04T10:19:37.065+0100] {logging_mixin.py:190} INFO - [2024-10-04T10:19:37.065+0100] {dag.py:4180} INFO - Setting next_dagrun for example_nested_branch_dag to 2024-10-03 00:00:00+00:00, run_after=2024-10-04 00:00:00+00:00
[2024-10-04T10:19:37.071+0100] {processor.py:208} INFO - Processing /opt/miniconda3/envs/airflow/lib/python3.8/site-packages/airflow/example_dags/example_nested_branch_dag.py took 0.077 seconds
[2024-10-04T10:21:43.039+0100] {processor.py:186} INFO - Started process (PID=20987) to work on /opt/miniconda3/envs/airflow/lib/python3.8/site-packages/airflow/example_dags/example_nested_branch_dag.py
[2024-10-04T10:21:43.040+0100] {processor.py:914} INFO - Processing file /opt/miniconda3/envs/airflow/lib/python3.8/site-packages/airflow/example_dags/example_nested_branch_dag.py for tasks to queue
[2024-10-04T10:21:43.040+0100] {logging_mixin.py:190} INFO - [2024-10-04T10:21:43.040+0100] {dagbag.py:588} INFO - Filling up the DagBag from /opt/miniconda3/envs/airflow/lib/python3.8/site-packages/airflow/example_dags/example_nested_branch_dag.py
[2024-10-04T10:21:43.069+0100] {processor.py:925} INFO - DAG(s) 'example_nested_branch_dag' retrieved from /opt/miniconda3/envs/airflow/lib/python3.8/site-packages/airflow/example_dags/example_nested_branch_dag.py
[2024-10-04T10:21:43.102+0100] {logging_mixin.py:190} INFO - [2024-10-04T10:21:43.102+0100] {dag.py:3239} INFO - Sync 1 DAGs
[2024-10-04T10:21:43.108+0100] {logging_mixin.py:190} INFO - [2024-10-04T10:21:43.108+0100] {dag.py:4180} INFO - Setting next_dagrun for example_nested_branch_dag to 2024-10-03 00:00:00+00:00, run_after=2024-10-04 00:00:00+00:00
[2024-10-04T10:21:43.113+0100] {processor.py:208} INFO - Processing /opt/miniconda3/envs/airflow/lib/python3.8/site-packages/airflow/example_dags/example_nested_branch_dag.py took 0.076 seconds
[2024-10-04T10:25:03.742+0100] {processor.py:186} INFO - Started process (PID=21160) to work on /opt/miniconda3/envs/airflow/lib/python3.8/site-packages/airflow/example_dags/example_nested_branch_dag.py
[2024-10-04T10:25:03.743+0100] {processor.py:914} INFO - Processing file /opt/miniconda3/envs/airflow/lib/python3.8/site-packages/airflow/example_dags/example_nested_branch_dag.py for tasks to queue
[2024-10-04T10:25:03.743+0100] {logging_mixin.py:190} INFO - [2024-10-04T10:25:03.743+0100] {dagbag.py:588} INFO - Filling up the DagBag from /opt/miniconda3/envs/airflow/lib/python3.8/site-packages/airflow/example_dags/example_nested_branch_dag.py
[2024-10-04T10:25:03.772+0100] {processor.py:925} INFO - DAG(s) 'example_nested_branch_dag' retrieved from /opt/miniconda3/envs/airflow/lib/python3.8/site-packages/airflow/example_dags/example_nested_branch_dag.py
[2024-10-04T10:25:03.804+0100] {logging_mixin.py:190} INFO - [2024-10-04T10:25:03.804+0100] {dag.py:3239} INFO - Sync 1 DAGs
[2024-10-04T10:25:03.810+0100] {logging_mixin.py:190} INFO - [2024-10-04T10:25:03.810+0100] {dag.py:4180} INFO - Setting next_dagrun for example_nested_branch_dag to 2024-10-03 00:00:00+00:00, run_after=2024-10-04 00:00:00+00:00
[2024-10-04T10:25:03.815+0100] {processor.py:208} INFO - Processing /opt/miniconda3/envs/airflow/lib/python3.8/site-packages/airflow/example_dags/example_nested_branch_dag.py took 0.075 seconds
[2024-10-04T10:26:59.327+0100] {processor.py:186} INFO - Started process (PID=21314) to work on /opt/miniconda3/envs/airflow/lib/python3.8/site-packages/airflow/example_dags/example_nested_branch_dag.py
[2024-10-04T10:26:59.327+0100] {processor.py:914} INFO - Processing file /opt/miniconda3/envs/airflow/lib/python3.8/site-packages/airflow/example_dags/example_nested_branch_dag.py for tasks to queue
[2024-10-04T10:26:59.327+0100] {logging_mixin.py:190} INFO - [2024-10-04T10:26:59.327+0100] {dagbag.py:588} INFO - Filling up the DagBag from /opt/miniconda3/envs/airflow/lib/python3.8/site-packages/airflow/example_dags/example_nested_branch_dag.py
[2024-10-04T10:26:59.356+0100] {processor.py:925} INFO - DAG(s) 'example_nested_branch_dag' retrieved from /opt/miniconda3/envs/airflow/lib/python3.8/site-packages/airflow/example_dags/example_nested_branch_dag.py
[2024-10-04T10:26:59.388+0100] {logging_mixin.py:190} INFO - [2024-10-04T10:26:59.388+0100] {dag.py:3239} INFO - Sync 1 DAGs
[2024-10-04T10:26:59.394+0100] {logging_mixin.py:190} INFO - [2024-10-04T10:26:59.394+0100] {dag.py:4180} INFO - Setting next_dagrun for example_nested_branch_dag to 2024-10-03 00:00:00+00:00, run_after=2024-10-04 00:00:00+00:00
[2024-10-04T10:26:59.400+0100] {processor.py:208} INFO - Processing /opt/miniconda3/envs/airflow/lib/python3.8/site-packages/airflow/example_dags/example_nested_branch_dag.py took 0.075 seconds
[2024-10-04T10:28:54.433+0100] {processor.py:186} INFO - Started process (PID=21479) to work on /opt/miniconda3/envs/airflow/lib/python3.8/site-packages/airflow/example_dags/example_nested_branch_dag.py
[2024-10-04T10:28:54.434+0100] {processor.py:914} INFO - Processing file /opt/miniconda3/envs/airflow/lib/python3.8/site-packages/airflow/example_dags/example_nested_branch_dag.py for tasks to queue
[2024-10-04T10:28:54.434+0100] {logging_mixin.py:190} INFO - [2024-10-04T10:28:54.434+0100] {dagbag.py:588} INFO - Filling up the DagBag from /opt/miniconda3/envs/airflow/lib/python3.8/site-packages/airflow/example_dags/example_nested_branch_dag.py
[2024-10-04T10:28:54.466+0100] {processor.py:925} INFO - DAG(s) 'example_nested_branch_dag' retrieved from /opt/miniconda3/envs/airflow/lib/python3.8/site-packages/airflow/example_dags/example_nested_branch_dag.py
[2024-10-04T10:28:54.503+0100] {logging_mixin.py:190} INFO - [2024-10-04T10:28:54.503+0100] {dag.py:3239} INFO - Sync 1 DAGs
[2024-10-04T10:28:54.511+0100] {logging_mixin.py:190} INFO - [2024-10-04T10:28:54.511+0100] {dag.py:4180} INFO - Setting next_dagrun for example_nested_branch_dag to 2024-10-03 00:00:00+00:00, run_after=2024-10-04 00:00:00+00:00
[2024-10-04T10:28:54.519+0100] {processor.py:208} INFO - Processing /opt/miniconda3/envs/airflow/lib/python3.8/site-packages/airflow/example_dags/example_nested_branch_dag.py took 0.088 seconds
[2024-10-04T10:30:48.066+0100] {processor.py:186} INFO - Started process (PID=21658) to work on /opt/miniconda3/envs/airflow/lib/python3.8/site-packages/airflow/example_dags/example_nested_branch_dag.py
[2024-10-04T10:30:48.067+0100] {processor.py:914} INFO - Processing file /opt/miniconda3/envs/airflow/lib/python3.8/site-packages/airflow/example_dags/example_nested_branch_dag.py for tasks to queue
[2024-10-04T10:30:48.067+0100] {logging_mixin.py:190} INFO - [2024-10-04T10:30:48.067+0100] {dagbag.py:588} INFO - Filling up the DagBag from /opt/miniconda3/envs/airflow/lib/python3.8/site-packages/airflow/example_dags/example_nested_branch_dag.py
[2024-10-04T10:30:48.097+0100] {processor.py:925} INFO - DAG(s) 'example_nested_branch_dag' retrieved from /opt/miniconda3/envs/airflow/lib/python3.8/site-packages/airflow/example_dags/example_nested_branch_dag.py
[2024-10-04T10:30:48.129+0100] {logging_mixin.py:190} INFO - [2024-10-04T10:30:48.129+0100] {dag.py:3239} INFO - Sync 1 DAGs
[2024-10-04T10:30:48.135+0100] {logging_mixin.py:190} INFO - [2024-10-04T10:30:48.135+0100] {dag.py:4180} INFO - Setting next_dagrun for example_nested_branch_dag to 2024-10-03 00:00:00+00:00, run_after=2024-10-04 00:00:00+00:00
[2024-10-04T10:30:48.141+0100] {processor.py:208} INFO - Processing /opt/miniconda3/envs/airflow/lib/python3.8/site-packages/airflow/example_dags/example_nested_branch_dag.py took 0.076 seconds
[2024-10-04T10:32:45.168+0100] {processor.py:186} INFO - Started process (PID=21827) to work on /opt/miniconda3/envs/airflow/lib/python3.8/site-packages/airflow/example_dags/example_nested_branch_dag.py
[2024-10-04T10:32:45.169+0100] {processor.py:914} INFO - Processing file /opt/miniconda3/envs/airflow/lib/python3.8/site-packages/airflow/example_dags/example_nested_branch_dag.py for tasks to queue
[2024-10-04T10:32:45.169+0100] {logging_mixin.py:190} INFO - [2024-10-04T10:32:45.169+0100] {dagbag.py:588} INFO - Filling up the DagBag from /opt/miniconda3/envs/airflow/lib/python3.8/site-packages/airflow/example_dags/example_nested_branch_dag.py
[2024-10-04T10:32:45.198+0100] {processor.py:925} INFO - DAG(s) 'example_nested_branch_dag' retrieved from /opt/miniconda3/envs/airflow/lib/python3.8/site-packages/airflow/example_dags/example_nested_branch_dag.py
[2024-10-04T10:32:45.231+0100] {logging_mixin.py:190} INFO - [2024-10-04T10:32:45.231+0100] {dag.py:3239} INFO - Sync 1 DAGs
[2024-10-04T10:32:45.237+0100] {logging_mixin.py:190} INFO - [2024-10-04T10:32:45.237+0100] {dag.py:4180} INFO - Setting next_dagrun for example_nested_branch_dag to 2024-10-03 00:00:00+00:00, run_after=2024-10-04 00:00:00+00:00
[2024-10-04T10:32:45.243+0100] {processor.py:208} INFO - Processing /opt/miniconda3/envs/airflow/lib/python3.8/site-packages/airflow/example_dags/example_nested_branch_dag.py took 0.076 seconds
[2024-10-04T10:34:54.729+0100] {processor.py:186} INFO - Started process (PID=22003) to work on /opt/miniconda3/envs/airflow/lib/python3.8/site-packages/airflow/example_dags/example_nested_branch_dag.py
[2024-10-04T10:34:54.730+0100] {processor.py:914} INFO - Processing file /opt/miniconda3/envs/airflow/lib/python3.8/site-packages/airflow/example_dags/example_nested_branch_dag.py for tasks to queue
[2024-10-04T10:34:54.730+0100] {logging_mixin.py:190} INFO - [2024-10-04T10:34:54.730+0100] {dagbag.py:588} INFO - Filling up the DagBag from /opt/miniconda3/envs/airflow/lib/python3.8/site-packages/airflow/example_dags/example_nested_branch_dag.py
[2024-10-04T10:34:54.758+0100] {processor.py:925} INFO - DAG(s) 'example_nested_branch_dag' retrieved from /opt/miniconda3/envs/airflow/lib/python3.8/site-packages/airflow/example_dags/example_nested_branch_dag.py
[2024-10-04T10:34:54.793+0100] {logging_mixin.py:190} INFO - [2024-10-04T10:34:54.793+0100] {dag.py:3239} INFO - Sync 1 DAGs
[2024-10-04T10:34:54.802+0100] {logging_mixin.py:190} INFO - [2024-10-04T10:34:54.801+0100] {dag.py:4180} INFO - Setting next_dagrun for example_nested_branch_dag to 2024-10-03 00:00:00+00:00, run_after=2024-10-04 00:00:00+00:00
[2024-10-04T10:34:54.807+0100] {processor.py:208} INFO - Processing /opt/miniconda3/envs/airflow/lib/python3.8/site-packages/airflow/example_dags/example_nested_branch_dag.py took 0.080 seconds
[2024-10-04T10:37:09.149+0100] {processor.py:186} INFO - Started process (PID=22167) to work on /opt/miniconda3/envs/airflow/lib/python3.8/site-packages/airflow/example_dags/example_nested_branch_dag.py
[2024-10-04T10:37:09.150+0100] {processor.py:914} INFO - Processing file /opt/miniconda3/envs/airflow/lib/python3.8/site-packages/airflow/example_dags/example_nested_branch_dag.py for tasks to queue
[2024-10-04T10:37:09.150+0100] {logging_mixin.py:190} INFO - [2024-10-04T10:37:09.150+0100] {dagbag.py:588} INFO - Filling up the DagBag from /opt/miniconda3/envs/airflow/lib/python3.8/site-packages/airflow/example_dags/example_nested_branch_dag.py
[2024-10-04T10:37:09.180+0100] {processor.py:925} INFO - DAG(s) 'example_nested_branch_dag' retrieved from /opt/miniconda3/envs/airflow/lib/python3.8/site-packages/airflow/example_dags/example_nested_branch_dag.py
[2024-10-04T10:37:09.214+0100] {logging_mixin.py:190} INFO - [2024-10-04T10:37:09.214+0100] {dag.py:3239} INFO - Sync 1 DAGs
[2024-10-04T10:37:09.220+0100] {logging_mixin.py:190} INFO - [2024-10-04T10:37:09.220+0100] {dag.py:4180} INFO - Setting next_dagrun for example_nested_branch_dag to 2024-10-03 00:00:00+00:00, run_after=2024-10-04 00:00:00+00:00
[2024-10-04T10:37:09.225+0100] {processor.py:208} INFO - Processing /opt/miniconda3/envs/airflow/lib/python3.8/site-packages/airflow/example_dags/example_nested_branch_dag.py took 0.078 seconds
