[2024-10-04T01:54:53.514+0100] {processor.py:186} INFO - Started process (PID=17386) to work on /opt/miniconda3/envs/airflow/lib/python3.8/site-packages/airflow/example_dags/example_sla_dag.py
[2024-10-04T01:54:53.514+0100] {processor.py:914} INFO - Processing file /opt/miniconda3/envs/airflow/lib/python3.8/site-packages/airflow/example_dags/example_sla_dag.py for tasks to queue
[2024-10-04T01:54:53.514+0100] {logging_mixin.py:190} INFO - [2024-10-04T01:54:53.514+0100] {dagbag.py:588} INFO - Filling up the DagBag from /opt/miniconda3/envs/airflow/lib/python3.8/site-packages/airflow/example_dags/example_sla_dag.py
[2024-10-04T01:54:53.542+0100] {processor.py:925} INFO - DAG(s) 'example_sla_dag' retrieved from /opt/miniconda3/envs/airflow/lib/python3.8/site-packages/airflow/example_dags/example_sla_dag.py
[2024-10-04T01:54:53.574+0100] {logging_mixin.py:190} INFO - [2024-10-04T01:54:53.574+0100] {dag.py:3239} INFO - Sync 1 DAGs
[2024-10-04T01:54:53.581+0100] {logging_mixin.py:190} INFO - [2024-10-04T01:54:53.581+0100] {dag.py:4180} INFO - Setting next_dagrun for example_sla_dag to 2024-10-04 00:52:00+00:00, run_after=2024-10-04 00:54:00+00:00
[2024-10-04T01:54:53.586+0100] {processor.py:208} INFO - Processing /opt/miniconda3/envs/airflow/lib/python3.8/site-packages/airflow/example_dags/example_sla_dag.py took 0.074 seconds
[2024-10-04T01:56:23.163+0100] {processor.py:186} INFO - Started process (PID=17502) to work on /opt/miniconda3/envs/airflow/lib/python3.8/site-packages/airflow/example_dags/example_sla_dag.py
[2024-10-04T01:56:23.163+0100] {processor.py:914} INFO - Processing file /opt/miniconda3/envs/airflow/lib/python3.8/site-packages/airflow/example_dags/example_sla_dag.py for tasks to queue
[2024-10-04T01:56:23.164+0100] {logging_mixin.py:190} INFO - [2024-10-04T01:56:23.164+0100] {dagbag.py:588} INFO - Filling up the DagBag from /opt/miniconda3/envs/airflow/lib/python3.8/site-packages/airflow/example_dags/example_sla_dag.py
[2024-10-04T01:56:23.190+0100] {processor.py:925} INFO - DAG(s) 'example_sla_dag' retrieved from /opt/miniconda3/envs/airflow/lib/python3.8/site-packages/airflow/example_dags/example_sla_dag.py
[2024-10-04T01:56:23.221+0100] {logging_mixin.py:190} INFO - [2024-10-04T01:56:23.221+0100] {dag.py:3239} INFO - Sync 1 DAGs
[2024-10-04T01:56:23.228+0100] {logging_mixin.py:190} INFO - [2024-10-04T01:56:23.228+0100] {dag.py:4180} INFO - Setting next_dagrun for example_sla_dag to 2024-10-04 00:54:00+00:00, run_after=2024-10-04 00:56:00+00:00
[2024-10-04T01:56:23.233+0100] {processor.py:208} INFO - Processing /opt/miniconda3/envs/airflow/lib/python3.8/site-packages/airflow/example_dags/example_sla_dag.py took 0.072 seconds
[2024-10-04T01:57:28.319+0100] {processor.py:186} INFO - Started process (PID=17582) to work on /opt/miniconda3/envs/airflow/lib/python3.8/site-packages/airflow/example_dags/example_sla_dag.py
[2024-10-04T01:57:28.319+0100] {processor.py:914} INFO - Processing file /opt/miniconda3/envs/airflow/lib/python3.8/site-packages/airflow/example_dags/example_sla_dag.py for tasks to queue
[2024-10-04T01:57:28.319+0100] {logging_mixin.py:190} INFO - [2024-10-04T01:57:28.319+0100] {dagbag.py:588} INFO - Filling up the DagBag from /opt/miniconda3/envs/airflow/lib/python3.8/site-packages/airflow/example_dags/example_sla_dag.py
[2024-10-04T01:57:28.346+0100] {processor.py:925} INFO - DAG(s) 'example_sla_dag' retrieved from /opt/miniconda3/envs/airflow/lib/python3.8/site-packages/airflow/example_dags/example_sla_dag.py
[2024-10-04T01:57:28.378+0100] {logging_mixin.py:190} INFO - [2024-10-04T01:57:28.378+0100] {dag.py:3239} INFO - Sync 1 DAGs
[2024-10-04T01:57:28.384+0100] {logging_mixin.py:190} INFO - [2024-10-04T01:57:28.384+0100] {dag.py:4180} INFO - Setting next_dagrun for example_sla_dag to 2024-10-04 00:54:00+00:00, run_after=2024-10-04 00:56:00+00:00
[2024-10-04T01:57:28.390+0100] {processor.py:208} INFO - Processing /opt/miniconda3/envs/airflow/lib/python3.8/site-packages/airflow/example_dags/example_sla_dag.py took 0.073 seconds
[2024-10-04T03:50:29.521+0100] {processor.py:186} INFO - Started process (PID=17687) to work on /opt/miniconda3/envs/airflow/lib/python3.8/site-packages/airflow/example_dags/example_sla_dag.py
[2024-10-04T03:50:29.521+0100] {processor.py:914} INFO - Processing file /opt/miniconda3/envs/airflow/lib/python3.8/site-packages/airflow/example_dags/example_sla_dag.py for tasks to queue
[2024-10-04T03:50:29.522+0100] {logging_mixin.py:190} INFO - [2024-10-04T03:50:29.522+0100] {dagbag.py:588} INFO - Filling up the DagBag from /opt/miniconda3/envs/airflow/lib/python3.8/site-packages/airflow/example_dags/example_sla_dag.py
[2024-10-04T03:50:29.549+0100] {processor.py:925} INFO - DAG(s) 'example_sla_dag' retrieved from /opt/miniconda3/envs/airflow/lib/python3.8/site-packages/airflow/example_dags/example_sla_dag.py
[2024-10-04T03:50:29.580+0100] {logging_mixin.py:190} INFO - [2024-10-04T03:50:29.580+0100] {dag.py:3239} INFO - Sync 1 DAGs
[2024-10-04T03:50:29.586+0100] {logging_mixin.py:190} INFO - [2024-10-04T03:50:29.586+0100] {dag.py:4180} INFO - Setting next_dagrun for example_sla_dag to 2024-10-04 02:48:00+00:00, run_after=2024-10-04 02:50:00+00:00
[2024-10-04T03:50:29.592+0100] {processor.py:208} INFO - Processing /opt/miniconda3/envs/airflow/lib/python3.8/site-packages/airflow/example_dags/example_sla_dag.py took 0.072 seconds
[2024-10-04T03:52:03.849+0100] {processor.py:186} INFO - Started process (PID=17815) to work on /opt/miniconda3/envs/airflow/lib/python3.8/site-packages/airflow/example_dags/example_sla_dag.py
[2024-10-04T03:52:03.850+0100] {processor.py:914} INFO - Processing file /opt/miniconda3/envs/airflow/lib/python3.8/site-packages/airflow/example_dags/example_sla_dag.py for tasks to queue
[2024-10-04T03:52:03.850+0100] {logging_mixin.py:190} INFO - [2024-10-04T03:52:03.850+0100] {dagbag.py:588} INFO - Filling up the DagBag from /opt/miniconda3/envs/airflow/lib/python3.8/site-packages/airflow/example_dags/example_sla_dag.py
[2024-10-04T03:52:03.877+0100] {processor.py:925} INFO - DAG(s) 'example_sla_dag' retrieved from /opt/miniconda3/envs/airflow/lib/python3.8/site-packages/airflow/example_dags/example_sla_dag.py
[2024-10-04T03:52:03.908+0100] {logging_mixin.py:190} INFO - [2024-10-04T03:52:03.908+0100] {dag.py:3239} INFO - Sync 1 DAGs
[2024-10-04T03:52:03.915+0100] {logging_mixin.py:190} INFO - [2024-10-04T03:52:03.915+0100] {dag.py:4180} INFO - Setting next_dagrun for example_sla_dag to 2024-10-04 02:50:00+00:00, run_after=2024-10-04 02:52:00+00:00
[2024-10-04T03:52:03.920+0100] {processor.py:208} INFO - Processing /opt/miniconda3/envs/airflow/lib/python3.8/site-packages/airflow/example_dags/example_sla_dag.py took 0.073 seconds
[2024-10-04T03:53:07.340+0100] {processor.py:186} INFO - Started process (PID=17900) to work on /opt/miniconda3/envs/airflow/lib/python3.8/site-packages/airflow/example_dags/example_sla_dag.py
[2024-10-04T03:53:07.340+0100] {processor.py:914} INFO - Processing file /opt/miniconda3/envs/airflow/lib/python3.8/site-packages/airflow/example_dags/example_sla_dag.py for tasks to queue
[2024-10-04T03:53:07.341+0100] {logging_mixin.py:190} INFO - [2024-10-04T03:53:07.340+0100] {dagbag.py:588} INFO - Filling up the DagBag from /opt/miniconda3/envs/airflow/lib/python3.8/site-packages/airflow/example_dags/example_sla_dag.py
[2024-10-04T03:53:07.367+0100] {processor.py:925} INFO - DAG(s) 'example_sla_dag' retrieved from /opt/miniconda3/envs/airflow/lib/python3.8/site-packages/airflow/example_dags/example_sla_dag.py
[2024-10-04T03:53:07.399+0100] {logging_mixin.py:190} INFO - [2024-10-04T03:53:07.399+0100] {dag.py:3239} INFO - Sync 1 DAGs
[2024-10-04T03:53:07.405+0100] {logging_mixin.py:190} INFO - [2024-10-04T03:53:07.405+0100] {dag.py:4180} INFO - Setting next_dagrun for example_sla_dag to 2024-10-04 02:50:00+00:00, run_after=2024-10-04 02:52:00+00:00
[2024-10-04T03:53:07.411+0100] {processor.py:208} INFO - Processing /opt/miniconda3/envs/airflow/lib/python3.8/site-packages/airflow/example_dags/example_sla_dag.py took 0.072 seconds
[2024-10-04T06:13:48.054+0100] {processor.py:186} INFO - Started process (PID=18013) to work on /opt/miniconda3/envs/airflow/lib/python3.8/site-packages/airflow/example_dags/example_sla_dag.py
[2024-10-04T06:13:48.054+0100] {processor.py:914} INFO - Processing file /opt/miniconda3/envs/airflow/lib/python3.8/site-packages/airflow/example_dags/example_sla_dag.py for tasks to queue
[2024-10-04T06:13:48.055+0100] {logging_mixin.py:190} INFO - [2024-10-04T06:13:48.054+0100] {dagbag.py:588} INFO - Filling up the DagBag from /opt/miniconda3/envs/airflow/lib/python3.8/site-packages/airflow/example_dags/example_sla_dag.py
[2024-10-04T06:13:48.083+0100] {processor.py:925} INFO - DAG(s) 'example_sla_dag' retrieved from /opt/miniconda3/envs/airflow/lib/python3.8/site-packages/airflow/example_dags/example_sla_dag.py
[2024-10-04T06:13:48.115+0100] {logging_mixin.py:190} INFO - [2024-10-04T06:13:48.114+0100] {dag.py:3239} INFO - Sync 1 DAGs
[2024-10-04T06:13:48.121+0100] {logging_mixin.py:190} INFO - [2024-10-04T06:13:48.121+0100] {dag.py:4180} INFO - Setting next_dagrun for example_sla_dag to 2024-10-04 05:10:00+00:00, run_after=2024-10-04 05:12:00+00:00
[2024-10-04T06:13:48.126+0100] {processor.py:208} INFO - Processing /opt/miniconda3/envs/airflow/lib/python3.8/site-packages/airflow/example_dags/example_sla_dag.py took 0.074 seconds
[2024-10-04T06:15:05.754+0100] {processor.py:186} INFO - Started process (PID=18131) to work on /opt/miniconda3/envs/airflow/lib/python3.8/site-packages/airflow/example_dags/example_sla_dag.py
[2024-10-04T06:15:05.755+0100] {processor.py:914} INFO - Processing file /opt/miniconda3/envs/airflow/lib/python3.8/site-packages/airflow/example_dags/example_sla_dag.py for tasks to queue
[2024-10-04T06:15:05.755+0100] {logging_mixin.py:190} INFO - [2024-10-04T06:15:05.755+0100] {dagbag.py:588} INFO - Filling up the DagBag from /opt/miniconda3/envs/airflow/lib/python3.8/site-packages/airflow/example_dags/example_sla_dag.py
[2024-10-04T06:15:05.782+0100] {processor.py:925} INFO - DAG(s) 'example_sla_dag' retrieved from /opt/miniconda3/envs/airflow/lib/python3.8/site-packages/airflow/example_dags/example_sla_dag.py
[2024-10-04T06:15:05.814+0100] {logging_mixin.py:190} INFO - [2024-10-04T06:15:05.813+0100] {dag.py:3239} INFO - Sync 1 DAGs
[2024-10-04T06:15:05.820+0100] {logging_mixin.py:190} INFO - [2024-10-04T06:15:05.820+0100] {dag.py:4180} INFO - Setting next_dagrun for example_sla_dag to 2024-10-04 05:12:00+00:00, run_after=2024-10-04 05:14:00+00:00
[2024-10-04T06:15:05.826+0100] {processor.py:208} INFO - Processing /opt/miniconda3/envs/airflow/lib/python3.8/site-packages/airflow/example_dags/example_sla_dag.py took 0.074 seconds
[2024-10-04T06:59:03.712+0100] {processor.py:186} INFO - Started process (PID=19968) to work on /opt/miniconda3/envs/airflow/lib/python3.8/site-packages/airflow/example_dags/example_sla_dag.py
[2024-10-04T06:59:03.714+0100] {processor.py:914} INFO - Processing file /opt/miniconda3/envs/airflow/lib/python3.8/site-packages/airflow/example_dags/example_sla_dag.py for tasks to queue
[2024-10-04T06:59:03.714+0100] {logging_mixin.py:190} INFO - [2024-10-04T06:59:03.714+0100] {dagbag.py:588} INFO - Filling up the DagBag from /opt/miniconda3/envs/airflow/lib/python3.8/site-packages/airflow/example_dags/example_sla_dag.py
[2024-10-04T06:59:03.741+0100] {processor.py:925} INFO - DAG(s) 'example_sla_dag' retrieved from /opt/miniconda3/envs/airflow/lib/python3.8/site-packages/airflow/example_dags/example_sla_dag.py
[2024-10-04T06:59:03.772+0100] {logging_mixin.py:190} INFO - [2024-10-04T06:59:03.772+0100] {dag.py:3239} INFO - Sync 1 DAGs
[2024-10-04T06:59:03.779+0100] {logging_mixin.py:190} INFO - [2024-10-04T06:59:03.779+0100] {dag.py:4180} INFO - Setting next_dagrun for example_sla_dag to 2024-10-04 05:56:00+00:00, run_after=2024-10-04 05:58:00+00:00
[2024-10-04T06:59:03.784+0100] {processor.py:208} INFO - Processing /opt/miniconda3/envs/airflow/lib/python3.8/site-packages/airflow/example_dags/example_sla_dag.py took 0.073 seconds
[2024-10-04T08:12:49.096+0100] {processor.py:186} INFO - Started process (PID=20077) to work on /opt/miniconda3/envs/airflow/lib/python3.8/site-packages/airflow/example_dags/example_sla_dag.py
[2024-10-04T08:12:49.096+0100] {processor.py:914} INFO - Processing file /opt/miniconda3/envs/airflow/lib/python3.8/site-packages/airflow/example_dags/example_sla_dag.py for tasks to queue
[2024-10-04T08:12:49.097+0100] {logging_mixin.py:190} INFO - [2024-10-04T08:12:49.097+0100] {dagbag.py:588} INFO - Filling up the DagBag from /opt/miniconda3/envs/airflow/lib/python3.8/site-packages/airflow/example_dags/example_sla_dag.py
[2024-10-04T08:12:49.124+0100] {processor.py:925} INFO - DAG(s) 'example_sla_dag' retrieved from /opt/miniconda3/envs/airflow/lib/python3.8/site-packages/airflow/example_dags/example_sla_dag.py
[2024-10-04T08:12:49.155+0100] {logging_mixin.py:190} INFO - [2024-10-04T08:12:49.155+0100] {dag.py:3239} INFO - Sync 1 DAGs
[2024-10-04T08:12:49.162+0100] {logging_mixin.py:190} INFO - [2024-10-04T08:12:49.161+0100] {dag.py:4180} INFO - Setting next_dagrun for example_sla_dag to 2024-10-04 07:10:00+00:00, run_after=2024-10-04 07:12:00+00:00
[2024-10-04T08:12:49.166+0100] {processor.py:208} INFO - Processing /opt/miniconda3/envs/airflow/lib/python3.8/site-packages/airflow/example_dags/example_sla_dag.py took 0.072 seconds
[2024-10-04T08:39:37.867+0100] {processor.py:186} INFO - Started process (PID=20195) to work on /opt/miniconda3/envs/airflow/lib/python3.8/site-packages/airflow/example_dags/example_sla_dag.py
[2024-10-04T08:39:37.868+0100] {processor.py:914} INFO - Processing file /opt/miniconda3/envs/airflow/lib/python3.8/site-packages/airflow/example_dags/example_sla_dag.py for tasks to queue
[2024-10-04T08:39:37.868+0100] {logging_mixin.py:190} INFO - [2024-10-04T08:39:37.868+0100] {dagbag.py:588} INFO - Filling up the DagBag from /opt/miniconda3/envs/airflow/lib/python3.8/site-packages/airflow/example_dags/example_sla_dag.py
[2024-10-04T08:39:37.895+0100] {processor.py:925} INFO - DAG(s) 'example_sla_dag' retrieved from /opt/miniconda3/envs/airflow/lib/python3.8/site-packages/airflow/example_dags/example_sla_dag.py
[2024-10-04T08:39:37.926+0100] {logging_mixin.py:190} INFO - [2024-10-04T08:39:37.926+0100] {dag.py:3239} INFO - Sync 1 DAGs
[2024-10-04T08:39:37.933+0100] {logging_mixin.py:190} INFO - [2024-10-04T08:39:37.933+0100] {dag.py:4180} INFO - Setting next_dagrun for example_sla_dag to 2024-10-04 07:36:00+00:00, run_after=2024-10-04 07:38:00+00:00
[2024-10-04T08:39:37.938+0100] {processor.py:208} INFO - Processing /opt/miniconda3/envs/airflow/lib/python3.8/site-packages/airflow/example_dags/example_sla_dag.py took 0.072 seconds
[2024-10-04T08:41:29.582+0100] {processor.py:186} INFO - Started process (PID=20351) to work on /opt/miniconda3/envs/airflow/lib/python3.8/site-packages/airflow/example_dags/example_sla_dag.py
[2024-10-04T08:41:29.583+0100] {processor.py:914} INFO - Processing file /opt/miniconda3/envs/airflow/lib/python3.8/site-packages/airflow/example_dags/example_sla_dag.py for tasks to queue
[2024-10-04T08:41:29.583+0100] {logging_mixin.py:190} INFO - [2024-10-04T08:41:29.583+0100] {dagbag.py:588} INFO - Filling up the DagBag from /opt/miniconda3/envs/airflow/lib/python3.8/site-packages/airflow/example_dags/example_sla_dag.py
[2024-10-04T08:41:29.610+0100] {processor.py:925} INFO - DAG(s) 'example_sla_dag' retrieved from /opt/miniconda3/envs/airflow/lib/python3.8/site-packages/airflow/example_dags/example_sla_dag.py
[2024-10-04T08:41:29.641+0100] {logging_mixin.py:190} INFO - [2024-10-04T08:41:29.641+0100] {dag.py:3239} INFO - Sync 1 DAGs
[2024-10-04T08:41:29.648+0100] {logging_mixin.py:190} INFO - [2024-10-04T08:41:29.648+0100] {dag.py:4180} INFO - Setting next_dagrun for example_sla_dag to 2024-10-04 07:38:00+00:00, run_after=2024-10-04 07:40:00+00:00
[2024-10-04T08:41:29.653+0100] {processor.py:208} INFO - Processing /opt/miniconda3/envs/airflow/lib/python3.8/site-packages/airflow/example_dags/example_sla_dag.py took 0.072 seconds
[2024-10-04T09:25:17.939+0100] {processor.py:186} INFO - Started process (PID=20459) to work on /opt/miniconda3/envs/airflow/lib/python3.8/site-packages/airflow/example_dags/example_sla_dag.py
[2024-10-04T09:25:17.940+0100] {processor.py:914} INFO - Processing file /opt/miniconda3/envs/airflow/lib/python3.8/site-packages/airflow/example_dags/example_sla_dag.py for tasks to queue
[2024-10-04T09:25:17.940+0100] {logging_mixin.py:190} INFO - [2024-10-04T09:25:17.940+0100] {dagbag.py:588} INFO - Filling up the DagBag from /opt/miniconda3/envs/airflow/lib/python3.8/site-packages/airflow/example_dags/example_sla_dag.py
[2024-10-04T09:25:17.969+0100] {processor.py:925} INFO - DAG(s) 'example_sla_dag' retrieved from /opt/miniconda3/envs/airflow/lib/python3.8/site-packages/airflow/example_dags/example_sla_dag.py
[2024-10-04T09:25:18.000+0100] {logging_mixin.py:190} INFO - [2024-10-04T09:25:18.000+0100] {dag.py:3239} INFO - Sync 1 DAGs
[2024-10-04T09:25:18.006+0100] {logging_mixin.py:190} INFO - [2024-10-04T09:25:18.006+0100] {dag.py:4180} INFO - Setting next_dagrun for example_sla_dag to 2024-10-04 08:22:00+00:00, run_after=2024-10-04 08:24:00+00:00
[2024-10-04T09:25:18.012+0100] {processor.py:208} INFO - Processing /opt/miniconda3/envs/airflow/lib/python3.8/site-packages/airflow/example_dags/example_sla_dag.py took 0.074 seconds
[2024-10-04T09:42:24.729+0100] {processor.py:186} INFO - Started process (PID=20604) to work on /opt/miniconda3/envs/airflow/lib/python3.8/site-packages/airflow/example_dags/example_sla_dag.py
[2024-10-04T09:42:24.730+0100] {processor.py:914} INFO - Processing file /opt/miniconda3/envs/airflow/lib/python3.8/site-packages/airflow/example_dags/example_sla_dag.py for tasks to queue
[2024-10-04T09:42:24.731+0100] {logging_mixin.py:190} INFO - [2024-10-04T09:42:24.731+0100] {dagbag.py:588} INFO - Filling up the DagBag from /opt/miniconda3/envs/airflow/lib/python3.8/site-packages/airflow/example_dags/example_sla_dag.py
[2024-10-04T09:42:24.758+0100] {processor.py:925} INFO - DAG(s) 'example_sla_dag' retrieved from /opt/miniconda3/envs/airflow/lib/python3.8/site-packages/airflow/example_dags/example_sla_dag.py
[2024-10-04T09:42:24.789+0100] {logging_mixin.py:190} INFO - [2024-10-04T09:42:24.789+0100] {dag.py:3239} INFO - Sync 1 DAGs
[2024-10-04T09:42:24.796+0100] {logging_mixin.py:190} INFO - [2024-10-04T09:42:24.796+0100] {dag.py:4180} INFO - Setting next_dagrun for example_sla_dag to 2024-10-04 08:40:00+00:00, run_after=2024-10-04 08:42:00+00:00
[2024-10-04T09:42:24.801+0100] {processor.py:208} INFO - Processing /opt/miniconda3/envs/airflow/lib/python3.8/site-packages/airflow/example_dags/example_sla_dag.py took 0.073 seconds
[2024-10-04T10:11:10.315+0100] {processor.py:186} INFO - Started process (PID=20755) to work on /opt/miniconda3/envs/airflow/lib/python3.8/site-packages/airflow/example_dags/example_sla_dag.py
[2024-10-04T10:11:10.315+0100] {processor.py:914} INFO - Processing file /opt/miniconda3/envs/airflow/lib/python3.8/site-packages/airflow/example_dags/example_sla_dag.py for tasks to queue
[2024-10-04T10:11:10.315+0100] {logging_mixin.py:190} INFO - [2024-10-04T10:11:10.315+0100] {dagbag.py:588} INFO - Filling up the DagBag from /opt/miniconda3/envs/airflow/lib/python3.8/site-packages/airflow/example_dags/example_sla_dag.py
[2024-10-04T10:11:10.342+0100] {processor.py:925} INFO - DAG(s) 'example_sla_dag' retrieved from /opt/miniconda3/envs/airflow/lib/python3.8/site-packages/airflow/example_dags/example_sla_dag.py
[2024-10-04T10:11:10.374+0100] {logging_mixin.py:190} INFO - [2024-10-04T10:11:10.374+0100] {dag.py:3239} INFO - Sync 1 DAGs
[2024-10-04T10:11:10.380+0100] {logging_mixin.py:190} INFO - [2024-10-04T10:11:10.380+0100] {dag.py:4180} INFO - Setting next_dagrun for example_sla_dag to 2024-10-04 09:08:00+00:00, run_after=2024-10-04 09:10:00+00:00
[2024-10-04T10:11:10.386+0100] {processor.py:208} INFO - Processing /opt/miniconda3/envs/airflow/lib/python3.8/site-packages/airflow/example_dags/example_sla_dag.py took 0.073 seconds
[2024-10-04T10:20:14.346+0100] {processor.py:186} INFO - Started process (PID=20863) to work on /opt/miniconda3/envs/airflow/lib/python3.8/site-packages/airflow/example_dags/example_sla_dag.py
[2024-10-04T10:20:14.347+0100] {processor.py:914} INFO - Processing file /opt/miniconda3/envs/airflow/lib/python3.8/site-packages/airflow/example_dags/example_sla_dag.py for tasks to queue
[2024-10-04T10:20:14.347+0100] {logging_mixin.py:190} INFO - [2024-10-04T10:20:14.347+0100] {dagbag.py:588} INFO - Filling up the DagBag from /opt/miniconda3/envs/airflow/lib/python3.8/site-packages/airflow/example_dags/example_sla_dag.py
[2024-10-04T10:20:14.382+0100] {processor.py:925} INFO - DAG(s) 'example_sla_dag' retrieved from /opt/miniconda3/envs/airflow/lib/python3.8/site-packages/airflow/example_dags/example_sla_dag.py
[2024-10-04T10:20:14.421+0100] {logging_mixin.py:190} INFO - [2024-10-04T10:20:14.421+0100] {dag.py:3239} INFO - Sync 1 DAGs
[2024-10-04T10:20:14.429+0100] {logging_mixin.py:190} INFO - [2024-10-04T10:20:14.429+0100] {dag.py:4180} INFO - Setting next_dagrun for example_sla_dag to 2024-10-04 09:18:00+00:00, run_after=2024-10-04 09:20:00+00:00
[2024-10-04T10:20:14.436+0100] {processor.py:208} INFO - Processing /opt/miniconda3/envs/airflow/lib/python3.8/site-packages/airflow/example_dags/example_sla_dag.py took 0.093 seconds
[2024-10-04T10:21:20.774+0100] {processor.py:186} INFO - Started process (PID=20955) to work on /opt/miniconda3/envs/airflow/lib/python3.8/site-packages/airflow/example_dags/example_sla_dag.py
[2024-10-04T10:21:20.775+0100] {processor.py:914} INFO - Processing file /opt/miniconda3/envs/airflow/lib/python3.8/site-packages/airflow/example_dags/example_sla_dag.py for tasks to queue
[2024-10-04T10:21:20.775+0100] {logging_mixin.py:190} INFO - [2024-10-04T10:21:20.775+0100] {dagbag.py:588} INFO - Filling up the DagBag from /opt/miniconda3/envs/airflow/lib/python3.8/site-packages/airflow/example_dags/example_sla_dag.py
[2024-10-04T10:21:20.803+0100] {processor.py:925} INFO - DAG(s) 'example_sla_dag' retrieved from /opt/miniconda3/envs/airflow/lib/python3.8/site-packages/airflow/example_dags/example_sla_dag.py
[2024-10-04T10:21:20.834+0100] {logging_mixin.py:190} INFO - [2024-10-04T10:21:20.834+0100] {dag.py:3239} INFO - Sync 1 DAGs
[2024-10-04T10:21:20.840+0100] {logging_mixin.py:190} INFO - [2024-10-04T10:21:20.840+0100] {dag.py:4180} INFO - Setting next_dagrun for example_sla_dag to 2024-10-04 09:18:00+00:00, run_after=2024-10-04 09:20:00+00:00
[2024-10-04T10:21:20.846+0100] {processor.py:208} INFO - Processing /opt/miniconda3/envs/airflow/lib/python3.8/site-packages/airflow/example_dags/example_sla_dag.py took 0.073 seconds
[2024-10-04T10:24:40.425+0100] {processor.py:186} INFO - Started process (PID=21132) to work on /opt/miniconda3/envs/airflow/lib/python3.8/site-packages/airflow/example_dags/example_sla_dag.py
[2024-10-04T10:24:40.427+0100] {processor.py:914} INFO - Processing file /opt/miniconda3/envs/airflow/lib/python3.8/site-packages/airflow/example_dags/example_sla_dag.py for tasks to queue
[2024-10-04T10:24:40.427+0100] {logging_mixin.py:190} INFO - [2024-10-04T10:24:40.427+0100] {dagbag.py:588} INFO - Filling up the DagBag from /opt/miniconda3/envs/airflow/lib/python3.8/site-packages/airflow/example_dags/example_sla_dag.py
[2024-10-04T10:24:40.455+0100] {processor.py:925} INFO - DAG(s) 'example_sla_dag' retrieved from /opt/miniconda3/envs/airflow/lib/python3.8/site-packages/airflow/example_dags/example_sla_dag.py
[2024-10-04T10:24:40.486+0100] {logging_mixin.py:190} INFO - [2024-10-04T10:24:40.486+0100] {dag.py:3239} INFO - Sync 1 DAGs
[2024-10-04T10:24:40.494+0100] {logging_mixin.py:190} INFO - [2024-10-04T10:24:40.494+0100] {dag.py:4180} INFO - Setting next_dagrun for example_sla_dag to 2024-10-04 09:22:00+00:00, run_after=2024-10-04 09:24:00+00:00
[2024-10-04T10:24:40.499+0100] {processor.py:208} INFO - Processing /opt/miniconda3/envs/airflow/lib/python3.8/site-packages/airflow/example_dags/example_sla_dag.py took 0.075 seconds
[2024-10-04T10:26:37.672+0100] {processor.py:186} INFO - Started process (PID=21286) to work on /opt/miniconda3/envs/airflow/lib/python3.8/site-packages/airflow/example_dags/example_sla_dag.py
[2024-10-04T10:26:37.673+0100] {processor.py:914} INFO - Processing file /opt/miniconda3/envs/airflow/lib/python3.8/site-packages/airflow/example_dags/example_sla_dag.py for tasks to queue
[2024-10-04T10:26:37.673+0100] {logging_mixin.py:190} INFO - [2024-10-04T10:26:37.673+0100] {dagbag.py:588} INFO - Filling up the DagBag from /opt/miniconda3/envs/airflow/lib/python3.8/site-packages/airflow/example_dags/example_sla_dag.py
[2024-10-04T10:26:37.701+0100] {processor.py:925} INFO - DAG(s) 'example_sla_dag' retrieved from /opt/miniconda3/envs/airflow/lib/python3.8/site-packages/airflow/example_dags/example_sla_dag.py
[2024-10-04T10:26:37.733+0100] {logging_mixin.py:190} INFO - [2024-10-04T10:26:37.733+0100] {dag.py:3239} INFO - Sync 1 DAGs
[2024-10-04T10:26:37.739+0100] {logging_mixin.py:190} INFO - [2024-10-04T10:26:37.739+0100] {dag.py:4180} INFO - Setting next_dagrun for example_sla_dag to 2024-10-04 09:24:00+00:00, run_after=2024-10-04 09:26:00+00:00
[2024-10-04T10:26:37.745+0100] {processor.py:208} INFO - Processing /opt/miniconda3/envs/airflow/lib/python3.8/site-packages/airflow/example_dags/example_sla_dag.py took 0.074 seconds
[2024-10-04T10:28:32.922+0100] {processor.py:186} INFO - Started process (PID=21441) to work on /opt/miniconda3/envs/airflow/lib/python3.8/site-packages/airflow/example_dags/example_sla_dag.py
[2024-10-04T10:28:32.922+0100] {processor.py:914} INFO - Processing file /opt/miniconda3/envs/airflow/lib/python3.8/site-packages/airflow/example_dags/example_sla_dag.py for tasks to queue
[2024-10-04T10:28:32.922+0100] {logging_mixin.py:190} INFO - [2024-10-04T10:28:32.922+0100] {dagbag.py:588} INFO - Filling up the DagBag from /opt/miniconda3/envs/airflow/lib/python3.8/site-packages/airflow/example_dags/example_sla_dag.py
[2024-10-04T10:28:32.954+0100] {processor.py:925} INFO - DAG(s) 'example_sla_dag' retrieved from /opt/miniconda3/envs/airflow/lib/python3.8/site-packages/airflow/example_dags/example_sla_dag.py
[2024-10-04T10:28:32.988+0100] {logging_mixin.py:190} INFO - [2024-10-04T10:28:32.988+0100] {dag.py:3239} INFO - Sync 1 DAGs
[2024-10-04T10:28:32.995+0100] {logging_mixin.py:190} INFO - [2024-10-04T10:28:32.995+0100] {dag.py:4180} INFO - Setting next_dagrun for example_sla_dag to 2024-10-04 09:26:00+00:00, run_after=2024-10-04 09:28:00+00:00
[2024-10-04T10:28:33.001+0100] {processor.py:208} INFO - Processing /opt/miniconda3/envs/airflow/lib/python3.8/site-packages/airflow/example_dags/example_sla_dag.py took 0.082 seconds
[2024-10-04T10:30:26.202+0100] {processor.py:186} INFO - Started process (PID=21630) to work on /opt/miniconda3/envs/airflow/lib/python3.8/site-packages/airflow/example_dags/example_sla_dag.py
[2024-10-04T10:30:26.203+0100] {processor.py:914} INFO - Processing file /opt/miniconda3/envs/airflow/lib/python3.8/site-packages/airflow/example_dags/example_sla_dag.py for tasks to queue
[2024-10-04T10:30:26.203+0100] {logging_mixin.py:190} INFO - [2024-10-04T10:30:26.203+0100] {dagbag.py:588} INFO - Filling up the DagBag from /opt/miniconda3/envs/airflow/lib/python3.8/site-packages/airflow/example_dags/example_sla_dag.py
[2024-10-04T10:30:26.231+0100] {processor.py:925} INFO - DAG(s) 'example_sla_dag' retrieved from /opt/miniconda3/envs/airflow/lib/python3.8/site-packages/airflow/example_dags/example_sla_dag.py
[2024-10-04T10:30:26.263+0100] {logging_mixin.py:190} INFO - [2024-10-04T10:30:26.263+0100] {dag.py:3239} INFO - Sync 1 DAGs
[2024-10-04T10:30:26.269+0100] {logging_mixin.py:190} INFO - [2024-10-04T10:30:26.269+0100] {dag.py:4180} INFO - Setting next_dagrun for example_sla_dag to 2024-10-04 09:28:00+00:00, run_after=2024-10-04 09:30:00+00:00
[2024-10-04T10:30:26.275+0100] {processor.py:208} INFO - Processing /opt/miniconda3/envs/airflow/lib/python3.8/site-packages/airflow/example_dags/example_sla_dag.py took 0.075 seconds
[2024-10-04T10:32:23.714+0100] {processor.py:186} INFO - Started process (PID=21798) to work on /opt/miniconda3/envs/airflow/lib/python3.8/site-packages/airflow/example_dags/example_sla_dag.py
[2024-10-04T10:32:23.715+0100] {processor.py:914} INFO - Processing file /opt/miniconda3/envs/airflow/lib/python3.8/site-packages/airflow/example_dags/example_sla_dag.py for tasks to queue
[2024-10-04T10:32:23.715+0100] {logging_mixin.py:190} INFO - [2024-10-04T10:32:23.715+0100] {dagbag.py:588} INFO - Filling up the DagBag from /opt/miniconda3/envs/airflow/lib/python3.8/site-packages/airflow/example_dags/example_sla_dag.py
[2024-10-04T10:32:23.744+0100] {processor.py:925} INFO - DAG(s) 'example_sla_dag' retrieved from /opt/miniconda3/envs/airflow/lib/python3.8/site-packages/airflow/example_dags/example_sla_dag.py
[2024-10-04T10:32:23.776+0100] {logging_mixin.py:190} INFO - [2024-10-04T10:32:23.775+0100] {dag.py:3239} INFO - Sync 1 DAGs
[2024-10-04T10:32:23.782+0100] {logging_mixin.py:190} INFO - [2024-10-04T10:32:23.782+0100] {dag.py:4180} INFO - Setting next_dagrun for example_sla_dag to 2024-10-04 09:30:00+00:00, run_after=2024-10-04 09:32:00+00:00
[2024-10-04T10:32:23.788+0100] {processor.py:208} INFO - Processing /opt/miniconda3/envs/airflow/lib/python3.8/site-packages/airflow/example_dags/example_sla_dag.py took 0.075 seconds
[2024-10-04T10:33:26.771+0100] {processor.py:186} INFO - Started process (PID=21886) to work on /opt/miniconda3/envs/airflow/lib/python3.8/site-packages/airflow/example_dags/example_sla_dag.py
[2024-10-04T10:33:26.772+0100] {processor.py:914} INFO - Processing file /opt/miniconda3/envs/airflow/lib/python3.8/site-packages/airflow/example_dags/example_sla_dag.py for tasks to queue
[2024-10-04T10:33:26.772+0100] {logging_mixin.py:190} INFO - [2024-10-04T10:33:26.772+0100] {dagbag.py:588} INFO - Filling up the DagBag from /opt/miniconda3/envs/airflow/lib/python3.8/site-packages/airflow/example_dags/example_sla_dag.py
[2024-10-04T10:33:26.800+0100] {processor.py:925} INFO - DAG(s) 'example_sla_dag' retrieved from /opt/miniconda3/envs/airflow/lib/python3.8/site-packages/airflow/example_dags/example_sla_dag.py
[2024-10-04T10:33:26.832+0100] {logging_mixin.py:190} INFO - [2024-10-04T10:33:26.832+0100] {dag.py:3239} INFO - Sync 1 DAGs
[2024-10-04T10:33:26.838+0100] {logging_mixin.py:190} INFO - [2024-10-04T10:33:26.838+0100] {dag.py:4180} INFO - Setting next_dagrun for example_sla_dag to 2024-10-04 09:30:00+00:00, run_after=2024-10-04 09:32:00+00:00
[2024-10-04T10:33:26.844+0100] {processor.py:208} INFO - Processing /opt/miniconda3/envs/airflow/lib/python3.8/site-packages/airflow/example_dags/example_sla_dag.py took 0.074 seconds
[2024-10-04T10:34:30.361+0100] {processor.py:186} INFO - Started process (PID=21964) to work on /opt/miniconda3/envs/airflow/lib/python3.8/site-packages/airflow/example_dags/example_sla_dag.py
[2024-10-04T10:34:30.362+0100] {processor.py:914} INFO - Processing file /opt/miniconda3/envs/airflow/lib/python3.8/site-packages/airflow/example_dags/example_sla_dag.py for tasks to queue
[2024-10-04T10:34:30.362+0100] {logging_mixin.py:190} INFO - [2024-10-04T10:34:30.362+0100] {dagbag.py:588} INFO - Filling up the DagBag from /opt/miniconda3/envs/airflow/lib/python3.8/site-packages/airflow/example_dags/example_sla_dag.py
[2024-10-04T10:34:30.389+0100] {processor.py:925} INFO - DAG(s) 'example_sla_dag' retrieved from /opt/miniconda3/envs/airflow/lib/python3.8/site-packages/airflow/example_dags/example_sla_dag.py
[2024-10-04T10:34:30.421+0100] {logging_mixin.py:190} INFO - [2024-10-04T10:34:30.421+0100] {dag.py:3239} INFO - Sync 1 DAGs
[2024-10-04T10:34:30.427+0100] {logging_mixin.py:190} INFO - [2024-10-04T10:34:30.427+0100] {dag.py:4180} INFO - Setting next_dagrun for example_sla_dag to 2024-10-04 09:32:00+00:00, run_after=2024-10-04 09:34:00+00:00
[2024-10-04T10:34:30.433+0100] {processor.py:208} INFO - Processing /opt/miniconda3/envs/airflow/lib/python3.8/site-packages/airflow/example_dags/example_sla_dag.py took 0.073 seconds
[2024-10-04T10:35:37.860+0100] {processor.py:186} INFO - Started process (PID=22055) to work on /opt/miniconda3/envs/airflow/lib/python3.8/site-packages/airflow/example_dags/example_sla_dag.py
[2024-10-04T10:35:37.861+0100] {processor.py:914} INFO - Processing file /opt/miniconda3/envs/airflow/lib/python3.8/site-packages/airflow/example_dags/example_sla_dag.py for tasks to queue
[2024-10-04T10:35:37.861+0100] {logging_mixin.py:190} INFO - [2024-10-04T10:35:37.861+0100] {dagbag.py:588} INFO - Filling up the DagBag from /opt/miniconda3/envs/airflow/lib/python3.8/site-packages/airflow/example_dags/example_sla_dag.py
[2024-10-04T10:35:37.894+0100] {processor.py:925} INFO - DAG(s) 'example_sla_dag' retrieved from /opt/miniconda3/envs/airflow/lib/python3.8/site-packages/airflow/example_dags/example_sla_dag.py
[2024-10-04T10:35:37.927+0100] {logging_mixin.py:190} INFO - [2024-10-04T10:35:37.927+0100] {dag.py:3239} INFO - Sync 1 DAGs
[2024-10-04T10:35:37.934+0100] {logging_mixin.py:190} INFO - [2024-10-04T10:35:37.934+0100] {dag.py:4180} INFO - Setting next_dagrun for example_sla_dag to 2024-10-04 09:32:00+00:00, run_after=2024-10-04 09:34:00+00:00
[2024-10-04T10:35:37.939+0100] {processor.py:208} INFO - Processing /opt/miniconda3/envs/airflow/lib/python3.8/site-packages/airflow/example_dags/example_sla_dag.py took 0.081 seconds
[2024-10-04T10:36:44.669+0100] {processor.py:186} INFO - Started process (PID=22137) to work on /opt/miniconda3/envs/airflow/lib/python3.8/site-packages/airflow/example_dags/example_sla_dag.py
[2024-10-04T10:36:44.669+0100] {processor.py:914} INFO - Processing file /opt/miniconda3/envs/airflow/lib/python3.8/site-packages/airflow/example_dags/example_sla_dag.py for tasks to queue
[2024-10-04T10:36:44.669+0100] {logging_mixin.py:190} INFO - [2024-10-04T10:36:44.669+0100] {dagbag.py:588} INFO - Filling up the DagBag from /opt/miniconda3/envs/airflow/lib/python3.8/site-packages/airflow/example_dags/example_sla_dag.py
[2024-10-04T10:36:44.699+0100] {processor.py:925} INFO - DAG(s) 'example_sla_dag' retrieved from /opt/miniconda3/envs/airflow/lib/python3.8/site-packages/airflow/example_dags/example_sla_dag.py
[2024-10-04T10:36:44.730+0100] {logging_mixin.py:190} INFO - [2024-10-04T10:36:44.730+0100] {dag.py:3239} INFO - Sync 1 DAGs
[2024-10-04T10:36:44.737+0100] {logging_mixin.py:190} INFO - [2024-10-04T10:36:44.737+0100] {dag.py:4180} INFO - Setting next_dagrun for example_sla_dag to 2024-10-04 09:34:00+00:00, run_after=2024-10-04 09:36:00+00:00
[2024-10-04T10:36:44.742+0100] {processor.py:208} INFO - Processing /opt/miniconda3/envs/airflow/lib/python3.8/site-packages/airflow/example_dags/example_sla_dag.py took 0.075 seconds
[2024-10-04T10:37:52.153+0100] {processor.py:186} INFO - Started process (PID=22226) to work on /opt/miniconda3/envs/airflow/lib/python3.8/site-packages/airflow/example_dags/example_sla_dag.py
[2024-10-04T10:37:52.153+0100] {processor.py:914} INFO - Processing file /opt/miniconda3/envs/airflow/lib/python3.8/site-packages/airflow/example_dags/example_sla_dag.py for tasks to queue
[2024-10-04T10:37:52.153+0100] {logging_mixin.py:190} INFO - [2024-10-04T10:37:52.153+0100] {dagbag.py:588} INFO - Filling up the DagBag from /opt/miniconda3/envs/airflow/lib/python3.8/site-packages/airflow/example_dags/example_sla_dag.py
[2024-10-04T10:37:52.182+0100] {processor.py:925} INFO - DAG(s) 'example_sla_dag' retrieved from /opt/miniconda3/envs/airflow/lib/python3.8/site-packages/airflow/example_dags/example_sla_dag.py
[2024-10-04T10:37:52.214+0100] {logging_mixin.py:190} INFO - [2024-10-04T10:37:52.214+0100] {dag.py:3239} INFO - Sync 1 DAGs
[2024-10-04T10:37:52.220+0100] {logging_mixin.py:190} INFO - [2024-10-04T10:37:52.220+0100] {dag.py:4180} INFO - Setting next_dagrun for example_sla_dag to 2024-10-04 09:34:00+00:00, run_after=2024-10-04 09:36:00+00:00
[2024-10-04T10:37:52.226+0100] {processor.py:208} INFO - Processing /opt/miniconda3/envs/airflow/lib/python3.8/site-packages/airflow/example_dags/example_sla_dag.py took 0.074 seconds
