[2024-10-04T01:38:27.352+0100] {processor.py:186} INFO - Started process (PID=17361) to work on /opt/miniconda3/envs/airflow/lib/python3.8/site-packages/airflow/example_dags/example_xcomargs.py
[2024-10-04T01:38:27.352+0100] {processor.py:914} INFO - Processing file /opt/miniconda3/envs/airflow/lib/python3.8/site-packages/airflow/example_dags/example_xcomargs.py for tasks to queue
[2024-10-04T01:38:27.353+0100] {logging_mixin.py:190} INFO - [2024-10-04T01:38:27.353+0100] {dagbag.py:588} INFO - Filling up the DagBag from /opt/miniconda3/envs/airflow/lib/python3.8/site-packages/airflow/example_dags/example_xcomargs.py
[2024-10-04T01:38:27.382+0100] {processor.py:925} INFO - DAG(s) 'example_xcom_args_with_operators', 'example_xcom_args' retrieved from /opt/miniconda3/envs/airflow/lib/python3.8/site-packages/airflow/example_dags/example_xcomargs.py
[2024-10-04T01:38:27.414+0100] {logging_mixin.py:190} INFO - [2024-10-04T01:38:27.414+0100] {dag.py:3239} INFO - Sync 2 DAGs
[2024-10-04T01:38:27.418+0100] {logging_mixin.py:190} INFO - [2024-10-04T01:38:27.418+0100] {dag.py:4180} INFO - Setting next_dagrun for example_xcom_args to None, run_after=None
[2024-10-04T01:38:27.419+0100] {logging_mixin.py:190} INFO - [2024-10-04T01:38:27.419+0100] {dag.py:4180} INFO - Setting next_dagrun for example_xcom_args_with_operators to None, run_after=None
[2024-10-04T01:38:27.423+0100] {processor.py:208} INFO - Processing /opt/miniconda3/envs/airflow/lib/python3.8/site-packages/airflow/example_dags/example_xcomargs.py took 0.073 seconds
[2024-10-04T01:56:09.146+0100] {processor.py:186} INFO - Started process (PID=17482) to work on /opt/miniconda3/envs/airflow/lib/python3.8/site-packages/airflow/example_dags/example_xcomargs.py
[2024-10-04T01:56:09.147+0100] {processor.py:914} INFO - Processing file /opt/miniconda3/envs/airflow/lib/python3.8/site-packages/airflow/example_dags/example_xcomargs.py for tasks to queue
[2024-10-04T01:56:09.148+0100] {logging_mixin.py:190} INFO - [2024-10-04T01:56:09.148+0100] {dagbag.py:588} INFO - Filling up the DagBag from /opt/miniconda3/envs/airflow/lib/python3.8/site-packages/airflow/example_dags/example_xcomargs.py
[2024-10-04T01:56:09.175+0100] {processor.py:925} INFO - DAG(s) 'example_xcom_args', 'example_xcom_args_with_operators' retrieved from /opt/miniconda3/envs/airflow/lib/python3.8/site-packages/airflow/example_dags/example_xcomargs.py
[2024-10-04T01:56:09.208+0100] {logging_mixin.py:190} INFO - [2024-10-04T01:56:09.208+0100] {dag.py:3239} INFO - Sync 2 DAGs
[2024-10-04T01:56:09.211+0100] {logging_mixin.py:190} INFO - [2024-10-04T01:56:09.211+0100] {dag.py:4180} INFO - Setting next_dagrun for example_xcom_args to None, run_after=None
[2024-10-04T01:56:09.212+0100] {logging_mixin.py:190} INFO - [2024-10-04T01:56:09.212+0100] {dag.py:4180} INFO - Setting next_dagrun for example_xcom_args_with_operators to None, run_after=None
[2024-10-04T01:56:09.217+0100] {processor.py:208} INFO - Processing /opt/miniconda3/envs/airflow/lib/python3.8/site-packages/airflow/example_dags/example_xcomargs.py took 0.072 seconds
[2024-10-04T01:57:14.315+0100] {processor.py:186} INFO - Started process (PID=17563) to work on /opt/miniconda3/envs/airflow/lib/python3.8/site-packages/airflow/example_dags/example_xcomargs.py
[2024-10-04T01:57:14.315+0100] {processor.py:914} INFO - Processing file /opt/miniconda3/envs/airflow/lib/python3.8/site-packages/airflow/example_dags/example_xcomargs.py for tasks to queue
[2024-10-04T01:57:14.315+0100] {logging_mixin.py:190} INFO - [2024-10-04T01:57:14.315+0100] {dagbag.py:588} INFO - Filling up the DagBag from /opt/miniconda3/envs/airflow/lib/python3.8/site-packages/airflow/example_dags/example_xcomargs.py
[2024-10-04T01:57:14.342+0100] {processor.py:925} INFO - DAG(s) 'example_xcom_args_with_operators', 'example_xcom_args' retrieved from /opt/miniconda3/envs/airflow/lib/python3.8/site-packages/airflow/example_dags/example_xcomargs.py
[2024-10-04T01:57:14.375+0100] {logging_mixin.py:190} INFO - [2024-10-04T01:57:14.375+0100] {dag.py:3239} INFO - Sync 2 DAGs
[2024-10-04T01:57:14.378+0100] {logging_mixin.py:190} INFO - [2024-10-04T01:57:14.378+0100] {dag.py:4180} INFO - Setting next_dagrun for example_xcom_args to None, run_after=None
[2024-10-04T01:57:14.379+0100] {logging_mixin.py:190} INFO - [2024-10-04T01:57:14.379+0100] {dag.py:4180} INFO - Setting next_dagrun for example_xcom_args_with_operators to None, run_after=None
[2024-10-04T01:57:14.384+0100] {processor.py:208} INFO - Processing /opt/miniconda3/envs/airflow/lib/python3.8/site-packages/airflow/example_dags/example_xcomargs.py took 0.071 seconds
[2024-10-04T03:32:36.342+0100] {processor.py:186} INFO - Started process (PID=17661) to work on /opt/miniconda3/envs/airflow/lib/python3.8/site-packages/airflow/example_dags/example_xcomargs.py
[2024-10-04T03:32:36.342+0100] {processor.py:914} INFO - Processing file /opt/miniconda3/envs/airflow/lib/python3.8/site-packages/airflow/example_dags/example_xcomargs.py for tasks to queue
[2024-10-04T03:32:36.343+0100] {logging_mixin.py:190} INFO - [2024-10-04T03:32:36.343+0100] {dagbag.py:588} INFO - Filling up the DagBag from /opt/miniconda3/envs/airflow/lib/python3.8/site-packages/airflow/example_dags/example_xcomargs.py
[2024-10-04T03:32:36.370+0100] {processor.py:925} INFO - DAG(s) 'example_xcom_args', 'example_xcom_args_with_operators' retrieved from /opt/miniconda3/envs/airflow/lib/python3.8/site-packages/airflow/example_dags/example_xcomargs.py
[2024-10-04T03:32:36.403+0100] {logging_mixin.py:190} INFO - [2024-10-04T03:32:36.403+0100] {dag.py:3239} INFO - Sync 2 DAGs
[2024-10-04T03:32:36.407+0100] {logging_mixin.py:190} INFO - [2024-10-04T03:32:36.407+0100] {dag.py:4180} INFO - Setting next_dagrun for example_xcom_args to None, run_after=None
[2024-10-04T03:32:36.408+0100] {logging_mixin.py:190} INFO - [2024-10-04T03:32:36.408+0100] {dag.py:4180} INFO - Setting next_dagrun for example_xcom_args_with_operators to None, run_after=None
[2024-10-04T03:32:36.412+0100] {processor.py:208} INFO - Processing /opt/miniconda3/envs/airflow/lib/python3.8/site-packages/airflow/example_dags/example_xcomargs.py took 0.072 seconds
[2024-10-04T03:51:48.503+0100] {processor.py:186} INFO - Started process (PID=17793) to work on /opt/miniconda3/envs/airflow/lib/python3.8/site-packages/airflow/example_dags/example_xcomargs.py
[2024-10-04T03:51:48.503+0100] {processor.py:914} INFO - Processing file /opt/miniconda3/envs/airflow/lib/python3.8/site-packages/airflow/example_dags/example_xcomargs.py for tasks to queue
[2024-10-04T03:51:48.504+0100] {logging_mixin.py:190} INFO - [2024-10-04T03:51:48.503+0100] {dagbag.py:588} INFO - Filling up the DagBag from /opt/miniconda3/envs/airflow/lib/python3.8/site-packages/airflow/example_dags/example_xcomargs.py
[2024-10-04T03:51:48.531+0100] {processor.py:925} INFO - DAG(s) 'example_xcom_args', 'example_xcom_args_with_operators' retrieved from /opt/miniconda3/envs/airflow/lib/python3.8/site-packages/airflow/example_dags/example_xcomargs.py
[2024-10-04T03:51:48.564+0100] {logging_mixin.py:190} INFO - [2024-10-04T03:51:48.563+0100] {dag.py:3239} INFO - Sync 2 DAGs
[2024-10-04T03:51:48.567+0100] {logging_mixin.py:190} INFO - [2024-10-04T03:51:48.567+0100] {dag.py:4180} INFO - Setting next_dagrun for example_xcom_args to None, run_after=None
[2024-10-04T03:51:48.568+0100] {logging_mixin.py:190} INFO - [2024-10-04T03:51:48.568+0100] {dag.py:4180} INFO - Setting next_dagrun for example_xcom_args_with_operators to None, run_after=None
[2024-10-04T03:51:48.573+0100] {processor.py:208} INFO - Processing /opt/miniconda3/envs/airflow/lib/python3.8/site-packages/airflow/example_dags/example_xcomargs.py took 0.072 seconds
[2024-10-04T03:52:51.971+0100] {processor.py:186} INFO - Started process (PID=17882) to work on /opt/miniconda3/envs/airflow/lib/python3.8/site-packages/airflow/example_dags/example_xcomargs.py
[2024-10-04T03:52:51.971+0100] {processor.py:914} INFO - Processing file /opt/miniconda3/envs/airflow/lib/python3.8/site-packages/airflow/example_dags/example_xcomargs.py for tasks to queue
[2024-10-04T03:52:51.971+0100] {logging_mixin.py:190} INFO - [2024-10-04T03:52:51.971+0100] {dagbag.py:588} INFO - Filling up the DagBag from /opt/miniconda3/envs/airflow/lib/python3.8/site-packages/airflow/example_dags/example_xcomargs.py
[2024-10-04T03:52:51.998+0100] {processor.py:925} INFO - DAG(s) 'example_xcom_args', 'example_xcom_args_with_operators' retrieved from /opt/miniconda3/envs/airflow/lib/python3.8/site-packages/airflow/example_dags/example_xcomargs.py
[2024-10-04T03:52:52.031+0100] {logging_mixin.py:190} INFO - [2024-10-04T03:52:52.031+0100] {dag.py:3239} INFO - Sync 2 DAGs
[2024-10-04T03:52:52.034+0100] {logging_mixin.py:190} INFO - [2024-10-04T03:52:52.034+0100] {dag.py:4180} INFO - Setting next_dagrun for example_xcom_args to None, run_after=None
[2024-10-04T03:52:52.035+0100] {logging_mixin.py:190} INFO - [2024-10-04T03:52:52.035+0100] {dag.py:4180} INFO - Setting next_dagrun for example_xcom_args_with_operators to None, run_after=None
[2024-10-04T03:52:52.041+0100] {processor.py:208} INFO - Processing /opt/miniconda3/envs/airflow/lib/python3.8/site-packages/airflow/example_dags/example_xcomargs.py took 0.071 seconds
[2024-10-04T05:41:14.124+0100] {processor.py:186} INFO - Started process (PID=17987) to work on /opt/miniconda3/envs/airflow/lib/python3.8/site-packages/airflow/example_dags/example_xcomargs.py
[2024-10-04T05:41:14.164+0100] {processor.py:914} INFO - Processing file /opt/miniconda3/envs/airflow/lib/python3.8/site-packages/airflow/example_dags/example_xcomargs.py for tasks to queue
[2024-10-04T05:41:14.164+0100] {logging_mixin.py:190} INFO - [2024-10-04T05:41:14.164+0100] {dagbag.py:588} INFO - Filling up the DagBag from /opt/miniconda3/envs/airflow/lib/python3.8/site-packages/airflow/example_dags/example_xcomargs.py
[2024-10-04T05:41:14.200+0100] {processor.py:925} INFO - DAG(s) 'example_xcom_args', 'example_xcom_args_with_operators' retrieved from /opt/miniconda3/envs/airflow/lib/python3.8/site-packages/airflow/example_dags/example_xcomargs.py
[2024-10-04T05:41:14.234+0100] {logging_mixin.py:190} INFO - [2024-10-04T05:41:14.234+0100] {dag.py:3239} INFO - Sync 2 DAGs
[2024-10-04T05:41:14.237+0100] {logging_mixin.py:190} INFO - [2024-10-04T05:41:14.237+0100] {dag.py:4180} INFO - Setting next_dagrun for example_xcom_args to None, run_after=None
[2024-10-04T05:41:14.238+0100] {logging_mixin.py:190} INFO - [2024-10-04T05:41:14.238+0100] {dag.py:4180} INFO - Setting next_dagrun for example_xcom_args_with_operators to None, run_after=None
[2024-10-04T05:41:14.243+0100] {processor.py:208} INFO - Processing /opt/miniconda3/envs/airflow/lib/python3.8/site-packages/airflow/example_dags/example_xcomargs.py took 0.121 seconds
[2024-10-04T06:14:54.340+0100] {processor.py:186} INFO - Started process (PID=18113) to work on /opt/miniconda3/envs/airflow/lib/python3.8/site-packages/airflow/example_dags/example_xcomargs.py
[2024-10-04T06:14:54.341+0100] {processor.py:914} INFO - Processing file /opt/miniconda3/envs/airflow/lib/python3.8/site-packages/airflow/example_dags/example_xcomargs.py for tasks to queue
[2024-10-04T06:14:54.341+0100] {logging_mixin.py:190} INFO - [2024-10-04T06:14:54.341+0100] {dagbag.py:588} INFO - Filling up the DagBag from /opt/miniconda3/envs/airflow/lib/python3.8/site-packages/airflow/example_dags/example_xcomargs.py
[2024-10-04T06:14:54.368+0100] {processor.py:925} INFO - DAG(s) 'example_xcom_args_with_operators', 'example_xcom_args' retrieved from /opt/miniconda3/envs/airflow/lib/python3.8/site-packages/airflow/example_dags/example_xcomargs.py
[2024-10-04T06:14:54.401+0100] {logging_mixin.py:190} INFO - [2024-10-04T06:14:54.401+0100] {dag.py:3239} INFO - Sync 2 DAGs
[2024-10-04T06:14:54.405+0100] {logging_mixin.py:190} INFO - [2024-10-04T06:14:54.405+0100] {dag.py:4180} INFO - Setting next_dagrun for example_xcom_args to None, run_after=None
[2024-10-04T06:14:54.406+0100] {logging_mixin.py:190} INFO - [2024-10-04T06:14:54.406+0100] {dag.py:4180} INFO - Setting next_dagrun for example_xcom_args_with_operators to None, run_after=None
[2024-10-04T06:14:54.411+0100] {processor.py:208} INFO - Processing /opt/miniconda3/envs/airflow/lib/python3.8/site-packages/airflow/example_dags/example_xcomargs.py took 0.072 seconds
[2024-10-04T06:15:49.244+0100] {processor.py:186} INFO - Started process (PID=19843) to work on /opt/miniconda3/envs/airflow/lib/python3.8/site-packages/airflow/example_dags/example_xcomargs.py
[2024-10-04T06:15:49.245+0100] {processor.py:914} INFO - Processing file /opt/miniconda3/envs/airflow/lib/python3.8/site-packages/airflow/example_dags/example_xcomargs.py for tasks to queue
[2024-10-04T06:15:49.246+0100] {logging_mixin.py:190} INFO - [2024-10-04T06:15:49.246+0100] {dagbag.py:588} INFO - Filling up the DagBag from /opt/miniconda3/envs/airflow/lib/python3.8/site-packages/airflow/example_dags/example_xcomargs.py
[2024-10-04T06:15:49.273+0100] {processor.py:925} INFO - DAG(s) 'example_xcom_args_with_operators', 'example_xcom_args' retrieved from /opt/miniconda3/envs/airflow/lib/python3.8/site-packages/airflow/example_dags/example_xcomargs.py
[2024-10-04T06:15:49.306+0100] {logging_mixin.py:190} INFO - [2024-10-04T06:15:49.306+0100] {dag.py:3239} INFO - Sync 2 DAGs
[2024-10-04T06:15:49.310+0100] {logging_mixin.py:190} INFO - [2024-10-04T06:15:49.309+0100] {dag.py:4180} INFO - Setting next_dagrun for example_xcom_args to None, run_after=None
[2024-10-04T06:15:49.310+0100] {logging_mixin.py:190} INFO - [2024-10-04T06:15:49.310+0100] {dag.py:4180} INFO - Setting next_dagrun for example_xcom_args_with_operators to None, run_after=None
[2024-10-04T06:15:49.315+0100] {processor.py:208} INFO - Processing /opt/miniconda3/envs/airflow/lib/python3.8/site-packages/airflow/example_dags/example_xcomargs.py took 0.073 seconds
[2024-10-04T06:33:04.581+0100] {processor.py:186} INFO - Started process (PID=19941) to work on /opt/miniconda3/envs/airflow/lib/python3.8/site-packages/airflow/example_dags/example_xcomargs.py
[2024-10-04T06:33:04.581+0100] {processor.py:914} INFO - Processing file /opt/miniconda3/envs/airflow/lib/python3.8/site-packages/airflow/example_dags/example_xcomargs.py for tasks to queue
[2024-10-04T06:33:04.581+0100] {logging_mixin.py:190} INFO - [2024-10-04T06:33:04.581+0100] {dagbag.py:588} INFO - Filling up the DagBag from /opt/miniconda3/envs/airflow/lib/python3.8/site-packages/airflow/example_dags/example_xcomargs.py
[2024-10-04T06:33:04.608+0100] {processor.py:925} INFO - DAG(s) 'example_xcom_args_with_operators', 'example_xcom_args' retrieved from /opt/miniconda3/envs/airflow/lib/python3.8/site-packages/airflow/example_dags/example_xcomargs.py
[2024-10-04T06:33:04.641+0100] {logging_mixin.py:190} INFO - [2024-10-04T06:33:04.640+0100] {dag.py:3239} INFO - Sync 2 DAGs
[2024-10-04T06:33:04.644+0100] {logging_mixin.py:190} INFO - [2024-10-04T06:33:04.644+0100] {dag.py:4180} INFO - Setting next_dagrun for example_xcom_args to None, run_after=None
[2024-10-04T06:33:04.645+0100] {logging_mixin.py:190} INFO - [2024-10-04T06:33:04.645+0100] {dag.py:4180} INFO - Setting next_dagrun for example_xcom_args_with_operators to None, run_after=None
[2024-10-04T06:33:04.650+0100] {processor.py:208} INFO - Processing /opt/miniconda3/envs/airflow/lib/python3.8/site-packages/airflow/example_dags/example_xcomargs.py took 0.071 seconds
[2024-10-04T08:02:37.984+0100] {processor.py:186} INFO - Started process (PID=20050) to work on /opt/miniconda3/envs/airflow/lib/python3.8/site-packages/airflow/example_dags/example_xcomargs.py
[2024-10-04T08:02:37.984+0100] {processor.py:914} INFO - Processing file /opt/miniconda3/envs/airflow/lib/python3.8/site-packages/airflow/example_dags/example_xcomargs.py for tasks to queue
[2024-10-04T08:02:37.984+0100] {logging_mixin.py:190} INFO - [2024-10-04T08:02:37.984+0100] {dagbag.py:588} INFO - Filling up the DagBag from /opt/miniconda3/envs/airflow/lib/python3.8/site-packages/airflow/example_dags/example_xcomargs.py
[2024-10-04T08:02:38.013+0100] {processor.py:925} INFO - DAG(s) 'example_xcom_args_with_operators', 'example_xcom_args' retrieved from /opt/miniconda3/envs/airflow/lib/python3.8/site-packages/airflow/example_dags/example_xcomargs.py
[2024-10-04T08:02:38.051+0100] {logging_mixin.py:190} INFO - [2024-10-04T08:02:38.051+0100] {dag.py:3239} INFO - Sync 2 DAGs
[2024-10-04T08:02:38.056+0100] {logging_mixin.py:190} INFO - [2024-10-04T08:02:38.055+0100] {dag.py:4180} INFO - Setting next_dagrun for example_xcom_args to None, run_after=None
[2024-10-04T08:02:38.057+0100] {logging_mixin.py:190} INFO - [2024-10-04T08:02:38.057+0100] {dag.py:4180} INFO - Setting next_dagrun for example_xcom_args_with_operators to None, run_after=None
[2024-10-04T08:02:38.062+0100] {processor.py:208} INFO - Processing /opt/miniconda3/envs/airflow/lib/python3.8/site-packages/airflow/example_dags/example_xcomargs.py took 0.081 seconds
[2024-10-04T08:39:24.767+0100] {processor.py:186} INFO - Started process (PID=20177) to work on /opt/miniconda3/envs/airflow/lib/python3.8/site-packages/airflow/example_dags/example_xcomargs.py
[2024-10-04T08:39:24.767+0100] {processor.py:914} INFO - Processing file /opt/miniconda3/envs/airflow/lib/python3.8/site-packages/airflow/example_dags/example_xcomargs.py for tasks to queue
[2024-10-04T08:39:24.767+0100] {logging_mixin.py:190} INFO - [2024-10-04T08:39:24.767+0100] {dagbag.py:588} INFO - Filling up the DagBag from /opt/miniconda3/envs/airflow/lib/python3.8/site-packages/airflow/example_dags/example_xcomargs.py
[2024-10-04T08:39:24.794+0100] {processor.py:925} INFO - DAG(s) 'example_xcom_args', 'example_xcom_args_with_operators' retrieved from /opt/miniconda3/envs/airflow/lib/python3.8/site-packages/airflow/example_dags/example_xcomargs.py
[2024-10-04T08:39:24.827+0100] {logging_mixin.py:190} INFO - [2024-10-04T08:39:24.826+0100] {dag.py:3239} INFO - Sync 2 DAGs
[2024-10-04T08:39:24.830+0100] {logging_mixin.py:190} INFO - [2024-10-04T08:39:24.830+0100] {dag.py:4180} INFO - Setting next_dagrun for example_xcom_args to None, run_after=None
[2024-10-04T08:39:24.831+0100] {logging_mixin.py:190} INFO - [2024-10-04T08:39:24.831+0100] {dag.py:4180} INFO - Setting next_dagrun for example_xcom_args_with_operators to None, run_after=None
[2024-10-04T08:39:24.836+0100] {processor.py:208} INFO - Processing /opt/miniconda3/envs/airflow/lib/python3.8/site-packages/airflow/example_dags/example_xcomargs.py took 0.071 seconds
[2024-10-04T08:40:21.089+0100] {processor.py:186} INFO - Started process (PID=20252) to work on /opt/miniconda3/envs/airflow/lib/python3.8/site-packages/airflow/example_dags/example_xcomargs.py
[2024-10-04T08:40:21.089+0100] {processor.py:914} INFO - Processing file /opt/miniconda3/envs/airflow/lib/python3.8/site-packages/airflow/example_dags/example_xcomargs.py for tasks to queue
[2024-10-04T08:40:21.089+0100] {logging_mixin.py:190} INFO - [2024-10-04T08:40:21.089+0100] {dagbag.py:588} INFO - Filling up the DagBag from /opt/miniconda3/envs/airflow/lib/python3.8/site-packages/airflow/example_dags/example_xcomargs.py
[2024-10-04T08:40:21.116+0100] {processor.py:925} INFO - DAG(s) 'example_xcom_args', 'example_xcom_args_with_operators' retrieved from /opt/miniconda3/envs/airflow/lib/python3.8/site-packages/airflow/example_dags/example_xcomargs.py
[2024-10-04T08:40:21.149+0100] {logging_mixin.py:190} INFO - [2024-10-04T08:40:21.149+0100] {dag.py:3239} INFO - Sync 2 DAGs
[2024-10-04T08:40:21.153+0100] {logging_mixin.py:190} INFO - [2024-10-04T08:40:21.152+0100] {dag.py:4180} INFO - Setting next_dagrun for example_xcom_args to None, run_after=None
[2024-10-04T08:40:21.153+0100] {logging_mixin.py:190} INFO - [2024-10-04T08:40:21.153+0100] {dag.py:4180} INFO - Setting next_dagrun for example_xcom_args_with_operators to None, run_after=None
[2024-10-04T08:40:21.158+0100] {processor.py:208} INFO - Processing /opt/miniconda3/envs/airflow/lib/python3.8/site-packages/airflow/example_dags/example_xcomargs.py took 0.071 seconds
[2024-10-04T08:41:15.650+0100] {processor.py:186} INFO - Started process (PID=20333) to work on /opt/miniconda3/envs/airflow/lib/python3.8/site-packages/airflow/example_dags/example_xcomargs.py
[2024-10-04T08:41:15.650+0100] {processor.py:914} INFO - Processing file /opt/miniconda3/envs/airflow/lib/python3.8/site-packages/airflow/example_dags/example_xcomargs.py for tasks to queue
[2024-10-04T08:41:15.650+0100] {logging_mixin.py:190} INFO - [2024-10-04T08:41:15.650+0100] {dagbag.py:588} INFO - Filling up the DagBag from /opt/miniconda3/envs/airflow/lib/python3.8/site-packages/airflow/example_dags/example_xcomargs.py
[2024-10-04T08:41:15.677+0100] {processor.py:925} INFO - DAG(s) 'example_xcom_args', 'example_xcom_args_with_operators' retrieved from /opt/miniconda3/envs/airflow/lib/python3.8/site-packages/airflow/example_dags/example_xcomargs.py
[2024-10-04T08:41:15.710+0100] {logging_mixin.py:190} INFO - [2024-10-04T08:41:15.710+0100] {dag.py:3239} INFO - Sync 2 DAGs
[2024-10-04T08:41:15.713+0100] {logging_mixin.py:190} INFO - [2024-10-04T08:41:15.713+0100] {dag.py:4180} INFO - Setting next_dagrun for example_xcom_args to None, run_after=None
[2024-10-04T08:41:15.714+0100] {logging_mixin.py:190} INFO - [2024-10-04T08:41:15.714+0100] {dag.py:4180} INFO - Setting next_dagrun for example_xcom_args_with_operators to None, run_after=None
[2024-10-04T08:41:15.719+0100] {processor.py:208} INFO - Processing /opt/miniconda3/envs/airflow/lib/python3.8/site-packages/airflow/example_dags/example_xcomargs.py took 0.071 seconds
[2024-10-04T09:06:30.138+0100] {processor.py:186} INFO - Started process (PID=20419) to work on /opt/miniconda3/envs/airflow/lib/python3.8/site-packages/airflow/example_dags/example_xcomargs.py
[2024-10-04T09:06:30.138+0100] {processor.py:914} INFO - Processing file /opt/miniconda3/envs/airflow/lib/python3.8/site-packages/airflow/example_dags/example_xcomargs.py for tasks to queue
[2024-10-04T09:06:30.139+0100] {logging_mixin.py:190} INFO - [2024-10-04T09:06:30.139+0100] {dagbag.py:588} INFO - Filling up the DagBag from /opt/miniconda3/envs/airflow/lib/python3.8/site-packages/airflow/example_dags/example_xcomargs.py
[2024-10-04T09:06:30.167+0100] {processor.py:925} INFO - DAG(s) 'example_xcom_args', 'example_xcom_args_with_operators' retrieved from /opt/miniconda3/envs/airflow/lib/python3.8/site-packages/airflow/example_dags/example_xcomargs.py
[2024-10-04T09:06:30.199+0100] {logging_mixin.py:190} INFO - [2024-10-04T09:06:30.199+0100] {dag.py:3239} INFO - Sync 2 DAGs
[2024-10-04T09:06:30.203+0100] {logging_mixin.py:190} INFO - [2024-10-04T09:06:30.203+0100] {dag.py:4180} INFO - Setting next_dagrun for example_xcom_args to None, run_after=None
[2024-10-04T09:06:30.204+0100] {logging_mixin.py:190} INFO - [2024-10-04T09:06:30.204+0100] {dag.py:4180} INFO - Setting next_dagrun for example_xcom_args_with_operators to None, run_after=None
[2024-10-04T09:06:30.209+0100] {processor.py:208} INFO - Processing /opt/miniconda3/envs/airflow/lib/python3.8/site-packages/airflow/example_dags/example_xcomargs.py took 0.073 seconds
[2024-10-04T09:42:10.506+0100] {processor.py:186} INFO - Started process (PID=20586) to work on /opt/miniconda3/envs/airflow/lib/python3.8/site-packages/airflow/example_dags/example_xcomargs.py
[2024-10-04T09:42:10.507+0100] {processor.py:914} INFO - Processing file /opt/miniconda3/envs/airflow/lib/python3.8/site-packages/airflow/example_dags/example_xcomargs.py for tasks to queue
[2024-10-04T09:42:10.507+0100] {logging_mixin.py:190} INFO - [2024-10-04T09:42:10.507+0100] {dagbag.py:588} INFO - Filling up the DagBag from /opt/miniconda3/envs/airflow/lib/python3.8/site-packages/airflow/example_dags/example_xcomargs.py
[2024-10-04T09:42:10.534+0100] {processor.py:925} INFO - DAG(s) 'example_xcom_args', 'example_xcom_args_with_operators' retrieved from /opt/miniconda3/envs/airflow/lib/python3.8/site-packages/airflow/example_dags/example_xcomargs.py
[2024-10-04T09:42:10.567+0100] {logging_mixin.py:190} INFO - [2024-10-04T09:42:10.567+0100] {dag.py:3239} INFO - Sync 2 DAGs
[2024-10-04T09:42:10.571+0100] {logging_mixin.py:190} INFO - [2024-10-04T09:42:10.570+0100] {dag.py:4180} INFO - Setting next_dagrun for example_xcom_args to None, run_after=None
[2024-10-04T09:42:10.571+0100] {logging_mixin.py:190} INFO - [2024-10-04T09:42:10.571+0100] {dag.py:4180} INFO - Setting next_dagrun for example_xcom_args_with_operators to None, run_after=None
[2024-10-04T09:42:10.577+0100] {processor.py:208} INFO - Processing /opt/miniconda3/envs/airflow/lib/python3.8/site-packages/airflow/example_dags/example_xcomargs.py took 0.072 seconds
[2024-10-04T09:43:08.036+0100] {processor.py:186} INFO - Started process (PID=20660) to work on /opt/miniconda3/envs/airflow/lib/python3.8/site-packages/airflow/example_dags/example_xcomargs.py
[2024-10-04T09:43:08.036+0100] {processor.py:914} INFO - Processing file /opt/miniconda3/envs/airflow/lib/python3.8/site-packages/airflow/example_dags/example_xcomargs.py for tasks to queue
[2024-10-04T09:43:08.037+0100] {logging_mixin.py:190} INFO - [2024-10-04T09:43:08.037+0100] {dagbag.py:588} INFO - Filling up the DagBag from /opt/miniconda3/envs/airflow/lib/python3.8/site-packages/airflow/example_dags/example_xcomargs.py
[2024-10-04T09:43:08.063+0100] {processor.py:925} INFO - DAG(s) 'example_xcom_args', 'example_xcom_args_with_operators' retrieved from /opt/miniconda3/envs/airflow/lib/python3.8/site-packages/airflow/example_dags/example_xcomargs.py
[2024-10-04T09:43:08.096+0100] {logging_mixin.py:190} INFO - [2024-10-04T09:43:08.096+0100] {dag.py:3239} INFO - Sync 2 DAGs
[2024-10-04T09:43:08.100+0100] {logging_mixin.py:190} INFO - [2024-10-04T09:43:08.100+0100] {dag.py:4180} INFO - Setting next_dagrun for example_xcom_args to None, run_after=None
[2024-10-04T09:43:08.101+0100] {logging_mixin.py:190} INFO - [2024-10-04T09:43:08.101+0100] {dag.py:4180} INFO - Setting next_dagrun for example_xcom_args_with_operators to None, run_after=None
[2024-10-04T09:43:08.106+0100] {processor.py:208} INFO - Processing /opt/miniconda3/envs/airflow/lib/python3.8/site-packages/airflow/example_dags/example_xcomargs.py took 0.071 seconds
[2024-10-04T09:44:02.245+0100] {processor.py:186} INFO - Started process (PID=20732) to work on /opt/miniconda3/envs/airflow/lib/python3.8/site-packages/airflow/example_dags/example_xcomargs.py
[2024-10-04T09:44:02.245+0100] {processor.py:914} INFO - Processing file /opt/miniconda3/envs/airflow/lib/python3.8/site-packages/airflow/example_dags/example_xcomargs.py for tasks to queue
[2024-10-04T09:44:02.246+0100] {logging_mixin.py:190} INFO - [2024-10-04T09:44:02.246+0100] {dagbag.py:588} INFO - Filling up the DagBag from /opt/miniconda3/envs/airflow/lib/python3.8/site-packages/airflow/example_dags/example_xcomargs.py
[2024-10-04T09:44:02.272+0100] {processor.py:925} INFO - DAG(s) 'example_xcom_args_with_operators', 'example_xcom_args' retrieved from /opt/miniconda3/envs/airflow/lib/python3.8/site-packages/airflow/example_dags/example_xcomargs.py
[2024-10-04T09:44:02.305+0100] {logging_mixin.py:190} INFO - [2024-10-04T09:44:02.305+0100] {dag.py:3239} INFO - Sync 2 DAGs
[2024-10-04T09:44:02.308+0100] {logging_mixin.py:190} INFO - [2024-10-04T09:44:02.308+0100] {dag.py:4180} INFO - Setting next_dagrun for example_xcom_args to None, run_after=None
[2024-10-04T09:44:02.309+0100] {logging_mixin.py:190} INFO - [2024-10-04T09:44:02.309+0100] {dag.py:4180} INFO - Setting next_dagrun for example_xcom_args_with_operators to None, run_after=None
[2024-10-04T09:44:02.314+0100] {processor.py:208} INFO - Processing /opt/miniconda3/envs/airflow/lib/python3.8/site-packages/airflow/example_dags/example_xcomargs.py took 0.071 seconds
[2024-10-04T10:19:59.550+0100] {processor.py:186} INFO - Started process (PID=20842) to work on /opt/miniconda3/envs/airflow/lib/python3.8/site-packages/airflow/example_dags/example_xcomargs.py
[2024-10-04T10:19:59.552+0100] {processor.py:914} INFO - Processing file /opt/miniconda3/envs/airflow/lib/python3.8/site-packages/airflow/example_dags/example_xcomargs.py for tasks to queue
[2024-10-04T10:19:59.552+0100] {logging_mixin.py:190} INFO - [2024-10-04T10:19:59.552+0100] {dagbag.py:588} INFO - Filling up the DagBag from /opt/miniconda3/envs/airflow/lib/python3.8/site-packages/airflow/example_dags/example_xcomargs.py
[2024-10-04T10:19:59.580+0100] {processor.py:925} INFO - DAG(s) 'example_xcom_args_with_operators', 'example_xcom_args' retrieved from /opt/miniconda3/envs/airflow/lib/python3.8/site-packages/airflow/example_dags/example_xcomargs.py
[2024-10-04T10:19:59.612+0100] {logging_mixin.py:190} INFO - [2024-10-04T10:19:59.612+0100] {dag.py:3239} INFO - Sync 2 DAGs
[2024-10-04T10:19:59.616+0100] {logging_mixin.py:190} INFO - [2024-10-04T10:19:59.616+0100] {dag.py:4180} INFO - Setting next_dagrun for example_xcom_args to None, run_after=None
[2024-10-04T10:19:59.617+0100] {logging_mixin.py:190} INFO - [2024-10-04T10:19:59.617+0100] {dag.py:4180} INFO - Setting next_dagrun for example_xcom_args_with_operators to None, run_after=None
[2024-10-04T10:19:59.621+0100] {processor.py:208} INFO - Processing /opt/miniconda3/envs/airflow/lib/python3.8/site-packages/airflow/example_dags/example_xcomargs.py took 0.072 seconds
[2024-10-04T10:21:07.700+0100] {processor.py:186} INFO - Started process (PID=20936) to work on /opt/miniconda3/envs/airflow/lib/python3.8/site-packages/airflow/example_dags/example_xcomargs.py
[2024-10-04T10:21:07.702+0100] {processor.py:914} INFO - Processing file /opt/miniconda3/envs/airflow/lib/python3.8/site-packages/airflow/example_dags/example_xcomargs.py for tasks to queue
[2024-10-04T10:21:07.702+0100] {logging_mixin.py:190} INFO - [2024-10-04T10:21:07.702+0100] {dagbag.py:588} INFO - Filling up the DagBag from /opt/miniconda3/envs/airflow/lib/python3.8/site-packages/airflow/example_dags/example_xcomargs.py
[2024-10-04T10:21:07.729+0100] {processor.py:925} INFO - DAG(s) 'example_xcom_args_with_operators', 'example_xcom_args' retrieved from /opt/miniconda3/envs/airflow/lib/python3.8/site-packages/airflow/example_dags/example_xcomargs.py
[2024-10-04T10:21:07.762+0100] {logging_mixin.py:190} INFO - [2024-10-04T10:21:07.762+0100] {dag.py:3239} INFO - Sync 2 DAGs
[2024-10-04T10:21:07.766+0100] {logging_mixin.py:190} INFO - [2024-10-04T10:21:07.766+0100] {dag.py:4180} INFO - Setting next_dagrun for example_xcom_args to None, run_after=None
[2024-10-04T10:21:07.766+0100] {logging_mixin.py:190} INFO - [2024-10-04T10:21:07.766+0100] {dag.py:4180} INFO - Setting next_dagrun for example_xcom_args_with_operators to None, run_after=None
[2024-10-04T10:21:07.771+0100] {processor.py:208} INFO - Processing /opt/miniconda3/envs/airflow/lib/python3.8/site-packages/airflow/example_dags/example_xcomargs.py took 0.073 seconds
[2024-10-04T10:22:06.944+0100] {processor.py:186} INFO - Started process (PID=21015) to work on /opt/miniconda3/envs/airflow/lib/python3.8/site-packages/airflow/example_dags/example_xcomargs.py
[2024-10-04T10:22:06.944+0100] {processor.py:914} INFO - Processing file /opt/miniconda3/envs/airflow/lib/python3.8/site-packages/airflow/example_dags/example_xcomargs.py for tasks to queue
[2024-10-04T10:22:06.945+0100] {logging_mixin.py:190} INFO - [2024-10-04T10:22:06.945+0100] {dagbag.py:588} INFO - Filling up the DagBag from /opt/miniconda3/envs/airflow/lib/python3.8/site-packages/airflow/example_dags/example_xcomargs.py
[2024-10-04T10:22:06.973+0100] {processor.py:925} INFO - DAG(s) 'example_xcom_args', 'example_xcom_args_with_operators' retrieved from /opt/miniconda3/envs/airflow/lib/python3.8/site-packages/airflow/example_dags/example_xcomargs.py
[2024-10-04T10:22:07.005+0100] {logging_mixin.py:190} INFO - [2024-10-04T10:22:07.005+0100] {dag.py:3239} INFO - Sync 2 DAGs
[2024-10-04T10:22:07.009+0100] {logging_mixin.py:190} INFO - [2024-10-04T10:22:07.009+0100] {dag.py:4180} INFO - Setting next_dagrun for example_xcom_args to None, run_after=None
[2024-10-04T10:22:07.010+0100] {logging_mixin.py:190} INFO - [2024-10-04T10:22:07.010+0100] {dag.py:4180} INFO - Setting next_dagrun for example_xcom_args_with_operators to None, run_after=None
[2024-10-04T10:22:07.015+0100] {processor.py:208} INFO - Processing /opt/miniconda3/envs/airflow/lib/python3.8/site-packages/airflow/example_dags/example_xcomargs.py took 0.072 seconds
[2024-10-04T10:24:24.932+0100] {processor.py:186} INFO - Started process (PID=21114) to work on /opt/miniconda3/envs/airflow/lib/python3.8/site-packages/airflow/example_dags/example_xcomargs.py
[2024-10-04T10:24:24.934+0100] {processor.py:914} INFO - Processing file /opt/miniconda3/envs/airflow/lib/python3.8/site-packages/airflow/example_dags/example_xcomargs.py for tasks to queue
[2024-10-04T10:24:24.934+0100] {logging_mixin.py:190} INFO - [2024-10-04T10:24:24.934+0100] {dagbag.py:588} INFO - Filling up the DagBag from /opt/miniconda3/envs/airflow/lib/python3.8/site-packages/airflow/example_dags/example_xcomargs.py
[2024-10-04T10:24:24.963+0100] {processor.py:925} INFO - DAG(s) 'example_xcom_args_with_operators', 'example_xcom_args' retrieved from /opt/miniconda3/envs/airflow/lib/python3.8/site-packages/airflow/example_dags/example_xcomargs.py
[2024-10-04T10:24:24.997+0100] {logging_mixin.py:190} INFO - [2024-10-04T10:24:24.997+0100] {dag.py:3239} INFO - Sync 2 DAGs
[2024-10-04T10:24:25.000+0100] {logging_mixin.py:190} INFO - [2024-10-04T10:24:25.000+0100] {dag.py:4180} INFO - Setting next_dagrun for example_xcom_args to None, run_after=None
[2024-10-04T10:24:25.001+0100] {logging_mixin.py:190} INFO - [2024-10-04T10:24:25.001+0100] {dag.py:4180} INFO - Setting next_dagrun for example_xcom_args_with_operators to None, run_after=None
[2024-10-04T10:24:25.006+0100] {processor.py:208} INFO - Processing /opt/miniconda3/envs/airflow/lib/python3.8/site-packages/airflow/example_dags/example_xcomargs.py took 0.076 seconds
[2024-10-04T10:25:24.343+0100] {processor.py:186} INFO - Started process (PID=21189) to work on /opt/miniconda3/envs/airflow/lib/python3.8/site-packages/airflow/example_dags/example_xcomargs.py
[2024-10-04T10:25:24.343+0100] {processor.py:914} INFO - Processing file /opt/miniconda3/envs/airflow/lib/python3.8/site-packages/airflow/example_dags/example_xcomargs.py for tasks to queue
[2024-10-04T10:25:24.344+0100] {logging_mixin.py:190} INFO - [2024-10-04T10:25:24.344+0100] {dagbag.py:588} INFO - Filling up the DagBag from /opt/miniconda3/envs/airflow/lib/python3.8/site-packages/airflow/example_dags/example_xcomargs.py
[2024-10-04T10:25:24.372+0100] {processor.py:925} INFO - DAG(s) 'example_xcom_args', 'example_xcom_args_with_operators' retrieved from /opt/miniconda3/envs/airflow/lib/python3.8/site-packages/airflow/example_dags/example_xcomargs.py
[2024-10-04T10:25:24.405+0100] {logging_mixin.py:190} INFO - [2024-10-04T10:25:24.405+0100] {dag.py:3239} INFO - Sync 2 DAGs
[2024-10-04T10:25:24.408+0100] {logging_mixin.py:190} INFO - [2024-10-04T10:25:24.408+0100] {dag.py:4180} INFO - Setting next_dagrun for example_xcom_args to None, run_after=None
[2024-10-04T10:25:24.409+0100] {logging_mixin.py:190} INFO - [2024-10-04T10:25:24.409+0100] {dag.py:4180} INFO - Setting next_dagrun for example_xcom_args_with_operators to None, run_after=None
[2024-10-04T10:25:24.414+0100] {processor.py:208} INFO - Processing /opt/miniconda3/envs/airflow/lib/python3.8/site-packages/airflow/example_dags/example_xcomargs.py took 0.073 seconds
[2024-10-04T10:26:23.601+0100] {processor.py:186} INFO - Started process (PID=21266) to work on /opt/miniconda3/envs/airflow/lib/python3.8/site-packages/airflow/example_dags/example_xcomargs.py
[2024-10-04T10:26:23.601+0100] {processor.py:914} INFO - Processing file /opt/miniconda3/envs/airflow/lib/python3.8/site-packages/airflow/example_dags/example_xcomargs.py for tasks to queue
[2024-10-04T10:26:23.602+0100] {logging_mixin.py:190} INFO - [2024-10-04T10:26:23.602+0100] {dagbag.py:588} INFO - Filling up the DagBag from /opt/miniconda3/envs/airflow/lib/python3.8/site-packages/airflow/example_dags/example_xcomargs.py
[2024-10-04T10:26:23.630+0100] {processor.py:925} INFO - DAG(s) 'example_xcom_args_with_operators', 'example_xcom_args' retrieved from /opt/miniconda3/envs/airflow/lib/python3.8/site-packages/airflow/example_dags/example_xcomargs.py
[2024-10-04T10:26:23.664+0100] {logging_mixin.py:190} INFO - [2024-10-04T10:26:23.664+0100] {dag.py:3239} INFO - Sync 2 DAGs
[2024-10-04T10:26:23.668+0100] {logging_mixin.py:190} INFO - [2024-10-04T10:26:23.667+0100] {dag.py:4180} INFO - Setting next_dagrun for example_xcom_args to None, run_after=None
[2024-10-04T10:26:23.668+0100] {logging_mixin.py:190} INFO - [2024-10-04T10:26:23.668+0100] {dag.py:4180} INFO - Setting next_dagrun for example_xcom_args_with_operators to None, run_after=None
[2024-10-04T10:26:23.673+0100] {processor.py:208} INFO - Processing /opt/miniconda3/envs/airflow/lib/python3.8/site-packages/airflow/example_dags/example_xcomargs.py took 0.074 seconds
[2024-10-04T10:27:20.908+0100] {processor.py:186} INFO - Started process (PID=21342) to work on /opt/miniconda3/envs/airflow/lib/python3.8/site-packages/airflow/example_dags/example_xcomargs.py
[2024-10-04T10:27:20.908+0100] {processor.py:914} INFO - Processing file /opt/miniconda3/envs/airflow/lib/python3.8/site-packages/airflow/example_dags/example_xcomargs.py for tasks to queue
[2024-10-04T10:27:20.908+0100] {logging_mixin.py:190} INFO - [2024-10-04T10:27:20.908+0100] {dagbag.py:588} INFO - Filling up the DagBag from /opt/miniconda3/envs/airflow/lib/python3.8/site-packages/airflow/example_dags/example_xcomargs.py
[2024-10-04T10:27:20.939+0100] {processor.py:925} INFO - DAG(s) 'example_xcom_args_with_operators', 'example_xcom_args' retrieved from /opt/miniconda3/envs/airflow/lib/python3.8/site-packages/airflow/example_dags/example_xcomargs.py
[2024-10-04T10:27:20.972+0100] {logging_mixin.py:190} INFO - [2024-10-04T10:27:20.972+0100] {dag.py:3239} INFO - Sync 2 DAGs
[2024-10-04T10:27:20.976+0100] {logging_mixin.py:190} INFO - [2024-10-04T10:27:20.976+0100] {dag.py:4180} INFO - Setting next_dagrun for example_xcom_args to None, run_after=None
[2024-10-04T10:27:20.977+0100] {logging_mixin.py:190} INFO - [2024-10-04T10:27:20.977+0100] {dag.py:4180} INFO - Setting next_dagrun for example_xcom_args_with_operators to None, run_after=None
[2024-10-04T10:27:20.982+0100] {processor.py:208} INFO - Processing /opt/miniconda3/envs/airflow/lib/python3.8/site-packages/airflow/example_dags/example_xcomargs.py took 0.076 seconds
[2024-10-04T10:28:18.694+0100] {processor.py:186} INFO - Started process (PID=21423) to work on /opt/miniconda3/envs/airflow/lib/python3.8/site-packages/airflow/example_dags/example_xcomargs.py
[2024-10-04T10:28:18.695+0100] {processor.py:914} INFO - Processing file /opt/miniconda3/envs/airflow/lib/python3.8/site-packages/airflow/example_dags/example_xcomargs.py for tasks to queue
[2024-10-04T10:28:18.695+0100] {logging_mixin.py:190} INFO - [2024-10-04T10:28:18.695+0100] {dagbag.py:588} INFO - Filling up the DagBag from /opt/miniconda3/envs/airflow/lib/python3.8/site-packages/airflow/example_dags/example_xcomargs.py
[2024-10-04T10:28:18.724+0100] {processor.py:925} INFO - DAG(s) 'example_xcom_args', 'example_xcom_args_with_operators' retrieved from /opt/miniconda3/envs/airflow/lib/python3.8/site-packages/airflow/example_dags/example_xcomargs.py
[2024-10-04T10:28:18.757+0100] {logging_mixin.py:190} INFO - [2024-10-04T10:28:18.757+0100] {dag.py:3239} INFO - Sync 2 DAGs
[2024-10-04T10:28:18.761+0100] {logging_mixin.py:190} INFO - [2024-10-04T10:28:18.761+0100] {dag.py:4180} INFO - Setting next_dagrun for example_xcom_args to None, run_after=None
[2024-10-04T10:28:18.761+0100] {logging_mixin.py:190} INFO - [2024-10-04T10:28:18.761+0100] {dag.py:4180} INFO - Setting next_dagrun for example_xcom_args_with_operators to None, run_after=None
[2024-10-04T10:28:18.767+0100] {processor.py:208} INFO - Processing /opt/miniconda3/envs/airflow/lib/python3.8/site-packages/airflow/example_dags/example_xcomargs.py took 0.075 seconds
[2024-10-04T10:29:15.796+0100] {processor.py:186} INFO - Started process (PID=21519) to work on /opt/miniconda3/envs/airflow/lib/python3.8/site-packages/airflow/example_dags/example_xcomargs.py
[2024-10-04T10:29:15.797+0100] {processor.py:914} INFO - Processing file /opt/miniconda3/envs/airflow/lib/python3.8/site-packages/airflow/example_dags/example_xcomargs.py for tasks to queue
[2024-10-04T10:29:15.798+0100] {logging_mixin.py:190} INFO - [2024-10-04T10:29:15.798+0100] {dagbag.py:588} INFO - Filling up the DagBag from /opt/miniconda3/envs/airflow/lib/python3.8/site-packages/airflow/example_dags/example_xcomargs.py
[2024-10-04T10:29:15.826+0100] {processor.py:925} INFO - DAG(s) 'example_xcom_args_with_operators', 'example_xcom_args' retrieved from /opt/miniconda3/envs/airflow/lib/python3.8/site-packages/airflow/example_dags/example_xcomargs.py
[2024-10-04T10:29:15.860+0100] {logging_mixin.py:190} INFO - [2024-10-04T10:29:15.860+0100] {dag.py:3239} INFO - Sync 2 DAGs
[2024-10-04T10:29:15.864+0100] {logging_mixin.py:190} INFO - [2024-10-04T10:29:15.864+0100] {dag.py:4180} INFO - Setting next_dagrun for example_xcom_args to None, run_after=None
[2024-10-04T10:29:15.865+0100] {logging_mixin.py:190} INFO - [2024-10-04T10:29:15.865+0100] {dag.py:4180} INFO - Setting next_dagrun for example_xcom_args_with_operators to None, run_after=None
[2024-10-04T10:29:15.870+0100] {processor.py:208} INFO - Processing /opt/miniconda3/envs/airflow/lib/python3.8/site-packages/airflow/example_dags/example_xcomargs.py took 0.075 seconds
[2024-10-04T10:30:13.610+0100] {processor.py:186} INFO - Started process (PID=21613) to work on /opt/miniconda3/envs/airflow/lib/python3.8/site-packages/airflow/example_dags/example_xcomargs.py
[2024-10-04T10:30:13.610+0100] {processor.py:914} INFO - Processing file /opt/miniconda3/envs/airflow/lib/python3.8/site-packages/airflow/example_dags/example_xcomargs.py for tasks to queue
[2024-10-04T10:30:13.610+0100] {logging_mixin.py:190} INFO - [2024-10-04T10:30:13.610+0100] {dagbag.py:588} INFO - Filling up the DagBag from /opt/miniconda3/envs/airflow/lib/python3.8/site-packages/airflow/example_dags/example_xcomargs.py
[2024-10-04T10:30:13.638+0100] {processor.py:925} INFO - DAG(s) 'example_xcom_args_with_operators', 'example_xcom_args' retrieved from /opt/miniconda3/envs/airflow/lib/python3.8/site-packages/airflow/example_dags/example_xcomargs.py
[2024-10-04T10:30:13.671+0100] {logging_mixin.py:190} INFO - [2024-10-04T10:30:13.671+0100] {dag.py:3239} INFO - Sync 2 DAGs
[2024-10-04T10:30:13.675+0100] {logging_mixin.py:190} INFO - [2024-10-04T10:30:13.675+0100] {dag.py:4180} INFO - Setting next_dagrun for example_xcom_args to None, run_after=None
[2024-10-04T10:30:13.675+0100] {logging_mixin.py:190} INFO - [2024-10-04T10:30:13.675+0100] {dag.py:4180} INFO - Setting next_dagrun for example_xcom_args_with_operators to None, run_after=None
[2024-10-04T10:30:13.680+0100] {processor.py:208} INFO - Processing /opt/miniconda3/envs/airflow/lib/python3.8/site-packages/airflow/example_dags/example_xcomargs.py took 0.072 seconds
[2024-10-04T10:31:09.744+0100] {processor.py:186} INFO - Started process (PID=21686) to work on /opt/miniconda3/envs/airflow/lib/python3.8/site-packages/airflow/example_dags/example_xcomargs.py
[2024-10-04T10:31:09.744+0100] {processor.py:914} INFO - Processing file /opt/miniconda3/envs/airflow/lib/python3.8/site-packages/airflow/example_dags/example_xcomargs.py for tasks to queue
[2024-10-04T10:31:09.744+0100] {logging_mixin.py:190} INFO - [2024-10-04T10:31:09.744+0100] {dagbag.py:588} INFO - Filling up the DagBag from /opt/miniconda3/envs/airflow/lib/python3.8/site-packages/airflow/example_dags/example_xcomargs.py
[2024-10-04T10:31:09.773+0100] {processor.py:925} INFO - DAG(s) 'example_xcom_args_with_operators', 'example_xcom_args' retrieved from /opt/miniconda3/envs/airflow/lib/python3.8/site-packages/airflow/example_dags/example_xcomargs.py
[2024-10-04T10:31:09.805+0100] {logging_mixin.py:190} INFO - [2024-10-04T10:31:09.805+0100] {dag.py:3239} INFO - Sync 2 DAGs
[2024-10-04T10:31:09.809+0100] {logging_mixin.py:190} INFO - [2024-10-04T10:31:09.809+0100] {dag.py:4180} INFO - Setting next_dagrun for example_xcom_args to None, run_after=None
[2024-10-04T10:31:09.810+0100] {logging_mixin.py:190} INFO - [2024-10-04T10:31:09.810+0100] {dag.py:4180} INFO - Setting next_dagrun for example_xcom_args_with_operators to None, run_after=None
[2024-10-04T10:31:09.815+0100] {processor.py:208} INFO - Processing /opt/miniconda3/envs/airflow/lib/python3.8/site-packages/airflow/example_dags/example_xcomargs.py took 0.073 seconds
[2024-10-04T10:32:10.475+0100] {processor.py:186} INFO - Started process (PID=21778) to work on /opt/miniconda3/envs/airflow/lib/python3.8/site-packages/airflow/example_dags/example_xcomargs.py
[2024-10-04T10:32:10.476+0100] {processor.py:914} INFO - Processing file /opt/miniconda3/envs/airflow/lib/python3.8/site-packages/airflow/example_dags/example_xcomargs.py for tasks to queue
[2024-10-04T10:32:10.476+0100] {logging_mixin.py:190} INFO - [2024-10-04T10:32:10.476+0100] {dagbag.py:588} INFO - Filling up the DagBag from /opt/miniconda3/envs/airflow/lib/python3.8/site-packages/airflow/example_dags/example_xcomargs.py
[2024-10-04T10:32:10.505+0100] {processor.py:925} INFO - DAG(s) 'example_xcom_args_with_operators', 'example_xcom_args' retrieved from /opt/miniconda3/envs/airflow/lib/python3.8/site-packages/airflow/example_dags/example_xcomargs.py
[2024-10-04T10:32:10.539+0100] {logging_mixin.py:190} INFO - [2024-10-04T10:32:10.539+0100] {dag.py:3239} INFO - Sync 2 DAGs
[2024-10-04T10:32:10.542+0100] {logging_mixin.py:190} INFO - [2024-10-04T10:32:10.542+0100] {dag.py:4180} INFO - Setting next_dagrun for example_xcom_args to None, run_after=None
[2024-10-04T10:32:10.543+0100] {logging_mixin.py:190} INFO - [2024-10-04T10:32:10.543+0100] {dag.py:4180} INFO - Setting next_dagrun for example_xcom_args_with_operators to None, run_after=None
[2024-10-04T10:32:10.548+0100] {processor.py:208} INFO - Processing /opt/miniconda3/envs/airflow/lib/python3.8/site-packages/airflow/example_dags/example_xcomargs.py took 0.075 seconds
[2024-10-04T10:33:11.188+0100] {processor.py:186} INFO - Started process (PID=21868) to work on /opt/miniconda3/envs/airflow/lib/python3.8/site-packages/airflow/example_dags/example_xcomargs.py
[2024-10-04T10:33:11.188+0100] {processor.py:914} INFO - Processing file /opt/miniconda3/envs/airflow/lib/python3.8/site-packages/airflow/example_dags/example_xcomargs.py for tasks to queue
[2024-10-04T10:33:11.189+0100] {logging_mixin.py:190} INFO - [2024-10-04T10:33:11.188+0100] {dagbag.py:588} INFO - Filling up the DagBag from /opt/miniconda3/envs/airflow/lib/python3.8/site-packages/airflow/example_dags/example_xcomargs.py
[2024-10-04T10:33:11.217+0100] {processor.py:925} INFO - DAG(s) 'example_xcom_args_with_operators', 'example_xcom_args' retrieved from /opt/miniconda3/envs/airflow/lib/python3.8/site-packages/airflow/example_dags/example_xcomargs.py
[2024-10-04T10:33:11.250+0100] {logging_mixin.py:190} INFO - [2024-10-04T10:33:11.250+0100] {dag.py:3239} INFO - Sync 2 DAGs
[2024-10-04T10:33:11.254+0100] {logging_mixin.py:190} INFO - [2024-10-04T10:33:11.254+0100] {dag.py:4180} INFO - Setting next_dagrun for example_xcom_args to None, run_after=None
[2024-10-04T10:33:11.255+0100] {logging_mixin.py:190} INFO - [2024-10-04T10:33:11.255+0100] {dag.py:4180} INFO - Setting next_dagrun for example_xcom_args_with_operators to None, run_after=None
[2024-10-04T10:33:11.260+0100] {processor.py:208} INFO - Processing /opt/miniconda3/envs/airflow/lib/python3.8/site-packages/airflow/example_dags/example_xcomargs.py took 0.074 seconds
[2024-10-04T10:34:14.881+0100] {processor.py:186} INFO - Started process (PID=21946) to work on /opt/miniconda3/envs/airflow/lib/python3.8/site-packages/airflow/example_dags/example_xcomargs.py
[2024-10-04T10:34:14.882+0100] {processor.py:914} INFO - Processing file /opt/miniconda3/envs/airflow/lib/python3.8/site-packages/airflow/example_dags/example_xcomargs.py for tasks to queue
[2024-10-04T10:34:14.882+0100] {logging_mixin.py:190} INFO - [2024-10-04T10:34:14.882+0100] {dagbag.py:588} INFO - Filling up the DagBag from /opt/miniconda3/envs/airflow/lib/python3.8/site-packages/airflow/example_dags/example_xcomargs.py
[2024-10-04T10:34:14.911+0100] {processor.py:925} INFO - DAG(s) 'example_xcom_args', 'example_xcom_args_with_operators' retrieved from /opt/miniconda3/envs/airflow/lib/python3.8/site-packages/airflow/example_dags/example_xcomargs.py
[2024-10-04T10:34:14.945+0100] {logging_mixin.py:190} INFO - [2024-10-04T10:34:14.945+0100] {dag.py:3239} INFO - Sync 2 DAGs
[2024-10-04T10:34:14.949+0100] {logging_mixin.py:190} INFO - [2024-10-04T10:34:14.949+0100] {dag.py:4180} INFO - Setting next_dagrun for example_xcom_args to None, run_after=None
[2024-10-04T10:34:14.949+0100] {logging_mixin.py:190} INFO - [2024-10-04T10:34:14.949+0100] {dag.py:4180} INFO - Setting next_dagrun for example_xcom_args_with_operators to None, run_after=None
[2024-10-04T10:34:14.954+0100] {processor.py:208} INFO - Processing /opt/miniconda3/envs/airflow/lib/python3.8/site-packages/airflow/example_dags/example_xcomargs.py took 0.075 seconds
[2024-10-04T10:35:22.370+0100] {processor.py:186} INFO - Started process (PID=22037) to work on /opt/miniconda3/envs/airflow/lib/python3.8/site-packages/airflow/example_dags/example_xcomargs.py
[2024-10-04T10:35:22.370+0100] {processor.py:914} INFO - Processing file /opt/miniconda3/envs/airflow/lib/python3.8/site-packages/airflow/example_dags/example_xcomargs.py for tasks to queue
[2024-10-04T10:35:22.370+0100] {logging_mixin.py:190} INFO - [2024-10-04T10:35:22.370+0100] {dagbag.py:588} INFO - Filling up the DagBag from /opt/miniconda3/envs/airflow/lib/python3.8/site-packages/airflow/example_dags/example_xcomargs.py
[2024-10-04T10:35:22.398+0100] {processor.py:925} INFO - DAG(s) 'example_xcom_args_with_operators', 'example_xcom_args' retrieved from /opt/miniconda3/envs/airflow/lib/python3.8/site-packages/airflow/example_dags/example_xcomargs.py
[2024-10-04T10:35:22.431+0100] {logging_mixin.py:190} INFO - [2024-10-04T10:35:22.431+0100] {dag.py:3239} INFO - Sync 2 DAGs
[2024-10-04T10:35:22.435+0100] {logging_mixin.py:190} INFO - [2024-10-04T10:35:22.435+0100] {dag.py:4180} INFO - Setting next_dagrun for example_xcom_args to None, run_after=None
[2024-10-04T10:35:22.436+0100] {logging_mixin.py:190} INFO - [2024-10-04T10:35:22.436+0100] {dag.py:4180} INFO - Setting next_dagrun for example_xcom_args_with_operators to None, run_after=None
[2024-10-04T10:35:22.441+0100] {processor.py:208} INFO - Processing /opt/miniconda3/envs/airflow/lib/python3.8/site-packages/airflow/example_dags/example_xcomargs.py took 0.073 seconds
[2024-10-04T10:36:29.215+0100] {processor.py:186} INFO - Started process (PID=22117) to work on /opt/miniconda3/envs/airflow/lib/python3.8/site-packages/airflow/example_dags/example_xcomargs.py
[2024-10-04T10:36:29.216+0100] {processor.py:914} INFO - Processing file /opt/miniconda3/envs/airflow/lib/python3.8/site-packages/airflow/example_dags/example_xcomargs.py for tasks to queue
[2024-10-04T10:36:29.216+0100] {logging_mixin.py:190} INFO - [2024-10-04T10:36:29.216+0100] {dagbag.py:588} INFO - Filling up the DagBag from /opt/miniconda3/envs/airflow/lib/python3.8/site-packages/airflow/example_dags/example_xcomargs.py
[2024-10-04T10:36:29.245+0100] {processor.py:925} INFO - DAG(s) 'example_xcom_args', 'example_xcom_args_with_operators' retrieved from /opt/miniconda3/envs/airflow/lib/python3.8/site-packages/airflow/example_dags/example_xcomargs.py
[2024-10-04T10:36:29.278+0100] {logging_mixin.py:190} INFO - [2024-10-04T10:36:29.278+0100] {dag.py:3239} INFO - Sync 2 DAGs
[2024-10-04T10:36:29.282+0100] {logging_mixin.py:190} INFO - [2024-10-04T10:36:29.282+0100] {dag.py:4180} INFO - Setting next_dagrun for example_xcom_args to None, run_after=None
[2024-10-04T10:36:29.282+0100] {logging_mixin.py:190} INFO - [2024-10-04T10:36:29.282+0100] {dag.py:4180} INFO - Setting next_dagrun for example_xcom_args_with_operators to None, run_after=None
[2024-10-04T10:36:29.287+0100] {processor.py:208} INFO - Processing /opt/miniconda3/envs/airflow/lib/python3.8/site-packages/airflow/example_dags/example_xcomargs.py took 0.074 seconds
[2024-10-04T10:37:36.607+0100] {processor.py:186} INFO - Started process (PID=22204) to work on /opt/miniconda3/envs/airflow/lib/python3.8/site-packages/airflow/example_dags/example_xcomargs.py
[2024-10-04T10:37:36.608+0100] {processor.py:914} INFO - Processing file /opt/miniconda3/envs/airflow/lib/python3.8/site-packages/airflow/example_dags/example_xcomargs.py for tasks to queue
[2024-10-04T10:37:36.608+0100] {logging_mixin.py:190} INFO - [2024-10-04T10:37:36.608+0100] {dagbag.py:588} INFO - Filling up the DagBag from /opt/miniconda3/envs/airflow/lib/python3.8/site-packages/airflow/example_dags/example_xcomargs.py
[2024-10-04T10:37:36.649+0100] {processor.py:925} INFO - DAG(s) 'example_xcom_args_with_operators', 'example_xcom_args' retrieved from /opt/miniconda3/envs/airflow/lib/python3.8/site-packages/airflow/example_dags/example_xcomargs.py
[2024-10-04T10:37:36.685+0100] {logging_mixin.py:190} INFO - [2024-10-04T10:37:36.685+0100] {dag.py:3239} INFO - Sync 2 DAGs
[2024-10-04T10:37:36.689+0100] {logging_mixin.py:190} INFO - [2024-10-04T10:37:36.689+0100] {dag.py:4180} INFO - Setting next_dagrun for example_xcom_args to None, run_after=None
[2024-10-04T10:37:36.690+0100] {logging_mixin.py:190} INFO - [2024-10-04T10:37:36.690+0100] {dag.py:4180} INFO - Setting next_dagrun for example_xcom_args_with_operators to None, run_after=None
[2024-10-04T10:37:36.696+0100] {processor.py:208} INFO - Processing /opt/miniconda3/envs/airflow/lib/python3.8/site-packages/airflow/example_dags/example_xcomargs.py took 0.091 seconds
