[2024-10-04T01:55:12.921+0100] {processor.py:186} INFO - Started process (PID=17414) to work on /opt/miniconda3/envs/airflow/lib/python3.8/site-packages/airflow/example_dags/example_params_trigger_ui.py
[2024-10-04T01:55:12.921+0100] {processor.py:914} INFO - Processing file /opt/miniconda3/envs/airflow/lib/python3.8/site-packages/airflow/example_dags/example_params_trigger_ui.py for tasks to queue
[2024-10-04T01:55:12.922+0100] {logging_mixin.py:190} INFO - [2024-10-04T01:55:12.922+0100] {dagbag.py:588} INFO - Filling up the DagBag from /opt/miniconda3/envs/airflow/lib/python3.8/site-packages/airflow/example_dags/example_params_trigger_ui.py
[2024-10-04T01:55:12.950+0100] {processor.py:925} INFO - DAG(s) 'example_params_trigger_ui' retrieved from /opt/miniconda3/envs/airflow/lib/python3.8/site-packages/airflow/example_dags/example_params_trigger_ui.py
[2024-10-04T01:55:12.991+0100] {logging_mixin.py:190} INFO - [2024-10-04T01:55:12.991+0100] {dag.py:3239} INFO - Sync 1 DAGs
[2024-10-04T01:55:12.995+0100] {logging_mixin.py:190} INFO - [2024-10-04T01:55:12.995+0100] {dag.py:4180} INFO - Setting next_dagrun for example_params_trigger_ui to None, run_after=None
[2024-10-04T01:55:13.000+0100] {processor.py:208} INFO - Processing /opt/miniconda3/envs/airflow/lib/python3.8/site-packages/airflow/example_dags/example_params_trigger_ui.py took 0.081 seconds
[2024-10-04T01:56:43.607+0100] {processor.py:186} INFO - Started process (PID=17526) to work on /opt/miniconda3/envs/airflow/lib/python3.8/site-packages/airflow/example_dags/example_params_trigger_ui.py
[2024-10-04T01:56:43.608+0100] {processor.py:914} INFO - Processing file /opt/miniconda3/envs/airflow/lib/python3.8/site-packages/airflow/example_dags/example_params_trigger_ui.py for tasks to queue
[2024-10-04T01:56:43.608+0100] {logging_mixin.py:190} INFO - [2024-10-04T01:56:43.608+0100] {dagbag.py:588} INFO - Filling up the DagBag from /opt/miniconda3/envs/airflow/lib/python3.8/site-packages/airflow/example_dags/example_params_trigger_ui.py
[2024-10-04T01:56:43.635+0100] {processor.py:925} INFO - DAG(s) 'example_params_trigger_ui' retrieved from /opt/miniconda3/envs/airflow/lib/python3.8/site-packages/airflow/example_dags/example_params_trigger_ui.py
[2024-10-04T01:56:43.676+0100] {logging_mixin.py:190} INFO - [2024-10-04T01:56:43.676+0100] {dag.py:3239} INFO - Sync 1 DAGs
[2024-10-04T01:56:43.680+0100] {logging_mixin.py:190} INFO - [2024-10-04T01:56:43.680+0100] {dag.py:4180} INFO - Setting next_dagrun for example_params_trigger_ui to None, run_after=None
[2024-10-04T01:56:43.685+0100] {processor.py:208} INFO - Processing /opt/miniconda3/envs/airflow/lib/python3.8/site-packages/airflow/example_dags/example_params_trigger_ui.py took 0.080 seconds
[2024-10-04T03:50:50.075+0100] {processor.py:186} INFO - Started process (PID=17720) to work on /opt/miniconda3/envs/airflow/lib/python3.8/site-packages/airflow/example_dags/example_params_trigger_ui.py
[2024-10-04T03:50:50.075+0100] {processor.py:914} INFO - Processing file /opt/miniconda3/envs/airflow/lib/python3.8/site-packages/airflow/example_dags/example_params_trigger_ui.py for tasks to queue
[2024-10-04T03:50:50.076+0100] {logging_mixin.py:190} INFO - [2024-10-04T03:50:50.076+0100] {dagbag.py:588} INFO - Filling up the DagBag from /opt/miniconda3/envs/airflow/lib/python3.8/site-packages/airflow/example_dags/example_params_trigger_ui.py
[2024-10-04T03:50:50.104+0100] {processor.py:925} INFO - DAG(s) 'example_params_trigger_ui' retrieved from /opt/miniconda3/envs/airflow/lib/python3.8/site-packages/airflow/example_dags/example_params_trigger_ui.py
[2024-10-04T03:50:50.145+0100] {logging_mixin.py:190} INFO - [2024-10-04T03:50:50.145+0100] {dag.py:3239} INFO - Sync 1 DAGs
[2024-10-04T03:50:50.149+0100] {logging_mixin.py:190} INFO - [2024-10-04T03:50:50.149+0100] {dag.py:4180} INFO - Setting next_dagrun for example_params_trigger_ui to None, run_after=None
[2024-10-04T03:50:50.154+0100] {processor.py:208} INFO - Processing /opt/miniconda3/envs/airflow/lib/python3.8/site-packages/airflow/example_dags/example_params_trigger_ui.py took 0.081 seconds
[2024-10-04T03:52:22.978+0100] {processor.py:186} INFO - Started process (PID=17839) to work on /opt/miniconda3/envs/airflow/lib/python3.8/site-packages/airflow/example_dags/example_params_trigger_ui.py
[2024-10-04T03:52:22.979+0100] {processor.py:914} INFO - Processing file /opt/miniconda3/envs/airflow/lib/python3.8/site-packages/airflow/example_dags/example_params_trigger_ui.py for tasks to queue
[2024-10-04T03:52:22.979+0100] {logging_mixin.py:190} INFO - [2024-10-04T03:52:22.979+0100] {dagbag.py:588} INFO - Filling up the DagBag from /opt/miniconda3/envs/airflow/lib/python3.8/site-packages/airflow/example_dags/example_params_trigger_ui.py
[2024-10-04T03:52:23.006+0100] {processor.py:925} INFO - DAG(s) 'example_params_trigger_ui' retrieved from /opt/miniconda3/envs/airflow/lib/python3.8/site-packages/airflow/example_dags/example_params_trigger_ui.py
[2024-10-04T03:52:23.047+0100] {logging_mixin.py:190} INFO - [2024-10-04T03:52:23.047+0100] {dag.py:3239} INFO - Sync 1 DAGs
[2024-10-04T03:52:23.051+0100] {logging_mixin.py:190} INFO - [2024-10-04T03:52:23.051+0100] {dag.py:4180} INFO - Setting next_dagrun for example_params_trigger_ui to None, run_after=None
[2024-10-04T03:52:23.056+0100] {processor.py:208} INFO - Processing /opt/miniconda3/envs/airflow/lib/python3.8/site-packages/airflow/example_dags/example_params_trigger_ui.py took 0.080 seconds
[2024-10-04T06:14:05.166+0100] {processor.py:186} INFO - Started process (PID=18043) to work on /opt/miniconda3/envs/airflow/lib/python3.8/site-packages/airflow/example_dags/example_params_trigger_ui.py
[2024-10-04T06:14:05.167+0100] {processor.py:914} INFO - Processing file /opt/miniconda3/envs/airflow/lib/python3.8/site-packages/airflow/example_dags/example_params_trigger_ui.py for tasks to queue
[2024-10-04T06:14:05.168+0100] {logging_mixin.py:190} INFO - [2024-10-04T06:14:05.168+0100] {dagbag.py:588} INFO - Filling up the DagBag from /opt/miniconda3/envs/airflow/lib/python3.8/site-packages/airflow/example_dags/example_params_trigger_ui.py
[2024-10-04T06:14:05.195+0100] {processor.py:925} INFO - DAG(s) 'example_params_trigger_ui' retrieved from /opt/miniconda3/envs/airflow/lib/python3.8/site-packages/airflow/example_dags/example_params_trigger_ui.py
[2024-10-04T06:14:05.236+0100] {logging_mixin.py:190} INFO - [2024-10-04T06:14:05.236+0100] {dag.py:3239} INFO - Sync 1 DAGs
[2024-10-04T06:14:05.240+0100] {logging_mixin.py:190} INFO - [2024-10-04T06:14:05.240+0100] {dag.py:4180} INFO - Setting next_dagrun for example_params_trigger_ui to None, run_after=None
[2024-10-04T06:14:05.246+0100] {processor.py:208} INFO - Processing /opt/miniconda3/envs/airflow/lib/python3.8/site-packages/airflow/example_dags/example_params_trigger_ui.py took 0.081 seconds
[2024-10-04T06:15:24.737+0100] {processor.py:186} INFO - Started process (PID=18271) to work on /opt/miniconda3/envs/airflow/lib/python3.8/site-packages/airflow/example_dags/example_params_trigger_ui.py
[2024-10-04T06:15:24.738+0100] {processor.py:914} INFO - Processing file /opt/miniconda3/envs/airflow/lib/python3.8/site-packages/airflow/example_dags/example_params_trigger_ui.py for tasks to queue
[2024-10-04T06:15:24.738+0100] {logging_mixin.py:190} INFO - [2024-10-04T06:15:24.738+0100] {dagbag.py:588} INFO - Filling up the DagBag from /opt/miniconda3/envs/airflow/lib/python3.8/site-packages/airflow/example_dags/example_params_trigger_ui.py
[2024-10-04T06:15:24.768+0100] {processor.py:925} INFO - DAG(s) 'example_params_trigger_ui' retrieved from /opt/miniconda3/envs/airflow/lib/python3.8/site-packages/airflow/example_dags/example_params_trigger_ui.py
[2024-10-04T06:15:24.811+0100] {logging_mixin.py:190} INFO - [2024-10-04T06:15:24.811+0100] {dag.py:3239} INFO - Sync 1 DAGs
[2024-10-04T06:15:24.815+0100] {logging_mixin.py:190} INFO - [2024-10-04T06:15:24.815+0100] {dag.py:4180} INFO - Setting next_dagrun for example_params_trigger_ui to None, run_after=None
[2024-10-04T06:15:24.820+0100] {processor.py:208} INFO - Processing /opt/miniconda3/envs/airflow/lib/python3.8/site-packages/airflow/example_dags/example_params_trigger_ui.py took 0.085 seconds
[2024-10-04T07:38:47.219+0100] {processor.py:186} INFO - Started process (PID=20008) to work on /opt/miniconda3/envs/airflow/lib/python3.8/site-packages/airflow/example_dags/example_params_trigger_ui.py
[2024-10-04T07:38:47.219+0100] {processor.py:914} INFO - Processing file /opt/miniconda3/envs/airflow/lib/python3.8/site-packages/airflow/example_dags/example_params_trigger_ui.py for tasks to queue
[2024-10-04T07:38:47.219+0100] {logging_mixin.py:190} INFO - [2024-10-04T07:38:47.219+0100] {dagbag.py:588} INFO - Filling up the DagBag from /opt/miniconda3/envs/airflow/lib/python3.8/site-packages/airflow/example_dags/example_params_trigger_ui.py
[2024-10-04T07:38:47.248+0100] {processor.py:925} INFO - DAG(s) 'example_params_trigger_ui' retrieved from /opt/miniconda3/envs/airflow/lib/python3.8/site-packages/airflow/example_dags/example_params_trigger_ui.py
[2024-10-04T07:38:47.290+0100] {logging_mixin.py:190} INFO - [2024-10-04T07:38:47.289+0100] {dag.py:3239} INFO - Sync 1 DAGs
[2024-10-04T07:38:47.293+0100] {logging_mixin.py:190} INFO - [2024-10-04T07:38:47.293+0100] {dag.py:4180} INFO - Setting next_dagrun for example_params_trigger_ui to None, run_after=None
[2024-10-04T07:38:47.299+0100] {processor.py:208} INFO - Processing /opt/miniconda3/envs/airflow/lib/python3.8/site-packages/airflow/example_dags/example_params_trigger_ui.py took 0.081 seconds
[2024-10-04T08:38:36.925+0100] {processor.py:186} INFO - Started process (PID=20109) to work on /opt/miniconda3/envs/airflow/lib/python3.8/site-packages/airflow/example_dags/example_params_trigger_ui.py
[2024-10-04T08:38:36.926+0100] {processor.py:914} INFO - Processing file /opt/miniconda3/envs/airflow/lib/python3.8/site-packages/airflow/example_dags/example_params_trigger_ui.py for tasks to queue
[2024-10-04T08:38:36.926+0100] {logging_mixin.py:190} INFO - [2024-10-04T08:38:36.926+0100] {dagbag.py:588} INFO - Filling up the DagBag from /opt/miniconda3/envs/airflow/lib/python3.8/site-packages/airflow/example_dags/example_params_trigger_ui.py
[2024-10-04T08:38:36.955+0100] {processor.py:925} INFO - DAG(s) 'example_params_trigger_ui' retrieved from /opt/miniconda3/envs/airflow/lib/python3.8/site-packages/airflow/example_dags/example_params_trigger_ui.py
[2024-10-04T08:38:36.997+0100] {logging_mixin.py:190} INFO - [2024-10-04T08:38:36.997+0100] {dag.py:3239} INFO - Sync 1 DAGs
[2024-10-04T08:38:37.001+0100] {logging_mixin.py:190} INFO - [2024-10-04T08:38:37.001+0100] {dag.py:4180} INFO - Setting next_dagrun for example_params_trigger_ui to None, run_after=None
[2024-10-04T08:38:37.007+0100] {processor.py:208} INFO - Processing /opt/miniconda3/envs/airflow/lib/python3.8/site-packages/airflow/example_dags/example_params_trigger_ui.py took 0.083 seconds
[2024-10-04T08:39:56.189+0100] {processor.py:186} INFO - Started process (PID=20220) to work on /opt/miniconda3/envs/airflow/lib/python3.8/site-packages/airflow/example_dags/example_params_trigger_ui.py
[2024-10-04T08:39:56.190+0100] {processor.py:914} INFO - Processing file /opt/miniconda3/envs/airflow/lib/python3.8/site-packages/airflow/example_dags/example_params_trigger_ui.py for tasks to queue
[2024-10-04T08:39:56.190+0100] {logging_mixin.py:190} INFO - [2024-10-04T08:39:56.190+0100] {dagbag.py:588} INFO - Filling up the DagBag from /opt/miniconda3/envs/airflow/lib/python3.8/site-packages/airflow/example_dags/example_params_trigger_ui.py
[2024-10-04T08:39:56.217+0100] {processor.py:925} INFO - DAG(s) 'example_params_trigger_ui' retrieved from /opt/miniconda3/envs/airflow/lib/python3.8/site-packages/airflow/example_dags/example_params_trigger_ui.py
[2024-10-04T08:39:56.258+0100] {logging_mixin.py:190} INFO - [2024-10-04T08:39:56.258+0100] {dag.py:3239} INFO - Sync 1 DAGs
[2024-10-04T08:39:56.262+0100] {logging_mixin.py:190} INFO - [2024-10-04T08:39:56.262+0100] {dag.py:4180} INFO - Setting next_dagrun for example_params_trigger_ui to None, run_after=None
[2024-10-04T08:39:56.268+0100] {processor.py:208} INFO - Processing /opt/miniconda3/envs/airflow/lib/python3.8/site-packages/airflow/example_dags/example_params_trigger_ui.py took 0.080 seconds
[2024-10-04T08:45:45.108+0100] {processor.py:186} INFO - Started process (PID=20379) to work on /opt/miniconda3/envs/airflow/lib/python3.8/site-packages/airflow/example_dags/example_params_trigger_ui.py
[2024-10-04T08:45:45.108+0100] {processor.py:914} INFO - Processing file /opt/miniconda3/envs/airflow/lib/python3.8/site-packages/airflow/example_dags/example_params_trigger_ui.py for tasks to queue
[2024-10-04T08:45:45.108+0100] {logging_mixin.py:190} INFO - [2024-10-04T08:45:45.108+0100] {dagbag.py:588} INFO - Filling up the DagBag from /opt/miniconda3/envs/airflow/lib/python3.8/site-packages/airflow/example_dags/example_params_trigger_ui.py
[2024-10-04T08:45:45.136+0100] {processor.py:925} INFO - DAG(s) 'example_params_trigger_ui' retrieved from /opt/miniconda3/envs/airflow/lib/python3.8/site-packages/airflow/example_dags/example_params_trigger_ui.py
[2024-10-04T08:45:45.177+0100] {logging_mixin.py:190} INFO - [2024-10-04T08:45:45.177+0100] {dag.py:3239} INFO - Sync 1 DAGs
[2024-10-04T08:45:45.181+0100] {logging_mixin.py:190} INFO - [2024-10-04T08:45:45.181+0100] {dag.py:4180} INFO - Setting next_dagrun for example_params_trigger_ui to None, run_after=None
[2024-10-04T08:45:45.186+0100] {processor.py:208} INFO - Processing /opt/miniconda3/envs/airflow/lib/python3.8/site-packages/airflow/example_dags/example_params_trigger_ui.py took 0.080 seconds
[2024-10-04T09:41:17.631+0100] {processor.py:186} INFO - Started process (PID=20503) to work on /opt/miniconda3/envs/airflow/lib/python3.8/site-packages/airflow/example_dags/example_params_trigger_ui.py
[2024-10-04T09:41:17.632+0100] {processor.py:914} INFO - Processing file /opt/miniconda3/envs/airflow/lib/python3.8/site-packages/airflow/example_dags/example_params_trigger_ui.py for tasks to queue
[2024-10-04T09:41:17.633+0100] {logging_mixin.py:190} INFO - [2024-10-04T09:41:17.632+0100] {dagbag.py:588} INFO - Filling up the DagBag from /opt/miniconda3/envs/airflow/lib/python3.8/site-packages/airflow/example_dags/example_params_trigger_ui.py
[2024-10-04T09:41:17.659+0100] {processor.py:925} INFO - DAG(s) 'example_params_trigger_ui' retrieved from /opt/miniconda3/envs/airflow/lib/python3.8/site-packages/airflow/example_dags/example_params_trigger_ui.py
[2024-10-04T09:41:17.700+0100] {logging_mixin.py:190} INFO - [2024-10-04T09:41:17.700+0100] {dag.py:3239} INFO - Sync 1 DAGs
[2024-10-04T09:41:17.704+0100] {logging_mixin.py:190} INFO - [2024-10-04T09:41:17.704+0100] {dag.py:4180} INFO - Setting next_dagrun for example_params_trigger_ui to None, run_after=None
[2024-10-04T09:41:17.709+0100] {processor.py:208} INFO - Processing /opt/miniconda3/envs/airflow/lib/python3.8/site-packages/airflow/example_dags/example_params_trigger_ui.py took 0.080 seconds
[2024-10-04T09:42:42.951+0100] {processor.py:186} INFO - Started process (PID=20628) to work on /opt/miniconda3/envs/airflow/lib/python3.8/site-packages/airflow/example_dags/example_params_trigger_ui.py
[2024-10-04T09:42:42.952+0100] {processor.py:914} INFO - Processing file /opt/miniconda3/envs/airflow/lib/python3.8/site-packages/airflow/example_dags/example_params_trigger_ui.py for tasks to queue
[2024-10-04T09:42:42.953+0100] {logging_mixin.py:190} INFO - [2024-10-04T09:42:42.953+0100] {dagbag.py:588} INFO - Filling up the DagBag from /opt/miniconda3/envs/airflow/lib/python3.8/site-packages/airflow/example_dags/example_params_trigger_ui.py
[2024-10-04T09:42:42.980+0100] {processor.py:925} INFO - DAG(s) 'example_params_trigger_ui' retrieved from /opt/miniconda3/envs/airflow/lib/python3.8/site-packages/airflow/example_dags/example_params_trigger_ui.py
[2024-10-04T09:42:43.022+0100] {logging_mixin.py:190} INFO - [2024-10-04T09:42:43.022+0100] {dag.py:3239} INFO - Sync 1 DAGs
[2024-10-04T09:42:43.025+0100] {logging_mixin.py:190} INFO - [2024-10-04T09:42:43.025+0100] {dag.py:4180} INFO - Setting next_dagrun for example_params_trigger_ui to None, run_after=None
[2024-10-04T09:42:43.031+0100] {processor.py:208} INFO - Processing /opt/miniconda3/envs/airflow/lib/python3.8/site-packages/airflow/example_dags/example_params_trigger_ui.py took 0.081 seconds
[2024-10-04T10:19:34.154+0100] {processor.py:186} INFO - Started process (PID=20801) to work on /opt/miniconda3/envs/airflow/lib/python3.8/site-packages/airflow/example_dags/example_params_trigger_ui.py
[2024-10-04T10:19:34.154+0100] {processor.py:914} INFO - Processing file /opt/miniconda3/envs/airflow/lib/python3.8/site-packages/airflow/example_dags/example_params_trigger_ui.py for tasks to queue
[2024-10-04T10:19:34.155+0100] {logging_mixin.py:190} INFO - [2024-10-04T10:19:34.155+0100] {dagbag.py:588} INFO - Filling up the DagBag from /opt/miniconda3/envs/airflow/lib/python3.8/site-packages/airflow/example_dags/example_params_trigger_ui.py
[2024-10-04T10:19:34.188+0100] {processor.py:925} INFO - DAG(s) 'example_params_trigger_ui' retrieved from /opt/miniconda3/envs/airflow/lib/python3.8/site-packages/airflow/example_dags/example_params_trigger_ui.py
[2024-10-04T10:19:34.231+0100] {logging_mixin.py:190} INFO - [2024-10-04T10:19:34.231+0100] {dag.py:3239} INFO - Sync 1 DAGs
[2024-10-04T10:19:34.235+0100] {logging_mixin.py:190} INFO - [2024-10-04T10:19:34.235+0100] {dag.py:4180} INFO - Setting next_dagrun for example_params_trigger_ui to None, run_after=None
[2024-10-04T10:19:34.241+0100] {processor.py:208} INFO - Processing /opt/miniconda3/envs/airflow/lib/python3.8/site-packages/airflow/example_dags/example_params_trigger_ui.py took 0.089 seconds
[2024-10-04T10:21:39.578+0100] {processor.py:186} INFO - Started process (PID=20983) to work on /opt/miniconda3/envs/airflow/lib/python3.8/site-packages/airflow/example_dags/example_params_trigger_ui.py
[2024-10-04T10:21:39.579+0100] {processor.py:914} INFO - Processing file /opt/miniconda3/envs/airflow/lib/python3.8/site-packages/airflow/example_dags/example_params_trigger_ui.py for tasks to queue
[2024-10-04T10:21:39.579+0100] {logging_mixin.py:190} INFO - [2024-10-04T10:21:39.579+0100] {dagbag.py:588} INFO - Filling up the DagBag from /opt/miniconda3/envs/airflow/lib/python3.8/site-packages/airflow/example_dags/example_params_trigger_ui.py
[2024-10-04T10:21:39.608+0100] {processor.py:925} INFO - DAG(s) 'example_params_trigger_ui' retrieved from /opt/miniconda3/envs/airflow/lib/python3.8/site-packages/airflow/example_dags/example_params_trigger_ui.py
[2024-10-04T10:21:39.650+0100] {logging_mixin.py:190} INFO - [2024-10-04T10:21:39.649+0100] {dag.py:3239} INFO - Sync 1 DAGs
[2024-10-04T10:21:39.653+0100] {logging_mixin.py:190} INFO - [2024-10-04T10:21:39.653+0100] {dag.py:4180} INFO - Setting next_dagrun for example_params_trigger_ui to None, run_after=None
[2024-10-04T10:21:39.659+0100] {processor.py:208} INFO - Processing /opt/miniconda3/envs/airflow/lib/python3.8/site-packages/airflow/example_dags/example_params_trigger_ui.py took 0.083 seconds
[2024-10-04T10:25:01.268+0100] {processor.py:186} INFO - Started process (PID=21156) to work on /opt/miniconda3/envs/airflow/lib/python3.8/site-packages/airflow/example_dags/example_params_trigger_ui.py
[2024-10-04T10:25:01.269+0100] {processor.py:914} INFO - Processing file /opt/miniconda3/envs/airflow/lib/python3.8/site-packages/airflow/example_dags/example_params_trigger_ui.py for tasks to queue
[2024-10-04T10:25:01.269+0100] {logging_mixin.py:190} INFO - [2024-10-04T10:25:01.269+0100] {dagbag.py:588} INFO - Filling up the DagBag from /opt/miniconda3/envs/airflow/lib/python3.8/site-packages/airflow/example_dags/example_params_trigger_ui.py
[2024-10-04T10:25:01.298+0100] {processor.py:925} INFO - DAG(s) 'example_params_trigger_ui' retrieved from /opt/miniconda3/envs/airflow/lib/python3.8/site-packages/airflow/example_dags/example_params_trigger_ui.py
[2024-10-04T10:25:01.339+0100] {logging_mixin.py:190} INFO - [2024-10-04T10:25:01.339+0100] {dag.py:3239} INFO - Sync 1 DAGs
[2024-10-04T10:25:01.343+0100] {logging_mixin.py:190} INFO - [2024-10-04T10:25:01.343+0100] {dag.py:4180} INFO - Setting next_dagrun for example_params_trigger_ui to None, run_after=None
[2024-10-04T10:25:01.349+0100] {processor.py:208} INFO - Processing /opt/miniconda3/envs/airflow/lib/python3.8/site-packages/airflow/example_dags/example_params_trigger_ui.py took 0.083 seconds
[2024-10-04T10:26:56.808+0100] {processor.py:186} INFO - Started process (PID=21310) to work on /opt/miniconda3/envs/airflow/lib/python3.8/site-packages/airflow/example_dags/example_params_trigger_ui.py
[2024-10-04T10:26:56.809+0100] {processor.py:914} INFO - Processing file /opt/miniconda3/envs/airflow/lib/python3.8/site-packages/airflow/example_dags/example_params_trigger_ui.py for tasks to queue
[2024-10-04T10:26:56.809+0100] {logging_mixin.py:190} INFO - [2024-10-04T10:26:56.809+0100] {dagbag.py:588} INFO - Filling up the DagBag from /opt/miniconda3/envs/airflow/lib/python3.8/site-packages/airflow/example_dags/example_params_trigger_ui.py
[2024-10-04T10:26:56.837+0100] {processor.py:925} INFO - DAG(s) 'example_params_trigger_ui' retrieved from /opt/miniconda3/envs/airflow/lib/python3.8/site-packages/airflow/example_dags/example_params_trigger_ui.py
[2024-10-04T10:26:56.879+0100] {logging_mixin.py:190} INFO - [2024-10-04T10:26:56.879+0100] {dag.py:3239} INFO - Sync 1 DAGs
[2024-10-04T10:26:56.883+0100] {logging_mixin.py:190} INFO - [2024-10-04T10:26:56.883+0100] {dag.py:4180} INFO - Setting next_dagrun for example_params_trigger_ui to None, run_after=None
[2024-10-04T10:26:56.888+0100] {processor.py:208} INFO - Processing /opt/miniconda3/envs/airflow/lib/python3.8/site-packages/airflow/example_dags/example_params_trigger_ui.py took 0.082 seconds
[2024-10-04T10:28:51.322+0100] {processor.py:186} INFO - Started process (PID=21475) to work on /opt/miniconda3/envs/airflow/lib/python3.8/site-packages/airflow/example_dags/example_params_trigger_ui.py
[2024-10-04T10:28:51.323+0100] {processor.py:914} INFO - Processing file /opt/miniconda3/envs/airflow/lib/python3.8/site-packages/airflow/example_dags/example_params_trigger_ui.py for tasks to queue
[2024-10-04T10:28:51.323+0100] {logging_mixin.py:190} INFO - [2024-10-04T10:28:51.323+0100] {dagbag.py:588} INFO - Filling up the DagBag from /opt/miniconda3/envs/airflow/lib/python3.8/site-packages/airflow/example_dags/example_params_trigger_ui.py
[2024-10-04T10:28:51.352+0100] {processor.py:925} INFO - DAG(s) 'example_params_trigger_ui' retrieved from /opt/miniconda3/envs/airflow/lib/python3.8/site-packages/airflow/example_dags/example_params_trigger_ui.py
[2024-10-04T10:28:51.394+0100] {logging_mixin.py:190} INFO - [2024-10-04T10:28:51.394+0100] {dag.py:3239} INFO - Sync 1 DAGs
[2024-10-04T10:28:51.398+0100] {logging_mixin.py:190} INFO - [2024-10-04T10:28:51.398+0100] {dag.py:4180} INFO - Setting next_dagrun for example_params_trigger_ui to None, run_after=None
[2024-10-04T10:28:51.403+0100] {processor.py:208} INFO - Processing /opt/miniconda3/envs/airflow/lib/python3.8/site-packages/airflow/example_dags/example_params_trigger_ui.py took 0.083 seconds
[2024-10-04T10:30:45.073+0100] {processor.py:186} INFO - Started process (PID=21654) to work on /opt/miniconda3/envs/airflow/lib/python3.8/site-packages/airflow/example_dags/example_params_trigger_ui.py
[2024-10-04T10:30:45.075+0100] {processor.py:914} INFO - Processing file /opt/miniconda3/envs/airflow/lib/python3.8/site-packages/airflow/example_dags/example_params_trigger_ui.py for tasks to queue
[2024-10-04T10:30:45.075+0100] {logging_mixin.py:190} INFO - [2024-10-04T10:30:45.075+0100] {dagbag.py:588} INFO - Filling up the DagBag from /opt/miniconda3/envs/airflow/lib/python3.8/site-packages/airflow/example_dags/example_params_trigger_ui.py
[2024-10-04T10:30:45.105+0100] {processor.py:925} INFO - DAG(s) 'example_params_trigger_ui' retrieved from /opt/miniconda3/envs/airflow/lib/python3.8/site-packages/airflow/example_dags/example_params_trigger_ui.py
[2024-10-04T10:30:45.147+0100] {logging_mixin.py:190} INFO - [2024-10-04T10:30:45.147+0100] {dag.py:3239} INFO - Sync 1 DAGs
[2024-10-04T10:30:45.151+0100] {logging_mixin.py:190} INFO - [2024-10-04T10:30:45.151+0100] {dag.py:4180} INFO - Setting next_dagrun for example_params_trigger_ui to None, run_after=None
[2024-10-04T10:30:45.157+0100] {processor.py:208} INFO - Processing /opt/miniconda3/envs/airflow/lib/python3.8/site-packages/airflow/example_dags/example_params_trigger_ui.py took 0.085 seconds
[2024-10-04T10:32:42.400+0100] {processor.py:186} INFO - Started process (PID=21823) to work on /opt/miniconda3/envs/airflow/lib/python3.8/site-packages/airflow/example_dags/example_params_trigger_ui.py
[2024-10-04T10:32:42.400+0100] {processor.py:914} INFO - Processing file /opt/miniconda3/envs/airflow/lib/python3.8/site-packages/airflow/example_dags/example_params_trigger_ui.py for tasks to queue
[2024-10-04T10:32:42.400+0100] {logging_mixin.py:190} INFO - [2024-10-04T10:32:42.400+0100] {dagbag.py:588} INFO - Filling up the DagBag from /opt/miniconda3/envs/airflow/lib/python3.8/site-packages/airflow/example_dags/example_params_trigger_ui.py
[2024-10-04T10:32:42.428+0100] {processor.py:925} INFO - DAG(s) 'example_params_trigger_ui' retrieved from /opt/miniconda3/envs/airflow/lib/python3.8/site-packages/airflow/example_dags/example_params_trigger_ui.py
[2024-10-04T10:32:42.470+0100] {logging_mixin.py:190} INFO - [2024-10-04T10:32:42.470+0100] {dag.py:3239} INFO - Sync 1 DAGs
[2024-10-04T10:32:42.474+0100] {logging_mixin.py:190} INFO - [2024-10-04T10:32:42.474+0100] {dag.py:4180} INFO - Setting next_dagrun for example_params_trigger_ui to None, run_after=None
[2024-10-04T10:32:42.479+0100] {processor.py:208} INFO - Processing /opt/miniconda3/envs/airflow/lib/python3.8/site-packages/airflow/example_dags/example_params_trigger_ui.py took 0.081 seconds
[2024-10-04T10:34:51.191+0100] {processor.py:186} INFO - Started process (PID=21998) to work on /opt/miniconda3/envs/airflow/lib/python3.8/site-packages/airflow/example_dags/example_params_trigger_ui.py
[2024-10-04T10:34:51.191+0100] {processor.py:914} INFO - Processing file /opt/miniconda3/envs/airflow/lib/python3.8/site-packages/airflow/example_dags/example_params_trigger_ui.py for tasks to queue
[2024-10-04T10:34:51.192+0100] {logging_mixin.py:190} INFO - [2024-10-04T10:34:51.192+0100] {dagbag.py:588} INFO - Filling up the DagBag from /opt/miniconda3/envs/airflow/lib/python3.8/site-packages/airflow/example_dags/example_params_trigger_ui.py
[2024-10-04T10:34:51.222+0100] {processor.py:925} INFO - DAG(s) 'example_params_trigger_ui' retrieved from /opt/miniconda3/envs/airflow/lib/python3.8/site-packages/airflow/example_dags/example_params_trigger_ui.py
[2024-10-04T10:34:51.265+0100] {logging_mixin.py:190} INFO - [2024-10-04T10:34:51.265+0100] {dag.py:3239} INFO - Sync 1 DAGs
[2024-10-04T10:34:51.269+0100] {logging_mixin.py:190} INFO - [2024-10-04T10:34:51.269+0100] {dag.py:4180} INFO - Setting next_dagrun for example_params_trigger_ui to None, run_after=None
[2024-10-04T10:34:51.275+0100] {processor.py:208} INFO - Processing /opt/miniconda3/envs/airflow/lib/python3.8/site-packages/airflow/example_dags/example_params_trigger_ui.py took 0.086 seconds
[2024-10-04T10:37:05.597+0100] {processor.py:186} INFO - Started process (PID=22163) to work on /opt/miniconda3/envs/airflow/lib/python3.8/site-packages/airflow/example_dags/example_params_trigger_ui.py
[2024-10-04T10:37:05.597+0100] {processor.py:914} INFO - Processing file /opt/miniconda3/envs/airflow/lib/python3.8/site-packages/airflow/example_dags/example_params_trigger_ui.py for tasks to queue
[2024-10-04T10:37:05.597+0100] {logging_mixin.py:190} INFO - [2024-10-04T10:37:05.597+0100] {dagbag.py:588} INFO - Filling up the DagBag from /opt/miniconda3/envs/airflow/lib/python3.8/site-packages/airflow/example_dags/example_params_trigger_ui.py
[2024-10-04T10:37:05.628+0100] {processor.py:925} INFO - DAG(s) 'example_params_trigger_ui' retrieved from /opt/miniconda3/envs/airflow/lib/python3.8/site-packages/airflow/example_dags/example_params_trigger_ui.py
[2024-10-04T10:37:05.673+0100] {logging_mixin.py:190} INFO - [2024-10-04T10:37:05.673+0100] {dag.py:3239} INFO - Sync 1 DAGs
[2024-10-04T10:37:05.677+0100] {logging_mixin.py:190} INFO - [2024-10-04T10:37:05.677+0100] {dag.py:4180} INFO - Setting next_dagrun for example_params_trigger_ui to None, run_after=None
[2024-10-04T10:37:05.683+0100] {processor.py:208} INFO - Processing /opt/miniconda3/envs/airflow/lib/python3.8/site-packages/airflow/example_dags/example_params_trigger_ui.py took 0.088 seconds
