[2024-10-04T01:54:55.244+0100] {processor.py:186} INFO - Started process (PID=17390) to work on /opt/miniconda3/envs/airflow/lib/python3.8/site-packages/airflow/example_dags/example_skip_dag.py
[2024-10-04T01:54:55.244+0100] {processor.py:914} INFO - Processing file /opt/miniconda3/envs/airflow/lib/python3.8/site-packages/airflow/example_dags/example_skip_dag.py for tasks to queue
[2024-10-04T01:54:55.244+0100] {logging_mixin.py:190} INFO - [2024-10-04T01:54:55.244+0100] {dagbag.py:588} INFO - Filling up the DagBag from /opt/miniconda3/envs/airflow/lib/python3.8/site-packages/airflow/example_dags/example_skip_dag.py
[2024-10-04T01:54:55.262+0100] {processor.py:925} INFO - DAG(s) 'example_skip_dag' retrieved from /opt/miniconda3/envs/airflow/lib/python3.8/site-packages/airflow/example_dags/example_skip_dag.py
[2024-10-04T01:54:55.295+0100] {logging_mixin.py:190} INFO - [2024-10-04T01:54:55.295+0100] {dag.py:3239} INFO - Sync 1 DAGs
[2024-10-04T01:54:55.301+0100] {logging_mixin.py:190} INFO - [2024-10-04T01:54:55.301+0100] {dag.py:4180} INFO - Setting next_dagrun for example_skip_dag to 2024-10-03 00:00:00+00:00, run_after=2024-10-04 00:00:00+00:00
[2024-10-04T01:54:55.307+0100] {processor.py:208} INFO - Processing /opt/miniconda3/envs/airflow/lib/python3.8/site-packages/airflow/example_dags/example_skip_dag.py took 0.065 seconds
[2024-10-04T01:56:24.876+0100] {processor.py:186} INFO - Started process (PID=17504) to work on /opt/miniconda3/envs/airflow/lib/python3.8/site-packages/airflow/example_dags/example_skip_dag.py
[2024-10-04T01:56:24.876+0100] {processor.py:914} INFO - Processing file /opt/miniconda3/envs/airflow/lib/python3.8/site-packages/airflow/example_dags/example_skip_dag.py for tasks to queue
[2024-10-04T01:56:24.876+0100] {logging_mixin.py:190} INFO - [2024-10-04T01:56:24.876+0100] {dagbag.py:588} INFO - Filling up the DagBag from /opt/miniconda3/envs/airflow/lib/python3.8/site-packages/airflow/example_dags/example_skip_dag.py
[2024-10-04T01:56:24.894+0100] {processor.py:925} INFO - DAG(s) 'example_skip_dag' retrieved from /opt/miniconda3/envs/airflow/lib/python3.8/site-packages/airflow/example_dags/example_skip_dag.py
[2024-10-04T01:56:24.927+0100] {logging_mixin.py:190} INFO - [2024-10-04T01:56:24.927+0100] {dag.py:3239} INFO - Sync 1 DAGs
[2024-10-04T01:56:24.933+0100] {logging_mixin.py:190} INFO - [2024-10-04T01:56:24.933+0100] {dag.py:4180} INFO - Setting next_dagrun for example_skip_dag to 2024-10-03 00:00:00+00:00, run_after=2024-10-04 00:00:00+00:00
[2024-10-04T01:56:24.938+0100] {processor.py:208} INFO - Processing /opt/miniconda3/envs/airflow/lib/python3.8/site-packages/airflow/example_dags/example_skip_dag.py took 0.064 seconds
[2024-10-04T01:57:30.014+0100] {processor.py:186} INFO - Started process (PID=17584) to work on /opt/miniconda3/envs/airflow/lib/python3.8/site-packages/airflow/example_dags/example_skip_dag.py
[2024-10-04T01:57:30.014+0100] {processor.py:914} INFO - Processing file /opt/miniconda3/envs/airflow/lib/python3.8/site-packages/airflow/example_dags/example_skip_dag.py for tasks to queue
[2024-10-04T01:57:30.015+0100] {logging_mixin.py:190} INFO - [2024-10-04T01:57:30.014+0100] {dagbag.py:588} INFO - Filling up the DagBag from /opt/miniconda3/envs/airflow/lib/python3.8/site-packages/airflow/example_dags/example_skip_dag.py
[2024-10-04T01:57:30.032+0100] {processor.py:925} INFO - DAG(s) 'example_skip_dag' retrieved from /opt/miniconda3/envs/airflow/lib/python3.8/site-packages/airflow/example_dags/example_skip_dag.py
[2024-10-04T01:57:30.065+0100] {logging_mixin.py:190} INFO - [2024-10-04T01:57:30.065+0100] {dag.py:3239} INFO - Sync 1 DAGs
[2024-10-04T01:57:30.070+0100] {logging_mixin.py:190} INFO - [2024-10-04T01:57:30.070+0100] {dag.py:4180} INFO - Setting next_dagrun for example_skip_dag to 2024-10-03 00:00:00+00:00, run_after=2024-10-04 00:00:00+00:00
[2024-10-04T01:57:30.076+0100] {processor.py:208} INFO - Processing /opt/miniconda3/envs/airflow/lib/python3.8/site-packages/airflow/example_dags/example_skip_dag.py took 0.063 seconds
[2024-10-04T03:50:31.236+0100] {processor.py:186} INFO - Started process (PID=17689) to work on /opt/miniconda3/envs/airflow/lib/python3.8/site-packages/airflow/example_dags/example_skip_dag.py
[2024-10-04T03:50:31.237+0100] {processor.py:914} INFO - Processing file /opt/miniconda3/envs/airflow/lib/python3.8/site-packages/airflow/example_dags/example_skip_dag.py for tasks to queue
[2024-10-04T03:50:31.237+0100] {logging_mixin.py:190} INFO - [2024-10-04T03:50:31.237+0100] {dagbag.py:588} INFO - Filling up the DagBag from /opt/miniconda3/envs/airflow/lib/python3.8/site-packages/airflow/example_dags/example_skip_dag.py
[2024-10-04T03:50:31.255+0100] {processor.py:925} INFO - DAG(s) 'example_skip_dag' retrieved from /opt/miniconda3/envs/airflow/lib/python3.8/site-packages/airflow/example_dags/example_skip_dag.py
[2024-10-04T03:50:31.288+0100] {logging_mixin.py:190} INFO - [2024-10-04T03:50:31.288+0100] {dag.py:3239} INFO - Sync 1 DAGs
[2024-10-04T03:50:31.293+0100] {logging_mixin.py:190} INFO - [2024-10-04T03:50:31.293+0100] {dag.py:4180} INFO - Setting next_dagrun for example_skip_dag to 2024-10-03 00:00:00+00:00, run_after=2024-10-04 00:00:00+00:00
[2024-10-04T03:50:31.298+0100] {processor.py:208} INFO - Processing /opt/miniconda3/envs/airflow/lib/python3.8/site-packages/airflow/example_dags/example_skip_dag.py took 0.063 seconds
[2024-10-04T03:52:05.551+0100] {processor.py:186} INFO - Started process (PID=17817) to work on /opt/miniconda3/envs/airflow/lib/python3.8/site-packages/airflow/example_dags/example_skip_dag.py
[2024-10-04T03:52:05.553+0100] {processor.py:914} INFO - Processing file /opt/miniconda3/envs/airflow/lib/python3.8/site-packages/airflow/example_dags/example_skip_dag.py for tasks to queue
[2024-10-04T03:52:05.554+0100] {logging_mixin.py:190} INFO - [2024-10-04T03:52:05.554+0100] {dagbag.py:588} INFO - Filling up the DagBag from /opt/miniconda3/envs/airflow/lib/python3.8/site-packages/airflow/example_dags/example_skip_dag.py
[2024-10-04T03:52:05.572+0100] {processor.py:925} INFO - DAG(s) 'example_skip_dag' retrieved from /opt/miniconda3/envs/airflow/lib/python3.8/site-packages/airflow/example_dags/example_skip_dag.py
[2024-10-04T03:52:05.605+0100] {logging_mixin.py:190} INFO - [2024-10-04T03:52:05.605+0100] {dag.py:3239} INFO - Sync 1 DAGs
[2024-10-04T03:52:05.610+0100] {logging_mixin.py:190} INFO - [2024-10-04T03:52:05.610+0100] {dag.py:4180} INFO - Setting next_dagrun for example_skip_dag to 2024-10-03 00:00:00+00:00, run_after=2024-10-04 00:00:00+00:00
[2024-10-04T03:52:05.615+0100] {processor.py:208} INFO - Processing /opt/miniconda3/envs/airflow/lib/python3.8/site-packages/airflow/example_dags/example_skip_dag.py took 0.066 seconds
[2024-10-04T06:13:48.818+0100] {processor.py:186} INFO - Started process (PID=18016) to work on /opt/miniconda3/envs/airflow/lib/python3.8/site-packages/airflow/example_dags/example_skip_dag.py
[2024-10-04T06:13:48.819+0100] {processor.py:914} INFO - Processing file /opt/miniconda3/envs/airflow/lib/python3.8/site-packages/airflow/example_dags/example_skip_dag.py for tasks to queue
[2024-10-04T06:13:48.819+0100] {logging_mixin.py:190} INFO - [2024-10-04T06:13:48.819+0100] {dagbag.py:588} INFO - Filling up the DagBag from /opt/miniconda3/envs/airflow/lib/python3.8/site-packages/airflow/example_dags/example_skip_dag.py
[2024-10-04T06:13:48.837+0100] {processor.py:925} INFO - DAG(s) 'example_skip_dag' retrieved from /opt/miniconda3/envs/airflow/lib/python3.8/site-packages/airflow/example_dags/example_skip_dag.py
[2024-10-04T06:13:48.870+0100] {logging_mixin.py:190} INFO - [2024-10-04T06:13:48.870+0100] {dag.py:3239} INFO - Sync 1 DAGs
[2024-10-04T06:13:48.875+0100] {logging_mixin.py:190} INFO - [2024-10-04T06:13:48.875+0100] {dag.py:4180} INFO - Setting next_dagrun for example_skip_dag to 2024-10-03 00:00:00+00:00, run_after=2024-10-04 00:00:00+00:00
[2024-10-04T06:13:48.880+0100] {processor.py:208} INFO - Processing /opt/miniconda3/envs/airflow/lib/python3.8/site-packages/airflow/example_dags/example_skip_dag.py took 0.064 seconds
[2024-10-04T06:15:07.453+0100] {processor.py:186} INFO - Started process (PID=18133) to work on /opt/miniconda3/envs/airflow/lib/python3.8/site-packages/airflow/example_dags/example_skip_dag.py
[2024-10-04T06:15:07.454+0100] {processor.py:914} INFO - Processing file /opt/miniconda3/envs/airflow/lib/python3.8/site-packages/airflow/example_dags/example_skip_dag.py for tasks to queue
[2024-10-04T06:15:07.454+0100] {logging_mixin.py:190} INFO - [2024-10-04T06:15:07.454+0100] {dagbag.py:588} INFO - Filling up the DagBag from /opt/miniconda3/envs/airflow/lib/python3.8/site-packages/airflow/example_dags/example_skip_dag.py
[2024-10-04T06:15:07.472+0100] {processor.py:925} INFO - DAG(s) 'example_skip_dag' retrieved from /opt/miniconda3/envs/airflow/lib/python3.8/site-packages/airflow/example_dags/example_skip_dag.py
[2024-10-04T06:15:07.505+0100] {logging_mixin.py:190} INFO - [2024-10-04T06:15:07.505+0100] {dag.py:3239} INFO - Sync 1 DAGs
[2024-10-04T06:15:07.510+0100] {logging_mixin.py:190} INFO - [2024-10-04T06:15:07.510+0100] {dag.py:4180} INFO - Setting next_dagrun for example_skip_dag to 2024-10-03 00:00:00+00:00, run_after=2024-10-04 00:00:00+00:00
[2024-10-04T06:15:07.515+0100] {processor.py:208} INFO - Processing /opt/miniconda3/envs/airflow/lib/python3.8/site-packages/airflow/example_dags/example_skip_dag.py took 0.064 seconds
[2024-10-04T07:08:03.723+0100] {processor.py:186} INFO - Started process (PID=19970) to work on /opt/miniconda3/envs/airflow/lib/python3.8/site-packages/airflow/example_dags/example_skip_dag.py
[2024-10-04T07:08:03.723+0100] {processor.py:914} INFO - Processing file /opt/miniconda3/envs/airflow/lib/python3.8/site-packages/airflow/example_dags/example_skip_dag.py for tasks to queue
[2024-10-04T07:08:03.724+0100] {logging_mixin.py:190} INFO - [2024-10-04T07:08:03.724+0100] {dagbag.py:588} INFO - Filling up the DagBag from /opt/miniconda3/envs/airflow/lib/python3.8/site-packages/airflow/example_dags/example_skip_dag.py
[2024-10-04T07:08:03.744+0100] {processor.py:925} INFO - DAG(s) 'example_skip_dag' retrieved from /opt/miniconda3/envs/airflow/lib/python3.8/site-packages/airflow/example_dags/example_skip_dag.py
[2024-10-04T07:08:03.778+0100] {logging_mixin.py:190} INFO - [2024-10-04T07:08:03.777+0100] {dag.py:3239} INFO - Sync 1 DAGs
[2024-10-04T07:08:03.783+0100] {logging_mixin.py:190} INFO - [2024-10-04T07:08:03.783+0100] {dag.py:4180} INFO - Setting next_dagrun for example_skip_dag to 2024-10-03 00:00:00+00:00, run_after=2024-10-04 00:00:00+00:00
[2024-10-04T07:08:03.788+0100] {processor.py:208} INFO - Processing /opt/miniconda3/envs/airflow/lib/python3.8/site-packages/airflow/example_dags/example_skip_dag.py took 0.066 seconds
[2024-10-04T08:12:50.080+0100] {processor.py:186} INFO - Started process (PID=20080) to work on /opt/miniconda3/envs/airflow/lib/python3.8/site-packages/airflow/example_dags/example_skip_dag.py
[2024-10-04T08:12:50.080+0100] {processor.py:914} INFO - Processing file /opt/miniconda3/envs/airflow/lib/python3.8/site-packages/airflow/example_dags/example_skip_dag.py for tasks to queue
[2024-10-04T08:12:50.081+0100] {logging_mixin.py:190} INFO - [2024-10-04T08:12:50.080+0100] {dagbag.py:588} INFO - Filling up the DagBag from /opt/miniconda3/envs/airflow/lib/python3.8/site-packages/airflow/example_dags/example_skip_dag.py
[2024-10-04T08:12:50.099+0100] {processor.py:925} INFO - DAG(s) 'example_skip_dag' retrieved from /opt/miniconda3/envs/airflow/lib/python3.8/site-packages/airflow/example_dags/example_skip_dag.py
[2024-10-04T08:12:50.132+0100] {logging_mixin.py:190} INFO - [2024-10-04T08:12:50.132+0100] {dag.py:3239} INFO - Sync 1 DAGs
[2024-10-04T08:12:50.137+0100] {logging_mixin.py:190} INFO - [2024-10-04T08:12:50.137+0100] {dag.py:4180} INFO - Setting next_dagrun for example_skip_dag to 2024-10-03 00:00:00+00:00, run_after=2024-10-04 00:00:00+00:00
[2024-10-04T08:12:50.143+0100] {processor.py:208} INFO - Processing /opt/miniconda3/envs/airflow/lib/python3.8/site-packages/airflow/example_dags/example_skip_dag.py took 0.064 seconds
[2024-10-04T08:39:39.553+0100] {processor.py:186} INFO - Started process (PID=20197) to work on /opt/miniconda3/envs/airflow/lib/python3.8/site-packages/airflow/example_dags/example_skip_dag.py
[2024-10-04T08:39:39.553+0100] {processor.py:914} INFO - Processing file /opt/miniconda3/envs/airflow/lib/python3.8/site-packages/airflow/example_dags/example_skip_dag.py for tasks to queue
[2024-10-04T08:39:39.553+0100] {logging_mixin.py:190} INFO - [2024-10-04T08:39:39.553+0100] {dagbag.py:588} INFO - Filling up the DagBag from /opt/miniconda3/envs/airflow/lib/python3.8/site-packages/airflow/example_dags/example_skip_dag.py
[2024-10-04T08:39:39.571+0100] {processor.py:925} INFO - DAG(s) 'example_skip_dag' retrieved from /opt/miniconda3/envs/airflow/lib/python3.8/site-packages/airflow/example_dags/example_skip_dag.py
[2024-10-04T08:39:39.604+0100] {logging_mixin.py:190} INFO - [2024-10-04T08:39:39.604+0100] {dag.py:3239} INFO - Sync 1 DAGs
[2024-10-04T08:39:39.610+0100] {logging_mixin.py:190} INFO - [2024-10-04T08:39:39.609+0100] {dag.py:4180} INFO - Setting next_dagrun for example_skip_dag to 2024-10-03 00:00:00+00:00, run_after=2024-10-04 00:00:00+00:00
[2024-10-04T08:39:39.615+0100] {processor.py:208} INFO - Processing /opt/miniconda3/envs/airflow/lib/python3.8/site-packages/airflow/example_dags/example_skip_dag.py took 0.064 seconds
[2024-10-04T08:41:30.335+0100] {processor.py:186} INFO - Started process (PID=20353) to work on /opt/miniconda3/envs/airflow/lib/python3.8/site-packages/airflow/example_dags/example_skip_dag.py
[2024-10-04T08:41:30.335+0100] {processor.py:914} INFO - Processing file /opt/miniconda3/envs/airflow/lib/python3.8/site-packages/airflow/example_dags/example_skip_dag.py for tasks to queue
[2024-10-04T08:41:30.335+0100] {logging_mixin.py:190} INFO - [2024-10-04T08:41:30.335+0100] {dagbag.py:588} INFO - Filling up the DagBag from /opt/miniconda3/envs/airflow/lib/python3.8/site-packages/airflow/example_dags/example_skip_dag.py
[2024-10-04T08:41:30.353+0100] {processor.py:925} INFO - DAG(s) 'example_skip_dag' retrieved from /opt/miniconda3/envs/airflow/lib/python3.8/site-packages/airflow/example_dags/example_skip_dag.py
[2024-10-04T08:41:30.386+0100] {logging_mixin.py:190} INFO - [2024-10-04T08:41:30.386+0100] {dag.py:3239} INFO - Sync 1 DAGs
[2024-10-04T08:41:30.392+0100] {logging_mixin.py:190} INFO - [2024-10-04T08:41:30.392+0100] {dag.py:4180} INFO - Setting next_dagrun for example_skip_dag to 2024-10-03 00:00:00+00:00, run_after=2024-10-04 00:00:00+00:00
[2024-10-04T08:41:30.397+0100] {processor.py:208} INFO - Processing /opt/miniconda3/envs/airflow/lib/python3.8/site-packages/airflow/example_dags/example_skip_dag.py took 0.064 seconds
[2024-10-04T09:40:54.566+0100] {processor.py:186} INFO - Started process (PID=20462) to work on /opt/miniconda3/envs/airflow/lib/python3.8/site-packages/airflow/example_dags/example_skip_dag.py
[2024-10-04T09:40:54.566+0100] {processor.py:914} INFO - Processing file /opt/miniconda3/envs/airflow/lib/python3.8/site-packages/airflow/example_dags/example_skip_dag.py for tasks to queue
[2024-10-04T09:40:54.567+0100] {logging_mixin.py:190} INFO - [2024-10-04T09:40:54.567+0100] {dagbag.py:588} INFO - Filling up the DagBag from /opt/miniconda3/envs/airflow/lib/python3.8/site-packages/airflow/example_dags/example_skip_dag.py
[2024-10-04T09:40:54.585+0100] {processor.py:925} INFO - DAG(s) 'example_skip_dag' retrieved from /opt/miniconda3/envs/airflow/lib/python3.8/site-packages/airflow/example_dags/example_skip_dag.py
[2024-10-04T09:40:54.618+0100] {logging_mixin.py:190} INFO - [2024-10-04T09:40:54.618+0100] {dag.py:3239} INFO - Sync 1 DAGs
[2024-10-04T09:40:54.624+0100] {logging_mixin.py:190} INFO - [2024-10-04T09:40:54.623+0100] {dag.py:4180} INFO - Setting next_dagrun for example_skip_dag to 2024-10-03 00:00:00+00:00, run_after=2024-10-04 00:00:00+00:00
[2024-10-04T09:40:54.629+0100] {processor.py:208} INFO - Processing /opt/miniconda3/envs/airflow/lib/python3.8/site-packages/airflow/example_dags/example_skip_dag.py took 0.065 seconds
[2024-10-04T09:42:26.442+0100] {processor.py:186} INFO - Started process (PID=20606) to work on /opt/miniconda3/envs/airflow/lib/python3.8/site-packages/airflow/example_dags/example_skip_dag.py
[2024-10-04T09:42:26.443+0100] {processor.py:914} INFO - Processing file /opt/miniconda3/envs/airflow/lib/python3.8/site-packages/airflow/example_dags/example_skip_dag.py for tasks to queue
[2024-10-04T09:42:26.444+0100] {logging_mixin.py:190} INFO - [2024-10-04T09:42:26.444+0100] {dagbag.py:588} INFO - Filling up the DagBag from /opt/miniconda3/envs/airflow/lib/python3.8/site-packages/airflow/example_dags/example_skip_dag.py
[2024-10-04T09:42:26.462+0100] {processor.py:925} INFO - DAG(s) 'example_skip_dag' retrieved from /opt/miniconda3/envs/airflow/lib/python3.8/site-packages/airflow/example_dags/example_skip_dag.py
[2024-10-04T09:42:26.495+0100] {logging_mixin.py:190} INFO - [2024-10-04T09:42:26.495+0100] {dag.py:3239} INFO - Sync 1 DAGs
[2024-10-04T09:42:26.500+0100] {logging_mixin.py:190} INFO - [2024-10-04T09:42:26.500+0100] {dag.py:4180} INFO - Setting next_dagrun for example_skip_dag to 2024-10-03 00:00:00+00:00, run_after=2024-10-04 00:00:00+00:00
[2024-10-04T09:42:26.505+0100] {processor.py:208} INFO - Processing /opt/miniconda3/envs/airflow/lib/python3.8/site-packages/airflow/example_dags/example_skip_dag.py took 0.064 seconds
[2024-10-04T10:11:16.392+0100] {processor.py:186} INFO - Started process (PID=20757) to work on /opt/miniconda3/envs/airflow/lib/python3.8/site-packages/airflow/example_dags/example_skip_dag.py
[2024-10-04T10:11:16.392+0100] {processor.py:914} INFO - Processing file /opt/miniconda3/envs/airflow/lib/python3.8/site-packages/airflow/example_dags/example_skip_dag.py for tasks to queue
[2024-10-04T10:11:16.392+0100] {logging_mixin.py:190} INFO - [2024-10-04T10:11:16.392+0100] {dagbag.py:588} INFO - Filling up the DagBag from /opt/miniconda3/envs/airflow/lib/python3.8/site-packages/airflow/example_dags/example_skip_dag.py
[2024-10-04T10:11:16.410+0100] {processor.py:925} INFO - DAG(s) 'example_skip_dag' retrieved from /opt/miniconda3/envs/airflow/lib/python3.8/site-packages/airflow/example_dags/example_skip_dag.py
[2024-10-04T10:11:16.443+0100] {logging_mixin.py:190} INFO - [2024-10-04T10:11:16.443+0100] {dag.py:3239} INFO - Sync 1 DAGs
[2024-10-04T10:11:16.448+0100] {logging_mixin.py:190} INFO - [2024-10-04T10:11:16.448+0100] {dag.py:4180} INFO - Setting next_dagrun for example_skip_dag to 2024-10-03 00:00:00+00:00, run_after=2024-10-04 00:00:00+00:00
[2024-10-04T10:11:16.454+0100] {processor.py:208} INFO - Processing /opt/miniconda3/envs/airflow/lib/python3.8/site-packages/airflow/example_dags/example_skip_dag.py took 0.064 seconds
[2024-10-04T10:20:16.118+0100] {processor.py:186} INFO - Started process (PID=20865) to work on /opt/miniconda3/envs/airflow/lib/python3.8/site-packages/airflow/example_dags/example_skip_dag.py
[2024-10-04T10:20:16.119+0100] {processor.py:914} INFO - Processing file /opt/miniconda3/envs/airflow/lib/python3.8/site-packages/airflow/example_dags/example_skip_dag.py for tasks to queue
[2024-10-04T10:20:16.119+0100] {logging_mixin.py:190} INFO - [2024-10-04T10:20:16.119+0100] {dagbag.py:588} INFO - Filling up the DagBag from /opt/miniconda3/envs/airflow/lib/python3.8/site-packages/airflow/example_dags/example_skip_dag.py
[2024-10-04T10:20:16.144+0100] {processor.py:925} INFO - DAG(s) 'example_skip_dag' retrieved from /opt/miniconda3/envs/airflow/lib/python3.8/site-packages/airflow/example_dags/example_skip_dag.py
[2024-10-04T10:20:16.182+0100] {logging_mixin.py:190} INFO - [2024-10-04T10:20:16.182+0100] {dag.py:3239} INFO - Sync 1 DAGs
[2024-10-04T10:20:16.188+0100] {logging_mixin.py:190} INFO - [2024-10-04T10:20:16.188+0100] {dag.py:4180} INFO - Setting next_dagrun for example_skip_dag to 2024-10-03 00:00:00+00:00, run_after=2024-10-04 00:00:00+00:00
[2024-10-04T10:20:16.194+0100] {processor.py:208} INFO - Processing /opt/miniconda3/envs/airflow/lib/python3.8/site-packages/airflow/example_dags/example_skip_dag.py took 0.078 seconds
[2024-10-04T10:21:22.478+0100] {processor.py:186} INFO - Started process (PID=20957) to work on /opt/miniconda3/envs/airflow/lib/python3.8/site-packages/airflow/example_dags/example_skip_dag.py
[2024-10-04T10:21:22.478+0100] {processor.py:914} INFO - Processing file /opt/miniconda3/envs/airflow/lib/python3.8/site-packages/airflow/example_dags/example_skip_dag.py for tasks to queue
[2024-10-04T10:21:22.479+0100] {logging_mixin.py:190} INFO - [2024-10-04T10:21:22.479+0100] {dagbag.py:588} INFO - Filling up the DagBag from /opt/miniconda3/envs/airflow/lib/python3.8/site-packages/airflow/example_dags/example_skip_dag.py
[2024-10-04T10:21:22.498+0100] {processor.py:925} INFO - DAG(s) 'example_skip_dag' retrieved from /opt/miniconda3/envs/airflow/lib/python3.8/site-packages/airflow/example_dags/example_skip_dag.py
[2024-10-04T10:21:22.531+0100] {logging_mixin.py:190} INFO - [2024-10-04T10:21:22.531+0100] {dag.py:3239} INFO - Sync 1 DAGs
[2024-10-04T10:21:22.536+0100] {logging_mixin.py:190} INFO - [2024-10-04T10:21:22.536+0100] {dag.py:4180} INFO - Setting next_dagrun for example_skip_dag to 2024-10-03 00:00:00+00:00, run_after=2024-10-04 00:00:00+00:00
[2024-10-04T10:21:22.541+0100] {processor.py:208} INFO - Processing /opt/miniconda3/envs/airflow/lib/python3.8/site-packages/airflow/example_dags/example_skip_dag.py took 0.065 seconds
[2024-10-04T10:24:42.146+0100] {processor.py:186} INFO - Started process (PID=21134) to work on /opt/miniconda3/envs/airflow/lib/python3.8/site-packages/airflow/example_dags/example_skip_dag.py
[2024-10-04T10:24:42.147+0100] {processor.py:914} INFO - Processing file /opt/miniconda3/envs/airflow/lib/python3.8/site-packages/airflow/example_dags/example_skip_dag.py for tasks to queue
[2024-10-04T10:24:42.147+0100] {logging_mixin.py:190} INFO - [2024-10-04T10:24:42.147+0100] {dagbag.py:588} INFO - Filling up the DagBag from /opt/miniconda3/envs/airflow/lib/python3.8/site-packages/airflow/example_dags/example_skip_dag.py
[2024-10-04T10:24:42.168+0100] {processor.py:925} INFO - DAG(s) 'example_skip_dag' retrieved from /opt/miniconda3/envs/airflow/lib/python3.8/site-packages/airflow/example_dags/example_skip_dag.py
[2024-10-04T10:24:42.204+0100] {logging_mixin.py:190} INFO - [2024-10-04T10:24:42.204+0100] {dag.py:3239} INFO - Sync 1 DAGs
[2024-10-04T10:24:42.210+0100] {logging_mixin.py:190} INFO - [2024-10-04T10:24:42.210+0100] {dag.py:4180} INFO - Setting next_dagrun for example_skip_dag to 2024-10-03 00:00:00+00:00, run_after=2024-10-04 00:00:00+00:00
[2024-10-04T10:24:42.216+0100] {processor.py:208} INFO - Processing /opt/miniconda3/envs/airflow/lib/python3.8/site-packages/airflow/example_dags/example_skip_dag.py took 0.072 seconds
[2024-10-04T10:26:39.391+0100] {processor.py:186} INFO - Started process (PID=21288) to work on /opt/miniconda3/envs/airflow/lib/python3.8/site-packages/airflow/example_dags/example_skip_dag.py
[2024-10-04T10:26:39.391+0100] {processor.py:914} INFO - Processing file /opt/miniconda3/envs/airflow/lib/python3.8/site-packages/airflow/example_dags/example_skip_dag.py for tasks to queue
[2024-10-04T10:26:39.391+0100] {logging_mixin.py:190} INFO - [2024-10-04T10:26:39.391+0100] {dagbag.py:588} INFO - Filling up the DagBag from /opt/miniconda3/envs/airflow/lib/python3.8/site-packages/airflow/example_dags/example_skip_dag.py
[2024-10-04T10:26:39.410+0100] {processor.py:925} INFO - DAG(s) 'example_skip_dag' retrieved from /opt/miniconda3/envs/airflow/lib/python3.8/site-packages/airflow/example_dags/example_skip_dag.py
[2024-10-04T10:26:39.444+0100] {logging_mixin.py:190} INFO - [2024-10-04T10:26:39.443+0100] {dag.py:3239} INFO - Sync 1 DAGs
[2024-10-04T10:26:39.449+0100] {logging_mixin.py:190} INFO - [2024-10-04T10:26:39.449+0100] {dag.py:4180} INFO - Setting next_dagrun for example_skip_dag to 2024-10-03 00:00:00+00:00, run_after=2024-10-04 00:00:00+00:00
[2024-10-04T10:26:39.454+0100] {processor.py:208} INFO - Processing /opt/miniconda3/envs/airflow/lib/python3.8/site-packages/airflow/example_dags/example_skip_dag.py took 0.065 seconds
[2024-10-04T10:28:34.696+0100] {processor.py:186} INFO - Started process (PID=21443) to work on /opt/miniconda3/envs/airflow/lib/python3.8/site-packages/airflow/example_dags/example_skip_dag.py
[2024-10-04T10:28:34.696+0100] {processor.py:914} INFO - Processing file /opt/miniconda3/envs/airflow/lib/python3.8/site-packages/airflow/example_dags/example_skip_dag.py for tasks to queue
[2024-10-04T10:28:34.696+0100] {logging_mixin.py:190} INFO - [2024-10-04T10:28:34.696+0100] {dagbag.py:588} INFO - Filling up the DagBag from /opt/miniconda3/envs/airflow/lib/python3.8/site-packages/airflow/example_dags/example_skip_dag.py
[2024-10-04T10:28:34.715+0100] {processor.py:925} INFO - DAG(s) 'example_skip_dag' retrieved from /opt/miniconda3/envs/airflow/lib/python3.8/site-packages/airflow/example_dags/example_skip_dag.py
[2024-10-04T10:28:34.749+0100] {logging_mixin.py:190} INFO - [2024-10-04T10:28:34.748+0100] {dag.py:3239} INFO - Sync 1 DAGs
[2024-10-04T10:28:34.755+0100] {logging_mixin.py:190} INFO - [2024-10-04T10:28:34.755+0100] {dag.py:4180} INFO - Setting next_dagrun for example_skip_dag to 2024-10-03 00:00:00+00:00, run_after=2024-10-04 00:00:00+00:00
[2024-10-04T10:28:34.760+0100] {processor.py:208} INFO - Processing /opt/miniconda3/envs/airflow/lib/python3.8/site-packages/airflow/example_dags/example_skip_dag.py took 0.066 seconds
[2024-10-04T10:30:27.599+0100] {processor.py:186} INFO - Started process (PID=21632) to work on /opt/miniconda3/envs/airflow/lib/python3.8/site-packages/airflow/example_dags/example_skip_dag.py
[2024-10-04T10:30:27.600+0100] {processor.py:914} INFO - Processing file /opt/miniconda3/envs/airflow/lib/python3.8/site-packages/airflow/example_dags/example_skip_dag.py for tasks to queue
[2024-10-04T10:30:27.600+0100] {logging_mixin.py:190} INFO - [2024-10-04T10:30:27.600+0100] {dagbag.py:588} INFO - Filling up the DagBag from /opt/miniconda3/envs/airflow/lib/python3.8/site-packages/airflow/example_dags/example_skip_dag.py
[2024-10-04T10:30:27.620+0100] {processor.py:925} INFO - DAG(s) 'example_skip_dag' retrieved from /opt/miniconda3/envs/airflow/lib/python3.8/site-packages/airflow/example_dags/example_skip_dag.py
[2024-10-04T10:30:27.653+0100] {logging_mixin.py:190} INFO - [2024-10-04T10:30:27.653+0100] {dag.py:3239} INFO - Sync 1 DAGs
[2024-10-04T10:30:27.658+0100] {logging_mixin.py:190} INFO - [2024-10-04T10:30:27.658+0100] {dag.py:4180} INFO - Setting next_dagrun for example_skip_dag to 2024-10-03 00:00:00+00:00, run_after=2024-10-04 00:00:00+00:00
[2024-10-04T10:30:27.664+0100] {processor.py:208} INFO - Processing /opt/miniconda3/envs/airflow/lib/python3.8/site-packages/airflow/example_dags/example_skip_dag.py took 0.066 seconds
[2024-10-04T10:32:25.421+0100] {processor.py:186} INFO - Started process (PID=21800) to work on /opt/miniconda3/envs/airflow/lib/python3.8/site-packages/airflow/example_dags/example_skip_dag.py
[2024-10-04T10:32:25.421+0100] {processor.py:914} INFO - Processing file /opt/miniconda3/envs/airflow/lib/python3.8/site-packages/airflow/example_dags/example_skip_dag.py for tasks to queue
[2024-10-04T10:32:25.421+0100] {logging_mixin.py:190} INFO - [2024-10-04T10:32:25.421+0100] {dagbag.py:588} INFO - Filling up the DagBag from /opt/miniconda3/envs/airflow/lib/python3.8/site-packages/airflow/example_dags/example_skip_dag.py
[2024-10-04T10:32:25.441+0100] {processor.py:925} INFO - DAG(s) 'example_skip_dag' retrieved from /opt/miniconda3/envs/airflow/lib/python3.8/site-packages/airflow/example_dags/example_skip_dag.py
[2024-10-04T10:32:25.474+0100] {logging_mixin.py:190} INFO - [2024-10-04T10:32:25.474+0100] {dag.py:3239} INFO - Sync 1 DAGs
[2024-10-04T10:32:25.479+0100] {logging_mixin.py:190} INFO - [2024-10-04T10:32:25.479+0100] {dag.py:4180} INFO - Setting next_dagrun for example_skip_dag to 2024-10-03 00:00:00+00:00, run_after=2024-10-04 00:00:00+00:00
[2024-10-04T10:32:25.485+0100] {processor.py:208} INFO - Processing /opt/miniconda3/envs/airflow/lib/python3.8/site-packages/airflow/example_dags/example_skip_dag.py took 0.065 seconds
[2024-10-04T10:34:32.079+0100] {processor.py:186} INFO - Started process (PID=21968) to work on /opt/miniconda3/envs/airflow/lib/python3.8/site-packages/airflow/example_dags/example_skip_dag.py
[2024-10-04T10:34:32.080+0100] {processor.py:914} INFO - Processing file /opt/miniconda3/envs/airflow/lib/python3.8/site-packages/airflow/example_dags/example_skip_dag.py for tasks to queue
[2024-10-04T10:34:32.080+0100] {logging_mixin.py:190} INFO - [2024-10-04T10:34:32.080+0100] {dagbag.py:588} INFO - Filling up the DagBag from /opt/miniconda3/envs/airflow/lib/python3.8/site-packages/airflow/example_dags/example_skip_dag.py
[2024-10-04T10:34:32.099+0100] {processor.py:925} INFO - DAG(s) 'example_skip_dag' retrieved from /opt/miniconda3/envs/airflow/lib/python3.8/site-packages/airflow/example_dags/example_skip_dag.py
[2024-10-04T10:34:32.132+0100] {logging_mixin.py:190} INFO - [2024-10-04T10:34:32.132+0100] {dag.py:3239} INFO - Sync 1 DAGs
[2024-10-04T10:34:32.138+0100] {logging_mixin.py:190} INFO - [2024-10-04T10:34:32.138+0100] {dag.py:4180} INFO - Setting next_dagrun for example_skip_dag to 2024-10-03 00:00:00+00:00, run_after=2024-10-04 00:00:00+00:00
[2024-10-04T10:34:32.143+0100] {processor.py:208} INFO - Processing /opt/miniconda3/envs/airflow/lib/python3.8/site-packages/airflow/example_dags/example_skip_dag.py took 0.065 seconds
[2024-10-04T10:35:39.638+0100] {processor.py:186} INFO - Started process (PID=22057) to work on /opt/miniconda3/envs/airflow/lib/python3.8/site-packages/airflow/example_dags/example_skip_dag.py
[2024-10-04T10:35:39.638+0100] {processor.py:914} INFO - Processing file /opt/miniconda3/envs/airflow/lib/python3.8/site-packages/airflow/example_dags/example_skip_dag.py for tasks to queue
[2024-10-04T10:35:39.638+0100] {logging_mixin.py:190} INFO - [2024-10-04T10:35:39.638+0100] {dagbag.py:588} INFO - Filling up the DagBag from /opt/miniconda3/envs/airflow/lib/python3.8/site-packages/airflow/example_dags/example_skip_dag.py
[2024-10-04T10:35:39.659+0100] {processor.py:925} INFO - DAG(s) 'example_skip_dag' retrieved from /opt/miniconda3/envs/airflow/lib/python3.8/site-packages/airflow/example_dags/example_skip_dag.py
[2024-10-04T10:35:39.693+0100] {logging_mixin.py:190} INFO - [2024-10-04T10:35:39.692+0100] {dag.py:3239} INFO - Sync 1 DAGs
[2024-10-04T10:35:39.698+0100] {logging_mixin.py:190} INFO - [2024-10-04T10:35:39.698+0100] {dag.py:4180} INFO - Setting next_dagrun for example_skip_dag to 2024-10-03 00:00:00+00:00, run_after=2024-10-04 00:00:00+00:00
[2024-10-04T10:35:39.703+0100] {processor.py:208} INFO - Processing /opt/miniconda3/envs/airflow/lib/python3.8/site-packages/airflow/example_dags/example_skip_dag.py took 0.067 seconds
[2024-10-04T10:36:46.384+0100] {processor.py:186} INFO - Started process (PID=22139) to work on /opt/miniconda3/envs/airflow/lib/python3.8/site-packages/airflow/example_dags/example_skip_dag.py
[2024-10-04T10:36:46.384+0100] {processor.py:914} INFO - Processing file /opt/miniconda3/envs/airflow/lib/python3.8/site-packages/airflow/example_dags/example_skip_dag.py for tasks to queue
[2024-10-04T10:36:46.384+0100] {logging_mixin.py:190} INFO - [2024-10-04T10:36:46.384+0100] {dagbag.py:588} INFO - Filling up the DagBag from /opt/miniconda3/envs/airflow/lib/python3.8/site-packages/airflow/example_dags/example_skip_dag.py
[2024-10-04T10:36:46.403+0100] {processor.py:925} INFO - DAG(s) 'example_skip_dag' retrieved from /opt/miniconda3/envs/airflow/lib/python3.8/site-packages/airflow/example_dags/example_skip_dag.py
[2024-10-04T10:36:46.436+0100] {logging_mixin.py:190} INFO - [2024-10-04T10:36:46.436+0100] {dag.py:3239} INFO - Sync 1 DAGs
[2024-10-04T10:36:46.441+0100] {logging_mixin.py:190} INFO - [2024-10-04T10:36:46.441+0100] {dag.py:4180} INFO - Setting next_dagrun for example_skip_dag to 2024-10-03 00:00:00+00:00, run_after=2024-10-04 00:00:00+00:00
[2024-10-04T10:36:46.447+0100] {processor.py:208} INFO - Processing /opt/miniconda3/envs/airflow/lib/python3.8/site-packages/airflow/example_dags/example_skip_dag.py took 0.065 seconds
[2024-10-04T10:37:53.873+0100] {processor.py:186} INFO - Started process (PID=22228) to work on /opt/miniconda3/envs/airflow/lib/python3.8/site-packages/airflow/example_dags/example_skip_dag.py
[2024-10-04T10:37:53.873+0100] {processor.py:914} INFO - Processing file /opt/miniconda3/envs/airflow/lib/python3.8/site-packages/airflow/example_dags/example_skip_dag.py for tasks to queue
[2024-10-04T10:37:53.874+0100] {logging_mixin.py:190} INFO - [2024-10-04T10:37:53.874+0100] {dagbag.py:588} INFO - Filling up the DagBag from /opt/miniconda3/envs/airflow/lib/python3.8/site-packages/airflow/example_dags/example_skip_dag.py
[2024-10-04T10:37:53.893+0100] {processor.py:925} INFO - DAG(s) 'example_skip_dag' retrieved from /opt/miniconda3/envs/airflow/lib/python3.8/site-packages/airflow/example_dags/example_skip_dag.py
[2024-10-04T10:37:53.926+0100] {logging_mixin.py:190} INFO - [2024-10-04T10:37:53.926+0100] {dag.py:3239} INFO - Sync 1 DAGs
[2024-10-04T10:37:53.932+0100] {logging_mixin.py:190} INFO - [2024-10-04T10:37:53.932+0100] {dag.py:4180} INFO - Setting next_dagrun for example_skip_dag to 2024-10-03 00:00:00+00:00, run_after=2024-10-04 00:00:00+00:00
[2024-10-04T10:37:53.937+0100] {processor.py:208} INFO - Processing /opt/miniconda3/envs/airflow/lib/python3.8/site-packages/airflow/example_dags/example_skip_dag.py took 0.066 seconds
