[2024-10-04T01:55:41.856+0100] {processor.py:186} INFO - Started process (PID=17449) to work on /opt/miniconda3/envs/airflow/lib/python3.8/site-packages/airflow/example_dags/example_branch_python_dop_operator_3.py
[2024-10-04T01:55:41.856+0100] {processor.py:914} INFO - Processing file /opt/miniconda3/envs/airflow/lib/python3.8/site-packages/airflow/example_dags/example_branch_python_dop_operator_3.py for tasks to queue
[2024-10-04T01:55:41.857+0100] {logging_mixin.py:190} INFO - [2024-10-04T01:55:41.857+0100] {dagbag.py:588} INFO - Filling up the DagBag from /opt/miniconda3/envs/airflow/lib/python3.8/site-packages/airflow/example_dags/example_branch_python_dop_operator_3.py
[2024-10-04T01:55:41.885+0100] {processor.py:925} INFO - DAG(s) 'example_branch_dop_operator_v3' retrieved from /opt/miniconda3/envs/airflow/lib/python3.8/site-packages/airflow/example_dags/example_branch_python_dop_operator_3.py
[2024-10-04T01:55:41.916+0100] {logging_mixin.py:190} INFO - [2024-10-04T01:55:41.916+0100] {dag.py:3239} INFO - Sync 1 DAGs
[2024-10-04T01:55:41.923+0100] {logging_mixin.py:190} INFO - [2024-10-04T01:55:41.923+0100] {dag.py:4180} INFO - Setting next_dagrun for example_branch_dop_operator_v3 to 2024-10-04 00:54:00+00:00, run_after=2024-10-04 00:55:00+00:00
[2024-10-04T01:55:41.929+0100] {processor.py:208} INFO - Processing /opt/miniconda3/envs/airflow/lib/python3.8/site-packages/airflow/example_dags/example_branch_python_dop_operator_3.py took 0.074 seconds
[2024-10-04T02:14:10.798+0100] {processor.py:186} INFO - Started process (PID=17612) to work on /opt/miniconda3/envs/airflow/lib/python3.8/site-packages/airflow/example_dags/example_branch_python_dop_operator_3.py
[2024-10-04T02:14:10.798+0100] {processor.py:914} INFO - Processing file /opt/miniconda3/envs/airflow/lib/python3.8/site-packages/airflow/example_dags/example_branch_python_dop_operator_3.py for tasks to queue
[2024-10-04T02:14:10.799+0100] {logging_mixin.py:190} INFO - [2024-10-04T02:14:10.799+0100] {dagbag.py:588} INFO - Filling up the DagBag from /opt/miniconda3/envs/airflow/lib/python3.8/site-packages/airflow/example_dags/example_branch_python_dop_operator_3.py
[2024-10-04T02:14:10.827+0100] {processor.py:925} INFO - DAG(s) 'example_branch_dop_operator_v3' retrieved from /opt/miniconda3/envs/airflow/lib/python3.8/site-packages/airflow/example_dags/example_branch_python_dop_operator_3.py
[2024-10-04T02:14:10.858+0100] {logging_mixin.py:190} INFO - [2024-10-04T02:14:10.858+0100] {dag.py:3239} INFO - Sync 1 DAGs
[2024-10-04T02:14:10.865+0100] {logging_mixin.py:190} INFO - [2024-10-04T02:14:10.865+0100] {dag.py:4180} INFO - Setting next_dagrun for example_branch_dop_operator_v3 to 2024-10-04 01:13:00+00:00, run_after=2024-10-04 01:14:00+00:00
[2024-10-04T02:14:10.871+0100] {processor.py:208} INFO - Processing /opt/miniconda3/envs/airflow/lib/python3.8/site-packages/airflow/example_dags/example_branch_python_dop_operator_3.py took 0.074 seconds
[2024-10-04T03:51:17.770+0100] {processor.py:186} INFO - Started process (PID=17757) to work on /opt/miniconda3/envs/airflow/lib/python3.8/site-packages/airflow/example_dags/example_branch_python_dop_operator_3.py
[2024-10-04T03:51:17.771+0100] {processor.py:914} INFO - Processing file /opt/miniconda3/envs/airflow/lib/python3.8/site-packages/airflow/example_dags/example_branch_python_dop_operator_3.py for tasks to queue
[2024-10-04T03:51:17.771+0100] {logging_mixin.py:190} INFO - [2024-10-04T03:51:17.771+0100] {dagbag.py:588} INFO - Filling up the DagBag from /opt/miniconda3/envs/airflow/lib/python3.8/site-packages/airflow/example_dags/example_branch_python_dop_operator_3.py
[2024-10-04T03:51:17.798+0100] {processor.py:925} INFO - DAG(s) 'example_branch_dop_operator_v3' retrieved from /opt/miniconda3/envs/airflow/lib/python3.8/site-packages/airflow/example_dags/example_branch_python_dop_operator_3.py
[2024-10-04T03:51:17.830+0100] {logging_mixin.py:190} INFO - [2024-10-04T03:51:17.830+0100] {dag.py:3239} INFO - Sync 1 DAGs
[2024-10-04T03:51:17.837+0100] {logging_mixin.py:190} INFO - [2024-10-04T03:51:17.837+0100] {dag.py:4180} INFO - Setting next_dagrun for example_branch_dop_operator_v3 to 2024-10-04 02:50:00+00:00, run_after=2024-10-04 02:51:00+00:00
[2024-10-04T03:51:17.842+0100] {processor.py:208} INFO - Processing /opt/miniconda3/envs/airflow/lib/python3.8/site-packages/airflow/example_dags/example_branch_python_dop_operator_3.py took 0.075 seconds
[2024-10-04T04:16:39.382+0100] {processor.py:186} INFO - Started process (PID=17932) to work on /opt/miniconda3/envs/airflow/lib/python3.8/site-packages/airflow/example_dags/example_branch_python_dop_operator_3.py
[2024-10-04T04:16:39.383+0100] {processor.py:914} INFO - Processing file /opt/miniconda3/envs/airflow/lib/python3.8/site-packages/airflow/example_dags/example_branch_python_dop_operator_3.py for tasks to queue
[2024-10-04T04:16:39.383+0100] {logging_mixin.py:190} INFO - [2024-10-04T04:16:39.383+0100] {dagbag.py:588} INFO - Filling up the DagBag from /opt/miniconda3/envs/airflow/lib/python3.8/site-packages/airflow/example_dags/example_branch_python_dop_operator_3.py
[2024-10-04T04:16:39.410+0100] {processor.py:925} INFO - DAG(s) 'example_branch_dop_operator_v3' retrieved from /opt/miniconda3/envs/airflow/lib/python3.8/site-packages/airflow/example_dags/example_branch_python_dop_operator_3.py
[2024-10-04T04:16:39.442+0100] {logging_mixin.py:190} INFO - [2024-10-04T04:16:39.442+0100] {dag.py:3239} INFO - Sync 1 DAGs
[2024-10-04T04:16:39.449+0100] {logging_mixin.py:190} INFO - [2024-10-04T04:16:39.449+0100] {dag.py:4180} INFO - Setting next_dagrun for example_branch_dop_operator_v3 to 2024-10-04 03:15:00+00:00, run_after=2024-10-04 03:16:00+00:00
[2024-10-04T04:16:39.455+0100] {processor.py:208} INFO - Processing /opt/miniconda3/envs/airflow/lib/python3.8/site-packages/airflow/example_dags/example_branch_python_dop_operator_3.py took 0.074 seconds
[2024-10-04T06:14:31.586+0100] {processor.py:186} INFO - Started process (PID=18082) to work on /opt/miniconda3/envs/airflow/lib/python3.8/site-packages/airflow/example_dags/example_branch_python_dop_operator_3.py
[2024-10-04T06:14:31.587+0100] {processor.py:914} INFO - Processing file /opt/miniconda3/envs/airflow/lib/python3.8/site-packages/airflow/example_dags/example_branch_python_dop_operator_3.py for tasks to queue
[2024-10-04T06:14:31.587+0100] {logging_mixin.py:190} INFO - [2024-10-04T06:14:31.587+0100] {dagbag.py:588} INFO - Filling up the DagBag from /opt/miniconda3/envs/airflow/lib/python3.8/site-packages/airflow/example_dags/example_branch_python_dop_operator_3.py
[2024-10-04T06:14:31.615+0100] {processor.py:925} INFO - DAG(s) 'example_branch_dop_operator_v3' retrieved from /opt/miniconda3/envs/airflow/lib/python3.8/site-packages/airflow/example_dags/example_branch_python_dop_operator_3.py
[2024-10-04T06:14:31.647+0100] {logging_mixin.py:190} INFO - [2024-10-04T06:14:31.647+0100] {dag.py:3239} INFO - Sync 1 DAGs
[2024-10-04T06:14:31.655+0100] {logging_mixin.py:190} INFO - [2024-10-04T06:14:31.655+0100] {dag.py:4180} INFO - Setting next_dagrun for example_branch_dop_operator_v3 to 2024-10-04 05:13:00+00:00, run_after=2024-10-04 05:14:00+00:00
[2024-10-04T06:14:31.660+0100] {processor.py:208} INFO - Processing /opt/miniconda3/envs/airflow/lib/python3.8/site-packages/airflow/example_dags/example_branch_python_dop_operator_3.py took 0.075 seconds
[2024-10-04T06:16:22.062+0100] {processor.py:186} INFO - Started process (PID=19903) to work on /opt/miniconda3/envs/airflow/lib/python3.8/site-packages/airflow/example_dags/example_branch_python_dop_operator_3.py
[2024-10-04T06:16:22.065+0100] {processor.py:914} INFO - Processing file /opt/miniconda3/envs/airflow/lib/python3.8/site-packages/airflow/example_dags/example_branch_python_dop_operator_3.py for tasks to queue
[2024-10-04T06:16:22.066+0100] {logging_mixin.py:190} INFO - [2024-10-04T06:16:22.066+0100] {dagbag.py:588} INFO - Filling up the DagBag from /opt/miniconda3/envs/airflow/lib/python3.8/site-packages/airflow/example_dags/example_branch_python_dop_operator_3.py
[2024-10-04T06:16:22.093+0100] {processor.py:925} INFO - DAG(s) 'example_branch_dop_operator_v3' retrieved from /opt/miniconda3/envs/airflow/lib/python3.8/site-packages/airflow/example_dags/example_branch_python_dop_operator_3.py
[2024-10-04T06:16:22.124+0100] {logging_mixin.py:190} INFO - [2024-10-04T06:16:22.124+0100] {dag.py:3239} INFO - Sync 1 DAGs
[2024-10-04T06:16:22.131+0100] {logging_mixin.py:190} INFO - [2024-10-04T06:16:22.131+0100] {dag.py:4180} INFO - Setting next_dagrun for example_branch_dop_operator_v3 to 2024-10-04 05:15:00+00:00, run_after=2024-10-04 05:16:00+00:00
[2024-10-04T06:16:22.137+0100] {processor.py:208} INFO - Processing /opt/miniconda3/envs/airflow/lib/python3.8/site-packages/airflow/example_dags/example_branch_python_dop_operator_3.py took 0.076 seconds
[2024-10-04T08:39:02.692+0100] {processor.py:186} INFO - Started process (PID=20147) to work on /opt/miniconda3/envs/airflow/lib/python3.8/site-packages/airflow/example_dags/example_branch_python_dop_operator_3.py
[2024-10-04T08:39:02.692+0100] {processor.py:914} INFO - Processing file /opt/miniconda3/envs/airflow/lib/python3.8/site-packages/airflow/example_dags/example_branch_python_dop_operator_3.py for tasks to queue
[2024-10-04T08:39:02.693+0100] {logging_mixin.py:190} INFO - [2024-10-04T08:39:02.693+0100] {dagbag.py:588} INFO - Filling up the DagBag from /opt/miniconda3/envs/airflow/lib/python3.8/site-packages/airflow/example_dags/example_branch_python_dop_operator_3.py
[2024-10-04T08:39:02.721+0100] {processor.py:925} INFO - DAG(s) 'example_branch_dop_operator_v3' retrieved from /opt/miniconda3/envs/airflow/lib/python3.8/site-packages/airflow/example_dags/example_branch_python_dop_operator_3.py
[2024-10-04T08:39:02.752+0100] {logging_mixin.py:190} INFO - [2024-10-04T08:39:02.752+0100] {dag.py:3239} INFO - Sync 1 DAGs
[2024-10-04T08:39:02.759+0100] {logging_mixin.py:190} INFO - [2024-10-04T08:39:02.759+0100] {dag.py:4180} INFO - Setting next_dagrun for example_branch_dop_operator_v3 to 2024-10-04 07:38:00+00:00, run_after=2024-10-04 07:39:00+00:00
[2024-10-04T08:39:02.764+0100] {processor.py:208} INFO - Processing /opt/miniconda3/envs/airflow/lib/python3.8/site-packages/airflow/example_dags/example_branch_python_dop_operator_3.py took 0.074 seconds
[2024-10-04T08:40:53.541+0100] {processor.py:186} INFO - Started process (PID=20303) to work on /opt/miniconda3/envs/airflow/lib/python3.8/site-packages/airflow/example_dags/example_branch_python_dop_operator_3.py
[2024-10-04T08:40:53.542+0100] {processor.py:914} INFO - Processing file /opt/miniconda3/envs/airflow/lib/python3.8/site-packages/airflow/example_dags/example_branch_python_dop_operator_3.py for tasks to queue
[2024-10-04T08:40:53.542+0100] {logging_mixin.py:190} INFO - [2024-10-04T08:40:53.542+0100] {dagbag.py:588} INFO - Filling up the DagBag from /opt/miniconda3/envs/airflow/lib/python3.8/site-packages/airflow/example_dags/example_branch_python_dop_operator_3.py
[2024-10-04T08:40:53.569+0100] {processor.py:925} INFO - DAG(s) 'example_branch_dop_operator_v3' retrieved from /opt/miniconda3/envs/airflow/lib/python3.8/site-packages/airflow/example_dags/example_branch_python_dop_operator_3.py
[2024-10-04T08:40:53.601+0100] {logging_mixin.py:190} INFO - [2024-10-04T08:40:53.601+0100] {dag.py:3239} INFO - Sync 1 DAGs
[2024-10-04T08:40:53.608+0100] {logging_mixin.py:190} INFO - [2024-10-04T08:40:53.608+0100] {dag.py:4180} INFO - Setting next_dagrun for example_branch_dop_operator_v3 to 2024-10-04 07:39:00+00:00, run_after=2024-10-04 07:40:00+00:00
[2024-10-04T08:40:53.613+0100] {processor.py:208} INFO - Processing /opt/miniconda3/envs/airflow/lib/python3.8/site-packages/airflow/example_dags/example_branch_python_dop_operator_3.py took 0.073 seconds
[2024-10-04T09:41:43.962+0100] {processor.py:186} INFO - Started process (PID=20550) to work on /opt/miniconda3/envs/airflow/lib/python3.8/site-packages/airflow/example_dags/example_branch_python_dop_operator_3.py
[2024-10-04T09:41:43.963+0100] {processor.py:914} INFO - Processing file /opt/miniconda3/envs/airflow/lib/python3.8/site-packages/airflow/example_dags/example_branch_python_dop_operator_3.py for tasks to queue
[2024-10-04T09:41:43.963+0100] {logging_mixin.py:190} INFO - [2024-10-04T09:41:43.963+0100] {dagbag.py:588} INFO - Filling up the DagBag from /opt/miniconda3/envs/airflow/lib/python3.8/site-packages/airflow/example_dags/example_branch_python_dop_operator_3.py
[2024-10-04T09:41:43.991+0100] {processor.py:925} INFO - DAG(s) 'example_branch_dop_operator_v3' retrieved from /opt/miniconda3/envs/airflow/lib/python3.8/site-packages/airflow/example_dags/example_branch_python_dop_operator_3.py
[2024-10-04T09:41:44.022+0100] {logging_mixin.py:190} INFO - [2024-10-04T09:41:44.022+0100] {dag.py:3239} INFO - Sync 1 DAGs
[2024-10-04T09:41:44.030+0100] {logging_mixin.py:190} INFO - [2024-10-04T09:41:44.030+0100] {dag.py:4180} INFO - Setting next_dagrun for example_branch_dop_operator_v3 to 2024-10-04 08:40:00+00:00, run_after=2024-10-04 08:41:00+00:00
[2024-10-04T09:41:44.035+0100] {processor.py:208} INFO - Processing /opt/miniconda3/envs/airflow/lib/python3.8/site-packages/airflow/example_dags/example_branch_python_dop_operator_3.py took 0.075 seconds
[2024-10-04T09:43:37.099+0100] {processor.py:186} INFO - Started process (PID=20698) to work on /opt/miniconda3/envs/airflow/lib/python3.8/site-packages/airflow/example_dags/example_branch_python_dop_operator_3.py
[2024-10-04T09:43:37.099+0100] {processor.py:914} INFO - Processing file /opt/miniconda3/envs/airflow/lib/python3.8/site-packages/airflow/example_dags/example_branch_python_dop_operator_3.py for tasks to queue
[2024-10-04T09:43:37.100+0100] {logging_mixin.py:190} INFO - [2024-10-04T09:43:37.099+0100] {dagbag.py:588} INFO - Filling up the DagBag from /opt/miniconda3/envs/airflow/lib/python3.8/site-packages/airflow/example_dags/example_branch_python_dop_operator_3.py
[2024-10-04T09:43:37.127+0100] {processor.py:925} INFO - DAG(s) 'example_branch_dop_operator_v3' retrieved from /opt/miniconda3/envs/airflow/lib/python3.8/site-packages/airflow/example_dags/example_branch_python_dop_operator_3.py
[2024-10-04T09:43:37.158+0100] {logging_mixin.py:190} INFO - [2024-10-04T09:43:37.158+0100] {dag.py:3239} INFO - Sync 1 DAGs
[2024-10-04T09:43:37.165+0100] {logging_mixin.py:190} INFO - [2024-10-04T09:43:37.165+0100] {dag.py:4180} INFO - Setting next_dagrun for example_branch_dop_operator_v3 to 2024-10-04 08:42:00+00:00, run_after=2024-10-04 08:43:00+00:00
[2024-10-04T09:43:37.170+0100] {processor.py:208} INFO - Processing /opt/miniconda3/envs/airflow/lib/python3.8/site-packages/airflow/example_dags/example_branch_python_dop_operator_3.py took 0.073 seconds
[2024-10-04T10:20:41.052+0100] {processor.py:186} INFO - Started process (PID=20902) to work on /opt/miniconda3/envs/airflow/lib/python3.8/site-packages/airflow/example_dags/example_branch_python_dop_operator_3.py
[2024-10-04T10:20:41.053+0100] {processor.py:914} INFO - Processing file /opt/miniconda3/envs/airflow/lib/python3.8/site-packages/airflow/example_dags/example_branch_python_dop_operator_3.py for tasks to queue
[2024-10-04T10:20:41.053+0100] {logging_mixin.py:190} INFO - [2024-10-04T10:20:41.053+0100] {dagbag.py:588} INFO - Filling up the DagBag from /opt/miniconda3/envs/airflow/lib/python3.8/site-packages/airflow/example_dags/example_branch_python_dop_operator_3.py
[2024-10-04T10:20:41.081+0100] {processor.py:925} INFO - DAG(s) 'example_branch_dop_operator_v3' retrieved from /opt/miniconda3/envs/airflow/lib/python3.8/site-packages/airflow/example_dags/example_branch_python_dop_operator_3.py
[2024-10-04T10:20:41.113+0100] {logging_mixin.py:190} INFO - [2024-10-04T10:20:41.113+0100] {dag.py:3239} INFO - Sync 1 DAGs
[2024-10-04T10:20:41.120+0100] {logging_mixin.py:190} INFO - [2024-10-04T10:20:41.120+0100] {dag.py:4180} INFO - Setting next_dagrun for example_branch_dop_operator_v3 to 2024-10-04 09:19:00+00:00, run_after=2024-10-04 09:20:00+00:00
[2024-10-04T10:20:41.125+0100] {processor.py:208} INFO - Processing /opt/miniconda3/envs/airflow/lib/python3.8/site-packages/airflow/example_dags/example_branch_python_dop_operator_3.py took 0.075 seconds
[2024-10-04T10:22:43.417+0100] {processor.py:186} INFO - Started process (PID=21062) to work on /opt/miniconda3/envs/airflow/lib/python3.8/site-packages/airflow/example_dags/example_branch_python_dop_operator_3.py
[2024-10-04T10:22:43.417+0100] {processor.py:914} INFO - Processing file /opt/miniconda3/envs/airflow/lib/python3.8/site-packages/airflow/example_dags/example_branch_python_dop_operator_3.py for tasks to queue
[2024-10-04T10:22:43.417+0100] {logging_mixin.py:190} INFO - [2024-10-04T10:22:43.417+0100] {dagbag.py:588} INFO - Filling up the DagBag from /opt/miniconda3/envs/airflow/lib/python3.8/site-packages/airflow/example_dags/example_branch_python_dop_operator_3.py
[2024-10-04T10:22:43.446+0100] {processor.py:925} INFO - DAG(s) 'example_branch_dop_operator_v3' retrieved from /opt/miniconda3/envs/airflow/lib/python3.8/site-packages/airflow/example_dags/example_branch_python_dop_operator_3.py
[2024-10-04T10:22:43.477+0100] {logging_mixin.py:190} INFO - [2024-10-04T10:22:43.477+0100] {dag.py:3239} INFO - Sync 1 DAGs
[2024-10-04T10:22:43.484+0100] {logging_mixin.py:190} INFO - [2024-10-04T10:22:43.484+0100] {dag.py:4180} INFO - Setting next_dagrun for example_branch_dop_operator_v3 to 2024-10-04 09:21:00+00:00, run_after=2024-10-04 09:22:00+00:00
[2024-10-04T10:22:43.495+0100] {processor.py:208} INFO - Processing /opt/miniconda3/envs/airflow/lib/python3.8/site-packages/airflow/example_dags/example_branch_python_dop_operator_3.py took 0.080 seconds
[2024-10-04T10:25:58.950+0100] {processor.py:186} INFO - Started process (PID=21231) to work on /opt/miniconda3/envs/airflow/lib/python3.8/site-packages/airflow/example_dags/example_branch_python_dop_operator_3.py
[2024-10-04T10:25:58.951+0100] {processor.py:914} INFO - Processing file /opt/miniconda3/envs/airflow/lib/python3.8/site-packages/airflow/example_dags/example_branch_python_dop_operator_3.py for tasks to queue
[2024-10-04T10:25:58.951+0100] {logging_mixin.py:190} INFO - [2024-10-04T10:25:58.951+0100] {dagbag.py:588} INFO - Filling up the DagBag from /opt/miniconda3/envs/airflow/lib/python3.8/site-packages/airflow/example_dags/example_branch_python_dop_operator_3.py
[2024-10-04T10:25:58.979+0100] {processor.py:925} INFO - DAG(s) 'example_branch_dop_operator_v3' retrieved from /opt/miniconda3/envs/airflow/lib/python3.8/site-packages/airflow/example_dags/example_branch_python_dop_operator_3.py
[2024-10-04T10:25:59.011+0100] {logging_mixin.py:190} INFO - [2024-10-04T10:25:59.010+0100] {dag.py:3239} INFO - Sync 1 DAGs
[2024-10-04T10:25:59.018+0100] {logging_mixin.py:190} INFO - [2024-10-04T10:25:59.018+0100] {dag.py:4180} INFO - Setting next_dagrun for example_branch_dop_operator_v3 to 2024-10-04 09:24:00+00:00, run_after=2024-10-04 09:25:00+00:00
[2024-10-04T10:25:59.023+0100] {processor.py:208} INFO - Processing /opt/miniconda3/envs/airflow/lib/python3.8/site-packages/airflow/example_dags/example_branch_python_dop_operator_3.py took 0.075 seconds
[2024-10-04T10:27:52.018+0100] {processor.py:186} INFO - Started process (PID=21385) to work on /opt/miniconda3/envs/airflow/lib/python3.8/site-packages/airflow/example_dags/example_branch_python_dop_operator_3.py
[2024-10-04T10:27:52.020+0100] {processor.py:914} INFO - Processing file /opt/miniconda3/envs/airflow/lib/python3.8/site-packages/airflow/example_dags/example_branch_python_dop_operator_3.py for tasks to queue
[2024-10-04T10:27:52.020+0100] {logging_mixin.py:190} INFO - [2024-10-04T10:27:52.020+0100] {dagbag.py:588} INFO - Filling up the DagBag from /opt/miniconda3/envs/airflow/lib/python3.8/site-packages/airflow/example_dags/example_branch_python_dop_operator_3.py
[2024-10-04T10:27:52.048+0100] {processor.py:925} INFO - DAG(s) 'example_branch_dop_operator_v3' retrieved from /opt/miniconda3/envs/airflow/lib/python3.8/site-packages/airflow/example_dags/example_branch_python_dop_operator_3.py
[2024-10-04T10:27:52.079+0100] {logging_mixin.py:190} INFO - [2024-10-04T10:27:52.079+0100] {dag.py:3239} INFO - Sync 1 DAGs
[2024-10-04T10:27:52.087+0100] {logging_mixin.py:190} INFO - [2024-10-04T10:27:52.087+0100] {dag.py:4180} INFO - Setting next_dagrun for example_branch_dop_operator_v3 to 2024-10-04 09:26:00+00:00, run_after=2024-10-04 09:27:00+00:00
[2024-10-04T10:27:52.092+0100] {processor.py:208} INFO - Processing /opt/miniconda3/envs/airflow/lib/python3.8/site-packages/airflow/example_dags/example_branch_python_dop_operator_3.py took 0.075 seconds
[2024-10-04T10:29:46.550+0100] {processor.py:186} INFO - Started process (PID=21570) to work on /opt/miniconda3/envs/airflow/lib/python3.8/site-packages/airflow/example_dags/example_branch_python_dop_operator_3.py
[2024-10-04T10:29:46.551+0100] {processor.py:914} INFO - Processing file /opt/miniconda3/envs/airflow/lib/python3.8/site-packages/airflow/example_dags/example_branch_python_dop_operator_3.py for tasks to queue
[2024-10-04T10:29:46.552+0100] {logging_mixin.py:190} INFO - [2024-10-04T10:29:46.552+0100] {dagbag.py:588} INFO - Filling up the DagBag from /opt/miniconda3/envs/airflow/lib/python3.8/site-packages/airflow/example_dags/example_branch_python_dop_operator_3.py
[2024-10-04T10:29:46.592+0100] {processor.py:925} INFO - DAG(s) 'example_branch_dop_operator_v3' retrieved from /opt/miniconda3/envs/airflow/lib/python3.8/site-packages/airflow/example_dags/example_branch_python_dop_operator_3.py
[2024-10-04T10:29:46.631+0100] {logging_mixin.py:190} INFO - [2024-10-04T10:29:46.630+0100] {dag.py:3239} INFO - Sync 1 DAGs
[2024-10-04T10:29:46.638+0100] {logging_mixin.py:190} INFO - [2024-10-04T10:29:46.638+0100] {dag.py:4180} INFO - Setting next_dagrun for example_branch_dop_operator_v3 to 2024-10-04 09:28:00+00:00, run_after=2024-10-04 09:29:00+00:00
[2024-10-04T10:29:46.644+0100] {processor.py:208} INFO - Processing /opt/miniconda3/envs/airflow/lib/python3.8/site-packages/airflow/example_dags/example_branch_python_dop_operator_3.py took 0.097 seconds
[2024-10-04T10:31:41.829+0100] {processor.py:186} INFO - Started process (PID=21740) to work on /opt/miniconda3/envs/airflow/lib/python3.8/site-packages/airflow/example_dags/example_branch_python_dop_operator_3.py
[2024-10-04T10:31:41.829+0100] {processor.py:914} INFO - Processing file /opt/miniconda3/envs/airflow/lib/python3.8/site-packages/airflow/example_dags/example_branch_python_dop_operator_3.py for tasks to queue
[2024-10-04T10:31:41.829+0100] {logging_mixin.py:190} INFO - [2024-10-04T10:31:41.829+0100] {dagbag.py:588} INFO - Filling up the DagBag from /opt/miniconda3/envs/airflow/lib/python3.8/site-packages/airflow/example_dags/example_branch_python_dop_operator_3.py
[2024-10-04T10:31:41.858+0100] {processor.py:925} INFO - DAG(s) 'example_branch_dop_operator_v3' retrieved from /opt/miniconda3/envs/airflow/lib/python3.8/site-packages/airflow/example_dags/example_branch_python_dop_operator_3.py
[2024-10-04T10:31:41.889+0100] {logging_mixin.py:190} INFO - [2024-10-04T10:31:41.889+0100] {dag.py:3239} INFO - Sync 1 DAGs
[2024-10-04T10:31:41.896+0100] {logging_mixin.py:190} INFO - [2024-10-04T10:31:41.896+0100] {dag.py:4180} INFO - Setting next_dagrun for example_branch_dop_operator_v3 to 2024-10-04 09:30:00+00:00, run_after=2024-10-04 09:31:00+00:00
[2024-10-04T10:31:41.902+0100] {processor.py:208} INFO - Processing /opt/miniconda3/envs/airflow/lib/python3.8/site-packages/airflow/example_dags/example_branch_python_dop_operator_3.py took 0.075 seconds
[2024-10-04T10:33:45.867+0100] {processor.py:186} INFO - Started process (PID=21910) to work on /opt/miniconda3/envs/airflow/lib/python3.8/site-packages/airflow/example_dags/example_branch_python_dop_operator_3.py
[2024-10-04T10:33:45.867+0100] {processor.py:914} INFO - Processing file /opt/miniconda3/envs/airflow/lib/python3.8/site-packages/airflow/example_dags/example_branch_python_dop_operator_3.py for tasks to queue
[2024-10-04T10:33:45.868+0100] {logging_mixin.py:190} INFO - [2024-10-04T10:33:45.867+0100] {dagbag.py:588} INFO - Filling up the DagBag from /opt/miniconda3/envs/airflow/lib/python3.8/site-packages/airflow/example_dags/example_branch_python_dop_operator_3.py
[2024-10-04T10:33:45.896+0100] {processor.py:925} INFO - DAG(s) 'example_branch_dop_operator_v3' retrieved from /opt/miniconda3/envs/airflow/lib/python3.8/site-packages/airflow/example_dags/example_branch_python_dop_operator_3.py
[2024-10-04T10:33:45.927+0100] {logging_mixin.py:190} INFO - [2024-10-04T10:33:45.927+0100] {dag.py:3239} INFO - Sync 1 DAGs
[2024-10-04T10:33:45.934+0100] {logging_mixin.py:190} INFO - [2024-10-04T10:33:45.934+0100] {dag.py:4180} INFO - Setting next_dagrun for example_branch_dop_operator_v3 to 2024-10-04 09:32:00+00:00, run_after=2024-10-04 09:33:00+00:00
[2024-10-04T10:33:45.940+0100] {processor.py:208} INFO - Processing /opt/miniconda3/envs/airflow/lib/python3.8/site-packages/airflow/example_dags/example_branch_python_dop_operator_3.py took 0.074 seconds
[2024-10-04T10:36:00.386+0100] {processor.py:186} INFO - Started process (PID=22082) to work on /opt/miniconda3/envs/airflow/lib/python3.8/site-packages/airflow/example_dags/example_branch_python_dop_operator_3.py
[2024-10-04T10:36:00.387+0100] {processor.py:914} INFO - Processing file /opt/miniconda3/envs/airflow/lib/python3.8/site-packages/airflow/example_dags/example_branch_python_dop_operator_3.py for tasks to queue
[2024-10-04T10:36:00.387+0100] {logging_mixin.py:190} INFO - [2024-10-04T10:36:00.387+0100] {dagbag.py:588} INFO - Filling up the DagBag from /opt/miniconda3/envs/airflow/lib/python3.8/site-packages/airflow/example_dags/example_branch_python_dop_operator_3.py
[2024-10-04T10:36:00.415+0100] {processor.py:925} INFO - DAG(s) 'example_branch_dop_operator_v3' retrieved from /opt/miniconda3/envs/airflow/lib/python3.8/site-packages/airflow/example_dags/example_branch_python_dop_operator_3.py
[2024-10-04T10:36:00.447+0100] {logging_mixin.py:190} INFO - [2024-10-04T10:36:00.446+0100] {dag.py:3239} INFO - Sync 1 DAGs
[2024-10-04T10:36:00.454+0100] {logging_mixin.py:190} INFO - [2024-10-04T10:36:00.454+0100] {dag.py:4180} INFO - Setting next_dagrun for example_branch_dop_operator_v3 to 2024-10-04 09:35:00+00:00, run_after=2024-10-04 09:36:00+00:00
[2024-10-04T10:36:00.459+0100] {processor.py:208} INFO - Processing /opt/miniconda3/envs/airflow/lib/python3.8/site-packages/airflow/example_dags/example_branch_python_dop_operator_3.py took 0.074 seconds
[2024-10-04T10:38:14.789+0100] {processor.py:186} INFO - Started process (PID=22274) to work on /opt/miniconda3/envs/airflow/lib/python3.8/site-packages/airflow/example_dags/example_branch_python_dop_operator_3.py
[2024-10-04T10:38:14.790+0100] {processor.py:914} INFO - Processing file /opt/miniconda3/envs/airflow/lib/python3.8/site-packages/airflow/example_dags/example_branch_python_dop_operator_3.py for tasks to queue
[2024-10-04T10:38:14.791+0100] {logging_mixin.py:190} INFO - [2024-10-04T10:38:14.790+0100] {dagbag.py:588} INFO - Filling up the DagBag from /opt/miniconda3/envs/airflow/lib/python3.8/site-packages/airflow/example_dags/example_branch_python_dop_operator_3.py
[2024-10-04T10:38:14.818+0100] {processor.py:925} INFO - DAG(s) 'example_branch_dop_operator_v3' retrieved from /opt/miniconda3/envs/airflow/lib/python3.8/site-packages/airflow/example_dags/example_branch_python_dop_operator_3.py
[2024-10-04T10:38:14.850+0100] {logging_mixin.py:190} INFO - [2024-10-04T10:38:14.850+0100] {dag.py:3239} INFO - Sync 1 DAGs
[2024-10-04T10:38:14.858+0100] {logging_mixin.py:190} INFO - [2024-10-04T10:38:14.858+0100] {dag.py:4180} INFO - Setting next_dagrun for example_branch_dop_operator_v3 to 2024-10-04 09:37:00+00:00, run_after=2024-10-04 09:38:00+00:00
[2024-10-04T10:38:14.863+0100] {processor.py:208} INFO - Processing /opt/miniconda3/envs/airflow/lib/python3.8/site-packages/airflow/example_dags/example_branch_python_dop_operator_3.py took 0.076 seconds
