[2024-10-04T01:55:14.637+0100] {processor.py:186} INFO - Started process (PID=17416) to work on /opt/miniconda3/envs/airflow/lib/python3.8/site-packages/airflow/example_dags/example_outlet_event_extra.py
[2024-10-04T01:55:14.637+0100] {processor.py:914} INFO - Processing file /opt/miniconda3/envs/airflow/lib/python3.8/site-packages/airflow/example_dags/example_outlet_event_extra.py for tasks to queue
[2024-10-04T01:55:14.637+0100] {logging_mixin.py:190} INFO - [2024-10-04T01:55:14.637+0100] {dagbag.py:588} INFO - Filling up the DagBag from /opt/miniconda3/envs/airflow/lib/python3.8/site-packages/airflow/example_dags/example_outlet_event_extra.py
[2024-10-04T01:55:14.686+0100] {processor.py:925} INFO - DAG(s) 'dataset_with_extra_from_classic_operator', 'dataset_with_extra_by_context', 'dataset_with_extra_by_yield' retrieved from /opt/miniconda3/envs/airflow/lib/python3.8/site-packages/airflow/example_dags/example_outlet_event_extra.py
[2024-10-04T01:55:14.719+0100] {logging_mixin.py:190} INFO - [2024-10-04T01:55:14.719+0100] {dag.py:3239} INFO - Sync 3 DAGs
[2024-10-04T01:55:14.725+0100] {logging_mixin.py:190} INFO - [2024-10-04T01:55:14.725+0100] {dag.py:4180} INFO - Setting next_dagrun for dataset_with_extra_by_context to 2024-10-03 00:00:00+00:00, run_after=2024-10-04 00:00:00+00:00
[2024-10-04T01:55:14.726+0100] {logging_mixin.py:190} INFO - [2024-10-04T01:55:14.726+0100] {dag.py:4180} INFO - Setting next_dagrun for dataset_with_extra_by_yield to 2024-10-03 00:00:00+00:00, run_after=2024-10-04 00:00:00+00:00
[2024-10-04T01:55:14.727+0100] {logging_mixin.py:190} INFO - [2024-10-04T01:55:14.727+0100] {dag.py:4180} INFO - Setting next_dagrun for dataset_with_extra_from_classic_operator to 2024-10-03 00:00:00+00:00, run_after=2024-10-04 00:00:00+00:00
[2024-10-04T01:55:14.732+0100] {processor.py:208} INFO - Processing /opt/miniconda3/envs/airflow/lib/python3.8/site-packages/airflow/example_dags/example_outlet_event_extra.py took 0.097 seconds
[2024-10-04T01:56:45.327+0100] {processor.py:186} INFO - Started process (PID=17528) to work on /opt/miniconda3/envs/airflow/lib/python3.8/site-packages/airflow/example_dags/example_outlet_event_extra.py
[2024-10-04T01:56:45.327+0100] {processor.py:914} INFO - Processing file /opt/miniconda3/envs/airflow/lib/python3.8/site-packages/airflow/example_dags/example_outlet_event_extra.py for tasks to queue
[2024-10-04T01:56:45.327+0100] {logging_mixin.py:190} INFO - [2024-10-04T01:56:45.327+0100] {dagbag.py:588} INFO - Filling up the DagBag from /opt/miniconda3/envs/airflow/lib/python3.8/site-packages/airflow/example_dags/example_outlet_event_extra.py
[2024-10-04T01:56:45.368+0100] {processor.py:925} INFO - DAG(s) 'dataset_with_extra_by_context', 'dataset_with_extra_by_yield', 'dataset_with_extra_from_classic_operator' retrieved from /opt/miniconda3/envs/airflow/lib/python3.8/site-packages/airflow/example_dags/example_outlet_event_extra.py
[2024-10-04T01:56:45.401+0100] {logging_mixin.py:190} INFO - [2024-10-04T01:56:45.401+0100] {dag.py:3239} INFO - Sync 3 DAGs
[2024-10-04T01:56:45.406+0100] {logging_mixin.py:190} INFO - [2024-10-04T01:56:45.406+0100] {dag.py:4180} INFO - Setting next_dagrun for dataset_with_extra_by_context to 2024-10-03 00:00:00+00:00, run_after=2024-10-04 00:00:00+00:00
[2024-10-04T01:56:45.408+0100] {logging_mixin.py:190} INFO - [2024-10-04T01:56:45.408+0100] {dag.py:4180} INFO - Setting next_dagrun for dataset_with_extra_by_yield to 2024-10-03 00:00:00+00:00, run_after=2024-10-04 00:00:00+00:00
[2024-10-04T01:56:45.408+0100] {logging_mixin.py:190} INFO - [2024-10-04T01:56:45.408+0100] {dag.py:4180} INFO - Setting next_dagrun for dataset_with_extra_from_classic_operator to 2024-10-03 00:00:00+00:00, run_after=2024-10-04 00:00:00+00:00
[2024-10-04T01:56:45.414+0100] {processor.py:208} INFO - Processing /opt/miniconda3/envs/airflow/lib/python3.8/site-packages/airflow/example_dags/example_outlet_event_extra.py took 0.089 seconds
[2024-10-04T03:50:51.795+0100] {processor.py:186} INFO - Started process (PID=17723) to work on /opt/miniconda3/envs/airflow/lib/python3.8/site-packages/airflow/example_dags/example_outlet_event_extra.py
[2024-10-04T03:50:51.795+0100] {processor.py:914} INFO - Processing file /opt/miniconda3/envs/airflow/lib/python3.8/site-packages/airflow/example_dags/example_outlet_event_extra.py for tasks to queue
[2024-10-04T03:50:51.795+0100] {logging_mixin.py:190} INFO - [2024-10-04T03:50:51.795+0100] {dagbag.py:588} INFO - Filling up the DagBag from /opt/miniconda3/envs/airflow/lib/python3.8/site-packages/airflow/example_dags/example_outlet_event_extra.py
[2024-10-04T03:50:51.841+0100] {processor.py:925} INFO - DAG(s) 'dataset_with_extra_by_yield', 'dataset_with_extra_by_context', 'dataset_with_extra_from_classic_operator' retrieved from /opt/miniconda3/envs/airflow/lib/python3.8/site-packages/airflow/example_dags/example_outlet_event_extra.py
[2024-10-04T03:50:51.874+0100] {logging_mixin.py:190} INFO - [2024-10-04T03:50:51.874+0100] {dag.py:3239} INFO - Sync 3 DAGs
[2024-10-04T03:50:51.880+0100] {logging_mixin.py:190} INFO - [2024-10-04T03:50:51.880+0100] {dag.py:4180} INFO - Setting next_dagrun for dataset_with_extra_by_context to 2024-10-03 00:00:00+00:00, run_after=2024-10-04 00:00:00+00:00
[2024-10-04T03:50:51.881+0100] {logging_mixin.py:190} INFO - [2024-10-04T03:50:51.881+0100] {dag.py:4180} INFO - Setting next_dagrun for dataset_with_extra_by_yield to 2024-10-03 00:00:00+00:00, run_after=2024-10-04 00:00:00+00:00
[2024-10-04T03:50:51.882+0100] {logging_mixin.py:190} INFO - [2024-10-04T03:50:51.882+0100] {dag.py:4180} INFO - Setting next_dagrun for dataset_with_extra_from_classic_operator to 2024-10-03 00:00:00+00:00, run_after=2024-10-04 00:00:00+00:00
[2024-10-04T03:50:51.887+0100] {processor.py:208} INFO - Processing /opt/miniconda3/envs/airflow/lib/python3.8/site-packages/airflow/example_dags/example_outlet_event_extra.py took 0.094 seconds
[2024-10-04T03:52:24.691+0100] {processor.py:186} INFO - Started process (PID=17841) to work on /opt/miniconda3/envs/airflow/lib/python3.8/site-packages/airflow/example_dags/example_outlet_event_extra.py
[2024-10-04T03:52:24.691+0100] {processor.py:914} INFO - Processing file /opt/miniconda3/envs/airflow/lib/python3.8/site-packages/airflow/example_dags/example_outlet_event_extra.py for tasks to queue
[2024-10-04T03:52:24.691+0100] {logging_mixin.py:190} INFO - [2024-10-04T03:52:24.691+0100] {dagbag.py:588} INFO - Filling up the DagBag from /opt/miniconda3/envs/airflow/lib/python3.8/site-packages/airflow/example_dags/example_outlet_event_extra.py
[2024-10-04T03:52:24.731+0100] {processor.py:925} INFO - DAG(s) 'dataset_with_extra_from_classic_operator', 'dataset_with_extra_by_context', 'dataset_with_extra_by_yield' retrieved from /opt/miniconda3/envs/airflow/lib/python3.8/site-packages/airflow/example_dags/example_outlet_event_extra.py
[2024-10-04T03:52:24.765+0100] {logging_mixin.py:190} INFO - [2024-10-04T03:52:24.765+0100] {dag.py:3239} INFO - Sync 3 DAGs
[2024-10-04T03:52:24.771+0100] {logging_mixin.py:190} INFO - [2024-10-04T03:52:24.770+0100] {dag.py:4180} INFO - Setting next_dagrun for dataset_with_extra_by_context to 2024-10-03 00:00:00+00:00, run_after=2024-10-04 00:00:00+00:00
[2024-10-04T03:52:24.772+0100] {logging_mixin.py:190} INFO - [2024-10-04T03:52:24.772+0100] {dag.py:4180} INFO - Setting next_dagrun for dataset_with_extra_by_yield to 2024-10-03 00:00:00+00:00, run_after=2024-10-04 00:00:00+00:00
[2024-10-04T03:52:24.772+0100] {logging_mixin.py:190} INFO - [2024-10-04T03:52:24.772+0100] {dag.py:4180} INFO - Setting next_dagrun for dataset_with_extra_from_classic_operator to 2024-10-03 00:00:00+00:00, run_after=2024-10-04 00:00:00+00:00
[2024-10-04T03:52:24.779+0100] {processor.py:208} INFO - Processing /opt/miniconda3/envs/airflow/lib/python3.8/site-packages/airflow/example_dags/example_outlet_event_extra.py took 0.090 seconds
[2024-10-04T06:14:06.894+0100] {processor.py:186} INFO - Started process (PID=18045) to work on /opt/miniconda3/envs/airflow/lib/python3.8/site-packages/airflow/example_dags/example_outlet_event_extra.py
[2024-10-04T06:14:06.894+0100] {processor.py:914} INFO - Processing file /opt/miniconda3/envs/airflow/lib/python3.8/site-packages/airflow/example_dags/example_outlet_event_extra.py for tasks to queue
[2024-10-04T06:14:06.894+0100] {logging_mixin.py:190} INFO - [2024-10-04T06:14:06.894+0100] {dagbag.py:588} INFO - Filling up the DagBag from /opt/miniconda3/envs/airflow/lib/python3.8/site-packages/airflow/example_dags/example_outlet_event_extra.py
[2024-10-04T06:14:06.941+0100] {processor.py:925} INFO - DAG(s) 'dataset_with_extra_by_context', 'dataset_with_extra_from_classic_operator', 'dataset_with_extra_by_yield' retrieved from /opt/miniconda3/envs/airflow/lib/python3.8/site-packages/airflow/example_dags/example_outlet_event_extra.py
[2024-10-04T06:14:06.974+0100] {logging_mixin.py:190} INFO - [2024-10-04T06:14:06.974+0100] {dag.py:3239} INFO - Sync 3 DAGs
[2024-10-04T06:14:06.980+0100] {logging_mixin.py:190} INFO - [2024-10-04T06:14:06.980+0100] {dag.py:4180} INFO - Setting next_dagrun for dataset_with_extra_by_context to 2024-10-03 00:00:00+00:00, run_after=2024-10-04 00:00:00+00:00
[2024-10-04T06:14:06.981+0100] {logging_mixin.py:190} INFO - [2024-10-04T06:14:06.981+0100] {dag.py:4180} INFO - Setting next_dagrun for dataset_with_extra_by_yield to 2024-10-03 00:00:00+00:00, run_after=2024-10-04 00:00:00+00:00
[2024-10-04T06:14:06.982+0100] {logging_mixin.py:190} INFO - [2024-10-04T06:14:06.982+0100] {dag.py:4180} INFO - Setting next_dagrun for dataset_with_extra_from_classic_operator to 2024-10-03 00:00:00+00:00, run_after=2024-10-04 00:00:00+00:00
[2024-10-04T06:14:06.988+0100] {processor.py:208} INFO - Processing /opt/miniconda3/envs/airflow/lib/python3.8/site-packages/airflow/example_dags/example_outlet_event_extra.py took 0.096 seconds
[2024-10-04T06:15:25.765+0100] {processor.py:186} INFO - Started process (PID=18488) to work on /opt/miniconda3/envs/airflow/lib/python3.8/site-packages/airflow/example_dags/example_outlet_event_extra.py
[2024-10-04T06:15:25.765+0100] {processor.py:914} INFO - Processing file /opt/miniconda3/envs/airflow/lib/python3.8/site-packages/airflow/example_dags/example_outlet_event_extra.py for tasks to queue
[2024-10-04T06:15:25.766+0100] {logging_mixin.py:190} INFO - [2024-10-04T06:15:25.766+0100] {dagbag.py:588} INFO - Filling up the DagBag from /opt/miniconda3/envs/airflow/lib/python3.8/site-packages/airflow/example_dags/example_outlet_event_extra.py
[2024-10-04T06:15:25.818+0100] {processor.py:925} INFO - DAG(s) 'dataset_with_extra_by_context', 'dataset_with_extra_by_yield', 'dataset_with_extra_from_classic_operator' retrieved from /opt/miniconda3/envs/airflow/lib/python3.8/site-packages/airflow/example_dags/example_outlet_event_extra.py
[2024-10-04T06:15:25.855+0100] {logging_mixin.py:190} INFO - [2024-10-04T06:15:25.855+0100] {dag.py:3239} INFO - Sync 3 DAGs
[2024-10-04T06:15:25.861+0100] {logging_mixin.py:190} INFO - [2024-10-04T06:15:25.861+0100] {dag.py:4180} INFO - Setting next_dagrun for dataset_with_extra_by_context to 2024-10-03 00:00:00+00:00, run_after=2024-10-04 00:00:00+00:00
[2024-10-04T06:15:25.863+0100] {logging_mixin.py:190} INFO - [2024-10-04T06:15:25.863+0100] {dag.py:4180} INFO - Setting next_dagrun for dataset_with_extra_by_yield to 2024-10-03 00:00:00+00:00, run_after=2024-10-04 00:00:00+00:00
[2024-10-04T06:15:25.863+0100] {logging_mixin.py:190} INFO - [2024-10-04T06:15:25.863+0100] {dag.py:4180} INFO - Setting next_dagrun for dataset_with_extra_from_classic_operator to 2024-10-03 00:00:00+00:00, run_after=2024-10-04 00:00:00+00:00
[2024-10-04T06:15:25.870+0100] {processor.py:208} INFO - Processing /opt/miniconda3/envs/airflow/lib/python3.8/site-packages/airflow/example_dags/example_outlet_event_extra.py took 0.107 seconds
[2024-10-04T07:38:48.953+0100] {processor.py:186} INFO - Started process (PID=20012) to work on /opt/miniconda3/envs/airflow/lib/python3.8/site-packages/airflow/example_dags/example_outlet_event_extra.py
[2024-10-04T07:38:48.953+0100] {processor.py:914} INFO - Processing file /opt/miniconda3/envs/airflow/lib/python3.8/site-packages/airflow/example_dags/example_outlet_event_extra.py for tasks to queue
[2024-10-04T07:38:48.953+0100] {logging_mixin.py:190} INFO - [2024-10-04T07:38:48.953+0100] {dagbag.py:588} INFO - Filling up the DagBag from /opt/miniconda3/envs/airflow/lib/python3.8/site-packages/airflow/example_dags/example_outlet_event_extra.py
[2024-10-04T07:38:48.998+0100] {processor.py:925} INFO - DAG(s) 'dataset_with_extra_by_context', 'dataset_with_extra_by_yield', 'dataset_with_extra_from_classic_operator' retrieved from /opt/miniconda3/envs/airflow/lib/python3.8/site-packages/airflow/example_dags/example_outlet_event_extra.py
[2024-10-04T07:38:49.031+0100] {logging_mixin.py:190} INFO - [2024-10-04T07:38:49.031+0100] {dag.py:3239} INFO - Sync 3 DAGs
[2024-10-04T07:38:49.037+0100] {logging_mixin.py:190} INFO - [2024-10-04T07:38:49.037+0100] {dag.py:4180} INFO - Setting next_dagrun for dataset_with_extra_by_context to 2024-10-03 00:00:00+00:00, run_after=2024-10-04 00:00:00+00:00
[2024-10-04T07:38:49.038+0100] {logging_mixin.py:190} INFO - [2024-10-04T07:38:49.038+0100] {dag.py:4180} INFO - Setting next_dagrun for dataset_with_extra_by_yield to 2024-10-03 00:00:00+00:00, run_after=2024-10-04 00:00:00+00:00
[2024-10-04T07:38:49.039+0100] {logging_mixin.py:190} INFO - [2024-10-04T07:38:49.039+0100] {dag.py:4180} INFO - Setting next_dagrun for dataset_with_extra_from_classic_operator to 2024-10-03 00:00:00+00:00, run_after=2024-10-04 00:00:00+00:00
[2024-10-04T07:38:49.045+0100] {processor.py:208} INFO - Processing /opt/miniconda3/envs/airflow/lib/python3.8/site-packages/airflow/example_dags/example_outlet_event_extra.py took 0.094 seconds
[2024-10-04T08:38:38.652+0100] {processor.py:186} INFO - Started process (PID=20114) to work on /opt/miniconda3/envs/airflow/lib/python3.8/site-packages/airflow/example_dags/example_outlet_event_extra.py
[2024-10-04T08:38:38.653+0100] {processor.py:914} INFO - Processing file /opt/miniconda3/envs/airflow/lib/python3.8/site-packages/airflow/example_dags/example_outlet_event_extra.py for tasks to queue
[2024-10-04T08:38:38.653+0100] {logging_mixin.py:190} INFO - [2024-10-04T08:38:38.653+0100] {dagbag.py:588} INFO - Filling up the DagBag from /opt/miniconda3/envs/airflow/lib/python3.8/site-packages/airflow/example_dags/example_outlet_event_extra.py
[2024-10-04T08:38:38.698+0100] {processor.py:925} INFO - DAG(s) 'dataset_with_extra_by_context', 'dataset_with_extra_by_yield', 'dataset_with_extra_from_classic_operator' retrieved from /opt/miniconda3/envs/airflow/lib/python3.8/site-packages/airflow/example_dags/example_outlet_event_extra.py
[2024-10-04T08:38:38.733+0100] {logging_mixin.py:190} INFO - [2024-10-04T08:38:38.732+0100] {dag.py:3239} INFO - Sync 3 DAGs
[2024-10-04T08:38:38.738+0100] {logging_mixin.py:190} INFO - [2024-10-04T08:38:38.738+0100] {dag.py:4180} INFO - Setting next_dagrun for dataset_with_extra_by_context to 2024-10-03 00:00:00+00:00, run_after=2024-10-04 00:00:00+00:00
[2024-10-04T08:38:38.740+0100] {logging_mixin.py:190} INFO - [2024-10-04T08:38:38.740+0100] {dag.py:4180} INFO - Setting next_dagrun for dataset_with_extra_by_yield to 2024-10-03 00:00:00+00:00, run_after=2024-10-04 00:00:00+00:00
[2024-10-04T08:38:38.740+0100] {logging_mixin.py:190} INFO - [2024-10-04T08:38:38.740+0100] {dag.py:4180} INFO - Setting next_dagrun for dataset_with_extra_from_classic_operator to 2024-10-03 00:00:00+00:00, run_after=2024-10-04 00:00:00+00:00
[2024-10-04T08:38:38.746+0100] {processor.py:208} INFO - Processing /opt/miniconda3/envs/airflow/lib/python3.8/site-packages/airflow/example_dags/example_outlet_event_extra.py took 0.095 seconds
[2024-10-04T08:39:57.789+0100] {processor.py:186} INFO - Started process (PID=20222) to work on /opt/miniconda3/envs/airflow/lib/python3.8/site-packages/airflow/example_dags/example_outlet_event_extra.py
[2024-10-04T08:39:57.790+0100] {processor.py:914} INFO - Processing file /opt/miniconda3/envs/airflow/lib/python3.8/site-packages/airflow/example_dags/example_outlet_event_extra.py for tasks to queue
[2024-10-04T08:39:57.790+0100] {logging_mixin.py:190} INFO - [2024-10-04T08:39:57.790+0100] {dagbag.py:588} INFO - Filling up the DagBag from /opt/miniconda3/envs/airflow/lib/python3.8/site-packages/airflow/example_dags/example_outlet_event_extra.py
[2024-10-04T08:39:57.831+0100] {processor.py:925} INFO - DAG(s) 'dataset_with_extra_from_classic_operator', 'dataset_with_extra_by_yield', 'dataset_with_extra_by_context' retrieved from /opt/miniconda3/envs/airflow/lib/python3.8/site-packages/airflow/example_dags/example_outlet_event_extra.py
[2024-10-04T08:39:57.864+0100] {logging_mixin.py:190} INFO - [2024-10-04T08:39:57.864+0100] {dag.py:3239} INFO - Sync 3 DAGs
[2024-10-04T08:39:57.870+0100] {logging_mixin.py:190} INFO - [2024-10-04T08:39:57.870+0100] {dag.py:4180} INFO - Setting next_dagrun for dataset_with_extra_by_context to 2024-10-03 00:00:00+00:00, run_after=2024-10-04 00:00:00+00:00
[2024-10-04T08:39:57.871+0100] {logging_mixin.py:190} INFO - [2024-10-04T08:39:57.871+0100] {dag.py:4180} INFO - Setting next_dagrun for dataset_with_extra_by_yield to 2024-10-03 00:00:00+00:00, run_after=2024-10-04 00:00:00+00:00
[2024-10-04T08:39:57.872+0100] {logging_mixin.py:190} INFO - [2024-10-04T08:39:57.872+0100] {dag.py:4180} INFO - Setting next_dagrun for dataset_with_extra_from_classic_operator to 2024-10-03 00:00:00+00:00, run_after=2024-10-04 00:00:00+00:00
[2024-10-04T08:39:57.878+0100] {processor.py:208} INFO - Processing /opt/miniconda3/envs/airflow/lib/python3.8/site-packages/airflow/example_dags/example_outlet_event_extra.py took 0.090 seconds
[2024-10-04T08:45:47.914+0100] {processor.py:186} INFO - Started process (PID=20381) to work on /opt/miniconda3/envs/airflow/lib/python3.8/site-packages/airflow/example_dags/example_outlet_event_extra.py
[2024-10-04T08:45:47.914+0100] {processor.py:914} INFO - Processing file /opt/miniconda3/envs/airflow/lib/python3.8/site-packages/airflow/example_dags/example_outlet_event_extra.py for tasks to queue
[2024-10-04T08:45:47.914+0100] {logging_mixin.py:190} INFO - [2024-10-04T08:45:47.914+0100] {dagbag.py:588} INFO - Filling up the DagBag from /opt/miniconda3/envs/airflow/lib/python3.8/site-packages/airflow/example_dags/example_outlet_event_extra.py
[2024-10-04T08:45:47.956+0100] {processor.py:925} INFO - DAG(s) 'dataset_with_extra_by_context', 'dataset_with_extra_by_yield', 'dataset_with_extra_from_classic_operator' retrieved from /opt/miniconda3/envs/airflow/lib/python3.8/site-packages/airflow/example_dags/example_outlet_event_extra.py
[2024-10-04T08:45:47.989+0100] {logging_mixin.py:190} INFO - [2024-10-04T08:45:47.988+0100] {dag.py:3239} INFO - Sync 3 DAGs
[2024-10-04T08:45:47.995+0100] {logging_mixin.py:190} INFO - [2024-10-04T08:45:47.994+0100] {dag.py:4180} INFO - Setting next_dagrun for dataset_with_extra_by_context to 2024-10-03 00:00:00+00:00, run_after=2024-10-04 00:00:00+00:00
[2024-10-04T08:45:47.996+0100] {logging_mixin.py:190} INFO - [2024-10-04T08:45:47.996+0100] {dag.py:4180} INFO - Setting next_dagrun for dataset_with_extra_by_yield to 2024-10-03 00:00:00+00:00, run_after=2024-10-04 00:00:00+00:00
[2024-10-04T08:45:47.996+0100] {logging_mixin.py:190} INFO - [2024-10-04T08:45:47.996+0100] {dag.py:4180} INFO - Setting next_dagrun for dataset_with_extra_from_classic_operator to 2024-10-03 00:00:00+00:00, run_after=2024-10-04 00:00:00+00:00
[2024-10-04T08:45:48.003+0100] {processor.py:208} INFO - Processing /opt/miniconda3/envs/airflow/lib/python3.8/site-packages/airflow/example_dags/example_outlet_event_extra.py took 0.091 seconds
[2024-10-04T09:41:19.355+0100] {processor.py:186} INFO - Started process (PID=20505) to work on /opt/miniconda3/envs/airflow/lib/python3.8/site-packages/airflow/example_dags/example_outlet_event_extra.py
[2024-10-04T09:41:19.356+0100] {processor.py:914} INFO - Processing file /opt/miniconda3/envs/airflow/lib/python3.8/site-packages/airflow/example_dags/example_outlet_event_extra.py for tasks to queue
[2024-10-04T09:41:19.356+0100] {logging_mixin.py:190} INFO - [2024-10-04T09:41:19.356+0100] {dagbag.py:588} INFO - Filling up the DagBag from /opt/miniconda3/envs/airflow/lib/python3.8/site-packages/airflow/example_dags/example_outlet_event_extra.py
[2024-10-04T09:41:19.402+0100] {processor.py:925} INFO - DAG(s) 'dataset_with_extra_by_context', 'dataset_with_extra_by_yield', 'dataset_with_extra_from_classic_operator' retrieved from /opt/miniconda3/envs/airflow/lib/python3.8/site-packages/airflow/example_dags/example_outlet_event_extra.py
[2024-10-04T09:41:19.436+0100] {logging_mixin.py:190} INFO - [2024-10-04T09:41:19.436+0100] {dag.py:3239} INFO - Sync 3 DAGs
[2024-10-04T09:41:19.442+0100] {logging_mixin.py:190} INFO - [2024-10-04T09:41:19.442+0100] {dag.py:4180} INFO - Setting next_dagrun for dataset_with_extra_by_context to 2024-10-03 00:00:00+00:00, run_after=2024-10-04 00:00:00+00:00
[2024-10-04T09:41:19.443+0100] {logging_mixin.py:190} INFO - [2024-10-04T09:41:19.443+0100] {dag.py:4180} INFO - Setting next_dagrun for dataset_with_extra_by_yield to 2024-10-03 00:00:00+00:00, run_after=2024-10-04 00:00:00+00:00
[2024-10-04T09:41:19.444+0100] {logging_mixin.py:190} INFO - [2024-10-04T09:41:19.443+0100] {dag.py:4180} INFO - Setting next_dagrun for dataset_with_extra_from_classic_operator to 2024-10-03 00:00:00+00:00, run_after=2024-10-04 00:00:00+00:00
[2024-10-04T09:41:19.449+0100] {processor.py:208} INFO - Processing /opt/miniconda3/envs/airflow/lib/python3.8/site-packages/airflow/example_dags/example_outlet_event_extra.py took 0.096 seconds
[2024-10-04T09:42:44.662+0100] {processor.py:186} INFO - Started process (PID=20630) to work on /opt/miniconda3/envs/airflow/lib/python3.8/site-packages/airflow/example_dags/example_outlet_event_extra.py
[2024-10-04T09:42:44.663+0100] {processor.py:914} INFO - Processing file /opt/miniconda3/envs/airflow/lib/python3.8/site-packages/airflow/example_dags/example_outlet_event_extra.py for tasks to queue
[2024-10-04T09:42:44.664+0100] {logging_mixin.py:190} INFO - [2024-10-04T09:42:44.664+0100] {dagbag.py:588} INFO - Filling up the DagBag from /opt/miniconda3/envs/airflow/lib/python3.8/site-packages/airflow/example_dags/example_outlet_event_extra.py
[2024-10-04T09:42:44.704+0100] {processor.py:925} INFO - DAG(s) 'dataset_with_extra_by_yield', 'dataset_with_extra_from_classic_operator', 'dataset_with_extra_by_context' retrieved from /opt/miniconda3/envs/airflow/lib/python3.8/site-packages/airflow/example_dags/example_outlet_event_extra.py
[2024-10-04T09:42:44.737+0100] {logging_mixin.py:190} INFO - [2024-10-04T09:42:44.737+0100] {dag.py:3239} INFO - Sync 3 DAGs
[2024-10-04T09:42:44.743+0100] {logging_mixin.py:190} INFO - [2024-10-04T09:42:44.743+0100] {dag.py:4180} INFO - Setting next_dagrun for dataset_with_extra_by_context to 2024-10-03 00:00:00+00:00, run_after=2024-10-04 00:00:00+00:00
[2024-10-04T09:42:44.744+0100] {logging_mixin.py:190} INFO - [2024-10-04T09:42:44.744+0100] {dag.py:4180} INFO - Setting next_dagrun for dataset_with_extra_by_yield to 2024-10-03 00:00:00+00:00, run_after=2024-10-04 00:00:00+00:00
[2024-10-04T09:42:44.745+0100] {logging_mixin.py:190} INFO - [2024-10-04T09:42:44.745+0100] {dag.py:4180} INFO - Setting next_dagrun for dataset_with_extra_from_classic_operator to 2024-10-03 00:00:00+00:00, run_after=2024-10-04 00:00:00+00:00
[2024-10-04T09:42:44.751+0100] {processor.py:208} INFO - Processing /opt/miniconda3/envs/airflow/lib/python3.8/site-packages/airflow/example_dags/example_outlet_event_extra.py took 0.090 seconds
[2024-10-04T10:19:35.244+0100] {processor.py:186} INFO - Started process (PID=20803) to work on /opt/miniconda3/envs/airflow/lib/python3.8/site-packages/airflow/example_dags/example_outlet_event_extra.py
[2024-10-04T10:19:35.244+0100] {processor.py:914} INFO - Processing file /opt/miniconda3/envs/airflow/lib/python3.8/site-packages/airflow/example_dags/example_outlet_event_extra.py for tasks to queue
[2024-10-04T10:19:35.244+0100] {logging_mixin.py:190} INFO - [2024-10-04T10:19:35.244+0100] {dagbag.py:588} INFO - Filling up the DagBag from /opt/miniconda3/envs/airflow/lib/python3.8/site-packages/airflow/example_dags/example_outlet_event_extra.py
[2024-10-04T10:19:35.292+0100] {processor.py:925} INFO - DAG(s) 'dataset_with_extra_by_yield', 'dataset_with_extra_by_context', 'dataset_with_extra_from_classic_operator' retrieved from /opt/miniconda3/envs/airflow/lib/python3.8/site-packages/airflow/example_dags/example_outlet_event_extra.py
[2024-10-04T10:19:35.326+0100] {logging_mixin.py:190} INFO - [2024-10-04T10:19:35.326+0100] {dag.py:3239} INFO - Sync 3 DAGs
[2024-10-04T10:19:35.332+0100] {logging_mixin.py:190} INFO - [2024-10-04T10:19:35.332+0100] {dag.py:4180} INFO - Setting next_dagrun for dataset_with_extra_by_context to 2024-10-03 00:00:00+00:00, run_after=2024-10-04 00:00:00+00:00
[2024-10-04T10:19:35.333+0100] {logging_mixin.py:190} INFO - [2024-10-04T10:19:35.333+0100] {dag.py:4180} INFO - Setting next_dagrun for dataset_with_extra_by_yield to 2024-10-03 00:00:00+00:00, run_after=2024-10-04 00:00:00+00:00
[2024-10-04T10:19:35.334+0100] {logging_mixin.py:190} INFO - [2024-10-04T10:19:35.334+0100] {dag.py:4180} INFO - Setting next_dagrun for dataset_with_extra_from_classic_operator to 2024-10-03 00:00:00+00:00, run_after=2024-10-04 00:00:00+00:00
[2024-10-04T10:19:35.340+0100] {processor.py:208} INFO - Processing /opt/miniconda3/envs/airflow/lib/python3.8/site-packages/airflow/example_dags/example_outlet_event_extra.py took 0.098 seconds
[2024-10-04T10:21:41.308+0100] {processor.py:186} INFO - Started process (PID=20985) to work on /opt/miniconda3/envs/airflow/lib/python3.8/site-packages/airflow/example_dags/example_outlet_event_extra.py
[2024-10-04T10:21:41.309+0100] {processor.py:914} INFO - Processing file /opt/miniconda3/envs/airflow/lib/python3.8/site-packages/airflow/example_dags/example_outlet_event_extra.py for tasks to queue
[2024-10-04T10:21:41.310+0100] {logging_mixin.py:190} INFO - [2024-10-04T10:21:41.310+0100] {dagbag.py:588} INFO - Filling up the DagBag from /opt/miniconda3/envs/airflow/lib/python3.8/site-packages/airflow/example_dags/example_outlet_event_extra.py
[2024-10-04T10:21:41.352+0100] {processor.py:925} INFO - DAG(s) 'dataset_with_extra_by_context', 'dataset_with_extra_from_classic_operator', 'dataset_with_extra_by_yield' retrieved from /opt/miniconda3/envs/airflow/lib/python3.8/site-packages/airflow/example_dags/example_outlet_event_extra.py
[2024-10-04T10:21:41.385+0100] {logging_mixin.py:190} INFO - [2024-10-04T10:21:41.385+0100] {dag.py:3239} INFO - Sync 3 DAGs
[2024-10-04T10:21:41.391+0100] {logging_mixin.py:190} INFO - [2024-10-04T10:21:41.391+0100] {dag.py:4180} INFO - Setting next_dagrun for dataset_with_extra_by_context to 2024-10-03 00:00:00+00:00, run_after=2024-10-04 00:00:00+00:00
[2024-10-04T10:21:41.393+0100] {logging_mixin.py:190} INFO - [2024-10-04T10:21:41.393+0100] {dag.py:4180} INFO - Setting next_dagrun for dataset_with_extra_by_yield to 2024-10-03 00:00:00+00:00, run_after=2024-10-04 00:00:00+00:00
[2024-10-04T10:21:41.393+0100] {logging_mixin.py:190} INFO - [2024-10-04T10:21:41.393+0100] {dag.py:4180} INFO - Setting next_dagrun for dataset_with_extra_from_classic_operator to 2024-10-03 00:00:00+00:00, run_after=2024-10-04 00:00:00+00:00
[2024-10-04T10:21:41.399+0100] {processor.py:208} INFO - Processing /opt/miniconda3/envs/airflow/lib/python3.8/site-packages/airflow/example_dags/example_outlet_event_extra.py took 0.093 seconds
[2024-10-04T10:25:02.989+0100] {processor.py:186} INFO - Started process (PID=21158) to work on /opt/miniconda3/envs/airflow/lib/python3.8/site-packages/airflow/example_dags/example_outlet_event_extra.py
[2024-10-04T10:25:02.990+0100] {processor.py:914} INFO - Processing file /opt/miniconda3/envs/airflow/lib/python3.8/site-packages/airflow/example_dags/example_outlet_event_extra.py for tasks to queue
[2024-10-04T10:25:02.990+0100] {logging_mixin.py:190} INFO - [2024-10-04T10:25:02.990+0100] {dagbag.py:588} INFO - Filling up the DagBag from /opt/miniconda3/envs/airflow/lib/python3.8/site-packages/airflow/example_dags/example_outlet_event_extra.py
[2024-10-04T10:25:03.037+0100] {processor.py:925} INFO - DAG(s) 'dataset_with_extra_from_classic_operator', 'dataset_with_extra_by_context', 'dataset_with_extra_by_yield' retrieved from /opt/miniconda3/envs/airflow/lib/python3.8/site-packages/airflow/example_dags/example_outlet_event_extra.py
[2024-10-04T10:25:03.070+0100] {logging_mixin.py:190} INFO - [2024-10-04T10:25:03.070+0100] {dag.py:3239} INFO - Sync 3 DAGs
[2024-10-04T10:25:03.076+0100] {logging_mixin.py:190} INFO - [2024-10-04T10:25:03.076+0100] {dag.py:4180} INFO - Setting next_dagrun for dataset_with_extra_by_context to 2024-10-03 00:00:00+00:00, run_after=2024-10-04 00:00:00+00:00
[2024-10-04T10:25:03.078+0100] {logging_mixin.py:190} INFO - [2024-10-04T10:25:03.077+0100] {dag.py:4180} INFO - Setting next_dagrun for dataset_with_extra_by_yield to 2024-10-03 00:00:00+00:00, run_after=2024-10-04 00:00:00+00:00
[2024-10-04T10:25:03.078+0100] {logging_mixin.py:190} INFO - [2024-10-04T10:25:03.078+0100] {dag.py:4180} INFO - Setting next_dagrun for dataset_with_extra_from_classic_operator to 2024-10-03 00:00:00+00:00, run_after=2024-10-04 00:00:00+00:00
[2024-10-04T10:25:03.084+0100] {processor.py:208} INFO - Processing /opt/miniconda3/envs/airflow/lib/python3.8/site-packages/airflow/example_dags/example_outlet_event_extra.py took 0.097 seconds
[2024-10-04T10:26:57.589+0100] {processor.py:186} INFO - Started process (PID=21312) to work on /opt/miniconda3/envs/airflow/lib/python3.8/site-packages/airflow/example_dags/example_outlet_event_extra.py
[2024-10-04T10:26:57.590+0100] {processor.py:914} INFO - Processing file /opt/miniconda3/envs/airflow/lib/python3.8/site-packages/airflow/example_dags/example_outlet_event_extra.py for tasks to queue
[2024-10-04T10:26:57.590+0100] {logging_mixin.py:190} INFO - [2024-10-04T10:26:57.590+0100] {dagbag.py:588} INFO - Filling up the DagBag from /opt/miniconda3/envs/airflow/lib/python3.8/site-packages/airflow/example_dags/example_outlet_event_extra.py
[2024-10-04T10:26:57.631+0100] {processor.py:925} INFO - DAG(s) 'dataset_with_extra_by_yield', 'dataset_with_extra_from_classic_operator', 'dataset_with_extra_by_context' retrieved from /opt/miniconda3/envs/airflow/lib/python3.8/site-packages/airflow/example_dags/example_outlet_event_extra.py
[2024-10-04T10:26:57.664+0100] {logging_mixin.py:190} INFO - [2024-10-04T10:26:57.664+0100] {dag.py:3239} INFO - Sync 3 DAGs
[2024-10-04T10:26:57.670+0100] {logging_mixin.py:190} INFO - [2024-10-04T10:26:57.670+0100] {dag.py:4180} INFO - Setting next_dagrun for dataset_with_extra_by_context to 2024-10-03 00:00:00+00:00, run_after=2024-10-04 00:00:00+00:00
[2024-10-04T10:26:57.671+0100] {logging_mixin.py:190} INFO - [2024-10-04T10:26:57.671+0100] {dag.py:4180} INFO - Setting next_dagrun for dataset_with_extra_by_yield to 2024-10-03 00:00:00+00:00, run_after=2024-10-04 00:00:00+00:00
[2024-10-04T10:26:57.672+0100] {logging_mixin.py:190} INFO - [2024-10-04T10:26:57.672+0100] {dag.py:4180} INFO - Setting next_dagrun for dataset_with_extra_from_classic_operator to 2024-10-03 00:00:00+00:00, run_after=2024-10-04 00:00:00+00:00
[2024-10-04T10:26:57.678+0100] {processor.py:208} INFO - Processing /opt/miniconda3/envs/airflow/lib/python3.8/site-packages/airflow/example_dags/example_outlet_event_extra.py took 0.090 seconds
[2024-10-04T10:28:52.630+0100] {processor.py:186} INFO - Started process (PID=21477) to work on /opt/miniconda3/envs/airflow/lib/python3.8/site-packages/airflow/example_dags/example_outlet_event_extra.py
[2024-10-04T10:28:52.631+0100] {processor.py:914} INFO - Processing file /opt/miniconda3/envs/airflow/lib/python3.8/site-packages/airflow/example_dags/example_outlet_event_extra.py for tasks to queue
[2024-10-04T10:28:52.631+0100] {logging_mixin.py:190} INFO - [2024-10-04T10:28:52.631+0100] {dagbag.py:588} INFO - Filling up the DagBag from /opt/miniconda3/envs/airflow/lib/python3.8/site-packages/airflow/example_dags/example_outlet_event_extra.py
[2024-10-04T10:28:52.684+0100] {processor.py:925} INFO - DAG(s) 'dataset_with_extra_by_context', 'dataset_with_extra_by_yield', 'dataset_with_extra_from_classic_operator' retrieved from /opt/miniconda3/envs/airflow/lib/python3.8/site-packages/airflow/example_dags/example_outlet_event_extra.py
[2024-10-04T10:28:52.719+0100] {logging_mixin.py:190} INFO - [2024-10-04T10:28:52.718+0100] {dag.py:3239} INFO - Sync 3 DAGs
[2024-10-04T10:28:52.725+0100] {logging_mixin.py:190} INFO - [2024-10-04T10:28:52.725+0100] {dag.py:4180} INFO - Setting next_dagrun for dataset_with_extra_by_context to 2024-10-03 00:00:00+00:00, run_after=2024-10-04 00:00:00+00:00
[2024-10-04T10:28:52.726+0100] {logging_mixin.py:190} INFO - [2024-10-04T10:28:52.726+0100] {dag.py:4180} INFO - Setting next_dagrun for dataset_with_extra_by_yield to 2024-10-03 00:00:00+00:00, run_after=2024-10-04 00:00:00+00:00
[2024-10-04T10:28:52.727+0100] {logging_mixin.py:190} INFO - [2024-10-04T10:28:52.727+0100] {dag.py:4180} INFO - Setting next_dagrun for dataset_with_extra_from_classic_operator to 2024-10-03 00:00:00+00:00, run_after=2024-10-04 00:00:00+00:00
[2024-10-04T10:28:52.732+0100] {processor.py:208} INFO - Processing /opt/miniconda3/envs/airflow/lib/python3.8/site-packages/airflow/example_dags/example_outlet_event_extra.py took 0.105 seconds
[2024-10-04T10:30:46.309+0100] {processor.py:186} INFO - Started process (PID=21656) to work on /opt/miniconda3/envs/airflow/lib/python3.8/site-packages/airflow/example_dags/example_outlet_event_extra.py
[2024-10-04T10:30:46.310+0100] {processor.py:914} INFO - Processing file /opt/miniconda3/envs/airflow/lib/python3.8/site-packages/airflow/example_dags/example_outlet_event_extra.py for tasks to queue
[2024-10-04T10:30:46.310+0100] {logging_mixin.py:190} INFO - [2024-10-04T10:30:46.310+0100] {dagbag.py:588} INFO - Filling up the DagBag from /opt/miniconda3/envs/airflow/lib/python3.8/site-packages/airflow/example_dags/example_outlet_event_extra.py
[2024-10-04T10:30:46.353+0100] {processor.py:925} INFO - DAG(s) 'dataset_with_extra_by_yield', 'dataset_with_extra_by_context', 'dataset_with_extra_from_classic_operator' retrieved from /opt/miniconda3/envs/airflow/lib/python3.8/site-packages/airflow/example_dags/example_outlet_event_extra.py
[2024-10-04T10:30:46.387+0100] {logging_mixin.py:190} INFO - [2024-10-04T10:30:46.387+0100] {dag.py:3239} INFO - Sync 3 DAGs
[2024-10-04T10:30:46.393+0100] {logging_mixin.py:190} INFO - [2024-10-04T10:30:46.393+0100] {dag.py:4180} INFO - Setting next_dagrun for dataset_with_extra_by_context to 2024-10-03 00:00:00+00:00, run_after=2024-10-04 00:00:00+00:00
[2024-10-04T10:30:46.394+0100] {logging_mixin.py:190} INFO - [2024-10-04T10:30:46.394+0100] {dag.py:4180} INFO - Setting next_dagrun for dataset_with_extra_by_yield to 2024-10-03 00:00:00+00:00, run_after=2024-10-04 00:00:00+00:00
[2024-10-04T10:30:46.395+0100] {logging_mixin.py:190} INFO - [2024-10-04T10:30:46.395+0100] {dag.py:4180} INFO - Setting next_dagrun for dataset_with_extra_from_classic_operator to 2024-10-03 00:00:00+00:00, run_after=2024-10-04 00:00:00+00:00
[2024-10-04T10:30:46.401+0100] {processor.py:208} INFO - Processing /opt/miniconda3/envs/airflow/lib/python3.8/site-packages/airflow/example_dags/example_outlet_event_extra.py took 0.094 seconds
[2024-10-04T10:32:44.123+0100] {processor.py:186} INFO - Started process (PID=21825) to work on /opt/miniconda3/envs/airflow/lib/python3.8/site-packages/airflow/example_dags/example_outlet_event_extra.py
[2024-10-04T10:32:44.124+0100] {processor.py:914} INFO - Processing file /opt/miniconda3/envs/airflow/lib/python3.8/site-packages/airflow/example_dags/example_outlet_event_extra.py for tasks to queue
[2024-10-04T10:32:44.124+0100] {logging_mixin.py:190} INFO - [2024-10-04T10:32:44.124+0100] {dagbag.py:588} INFO - Filling up the DagBag from /opt/miniconda3/envs/airflow/lib/python3.8/site-packages/airflow/example_dags/example_outlet_event_extra.py
[2024-10-04T10:32:44.167+0100] {processor.py:925} INFO - DAG(s) 'dataset_with_extra_from_classic_operator', 'dataset_with_extra_by_context', 'dataset_with_extra_by_yield' retrieved from /opt/miniconda3/envs/airflow/lib/python3.8/site-packages/airflow/example_dags/example_outlet_event_extra.py
[2024-10-04T10:32:44.200+0100] {logging_mixin.py:190} INFO - [2024-10-04T10:32:44.200+0100] {dag.py:3239} INFO - Sync 3 DAGs
[2024-10-04T10:32:44.205+0100] {logging_mixin.py:190} INFO - [2024-10-04T10:32:44.205+0100] {dag.py:4180} INFO - Setting next_dagrun for dataset_with_extra_by_context to 2024-10-03 00:00:00+00:00, run_after=2024-10-04 00:00:00+00:00
[2024-10-04T10:32:44.207+0100] {logging_mixin.py:190} INFO - [2024-10-04T10:32:44.207+0100] {dag.py:4180} INFO - Setting next_dagrun for dataset_with_extra_by_yield to 2024-10-03 00:00:00+00:00, run_after=2024-10-04 00:00:00+00:00
[2024-10-04T10:32:44.207+0100] {logging_mixin.py:190} INFO - [2024-10-04T10:32:44.207+0100] {dag.py:4180} INFO - Setting next_dagrun for dataset_with_extra_from_classic_operator to 2024-10-03 00:00:00+00:00, run_after=2024-10-04 00:00:00+00:00
[2024-10-04T10:32:44.213+0100] {processor.py:208} INFO - Processing /opt/miniconda3/envs/airflow/lib/python3.8/site-packages/airflow/example_dags/example_outlet_event_extra.py took 0.091 seconds
[2024-10-04T10:34:52.980+0100] {processor.py:186} INFO - Started process (PID=22000) to work on /opt/miniconda3/envs/airflow/lib/python3.8/site-packages/airflow/example_dags/example_outlet_event_extra.py
[2024-10-04T10:34:52.980+0100] {processor.py:914} INFO - Processing file /opt/miniconda3/envs/airflow/lib/python3.8/site-packages/airflow/example_dags/example_outlet_event_extra.py for tasks to queue
[2024-10-04T10:34:52.980+0100] {logging_mixin.py:190} INFO - [2024-10-04T10:34:52.980+0100] {dagbag.py:588} INFO - Filling up the DagBag from /opt/miniconda3/envs/airflow/lib/python3.8/site-packages/airflow/example_dags/example_outlet_event_extra.py
[2024-10-04T10:34:53.024+0100] {processor.py:925} INFO - DAG(s) 'dataset_with_extra_by_context', 'dataset_with_extra_by_yield', 'dataset_with_extra_from_classic_operator' retrieved from /opt/miniconda3/envs/airflow/lib/python3.8/site-packages/airflow/example_dags/example_outlet_event_extra.py
[2024-10-04T10:34:53.058+0100] {logging_mixin.py:190} INFO - [2024-10-04T10:34:53.058+0100] {dag.py:3239} INFO - Sync 3 DAGs
[2024-10-04T10:34:53.064+0100] {logging_mixin.py:190} INFO - [2024-10-04T10:34:53.064+0100] {dag.py:4180} INFO - Setting next_dagrun for dataset_with_extra_by_context to 2024-10-03 00:00:00+00:00, run_after=2024-10-04 00:00:00+00:00
[2024-10-04T10:34:53.066+0100] {logging_mixin.py:190} INFO - [2024-10-04T10:34:53.065+0100] {dag.py:4180} INFO - Setting next_dagrun for dataset_with_extra_by_yield to 2024-10-03 00:00:00+00:00, run_after=2024-10-04 00:00:00+00:00
[2024-10-04T10:34:53.066+0100] {logging_mixin.py:190} INFO - [2024-10-04T10:34:53.066+0100] {dag.py:4180} INFO - Setting next_dagrun for dataset_with_extra_from_classic_operator to 2024-10-03 00:00:00+00:00, run_after=2024-10-04 00:00:00+00:00
[2024-10-04T10:34:53.073+0100] {processor.py:208} INFO - Processing /opt/miniconda3/envs/airflow/lib/python3.8/site-packages/airflow/example_dags/example_outlet_event_extra.py took 0.095 seconds
[2024-10-04T10:37:07.373+0100] {processor.py:186} INFO - Started process (PID=22165) to work on /opt/miniconda3/envs/airflow/lib/python3.8/site-packages/airflow/example_dags/example_outlet_event_extra.py
[2024-10-04T10:37:07.374+0100] {processor.py:914} INFO - Processing file /opt/miniconda3/envs/airflow/lib/python3.8/site-packages/airflow/example_dags/example_outlet_event_extra.py for tasks to queue
[2024-10-04T10:37:07.374+0100] {logging_mixin.py:190} INFO - [2024-10-04T10:37:07.374+0100] {dagbag.py:588} INFO - Filling up the DagBag from /opt/miniconda3/envs/airflow/lib/python3.8/site-packages/airflow/example_dags/example_outlet_event_extra.py
[2024-10-04T10:37:07.425+0100] {processor.py:925} INFO - DAG(s) 'dataset_with_extra_by_context', 'dataset_with_extra_by_yield', 'dataset_with_extra_from_classic_operator' retrieved from /opt/miniconda3/envs/airflow/lib/python3.8/site-packages/airflow/example_dags/example_outlet_event_extra.py
[2024-10-04T10:37:07.458+0100] {logging_mixin.py:190} INFO - [2024-10-04T10:37:07.458+0100] {dag.py:3239} INFO - Sync 3 DAGs
[2024-10-04T10:37:07.464+0100] {logging_mixin.py:190} INFO - [2024-10-04T10:37:07.464+0100] {dag.py:4180} INFO - Setting next_dagrun for dataset_with_extra_by_context to 2024-10-03 00:00:00+00:00, run_after=2024-10-04 00:00:00+00:00
[2024-10-04T10:37:07.466+0100] {logging_mixin.py:190} INFO - [2024-10-04T10:37:07.466+0100] {dag.py:4180} INFO - Setting next_dagrun for dataset_with_extra_by_yield to 2024-10-03 00:00:00+00:00, run_after=2024-10-04 00:00:00+00:00
[2024-10-04T10:37:07.466+0100] {logging_mixin.py:190} INFO - [2024-10-04T10:37:07.466+0100] {dag.py:4180} INFO - Setting next_dagrun for dataset_with_extra_from_classic_operator to 2024-10-03 00:00:00+00:00, run_after=2024-10-04 00:00:00+00:00
[2024-10-04T10:37:07.473+0100] {processor.py:208} INFO - Processing /opt/miniconda3/envs/airflow/lib/python3.8/site-packages/airflow/example_dags/example_outlet_event_extra.py took 0.102 seconds
