[2024-10-04T01:55:45.268+0100] {processor.py:186} INFO - Started process (PID=17453) to work on /opt/miniconda3/envs/airflow/lib/python3.8/site-packages/airflow/example_dags/example_branch_operator.py
[2024-10-04T01:55:45.268+0100] {processor.py:914} INFO - Processing file /opt/miniconda3/envs/airflow/lib/python3.8/site-packages/airflow/example_dags/example_branch_operator.py for tasks to queue
[2024-10-04T01:55:45.268+0100] {logging_mixin.py:190} INFO - [2024-10-04T01:55:45.268+0100] {dagbag.py:588} INFO - Filling up the DagBag from /opt/miniconda3/envs/airflow/lib/python3.8/site-packages/airflow/example_dags/example_branch_operator.py
[2024-10-04T01:55:45.290+0100] {processor.py:927} WARNING - No viable dags retrieved from /opt/miniconda3/envs/airflow/lib/python3.8/site-packages/airflow/example_dags/example_branch_operator.py
[2024-10-04T01:55:45.319+0100] {processor.py:208} INFO - Processing /opt/miniconda3/envs/airflow/lib/python3.8/site-packages/airflow/example_dags/example_branch_operator.py took 0.053 seconds
[2024-10-04T02:29:25.603+0100] {processor.py:186} INFO - Started process (PID=17617) to work on /opt/miniconda3/envs/airflow/lib/python3.8/site-packages/airflow/example_dags/example_branch_operator.py
[2024-10-04T02:29:25.604+0100] {processor.py:914} INFO - Processing file /opt/miniconda3/envs/airflow/lib/python3.8/site-packages/airflow/example_dags/example_branch_operator.py for tasks to queue
[2024-10-04T02:29:25.604+0100] {logging_mixin.py:190} INFO - [2024-10-04T02:29:25.604+0100] {dagbag.py:588} INFO - Filling up the DagBag from /opt/miniconda3/envs/airflow/lib/python3.8/site-packages/airflow/example_dags/example_branch_operator.py
[2024-10-04T02:29:25.627+0100] {processor.py:927} WARNING - No viable dags retrieved from /opt/miniconda3/envs/airflow/lib/python3.8/site-packages/airflow/example_dags/example_branch_operator.py
[2024-10-04T02:29:25.656+0100] {processor.py:208} INFO - Processing /opt/miniconda3/envs/airflow/lib/python3.8/site-packages/airflow/example_dags/example_branch_operator.py took 0.054 seconds
[2024-10-04T03:51:21.186+0100] {processor.py:186} INFO - Started process (PID=17761) to work on /opt/miniconda3/envs/airflow/lib/python3.8/site-packages/airflow/example_dags/example_branch_operator.py
[2024-10-04T03:51:21.187+0100] {processor.py:914} INFO - Processing file /opt/miniconda3/envs/airflow/lib/python3.8/site-packages/airflow/example_dags/example_branch_operator.py for tasks to queue
[2024-10-04T03:51:21.187+0100] {logging_mixin.py:190} INFO - [2024-10-04T03:51:21.187+0100] {dagbag.py:588} INFO - Filling up the DagBag from /opt/miniconda3/envs/airflow/lib/python3.8/site-packages/airflow/example_dags/example_branch_operator.py
[2024-10-04T03:51:21.209+0100] {processor.py:927} WARNING - No viable dags retrieved from /opt/miniconda3/envs/airflow/lib/python3.8/site-packages/airflow/example_dags/example_branch_operator.py
[2024-10-04T03:51:21.238+0100] {processor.py:208} INFO - Processing /opt/miniconda3/envs/airflow/lib/python3.8/site-packages/airflow/example_dags/example_branch_operator.py took 0.054 seconds
[2024-10-04T04:32:21.704+0100] {processor.py:186} INFO - Started process (PID=17939) to work on /opt/miniconda3/envs/airflow/lib/python3.8/site-packages/airflow/example_dags/example_branch_operator.py
[2024-10-04T04:32:21.705+0100] {processor.py:914} INFO - Processing file /opt/miniconda3/envs/airflow/lib/python3.8/site-packages/airflow/example_dags/example_branch_operator.py for tasks to queue
[2024-10-04T04:32:21.705+0100] {logging_mixin.py:190} INFO - [2024-10-04T04:32:21.705+0100] {dagbag.py:588} INFO - Filling up the DagBag from /opt/miniconda3/envs/airflow/lib/python3.8/site-packages/airflow/example_dags/example_branch_operator.py
[2024-10-04T04:32:21.729+0100] {processor.py:927} WARNING - No viable dags retrieved from /opt/miniconda3/envs/airflow/lib/python3.8/site-packages/airflow/example_dags/example_branch_operator.py
[2024-10-04T04:32:21.757+0100] {processor.py:208} INFO - Processing /opt/miniconda3/envs/airflow/lib/python3.8/site-packages/airflow/example_dags/example_branch_operator.py took 0.054 seconds
[2024-10-04T06:14:35.007+0100] {processor.py:186} INFO - Started process (PID=18087) to work on /opt/miniconda3/envs/airflow/lib/python3.8/site-packages/airflow/example_dags/example_branch_operator.py
[2024-10-04T06:14:35.008+0100] {processor.py:914} INFO - Processing file /opt/miniconda3/envs/airflow/lib/python3.8/site-packages/airflow/example_dags/example_branch_operator.py for tasks to queue
[2024-10-04T06:14:35.008+0100] {logging_mixin.py:190} INFO - [2024-10-04T06:14:35.008+0100] {dagbag.py:588} INFO - Filling up the DagBag from /opt/miniconda3/envs/airflow/lib/python3.8/site-packages/airflow/example_dags/example_branch_operator.py
[2024-10-04T06:14:35.030+0100] {processor.py:927} WARNING - No viable dags retrieved from /opt/miniconda3/envs/airflow/lib/python3.8/site-packages/airflow/example_dags/example_branch_operator.py
[2024-10-04T06:14:35.059+0100] {processor.py:208} INFO - Processing /opt/miniconda3/envs/airflow/lib/python3.8/site-packages/airflow/example_dags/example_branch_operator.py took 0.054 seconds
[2024-10-04T06:16:25.254+0100] {processor.py:186} INFO - Started process (PID=19910) to work on /opt/miniconda3/envs/airflow/lib/python3.8/site-packages/airflow/example_dags/example_branch_operator.py
[2024-10-04T06:16:25.255+0100] {processor.py:914} INFO - Processing file /opt/miniconda3/envs/airflow/lib/python3.8/site-packages/airflow/example_dags/example_branch_operator.py for tasks to queue
[2024-10-04T06:16:25.256+0100] {logging_mixin.py:190} INFO - [2024-10-04T06:16:25.256+0100] {dagbag.py:588} INFO - Filling up the DagBag from /opt/miniconda3/envs/airflow/lib/python3.8/site-packages/airflow/example_dags/example_branch_operator.py
[2024-10-04T06:16:25.278+0100] {processor.py:927} WARNING - No viable dags retrieved from /opt/miniconda3/envs/airflow/lib/python3.8/site-packages/airflow/example_dags/example_branch_operator.py
[2024-10-04T06:16:25.306+0100] {processor.py:208} INFO - Processing /opt/miniconda3/envs/airflow/lib/python3.8/site-packages/airflow/example_dags/example_branch_operator.py took 0.053 seconds
[2024-10-04T08:39:06.124+0100] {processor.py:186} INFO - Started process (PID=20151) to work on /opt/miniconda3/envs/airflow/lib/python3.8/site-packages/airflow/example_dags/example_branch_operator.py
[2024-10-04T08:39:06.124+0100] {processor.py:914} INFO - Processing file /opt/miniconda3/envs/airflow/lib/python3.8/site-packages/airflow/example_dags/example_branch_operator.py for tasks to queue
[2024-10-04T08:39:06.125+0100] {logging_mixin.py:190} INFO - [2024-10-04T08:39:06.125+0100] {dagbag.py:588} INFO - Filling up the DagBag from /opt/miniconda3/envs/airflow/lib/python3.8/site-packages/airflow/example_dags/example_branch_operator.py
[2024-10-04T08:39:06.146+0100] {processor.py:927} WARNING - No viable dags retrieved from /opt/miniconda3/envs/airflow/lib/python3.8/site-packages/airflow/example_dags/example_branch_operator.py
[2024-10-04T08:39:06.175+0100] {processor.py:208} INFO - Processing /opt/miniconda3/envs/airflow/lib/python3.8/site-packages/airflow/example_dags/example_branch_operator.py took 0.053 seconds
[2024-10-04T08:40:56.949+0100] {processor.py:186} INFO - Started process (PID=20307) to work on /opt/miniconda3/envs/airflow/lib/python3.8/site-packages/airflow/example_dags/example_branch_operator.py
[2024-10-04T08:40:56.949+0100] {processor.py:914} INFO - Processing file /opt/miniconda3/envs/airflow/lib/python3.8/site-packages/airflow/example_dags/example_branch_operator.py for tasks to queue
[2024-10-04T08:40:56.950+0100] {logging_mixin.py:190} INFO - [2024-10-04T08:40:56.950+0100] {dagbag.py:588} INFO - Filling up the DagBag from /opt/miniconda3/envs/airflow/lib/python3.8/site-packages/airflow/example_dags/example_branch_operator.py
[2024-10-04T08:40:56.971+0100] {processor.py:927} WARNING - No viable dags retrieved from /opt/miniconda3/envs/airflow/lib/python3.8/site-packages/airflow/example_dags/example_branch_operator.py
[2024-10-04T08:40:57.000+0100] {processor.py:208} INFO - Processing /opt/miniconda3/envs/airflow/lib/python3.8/site-packages/airflow/example_dags/example_branch_operator.py took 0.052 seconds
[2024-10-04T09:41:47.316+0100] {processor.py:186} INFO - Started process (PID=20556) to work on /opt/miniconda3/envs/airflow/lib/python3.8/site-packages/airflow/example_dags/example_branch_operator.py
[2024-10-04T09:41:47.317+0100] {processor.py:914} INFO - Processing file /opt/miniconda3/envs/airflow/lib/python3.8/site-packages/airflow/example_dags/example_branch_operator.py for tasks to queue
[2024-10-04T09:41:47.317+0100] {logging_mixin.py:190} INFO - [2024-10-04T09:41:47.317+0100] {dagbag.py:588} INFO - Filling up the DagBag from /opt/miniconda3/envs/airflow/lib/python3.8/site-packages/airflow/example_dags/example_branch_operator.py
[2024-10-04T09:41:47.339+0100] {processor.py:927} WARNING - No viable dags retrieved from /opt/miniconda3/envs/airflow/lib/python3.8/site-packages/airflow/example_dags/example_branch_operator.py
[2024-10-04T09:41:47.367+0100] {processor.py:208} INFO - Processing /opt/miniconda3/envs/airflow/lib/python3.8/site-packages/airflow/example_dags/example_branch_operator.py took 0.053 seconds
[2024-10-04T09:43:40.486+0100] {processor.py:186} INFO - Started process (PID=20702) to work on /opt/miniconda3/envs/airflow/lib/python3.8/site-packages/airflow/example_dags/example_branch_operator.py
[2024-10-04T09:43:40.486+0100] {processor.py:914} INFO - Processing file /opt/miniconda3/envs/airflow/lib/python3.8/site-packages/airflow/example_dags/example_branch_operator.py for tasks to queue
[2024-10-04T09:43:40.487+0100] {logging_mixin.py:190} INFO - [2024-10-04T09:43:40.487+0100] {dagbag.py:588} INFO - Filling up the DagBag from /opt/miniconda3/envs/airflow/lib/python3.8/site-packages/airflow/example_dags/example_branch_operator.py
[2024-10-04T09:43:40.508+0100] {processor.py:927} WARNING - No viable dags retrieved from /opt/miniconda3/envs/airflow/lib/python3.8/site-packages/airflow/example_dags/example_branch_operator.py
[2024-10-04T09:43:40.537+0100] {processor.py:208} INFO - Processing /opt/miniconda3/envs/airflow/lib/python3.8/site-packages/airflow/example_dags/example_branch_operator.py took 0.052 seconds
[2024-10-04T10:20:44.458+0100] {processor.py:186} INFO - Started process (PID=20906) to work on /opt/miniconda3/envs/airflow/lib/python3.8/site-packages/airflow/example_dags/example_branch_operator.py
[2024-10-04T10:20:44.459+0100] {processor.py:914} INFO - Processing file /opt/miniconda3/envs/airflow/lib/python3.8/site-packages/airflow/example_dags/example_branch_operator.py for tasks to queue
[2024-10-04T10:20:44.459+0100] {logging_mixin.py:190} INFO - [2024-10-04T10:20:44.459+0100] {dagbag.py:588} INFO - Filling up the DagBag from /opt/miniconda3/envs/airflow/lib/python3.8/site-packages/airflow/example_dags/example_branch_operator.py
[2024-10-04T10:20:44.482+0100] {processor.py:927} WARNING - No viable dags retrieved from /opt/miniconda3/envs/airflow/lib/python3.8/site-packages/airflow/example_dags/example_branch_operator.py
[2024-10-04T10:20:44.511+0100] {processor.py:208} INFO - Processing /opt/miniconda3/envs/airflow/lib/python3.8/site-packages/airflow/example_dags/example_branch_operator.py took 0.054 seconds
[2024-10-04T10:22:45.937+0100] {processor.py:186} INFO - Started process (PID=21066) to work on /opt/miniconda3/envs/airflow/lib/python3.8/site-packages/airflow/example_dags/example_branch_operator.py
[2024-10-04T10:22:45.938+0100] {processor.py:914} INFO - Processing file /opt/miniconda3/envs/airflow/lib/python3.8/site-packages/airflow/example_dags/example_branch_operator.py for tasks to queue
[2024-10-04T10:22:45.938+0100] {logging_mixin.py:190} INFO - [2024-10-04T10:22:45.938+0100] {dagbag.py:588} INFO - Filling up the DagBag from /opt/miniconda3/envs/airflow/lib/python3.8/site-packages/airflow/example_dags/example_branch_operator.py
[2024-10-04T10:22:45.960+0100] {processor.py:927} WARNING - No viable dags retrieved from /opt/miniconda3/envs/airflow/lib/python3.8/site-packages/airflow/example_dags/example_branch_operator.py
[2024-10-04T10:22:45.990+0100] {processor.py:208} INFO - Processing /opt/miniconda3/envs/airflow/lib/python3.8/site-packages/airflow/example_dags/example_branch_operator.py took 0.054 seconds
[2024-10-04T10:26:02.237+0100] {processor.py:186} INFO - Started process (PID=21236) to work on /opt/miniconda3/envs/airflow/lib/python3.8/site-packages/airflow/example_dags/example_branch_operator.py
[2024-10-04T10:26:02.237+0100] {processor.py:914} INFO - Processing file /opt/miniconda3/envs/airflow/lib/python3.8/site-packages/airflow/example_dags/example_branch_operator.py for tasks to queue
[2024-10-04T10:26:02.237+0100] {logging_mixin.py:190} INFO - [2024-10-04T10:26:02.237+0100] {dagbag.py:588} INFO - Filling up the DagBag from /opt/miniconda3/envs/airflow/lib/python3.8/site-packages/airflow/example_dags/example_branch_operator.py
[2024-10-04T10:26:02.260+0100] {processor.py:927} WARNING - No viable dags retrieved from /opt/miniconda3/envs/airflow/lib/python3.8/site-packages/airflow/example_dags/example_branch_operator.py
[2024-10-04T10:26:02.289+0100] {processor.py:208} INFO - Processing /opt/miniconda3/envs/airflow/lib/python3.8/site-packages/airflow/example_dags/example_branch_operator.py took 0.054 seconds
[2024-10-04T10:27:54.750+0100] {processor.py:186} INFO - Started process (PID=21389) to work on /opt/miniconda3/envs/airflow/lib/python3.8/site-packages/airflow/example_dags/example_branch_operator.py
[2024-10-04T10:27:54.751+0100] {processor.py:914} INFO - Processing file /opt/miniconda3/envs/airflow/lib/python3.8/site-packages/airflow/example_dags/example_branch_operator.py for tasks to queue
[2024-10-04T10:27:54.752+0100] {logging_mixin.py:190} INFO - [2024-10-04T10:27:54.751+0100] {dagbag.py:588} INFO - Filling up the DagBag from /opt/miniconda3/envs/airflow/lib/python3.8/site-packages/airflow/example_dags/example_branch_operator.py
[2024-10-04T10:27:54.774+0100] {processor.py:927} WARNING - No viable dags retrieved from /opt/miniconda3/envs/airflow/lib/python3.8/site-packages/airflow/example_dags/example_branch_operator.py
[2024-10-04T10:27:54.802+0100] {processor.py:208} INFO - Processing /opt/miniconda3/envs/airflow/lib/python3.8/site-packages/airflow/example_dags/example_branch_operator.py took 0.054 seconds
[2024-10-04T10:29:50.120+0100] {processor.py:186} INFO - Started process (PID=21576) to work on /opt/miniconda3/envs/airflow/lib/python3.8/site-packages/airflow/example_dags/example_branch_operator.py
[2024-10-04T10:29:50.122+0100] {processor.py:914} INFO - Processing file /opt/miniconda3/envs/airflow/lib/python3.8/site-packages/airflow/example_dags/example_branch_operator.py for tasks to queue
[2024-10-04T10:29:50.122+0100] {logging_mixin.py:190} INFO - [2024-10-04T10:29:50.122+0100] {dagbag.py:588} INFO - Filling up the DagBag from /opt/miniconda3/envs/airflow/lib/python3.8/site-packages/airflow/example_dags/example_branch_operator.py
[2024-10-04T10:29:50.149+0100] {processor.py:927} WARNING - No viable dags retrieved from /opt/miniconda3/envs/airflow/lib/python3.8/site-packages/airflow/example_dags/example_branch_operator.py
[2024-10-04T10:29:50.181+0100] {processor.py:208} INFO - Processing /opt/miniconda3/envs/airflow/lib/python3.8/site-packages/airflow/example_dags/example_branch_operator.py took 0.063 seconds
[2024-10-04T10:31:45.250+0100] {processor.py:186} INFO - Started process (PID=21746) to work on /opt/miniconda3/envs/airflow/lib/python3.8/site-packages/airflow/example_dags/example_branch_operator.py
[2024-10-04T10:31:45.250+0100] {processor.py:914} INFO - Processing file /opt/miniconda3/envs/airflow/lib/python3.8/site-packages/airflow/example_dags/example_branch_operator.py for tasks to queue
[2024-10-04T10:31:45.250+0100] {logging_mixin.py:190} INFO - [2024-10-04T10:31:45.250+0100] {dagbag.py:588} INFO - Filling up the DagBag from /opt/miniconda3/envs/airflow/lib/python3.8/site-packages/airflow/example_dags/example_branch_operator.py
[2024-10-04T10:31:45.274+0100] {processor.py:927} WARNING - No viable dags retrieved from /opt/miniconda3/envs/airflow/lib/python3.8/site-packages/airflow/example_dags/example_branch_operator.py
[2024-10-04T10:31:45.303+0100] {processor.py:208} INFO - Processing /opt/miniconda3/envs/airflow/lib/python3.8/site-packages/airflow/example_dags/example_branch_operator.py took 0.054 seconds
[2024-10-04T10:33:49.329+0100] {processor.py:186} INFO - Started process (PID=21916) to work on /opt/miniconda3/envs/airflow/lib/python3.8/site-packages/airflow/example_dags/example_branch_operator.py
[2024-10-04T10:33:49.329+0100] {processor.py:914} INFO - Processing file /opt/miniconda3/envs/airflow/lib/python3.8/site-packages/airflow/example_dags/example_branch_operator.py for tasks to queue
[2024-10-04T10:33:49.329+0100] {logging_mixin.py:190} INFO - [2024-10-04T10:33:49.329+0100] {dagbag.py:588} INFO - Filling up the DagBag from /opt/miniconda3/envs/airflow/lib/python3.8/site-packages/airflow/example_dags/example_branch_operator.py
[2024-10-04T10:33:49.352+0100] {processor.py:927} WARNING - No viable dags retrieved from /opt/miniconda3/envs/airflow/lib/python3.8/site-packages/airflow/example_dags/example_branch_operator.py
[2024-10-04T10:33:49.381+0100] {processor.py:208} INFO - Processing /opt/miniconda3/envs/airflow/lib/python3.8/site-packages/airflow/example_dags/example_branch_operator.py took 0.053 seconds
[2024-10-04T10:36:03.823+0100] {processor.py:186} INFO - Started process (PID=22087) to work on /opt/miniconda3/envs/airflow/lib/python3.8/site-packages/airflow/example_dags/example_branch_operator.py
[2024-10-04T10:36:03.824+0100] {processor.py:914} INFO - Processing file /opt/miniconda3/envs/airflow/lib/python3.8/site-packages/airflow/example_dags/example_branch_operator.py for tasks to queue
[2024-10-04T10:36:03.824+0100] {logging_mixin.py:190} INFO - [2024-10-04T10:36:03.824+0100] {dagbag.py:588} INFO - Filling up the DagBag from /opt/miniconda3/envs/airflow/lib/python3.8/site-packages/airflow/example_dags/example_branch_operator.py
[2024-10-04T10:36:03.847+0100] {processor.py:927} WARNING - No viable dags retrieved from /opt/miniconda3/envs/airflow/lib/python3.8/site-packages/airflow/example_dags/example_branch_operator.py
[2024-10-04T10:36:03.876+0100] {processor.py:208} INFO - Processing /opt/miniconda3/envs/airflow/lib/python3.8/site-packages/airflow/example_dags/example_branch_operator.py took 0.054 seconds
