[2024-10-04T01:55:00.354+0100] {processor.py:186} INFO - Started process (PID=17396) to work on /opt/miniconda3/envs/airflow/lib/python3.8/site-packages/airflow/example_dags/example_setup_teardown_taskflow.py
[2024-10-04T01:55:00.354+0100] {processor.py:914} INFO - Processing file /opt/miniconda3/envs/airflow/lib/python3.8/site-packages/airflow/example_dags/example_setup_teardown_taskflow.py for tasks to queue
[2024-10-04T01:55:00.355+0100] {logging_mixin.py:190} INFO - [2024-10-04T01:55:00.355+0100] {dagbag.py:588} INFO - Filling up the DagBag from /opt/miniconda3/envs/airflow/lib/python3.8/site-packages/airflow/example_dags/example_setup_teardown_taskflow.py
[2024-10-04T01:55:00.383+0100] {processor.py:925} INFO - DAG(s) 'example_setup_teardown_taskflow' retrieved from /opt/miniconda3/envs/airflow/lib/python3.8/site-packages/airflow/example_dags/example_setup_teardown_taskflow.py
[2024-10-04T01:55:00.415+0100] {logging_mixin.py:190} INFO - [2024-10-04T01:55:00.415+0100] {dag.py:3239} INFO - Sync 1 DAGs
[2024-10-04T01:55:00.419+0100] {logging_mixin.py:190} INFO - [2024-10-04T01:55:00.419+0100] {dag.py:4180} INFO - Setting next_dagrun for example_setup_teardown_taskflow to None, run_after=None
[2024-10-04T01:55:00.425+0100] {processor.py:208} INFO - Processing /opt/miniconda3/envs/airflow/lib/python3.8/site-packages/airflow/example_dags/example_setup_teardown_taskflow.py took 0.072 seconds
[2024-10-04T01:56:29.984+0100] {processor.py:186} INFO - Started process (PID=17510) to work on /opt/miniconda3/envs/airflow/lib/python3.8/site-packages/airflow/example_dags/example_setup_teardown_taskflow.py
[2024-10-04T01:56:29.984+0100] {processor.py:914} INFO - Processing file /opt/miniconda3/envs/airflow/lib/python3.8/site-packages/airflow/example_dags/example_setup_teardown_taskflow.py for tasks to queue
[2024-10-04T01:56:29.984+0100] {logging_mixin.py:190} INFO - [2024-10-04T01:56:29.984+0100] {dagbag.py:588} INFO - Filling up the DagBag from /opt/miniconda3/envs/airflow/lib/python3.8/site-packages/airflow/example_dags/example_setup_teardown_taskflow.py
[2024-10-04T01:56:30.011+0100] {processor.py:925} INFO - DAG(s) 'example_setup_teardown_taskflow' retrieved from /opt/miniconda3/envs/airflow/lib/python3.8/site-packages/airflow/example_dags/example_setup_teardown_taskflow.py
[2024-10-04T01:56:30.044+0100] {logging_mixin.py:190} INFO - [2024-10-04T01:56:30.044+0100] {dag.py:3239} INFO - Sync 1 DAGs
[2024-10-04T01:56:30.048+0100] {logging_mixin.py:190} INFO - [2024-10-04T01:56:30.047+0100] {dag.py:4180} INFO - Setting next_dagrun for example_setup_teardown_taskflow to None, run_after=None
[2024-10-04T01:56:30.053+0100] {processor.py:208} INFO - Processing /opt/miniconda3/envs/airflow/lib/python3.8/site-packages/airflow/example_dags/example_setup_teardown_taskflow.py took 0.071 seconds
[2024-10-04T03:50:36.388+0100] {processor.py:186} INFO - Started process (PID=17699) to work on /opt/miniconda3/envs/airflow/lib/python3.8/site-packages/airflow/example_dags/example_setup_teardown_taskflow.py
[2024-10-04T03:50:36.388+0100] {processor.py:914} INFO - Processing file /opt/miniconda3/envs/airflow/lib/python3.8/site-packages/airflow/example_dags/example_setup_teardown_taskflow.py for tasks to queue
[2024-10-04T03:50:36.389+0100] {logging_mixin.py:190} INFO - [2024-10-04T03:50:36.389+0100] {dagbag.py:588} INFO - Filling up the DagBag from /opt/miniconda3/envs/airflow/lib/python3.8/site-packages/airflow/example_dags/example_setup_teardown_taskflow.py
[2024-10-04T03:50:36.418+0100] {processor.py:925} INFO - DAG(s) 'example_setup_teardown_taskflow' retrieved from /opt/miniconda3/envs/airflow/lib/python3.8/site-packages/airflow/example_dags/example_setup_teardown_taskflow.py
[2024-10-04T03:50:36.451+0100] {logging_mixin.py:190} INFO - [2024-10-04T03:50:36.451+0100] {dag.py:3239} INFO - Sync 1 DAGs
[2024-10-04T03:50:36.455+0100] {logging_mixin.py:190} INFO - [2024-10-04T03:50:36.455+0100] {dag.py:4180} INFO - Setting next_dagrun for example_setup_teardown_taskflow to None, run_after=None
[2024-10-04T03:50:36.460+0100] {processor.py:208} INFO - Processing /opt/miniconda3/envs/airflow/lib/python3.8/site-packages/airflow/example_dags/example_setup_teardown_taskflow.py took 0.073 seconds
[2024-10-04T03:52:10.666+0100] {processor.py:186} INFO - Started process (PID=17823) to work on /opt/miniconda3/envs/airflow/lib/python3.8/site-packages/airflow/example_dags/example_setup_teardown_taskflow.py
[2024-10-04T03:52:10.667+0100] {processor.py:914} INFO - Processing file /opt/miniconda3/envs/airflow/lib/python3.8/site-packages/airflow/example_dags/example_setup_teardown_taskflow.py for tasks to queue
[2024-10-04T03:52:10.667+0100] {logging_mixin.py:190} INFO - [2024-10-04T03:52:10.667+0100] {dagbag.py:588} INFO - Filling up the DagBag from /opt/miniconda3/envs/airflow/lib/python3.8/site-packages/airflow/example_dags/example_setup_teardown_taskflow.py
[2024-10-04T03:52:10.694+0100] {processor.py:925} INFO - DAG(s) 'example_setup_teardown_taskflow' retrieved from /opt/miniconda3/envs/airflow/lib/python3.8/site-packages/airflow/example_dags/example_setup_teardown_taskflow.py
[2024-10-04T03:52:10.727+0100] {logging_mixin.py:190} INFO - [2024-10-04T03:52:10.726+0100] {dag.py:3239} INFO - Sync 1 DAGs
[2024-10-04T03:52:10.730+0100] {logging_mixin.py:190} INFO - [2024-10-04T03:52:10.730+0100] {dag.py:4180} INFO - Setting next_dagrun for example_setup_teardown_taskflow to None, run_after=None
[2024-10-04T03:52:10.737+0100] {processor.py:208} INFO - Processing /opt/miniconda3/envs/airflow/lib/python3.8/site-packages/airflow/example_dags/example_setup_teardown_taskflow.py took 0.073 seconds
[2024-10-04T06:13:53.735+0100] {processor.py:186} INFO - Started process (PID=18025) to work on /opt/miniconda3/envs/airflow/lib/python3.8/site-packages/airflow/example_dags/example_setup_teardown_taskflow.py
[2024-10-04T06:13:53.736+0100] {processor.py:914} INFO - Processing file /opt/miniconda3/envs/airflow/lib/python3.8/site-packages/airflow/example_dags/example_setup_teardown_taskflow.py for tasks to queue
[2024-10-04T06:13:53.737+0100] {logging_mixin.py:190} INFO - [2024-10-04T06:13:53.737+0100] {dagbag.py:588} INFO - Filling up the DagBag from /opt/miniconda3/envs/airflow/lib/python3.8/site-packages/airflow/example_dags/example_setup_teardown_taskflow.py
[2024-10-04T06:13:53.764+0100] {processor.py:925} INFO - DAG(s) 'example_setup_teardown_taskflow' retrieved from /opt/miniconda3/envs/airflow/lib/python3.8/site-packages/airflow/example_dags/example_setup_teardown_taskflow.py
[2024-10-04T06:13:53.796+0100] {logging_mixin.py:190} INFO - [2024-10-04T06:13:53.796+0100] {dag.py:3239} INFO - Sync 1 DAGs
[2024-10-04T06:13:53.800+0100] {logging_mixin.py:190} INFO - [2024-10-04T06:13:53.800+0100] {dag.py:4180} INFO - Setting next_dagrun for example_setup_teardown_taskflow to None, run_after=None
[2024-10-04T06:13:53.806+0100] {processor.py:208} INFO - Processing /opt/miniconda3/envs/airflow/lib/python3.8/site-packages/airflow/example_dags/example_setup_teardown_taskflow.py took 0.072 seconds
[2024-10-04T06:15:12.567+0100] {processor.py:186} INFO - Started process (PID=18145) to work on /opt/miniconda3/envs/airflow/lib/python3.8/site-packages/airflow/example_dags/example_setup_teardown_taskflow.py
[2024-10-04T06:15:12.568+0100] {processor.py:914} INFO - Processing file /opt/miniconda3/envs/airflow/lib/python3.8/site-packages/airflow/example_dags/example_setup_teardown_taskflow.py for tasks to queue
[2024-10-04T06:15:12.569+0100] {logging_mixin.py:190} INFO - [2024-10-04T06:15:12.569+0100] {dagbag.py:588} INFO - Filling up the DagBag from /opt/miniconda3/envs/airflow/lib/python3.8/site-packages/airflow/example_dags/example_setup_teardown_taskflow.py
[2024-10-04T06:15:12.596+0100] {processor.py:925} INFO - DAG(s) 'example_setup_teardown_taskflow' retrieved from /opt/miniconda3/envs/airflow/lib/python3.8/site-packages/airflow/example_dags/example_setup_teardown_taskflow.py
[2024-10-04T06:15:12.628+0100] {logging_mixin.py:190} INFO - [2024-10-04T06:15:12.628+0100] {dag.py:3239} INFO - Sync 1 DAGs
[2024-10-04T06:15:12.632+0100] {logging_mixin.py:190} INFO - [2024-10-04T06:15:12.632+0100] {dag.py:4180} INFO - Setting next_dagrun for example_setup_teardown_taskflow to None, run_after=None
[2024-10-04T06:15:12.637+0100] {processor.py:208} INFO - Processing /opt/miniconda3/envs/airflow/lib/python3.8/site-packages/airflow/example_dags/example_setup_teardown_taskflow.py took 0.071 seconds
[2024-10-04T07:08:08.852+0100] {processor.py:186} INFO - Started process (PID=19980) to work on /opt/miniconda3/envs/airflow/lib/python3.8/site-packages/airflow/example_dags/example_setup_teardown_taskflow.py
[2024-10-04T07:08:08.853+0100] {processor.py:914} INFO - Processing file /opt/miniconda3/envs/airflow/lib/python3.8/site-packages/airflow/example_dags/example_setup_teardown_taskflow.py for tasks to queue
[2024-10-04T07:08:08.853+0100] {logging_mixin.py:190} INFO - [2024-10-04T07:08:08.853+0100] {dagbag.py:588} INFO - Filling up the DagBag from /opt/miniconda3/envs/airflow/lib/python3.8/site-packages/airflow/example_dags/example_setup_teardown_taskflow.py
[2024-10-04T07:08:08.886+0100] {processor.py:925} INFO - DAG(s) 'example_setup_teardown_taskflow' retrieved from /opt/miniconda3/envs/airflow/lib/python3.8/site-packages/airflow/example_dags/example_setup_teardown_taskflow.py
[2024-10-04T07:21:07.666+0100] {logging_mixin.py:190} INFO - [2024-10-04T07:21:07.665+0100] {dag.py:3239} INFO - Sync 1 DAGs
[2024-10-04T07:21:07.673+0100] {logging_mixin.py:190} INFO - [2024-10-04T07:21:07.673+0100] {dag.py:4180} INFO - Setting next_dagrun for example_setup_teardown_taskflow to None, run_after=None
[2024-10-04T07:21:07.758+0100] {processor.py:208} INFO - Processing /opt/miniconda3/envs/airflow/lib/python3.8/site-packages/airflow/example_dags/example_setup_teardown_taskflow.py took 0.412 seconds
[2024-10-04T08:19:29.310+0100] {processor.py:186} INFO - Started process (PID=20086) to work on /opt/miniconda3/envs/airflow/lib/python3.8/site-packages/airflow/example_dags/example_setup_teardown_taskflow.py
[2024-10-04T08:19:29.311+0100] {processor.py:914} INFO - Processing file /opt/miniconda3/envs/airflow/lib/python3.8/site-packages/airflow/example_dags/example_setup_teardown_taskflow.py for tasks to queue
[2024-10-04T08:19:29.311+0100] {logging_mixin.py:190} INFO - [2024-10-04T08:19:29.311+0100] {dagbag.py:588} INFO - Filling up the DagBag from /opt/miniconda3/envs/airflow/lib/python3.8/site-packages/airflow/example_dags/example_setup_teardown_taskflow.py
[2024-10-04T08:19:29.366+0100] {processor.py:925} INFO - DAG(s) 'example_setup_teardown_taskflow' retrieved from /opt/miniconda3/envs/airflow/lib/python3.8/site-packages/airflow/example_dags/example_setup_teardown_taskflow.py
[2024-10-04T08:19:29.406+0100] {logging_mixin.py:190} INFO - [2024-10-04T08:19:29.406+0100] {dag.py:3239} INFO - Sync 1 DAGs
[2024-10-04T08:19:29.410+0100] {logging_mixin.py:190} INFO - [2024-10-04T08:19:29.410+0100] {dag.py:4180} INFO - Setting next_dagrun for example_setup_teardown_taskflow to None, run_after=None
[2024-10-04T08:19:29.415+0100] {processor.py:208} INFO - Processing /opt/miniconda3/envs/airflow/lib/python3.8/site-packages/airflow/example_dags/example_setup_teardown_taskflow.py took 0.107 seconds
[2024-10-04T08:39:43.794+0100] {processor.py:186} INFO - Started process (PID=20203) to work on /opt/miniconda3/envs/airflow/lib/python3.8/site-packages/airflow/example_dags/example_setup_teardown_taskflow.py
[2024-10-04T08:39:43.794+0100] {processor.py:914} INFO - Processing file /opt/miniconda3/envs/airflow/lib/python3.8/site-packages/airflow/example_dags/example_setup_teardown_taskflow.py for tasks to queue
[2024-10-04T08:39:43.794+0100] {logging_mixin.py:190} INFO - [2024-10-04T08:39:43.794+0100] {dagbag.py:588} INFO - Filling up the DagBag from /opt/miniconda3/envs/airflow/lib/python3.8/site-packages/airflow/example_dags/example_setup_teardown_taskflow.py
[2024-10-04T08:39:43.822+0100] {processor.py:925} INFO - DAG(s) 'example_setup_teardown_taskflow' retrieved from /opt/miniconda3/envs/airflow/lib/python3.8/site-packages/airflow/example_dags/example_setup_teardown_taskflow.py
[2024-10-04T08:39:43.854+0100] {logging_mixin.py:190} INFO - [2024-10-04T08:39:43.854+0100] {dag.py:3239} INFO - Sync 1 DAGs
[2024-10-04T08:39:43.858+0100] {logging_mixin.py:190} INFO - [2024-10-04T08:39:43.858+0100] {dag.py:4180} INFO - Setting next_dagrun for example_setup_teardown_taskflow to None, run_after=None
[2024-10-04T08:39:43.863+0100] {processor.py:208} INFO - Processing /opt/miniconda3/envs/airflow/lib/python3.8/site-packages/airflow/example_dags/example_setup_teardown_taskflow.py took 0.071 seconds
[2024-10-04T08:41:34.757+0100] {processor.py:186} INFO - Started process (PID=20359) to work on /opt/miniconda3/envs/airflow/lib/python3.8/site-packages/airflow/example_dags/example_setup_teardown_taskflow.py
[2024-10-04T08:41:34.757+0100] {processor.py:914} INFO - Processing file /opt/miniconda3/envs/airflow/lib/python3.8/site-packages/airflow/example_dags/example_setup_teardown_taskflow.py for tasks to queue
[2024-10-04T08:41:34.757+0100] {logging_mixin.py:190} INFO - [2024-10-04T08:41:34.757+0100] {dagbag.py:588} INFO - Filling up the DagBag from /opt/miniconda3/envs/airflow/lib/python3.8/site-packages/airflow/example_dags/example_setup_teardown_taskflow.py
[2024-10-04T08:41:34.785+0100] {processor.py:925} INFO - DAG(s) 'example_setup_teardown_taskflow' retrieved from /opt/miniconda3/envs/airflow/lib/python3.8/site-packages/airflow/example_dags/example_setup_teardown_taskflow.py
[2024-10-04T08:41:34.817+0100] {logging_mixin.py:190} INFO - [2024-10-04T08:41:34.817+0100] {dag.py:3239} INFO - Sync 1 DAGs
[2024-10-04T08:41:34.821+0100] {logging_mixin.py:190} INFO - [2024-10-04T08:41:34.821+0100] {dag.py:4180} INFO - Setting next_dagrun for example_setup_teardown_taskflow to None, run_after=None
[2024-10-04T08:41:34.827+0100] {processor.py:208} INFO - Processing /opt/miniconda3/envs/airflow/lib/python3.8/site-packages/airflow/example_dags/example_setup_teardown_taskflow.py took 0.071 seconds
[2024-10-04T09:41:05.739+0100] {processor.py:186} INFO - Started process (PID=20472) to work on /opt/miniconda3/envs/airflow/lib/python3.8/site-packages/airflow/example_dags/example_setup_teardown_taskflow.py
[2024-10-04T09:41:05.739+0100] {processor.py:914} INFO - Processing file /opt/miniconda3/envs/airflow/lib/python3.8/site-packages/airflow/example_dags/example_setup_teardown_taskflow.py for tasks to queue
[2024-10-04T09:41:05.740+0100] {logging_mixin.py:190} INFO - [2024-10-04T09:41:05.740+0100] {dagbag.py:588} INFO - Filling up the DagBag from /opt/miniconda3/envs/airflow/lib/python3.8/site-packages/airflow/example_dags/example_setup_teardown_taskflow.py
[2024-10-04T09:41:05.776+0100] {processor.py:925} INFO - DAG(s) 'example_setup_teardown_taskflow' retrieved from /opt/miniconda3/envs/airflow/lib/python3.8/site-packages/airflow/example_dags/example_setup_teardown_taskflow.py
[2024-10-04T09:41:05.817+0100] {logging_mixin.py:190} INFO - [2024-10-04T09:41:05.817+0100] {dag.py:3239} INFO - Sync 1 DAGs
[2024-10-04T09:41:05.822+0100] {logging_mixin.py:190} INFO - [2024-10-04T09:41:05.822+0100] {dag.py:4180} INFO - Setting next_dagrun for example_setup_teardown_taskflow to None, run_after=None
[2024-10-04T09:41:05.829+0100] {processor.py:208} INFO - Processing /opt/miniconda3/envs/airflow/lib/python3.8/site-packages/airflow/example_dags/example_setup_teardown_taskflow.py took 0.092 seconds
[2024-10-04T09:42:30.402+0100] {processor.py:186} INFO - Started process (PID=20612) to work on /opt/miniconda3/envs/airflow/lib/python3.8/site-packages/airflow/example_dags/example_setup_teardown_taskflow.py
[2024-10-04T09:42:30.403+0100] {processor.py:914} INFO - Processing file /opt/miniconda3/envs/airflow/lib/python3.8/site-packages/airflow/example_dags/example_setup_teardown_taskflow.py for tasks to queue
[2024-10-04T09:42:30.403+0100] {logging_mixin.py:190} INFO - [2024-10-04T09:42:30.403+0100] {dagbag.py:588} INFO - Filling up the DagBag from /opt/miniconda3/envs/airflow/lib/python3.8/site-packages/airflow/example_dags/example_setup_teardown_taskflow.py
[2024-10-04T09:42:30.431+0100] {processor.py:925} INFO - DAG(s) 'example_setup_teardown_taskflow' retrieved from /opt/miniconda3/envs/airflow/lib/python3.8/site-packages/airflow/example_dags/example_setup_teardown_taskflow.py
[2024-10-04T09:42:30.464+0100] {logging_mixin.py:190} INFO - [2024-10-04T09:42:30.464+0100] {dag.py:3239} INFO - Sync 1 DAGs
[2024-10-04T09:42:30.467+0100] {logging_mixin.py:190} INFO - [2024-10-04T09:42:30.467+0100] {dag.py:4180} INFO - Setting next_dagrun for example_setup_teardown_taskflow to None, run_after=None
[2024-10-04T09:42:30.473+0100] {processor.py:208} INFO - Processing /opt/miniconda3/envs/airflow/lib/python3.8/site-packages/airflow/example_dags/example_setup_teardown_taskflow.py took 0.073 seconds
[2024-10-04T10:11:20.793+0100] {processor.py:186} INFO - Started process (PID=20763) to work on /opt/miniconda3/envs/airflow/lib/python3.8/site-packages/airflow/example_dags/example_setup_teardown_taskflow.py
[2024-10-04T10:11:20.793+0100] {processor.py:914} INFO - Processing file /opt/miniconda3/envs/airflow/lib/python3.8/site-packages/airflow/example_dags/example_setup_teardown_taskflow.py for tasks to queue
[2024-10-04T10:11:20.793+0100] {logging_mixin.py:190} INFO - [2024-10-04T10:11:20.793+0100] {dagbag.py:588} INFO - Filling up the DagBag from /opt/miniconda3/envs/airflow/lib/python3.8/site-packages/airflow/example_dags/example_setup_teardown_taskflow.py
[2024-10-04T10:11:20.823+0100] {processor.py:925} INFO - DAG(s) 'example_setup_teardown_taskflow' retrieved from /opt/miniconda3/envs/airflow/lib/python3.8/site-packages/airflow/example_dags/example_setup_teardown_taskflow.py
[2024-10-04T10:11:20.855+0100] {logging_mixin.py:190} INFO - [2024-10-04T10:11:20.855+0100] {dag.py:3239} INFO - Sync 1 DAGs
[2024-10-04T10:11:20.859+0100] {logging_mixin.py:190} INFO - [2024-10-04T10:11:20.859+0100] {dag.py:4180} INFO - Setting next_dagrun for example_setup_teardown_taskflow to None, run_after=None
[2024-10-04T10:11:20.865+0100] {processor.py:208} INFO - Processing /opt/miniconda3/envs/airflow/lib/python3.8/site-packages/airflow/example_dags/example_setup_teardown_taskflow.py took 0.073 seconds
[2024-10-04T10:20:21.164+0100] {processor.py:186} INFO - Started process (PID=20873) to work on /opt/miniconda3/envs/airflow/lib/python3.8/site-packages/airflow/example_dags/example_setup_teardown_taskflow.py
[2024-10-04T10:20:21.165+0100] {processor.py:914} INFO - Processing file /opt/miniconda3/envs/airflow/lib/python3.8/site-packages/airflow/example_dags/example_setup_teardown_taskflow.py for tasks to queue
[2024-10-04T10:20:21.165+0100] {logging_mixin.py:190} INFO - [2024-10-04T10:20:21.165+0100] {dagbag.py:588} INFO - Filling up the DagBag from /opt/miniconda3/envs/airflow/lib/python3.8/site-packages/airflow/example_dags/example_setup_teardown_taskflow.py
[2024-10-04T10:20:21.197+0100] {processor.py:925} INFO - DAG(s) 'example_setup_teardown_taskflow' retrieved from /opt/miniconda3/envs/airflow/lib/python3.8/site-packages/airflow/example_dags/example_setup_teardown_taskflow.py
[2024-10-04T10:20:21.232+0100] {logging_mixin.py:190} INFO - [2024-10-04T10:20:21.232+0100] {dag.py:3239} INFO - Sync 1 DAGs
[2024-10-04T10:20:21.237+0100] {logging_mixin.py:190} INFO - [2024-10-04T10:20:21.237+0100] {dag.py:4180} INFO - Setting next_dagrun for example_setup_teardown_taskflow to None, run_after=None
[2024-10-04T10:20:21.243+0100] {processor.py:208} INFO - Processing /opt/miniconda3/envs/airflow/lib/python3.8/site-packages/airflow/example_dags/example_setup_teardown_taskflow.py took 0.081 seconds
[2024-10-04T10:22:22.380+0100] {processor.py:186} INFO - Started process (PID=21033) to work on /opt/miniconda3/envs/airflow/lib/python3.8/site-packages/airflow/example_dags/example_setup_teardown_taskflow.py
[2024-10-04T10:22:22.380+0100] {processor.py:914} INFO - Processing file /opt/miniconda3/envs/airflow/lib/python3.8/site-packages/airflow/example_dags/example_setup_teardown_taskflow.py for tasks to queue
[2024-10-04T10:22:22.380+0100] {logging_mixin.py:190} INFO - [2024-10-04T10:22:22.380+0100] {dagbag.py:588} INFO - Filling up the DagBag from /opt/miniconda3/envs/airflow/lib/python3.8/site-packages/airflow/example_dags/example_setup_teardown_taskflow.py
[2024-10-04T10:22:22.409+0100] {processor.py:925} INFO - DAG(s) 'example_setup_teardown_taskflow' retrieved from /opt/miniconda3/envs/airflow/lib/python3.8/site-packages/airflow/example_dags/example_setup_teardown_taskflow.py
[2024-10-04T10:22:22.442+0100] {logging_mixin.py:190} INFO - [2024-10-04T10:22:22.441+0100] {dag.py:3239} INFO - Sync 1 DAGs
[2024-10-04T10:22:22.445+0100] {logging_mixin.py:190} INFO - [2024-10-04T10:22:22.445+0100] {dag.py:4180} INFO - Setting next_dagrun for example_setup_teardown_taskflow to None, run_after=None
[2024-10-04T10:22:22.451+0100] {processor.py:208} INFO - Processing /opt/miniconda3/envs/airflow/lib/python3.8/site-packages/airflow/example_dags/example_setup_teardown_taskflow.py took 0.073 seconds
[2024-10-04T10:24:47.338+0100] {processor.py:186} INFO - Started process (PID=21140) to work on /opt/miniconda3/envs/airflow/lib/python3.8/site-packages/airflow/example_dags/example_setup_teardown_taskflow.py
[2024-10-04T10:24:47.339+0100] {processor.py:914} INFO - Processing file /opt/miniconda3/envs/airflow/lib/python3.8/site-packages/airflow/example_dags/example_setup_teardown_taskflow.py for tasks to queue
[2024-10-04T10:24:47.339+0100] {logging_mixin.py:190} INFO - [2024-10-04T10:24:47.339+0100] {dagbag.py:588} INFO - Filling up the DagBag from /opt/miniconda3/envs/airflow/lib/python3.8/site-packages/airflow/example_dags/example_setup_teardown_taskflow.py
[2024-10-04T10:24:47.369+0100] {processor.py:925} INFO - DAG(s) 'example_setup_teardown_taskflow' retrieved from /opt/miniconda3/envs/airflow/lib/python3.8/site-packages/airflow/example_dags/example_setup_teardown_taskflow.py
[2024-10-04T10:24:47.402+0100] {logging_mixin.py:190} INFO - [2024-10-04T10:24:47.401+0100] {dag.py:3239} INFO - Sync 1 DAGs
[2024-10-04T10:24:47.405+0100] {logging_mixin.py:190} INFO - [2024-10-04T10:24:47.405+0100] {dag.py:4180} INFO - Setting next_dagrun for example_setup_teardown_taskflow to None, run_after=None
[2024-10-04T10:24:47.411+0100] {processor.py:208} INFO - Processing /opt/miniconda3/envs/airflow/lib/python3.8/site-packages/airflow/example_dags/example_setup_teardown_taskflow.py took 0.074 seconds
[2024-10-04T10:26:44.372+0100] {processor.py:186} INFO - Started process (PID=21294) to work on /opt/miniconda3/envs/airflow/lib/python3.8/site-packages/airflow/example_dags/example_setup_teardown_taskflow.py
[2024-10-04T10:26:44.372+0100] {processor.py:914} INFO - Processing file /opt/miniconda3/envs/airflow/lib/python3.8/site-packages/airflow/example_dags/example_setup_teardown_taskflow.py for tasks to queue
[2024-10-04T10:26:44.372+0100] {logging_mixin.py:190} INFO - [2024-10-04T10:26:44.372+0100] {dagbag.py:588} INFO - Filling up the DagBag from /opt/miniconda3/envs/airflow/lib/python3.8/site-packages/airflow/example_dags/example_setup_teardown_taskflow.py
[2024-10-04T10:26:44.400+0100] {processor.py:925} INFO - DAG(s) 'example_setup_teardown_taskflow' retrieved from /opt/miniconda3/envs/airflow/lib/python3.8/site-packages/airflow/example_dags/example_setup_teardown_taskflow.py
[2024-10-04T10:26:44.433+0100] {logging_mixin.py:190} INFO - [2024-10-04T10:26:44.433+0100] {dag.py:3239} INFO - Sync 1 DAGs
[2024-10-04T10:26:44.436+0100] {logging_mixin.py:190} INFO - [2024-10-04T10:26:44.436+0100] {dag.py:4180} INFO - Setting next_dagrun for example_setup_teardown_taskflow to None, run_after=None
[2024-10-04T10:26:44.442+0100] {processor.py:208} INFO - Processing /opt/miniconda3/envs/airflow/lib/python3.8/site-packages/airflow/example_dags/example_setup_teardown_taskflow.py took 0.072 seconds
[2024-10-04T10:28:39.134+0100] {processor.py:186} INFO - Started process (PID=21451) to work on /opt/miniconda3/envs/airflow/lib/python3.8/site-packages/airflow/example_dags/example_setup_teardown_taskflow.py
[2024-10-04T10:28:39.135+0100] {processor.py:914} INFO - Processing file /opt/miniconda3/envs/airflow/lib/python3.8/site-packages/airflow/example_dags/example_setup_teardown_taskflow.py for tasks to queue
[2024-10-04T10:28:39.135+0100] {logging_mixin.py:190} INFO - [2024-10-04T10:28:39.135+0100] {dagbag.py:588} INFO - Filling up the DagBag from /opt/miniconda3/envs/airflow/lib/python3.8/site-packages/airflow/example_dags/example_setup_teardown_taskflow.py
[2024-10-04T10:28:39.164+0100] {processor.py:925} INFO - DAG(s) 'example_setup_teardown_taskflow' retrieved from /opt/miniconda3/envs/airflow/lib/python3.8/site-packages/airflow/example_dags/example_setup_teardown_taskflow.py
[2024-10-04T10:28:39.196+0100] {logging_mixin.py:190} INFO - [2024-10-04T10:28:39.196+0100] {dag.py:3239} INFO - Sync 1 DAGs
[2024-10-04T10:28:39.200+0100] {logging_mixin.py:190} INFO - [2024-10-04T10:28:39.200+0100] {dag.py:4180} INFO - Setting next_dagrun for example_setup_teardown_taskflow to None, run_after=None
[2024-10-04T10:28:39.206+0100] {processor.py:208} INFO - Processing /opt/miniconda3/envs/airflow/lib/python3.8/site-packages/airflow/example_dags/example_setup_teardown_taskflow.py took 0.073 seconds
[2024-10-04T10:30:31.925+0100] {processor.py:186} INFO - Started process (PID=21638) to work on /opt/miniconda3/envs/airflow/lib/python3.8/site-packages/airflow/example_dags/example_setup_teardown_taskflow.py
[2024-10-04T10:30:31.927+0100] {processor.py:914} INFO - Processing file /opt/miniconda3/envs/airflow/lib/python3.8/site-packages/airflow/example_dags/example_setup_teardown_taskflow.py for tasks to queue
[2024-10-04T10:30:31.927+0100] {logging_mixin.py:190} INFO - [2024-10-04T10:30:31.927+0100] {dagbag.py:588} INFO - Filling up the DagBag from /opt/miniconda3/envs/airflow/lib/python3.8/site-packages/airflow/example_dags/example_setup_teardown_taskflow.py
[2024-10-04T10:30:31.955+0100] {processor.py:925} INFO - DAG(s) 'example_setup_teardown_taskflow' retrieved from /opt/miniconda3/envs/airflow/lib/python3.8/site-packages/airflow/example_dags/example_setup_teardown_taskflow.py
[2024-10-04T10:30:31.989+0100] {logging_mixin.py:190} INFO - [2024-10-04T10:30:31.989+0100] {dag.py:3239} INFO - Sync 1 DAGs
[2024-10-04T10:30:31.992+0100] {logging_mixin.py:190} INFO - [2024-10-04T10:30:31.992+0100] {dag.py:4180} INFO - Setting next_dagrun for example_setup_teardown_taskflow to None, run_after=None
[2024-10-04T10:30:31.998+0100] {processor.py:208} INFO - Processing /opt/miniconda3/envs/airflow/lib/python3.8/site-packages/airflow/example_dags/example_setup_teardown_taskflow.py took 0.074 seconds
[2024-10-04T10:32:29.808+0100] {processor.py:186} INFO - Started process (PID=21806) to work on /opt/miniconda3/envs/airflow/lib/python3.8/site-packages/airflow/example_dags/example_setup_teardown_taskflow.py
[2024-10-04T10:32:29.808+0100] {processor.py:914} INFO - Processing file /opt/miniconda3/envs/airflow/lib/python3.8/site-packages/airflow/example_dags/example_setup_teardown_taskflow.py for tasks to queue
[2024-10-04T10:32:29.808+0100] {logging_mixin.py:190} INFO - [2024-10-04T10:32:29.808+0100] {dagbag.py:588} INFO - Filling up the DagBag from /opt/miniconda3/envs/airflow/lib/python3.8/site-packages/airflow/example_dags/example_setup_teardown_taskflow.py
[2024-10-04T10:32:29.837+0100] {processor.py:925} INFO - DAG(s) 'example_setup_teardown_taskflow' retrieved from /opt/miniconda3/envs/airflow/lib/python3.8/site-packages/airflow/example_dags/example_setup_teardown_taskflow.py
[2024-10-04T10:32:29.869+0100] {logging_mixin.py:190} INFO - [2024-10-04T10:32:29.869+0100] {dag.py:3239} INFO - Sync 1 DAGs
[2024-10-04T10:32:29.873+0100] {logging_mixin.py:190} INFO - [2024-10-04T10:32:29.873+0100] {dag.py:4180} INFO - Setting next_dagrun for example_setup_teardown_taskflow to None, run_after=None
[2024-10-04T10:32:29.879+0100] {processor.py:208} INFO - Processing /opt/miniconda3/envs/airflow/lib/python3.8/site-packages/airflow/example_dags/example_setup_teardown_taskflow.py took 0.073 seconds
[2024-10-04T10:34:37.289+0100] {processor.py:186} INFO - Started process (PID=21974) to work on /opt/miniconda3/envs/airflow/lib/python3.8/site-packages/airflow/example_dags/example_setup_teardown_taskflow.py
[2024-10-04T10:34:37.290+0100] {processor.py:914} INFO - Processing file /opt/miniconda3/envs/airflow/lib/python3.8/site-packages/airflow/example_dags/example_setup_teardown_taskflow.py for tasks to queue
[2024-10-04T10:34:37.290+0100] {logging_mixin.py:190} INFO - [2024-10-04T10:34:37.290+0100] {dagbag.py:588} INFO - Filling up the DagBag from /opt/miniconda3/envs/airflow/lib/python3.8/site-packages/airflow/example_dags/example_setup_teardown_taskflow.py
[2024-10-04T10:34:37.318+0100] {processor.py:925} INFO - DAG(s) 'example_setup_teardown_taskflow' retrieved from /opt/miniconda3/envs/airflow/lib/python3.8/site-packages/airflow/example_dags/example_setup_teardown_taskflow.py
[2024-10-04T10:34:37.351+0100] {logging_mixin.py:190} INFO - [2024-10-04T10:34:37.351+0100] {dag.py:3239} INFO - Sync 1 DAGs
[2024-10-04T10:34:37.355+0100] {logging_mixin.py:190} INFO - [2024-10-04T10:34:37.355+0100] {dag.py:4180} INFO - Setting next_dagrun for example_setup_teardown_taskflow to None, run_after=None
[2024-10-04T10:34:37.361+0100] {processor.py:208} INFO - Processing /opt/miniconda3/envs/airflow/lib/python3.8/site-packages/airflow/example_dags/example_setup_teardown_taskflow.py took 0.073 seconds
[2024-10-04T10:36:51.637+0100] {processor.py:186} INFO - Started process (PID=22145) to work on /opt/miniconda3/envs/airflow/lib/python3.8/site-packages/airflow/example_dags/example_setup_teardown_taskflow.py
[2024-10-04T10:36:51.638+0100] {processor.py:914} INFO - Processing file /opt/miniconda3/envs/airflow/lib/python3.8/site-packages/airflow/example_dags/example_setup_teardown_taskflow.py for tasks to queue
[2024-10-04T10:36:51.639+0100] {logging_mixin.py:190} INFO - [2024-10-04T10:36:51.639+0100] {dagbag.py:588} INFO - Filling up the DagBag from /opt/miniconda3/envs/airflow/lib/python3.8/site-packages/airflow/example_dags/example_setup_teardown_taskflow.py
[2024-10-04T10:36:51.668+0100] {processor.py:925} INFO - DAG(s) 'example_setup_teardown_taskflow' retrieved from /opt/miniconda3/envs/airflow/lib/python3.8/site-packages/airflow/example_dags/example_setup_teardown_taskflow.py
[2024-10-04T10:36:51.701+0100] {logging_mixin.py:190} INFO - [2024-10-04T10:36:51.700+0100] {dag.py:3239} INFO - Sync 1 DAGs
[2024-10-04T10:36:51.704+0100] {logging_mixin.py:190} INFO - [2024-10-04T10:36:51.704+0100] {dag.py:4180} INFO - Setting next_dagrun for example_setup_teardown_taskflow to None, run_after=None
[2024-10-04T10:36:51.710+0100] {processor.py:208} INFO - Processing /opt/miniconda3/envs/airflow/lib/python3.8/site-packages/airflow/example_dags/example_setup_teardown_taskflow.py took 0.075 seconds
