[2024-10-04T01:38:28.047+0100] {processor.py:186} INFO - Started process (PID=17364) to work on /opt/miniconda3/envs/airflow/lib/python3.8/site-packages/airflow/example_dags/example_xcom.py
[2024-10-04T01:38:28.047+0100] {processor.py:914} INFO - Processing file /opt/miniconda3/envs/airflow/lib/python3.8/site-packages/airflow/example_dags/example_xcom.py for tasks to queue
[2024-10-04T01:38:28.047+0100] {logging_mixin.py:190} INFO - [2024-10-04T01:38:28.047+0100] {dagbag.py:588} INFO - Filling up the DagBag from /opt/miniconda3/envs/airflow/lib/python3.8/site-packages/airflow/example_dags/example_xcom.py
[2024-10-04T01:38:28.076+0100] {processor.py:925} INFO - DAG(s) 'example_xcom' retrieved from /opt/miniconda3/envs/airflow/lib/python3.8/site-packages/airflow/example_dags/example_xcom.py
[2024-10-04T01:38:28.109+0100] {logging_mixin.py:190} INFO - [2024-10-04T01:38:28.108+0100] {dag.py:3239} INFO - Sync 1 DAGs
[2024-10-04T01:38:28.114+0100] {logging_mixin.py:190} INFO - [2024-10-04T01:38:28.114+0100] {dag.py:4180} INFO - Setting next_dagrun for example_xcom to 2021-01-01 00:00:00+00:00, run_after=2021-01-01 00:00:00+00:00
[2024-10-04T01:38:28.119+0100] {processor.py:208} INFO - Processing /opt/miniconda3/envs/airflow/lib/python3.8/site-packages/airflow/example_dags/example_xcom.py took 0.074 seconds
[2024-10-04T01:56:10.367+0100] {processor.py:186} INFO - Started process (PID=17484) to work on /opt/miniconda3/envs/airflow/lib/python3.8/site-packages/airflow/example_dags/example_xcom.py
[2024-10-04T01:56:10.368+0100] {processor.py:914} INFO - Processing file /opt/miniconda3/envs/airflow/lib/python3.8/site-packages/airflow/example_dags/example_xcom.py for tasks to queue
[2024-10-04T01:56:10.368+0100] {logging_mixin.py:190} INFO - [2024-10-04T01:56:10.368+0100] {dagbag.py:588} INFO - Filling up the DagBag from /opt/miniconda3/envs/airflow/lib/python3.8/site-packages/airflow/example_dags/example_xcom.py
[2024-10-04T01:56:10.395+0100] {processor.py:925} INFO - DAG(s) 'example_xcom' retrieved from /opt/miniconda3/envs/airflow/lib/python3.8/site-packages/airflow/example_dags/example_xcom.py
[2024-10-04T01:56:10.427+0100] {logging_mixin.py:190} INFO - [2024-10-04T01:56:10.427+0100] {dag.py:3239} INFO - Sync 1 DAGs
[2024-10-04T01:56:10.433+0100] {logging_mixin.py:190} INFO - [2024-10-04T01:56:10.433+0100] {dag.py:4180} INFO - Setting next_dagrun for example_xcom to 2021-01-01 00:00:00+00:00, run_after=2021-01-01 00:00:00+00:00
[2024-10-04T01:56:10.438+0100] {processor.py:208} INFO - Processing /opt/miniconda3/envs/airflow/lib/python3.8/site-packages/airflow/example_dags/example_xcom.py took 0.073 seconds
[2024-10-04T01:57:16.030+0100] {processor.py:186} INFO - Started process (PID=17565) to work on /opt/miniconda3/envs/airflow/lib/python3.8/site-packages/airflow/example_dags/example_xcom.py
[2024-10-04T01:57:16.030+0100] {processor.py:914} INFO - Processing file /opt/miniconda3/envs/airflow/lib/python3.8/site-packages/airflow/example_dags/example_xcom.py for tasks to queue
[2024-10-04T01:57:16.030+0100] {logging_mixin.py:190} INFO - [2024-10-04T01:57:16.030+0100] {dagbag.py:588} INFO - Filling up the DagBag from /opt/miniconda3/envs/airflow/lib/python3.8/site-packages/airflow/example_dags/example_xcom.py
[2024-10-04T01:57:16.057+0100] {processor.py:925} INFO - DAG(s) 'example_xcom' retrieved from /opt/miniconda3/envs/airflow/lib/python3.8/site-packages/airflow/example_dags/example_xcom.py
[2024-10-04T01:57:16.089+0100] {logging_mixin.py:190} INFO - [2024-10-04T01:57:16.089+0100] {dag.py:3239} INFO - Sync 1 DAGs
[2024-10-04T01:57:16.095+0100] {logging_mixin.py:190} INFO - [2024-10-04T01:57:16.095+0100] {dag.py:4180} INFO - Setting next_dagrun for example_xcom to 2021-01-01 00:00:00+00:00, run_after=2021-01-01 00:00:00+00:00
[2024-10-04T01:57:16.100+0100] {processor.py:208} INFO - Processing /opt/miniconda3/envs/airflow/lib/python3.8/site-packages/airflow/example_dags/example_xcom.py took 0.072 seconds
[2024-10-04T03:32:37.950+0100] {processor.py:186} INFO - Started process (PID=17663) to work on /opt/miniconda3/envs/airflow/lib/python3.8/site-packages/airflow/example_dags/example_xcom.py
[2024-10-04T03:32:37.950+0100] {processor.py:914} INFO - Processing file /opt/miniconda3/envs/airflow/lib/python3.8/site-packages/airflow/example_dags/example_xcom.py for tasks to queue
[2024-10-04T03:32:37.950+0100] {logging_mixin.py:190} INFO - [2024-10-04T03:32:37.950+0100] {dagbag.py:588} INFO - Filling up the DagBag from /opt/miniconda3/envs/airflow/lib/python3.8/site-packages/airflow/example_dags/example_xcom.py
[2024-10-04T03:32:37.977+0100] {processor.py:925} INFO - DAG(s) 'example_xcom' retrieved from /opt/miniconda3/envs/airflow/lib/python3.8/site-packages/airflow/example_dags/example_xcom.py
[2024-10-04T03:32:38.009+0100] {logging_mixin.py:190} INFO - [2024-10-04T03:32:38.009+0100] {dag.py:3239} INFO - Sync 1 DAGs
[2024-10-04T03:32:38.015+0100] {logging_mixin.py:190} INFO - [2024-10-04T03:32:38.014+0100] {dag.py:4180} INFO - Setting next_dagrun for example_xcom to 2021-01-01 00:00:00+00:00, run_after=2021-01-01 00:00:00+00:00
[2024-10-04T03:32:38.020+0100] {processor.py:208} INFO - Processing /opt/miniconda3/envs/airflow/lib/python3.8/site-packages/airflow/example_dags/example_xcom.py took 0.072 seconds
[2024-10-04T03:51:50.219+0100] {processor.py:186} INFO - Started process (PID=17795) to work on /opt/miniconda3/envs/airflow/lib/python3.8/site-packages/airflow/example_dags/example_xcom.py
[2024-10-04T03:51:50.220+0100] {processor.py:914} INFO - Processing file /opt/miniconda3/envs/airflow/lib/python3.8/site-packages/airflow/example_dags/example_xcom.py for tasks to queue
[2024-10-04T03:51:50.221+0100] {logging_mixin.py:190} INFO - [2024-10-04T03:51:50.221+0100] {dagbag.py:588} INFO - Filling up the DagBag from /opt/miniconda3/envs/airflow/lib/python3.8/site-packages/airflow/example_dags/example_xcom.py
[2024-10-04T03:51:50.248+0100] {processor.py:925} INFO - DAG(s) 'example_xcom' retrieved from /opt/miniconda3/envs/airflow/lib/python3.8/site-packages/airflow/example_dags/example_xcom.py
[2024-10-04T03:51:50.279+0100] {logging_mixin.py:190} INFO - [2024-10-04T03:51:50.279+0100] {dag.py:3239} INFO - Sync 1 DAGs
[2024-10-04T03:51:50.285+0100] {logging_mixin.py:190} INFO - [2024-10-04T03:51:50.285+0100] {dag.py:4180} INFO - Setting next_dagrun for example_xcom to 2021-01-01 00:00:00+00:00, run_after=2021-01-01 00:00:00+00:00
[2024-10-04T03:51:50.290+0100] {processor.py:208} INFO - Processing /opt/miniconda3/envs/airflow/lib/python3.8/site-packages/airflow/example_dags/example_xcom.py took 0.073 seconds
[2024-10-04T03:52:53.680+0100] {processor.py:186} INFO - Started process (PID=17884) to work on /opt/miniconda3/envs/airflow/lib/python3.8/site-packages/airflow/example_dags/example_xcom.py
[2024-10-04T03:52:53.680+0100] {processor.py:914} INFO - Processing file /opt/miniconda3/envs/airflow/lib/python3.8/site-packages/airflow/example_dags/example_xcom.py for tasks to queue
[2024-10-04T03:52:53.680+0100] {logging_mixin.py:190} INFO - [2024-10-04T03:52:53.680+0100] {dagbag.py:588} INFO - Filling up the DagBag from /opt/miniconda3/envs/airflow/lib/python3.8/site-packages/airflow/example_dags/example_xcom.py
[2024-10-04T03:52:53.707+0100] {processor.py:925} INFO - DAG(s) 'example_xcom' retrieved from /opt/miniconda3/envs/airflow/lib/python3.8/site-packages/airflow/example_dags/example_xcom.py
[2024-10-04T03:52:53.739+0100] {logging_mixin.py:190} INFO - [2024-10-04T03:52:53.739+0100] {dag.py:3239} INFO - Sync 1 DAGs
[2024-10-04T03:52:53.744+0100] {logging_mixin.py:190} INFO - [2024-10-04T03:52:53.744+0100] {dag.py:4180} INFO - Setting next_dagrun for example_xcom to 2021-01-01 00:00:00+00:00, run_after=2021-01-01 00:00:00+00:00
[2024-10-04T03:52:53.750+0100] {processor.py:208} INFO - Processing /opt/miniconda3/envs/airflow/lib/python3.8/site-packages/airflow/example_dags/example_xcom.py took 0.071 seconds
[2024-10-04T05:41:15.911+0100] {processor.py:186} INFO - Started process (PID=17992) to work on /opt/miniconda3/envs/airflow/lib/python3.8/site-packages/airflow/example_dags/example_xcom.py
[2024-10-04T05:41:15.912+0100] {processor.py:914} INFO - Processing file /opt/miniconda3/envs/airflow/lib/python3.8/site-packages/airflow/example_dags/example_xcom.py for tasks to queue
[2024-10-04T05:41:15.912+0100] {logging_mixin.py:190} INFO - [2024-10-04T05:41:15.912+0100] {dagbag.py:588} INFO - Filling up the DagBag from /opt/miniconda3/envs/airflow/lib/python3.8/site-packages/airflow/example_dags/example_xcom.py
[2024-10-04T05:41:15.939+0100] {processor.py:925} INFO - DAG(s) 'example_xcom' retrieved from /opt/miniconda3/envs/airflow/lib/python3.8/site-packages/airflow/example_dags/example_xcom.py
[2024-10-04T05:41:15.971+0100] {logging_mixin.py:190} INFO - [2024-10-04T05:41:15.971+0100] {dag.py:3239} INFO - Sync 1 DAGs
[2024-10-04T05:41:15.977+0100] {logging_mixin.py:190} INFO - [2024-10-04T05:41:15.977+0100] {dag.py:4180} INFO - Setting next_dagrun for example_xcom to 2021-01-01 00:00:00+00:00, run_after=2021-01-01 00:00:00+00:00
[2024-10-04T05:41:15.982+0100] {processor.py:208} INFO - Processing /opt/miniconda3/envs/airflow/lib/python3.8/site-packages/airflow/example_dags/example_xcom.py took 0.072 seconds
[2024-10-04T06:14:56.043+0100] {processor.py:186} INFO - Started process (PID=18115) to work on /opt/miniconda3/envs/airflow/lib/python3.8/site-packages/airflow/example_dags/example_xcom.py
[2024-10-04T06:14:56.045+0100] {processor.py:914} INFO - Processing file /opt/miniconda3/envs/airflow/lib/python3.8/site-packages/airflow/example_dags/example_xcom.py for tasks to queue
[2024-10-04T06:14:56.045+0100] {logging_mixin.py:190} INFO - [2024-10-04T06:14:56.045+0100] {dagbag.py:588} INFO - Filling up the DagBag from /opt/miniconda3/envs/airflow/lib/python3.8/site-packages/airflow/example_dags/example_xcom.py
[2024-10-04T06:14:56.072+0100] {processor.py:925} INFO - DAG(s) 'example_xcom' retrieved from /opt/miniconda3/envs/airflow/lib/python3.8/site-packages/airflow/example_dags/example_xcom.py
[2024-10-04T06:14:56.104+0100] {logging_mixin.py:190} INFO - [2024-10-04T06:14:56.103+0100] {dag.py:3239} INFO - Sync 1 DAGs
[2024-10-04T06:14:56.109+0100] {logging_mixin.py:190} INFO - [2024-10-04T06:14:56.109+0100] {dag.py:4180} INFO - Setting next_dagrun for example_xcom to 2021-01-01 00:00:00+00:00, run_after=2021-01-01 00:00:00+00:00
[2024-10-04T06:14:56.115+0100] {processor.py:208} INFO - Processing /opt/miniconda3/envs/airflow/lib/python3.8/site-packages/airflow/example_dags/example_xcom.py took 0.073 seconds
[2024-10-04T06:15:50.955+0100] {processor.py:186} INFO - Started process (PID=19845) to work on /opt/miniconda3/envs/airflow/lib/python3.8/site-packages/airflow/example_dags/example_xcom.py
[2024-10-04T06:15:50.956+0100] {processor.py:914} INFO - Processing file /opt/miniconda3/envs/airflow/lib/python3.8/site-packages/airflow/example_dags/example_xcom.py for tasks to queue
[2024-10-04T06:15:50.956+0100] {logging_mixin.py:190} INFO - [2024-10-04T06:15:50.956+0100] {dagbag.py:588} INFO - Filling up the DagBag from /opt/miniconda3/envs/airflow/lib/python3.8/site-packages/airflow/example_dags/example_xcom.py
[2024-10-04T06:15:50.983+0100] {processor.py:925} INFO - DAG(s) 'example_xcom' retrieved from /opt/miniconda3/envs/airflow/lib/python3.8/site-packages/airflow/example_dags/example_xcom.py
[2024-10-04T06:15:51.015+0100] {logging_mixin.py:190} INFO - [2024-10-04T06:15:51.015+0100] {dag.py:3239} INFO - Sync 1 DAGs
[2024-10-04T06:15:51.021+0100] {logging_mixin.py:190} INFO - [2024-10-04T06:15:51.021+0100] {dag.py:4180} INFO - Setting next_dagrun for example_xcom to 2021-01-01 00:00:00+00:00, run_after=2021-01-01 00:00:00+00:00
[2024-10-04T06:15:51.026+0100] {processor.py:208} INFO - Processing /opt/miniconda3/envs/airflow/lib/python3.8/site-packages/airflow/example_dags/example_xcom.py took 0.073 seconds
[2024-10-04T06:33:06.278+0100] {processor.py:186} INFO - Started process (PID=19944) to work on /opt/miniconda3/envs/airflow/lib/python3.8/site-packages/airflow/example_dags/example_xcom.py
[2024-10-04T06:33:06.278+0100] {processor.py:914} INFO - Processing file /opt/miniconda3/envs/airflow/lib/python3.8/site-packages/airflow/example_dags/example_xcom.py for tasks to queue
[2024-10-04T06:33:06.279+0100] {logging_mixin.py:190} INFO - [2024-10-04T06:33:06.279+0100] {dagbag.py:588} INFO - Filling up the DagBag from /opt/miniconda3/envs/airflow/lib/python3.8/site-packages/airflow/example_dags/example_xcom.py
[2024-10-04T06:33:06.305+0100] {processor.py:925} INFO - DAG(s) 'example_xcom' retrieved from /opt/miniconda3/envs/airflow/lib/python3.8/site-packages/airflow/example_dags/example_xcom.py
[2024-10-04T06:33:06.337+0100] {logging_mixin.py:190} INFO - [2024-10-04T06:33:06.337+0100] {dag.py:3239} INFO - Sync 1 DAGs
[2024-10-04T06:33:06.343+0100] {logging_mixin.py:190} INFO - [2024-10-04T06:33:06.343+0100] {dag.py:4180} INFO - Setting next_dagrun for example_xcom to 2021-01-01 00:00:00+00:00, run_after=2021-01-01 00:00:00+00:00
[2024-10-04T06:33:06.349+0100] {processor.py:208} INFO - Processing /opt/miniconda3/envs/airflow/lib/python3.8/site-packages/airflow/example_dags/example_xcom.py took 0.073 seconds
[2024-10-04T08:02:38.748+0100] {processor.py:186} INFO - Started process (PID=20052) to work on /opt/miniconda3/envs/airflow/lib/python3.8/site-packages/airflow/example_dags/example_xcom.py
[2024-10-04T08:02:38.748+0100] {processor.py:914} INFO - Processing file /opt/miniconda3/envs/airflow/lib/python3.8/site-packages/airflow/example_dags/example_xcom.py for tasks to queue
[2024-10-04T08:02:38.748+0100] {logging_mixin.py:190} INFO - [2024-10-04T08:02:38.748+0100] {dagbag.py:588} INFO - Filling up the DagBag from /opt/miniconda3/envs/airflow/lib/python3.8/site-packages/airflow/example_dags/example_xcom.py
[2024-10-04T08:02:38.775+0100] {processor.py:925} INFO - DAG(s) 'example_xcom' retrieved from /opt/miniconda3/envs/airflow/lib/python3.8/site-packages/airflow/example_dags/example_xcom.py
[2024-10-04T08:02:38.807+0100] {logging_mixin.py:190} INFO - [2024-10-04T08:02:38.807+0100] {dag.py:3239} INFO - Sync 1 DAGs
[2024-10-04T08:02:38.812+0100] {logging_mixin.py:190} INFO - [2024-10-04T08:02:38.812+0100] {dag.py:4180} INFO - Setting next_dagrun for example_xcom to 2021-01-01 00:00:00+00:00, run_after=2021-01-01 00:00:00+00:00
[2024-10-04T08:02:38.819+0100] {processor.py:208} INFO - Processing /opt/miniconda3/envs/airflow/lib/python3.8/site-packages/airflow/example_dags/example_xcom.py took 0.073 seconds
[2024-10-04T08:39:26.478+0100] {processor.py:186} INFO - Started process (PID=20179) to work on /opt/miniconda3/envs/airflow/lib/python3.8/site-packages/airflow/example_dags/example_xcom.py
[2024-10-04T08:39:26.478+0100] {processor.py:914} INFO - Processing file /opt/miniconda3/envs/airflow/lib/python3.8/site-packages/airflow/example_dags/example_xcom.py for tasks to queue
[2024-10-04T08:39:26.478+0100] {logging_mixin.py:190} INFO - [2024-10-04T08:39:26.478+0100] {dagbag.py:588} INFO - Filling up the DagBag from /opt/miniconda3/envs/airflow/lib/python3.8/site-packages/airflow/example_dags/example_xcom.py
[2024-10-04T08:39:26.506+0100] {processor.py:925} INFO - DAG(s) 'example_xcom' retrieved from /opt/miniconda3/envs/airflow/lib/python3.8/site-packages/airflow/example_dags/example_xcom.py
[2024-10-04T08:39:26.537+0100] {logging_mixin.py:190} INFO - [2024-10-04T08:39:26.537+0100] {dag.py:3239} INFO - Sync 1 DAGs
[2024-10-04T08:39:26.543+0100] {logging_mixin.py:190} INFO - [2024-10-04T08:39:26.543+0100] {dag.py:4180} INFO - Setting next_dagrun for example_xcom to 2021-01-01 00:00:00+00:00, run_after=2021-01-01 00:00:00+00:00
[2024-10-04T08:39:26.548+0100] {processor.py:208} INFO - Processing /opt/miniconda3/envs/airflow/lib/python3.8/site-packages/airflow/example_dags/example_xcom.py took 0.072 seconds
[2024-10-04T08:40:22.789+0100] {processor.py:186} INFO - Started process (PID=20254) to work on /opt/miniconda3/envs/airflow/lib/python3.8/site-packages/airflow/example_dags/example_xcom.py
[2024-10-04T08:40:22.789+0100] {processor.py:914} INFO - Processing file /opt/miniconda3/envs/airflow/lib/python3.8/site-packages/airflow/example_dags/example_xcom.py for tasks to queue
[2024-10-04T08:40:22.790+0100] {logging_mixin.py:190} INFO - [2024-10-04T08:40:22.790+0100] {dagbag.py:588} INFO - Filling up the DagBag from /opt/miniconda3/envs/airflow/lib/python3.8/site-packages/airflow/example_dags/example_xcom.py
[2024-10-04T08:40:22.817+0100] {processor.py:925} INFO - DAG(s) 'example_xcom' retrieved from /opt/miniconda3/envs/airflow/lib/python3.8/site-packages/airflow/example_dags/example_xcom.py
[2024-10-04T08:40:22.849+0100] {logging_mixin.py:190} INFO - [2024-10-04T08:40:22.849+0100] {dag.py:3239} INFO - Sync 1 DAGs
[2024-10-04T08:40:22.854+0100] {logging_mixin.py:190} INFO - [2024-10-04T08:40:22.854+0100] {dag.py:4180} INFO - Setting next_dagrun for example_xcom to 2021-01-01 00:00:00+00:00, run_after=2021-01-01 00:00:00+00:00
[2024-10-04T08:40:22.860+0100] {processor.py:208} INFO - Processing /opt/miniconda3/envs/airflow/lib/python3.8/site-packages/airflow/example_dags/example_xcom.py took 0.072 seconds
[2024-10-04T08:41:17.341+0100] {processor.py:186} INFO - Started process (PID=20335) to work on /opt/miniconda3/envs/airflow/lib/python3.8/site-packages/airflow/example_dags/example_xcom.py
[2024-10-04T08:41:17.341+0100] {processor.py:914} INFO - Processing file /opt/miniconda3/envs/airflow/lib/python3.8/site-packages/airflow/example_dags/example_xcom.py for tasks to queue
[2024-10-04T08:41:17.342+0100] {logging_mixin.py:190} INFO - [2024-10-04T08:41:17.342+0100] {dagbag.py:588} INFO - Filling up the DagBag from /opt/miniconda3/envs/airflow/lib/python3.8/site-packages/airflow/example_dags/example_xcom.py
[2024-10-04T08:41:17.368+0100] {processor.py:925} INFO - DAG(s) 'example_xcom' retrieved from /opt/miniconda3/envs/airflow/lib/python3.8/site-packages/airflow/example_dags/example_xcom.py
[2024-10-04T08:41:17.401+0100] {logging_mixin.py:190} INFO - [2024-10-04T08:41:17.400+0100] {dag.py:3239} INFO - Sync 1 DAGs
[2024-10-04T08:41:17.406+0100] {logging_mixin.py:190} INFO - [2024-10-04T08:41:17.406+0100] {dag.py:4180} INFO - Setting next_dagrun for example_xcom to 2021-01-01 00:00:00+00:00, run_after=2021-01-01 00:00:00+00:00
[2024-10-04T08:41:17.411+0100] {processor.py:208} INFO - Processing /opt/miniconda3/envs/airflow/lib/python3.8/site-packages/airflow/example_dags/example_xcom.py took 0.072 seconds
[2024-10-04T09:06:31.861+0100] {processor.py:186} INFO - Started process (PID=20421) to work on /opt/miniconda3/envs/airflow/lib/python3.8/site-packages/airflow/example_dags/example_xcom.py
[2024-10-04T09:06:31.861+0100] {processor.py:914} INFO - Processing file /opt/miniconda3/envs/airflow/lib/python3.8/site-packages/airflow/example_dags/example_xcom.py for tasks to queue
[2024-10-04T09:06:31.862+0100] {logging_mixin.py:190} INFO - [2024-10-04T09:06:31.861+0100] {dagbag.py:588} INFO - Filling up the DagBag from /opt/miniconda3/envs/airflow/lib/python3.8/site-packages/airflow/example_dags/example_xcom.py
[2024-10-04T09:06:31.889+0100] {processor.py:925} INFO - DAG(s) 'example_xcom' retrieved from /opt/miniconda3/envs/airflow/lib/python3.8/site-packages/airflow/example_dags/example_xcom.py
[2024-10-04T09:06:31.921+0100] {logging_mixin.py:190} INFO - [2024-10-04T09:06:31.921+0100] {dag.py:3239} INFO - Sync 1 DAGs
[2024-10-04T09:06:31.927+0100] {logging_mixin.py:190} INFO - [2024-10-04T09:06:31.927+0100] {dag.py:4180} INFO - Setting next_dagrun for example_xcom to 2021-01-01 00:00:00+00:00, run_after=2021-01-01 00:00:00+00:00
[2024-10-04T09:06:31.932+0100] {processor.py:208} INFO - Processing /opt/miniconda3/envs/airflow/lib/python3.8/site-packages/airflow/example_dags/example_xcom.py took 0.073 seconds
[2024-10-04T09:42:12.208+0100] {processor.py:186} INFO - Started process (PID=20588) to work on /opt/miniconda3/envs/airflow/lib/python3.8/site-packages/airflow/example_dags/example_xcom.py
[2024-10-04T09:42:12.209+0100] {processor.py:914} INFO - Processing file /opt/miniconda3/envs/airflow/lib/python3.8/site-packages/airflow/example_dags/example_xcom.py for tasks to queue
[2024-10-04T09:42:12.209+0100] {logging_mixin.py:190} INFO - [2024-10-04T09:42:12.209+0100] {dagbag.py:588} INFO - Filling up the DagBag from /opt/miniconda3/envs/airflow/lib/python3.8/site-packages/airflow/example_dags/example_xcom.py
[2024-10-04T09:42:12.236+0100] {processor.py:925} INFO - DAG(s) 'example_xcom' retrieved from /opt/miniconda3/envs/airflow/lib/python3.8/site-packages/airflow/example_dags/example_xcom.py
[2024-10-04T09:42:12.268+0100] {logging_mixin.py:190} INFO - [2024-10-04T09:42:12.268+0100] {dag.py:3239} INFO - Sync 1 DAGs
[2024-10-04T09:42:12.273+0100] {logging_mixin.py:190} INFO - [2024-10-04T09:42:12.273+0100] {dag.py:4180} INFO - Setting next_dagrun for example_xcom to 2021-01-01 00:00:00+00:00, run_after=2021-01-01 00:00:00+00:00
[2024-10-04T09:42:12.279+0100] {processor.py:208} INFO - Processing /opt/miniconda3/envs/airflow/lib/python3.8/site-packages/airflow/example_dags/example_xcom.py took 0.073 seconds
[2024-10-04T09:43:09.733+0100] {processor.py:186} INFO - Started process (PID=20662) to work on /opt/miniconda3/envs/airflow/lib/python3.8/site-packages/airflow/example_dags/example_xcom.py
[2024-10-04T09:43:09.733+0100] {processor.py:914} INFO - Processing file /opt/miniconda3/envs/airflow/lib/python3.8/site-packages/airflow/example_dags/example_xcom.py for tasks to queue
[2024-10-04T09:43:09.733+0100] {logging_mixin.py:190} INFO - [2024-10-04T09:43:09.733+0100] {dagbag.py:588} INFO - Filling up the DagBag from /opt/miniconda3/envs/airflow/lib/python3.8/site-packages/airflow/example_dags/example_xcom.py
[2024-10-04T09:43:09.760+0100] {processor.py:925} INFO - DAG(s) 'example_xcom' retrieved from /opt/miniconda3/envs/airflow/lib/python3.8/site-packages/airflow/example_dags/example_xcom.py
[2024-10-04T09:43:09.792+0100] {logging_mixin.py:190} INFO - [2024-10-04T09:43:09.792+0100] {dag.py:3239} INFO - Sync 1 DAGs
[2024-10-04T09:43:09.798+0100] {logging_mixin.py:190} INFO - [2024-10-04T09:43:09.797+0100] {dag.py:4180} INFO - Setting next_dagrun for example_xcom to 2021-01-01 00:00:00+00:00, run_after=2021-01-01 00:00:00+00:00
[2024-10-04T09:43:09.803+0100] {processor.py:208} INFO - Processing /opt/miniconda3/envs/airflow/lib/python3.8/site-packages/airflow/example_dags/example_xcom.py took 0.072 seconds
[2024-10-04T09:44:03.963+0100] {processor.py:186} INFO - Started process (PID=20734) to work on /opt/miniconda3/envs/airflow/lib/python3.8/site-packages/airflow/example_dags/example_xcom.py
[2024-10-04T09:44:03.964+0100] {processor.py:914} INFO - Processing file /opt/miniconda3/envs/airflow/lib/python3.8/site-packages/airflow/example_dags/example_xcom.py for tasks to queue
[2024-10-04T09:44:03.964+0100] {logging_mixin.py:190} INFO - [2024-10-04T09:44:03.964+0100] {dagbag.py:588} INFO - Filling up the DagBag from /opt/miniconda3/envs/airflow/lib/python3.8/site-packages/airflow/example_dags/example_xcom.py
[2024-10-04T09:44:03.991+0100] {processor.py:925} INFO - DAG(s) 'example_xcom' retrieved from /opt/miniconda3/envs/airflow/lib/python3.8/site-packages/airflow/example_dags/example_xcom.py
[2024-10-04T09:44:04.022+0100] {logging_mixin.py:190} INFO - [2024-10-04T09:44:04.022+0100] {dag.py:3239} INFO - Sync 1 DAGs
[2024-10-04T09:44:04.028+0100] {logging_mixin.py:190} INFO - [2024-10-04T09:44:04.028+0100] {dag.py:4180} INFO - Setting next_dagrun for example_xcom to 2021-01-01 00:00:00+00:00, run_after=2021-01-01 00:00:00+00:00
[2024-10-04T09:44:04.033+0100] {processor.py:208} INFO - Processing /opt/miniconda3/envs/airflow/lib/python3.8/site-packages/airflow/example_dags/example_xcom.py took 0.071 seconds
[2024-10-04T10:20:01.360+0100] {processor.py:186} INFO - Started process (PID=20844) to work on /opt/miniconda3/envs/airflow/lib/python3.8/site-packages/airflow/example_dags/example_xcom.py
[2024-10-04T10:20:01.360+0100] {processor.py:914} INFO - Processing file /opt/miniconda3/envs/airflow/lib/python3.8/site-packages/airflow/example_dags/example_xcom.py for tasks to queue
[2024-10-04T10:20:01.361+0100] {logging_mixin.py:190} INFO - [2024-10-04T10:20:01.361+0100] {dagbag.py:588} INFO - Filling up the DagBag from /opt/miniconda3/envs/airflow/lib/python3.8/site-packages/airflow/example_dags/example_xcom.py
[2024-10-04T10:20:01.390+0100] {processor.py:925} INFO - DAG(s) 'example_xcom' retrieved from /opt/miniconda3/envs/airflow/lib/python3.8/site-packages/airflow/example_dags/example_xcom.py
[2024-10-04T10:20:01.427+0100] {logging_mixin.py:190} INFO - [2024-10-04T10:20:01.427+0100] {dag.py:3239} INFO - Sync 1 DAGs
[2024-10-04T10:20:01.434+0100] {logging_mixin.py:190} INFO - [2024-10-04T10:20:01.433+0100] {dag.py:4180} INFO - Setting next_dagrun for example_xcom to 2021-01-01 00:00:00+00:00, run_after=2021-01-01 00:00:00+00:00
[2024-10-04T10:20:01.440+0100] {processor.py:208} INFO - Processing /opt/miniconda3/envs/airflow/lib/python3.8/site-packages/airflow/example_dags/example_xcom.py took 0.082 seconds
[2024-10-04T10:21:09.400+0100] {processor.py:186} INFO - Started process (PID=20938) to work on /opt/miniconda3/envs/airflow/lib/python3.8/site-packages/airflow/example_dags/example_xcom.py
[2024-10-04T10:21:09.401+0100] {processor.py:914} INFO - Processing file /opt/miniconda3/envs/airflow/lib/python3.8/site-packages/airflow/example_dags/example_xcom.py for tasks to queue
[2024-10-04T10:21:09.401+0100] {logging_mixin.py:190} INFO - [2024-10-04T10:21:09.401+0100] {dagbag.py:588} INFO - Filling up the DagBag from /opt/miniconda3/envs/airflow/lib/python3.8/site-packages/airflow/example_dags/example_xcom.py
[2024-10-04T10:21:09.428+0100] {processor.py:925} INFO - DAG(s) 'example_xcom' retrieved from /opt/miniconda3/envs/airflow/lib/python3.8/site-packages/airflow/example_dags/example_xcom.py
[2024-10-04T10:21:09.460+0100] {logging_mixin.py:190} INFO - [2024-10-04T10:21:09.460+0100] {dag.py:3239} INFO - Sync 1 DAGs
[2024-10-04T10:21:09.466+0100] {logging_mixin.py:190} INFO - [2024-10-04T10:21:09.466+0100] {dag.py:4180} INFO - Setting next_dagrun for example_xcom to 2021-01-01 00:00:00+00:00, run_after=2021-01-01 00:00:00+00:00
[2024-10-04T10:21:09.471+0100] {processor.py:208} INFO - Processing /opt/miniconda3/envs/airflow/lib/python3.8/site-packages/airflow/example_dags/example_xcom.py took 0.073 seconds
[2024-10-04T10:22:08.666+0100] {processor.py:186} INFO - Started process (PID=21017) to work on /opt/miniconda3/envs/airflow/lib/python3.8/site-packages/airflow/example_dags/example_xcom.py
[2024-10-04T10:22:08.666+0100] {processor.py:914} INFO - Processing file /opt/miniconda3/envs/airflow/lib/python3.8/site-packages/airflow/example_dags/example_xcom.py for tasks to queue
[2024-10-04T10:22:08.666+0100] {logging_mixin.py:190} INFO - [2024-10-04T10:22:08.666+0100] {dagbag.py:588} INFO - Filling up the DagBag from /opt/miniconda3/envs/airflow/lib/python3.8/site-packages/airflow/example_dags/example_xcom.py
[2024-10-04T10:22:08.694+0100] {processor.py:925} INFO - DAG(s) 'example_xcom' retrieved from /opt/miniconda3/envs/airflow/lib/python3.8/site-packages/airflow/example_dags/example_xcom.py
[2024-10-04T10:22:08.727+0100] {logging_mixin.py:190} INFO - [2024-10-04T10:22:08.727+0100] {dag.py:3239} INFO - Sync 1 DAGs
[2024-10-04T10:22:08.732+0100] {logging_mixin.py:190} INFO - [2024-10-04T10:22:08.732+0100] {dag.py:4180} INFO - Setting next_dagrun for example_xcom to 2021-01-01 00:00:00+00:00, run_after=2021-01-01 00:00:00+00:00
[2024-10-04T10:22:08.738+0100] {processor.py:208} INFO - Processing /opt/miniconda3/envs/airflow/lib/python3.8/site-packages/airflow/example_dags/example_xcom.py took 0.074 seconds
[2024-10-04T10:24:26.657+0100] {processor.py:186} INFO - Started process (PID=21116) to work on /opt/miniconda3/envs/airflow/lib/python3.8/site-packages/airflow/example_dags/example_xcom.py
[2024-10-04T10:24:26.657+0100] {processor.py:914} INFO - Processing file /opt/miniconda3/envs/airflow/lib/python3.8/site-packages/airflow/example_dags/example_xcom.py for tasks to queue
[2024-10-04T10:24:26.657+0100] {logging_mixin.py:190} INFO - [2024-10-04T10:24:26.657+0100] {dagbag.py:588} INFO - Filling up the DagBag from /opt/miniconda3/envs/airflow/lib/python3.8/site-packages/airflow/example_dags/example_xcom.py
[2024-10-04T10:24:26.687+0100] {processor.py:925} INFO - DAG(s) 'example_xcom' retrieved from /opt/miniconda3/envs/airflow/lib/python3.8/site-packages/airflow/example_dags/example_xcom.py
[2024-10-04T10:24:26.722+0100] {logging_mixin.py:190} INFO - [2024-10-04T10:24:26.722+0100] {dag.py:3239} INFO - Sync 1 DAGs
[2024-10-04T10:24:26.728+0100] {logging_mixin.py:190} INFO - [2024-10-04T10:24:26.727+0100] {dag.py:4180} INFO - Setting next_dagrun for example_xcom to 2021-01-01 00:00:00+00:00, run_after=2021-01-01 00:00:00+00:00
[2024-10-04T10:24:26.733+0100] {processor.py:208} INFO - Processing /opt/miniconda3/envs/airflow/lib/python3.8/site-packages/airflow/example_dags/example_xcom.py took 0.078 seconds
[2024-10-04T10:25:25.924+0100] {processor.py:186} INFO - Started process (PID=21191) to work on /opt/miniconda3/envs/airflow/lib/python3.8/site-packages/airflow/example_dags/example_xcom.py
[2024-10-04T10:25:25.925+0100] {processor.py:914} INFO - Processing file /opt/miniconda3/envs/airflow/lib/python3.8/site-packages/airflow/example_dags/example_xcom.py for tasks to queue
[2024-10-04T10:25:25.925+0100] {logging_mixin.py:190} INFO - [2024-10-04T10:25:25.925+0100] {dagbag.py:588} INFO - Filling up the DagBag from /opt/miniconda3/envs/airflow/lib/python3.8/site-packages/airflow/example_dags/example_xcom.py
[2024-10-04T10:25:25.953+0100] {processor.py:925} INFO - DAG(s) 'example_xcom' retrieved from /opt/miniconda3/envs/airflow/lib/python3.8/site-packages/airflow/example_dags/example_xcom.py
[2024-10-04T10:25:25.986+0100] {logging_mixin.py:190} INFO - [2024-10-04T10:25:25.986+0100] {dag.py:3239} INFO - Sync 1 DAGs
[2024-10-04T10:25:25.991+0100] {logging_mixin.py:190} INFO - [2024-10-04T10:25:25.991+0100] {dag.py:4180} INFO - Setting next_dagrun for example_xcom to 2021-01-01 00:00:00+00:00, run_after=2021-01-01 00:00:00+00:00
[2024-10-04T10:25:25.997+0100] {processor.py:208} INFO - Processing /opt/miniconda3/envs/airflow/lib/python3.8/site-packages/airflow/example_dags/example_xcom.py took 0.074 seconds
[2024-10-04T10:26:25.121+0100] {processor.py:186} INFO - Started process (PID=21268) to work on /opt/miniconda3/envs/airflow/lib/python3.8/site-packages/airflow/example_dags/example_xcom.py
[2024-10-04T10:26:25.121+0100] {processor.py:914} INFO - Processing file /opt/miniconda3/envs/airflow/lib/python3.8/site-packages/airflow/example_dags/example_xcom.py for tasks to queue
[2024-10-04T10:26:25.121+0100] {logging_mixin.py:190} INFO - [2024-10-04T10:26:25.121+0100] {dagbag.py:588} INFO - Filling up the DagBag from /opt/miniconda3/envs/airflow/lib/python3.8/site-packages/airflow/example_dags/example_xcom.py
[2024-10-04T10:26:25.149+0100] {processor.py:925} INFO - DAG(s) 'example_xcom' retrieved from /opt/miniconda3/envs/airflow/lib/python3.8/site-packages/airflow/example_dags/example_xcom.py
[2024-10-04T10:26:25.181+0100] {logging_mixin.py:190} INFO - [2024-10-04T10:26:25.181+0100] {dag.py:3239} INFO - Sync 1 DAGs
[2024-10-04T10:26:25.186+0100] {logging_mixin.py:190} INFO - [2024-10-04T10:26:25.186+0100] {dag.py:4180} INFO - Setting next_dagrun for example_xcom to 2021-01-01 00:00:00+00:00, run_after=2021-01-01 00:00:00+00:00
[2024-10-04T10:26:25.192+0100] {processor.py:208} INFO - Processing /opt/miniconda3/envs/airflow/lib/python3.8/site-packages/airflow/example_dags/example_xcom.py took 0.073 seconds
[2024-10-04T10:27:22.668+0100] {processor.py:186} INFO - Started process (PID=21344) to work on /opt/miniconda3/envs/airflow/lib/python3.8/site-packages/airflow/example_dags/example_xcom.py
[2024-10-04T10:27:22.668+0100] {processor.py:914} INFO - Processing file /opt/miniconda3/envs/airflow/lib/python3.8/site-packages/airflow/example_dags/example_xcom.py for tasks to queue
[2024-10-04T10:27:22.669+0100] {logging_mixin.py:190} INFO - [2024-10-04T10:27:22.669+0100] {dagbag.py:588} INFO - Filling up the DagBag from /opt/miniconda3/envs/airflow/lib/python3.8/site-packages/airflow/example_dags/example_xcom.py
[2024-10-04T10:27:22.699+0100] {processor.py:925} INFO - DAG(s) 'example_xcom' retrieved from /opt/miniconda3/envs/airflow/lib/python3.8/site-packages/airflow/example_dags/example_xcom.py
[2024-10-04T10:27:22.731+0100] {logging_mixin.py:190} INFO - [2024-10-04T10:27:22.731+0100] {dag.py:3239} INFO - Sync 1 DAGs
[2024-10-04T10:27:22.737+0100] {logging_mixin.py:190} INFO - [2024-10-04T10:27:22.737+0100] {dag.py:4180} INFO - Setting next_dagrun for example_xcom to 2021-01-01 00:00:00+00:00, run_after=2021-01-01 00:00:00+00:00
[2024-10-04T10:27:22.742+0100] {processor.py:208} INFO - Processing /opt/miniconda3/envs/airflow/lib/python3.8/site-packages/airflow/example_dags/example_xcom.py took 0.076 seconds
[2024-10-04T10:28:20.412+0100] {processor.py:186} INFO - Started process (PID=21425) to work on /opt/miniconda3/envs/airflow/lib/python3.8/site-packages/airflow/example_dags/example_xcom.py
[2024-10-04T10:28:20.413+0100] {processor.py:914} INFO - Processing file /opt/miniconda3/envs/airflow/lib/python3.8/site-packages/airflow/example_dags/example_xcom.py for tasks to queue
[2024-10-04T10:28:20.413+0100] {logging_mixin.py:190} INFO - [2024-10-04T10:28:20.413+0100] {dagbag.py:588} INFO - Filling up the DagBag from /opt/miniconda3/envs/airflow/lib/python3.8/site-packages/airflow/example_dags/example_xcom.py
[2024-10-04T10:28:20.440+0100] {processor.py:925} INFO - DAG(s) 'example_xcom' retrieved from /opt/miniconda3/envs/airflow/lib/python3.8/site-packages/airflow/example_dags/example_xcom.py
[2024-10-04T10:28:20.472+0100] {logging_mixin.py:190} INFO - [2024-10-04T10:28:20.472+0100] {dag.py:3239} INFO - Sync 1 DAGs
[2024-10-04T10:28:20.478+0100] {logging_mixin.py:190} INFO - [2024-10-04T10:28:20.478+0100] {dag.py:4180} INFO - Setting next_dagrun for example_xcom to 2021-01-01 00:00:00+00:00, run_after=2021-01-01 00:00:00+00:00
[2024-10-04T10:28:20.483+0100] {processor.py:208} INFO - Processing /opt/miniconda3/envs/airflow/lib/python3.8/site-packages/airflow/example_dags/example_xcom.py took 0.073 seconds
[2024-10-04T10:29:17.541+0100] {processor.py:186} INFO - Started process (PID=21521) to work on /opt/miniconda3/envs/airflow/lib/python3.8/site-packages/airflow/example_dags/example_xcom.py
[2024-10-04T10:29:17.542+0100] {processor.py:914} INFO - Processing file /opt/miniconda3/envs/airflow/lib/python3.8/site-packages/airflow/example_dags/example_xcom.py for tasks to queue
[2024-10-04T10:29:17.542+0100] {logging_mixin.py:190} INFO - [2024-10-04T10:29:17.542+0100] {dagbag.py:588} INFO - Filling up the DagBag from /opt/miniconda3/envs/airflow/lib/python3.8/site-packages/airflow/example_dags/example_xcom.py
[2024-10-04T10:29:17.569+0100] {processor.py:925} INFO - DAG(s) 'example_xcom' retrieved from /opt/miniconda3/envs/airflow/lib/python3.8/site-packages/airflow/example_dags/example_xcom.py
[2024-10-04T10:29:17.601+0100] {logging_mixin.py:190} INFO - [2024-10-04T10:29:17.601+0100] {dag.py:3239} INFO - Sync 1 DAGs
[2024-10-04T10:29:17.607+0100] {logging_mixin.py:190} INFO - [2024-10-04T10:29:17.607+0100] {dag.py:4180} INFO - Setting next_dagrun for example_xcom to 2021-01-01 00:00:00+00:00, run_after=2021-01-01 00:00:00+00:00
[2024-10-04T10:29:17.613+0100] {processor.py:208} INFO - Processing /opt/miniconda3/envs/airflow/lib/python3.8/site-packages/airflow/example_dags/example_xcom.py took 0.073 seconds
[2024-10-04T10:30:15.335+0100] {processor.py:186} INFO - Started process (PID=21616) to work on /opt/miniconda3/envs/airflow/lib/python3.8/site-packages/airflow/example_dags/example_xcom.py
[2024-10-04T10:30:15.336+0100] {processor.py:914} INFO - Processing file /opt/miniconda3/envs/airflow/lib/python3.8/site-packages/airflow/example_dags/example_xcom.py for tasks to queue
[2024-10-04T10:30:15.336+0100] {logging_mixin.py:190} INFO - [2024-10-04T10:30:15.336+0100] {dagbag.py:588} INFO - Filling up the DagBag from /opt/miniconda3/envs/airflow/lib/python3.8/site-packages/airflow/example_dags/example_xcom.py
[2024-10-04T10:30:15.365+0100] {processor.py:925} INFO - DAG(s) 'example_xcom' retrieved from /opt/miniconda3/envs/airflow/lib/python3.8/site-packages/airflow/example_dags/example_xcom.py
[2024-10-04T10:30:15.398+0100] {logging_mixin.py:190} INFO - [2024-10-04T10:30:15.398+0100] {dag.py:3239} INFO - Sync 1 DAGs
[2024-10-04T10:30:15.404+0100] {logging_mixin.py:190} INFO - [2024-10-04T10:30:15.404+0100] {dag.py:4180} INFO - Setting next_dagrun for example_xcom to 2021-01-01 00:00:00+00:00, run_after=2021-01-01 00:00:00+00:00
[2024-10-04T10:30:15.409+0100] {processor.py:208} INFO - Processing /opt/miniconda3/envs/airflow/lib/python3.8/site-packages/airflow/example_dags/example_xcom.py took 0.075 seconds
[2024-10-04T10:31:10.979+0100] {processor.py:186} INFO - Started process (PID=21689) to work on /opt/miniconda3/envs/airflow/lib/python3.8/site-packages/airflow/example_dags/example_xcom.py
[2024-10-04T10:31:10.979+0100] {processor.py:914} INFO - Processing file /opt/miniconda3/envs/airflow/lib/python3.8/site-packages/airflow/example_dags/example_xcom.py for tasks to queue
[2024-10-04T10:31:10.979+0100] {logging_mixin.py:190} INFO - [2024-10-04T10:31:10.979+0100] {dagbag.py:588} INFO - Filling up the DagBag from /opt/miniconda3/envs/airflow/lib/python3.8/site-packages/airflow/example_dags/example_xcom.py
[2024-10-04T10:31:11.007+0100] {processor.py:925} INFO - DAG(s) 'example_xcom' retrieved from /opt/miniconda3/envs/airflow/lib/python3.8/site-packages/airflow/example_dags/example_xcom.py
[2024-10-04T10:31:11.039+0100] {logging_mixin.py:190} INFO - [2024-10-04T10:31:11.039+0100] {dag.py:3239} INFO - Sync 1 DAGs
[2024-10-04T10:31:11.045+0100] {logging_mixin.py:190} INFO - [2024-10-04T10:31:11.045+0100] {dag.py:4180} INFO - Setting next_dagrun for example_xcom to 2021-01-01 00:00:00+00:00, run_after=2021-01-01 00:00:00+00:00
[2024-10-04T10:31:11.050+0100] {processor.py:208} INFO - Processing /opt/miniconda3/envs/airflow/lib/python3.8/site-packages/airflow/example_dags/example_xcom.py took 0.073 seconds
[2024-10-04T10:32:11.451+0100] {processor.py:186} INFO - Started process (PID=21780) to work on /opt/miniconda3/envs/airflow/lib/python3.8/site-packages/airflow/example_dags/example_xcom.py
[2024-10-04T10:32:11.452+0100] {processor.py:914} INFO - Processing file /opt/miniconda3/envs/airflow/lib/python3.8/site-packages/airflow/example_dags/example_xcom.py for tasks to queue
[2024-10-04T10:32:11.452+0100] {logging_mixin.py:190} INFO - [2024-10-04T10:32:11.452+0100] {dagbag.py:588} INFO - Filling up the DagBag from /opt/miniconda3/envs/airflow/lib/python3.8/site-packages/airflow/example_dags/example_xcom.py
[2024-10-04T10:32:11.480+0100] {processor.py:925} INFO - DAG(s) 'example_xcom' retrieved from /opt/miniconda3/envs/airflow/lib/python3.8/site-packages/airflow/example_dags/example_xcom.py
[2024-10-04T10:32:11.513+0100] {logging_mixin.py:190} INFO - [2024-10-04T10:32:11.513+0100] {dag.py:3239} INFO - Sync 1 DAGs
[2024-10-04T10:32:11.518+0100] {logging_mixin.py:190} INFO - [2024-10-04T10:32:11.518+0100] {dag.py:4180} INFO - Setting next_dagrun for example_xcom to 2021-01-01 00:00:00+00:00, run_after=2021-01-01 00:00:00+00:00
[2024-10-04T10:32:11.524+0100] {processor.py:208} INFO - Processing /opt/miniconda3/envs/airflow/lib/python3.8/site-packages/airflow/example_dags/example_xcom.py took 0.074 seconds
[2024-10-04T10:33:12.956+0100] {processor.py:186} INFO - Started process (PID=21870) to work on /opt/miniconda3/envs/airflow/lib/python3.8/site-packages/airflow/example_dags/example_xcom.py
[2024-10-04T10:33:12.957+0100] {processor.py:914} INFO - Processing file /opt/miniconda3/envs/airflow/lib/python3.8/site-packages/airflow/example_dags/example_xcom.py for tasks to queue
[2024-10-04T10:33:12.957+0100] {logging_mixin.py:190} INFO - [2024-10-04T10:33:12.957+0100] {dagbag.py:588} INFO - Filling up the DagBag from /opt/miniconda3/envs/airflow/lib/python3.8/site-packages/airflow/example_dags/example_xcom.py
[2024-10-04T10:33:12.986+0100] {processor.py:925} INFO - DAG(s) 'example_xcom' retrieved from /opt/miniconda3/envs/airflow/lib/python3.8/site-packages/airflow/example_dags/example_xcom.py
[2024-10-04T10:33:13.019+0100] {logging_mixin.py:190} INFO - [2024-10-04T10:33:13.019+0100] {dag.py:3239} INFO - Sync 1 DAGs
[2024-10-04T10:33:13.025+0100] {logging_mixin.py:190} INFO - [2024-10-04T10:33:13.024+0100] {dag.py:4180} INFO - Setting next_dagrun for example_xcom to 2021-01-01 00:00:00+00:00, run_after=2021-01-01 00:00:00+00:00
[2024-10-04T10:33:13.030+0100] {processor.py:208} INFO - Processing /opt/miniconda3/envs/airflow/lib/python3.8/site-packages/airflow/example_dags/example_xcom.py took 0.075 seconds
[2024-10-04T10:34:16.598+0100] {processor.py:186} INFO - Started process (PID=21948) to work on /opt/miniconda3/envs/airflow/lib/python3.8/site-packages/airflow/example_dags/example_xcom.py
[2024-10-04T10:34:16.599+0100] {processor.py:914} INFO - Processing file /opt/miniconda3/envs/airflow/lib/python3.8/site-packages/airflow/example_dags/example_xcom.py for tasks to queue
[2024-10-04T10:34:16.599+0100] {logging_mixin.py:190} INFO - [2024-10-04T10:34:16.599+0100] {dagbag.py:588} INFO - Filling up the DagBag from /opt/miniconda3/envs/airflow/lib/python3.8/site-packages/airflow/example_dags/example_xcom.py
[2024-10-04T10:34:16.628+0100] {processor.py:925} INFO - DAG(s) 'example_xcom' retrieved from /opt/miniconda3/envs/airflow/lib/python3.8/site-packages/airflow/example_dags/example_xcom.py
[2024-10-04T10:34:16.659+0100] {logging_mixin.py:190} INFO - [2024-10-04T10:34:16.659+0100] {dag.py:3239} INFO - Sync 1 DAGs
[2024-10-04T10:34:16.665+0100] {logging_mixin.py:190} INFO - [2024-10-04T10:34:16.665+0100] {dag.py:4180} INFO - Setting next_dagrun for example_xcom to 2021-01-01 00:00:00+00:00, run_after=2021-01-01 00:00:00+00:00
[2024-10-04T10:34:16.670+0100] {processor.py:208} INFO - Processing /opt/miniconda3/envs/airflow/lib/python3.8/site-packages/airflow/example_dags/example_xcom.py took 0.074 seconds
[2024-10-04T10:35:24.077+0100] {processor.py:186} INFO - Started process (PID=22039) to work on /opt/miniconda3/envs/airflow/lib/python3.8/site-packages/airflow/example_dags/example_xcom.py
[2024-10-04T10:35:24.077+0100] {processor.py:914} INFO - Processing file /opt/miniconda3/envs/airflow/lib/python3.8/site-packages/airflow/example_dags/example_xcom.py for tasks to queue
[2024-10-04T10:35:24.077+0100] {logging_mixin.py:190} INFO - [2024-10-04T10:35:24.077+0100] {dagbag.py:588} INFO - Filling up the DagBag from /opt/miniconda3/envs/airflow/lib/python3.8/site-packages/airflow/example_dags/example_xcom.py
[2024-10-04T10:35:24.105+0100] {processor.py:925} INFO - DAG(s) 'example_xcom' retrieved from /opt/miniconda3/envs/airflow/lib/python3.8/site-packages/airflow/example_dags/example_xcom.py
[2024-10-04T10:35:24.138+0100] {logging_mixin.py:190} INFO - [2024-10-04T10:35:24.138+0100] {dag.py:3239} INFO - Sync 1 DAGs
[2024-10-04T10:35:24.144+0100] {logging_mixin.py:190} INFO - [2024-10-04T10:35:24.144+0100] {dag.py:4180} INFO - Setting next_dagrun for example_xcom to 2021-01-01 00:00:00+00:00, run_after=2021-01-01 00:00:00+00:00
[2024-10-04T10:35:24.149+0100] {processor.py:208} INFO - Processing /opt/miniconda3/envs/airflow/lib/python3.8/site-packages/airflow/example_dags/example_xcom.py took 0.074 seconds
[2024-10-04T10:36:30.934+0100] {processor.py:186} INFO - Started process (PID=22119) to work on /opt/miniconda3/envs/airflow/lib/python3.8/site-packages/airflow/example_dags/example_xcom.py
[2024-10-04T10:36:30.935+0100] {processor.py:914} INFO - Processing file /opt/miniconda3/envs/airflow/lib/python3.8/site-packages/airflow/example_dags/example_xcom.py for tasks to queue
[2024-10-04T10:36:30.935+0100] {logging_mixin.py:190} INFO - [2024-10-04T10:36:30.935+0100] {dagbag.py:588} INFO - Filling up the DagBag from /opt/miniconda3/envs/airflow/lib/python3.8/site-packages/airflow/example_dags/example_xcom.py
[2024-10-04T10:36:30.963+0100] {processor.py:925} INFO - DAG(s) 'example_xcom' retrieved from /opt/miniconda3/envs/airflow/lib/python3.8/site-packages/airflow/example_dags/example_xcom.py
[2024-10-04T10:36:30.995+0100] {logging_mixin.py:190} INFO - [2024-10-04T10:36:30.995+0100] {dag.py:3239} INFO - Sync 1 DAGs
[2024-10-04T10:36:31.001+0100] {logging_mixin.py:190} INFO - [2024-10-04T10:36:31.000+0100] {dag.py:4180} INFO - Setting next_dagrun for example_xcom to 2021-01-01 00:00:00+00:00, run_after=2021-01-01 00:00:00+00:00
[2024-10-04T10:36:31.006+0100] {processor.py:208} INFO - Processing /opt/miniconda3/envs/airflow/lib/python3.8/site-packages/airflow/example_dags/example_xcom.py took 0.073 seconds
[2024-10-04T10:37:38.378+0100] {processor.py:186} INFO - Started process (PID=22206) to work on /opt/miniconda3/envs/airflow/lib/python3.8/site-packages/airflow/example_dags/example_xcom.py
[2024-10-04T10:37:38.380+0100] {processor.py:914} INFO - Processing file /opt/miniconda3/envs/airflow/lib/python3.8/site-packages/airflow/example_dags/example_xcom.py for tasks to queue
[2024-10-04T10:37:38.380+0100] {logging_mixin.py:190} INFO - [2024-10-04T10:37:38.380+0100] {dagbag.py:588} INFO - Filling up the DagBag from /opt/miniconda3/envs/airflow/lib/python3.8/site-packages/airflow/example_dags/example_xcom.py
[2024-10-04T10:37:38.407+0100] {processor.py:925} INFO - DAG(s) 'example_xcom' retrieved from /opt/miniconda3/envs/airflow/lib/python3.8/site-packages/airflow/example_dags/example_xcom.py
[2024-10-04T10:37:38.442+0100] {logging_mixin.py:190} INFO - [2024-10-04T10:37:38.441+0100] {dag.py:3239} INFO - Sync 1 DAGs
[2024-10-04T10:37:38.447+0100] {logging_mixin.py:190} INFO - [2024-10-04T10:37:38.447+0100] {dag.py:4180} INFO - Setting next_dagrun for example_xcom to 2021-01-01 00:00:00+00:00, run_after=2021-01-01 00:00:00+00:00
[2024-10-04T10:37:38.453+0100] {processor.py:208} INFO - Processing /opt/miniconda3/envs/airflow/lib/python3.8/site-packages/airflow/example_dags/example_xcom.py took 0.076 seconds
