[2024-10-04T01:54:46.047+0100] {processor.py:186} INFO - Started process (PID=17374) to work on /opt/miniconda3/envs/airflow/lib/python3.8/site-packages/airflow/example_dags/example_trigger_controller_dag.py
[2024-10-04T01:54:46.047+0100] {processor.py:914} INFO - Processing file /opt/miniconda3/envs/airflow/lib/python3.8/site-packages/airflow/example_dags/example_trigger_controller_dag.py for tasks to queue
[2024-10-04T01:54:46.047+0100] {logging_mixin.py:190} INFO - [2024-10-04T01:54:46.047+0100] {dagbag.py:588} INFO - Filling up the DagBag from /opt/miniconda3/envs/airflow/lib/python3.8/site-packages/airflow/example_dags/example_trigger_controller_dag.py
[2024-10-04T01:54:46.070+0100] {processor.py:925} INFO - DAG(s) 'example_trigger_controller_dag' retrieved from /opt/miniconda3/envs/airflow/lib/python3.8/site-packages/airflow/example_dags/example_trigger_controller_dag.py
[2024-10-04T01:54:46.107+0100] {logging_mixin.py:190} INFO - [2024-10-04T01:54:46.107+0100] {dag.py:3239} INFO - Sync 1 DAGs
[2024-10-04T01:54:46.113+0100] {logging_mixin.py:190} INFO - [2024-10-04T01:54:46.113+0100] {dag.py:4180} INFO - Setting next_dagrun for example_trigger_controller_dag to 2021-01-01 00:00:00+00:00, run_after=2021-01-01 00:00:00+00:00
[2024-10-04T01:54:46.119+0100] {processor.py:208} INFO - Processing /opt/miniconda3/envs/airflow/lib/python3.8/site-packages/airflow/example_dags/example_trigger_controller_dag.py took 0.074 seconds
[2024-10-04T01:56:14.636+0100] {processor.py:186} INFO - Started process (PID=17492) to work on /opt/miniconda3/envs/airflow/lib/python3.8/site-packages/airflow/example_dags/example_trigger_controller_dag.py
[2024-10-04T01:56:14.637+0100] {processor.py:914} INFO - Processing file /opt/miniconda3/envs/airflow/lib/python3.8/site-packages/airflow/example_dags/example_trigger_controller_dag.py for tasks to queue
[2024-10-04T01:56:14.637+0100] {logging_mixin.py:190} INFO - [2024-10-04T01:56:14.637+0100] {dagbag.py:588} INFO - Filling up the DagBag from /opt/miniconda3/envs/airflow/lib/python3.8/site-packages/airflow/example_dags/example_trigger_controller_dag.py
[2024-10-04T01:56:14.657+0100] {processor.py:925} INFO - DAG(s) 'example_trigger_controller_dag' retrieved from /opt/miniconda3/envs/airflow/lib/python3.8/site-packages/airflow/example_dags/example_trigger_controller_dag.py
[2024-10-04T01:56:14.687+0100] {logging_mixin.py:190} INFO - [2024-10-04T01:56:14.687+0100] {dag.py:3239} INFO - Sync 1 DAGs
[2024-10-04T01:56:14.692+0100] {logging_mixin.py:190} INFO - [2024-10-04T01:56:14.692+0100] {dag.py:4180} INFO - Setting next_dagrun for example_trigger_controller_dag to 2021-01-01 00:00:00+00:00, run_after=2021-01-01 00:00:00+00:00
[2024-10-04T01:56:14.698+0100] {processor.py:208} INFO - Processing /opt/miniconda3/envs/airflow/lib/python3.8/site-packages/airflow/example_dags/example_trigger_controller_dag.py took 0.063 seconds
[2024-10-04T01:57:20.467+0100] {processor.py:186} INFO - Started process (PID=17572) to work on /opt/miniconda3/envs/airflow/lib/python3.8/site-packages/airflow/example_dags/example_trigger_controller_dag.py
[2024-10-04T01:57:20.467+0100] {processor.py:914} INFO - Processing file /opt/miniconda3/envs/airflow/lib/python3.8/site-packages/airflow/example_dags/example_trigger_controller_dag.py for tasks to queue
[2024-10-04T01:57:20.468+0100] {logging_mixin.py:190} INFO - [2024-10-04T01:57:20.467+0100] {dagbag.py:588} INFO - Filling up the DagBag from /opt/miniconda3/envs/airflow/lib/python3.8/site-packages/airflow/example_dags/example_trigger_controller_dag.py
[2024-10-04T01:57:20.486+0100] {processor.py:925} INFO - DAG(s) 'example_trigger_controller_dag' retrieved from /opt/miniconda3/envs/airflow/lib/python3.8/site-packages/airflow/example_dags/example_trigger_controller_dag.py
[2024-10-04T01:57:20.517+0100] {logging_mixin.py:190} INFO - [2024-10-04T01:57:20.517+0100] {dag.py:3239} INFO - Sync 1 DAGs
[2024-10-04T01:57:20.522+0100] {logging_mixin.py:190} INFO - [2024-10-04T01:57:20.522+0100] {dag.py:4180} INFO - Setting next_dagrun for example_trigger_controller_dag to 2021-01-01 00:00:00+00:00, run_after=2021-01-01 00:00:00+00:00
[2024-10-04T01:57:20.528+0100] {processor.py:208} INFO - Processing /opt/miniconda3/envs/airflow/lib/python3.8/site-packages/airflow/example_dags/example_trigger_controller_dag.py took 0.062 seconds
[2024-10-04T03:50:21.023+0100] {processor.py:186} INFO - Started process (PID=17675) to work on /opt/miniconda3/envs/airflow/lib/python3.8/site-packages/airflow/example_dags/example_trigger_controller_dag.py
[2024-10-04T03:50:21.023+0100] {processor.py:914} INFO - Processing file /opt/miniconda3/envs/airflow/lib/python3.8/site-packages/airflow/example_dags/example_trigger_controller_dag.py for tasks to queue
[2024-10-04T03:50:21.024+0100] {logging_mixin.py:190} INFO - [2024-10-04T03:50:21.024+0100] {dagbag.py:588} INFO - Filling up the DagBag from /opt/miniconda3/envs/airflow/lib/python3.8/site-packages/airflow/example_dags/example_trigger_controller_dag.py
[2024-10-04T03:50:21.043+0100] {processor.py:925} INFO - DAG(s) 'example_trigger_controller_dag' retrieved from /opt/miniconda3/envs/airflow/lib/python3.8/site-packages/airflow/example_dags/example_trigger_controller_dag.py
[2024-10-04T03:50:21.074+0100] {logging_mixin.py:190} INFO - [2024-10-04T03:50:21.074+0100] {dag.py:3239} INFO - Sync 1 DAGs
[2024-10-04T03:50:21.079+0100] {logging_mixin.py:190} INFO - [2024-10-04T03:50:21.079+0100] {dag.py:4180} INFO - Setting next_dagrun for example_trigger_controller_dag to 2021-01-01 00:00:00+00:00, run_after=2021-01-01 00:00:00+00:00
[2024-10-04T03:50:21.084+0100] {processor.py:208} INFO - Processing /opt/miniconda3/envs/airflow/lib/python3.8/site-packages/airflow/example_dags/example_trigger_controller_dag.py took 0.062 seconds
[2024-10-04T03:51:55.333+0100] {processor.py:186} INFO - Started process (PID=17801) to work on /opt/miniconda3/envs/airflow/lib/python3.8/site-packages/airflow/example_dags/example_trigger_controller_dag.py
[2024-10-04T03:51:55.334+0100] {processor.py:914} INFO - Processing file /opt/miniconda3/envs/airflow/lib/python3.8/site-packages/airflow/example_dags/example_trigger_controller_dag.py for tasks to queue
[2024-10-04T03:51:55.334+0100] {logging_mixin.py:190} INFO - [2024-10-04T03:51:55.334+0100] {dagbag.py:588} INFO - Filling up the DagBag from /opt/miniconda3/envs/airflow/lib/python3.8/site-packages/airflow/example_dags/example_trigger_controller_dag.py
[2024-10-04T03:51:55.353+0100] {processor.py:925} INFO - DAG(s) 'example_trigger_controller_dag' retrieved from /opt/miniconda3/envs/airflow/lib/python3.8/site-packages/airflow/example_dags/example_trigger_controller_dag.py
[2024-10-04T03:51:55.384+0100] {logging_mixin.py:190} INFO - [2024-10-04T03:51:55.383+0100] {dag.py:3239} INFO - Sync 1 DAGs
[2024-10-04T03:51:55.389+0100] {logging_mixin.py:190} INFO - [2024-10-04T03:51:55.389+0100] {dag.py:4180} INFO - Setting next_dagrun for example_trigger_controller_dag to 2021-01-01 00:00:00+00:00, run_after=2021-01-01 00:00:00+00:00
[2024-10-04T03:51:55.394+0100] {processor.py:208} INFO - Processing /opt/miniconda3/envs/airflow/lib/python3.8/site-packages/airflow/example_dags/example_trigger_controller_dag.py took 0.063 seconds
[2024-10-04T03:52:58.802+0100] {processor.py:186} INFO - Started process (PID=17890) to work on /opt/miniconda3/envs/airflow/lib/python3.8/site-packages/airflow/example_dags/example_trigger_controller_dag.py
[2024-10-04T03:52:58.802+0100] {processor.py:914} INFO - Processing file /opt/miniconda3/envs/airflow/lib/python3.8/site-packages/airflow/example_dags/example_trigger_controller_dag.py for tasks to queue
[2024-10-04T03:52:58.802+0100] {logging_mixin.py:190} INFO - [2024-10-04T03:52:58.802+0100] {dagbag.py:588} INFO - Filling up the DagBag from /opt/miniconda3/envs/airflow/lib/python3.8/site-packages/airflow/example_dags/example_trigger_controller_dag.py
[2024-10-04T03:52:58.821+0100] {processor.py:925} INFO - DAG(s) 'example_trigger_controller_dag' retrieved from /opt/miniconda3/envs/airflow/lib/python3.8/site-packages/airflow/example_dags/example_trigger_controller_dag.py
[2024-10-04T03:52:58.852+0100] {logging_mixin.py:190} INFO - [2024-10-04T03:52:58.851+0100] {dag.py:3239} INFO - Sync 1 DAGs
[2024-10-04T03:52:58.857+0100] {logging_mixin.py:190} INFO - [2024-10-04T03:52:58.857+0100] {dag.py:4180} INFO - Setting next_dagrun for example_trigger_controller_dag to 2021-01-01 00:00:00+00:00, run_after=2021-01-01 00:00:00+00:00
[2024-10-04T03:52:58.862+0100] {processor.py:208} INFO - Processing /opt/miniconda3/envs/airflow/lib/python3.8/site-packages/airflow/example_dags/example_trigger_controller_dag.py took 0.062 seconds
[2024-10-04T05:58:23.228+0100] {processor.py:186} INFO - Started process (PID=17998) to work on /opt/miniconda3/envs/airflow/lib/python3.8/site-packages/airflow/example_dags/example_trigger_controller_dag.py
[2024-10-04T05:58:23.229+0100] {processor.py:914} INFO - Processing file /opt/miniconda3/envs/airflow/lib/python3.8/site-packages/airflow/example_dags/example_trigger_controller_dag.py for tasks to queue
[2024-10-04T05:58:23.230+0100] {logging_mixin.py:190} INFO - [2024-10-04T05:58:23.230+0100] {dagbag.py:588} INFO - Filling up the DagBag from /opt/miniconda3/envs/airflow/lib/python3.8/site-packages/airflow/example_dags/example_trigger_controller_dag.py
[2024-10-04T05:58:23.249+0100] {processor.py:925} INFO - DAG(s) 'example_trigger_controller_dag' retrieved from /opt/miniconda3/envs/airflow/lib/python3.8/site-packages/airflow/example_dags/example_trigger_controller_dag.py
[2024-10-04T05:58:23.279+0100] {logging_mixin.py:190} INFO - [2024-10-04T05:58:23.279+0100] {dag.py:3239} INFO - Sync 1 DAGs
[2024-10-04T05:58:23.284+0100] {logging_mixin.py:190} INFO - [2024-10-04T05:58:23.284+0100] {dag.py:4180} INFO - Setting next_dagrun for example_trigger_controller_dag to 2021-01-01 00:00:00+00:00, run_after=2021-01-01 00:00:00+00:00
[2024-10-04T05:58:23.290+0100] {processor.py:208} INFO - Processing /opt/miniconda3/envs/airflow/lib/python3.8/site-packages/airflow/example_dags/example_trigger_controller_dag.py took 0.063 seconds
[2024-10-04T06:15:00.034+0100] {processor.py:186} INFO - Started process (PID=18121) to work on /opt/miniconda3/envs/airflow/lib/python3.8/site-packages/airflow/example_dags/example_trigger_controller_dag.py
[2024-10-04T06:15:00.035+0100] {processor.py:914} INFO - Processing file /opt/miniconda3/envs/airflow/lib/python3.8/site-packages/airflow/example_dags/example_trigger_controller_dag.py for tasks to queue
[2024-10-04T06:15:00.035+0100] {logging_mixin.py:190} INFO - [2024-10-04T06:15:00.035+0100] {dagbag.py:588} INFO - Filling up the DagBag from /opt/miniconda3/envs/airflow/lib/python3.8/site-packages/airflow/example_dags/example_trigger_controller_dag.py
[2024-10-04T06:15:00.054+0100] {processor.py:925} INFO - DAG(s) 'example_trigger_controller_dag' retrieved from /opt/miniconda3/envs/airflow/lib/python3.8/site-packages/airflow/example_dags/example_trigger_controller_dag.py
[2024-10-04T06:15:00.085+0100] {logging_mixin.py:190} INFO - [2024-10-04T06:15:00.085+0100] {dag.py:3239} INFO - Sync 1 DAGs
[2024-10-04T06:15:00.090+0100] {logging_mixin.py:190} INFO - [2024-10-04T06:15:00.090+0100] {dag.py:4180} INFO - Setting next_dagrun for example_trigger_controller_dag to 2021-01-01 00:00:00+00:00, run_after=2021-01-01 00:00:00+00:00
[2024-10-04T06:15:00.096+0100] {processor.py:208} INFO - Processing /opt/miniconda3/envs/airflow/lib/python3.8/site-packages/airflow/example_dags/example_trigger_controller_dag.py took 0.064 seconds
[2024-10-04T06:15:56.081+0100] {processor.py:186} INFO - Started process (PID=19851) to work on /opt/miniconda3/envs/airflow/lib/python3.8/site-packages/airflow/example_dags/example_trigger_controller_dag.py
[2024-10-04T06:15:56.082+0100] {processor.py:914} INFO - Processing file /opt/miniconda3/envs/airflow/lib/python3.8/site-packages/airflow/example_dags/example_trigger_controller_dag.py for tasks to queue
[2024-10-04T06:15:56.083+0100] {logging_mixin.py:190} INFO - [2024-10-04T06:15:56.083+0100] {dagbag.py:588} INFO - Filling up the DagBag from /opt/miniconda3/envs/airflow/lib/python3.8/site-packages/airflow/example_dags/example_trigger_controller_dag.py
[2024-10-04T06:15:56.102+0100] {processor.py:925} INFO - DAG(s) 'example_trigger_controller_dag' retrieved from /opt/miniconda3/envs/airflow/lib/python3.8/site-packages/airflow/example_dags/example_trigger_controller_dag.py
[2024-10-04T06:15:56.133+0100] {logging_mixin.py:190} INFO - [2024-10-04T06:15:56.133+0100] {dag.py:3239} INFO - Sync 1 DAGs
[2024-10-04T06:15:56.138+0100] {logging_mixin.py:190} INFO - [2024-10-04T06:15:56.138+0100] {dag.py:4180} INFO - Setting next_dagrun for example_trigger_controller_dag to 2021-01-01 00:00:00+00:00, run_after=2021-01-01 00:00:00+00:00
[2024-10-04T06:15:56.143+0100] {processor.py:208} INFO - Processing /opt/miniconda3/envs/airflow/lib/python3.8/site-packages/airflow/example_dags/example_trigger_controller_dag.py took 0.064 seconds
[2024-10-04T06:43:05.023+0100] {processor.py:186} INFO - Started process (PID=19952) to work on /opt/miniconda3/envs/airflow/lib/python3.8/site-packages/airflow/example_dags/example_trigger_controller_dag.py
[2024-10-04T06:43:05.023+0100] {processor.py:914} INFO - Processing file /opt/miniconda3/envs/airflow/lib/python3.8/site-packages/airflow/example_dags/example_trigger_controller_dag.py for tasks to queue
[2024-10-04T06:43:05.024+0100] {logging_mixin.py:190} INFO - [2024-10-04T06:43:05.024+0100] {dagbag.py:588} INFO - Filling up the DagBag from /opt/miniconda3/envs/airflow/lib/python3.8/site-packages/airflow/example_dags/example_trigger_controller_dag.py
[2024-10-04T06:43:05.043+0100] {processor.py:925} INFO - DAG(s) 'example_trigger_controller_dag' retrieved from /opt/miniconda3/envs/airflow/lib/python3.8/site-packages/airflow/example_dags/example_trigger_controller_dag.py
[2024-10-04T06:43:05.073+0100] {logging_mixin.py:190} INFO - [2024-10-04T06:43:05.073+0100] {dag.py:3239} INFO - Sync 1 DAGs
[2024-10-04T06:43:05.078+0100] {logging_mixin.py:190} INFO - [2024-10-04T06:43:05.078+0100] {dag.py:4180} INFO - Setting next_dagrun for example_trigger_controller_dag to 2021-01-01 00:00:00+00:00, run_after=2021-01-01 00:00:00+00:00
[2024-10-04T06:43:05.084+0100] {processor.py:208} INFO - Processing /opt/miniconda3/envs/airflow/lib/python3.8/site-packages/airflow/example_dags/example_trigger_controller_dag.py took 0.062 seconds
[2024-10-04T08:09:07.294+0100] {processor.py:186} INFO - Started process (PID=20062) to work on /opt/miniconda3/envs/airflow/lib/python3.8/site-packages/airflow/example_dags/example_trigger_controller_dag.py
[2024-10-04T08:09:07.294+0100] {processor.py:914} INFO - Processing file /opt/miniconda3/envs/airflow/lib/python3.8/site-packages/airflow/example_dags/example_trigger_controller_dag.py for tasks to queue
[2024-10-04T08:09:07.295+0100] {logging_mixin.py:190} INFO - [2024-10-04T08:09:07.295+0100] {dagbag.py:588} INFO - Filling up the DagBag from /opt/miniconda3/envs/airflow/lib/python3.8/site-packages/airflow/example_dags/example_trigger_controller_dag.py
[2024-10-04T08:09:07.314+0100] {processor.py:925} INFO - DAG(s) 'example_trigger_controller_dag' retrieved from /opt/miniconda3/envs/airflow/lib/python3.8/site-packages/airflow/example_dags/example_trigger_controller_dag.py
[2024-10-04T08:09:07.345+0100] {logging_mixin.py:190} INFO - [2024-10-04T08:09:07.345+0100] {dag.py:3239} INFO - Sync 1 DAGs
[2024-10-04T08:09:07.350+0100] {logging_mixin.py:190} INFO - [2024-10-04T08:09:07.350+0100] {dag.py:4180} INFO - Setting next_dagrun for example_trigger_controller_dag to 2021-01-01 00:00:00+00:00, run_after=2021-01-01 00:00:00+00:00
[2024-10-04T08:09:07.355+0100] {processor.py:208} INFO - Processing /opt/miniconda3/envs/airflow/lib/python3.8/site-packages/airflow/example_dags/example_trigger_controller_dag.py took 0.063 seconds
[2024-10-04T08:39:30.479+0100] {processor.py:186} INFO - Started process (PID=20185) to work on /opt/miniconda3/envs/airflow/lib/python3.8/site-packages/airflow/example_dags/example_trigger_controller_dag.py
[2024-10-04T08:39:30.480+0100] {processor.py:914} INFO - Processing file /opt/miniconda3/envs/airflow/lib/python3.8/site-packages/airflow/example_dags/example_trigger_controller_dag.py for tasks to queue
[2024-10-04T08:39:30.480+0100] {logging_mixin.py:190} INFO - [2024-10-04T08:39:30.480+0100] {dagbag.py:588} INFO - Filling up the DagBag from /opt/miniconda3/envs/airflow/lib/python3.8/site-packages/airflow/example_dags/example_trigger_controller_dag.py
[2024-10-04T08:39:30.499+0100] {processor.py:925} INFO - DAG(s) 'example_trigger_controller_dag' retrieved from /opt/miniconda3/envs/airflow/lib/python3.8/site-packages/airflow/example_dags/example_trigger_controller_dag.py
[2024-10-04T08:39:30.530+0100] {logging_mixin.py:190} INFO - [2024-10-04T08:39:30.530+0100] {dag.py:3239} INFO - Sync 1 DAGs
[2024-10-04T08:39:30.535+0100] {logging_mixin.py:190} INFO - [2024-10-04T08:39:30.535+0100] {dag.py:4180} INFO - Setting next_dagrun for example_trigger_controller_dag to 2021-01-01 00:00:00+00:00, run_after=2021-01-01 00:00:00+00:00
[2024-10-04T08:39:30.541+0100] {processor.py:208} INFO - Processing /opt/miniconda3/envs/airflow/lib/python3.8/site-packages/airflow/example_dags/example_trigger_controller_dag.py took 0.063 seconds
[2024-10-04T08:40:27.827+0100] {processor.py:186} INFO - Started process (PID=20262) to work on /opt/miniconda3/envs/airflow/lib/python3.8/site-packages/airflow/example_dags/example_trigger_controller_dag.py
[2024-10-04T08:40:27.828+0100] {processor.py:914} INFO - Processing file /opt/miniconda3/envs/airflow/lib/python3.8/site-packages/airflow/example_dags/example_trigger_controller_dag.py for tasks to queue
[2024-10-04T08:40:27.828+0100] {logging_mixin.py:190} INFO - [2024-10-04T08:40:27.828+0100] {dagbag.py:588} INFO - Filling up the DagBag from /opt/miniconda3/envs/airflow/lib/python3.8/site-packages/airflow/example_dags/example_trigger_controller_dag.py
[2024-10-04T08:40:27.847+0100] {processor.py:925} INFO - DAG(s) 'example_trigger_controller_dag' retrieved from /opt/miniconda3/envs/airflow/lib/python3.8/site-packages/airflow/example_dags/example_trigger_controller_dag.py
[2024-10-04T08:40:27.878+0100] {logging_mixin.py:190} INFO - [2024-10-04T08:40:27.878+0100] {dag.py:3239} INFO - Sync 1 DAGs
[2024-10-04T08:40:27.883+0100] {logging_mixin.py:190} INFO - [2024-10-04T08:40:27.883+0100] {dag.py:4180} INFO - Setting next_dagrun for example_trigger_controller_dag to 2021-01-01 00:00:00+00:00, run_after=2021-01-01 00:00:00+00:00
[2024-10-04T08:40:27.889+0100] {processor.py:208} INFO - Processing /opt/miniconda3/envs/airflow/lib/python3.8/site-packages/airflow/example_dags/example_trigger_controller_dag.py took 0.063 seconds
[2024-10-04T08:41:21.356+0100] {processor.py:186} INFO - Started process (PID=20341) to work on /opt/miniconda3/envs/airflow/lib/python3.8/site-packages/airflow/example_dags/example_trigger_controller_dag.py
[2024-10-04T08:41:21.356+0100] {processor.py:914} INFO - Processing file /opt/miniconda3/envs/airflow/lib/python3.8/site-packages/airflow/example_dags/example_trigger_controller_dag.py for tasks to queue
[2024-10-04T08:41:21.357+0100] {logging_mixin.py:190} INFO - [2024-10-04T08:41:21.357+0100] {dagbag.py:588} INFO - Filling up the DagBag from /opt/miniconda3/envs/airflow/lib/python3.8/site-packages/airflow/example_dags/example_trigger_controller_dag.py
[2024-10-04T08:41:21.376+0100] {processor.py:925} INFO - DAG(s) 'example_trigger_controller_dag' retrieved from /opt/miniconda3/envs/airflow/lib/python3.8/site-packages/airflow/example_dags/example_trigger_controller_dag.py
[2024-10-04T08:41:21.407+0100] {logging_mixin.py:190} INFO - [2024-10-04T08:41:21.406+0100] {dag.py:3239} INFO - Sync 1 DAGs
[2024-10-04T08:41:21.412+0100] {logging_mixin.py:190} INFO - [2024-10-04T08:41:21.412+0100] {dag.py:4180} INFO - Setting next_dagrun for example_trigger_controller_dag to 2021-01-01 00:00:00+00:00, run_after=2021-01-01 00:00:00+00:00
[2024-10-04T08:41:21.417+0100] {processor.py:208} INFO - Processing /opt/miniconda3/envs/airflow/lib/python3.8/site-packages/airflow/example_dags/example_trigger_controller_dag.py took 0.063 seconds
[2024-10-04T09:10:05.276+0100] {processor.py:186} INFO - Started process (PID=20429) to work on /opt/miniconda3/envs/airflow/lib/python3.8/site-packages/airflow/example_dags/example_trigger_controller_dag.py
[2024-10-04T09:10:05.276+0100] {processor.py:914} INFO - Processing file /opt/miniconda3/envs/airflow/lib/python3.8/site-packages/airflow/example_dags/example_trigger_controller_dag.py for tasks to queue
[2024-10-04T09:10:05.276+0100] {logging_mixin.py:190} INFO - [2024-10-04T09:10:05.276+0100] {dagbag.py:588} INFO - Filling up the DagBag from /opt/miniconda3/envs/airflow/lib/python3.8/site-packages/airflow/example_dags/example_trigger_controller_dag.py
[2024-10-04T09:10:05.296+0100] {processor.py:925} INFO - DAG(s) 'example_trigger_controller_dag' retrieved from /opt/miniconda3/envs/airflow/lib/python3.8/site-packages/airflow/example_dags/example_trigger_controller_dag.py
[2024-10-04T09:10:05.328+0100] {logging_mixin.py:190} INFO - [2024-10-04T09:10:05.328+0100] {dag.py:3239} INFO - Sync 1 DAGs
[2024-10-04T09:10:05.333+0100] {logging_mixin.py:190} INFO - [2024-10-04T09:10:05.333+0100] {dag.py:4180} INFO - Setting next_dagrun for example_trigger_controller_dag to 2021-01-01 00:00:00+00:00, run_after=2021-01-01 00:00:00+00:00
[2024-10-04T09:10:05.338+0100] {processor.py:208} INFO - Processing /opt/miniconda3/envs/airflow/lib/python3.8/site-packages/airflow/example_dags/example_trigger_controller_dag.py took 0.064 seconds
[2024-10-04T09:42:17.319+0100] {processor.py:186} INFO - Started process (PID=20594) to work on /opt/miniconda3/envs/airflow/lib/python3.8/site-packages/airflow/example_dags/example_trigger_controller_dag.py
[2024-10-04T09:42:17.320+0100] {processor.py:914} INFO - Processing file /opt/miniconda3/envs/airflow/lib/python3.8/site-packages/airflow/example_dags/example_trigger_controller_dag.py for tasks to queue
[2024-10-04T09:42:17.320+0100] {logging_mixin.py:190} INFO - [2024-10-04T09:42:17.320+0100] {dagbag.py:588} INFO - Filling up the DagBag from /opt/miniconda3/envs/airflow/lib/python3.8/site-packages/airflow/example_dags/example_trigger_controller_dag.py
[2024-10-04T09:42:17.340+0100] {processor.py:925} INFO - DAG(s) 'example_trigger_controller_dag' retrieved from /opt/miniconda3/envs/airflow/lib/python3.8/site-packages/airflow/example_dags/example_trigger_controller_dag.py
[2024-10-04T09:42:17.370+0100] {logging_mixin.py:190} INFO - [2024-10-04T09:42:17.370+0100] {dag.py:3239} INFO - Sync 1 DAGs
[2024-10-04T09:42:17.375+0100] {logging_mixin.py:190} INFO - [2024-10-04T09:42:17.375+0100] {dag.py:4180} INFO - Setting next_dagrun for example_trigger_controller_dag to 2021-01-01 00:00:00+00:00, run_after=2021-01-01 00:00:00+00:00
[2024-10-04T09:42:17.381+0100] {processor.py:208} INFO - Processing /opt/miniconda3/envs/airflow/lib/python3.8/site-packages/airflow/example_dags/example_trigger_controller_dag.py took 0.063 seconds
[2024-10-04T09:43:13.734+0100] {processor.py:186} INFO - Started process (PID=20668) to work on /opt/miniconda3/envs/airflow/lib/python3.8/site-packages/airflow/example_dags/example_trigger_controller_dag.py
[2024-10-04T09:43:13.735+0100] {processor.py:914} INFO - Processing file /opt/miniconda3/envs/airflow/lib/python3.8/site-packages/airflow/example_dags/example_trigger_controller_dag.py for tasks to queue
[2024-10-04T09:43:13.735+0100] {logging_mixin.py:190} INFO - [2024-10-04T09:43:13.735+0100] {dagbag.py:588} INFO - Filling up the DagBag from /opt/miniconda3/envs/airflow/lib/python3.8/site-packages/airflow/example_dags/example_trigger_controller_dag.py
[2024-10-04T09:43:13.754+0100] {processor.py:925} INFO - DAG(s) 'example_trigger_controller_dag' retrieved from /opt/miniconda3/envs/airflow/lib/python3.8/site-packages/airflow/example_dags/example_trigger_controller_dag.py
[2024-10-04T09:43:13.785+0100] {logging_mixin.py:190} INFO - [2024-10-04T09:43:13.785+0100] {dag.py:3239} INFO - Sync 1 DAGs
[2024-10-04T09:43:13.790+0100] {logging_mixin.py:190} INFO - [2024-10-04T09:43:13.790+0100] {dag.py:4180} INFO - Setting next_dagrun for example_trigger_controller_dag to 2021-01-01 00:00:00+00:00, run_after=2021-01-01 00:00:00+00:00
[2024-10-04T09:43:13.796+0100] {processor.py:208} INFO - Processing /opt/miniconda3/envs/airflow/lib/python3.8/site-packages/airflow/example_dags/example_trigger_controller_dag.py took 0.063 seconds
[2024-10-04T09:59:49.806+0100] {processor.py:186} INFO - Started process (PID=20743) to work on /opt/miniconda3/envs/airflow/lib/python3.8/site-packages/airflow/example_dags/example_trigger_controller_dag.py
[2024-10-04T09:59:49.806+0100] {processor.py:914} INFO - Processing file /opt/miniconda3/envs/airflow/lib/python3.8/site-packages/airflow/example_dags/example_trigger_controller_dag.py for tasks to queue
[2024-10-04T09:59:49.807+0100] {logging_mixin.py:190} INFO - [2024-10-04T09:59:49.806+0100] {dagbag.py:588} INFO - Filling up the DagBag from /opt/miniconda3/envs/airflow/lib/python3.8/site-packages/airflow/example_dags/example_trigger_controller_dag.py
[2024-10-04T09:59:49.825+0100] {processor.py:925} INFO - DAG(s) 'example_trigger_controller_dag' retrieved from /opt/miniconda3/envs/airflow/lib/python3.8/site-packages/airflow/example_dags/example_trigger_controller_dag.py
[2024-10-04T09:59:49.856+0100] {logging_mixin.py:190} INFO - [2024-10-04T09:59:49.856+0100] {dag.py:3239} INFO - Sync 1 DAGs
[2024-10-04T09:59:49.861+0100] {logging_mixin.py:190} INFO - [2024-10-04T09:59:49.861+0100] {dag.py:4180} INFO - Setting next_dagrun for example_trigger_controller_dag to 2021-01-01 00:00:00+00:00, run_after=2021-01-01 00:00:00+00:00
[2024-10-04T09:59:49.867+0100] {processor.py:208} INFO - Processing /opt/miniconda3/envs/airflow/lib/python3.8/site-packages/airflow/example_dags/example_trigger_controller_dag.py took 0.062 seconds
[2024-10-04T10:20:06.844+0100] {processor.py:186} INFO - Started process (PID=20851) to work on /opt/miniconda3/envs/airflow/lib/python3.8/site-packages/airflow/example_dags/example_trigger_controller_dag.py
[2024-10-04T10:20:06.844+0100] {processor.py:914} INFO - Processing file /opt/miniconda3/envs/airflow/lib/python3.8/site-packages/airflow/example_dags/example_trigger_controller_dag.py for tasks to queue
[2024-10-04T10:20:06.844+0100] {logging_mixin.py:190} INFO - [2024-10-04T10:20:06.844+0100] {dagbag.py:588} INFO - Filling up the DagBag from /opt/miniconda3/envs/airflow/lib/python3.8/site-packages/airflow/example_dags/example_trigger_controller_dag.py
[2024-10-04T10:20:06.866+0100] {processor.py:925} INFO - DAG(s) 'example_trigger_controller_dag' retrieved from /opt/miniconda3/envs/airflow/lib/python3.8/site-packages/airflow/example_dags/example_trigger_controller_dag.py
[2024-10-04T10:20:06.898+0100] {logging_mixin.py:190} INFO - [2024-10-04T10:20:06.898+0100] {dag.py:3239} INFO - Sync 1 DAGs
[2024-10-04T10:20:06.903+0100] {logging_mixin.py:190} INFO - [2024-10-04T10:20:06.903+0100] {dag.py:4180} INFO - Setting next_dagrun for example_trigger_controller_dag to 2021-01-01 00:00:00+00:00, run_after=2021-01-01 00:00:00+00:00
[2024-10-04T10:20:06.909+0100] {processor.py:208} INFO - Processing /opt/miniconda3/envs/airflow/lib/python3.8/site-packages/airflow/example_dags/example_trigger_controller_dag.py took 0.067 seconds
[2024-10-04T10:21:12.418+0100] {processor.py:186} INFO - Started process (PID=20944) to work on /opt/miniconda3/envs/airflow/lib/python3.8/site-packages/airflow/example_dags/example_trigger_controller_dag.py
[2024-10-04T10:21:12.419+0100] {processor.py:914} INFO - Processing file /opt/miniconda3/envs/airflow/lib/python3.8/site-packages/airflow/example_dags/example_trigger_controller_dag.py for tasks to queue
[2024-10-04T10:21:12.419+0100] {logging_mixin.py:190} INFO - [2024-10-04T10:21:12.419+0100] {dagbag.py:588} INFO - Filling up the DagBag from /opt/miniconda3/envs/airflow/lib/python3.8/site-packages/airflow/example_dags/example_trigger_controller_dag.py
[2024-10-04T10:21:12.439+0100] {processor.py:925} INFO - DAG(s) 'example_trigger_controller_dag' retrieved from /opt/miniconda3/envs/airflow/lib/python3.8/site-packages/airflow/example_dags/example_trigger_controller_dag.py
[2024-10-04T10:21:12.470+0100] {logging_mixin.py:190} INFO - [2024-10-04T10:21:12.469+0100] {dag.py:3239} INFO - Sync 1 DAGs
[2024-10-04T10:21:12.475+0100] {logging_mixin.py:190} INFO - [2024-10-04T10:21:12.475+0100] {dag.py:4180} INFO - Setting next_dagrun for example_trigger_controller_dag to 2021-01-01 00:00:00+00:00, run_after=2021-01-01 00:00:00+00:00
[2024-10-04T10:21:12.480+0100] {processor.py:208} INFO - Processing /opt/miniconda3/envs/airflow/lib/python3.8/site-packages/airflow/example_dags/example_trigger_controller_dag.py took 0.064 seconds
[2024-10-04T10:22:13.819+0100] {processor.py:186} INFO - Started process (PID=21023) to work on /opt/miniconda3/envs/airflow/lib/python3.8/site-packages/airflow/example_dags/example_trigger_controller_dag.py
[2024-10-04T10:22:13.819+0100] {processor.py:914} INFO - Processing file /opt/miniconda3/envs/airflow/lib/python3.8/site-packages/airflow/example_dags/example_trigger_controller_dag.py for tasks to queue
[2024-10-04T10:22:13.819+0100] {logging_mixin.py:190} INFO - [2024-10-04T10:22:13.819+0100] {dagbag.py:588} INFO - Filling up the DagBag from /opt/miniconda3/envs/airflow/lib/python3.8/site-packages/airflow/example_dags/example_trigger_controller_dag.py
[2024-10-04T10:22:13.839+0100] {processor.py:925} INFO - DAG(s) 'example_trigger_controller_dag' retrieved from /opt/miniconda3/envs/airflow/lib/python3.8/site-packages/airflow/example_dags/example_trigger_controller_dag.py
[2024-10-04T10:22:13.870+0100] {logging_mixin.py:190} INFO - [2024-10-04T10:22:13.870+0100] {dag.py:3239} INFO - Sync 1 DAGs
[2024-10-04T10:22:13.875+0100] {logging_mixin.py:190} INFO - [2024-10-04T10:22:13.875+0100] {dag.py:4180} INFO - Setting next_dagrun for example_trigger_controller_dag to 2021-01-01 00:00:00+00:00, run_after=2021-01-01 00:00:00+00:00
[2024-10-04T10:22:13.881+0100] {processor.py:208} INFO - Processing /opt/miniconda3/envs/airflow/lib/python3.8/site-packages/airflow/example_dags/example_trigger_controller_dag.py took 0.063 seconds
[2024-10-04T10:24:31.828+0100] {processor.py:186} INFO - Started process (PID=21122) to work on /opt/miniconda3/envs/airflow/lib/python3.8/site-packages/airflow/example_dags/example_trigger_controller_dag.py
[2024-10-04T10:24:31.829+0100] {processor.py:914} INFO - Processing file /opt/miniconda3/envs/airflow/lib/python3.8/site-packages/airflow/example_dags/example_trigger_controller_dag.py for tasks to queue
[2024-10-04T10:24:31.829+0100] {logging_mixin.py:190} INFO - [2024-10-04T10:24:31.829+0100] {dagbag.py:588} INFO - Filling up the DagBag from /opt/miniconda3/envs/airflow/lib/python3.8/site-packages/airflow/example_dags/example_trigger_controller_dag.py
[2024-10-04T10:24:31.850+0100] {processor.py:925} INFO - DAG(s) 'example_trigger_controller_dag' retrieved from /opt/miniconda3/envs/airflow/lib/python3.8/site-packages/airflow/example_dags/example_trigger_controller_dag.py
[2024-10-04T10:24:31.881+0100] {logging_mixin.py:190} INFO - [2024-10-04T10:24:31.880+0100] {dag.py:3239} INFO - Sync 1 DAGs
[2024-10-04T10:24:31.886+0100] {logging_mixin.py:190} INFO - [2024-10-04T10:24:31.886+0100] {dag.py:4180} INFO - Setting next_dagrun for example_trigger_controller_dag to 2021-01-01 00:00:00+00:00, run_after=2021-01-01 00:00:00+00:00
[2024-10-04T10:24:31.891+0100] {processor.py:208} INFO - Processing /opt/miniconda3/envs/airflow/lib/python3.8/site-packages/airflow/example_dags/example_trigger_controller_dag.py took 0.065 seconds
[2024-10-04T10:25:31.061+0100] {processor.py:186} INFO - Started process (PID=21197) to work on /opt/miniconda3/envs/airflow/lib/python3.8/site-packages/airflow/example_dags/example_trigger_controller_dag.py
[2024-10-04T10:25:31.062+0100] {processor.py:914} INFO - Processing file /opt/miniconda3/envs/airflow/lib/python3.8/site-packages/airflow/example_dags/example_trigger_controller_dag.py for tasks to queue
[2024-10-04T10:25:31.062+0100] {logging_mixin.py:190} INFO - [2024-10-04T10:25:31.062+0100] {dagbag.py:588} INFO - Filling up the DagBag from /opt/miniconda3/envs/airflow/lib/python3.8/site-packages/airflow/example_dags/example_trigger_controller_dag.py
[2024-10-04T10:25:31.082+0100] {processor.py:925} INFO - DAG(s) 'example_trigger_controller_dag' retrieved from /opt/miniconda3/envs/airflow/lib/python3.8/site-packages/airflow/example_dags/example_trigger_controller_dag.py
[2024-10-04T10:25:31.113+0100] {logging_mixin.py:190} INFO - [2024-10-04T10:25:31.113+0100] {dag.py:3239} INFO - Sync 1 DAGs
[2024-10-04T10:25:31.118+0100] {logging_mixin.py:190} INFO - [2024-10-04T10:25:31.118+0100] {dag.py:4180} INFO - Setting next_dagrun for example_trigger_controller_dag to 2021-01-01 00:00:00+00:00, run_after=2021-01-01 00:00:00+00:00
[2024-10-04T10:25:31.124+0100] {processor.py:208} INFO - Processing /opt/miniconda3/envs/airflow/lib/python3.8/site-packages/airflow/example_dags/example_trigger_controller_dag.py took 0.064 seconds
[2024-10-04T10:26:30.250+0100] {processor.py:186} INFO - Started process (PID=21274) to work on /opt/miniconda3/envs/airflow/lib/python3.8/site-packages/airflow/example_dags/example_trigger_controller_dag.py
[2024-10-04T10:26:30.250+0100] {processor.py:914} INFO - Processing file /opt/miniconda3/envs/airflow/lib/python3.8/site-packages/airflow/example_dags/example_trigger_controller_dag.py for tasks to queue
[2024-10-04T10:26:30.250+0100] {logging_mixin.py:190} INFO - [2024-10-04T10:26:30.250+0100] {dagbag.py:588} INFO - Filling up the DagBag from /opt/miniconda3/envs/airflow/lib/python3.8/site-packages/airflow/example_dags/example_trigger_controller_dag.py
[2024-10-04T10:26:30.270+0100] {processor.py:925} INFO - DAG(s) 'example_trigger_controller_dag' retrieved from /opt/miniconda3/envs/airflow/lib/python3.8/site-packages/airflow/example_dags/example_trigger_controller_dag.py
[2024-10-04T10:26:30.301+0100] {logging_mixin.py:190} INFO - [2024-10-04T10:26:30.301+0100] {dag.py:3239} INFO - Sync 1 DAGs
[2024-10-04T10:26:30.306+0100] {logging_mixin.py:190} INFO - [2024-10-04T10:26:30.306+0100] {dag.py:4180} INFO - Setting next_dagrun for example_trigger_controller_dag to 2021-01-01 00:00:00+00:00, run_after=2021-01-01 00:00:00+00:00
[2024-10-04T10:26:30.312+0100] {processor.py:208} INFO - Processing /opt/miniconda3/envs/airflow/lib/python3.8/site-packages/airflow/example_dags/example_trigger_controller_dag.py took 0.064 seconds
[2024-10-04T10:27:27.230+0100] {processor.py:186} INFO - Started process (PID=21350) to work on /opt/miniconda3/envs/airflow/lib/python3.8/site-packages/airflow/example_dags/example_trigger_controller_dag.py
[2024-10-04T10:27:27.231+0100] {processor.py:914} INFO - Processing file /opt/miniconda3/envs/airflow/lib/python3.8/site-packages/airflow/example_dags/example_trigger_controller_dag.py for tasks to queue
[2024-10-04T10:27:27.231+0100] {logging_mixin.py:190} INFO - [2024-10-04T10:27:27.231+0100] {dagbag.py:588} INFO - Filling up the DagBag from /opt/miniconda3/envs/airflow/lib/python3.8/site-packages/airflow/example_dags/example_trigger_controller_dag.py
[2024-10-04T10:27:27.253+0100] {processor.py:925} INFO - DAG(s) 'example_trigger_controller_dag' retrieved from /opt/miniconda3/envs/airflow/lib/python3.8/site-packages/airflow/example_dags/example_trigger_controller_dag.py
[2024-10-04T10:27:27.285+0100] {logging_mixin.py:190} INFO - [2024-10-04T10:27:27.285+0100] {dag.py:3239} INFO - Sync 1 DAGs
[2024-10-04T10:27:27.290+0100] {logging_mixin.py:190} INFO - [2024-10-04T10:27:27.290+0100] {dag.py:4180} INFO - Setting next_dagrun for example_trigger_controller_dag to 2021-01-01 00:00:00+00:00, run_after=2021-01-01 00:00:00+00:00
[2024-10-04T10:27:27.296+0100] {processor.py:208} INFO - Processing /opt/miniconda3/envs/airflow/lib/python3.8/site-packages/airflow/example_dags/example_trigger_controller_dag.py took 0.067 seconds
[2024-10-04T10:28:24.411+0100] {processor.py:186} INFO - Started process (PID=21431) to work on /opt/miniconda3/envs/airflow/lib/python3.8/site-packages/airflow/example_dags/example_trigger_controller_dag.py
[2024-10-04T10:28:24.411+0100] {processor.py:914} INFO - Processing file /opt/miniconda3/envs/airflow/lib/python3.8/site-packages/airflow/example_dags/example_trigger_controller_dag.py for tasks to queue
[2024-10-04T10:28:24.412+0100] {logging_mixin.py:190} INFO - [2024-10-04T10:28:24.411+0100] {dagbag.py:588} INFO - Filling up the DagBag from /opt/miniconda3/envs/airflow/lib/python3.8/site-packages/airflow/example_dags/example_trigger_controller_dag.py
[2024-10-04T10:28:24.432+0100] {processor.py:925} INFO - DAG(s) 'example_trigger_controller_dag' retrieved from /opt/miniconda3/envs/airflow/lib/python3.8/site-packages/airflow/example_dags/example_trigger_controller_dag.py
[2024-10-04T10:28:24.463+0100] {logging_mixin.py:190} INFO - [2024-10-04T10:28:24.463+0100] {dag.py:3239} INFO - Sync 1 DAGs
[2024-10-04T10:28:24.468+0100] {logging_mixin.py:190} INFO - [2024-10-04T10:28:24.468+0100] {dag.py:4180} INFO - Setting next_dagrun for example_trigger_controller_dag to 2021-01-01 00:00:00+00:00, run_after=2021-01-01 00:00:00+00:00
[2024-10-04T10:28:24.473+0100] {processor.py:208} INFO - Processing /opt/miniconda3/envs/airflow/lib/python3.8/site-packages/airflow/example_dags/example_trigger_controller_dag.py took 0.064 seconds
[2024-10-04T10:29:22.494+0100] {processor.py:186} INFO - Started process (PID=21527) to work on /opt/miniconda3/envs/airflow/lib/python3.8/site-packages/airflow/example_dags/example_trigger_controller_dag.py
[2024-10-04T10:29:22.495+0100] {processor.py:914} INFO - Processing file /opt/miniconda3/envs/airflow/lib/python3.8/site-packages/airflow/example_dags/example_trigger_controller_dag.py for tasks to queue
[2024-10-04T10:29:22.495+0100] {logging_mixin.py:190} INFO - [2024-10-04T10:29:22.495+0100] {dagbag.py:588} INFO - Filling up the DagBag from /opt/miniconda3/envs/airflow/lib/python3.8/site-packages/airflow/example_dags/example_trigger_controller_dag.py
[2024-10-04T10:29:22.520+0100] {processor.py:925} INFO - DAG(s) 'example_trigger_controller_dag' retrieved from /opt/miniconda3/envs/airflow/lib/python3.8/site-packages/airflow/example_dags/example_trigger_controller_dag.py
[2024-10-04T10:29:22.552+0100] {logging_mixin.py:190} INFO - [2024-10-04T10:29:22.552+0100] {dag.py:3239} INFO - Sync 1 DAGs
[2024-10-04T10:29:22.558+0100] {logging_mixin.py:190} INFO - [2024-10-04T10:29:22.557+0100] {dag.py:4180} INFO - Setting next_dagrun for example_trigger_controller_dag to 2021-01-01 00:00:00+00:00, run_after=2021-01-01 00:00:00+00:00
[2024-10-04T10:29:22.563+0100] {processor.py:208} INFO - Processing /opt/miniconda3/envs/airflow/lib/python3.8/site-packages/airflow/example_dags/example_trigger_controller_dag.py took 0.071 seconds
[2024-10-04T10:30:19.334+0100] {processor.py:186} INFO - Started process (PID=21622) to work on /opt/miniconda3/envs/airflow/lib/python3.8/site-packages/airflow/example_dags/example_trigger_controller_dag.py
[2024-10-04T10:30:19.335+0100] {processor.py:914} INFO - Processing file /opt/miniconda3/envs/airflow/lib/python3.8/site-packages/airflow/example_dags/example_trigger_controller_dag.py for tasks to queue
[2024-10-04T10:30:19.335+0100] {logging_mixin.py:190} INFO - [2024-10-04T10:30:19.335+0100] {dagbag.py:588} INFO - Filling up the DagBag from /opt/miniconda3/envs/airflow/lib/python3.8/site-packages/airflow/example_dags/example_trigger_controller_dag.py
[2024-10-04T10:30:19.356+0100] {processor.py:925} INFO - DAG(s) 'example_trigger_controller_dag' retrieved from /opt/miniconda3/envs/airflow/lib/python3.8/site-packages/airflow/example_dags/example_trigger_controller_dag.py
[2024-10-04T10:30:19.387+0100] {logging_mixin.py:190} INFO - [2024-10-04T10:30:19.387+0100] {dag.py:3239} INFO - Sync 1 DAGs
[2024-10-04T10:30:19.392+0100] {logging_mixin.py:190} INFO - [2024-10-04T10:30:19.392+0100] {dag.py:4180} INFO - Setting next_dagrun for example_trigger_controller_dag to 2021-01-01 00:00:00+00:00, run_after=2021-01-01 00:00:00+00:00
[2024-10-04T10:30:19.398+0100] {processor.py:208} INFO - Processing /opt/miniconda3/envs/airflow/lib/python3.8/site-packages/airflow/example_dags/example_trigger_controller_dag.py took 0.065 seconds
[2024-10-04T10:31:14.599+0100] {processor.py:186} INFO - Started process (PID=21695) to work on /opt/miniconda3/envs/airflow/lib/python3.8/site-packages/airflow/example_dags/example_trigger_controller_dag.py
[2024-10-04T10:31:14.599+0100] {processor.py:914} INFO - Processing file /opt/miniconda3/envs/airflow/lib/python3.8/site-packages/airflow/example_dags/example_trigger_controller_dag.py for tasks to queue
[2024-10-04T10:31:14.599+0100] {logging_mixin.py:190} INFO - [2024-10-04T10:31:14.599+0100] {dagbag.py:588} INFO - Filling up the DagBag from /opt/miniconda3/envs/airflow/lib/python3.8/site-packages/airflow/example_dags/example_trigger_controller_dag.py
[2024-10-04T10:31:14.619+0100] {processor.py:925} INFO - DAG(s) 'example_trigger_controller_dag' retrieved from /opt/miniconda3/envs/airflow/lib/python3.8/site-packages/airflow/example_dags/example_trigger_controller_dag.py
[2024-10-04T10:31:14.650+0100] {logging_mixin.py:190} INFO - [2024-10-04T10:31:14.650+0100] {dag.py:3239} INFO - Sync 1 DAGs
[2024-10-04T10:31:14.655+0100] {logging_mixin.py:190} INFO - [2024-10-04T10:31:14.655+0100] {dag.py:4180} INFO - Setting next_dagrun for example_trigger_controller_dag to 2021-01-01 00:00:00+00:00, run_after=2021-01-01 00:00:00+00:00
[2024-10-04T10:31:14.661+0100] {processor.py:208} INFO - Processing /opt/miniconda3/envs/airflow/lib/python3.8/site-packages/airflow/example_dags/example_trigger_controller_dag.py took 0.064 seconds
[2024-10-04T10:32:16.302+0100] {processor.py:186} INFO - Started process (PID=21788) to work on /opt/miniconda3/envs/airflow/lib/python3.8/site-packages/airflow/example_dags/example_trigger_controller_dag.py
[2024-10-04T10:32:16.302+0100] {processor.py:914} INFO - Processing file /opt/miniconda3/envs/airflow/lib/python3.8/site-packages/airflow/example_dags/example_trigger_controller_dag.py for tasks to queue
[2024-10-04T10:32:16.303+0100] {logging_mixin.py:190} INFO - [2024-10-04T10:32:16.303+0100] {dagbag.py:588} INFO - Filling up the DagBag from /opt/miniconda3/envs/airflow/lib/python3.8/site-packages/airflow/example_dags/example_trigger_controller_dag.py
[2024-10-04T10:32:16.323+0100] {processor.py:925} INFO - DAG(s) 'example_trigger_controller_dag' retrieved from /opt/miniconda3/envs/airflow/lib/python3.8/site-packages/airflow/example_dags/example_trigger_controller_dag.py
[2024-10-04T10:32:16.353+0100] {logging_mixin.py:190} INFO - [2024-10-04T10:32:16.353+0100] {dag.py:3239} INFO - Sync 1 DAGs
[2024-10-04T10:32:16.358+0100] {logging_mixin.py:190} INFO - [2024-10-04T10:32:16.358+0100] {dag.py:4180} INFO - Setting next_dagrun for example_trigger_controller_dag to 2021-01-01 00:00:00+00:00, run_after=2021-01-01 00:00:00+00:00
[2024-10-04T10:32:16.364+0100] {processor.py:208} INFO - Processing /opt/miniconda3/envs/airflow/lib/python3.8/site-packages/airflow/example_dags/example_trigger_controller_dag.py took 0.063 seconds
[2024-10-04T10:33:18.178+0100] {processor.py:186} INFO - Started process (PID=21876) to work on /opt/miniconda3/envs/airflow/lib/python3.8/site-packages/airflow/example_dags/example_trigger_controller_dag.py
[2024-10-04T10:33:18.178+0100] {processor.py:914} INFO - Processing file /opt/miniconda3/envs/airflow/lib/python3.8/site-packages/airflow/example_dags/example_trigger_controller_dag.py for tasks to queue
[2024-10-04T10:33:18.178+0100] {logging_mixin.py:190} INFO - [2024-10-04T10:33:18.178+0100] {dagbag.py:588} INFO - Filling up the DagBag from /opt/miniconda3/envs/airflow/lib/python3.8/site-packages/airflow/example_dags/example_trigger_controller_dag.py
[2024-10-04T10:33:18.199+0100] {processor.py:925} INFO - DAG(s) 'example_trigger_controller_dag' retrieved from /opt/miniconda3/envs/airflow/lib/python3.8/site-packages/airflow/example_dags/example_trigger_controller_dag.py
[2024-10-04T10:33:18.230+0100] {logging_mixin.py:190} INFO - [2024-10-04T10:33:18.230+0100] {dag.py:3239} INFO - Sync 1 DAGs
[2024-10-04T10:33:18.235+0100] {logging_mixin.py:190} INFO - [2024-10-04T10:33:18.235+0100] {dag.py:4180} INFO - Setting next_dagrun for example_trigger_controller_dag to 2021-01-01 00:00:00+00:00, run_after=2021-01-01 00:00:00+00:00
[2024-10-04T10:33:18.240+0100] {processor.py:208} INFO - Processing /opt/miniconda3/envs/airflow/lib/python3.8/site-packages/airflow/example_dags/example_trigger_controller_dag.py took 0.064 seconds
[2024-10-04T10:34:21.762+0100] {processor.py:186} INFO - Started process (PID=21954) to work on /opt/miniconda3/envs/airflow/lib/python3.8/site-packages/airflow/example_dags/example_trigger_controller_dag.py
[2024-10-04T10:34:21.763+0100] {processor.py:914} INFO - Processing file /opt/miniconda3/envs/airflow/lib/python3.8/site-packages/airflow/example_dags/example_trigger_controller_dag.py for tasks to queue
[2024-10-04T10:34:21.763+0100] {logging_mixin.py:190} INFO - [2024-10-04T10:34:21.763+0100] {dagbag.py:588} INFO - Filling up the DagBag from /opt/miniconda3/envs/airflow/lib/python3.8/site-packages/airflow/example_dags/example_trigger_controller_dag.py
[2024-10-04T10:34:21.783+0100] {processor.py:925} INFO - DAG(s) 'example_trigger_controller_dag' retrieved from /opt/miniconda3/envs/airflow/lib/python3.8/site-packages/airflow/example_dags/example_trigger_controller_dag.py
[2024-10-04T10:34:21.815+0100] {logging_mixin.py:190} INFO - [2024-10-04T10:34:21.814+0100] {dag.py:3239} INFO - Sync 1 DAGs
[2024-10-04T10:34:21.820+0100] {logging_mixin.py:190} INFO - [2024-10-04T10:34:21.820+0100] {dag.py:4180} INFO - Setting next_dagrun for example_trigger_controller_dag to 2021-01-01 00:00:00+00:00, run_after=2021-01-01 00:00:00+00:00
[2024-10-04T10:34:21.825+0100] {processor.py:208} INFO - Processing /opt/miniconda3/envs/airflow/lib/python3.8/site-packages/airflow/example_dags/example_trigger_controller_dag.py took 0.065 seconds
[2024-10-04T10:35:29.238+0100] {processor.py:186} INFO - Started process (PID=22045) to work on /opt/miniconda3/envs/airflow/lib/python3.8/site-packages/airflow/example_dags/example_trigger_controller_dag.py
[2024-10-04T10:35:29.238+0100] {processor.py:914} INFO - Processing file /opt/miniconda3/envs/airflow/lib/python3.8/site-packages/airflow/example_dags/example_trigger_controller_dag.py for tasks to queue
[2024-10-04T10:35:29.238+0100] {logging_mixin.py:190} INFO - [2024-10-04T10:35:29.238+0100] {dagbag.py:588} INFO - Filling up the DagBag from /opt/miniconda3/envs/airflow/lib/python3.8/site-packages/airflow/example_dags/example_trigger_controller_dag.py
[2024-10-04T10:35:29.258+0100] {processor.py:925} INFO - DAG(s) 'example_trigger_controller_dag' retrieved from /opt/miniconda3/envs/airflow/lib/python3.8/site-packages/airflow/example_dags/example_trigger_controller_dag.py
[2024-10-04T10:35:29.289+0100] {logging_mixin.py:190} INFO - [2024-10-04T10:35:29.289+0100] {dag.py:3239} INFO - Sync 1 DAGs
[2024-10-04T10:35:29.294+0100] {logging_mixin.py:190} INFO - [2024-10-04T10:35:29.294+0100] {dag.py:4180} INFO - Setting next_dagrun for example_trigger_controller_dag to 2021-01-01 00:00:00+00:00, run_after=2021-01-01 00:00:00+00:00
[2024-10-04T10:35:29.300+0100] {processor.py:208} INFO - Processing /opt/miniconda3/envs/airflow/lib/python3.8/site-packages/airflow/example_dags/example_trigger_controller_dag.py took 0.063 seconds
[2024-10-04T10:36:36.096+0100] {processor.py:186} INFO - Started process (PID=22126) to work on /opt/miniconda3/envs/airflow/lib/python3.8/site-packages/airflow/example_dags/example_trigger_controller_dag.py
[2024-10-04T10:36:36.096+0100] {processor.py:914} INFO - Processing file /opt/miniconda3/envs/airflow/lib/python3.8/site-packages/airflow/example_dags/example_trigger_controller_dag.py for tasks to queue
[2024-10-04T10:36:36.096+0100] {logging_mixin.py:190} INFO - [2024-10-04T10:36:36.096+0100] {dagbag.py:588} INFO - Filling up the DagBag from /opt/miniconda3/envs/airflow/lib/python3.8/site-packages/airflow/example_dags/example_trigger_controller_dag.py
[2024-10-04T10:36:36.117+0100] {processor.py:925} INFO - DAG(s) 'example_trigger_controller_dag' retrieved from /opt/miniconda3/envs/airflow/lib/python3.8/site-packages/airflow/example_dags/example_trigger_controller_dag.py
[2024-10-04T10:36:36.149+0100] {logging_mixin.py:190} INFO - [2024-10-04T10:36:36.149+0100] {dag.py:3239} INFO - Sync 1 DAGs
[2024-10-04T10:36:36.154+0100] {logging_mixin.py:190} INFO - [2024-10-04T10:36:36.154+0100] {dag.py:4180} INFO - Setting next_dagrun for example_trigger_controller_dag to 2021-01-01 00:00:00+00:00, run_after=2021-01-01 00:00:00+00:00
[2024-10-04T10:36:36.159+0100] {processor.py:208} INFO - Processing /opt/miniconda3/envs/airflow/lib/python3.8/site-packages/airflow/example_dags/example_trigger_controller_dag.py took 0.066 seconds
[2024-10-04T10:37:43.533+0100] {processor.py:186} INFO - Started process (PID=22214) to work on /opt/miniconda3/envs/airflow/lib/python3.8/site-packages/airflow/example_dags/example_trigger_controller_dag.py
[2024-10-04T10:37:43.534+0100] {processor.py:914} INFO - Processing file /opt/miniconda3/envs/airflow/lib/python3.8/site-packages/airflow/example_dags/example_trigger_controller_dag.py for tasks to queue
[2024-10-04T10:37:43.534+0100] {logging_mixin.py:190} INFO - [2024-10-04T10:37:43.534+0100] {dagbag.py:588} INFO - Filling up the DagBag from /opt/miniconda3/envs/airflow/lib/python3.8/site-packages/airflow/example_dags/example_trigger_controller_dag.py
[2024-10-04T10:37:43.555+0100] {processor.py:925} INFO - DAG(s) 'example_trigger_controller_dag' retrieved from /opt/miniconda3/envs/airflow/lib/python3.8/site-packages/airflow/example_dags/example_trigger_controller_dag.py
[2024-10-04T10:37:43.585+0100] {logging_mixin.py:190} INFO - [2024-10-04T10:37:43.585+0100] {dag.py:3239} INFO - Sync 1 DAGs
[2024-10-04T10:37:43.591+0100] {logging_mixin.py:190} INFO - [2024-10-04T10:37:43.591+0100] {dag.py:4180} INFO - Setting next_dagrun for example_trigger_controller_dag to 2021-01-01 00:00:00+00:00, run_after=2021-01-01 00:00:00+00:00
[2024-10-04T10:37:43.597+0100] {processor.py:208} INFO - Processing /opt/miniconda3/envs/airflow/lib/python3.8/site-packages/airflow/example_dags/example_trigger_controller_dag.py took 0.066 seconds
