[2024-10-04T01:55:07.237+0100] {processor.py:186} INFO - Started process (PID=17406) to work on /opt/miniconda3/envs/airflow/lib/python3.8/site-packages/airflow/example_dags/example_python_operator.py
[2024-10-04T01:55:07.238+0100] {processor.py:914} INFO - Processing file /opt/miniconda3/envs/airflow/lib/python3.8/site-packages/airflow/example_dags/example_python_operator.py for tasks to queue
[2024-10-04T01:55:07.238+0100] {logging_mixin.py:190} INFO - [2024-10-04T01:55:07.238+0100] {dagbag.py:588} INFO - Filling up the DagBag from /opt/miniconda3/envs/airflow/lib/python3.8/site-packages/airflow/example_dags/example_python_operator.py
[2024-10-04T01:55:07.266+0100] {logging_mixin.py:190} INFO - [2024-10-04T01:55:07.265+0100] {example_python_operator.py:93} WARNING - The virtalenv_python example task requires virtualenv, please install it.
[2024-10-04T01:55:07.267+0100] {processor.py:925} INFO - DAG(s) 'example_python_operator' retrieved from /opt/miniconda3/envs/airflow/lib/python3.8/site-packages/airflow/example_dags/example_python_operator.py
[2024-10-04T01:55:07.299+0100] {logging_mixin.py:190} INFO - [2024-10-04T01:55:07.299+0100] {dag.py:3239} INFO - Sync 1 DAGs
[2024-10-04T01:55:07.302+0100] {logging_mixin.py:190} INFO - [2024-10-04T01:55:07.302+0100] {dag.py:4180} INFO - Setting next_dagrun for example_python_operator to None, run_after=None
[2024-10-04T01:55:07.308+0100] {processor.py:208} INFO - Processing /opt/miniconda3/envs/airflow/lib/python3.8/site-packages/airflow/example_dags/example_python_operator.py took 0.072 seconds
[2024-10-04T01:56:36.782+0100] {processor.py:186} INFO - Started process (PID=17518) to work on /opt/miniconda3/envs/airflow/lib/python3.8/site-packages/airflow/example_dags/example_python_operator.py
[2024-10-04T01:56:36.782+0100] {processor.py:914} INFO - Processing file /opt/miniconda3/envs/airflow/lib/python3.8/site-packages/airflow/example_dags/example_python_operator.py for tasks to queue
[2024-10-04T01:56:36.783+0100] {logging_mixin.py:190} INFO - [2024-10-04T01:56:36.783+0100] {dagbag.py:588} INFO - Filling up the DagBag from /opt/miniconda3/envs/airflow/lib/python3.8/site-packages/airflow/example_dags/example_python_operator.py
[2024-10-04T01:56:36.805+0100] {logging_mixin.py:190} INFO - [2024-10-04T01:56:36.805+0100] {example_python_operator.py:93} WARNING - The virtalenv_python example task requires virtualenv, please install it.
[2024-10-04T01:56:36.806+0100] {processor.py:925} INFO - DAG(s) 'example_python_operator' retrieved from /opt/miniconda3/envs/airflow/lib/python3.8/site-packages/airflow/example_dags/example_python_operator.py
[2024-10-04T01:56:36.838+0100] {logging_mixin.py:190} INFO - [2024-10-04T01:56:36.838+0100] {dag.py:3239} INFO - Sync 1 DAGs
[2024-10-04T01:56:36.841+0100] {logging_mixin.py:190} INFO - [2024-10-04T01:56:36.841+0100] {dag.py:4180} INFO - Setting next_dagrun for example_python_operator to None, run_after=None
[2024-10-04T01:56:36.847+0100] {processor.py:208} INFO - Processing /opt/miniconda3/envs/airflow/lib/python3.8/site-packages/airflow/example_dags/example_python_operator.py took 0.067 seconds
[2024-10-04T03:50:43.197+0100] {processor.py:186} INFO - Started process (PID=17711) to work on /opt/miniconda3/envs/airflow/lib/python3.8/site-packages/airflow/example_dags/example_python_operator.py
[2024-10-04T03:50:43.197+0100] {processor.py:914} INFO - Processing file /opt/miniconda3/envs/airflow/lib/python3.8/site-packages/airflow/example_dags/example_python_operator.py for tasks to queue
[2024-10-04T03:50:43.198+0100] {logging_mixin.py:190} INFO - [2024-10-04T03:50:43.197+0100] {dagbag.py:588} INFO - Filling up the DagBag from /opt/miniconda3/envs/airflow/lib/python3.8/site-packages/airflow/example_dags/example_python_operator.py
[2024-10-04T03:50:43.220+0100] {logging_mixin.py:190} INFO - [2024-10-04T03:50:43.220+0100] {example_python_operator.py:93} WARNING - The virtalenv_python example task requires virtualenv, please install it.
[2024-10-04T03:50:43.221+0100] {processor.py:925} INFO - DAG(s) 'example_python_operator' retrieved from /opt/miniconda3/envs/airflow/lib/python3.8/site-packages/airflow/example_dags/example_python_operator.py
[2024-10-04T03:50:43.253+0100] {logging_mixin.py:190} INFO - [2024-10-04T03:50:43.253+0100] {dag.py:3239} INFO - Sync 1 DAGs
[2024-10-04T03:50:43.256+0100] {logging_mixin.py:190} INFO - [2024-10-04T03:50:43.256+0100] {dag.py:4180} INFO - Setting next_dagrun for example_python_operator to None, run_after=None
[2024-10-04T03:50:43.263+0100] {processor.py:208} INFO - Processing /opt/miniconda3/envs/airflow/lib/python3.8/site-packages/airflow/example_dags/example_python_operator.py took 0.068 seconds
[2024-10-04T03:52:17.512+0100] {processor.py:186} INFO - Started process (PID=17831) to work on /opt/miniconda3/envs/airflow/lib/python3.8/site-packages/airflow/example_dags/example_python_operator.py
[2024-10-04T03:52:17.512+0100] {processor.py:914} INFO - Processing file /opt/miniconda3/envs/airflow/lib/python3.8/site-packages/airflow/example_dags/example_python_operator.py for tasks to queue
[2024-10-04T03:52:17.512+0100] {logging_mixin.py:190} INFO - [2024-10-04T03:52:17.512+0100] {dagbag.py:588} INFO - Filling up the DagBag from /opt/miniconda3/envs/airflow/lib/python3.8/site-packages/airflow/example_dags/example_python_operator.py
[2024-10-04T03:52:17.535+0100] {logging_mixin.py:190} INFO - [2024-10-04T03:52:17.535+0100] {example_python_operator.py:93} WARNING - The virtalenv_python example task requires virtualenv, please install it.
[2024-10-04T03:52:17.536+0100] {processor.py:925} INFO - DAG(s) 'example_python_operator' retrieved from /opt/miniconda3/envs/airflow/lib/python3.8/site-packages/airflow/example_dags/example_python_operator.py
[2024-10-04T03:52:17.568+0100] {logging_mixin.py:190} INFO - [2024-10-04T03:52:17.568+0100] {dag.py:3239} INFO - Sync 1 DAGs
[2024-10-04T03:52:17.572+0100] {logging_mixin.py:190} INFO - [2024-10-04T03:52:17.572+0100] {dag.py:4180} INFO - Setting next_dagrun for example_python_operator to None, run_after=None
[2024-10-04T03:52:17.577+0100] {processor.py:208} INFO - Processing /opt/miniconda3/envs/airflow/lib/python3.8/site-packages/airflow/example_dags/example_python_operator.py took 0.067 seconds
[2024-10-04T06:13:59.449+0100] {processor.py:186} INFO - Started process (PID=18034) to work on /opt/miniconda3/envs/airflow/lib/python3.8/site-packages/airflow/example_dags/example_python_operator.py
[2024-10-04T06:13:59.450+0100] {processor.py:914} INFO - Processing file /opt/miniconda3/envs/airflow/lib/python3.8/site-packages/airflow/example_dags/example_python_operator.py for tasks to queue
[2024-10-04T06:13:59.450+0100] {logging_mixin.py:190} INFO - [2024-10-04T06:13:59.450+0100] {dagbag.py:588} INFO - Filling up the DagBag from /opt/miniconda3/envs/airflow/lib/python3.8/site-packages/airflow/example_dags/example_python_operator.py
[2024-10-04T06:13:59.477+0100] {logging_mixin.py:190} INFO - [2024-10-04T06:13:59.477+0100] {example_python_operator.py:93} WARNING - The virtalenv_python example task requires virtualenv, please install it.
[2024-10-04T06:13:59.478+0100] {processor.py:925} INFO - DAG(s) 'example_python_operator' retrieved from /opt/miniconda3/envs/airflow/lib/python3.8/site-packages/airflow/example_dags/example_python_operator.py
[2024-10-04T06:13:59.510+0100] {logging_mixin.py:190} INFO - [2024-10-04T06:13:59.510+0100] {dag.py:3239} INFO - Sync 1 DAGs
[2024-10-04T06:13:59.513+0100] {logging_mixin.py:190} INFO - [2024-10-04T06:13:59.513+0100] {dag.py:4180} INFO - Setting next_dagrun for example_python_operator to None, run_after=None
[2024-10-04T06:13:59.519+0100] {processor.py:208} INFO - Processing /opt/miniconda3/envs/airflow/lib/python3.8/site-packages/airflow/example_dags/example_python_operator.py took 0.072 seconds
[2024-10-04T06:15:18.278+0100] {processor.py:186} INFO - Started process (PID=18153) to work on /opt/miniconda3/envs/airflow/lib/python3.8/site-packages/airflow/example_dags/example_python_operator.py
[2024-10-04T06:15:18.279+0100] {processor.py:914} INFO - Processing file /opt/miniconda3/envs/airflow/lib/python3.8/site-packages/airflow/example_dags/example_python_operator.py for tasks to queue
[2024-10-04T06:15:18.279+0100] {logging_mixin.py:190} INFO - [2024-10-04T06:15:18.279+0100] {dagbag.py:588} INFO - Filling up the DagBag from /opt/miniconda3/envs/airflow/lib/python3.8/site-packages/airflow/example_dags/example_python_operator.py
[2024-10-04T06:15:18.302+0100] {logging_mixin.py:190} INFO - [2024-10-04T06:15:18.302+0100] {example_python_operator.py:93} WARNING - The virtalenv_python example task requires virtualenv, please install it.
[2024-10-04T06:15:18.303+0100] {processor.py:925} INFO - DAG(s) 'example_python_operator' retrieved from /opt/miniconda3/envs/airflow/lib/python3.8/site-packages/airflow/example_dags/example_python_operator.py
[2024-10-04T06:15:18.335+0100] {logging_mixin.py:190} INFO - [2024-10-04T06:15:18.335+0100] {dag.py:3239} INFO - Sync 1 DAGs
[2024-10-04T06:15:18.338+0100] {logging_mixin.py:190} INFO - [2024-10-04T06:15:18.338+0100] {dag.py:4180} INFO - Setting next_dagrun for example_python_operator to None, run_after=None
[2024-10-04T06:15:18.344+0100] {processor.py:208} INFO - Processing /opt/miniconda3/envs/airflow/lib/python3.8/site-packages/airflow/example_dags/example_python_operator.py took 0.068 seconds
[2024-10-04T07:38:05.784+0100] {processor.py:186} INFO - Started process (PID=19991) to work on /opt/miniconda3/envs/airflow/lib/python3.8/site-packages/airflow/example_dags/example_python_operator.py
[2024-10-04T07:38:05.785+0100] {processor.py:914} INFO - Processing file /opt/miniconda3/envs/airflow/lib/python3.8/site-packages/airflow/example_dags/example_python_operator.py for tasks to queue
[2024-10-04T07:38:05.785+0100] {logging_mixin.py:190} INFO - [2024-10-04T07:38:05.785+0100] {dagbag.py:588} INFO - Filling up the DagBag from /opt/miniconda3/envs/airflow/lib/python3.8/site-packages/airflow/example_dags/example_python_operator.py
[2024-10-04T07:38:05.808+0100] {logging_mixin.py:190} INFO - [2024-10-04T07:38:05.808+0100] {example_python_operator.py:93} WARNING - The virtalenv_python example task requires virtualenv, please install it.
[2024-10-04T07:38:05.809+0100] {processor.py:925} INFO - DAG(s) 'example_python_operator' retrieved from /opt/miniconda3/envs/airflow/lib/python3.8/site-packages/airflow/example_dags/example_python_operator.py
[2024-10-04T07:38:05.841+0100] {logging_mixin.py:190} INFO - [2024-10-04T07:38:05.841+0100] {dag.py:3239} INFO - Sync 1 DAGs
[2024-10-04T07:38:05.844+0100] {logging_mixin.py:190} INFO - [2024-10-04T07:38:05.844+0100] {dag.py:4180} INFO - Setting next_dagrun for example_python_operator to None, run_after=None
[2024-10-04T07:38:05.850+0100] {processor.py:208} INFO - Processing /opt/miniconda3/envs/airflow/lib/python3.8/site-packages/airflow/example_dags/example_python_operator.py took 0.068 seconds
[2024-10-04T08:19:35.050+0100] {processor.py:186} INFO - Started process (PID=20097) to work on /opt/miniconda3/envs/airflow/lib/python3.8/site-packages/airflow/example_dags/example_python_operator.py
[2024-10-04T08:19:35.050+0100] {processor.py:914} INFO - Processing file /opt/miniconda3/envs/airflow/lib/python3.8/site-packages/airflow/example_dags/example_python_operator.py for tasks to queue
[2024-10-04T08:19:35.051+0100] {logging_mixin.py:190} INFO - [2024-10-04T08:19:35.050+0100] {dagbag.py:588} INFO - Filling up the DagBag from /opt/miniconda3/envs/airflow/lib/python3.8/site-packages/airflow/example_dags/example_python_operator.py
[2024-10-04T08:22:49.175+0100] {logging_mixin.py:190} INFO - [2024-10-04T08:22:49.175+0100] {example_python_operator.py:93} WARNING - The virtalenv_python example task requires virtualenv, please install it.
[2024-10-04T08:22:49.177+0100] {processor.py:925} INFO - DAG(s) 'example_python_operator' retrieved from /opt/miniconda3/envs/airflow/lib/python3.8/site-packages/airflow/example_dags/example_python_operator.py
[2024-10-04T08:22:49.219+0100] {logging_mixin.py:190} INFO - [2024-10-04T08:22:49.219+0100] {dag.py:3239} INFO - Sync 1 DAGs
[2024-10-04T08:22:49.223+0100] {logging_mixin.py:190} INFO - [2024-10-04T08:22:49.223+0100] {dag.py:4180} INFO - Setting next_dagrun for example_python_operator to None, run_after=None
[2024-10-04T08:22:49.264+0100] {processor.py:208} INFO - Processing /opt/miniconda3/envs/airflow/lib/python3.8/site-packages/airflow/example_dags/example_python_operator.py took 0.382 seconds
[2024-10-04T08:39:50.381+0100] {processor.py:186} INFO - Started process (PID=20212) to work on /opt/miniconda3/envs/airflow/lib/python3.8/site-packages/airflow/example_dags/example_python_operator.py
[2024-10-04T08:39:50.381+0100] {processor.py:914} INFO - Processing file /opt/miniconda3/envs/airflow/lib/python3.8/site-packages/airflow/example_dags/example_python_operator.py for tasks to queue
[2024-10-04T08:39:50.381+0100] {logging_mixin.py:190} INFO - [2024-10-04T08:39:50.381+0100] {dagbag.py:588} INFO - Filling up the DagBag from /opt/miniconda3/envs/airflow/lib/python3.8/site-packages/airflow/example_dags/example_python_operator.py
[2024-10-04T08:39:50.404+0100] {logging_mixin.py:190} INFO - [2024-10-04T08:39:50.404+0100] {example_python_operator.py:93} WARNING - The virtalenv_python example task requires virtualenv, please install it.
[2024-10-04T08:39:50.405+0100] {processor.py:925} INFO - DAG(s) 'example_python_operator' retrieved from /opt/miniconda3/envs/airflow/lib/python3.8/site-packages/airflow/example_dags/example_python_operator.py
[2024-10-04T08:39:50.437+0100] {logging_mixin.py:190} INFO - [2024-10-04T08:39:50.437+0100] {dag.py:3239} INFO - Sync 1 DAGs
[2024-10-04T08:39:50.440+0100] {logging_mixin.py:190} INFO - [2024-10-04T08:39:50.440+0100] {dag.py:4180} INFO - Setting next_dagrun for example_python_operator to None, run_after=None
[2024-10-04T08:39:50.446+0100] {processor.py:208} INFO - Processing /opt/miniconda3/envs/airflow/lib/python3.8/site-packages/airflow/example_dags/example_python_operator.py took 0.067 seconds
[2024-10-04T08:45:36.510+0100] {processor.py:186} INFO - Started process (PID=20371) to work on /opt/miniconda3/envs/airflow/lib/python3.8/site-packages/airflow/example_dags/example_python_operator.py
[2024-10-04T08:45:36.510+0100] {processor.py:914} INFO - Processing file /opt/miniconda3/envs/airflow/lib/python3.8/site-packages/airflow/example_dags/example_python_operator.py for tasks to queue
[2024-10-04T08:45:36.510+0100] {logging_mixin.py:190} INFO - [2024-10-04T08:45:36.510+0100] {dagbag.py:588} INFO - Filling up the DagBag from /opt/miniconda3/envs/airflow/lib/python3.8/site-packages/airflow/example_dags/example_python_operator.py
[2024-10-04T08:45:36.533+0100] {logging_mixin.py:190} INFO - [2024-10-04T08:45:36.533+0100] {example_python_operator.py:93} WARNING - The virtalenv_python example task requires virtualenv, please install it.
[2024-10-04T08:45:36.534+0100] {processor.py:925} INFO - DAG(s) 'example_python_operator' retrieved from /opt/miniconda3/envs/airflow/lib/python3.8/site-packages/airflow/example_dags/example_python_operator.py
[2024-10-04T08:45:36.566+0100] {logging_mixin.py:190} INFO - [2024-10-04T08:45:36.566+0100] {dag.py:3239} INFO - Sync 1 DAGs
[2024-10-04T08:45:36.570+0100] {logging_mixin.py:190} INFO - [2024-10-04T08:45:36.570+0100] {dag.py:4180} INFO - Setting next_dagrun for example_python_operator to None, run_after=None
[2024-10-04T08:45:36.576+0100] {processor.py:208} INFO - Processing /opt/miniconda3/envs/airflow/lib/python3.8/site-packages/airflow/example_dags/example_python_operator.py took 0.067 seconds
[2024-10-04T09:41:12.388+0100] {processor.py:186} INFO - Started process (PID=20491) to work on /opt/miniconda3/envs/airflow/lib/python3.8/site-packages/airflow/example_dags/example_python_operator.py
[2024-10-04T09:41:12.389+0100] {processor.py:914} INFO - Processing file /opt/miniconda3/envs/airflow/lib/python3.8/site-packages/airflow/example_dags/example_python_operator.py for tasks to queue
[2024-10-04T09:41:12.391+0100] {logging_mixin.py:190} INFO - [2024-10-04T09:41:12.390+0100] {dagbag.py:588} INFO - Filling up the DagBag from /opt/miniconda3/envs/airflow/lib/python3.8/site-packages/airflow/example_dags/example_python_operator.py
[2024-10-04T09:41:12.416+0100] {logging_mixin.py:190} INFO - [2024-10-04T09:41:12.416+0100] {example_python_operator.py:93} WARNING - The virtalenv_python example task requires virtualenv, please install it.
[2024-10-04T09:41:12.417+0100] {processor.py:925} INFO - DAG(s) 'example_python_operator' retrieved from /opt/miniconda3/envs/airflow/lib/python3.8/site-packages/airflow/example_dags/example_python_operator.py
[2024-10-04T09:41:12.457+0100] {logging_mixin.py:190} INFO - [2024-10-04T09:41:12.456+0100] {dag.py:3239} INFO - Sync 1 DAGs
[2024-10-04T09:41:12.460+0100] {logging_mixin.py:190} INFO - [2024-10-04T09:41:12.460+0100] {dag.py:4180} INFO - Setting next_dagrun for example_python_operator to None, run_after=None
[2024-10-04T09:41:12.465+0100] {processor.py:208} INFO - Processing /opt/miniconda3/envs/airflow/lib/python3.8/site-packages/airflow/example_dags/example_python_operator.py took 0.081 seconds
[2024-10-04T09:42:37.254+0100] {processor.py:186} INFO - Started process (PID=20620) to work on /opt/miniconda3/envs/airflow/lib/python3.8/site-packages/airflow/example_dags/example_python_operator.py
[2024-10-04T09:42:37.255+0100] {processor.py:914} INFO - Processing file /opt/miniconda3/envs/airflow/lib/python3.8/site-packages/airflow/example_dags/example_python_operator.py for tasks to queue
[2024-10-04T09:42:37.255+0100] {logging_mixin.py:190} INFO - [2024-10-04T09:42:37.255+0100] {dagbag.py:588} INFO - Filling up the DagBag from /opt/miniconda3/envs/airflow/lib/python3.8/site-packages/airflow/example_dags/example_python_operator.py
[2024-10-04T09:42:37.278+0100] {logging_mixin.py:190} INFO - [2024-10-04T09:42:37.278+0100] {example_python_operator.py:93} WARNING - The virtalenv_python example task requires virtualenv, please install it.
[2024-10-04T09:42:37.279+0100] {processor.py:925} INFO - DAG(s) 'example_python_operator' retrieved from /opt/miniconda3/envs/airflow/lib/python3.8/site-packages/airflow/example_dags/example_python_operator.py
[2024-10-04T09:42:37.311+0100] {logging_mixin.py:190} INFO - [2024-10-04T09:42:37.311+0100] {dag.py:3239} INFO - Sync 1 DAGs
[2024-10-04T09:42:37.314+0100] {logging_mixin.py:190} INFO - [2024-10-04T09:42:37.314+0100] {dag.py:4180} INFO - Setting next_dagrun for example_python_operator to None, run_after=None
[2024-10-04T09:42:37.320+0100] {processor.py:208} INFO - Processing /opt/miniconda3/envs/airflow/lib/python3.8/site-packages/airflow/example_dags/example_python_operator.py took 0.068 seconds
[2024-10-04T10:19:28.009+0100] {processor.py:186} INFO - Started process (PID=20787) to work on /opt/miniconda3/envs/airflow/lib/python3.8/site-packages/airflow/example_dags/example_python_operator.py
[2024-10-04T10:19:28.011+0100] {processor.py:914} INFO - Processing file /opt/miniconda3/envs/airflow/lib/python3.8/site-packages/airflow/example_dags/example_python_operator.py for tasks to queue
[2024-10-04T10:19:28.012+0100] {logging_mixin.py:190} INFO - [2024-10-04T10:19:28.012+0100] {dagbag.py:588} INFO - Filling up the DagBag from /opt/miniconda3/envs/airflow/lib/python3.8/site-packages/airflow/example_dags/example_python_operator.py
[2024-10-04T10:19:28.035+0100] {logging_mixin.py:190} INFO - [2024-10-04T10:19:28.034+0100] {example_python_operator.py:93} WARNING - The virtalenv_python example task requires virtualenv, please install it.
[2024-10-04T10:19:28.036+0100] {processor.py:925} INFO - DAG(s) 'example_python_operator' retrieved from /opt/miniconda3/envs/airflow/lib/python3.8/site-packages/airflow/example_dags/example_python_operator.py
[2024-10-04T10:19:28.069+0100] {logging_mixin.py:190} INFO - [2024-10-04T10:19:28.069+0100] {dag.py:3239} INFO - Sync 1 DAGs
[2024-10-04T10:19:28.072+0100] {logging_mixin.py:190} INFO - [2024-10-04T10:19:28.072+0100] {dag.py:4180} INFO - Setting next_dagrun for example_python_operator to None, run_after=None
[2024-10-04T10:19:28.078+0100] {processor.py:208} INFO - Processing /opt/miniconda3/envs/airflow/lib/python3.8/site-packages/airflow/example_dags/example_python_operator.py took 0.071 seconds
[2024-10-04T10:21:32.682+0100] {processor.py:186} INFO - Started process (PID=20969) to work on /opt/miniconda3/envs/airflow/lib/python3.8/site-packages/airflow/example_dags/example_python_operator.py
[2024-10-04T10:21:32.683+0100] {processor.py:914} INFO - Processing file /opt/miniconda3/envs/airflow/lib/python3.8/site-packages/airflow/example_dags/example_python_operator.py for tasks to queue
[2024-10-04T10:21:32.684+0100] {logging_mixin.py:190} INFO - [2024-10-04T10:21:32.684+0100] {dagbag.py:588} INFO - Filling up the DagBag from /opt/miniconda3/envs/airflow/lib/python3.8/site-packages/airflow/example_dags/example_python_operator.py
[2024-10-04T10:21:32.707+0100] {logging_mixin.py:190} INFO - [2024-10-04T10:21:32.707+0100] {example_python_operator.py:93} WARNING - The virtalenv_python example task requires virtualenv, please install it.
[2024-10-04T10:21:32.708+0100] {processor.py:925} INFO - DAG(s) 'example_python_operator' retrieved from /opt/miniconda3/envs/airflow/lib/python3.8/site-packages/airflow/example_dags/example_python_operator.py
[2024-10-04T10:21:32.740+0100] {logging_mixin.py:190} INFO - [2024-10-04T10:21:32.740+0100] {dag.py:3239} INFO - Sync 1 DAGs
[2024-10-04T10:21:32.743+0100] {logging_mixin.py:190} INFO - [2024-10-04T10:21:32.743+0100] {dag.py:4180} INFO - Setting next_dagrun for example_python_operator to None, run_after=None
[2024-10-04T10:21:32.749+0100] {processor.py:208} INFO - Processing /opt/miniconda3/envs/airflow/lib/python3.8/site-packages/airflow/example_dags/example_python_operator.py took 0.068 seconds
[2024-10-04T10:24:54.369+0100] {processor.py:186} INFO - Started process (PID=21148) to work on /opt/miniconda3/envs/airflow/lib/python3.8/site-packages/airflow/example_dags/example_python_operator.py
[2024-10-04T10:24:54.370+0100] {processor.py:914} INFO - Processing file /opt/miniconda3/envs/airflow/lib/python3.8/site-packages/airflow/example_dags/example_python_operator.py for tasks to queue
[2024-10-04T10:24:54.371+0100] {logging_mixin.py:190} INFO - [2024-10-04T10:24:54.370+0100] {dagbag.py:588} INFO - Filling up the DagBag from /opt/miniconda3/envs/airflow/lib/python3.8/site-packages/airflow/example_dags/example_python_operator.py
[2024-10-04T10:24:54.394+0100] {logging_mixin.py:190} INFO - [2024-10-04T10:24:54.394+0100] {example_python_operator.py:93} WARNING - The virtalenv_python example task requires virtualenv, please install it.
[2024-10-04T10:24:54.395+0100] {processor.py:925} INFO - DAG(s) 'example_python_operator' retrieved from /opt/miniconda3/envs/airflow/lib/python3.8/site-packages/airflow/example_dags/example_python_operator.py
[2024-10-04T10:24:54.427+0100] {logging_mixin.py:190} INFO - [2024-10-04T10:24:54.427+0100] {dag.py:3239} INFO - Sync 1 DAGs
[2024-10-04T10:24:54.431+0100] {logging_mixin.py:190} INFO - [2024-10-04T10:24:54.431+0100] {dag.py:4180} INFO - Setting next_dagrun for example_python_operator to None, run_after=None
[2024-10-04T10:24:54.436+0100] {processor.py:208} INFO - Processing /opt/miniconda3/envs/airflow/lib/python3.8/site-packages/airflow/example_dags/example_python_operator.py took 0.069 seconds
[2024-10-04T10:26:50.186+0100] {processor.py:186} INFO - Started process (PID=21302) to work on /opt/miniconda3/envs/airflow/lib/python3.8/site-packages/airflow/example_dags/example_python_operator.py
[2024-10-04T10:26:50.186+0100] {processor.py:914} INFO - Processing file /opt/miniconda3/envs/airflow/lib/python3.8/site-packages/airflow/example_dags/example_python_operator.py for tasks to queue
[2024-10-04T10:26:50.186+0100] {logging_mixin.py:190} INFO - [2024-10-04T10:26:50.186+0100] {dagbag.py:588} INFO - Filling up the DagBag from /opt/miniconda3/envs/airflow/lib/python3.8/site-packages/airflow/example_dags/example_python_operator.py
[2024-10-04T10:26:50.211+0100] {logging_mixin.py:190} INFO - [2024-10-04T10:26:50.211+0100] {example_python_operator.py:93} WARNING - The virtalenv_python example task requires virtualenv, please install it.
[2024-10-04T10:26:50.212+0100] {processor.py:925} INFO - DAG(s) 'example_python_operator' retrieved from /opt/miniconda3/envs/airflow/lib/python3.8/site-packages/airflow/example_dags/example_python_operator.py
[2024-10-04T10:26:50.244+0100] {logging_mixin.py:190} INFO - [2024-10-04T10:26:50.244+0100] {dag.py:3239} INFO - Sync 1 DAGs
[2024-10-04T10:26:50.247+0100] {logging_mixin.py:190} INFO - [2024-10-04T10:26:50.247+0100] {dag.py:4180} INFO - Setting next_dagrun for example_python_operator to None, run_after=None
[2024-10-04T10:26:50.253+0100] {processor.py:208} INFO - Processing /opt/miniconda3/envs/airflow/lib/python3.8/site-packages/airflow/example_dags/example_python_operator.py took 0.069 seconds
[2024-10-04T10:28:45.319+0100] {processor.py:186} INFO - Started process (PID=21467) to work on /opt/miniconda3/envs/airflow/lib/python3.8/site-packages/airflow/example_dags/example_python_operator.py
[2024-10-04T10:28:45.320+0100] {processor.py:914} INFO - Processing file /opt/miniconda3/envs/airflow/lib/python3.8/site-packages/airflow/example_dags/example_python_operator.py for tasks to queue
[2024-10-04T10:28:45.321+0100] {logging_mixin.py:190} INFO - [2024-10-04T10:28:45.321+0100] {dagbag.py:588} INFO - Filling up the DagBag from /opt/miniconda3/envs/airflow/lib/python3.8/site-packages/airflow/example_dags/example_python_operator.py
[2024-10-04T10:28:45.343+0100] {logging_mixin.py:190} INFO - [2024-10-04T10:28:45.343+0100] {example_python_operator.py:93} WARNING - The virtalenv_python example task requires virtualenv, please install it.
[2024-10-04T10:28:45.344+0100] {processor.py:925} INFO - DAG(s) 'example_python_operator' retrieved from /opt/miniconda3/envs/airflow/lib/python3.8/site-packages/airflow/example_dags/example_python_operator.py
[2024-10-04T10:28:45.386+0100] {logging_mixin.py:190} INFO - [2024-10-04T10:28:45.386+0100] {dag.py:3239} INFO - Sync 1 DAGs
[2024-10-04T10:28:45.389+0100] {logging_mixin.py:190} INFO - [2024-10-04T10:28:45.389+0100] {dag.py:4180} INFO - Setting next_dagrun for example_python_operator to None, run_after=None
[2024-10-04T10:28:45.395+0100] {processor.py:208} INFO - Processing /opt/miniconda3/envs/airflow/lib/python3.8/site-packages/airflow/example_dags/example_python_operator.py took 0.078 seconds
[2024-10-04T10:30:38.847+0100] {processor.py:186} INFO - Started process (PID=21646) to work on /opt/miniconda3/envs/airflow/lib/python3.8/site-packages/airflow/example_dags/example_python_operator.py
[2024-10-04T10:30:38.849+0100] {processor.py:914} INFO - Processing file /opt/miniconda3/envs/airflow/lib/python3.8/site-packages/airflow/example_dags/example_python_operator.py for tasks to queue
[2024-10-04T10:30:38.849+0100] {logging_mixin.py:190} INFO - [2024-10-04T10:30:38.849+0100] {dagbag.py:588} INFO - Filling up the DagBag from /opt/miniconda3/envs/airflow/lib/python3.8/site-packages/airflow/example_dags/example_python_operator.py
[2024-10-04T10:30:38.874+0100] {logging_mixin.py:190} INFO - [2024-10-04T10:30:38.874+0100] {example_python_operator.py:93} WARNING - The virtalenv_python example task requires virtualenv, please install it.
[2024-10-04T10:30:38.875+0100] {processor.py:925} INFO - DAG(s) 'example_python_operator' retrieved from /opt/miniconda3/envs/airflow/lib/python3.8/site-packages/airflow/example_dags/example_python_operator.py
[2024-10-04T10:30:38.908+0100] {logging_mixin.py:190} INFO - [2024-10-04T10:30:38.907+0100] {dag.py:3239} INFO - Sync 1 DAGs
[2024-10-04T10:30:38.911+0100] {logging_mixin.py:190} INFO - [2024-10-04T10:30:38.911+0100] {dag.py:4180} INFO - Setting next_dagrun for example_python_operator to None, run_after=None
[2024-10-04T10:30:38.917+0100] {processor.py:208} INFO - Processing /opt/miniconda3/envs/airflow/lib/python3.8/site-packages/airflow/example_dags/example_python_operator.py took 0.071 seconds
[2024-10-04T10:32:36.176+0100] {processor.py:186} INFO - Started process (PID=21815) to work on /opt/miniconda3/envs/airflow/lib/python3.8/site-packages/airflow/example_dags/example_python_operator.py
[2024-10-04T10:32:36.177+0100] {processor.py:914} INFO - Processing file /opt/miniconda3/envs/airflow/lib/python3.8/site-packages/airflow/example_dags/example_python_operator.py for tasks to queue
[2024-10-04T10:32:36.177+0100] {logging_mixin.py:190} INFO - [2024-10-04T10:32:36.177+0100] {dagbag.py:588} INFO - Filling up the DagBag from /opt/miniconda3/envs/airflow/lib/python3.8/site-packages/airflow/example_dags/example_python_operator.py
[2024-10-04T10:32:36.201+0100] {logging_mixin.py:190} INFO - [2024-10-04T10:32:36.201+0100] {example_python_operator.py:93} WARNING - The virtalenv_python example task requires virtualenv, please install it.
[2024-10-04T10:32:36.202+0100] {processor.py:925} INFO - DAG(s) 'example_python_operator' retrieved from /opt/miniconda3/envs/airflow/lib/python3.8/site-packages/airflow/example_dags/example_python_operator.py
[2024-10-04T10:32:36.234+0100] {logging_mixin.py:190} INFO - [2024-10-04T10:32:36.234+0100] {dag.py:3239} INFO - Sync 1 DAGs
[2024-10-04T10:32:36.238+0100] {logging_mixin.py:190} INFO - [2024-10-04T10:32:36.238+0100] {dag.py:4180} INFO - Setting next_dagrun for example_python_operator to None, run_after=None
[2024-10-04T10:32:36.243+0100] {processor.py:208} INFO - Processing /opt/miniconda3/envs/airflow/lib/python3.8/site-packages/airflow/example_dags/example_python_operator.py took 0.069 seconds
[2024-10-04T10:34:44.264+0100] {processor.py:186} INFO - Started process (PID=21985) to work on /opt/miniconda3/envs/airflow/lib/python3.8/site-packages/airflow/example_dags/example_python_operator.py
[2024-10-04T10:34:44.264+0100] {processor.py:914} INFO - Processing file /opt/miniconda3/envs/airflow/lib/python3.8/site-packages/airflow/example_dags/example_python_operator.py for tasks to queue
[2024-10-04T10:34:44.265+0100] {logging_mixin.py:190} INFO - [2024-10-04T10:34:44.265+0100] {dagbag.py:588} INFO - Filling up the DagBag from /opt/miniconda3/envs/airflow/lib/python3.8/site-packages/airflow/example_dags/example_python_operator.py
[2024-10-04T10:34:44.288+0100] {logging_mixin.py:190} INFO - [2024-10-04T10:34:44.288+0100] {example_python_operator.py:93} WARNING - The virtalenv_python example task requires virtualenv, please install it.
[2024-10-04T10:34:44.289+0100] {processor.py:925} INFO - DAG(s) 'example_python_operator' retrieved from /opt/miniconda3/envs/airflow/lib/python3.8/site-packages/airflow/example_dags/example_python_operator.py
[2024-10-04T10:34:44.321+0100] {logging_mixin.py:190} INFO - [2024-10-04T10:34:44.321+0100] {dag.py:3239} INFO - Sync 1 DAGs
[2024-10-04T10:34:44.325+0100] {logging_mixin.py:190} INFO - [2024-10-04T10:34:44.324+0100] {dag.py:4180} INFO - Setting next_dagrun for example_python_operator to None, run_after=None
[2024-10-04T10:34:44.331+0100] {processor.py:208} INFO - Processing /opt/miniconda3/envs/airflow/lib/python3.8/site-packages/airflow/example_dags/example_python_operator.py took 0.068 seconds
[2024-10-04T10:36:58.599+0100] {processor.py:186} INFO - Started process (PID=22155) to work on /opt/miniconda3/envs/airflow/lib/python3.8/site-packages/airflow/example_dags/example_python_operator.py
[2024-10-04T10:36:58.601+0100] {processor.py:914} INFO - Processing file /opt/miniconda3/envs/airflow/lib/python3.8/site-packages/airflow/example_dags/example_python_operator.py for tasks to queue
[2024-10-04T10:36:58.601+0100] {logging_mixin.py:190} INFO - [2024-10-04T10:36:58.601+0100] {dagbag.py:588} INFO - Filling up the DagBag from /opt/miniconda3/envs/airflow/lib/python3.8/site-packages/airflow/example_dags/example_python_operator.py
[2024-10-04T10:36:58.627+0100] {logging_mixin.py:190} INFO - [2024-10-04T10:36:58.627+0100] {example_python_operator.py:93} WARNING - The virtalenv_python example task requires virtualenv, please install it.
[2024-10-04T10:36:58.628+0100] {processor.py:925} INFO - DAG(s) 'example_python_operator' retrieved from /opt/miniconda3/envs/airflow/lib/python3.8/site-packages/airflow/example_dags/example_python_operator.py
[2024-10-04T10:36:58.661+0100] {logging_mixin.py:190} INFO - [2024-10-04T10:36:58.661+0100] {dag.py:3239} INFO - Sync 1 DAGs
[2024-10-04T10:36:58.664+0100] {logging_mixin.py:190} INFO - [2024-10-04T10:36:58.664+0100] {dag.py:4180} INFO - Setting next_dagrun for example_python_operator to None, run_after=None
[2024-10-04T10:36:58.670+0100] {processor.py:208} INFO - Processing /opt/miniconda3/envs/airflow/lib/python3.8/site-packages/airflow/example_dags/example_python_operator.py took 0.073 seconds
