[2024-10-04T01:55:24.644+0100] {processor.py:186} INFO - Started process (PID=17428) to work on /opt/miniconda3/envs/airflow/lib/python3.8/site-packages/airflow/example_dags/example_inlet_event_extra.py
[2024-10-04T01:55:24.645+0100] {processor.py:914} INFO - Processing file /opt/miniconda3/envs/airflow/lib/python3.8/site-packages/airflow/example_dags/example_inlet_event_extra.py for tasks to queue
[2024-10-04T01:55:24.645+0100] {logging_mixin.py:190} INFO - [2024-10-04T01:55:24.645+0100] {dagbag.py:588} INFO - Filling up the DagBag from /opt/miniconda3/envs/airflow/lib/python3.8/site-packages/airflow/example_dags/example_inlet_event_extra.py
[2024-10-04T01:55:24.685+0100] {processor.py:925} INFO - DAG(s) 'read_dataset_event_from_classic', 'read_dataset_event' retrieved from /opt/miniconda3/envs/airflow/lib/python3.8/site-packages/airflow/example_dags/example_inlet_event_extra.py
[2024-10-04T01:55:24.717+0100] {logging_mixin.py:190} INFO - [2024-10-04T01:55:24.717+0100] {dag.py:3239} INFO - Sync 2 DAGs
[2024-10-04T01:55:24.723+0100] {logging_mixin.py:190} INFO - [2024-10-04T01:55:24.723+0100] {dag.py:4180} INFO - Setting next_dagrun for read_dataset_event to 2024-10-03 00:00:00+00:00, run_after=2024-10-04 00:00:00+00:00
[2024-10-04T01:55:24.724+0100] {logging_mixin.py:190} INFO - [2024-10-04T01:55:24.724+0100] {dag.py:4180} INFO - Setting next_dagrun for read_dataset_event_from_classic to 2024-10-03 00:00:00+00:00, run_after=2024-10-04 00:00:00+00:00
[2024-10-04T01:55:24.729+0100] {processor.py:208} INFO - Processing /opt/miniconda3/envs/airflow/lib/python3.8/site-packages/airflow/example_dags/example_inlet_event_extra.py took 0.087 seconds
[2024-10-04T01:57:32.395+0100] {processor.py:186} INFO - Started process (PID=17588) to work on /opt/miniconda3/envs/airflow/lib/python3.8/site-packages/airflow/example_dags/example_inlet_event_extra.py
[2024-10-04T01:57:32.396+0100] {processor.py:914} INFO - Processing file /opt/miniconda3/envs/airflow/lib/python3.8/site-packages/airflow/example_dags/example_inlet_event_extra.py for tasks to queue
[2024-10-04T01:57:32.396+0100] {logging_mixin.py:190} INFO - [2024-10-04T01:57:32.396+0100] {dagbag.py:588} INFO - Filling up the DagBag from /opt/miniconda3/envs/airflow/lib/python3.8/site-packages/airflow/example_dags/example_inlet_event_extra.py
[2024-10-04T01:57:32.437+0100] {processor.py:925} INFO - DAG(s) 'read_dataset_event', 'read_dataset_event_from_classic' retrieved from /opt/miniconda3/envs/airflow/lib/python3.8/site-packages/airflow/example_dags/example_inlet_event_extra.py
[2024-10-04T01:57:32.469+0100] {logging_mixin.py:190} INFO - [2024-10-04T01:57:32.468+0100] {dag.py:3239} INFO - Sync 2 DAGs
[2024-10-04T01:57:32.474+0100] {logging_mixin.py:190} INFO - [2024-10-04T01:57:32.474+0100] {dag.py:4180} INFO - Setting next_dagrun for read_dataset_event to 2024-10-03 00:00:00+00:00, run_after=2024-10-04 00:00:00+00:00
[2024-10-04T01:57:32.475+0100] {logging_mixin.py:190} INFO - [2024-10-04T01:57:32.475+0100] {dag.py:4180} INFO - Setting next_dagrun for read_dataset_event_from_classic to 2024-10-03 00:00:00+00:00, run_after=2024-10-04 00:00:00+00:00
[2024-10-04T01:57:32.480+0100] {processor.py:208} INFO - Processing /opt/miniconda3/envs/airflow/lib/python3.8/site-packages/airflow/example_dags/example_inlet_event_extra.py took 0.087 seconds
[2024-10-04T03:51:02.055+0100] {processor.py:186} INFO - Started process (PID=17737) to work on /opt/miniconda3/envs/airflow/lib/python3.8/site-packages/airflow/example_dags/example_inlet_event_extra.py
[2024-10-04T03:51:02.056+0100] {processor.py:914} INFO - Processing file /opt/miniconda3/envs/airflow/lib/python3.8/site-packages/airflow/example_dags/example_inlet_event_extra.py for tasks to queue
[2024-10-04T03:51:02.057+0100] {logging_mixin.py:190} INFO - [2024-10-04T03:51:02.057+0100] {dagbag.py:588} INFO - Filling up the DagBag from /opt/miniconda3/envs/airflow/lib/python3.8/site-packages/airflow/example_dags/example_inlet_event_extra.py
[2024-10-04T03:51:02.096+0100] {processor.py:925} INFO - DAG(s) 'read_dataset_event_from_classic', 'read_dataset_event' retrieved from /opt/miniconda3/envs/airflow/lib/python3.8/site-packages/airflow/example_dags/example_inlet_event_extra.py
[2024-10-04T03:51:02.128+0100] {logging_mixin.py:190} INFO - [2024-10-04T03:51:02.128+0100] {dag.py:3239} INFO - Sync 2 DAGs
[2024-10-04T03:51:02.134+0100] {logging_mixin.py:190} INFO - [2024-10-04T03:51:02.134+0100] {dag.py:4180} INFO - Setting next_dagrun for read_dataset_event to 2024-10-03 00:00:00+00:00, run_after=2024-10-04 00:00:00+00:00
[2024-10-04T03:51:02.135+0100] {logging_mixin.py:190} INFO - [2024-10-04T03:51:02.135+0100] {dag.py:4180} INFO - Setting next_dagrun for read_dataset_event_from_classic to 2024-10-03 00:00:00+00:00, run_after=2024-10-04 00:00:00+00:00
[2024-10-04T03:51:02.141+0100] {processor.py:208} INFO - Processing /opt/miniconda3/envs/airflow/lib/python3.8/site-packages/airflow/example_dags/example_inlet_event_extra.py took 0.087 seconds
[2024-10-04T03:53:09.030+0100] {processor.py:186} INFO - Started process (PID=17902) to work on /opt/miniconda3/envs/airflow/lib/python3.8/site-packages/airflow/example_dags/example_inlet_event_extra.py
[2024-10-04T03:53:09.030+0100] {processor.py:914} INFO - Processing file /opt/miniconda3/envs/airflow/lib/python3.8/site-packages/airflow/example_dags/example_inlet_event_extra.py for tasks to queue
[2024-10-04T03:53:09.030+0100] {logging_mixin.py:190} INFO - [2024-10-04T03:53:09.030+0100] {dagbag.py:588} INFO - Filling up the DagBag from /opt/miniconda3/envs/airflow/lib/python3.8/site-packages/airflow/example_dags/example_inlet_event_extra.py
[2024-10-04T03:53:09.070+0100] {processor.py:925} INFO - DAG(s) 'read_dataset_event', 'read_dataset_event_from_classic' retrieved from /opt/miniconda3/envs/airflow/lib/python3.8/site-packages/airflow/example_dags/example_inlet_event_extra.py
[2024-10-04T03:53:09.102+0100] {logging_mixin.py:190} INFO - [2024-10-04T03:53:09.102+0100] {dag.py:3239} INFO - Sync 2 DAGs
[2024-10-04T03:53:09.108+0100] {logging_mixin.py:190} INFO - [2024-10-04T03:53:09.108+0100] {dag.py:4180} INFO - Setting next_dagrun for read_dataset_event to 2024-10-03 00:00:00+00:00, run_after=2024-10-04 00:00:00+00:00
[2024-10-04T03:53:09.109+0100] {logging_mixin.py:190} INFO - [2024-10-04T03:53:09.109+0100] {dag.py:4180} INFO - Setting next_dagrun for read_dataset_event_from_classic to 2024-10-03 00:00:00+00:00, run_after=2024-10-04 00:00:00+00:00
[2024-10-04T03:53:09.114+0100] {processor.py:208} INFO - Processing /opt/miniconda3/envs/airflow/lib/python3.8/site-packages/airflow/example_dags/example_inlet_event_extra.py took 0.086 seconds
[2024-10-04T06:14:16.007+0100] {processor.py:186} INFO - Started process (PID=18060) to work on /opt/miniconda3/envs/airflow/lib/python3.8/site-packages/airflow/example_dags/example_inlet_event_extra.py
[2024-10-04T06:14:16.009+0100] {processor.py:914} INFO - Processing file /opt/miniconda3/envs/airflow/lib/python3.8/site-packages/airflow/example_dags/example_inlet_event_extra.py for tasks to queue
[2024-10-04T06:14:16.009+0100] {logging_mixin.py:190} INFO - [2024-10-04T06:14:16.009+0100] {dagbag.py:588} INFO - Filling up the DagBag from /opt/miniconda3/envs/airflow/lib/python3.8/site-packages/airflow/example_dags/example_inlet_event_extra.py
[2024-10-04T06:14:16.052+0100] {processor.py:925} INFO - DAG(s) 'read_dataset_event', 'read_dataset_event_from_classic' retrieved from /opt/miniconda3/envs/airflow/lib/python3.8/site-packages/airflow/example_dags/example_inlet_event_extra.py
[2024-10-04T06:14:16.084+0100] {logging_mixin.py:190} INFO - [2024-10-04T06:14:16.084+0100] {dag.py:3239} INFO - Sync 2 DAGs
[2024-10-04T06:14:16.090+0100] {logging_mixin.py:190} INFO - [2024-10-04T06:14:16.090+0100] {dag.py:4180} INFO - Setting next_dagrun for read_dataset_event to 2024-10-03 00:00:00+00:00, run_after=2024-10-04 00:00:00+00:00
[2024-10-04T06:14:16.092+0100] {logging_mixin.py:190} INFO - [2024-10-04T06:14:16.091+0100] {dag.py:4180} INFO - Setting next_dagrun for read_dataset_event_from_classic to 2024-10-03 00:00:00+00:00, run_after=2024-10-04 00:00:00+00:00
[2024-10-04T06:14:16.096+0100] {processor.py:208} INFO - Processing /opt/miniconda3/envs/airflow/lib/python3.8/site-packages/airflow/example_dags/example_inlet_event_extra.py took 0.090 seconds
[2024-10-04T06:16:07.570+0100] {processor.py:186} INFO - Started process (PID=19883) to work on /opt/miniconda3/envs/airflow/lib/python3.8/site-packages/airflow/example_dags/example_inlet_event_extra.py
[2024-10-04T06:16:07.571+0100] {processor.py:914} INFO - Processing file /opt/miniconda3/envs/airflow/lib/python3.8/site-packages/airflow/example_dags/example_inlet_event_extra.py for tasks to queue
[2024-10-04T06:16:07.572+0100] {logging_mixin.py:190} INFO - [2024-10-04T06:16:07.572+0100] {dagbag.py:588} INFO - Filling up the DagBag from /opt/miniconda3/envs/airflow/lib/python3.8/site-packages/airflow/example_dags/example_inlet_event_extra.py
[2024-10-04T06:16:07.611+0100] {processor.py:925} INFO - DAG(s) 'read_dataset_event_from_classic', 'read_dataset_event' retrieved from /opt/miniconda3/envs/airflow/lib/python3.8/site-packages/airflow/example_dags/example_inlet_event_extra.py
[2024-10-04T06:16:07.643+0100] {logging_mixin.py:190} INFO - [2024-10-04T06:16:07.643+0100] {dag.py:3239} INFO - Sync 2 DAGs
[2024-10-04T06:16:07.649+0100] {logging_mixin.py:190} INFO - [2024-10-04T06:16:07.649+0100] {dag.py:4180} INFO - Setting next_dagrun for read_dataset_event to 2024-10-03 00:00:00+00:00, run_after=2024-10-04 00:00:00+00:00
[2024-10-04T06:16:07.650+0100] {logging_mixin.py:190} INFO - [2024-10-04T06:16:07.650+0100] {dag.py:4180} INFO - Setting next_dagrun for read_dataset_event_from_classic to 2024-10-03 00:00:00+00:00, run_after=2024-10-04 00:00:00+00:00
[2024-10-04T06:16:07.655+0100] {processor.py:208} INFO - Processing /opt/miniconda3/envs/airflow/lib/python3.8/site-packages/airflow/example_dags/example_inlet_event_extra.py took 0.086 seconds
[2024-10-04T08:38:47.741+0100] {processor.py:186} INFO - Started process (PID=20126) to work on /opt/miniconda3/envs/airflow/lib/python3.8/site-packages/airflow/example_dags/example_inlet_event_extra.py
[2024-10-04T08:38:47.741+0100] {processor.py:914} INFO - Processing file /opt/miniconda3/envs/airflow/lib/python3.8/site-packages/airflow/example_dags/example_inlet_event_extra.py for tasks to queue
[2024-10-04T08:38:47.741+0100] {logging_mixin.py:190} INFO - [2024-10-04T08:38:47.741+0100] {dagbag.py:588} INFO - Filling up the DagBag from /opt/miniconda3/envs/airflow/lib/python3.8/site-packages/airflow/example_dags/example_inlet_event_extra.py
[2024-10-04T08:38:47.781+0100] {processor.py:925} INFO - DAG(s) 'read_dataset_event', 'read_dataset_event_from_classic' retrieved from /opt/miniconda3/envs/airflow/lib/python3.8/site-packages/airflow/example_dags/example_inlet_event_extra.py
[2024-10-04T08:38:47.813+0100] {logging_mixin.py:190} INFO - [2024-10-04T08:38:47.813+0100] {dag.py:3239} INFO - Sync 2 DAGs
[2024-10-04T08:38:47.819+0100] {logging_mixin.py:190} INFO - [2024-10-04T08:38:47.819+0100] {dag.py:4180} INFO - Setting next_dagrun for read_dataset_event to 2024-10-03 00:00:00+00:00, run_after=2024-10-04 00:00:00+00:00
[2024-10-04T08:38:47.820+0100] {logging_mixin.py:190} INFO - [2024-10-04T08:38:47.820+0100] {dag.py:4180} INFO - Setting next_dagrun for read_dataset_event_from_classic to 2024-10-03 00:00:00+00:00, run_after=2024-10-04 00:00:00+00:00
[2024-10-04T08:38:47.825+0100] {processor.py:208} INFO - Processing /opt/miniconda3/envs/airflow/lib/python3.8/site-packages/airflow/example_dags/example_inlet_event_extra.py took 0.086 seconds
[2024-10-04T08:40:38.525+0100] {processor.py:186} INFO - Started process (PID=20279) to work on /opt/miniconda3/envs/airflow/lib/python3.8/site-packages/airflow/example_dags/example_inlet_event_extra.py
[2024-10-04T08:40:38.526+0100] {processor.py:914} INFO - Processing file /opt/miniconda3/envs/airflow/lib/python3.8/site-packages/airflow/example_dags/example_inlet_event_extra.py for tasks to queue
[2024-10-04T08:40:38.526+0100] {logging_mixin.py:190} INFO - [2024-10-04T08:40:38.526+0100] {dagbag.py:588} INFO - Filling up the DagBag from /opt/miniconda3/envs/airflow/lib/python3.8/site-packages/airflow/example_dags/example_inlet_event_extra.py
[2024-10-04T08:40:38.566+0100] {processor.py:925} INFO - DAG(s) 'read_dataset_event', 'read_dataset_event_from_classic' retrieved from /opt/miniconda3/envs/airflow/lib/python3.8/site-packages/airflow/example_dags/example_inlet_event_extra.py
[2024-10-04T08:40:38.597+0100] {logging_mixin.py:190} INFO - [2024-10-04T08:40:38.597+0100] {dag.py:3239} INFO - Sync 2 DAGs
[2024-10-04T08:40:38.603+0100] {logging_mixin.py:190} INFO - [2024-10-04T08:40:38.603+0100] {dag.py:4180} INFO - Setting next_dagrun for read_dataset_event to 2024-10-03 00:00:00+00:00, run_after=2024-10-04 00:00:00+00:00
[2024-10-04T08:40:38.604+0100] {logging_mixin.py:190} INFO - [2024-10-04T08:40:38.604+0100] {dag.py:4180} INFO - Setting next_dagrun for read_dataset_event_from_classic to 2024-10-03 00:00:00+00:00, run_after=2024-10-04 00:00:00+00:00
[2024-10-04T08:40:38.610+0100] {processor.py:208} INFO - Processing /opt/miniconda3/envs/airflow/lib/python3.8/site-packages/airflow/example_dags/example_inlet_event_extra.py took 0.086 seconds
[2024-10-04T09:41:27.752+0100] {processor.py:186} INFO - Started process (PID=20522) to work on /opt/miniconda3/envs/airflow/lib/python3.8/site-packages/airflow/example_dags/example_inlet_event_extra.py
[2024-10-04T09:41:27.753+0100] {processor.py:914} INFO - Processing file /opt/miniconda3/envs/airflow/lib/python3.8/site-packages/airflow/example_dags/example_inlet_event_extra.py for tasks to queue
[2024-10-04T09:41:27.753+0100] {logging_mixin.py:190} INFO - [2024-10-04T09:41:27.753+0100] {dagbag.py:588} INFO - Filling up the DagBag from /opt/miniconda3/envs/airflow/lib/python3.8/site-packages/airflow/example_dags/example_inlet_event_extra.py
[2024-10-04T09:41:27.793+0100] {processor.py:925} INFO - DAG(s) 'read_dataset_event_from_classic', 'read_dataset_event' retrieved from /opt/miniconda3/envs/airflow/lib/python3.8/site-packages/airflow/example_dags/example_inlet_event_extra.py
[2024-10-04T09:41:27.826+0100] {logging_mixin.py:190} INFO - [2024-10-04T09:41:27.826+0100] {dag.py:3239} INFO - Sync 2 DAGs
[2024-10-04T09:41:27.831+0100] {logging_mixin.py:190} INFO - [2024-10-04T09:41:27.831+0100] {dag.py:4180} INFO - Setting next_dagrun for read_dataset_event to 2024-10-03 00:00:00+00:00, run_after=2024-10-04 00:00:00+00:00
[2024-10-04T09:41:27.833+0100] {logging_mixin.py:190} INFO - [2024-10-04T09:41:27.833+0100] {dag.py:4180} INFO - Setting next_dagrun for read_dataset_event_from_classic to 2024-10-03 00:00:00+00:00, run_after=2024-10-04 00:00:00+00:00
[2024-10-04T09:41:27.837+0100] {processor.py:208} INFO - Processing /opt/miniconda3/envs/airflow/lib/python3.8/site-packages/airflow/example_dags/example_inlet_event_extra.py took 0.087 seconds
[2024-10-04T09:43:21.569+0100] {processor.py:186} INFO - Started process (PID=20678) to work on /opt/miniconda3/envs/airflow/lib/python3.8/site-packages/airflow/example_dags/example_inlet_event_extra.py
[2024-10-04T09:43:21.569+0100] {processor.py:914} INFO - Processing file /opt/miniconda3/envs/airflow/lib/python3.8/site-packages/airflow/example_dags/example_inlet_event_extra.py for tasks to queue
[2024-10-04T09:43:21.570+0100] {logging_mixin.py:190} INFO - [2024-10-04T09:43:21.569+0100] {dagbag.py:588} INFO - Filling up the DagBag from /opt/miniconda3/envs/airflow/lib/python3.8/site-packages/airflow/example_dags/example_inlet_event_extra.py
[2024-10-04T09:43:21.609+0100] {processor.py:925} INFO - DAG(s) 'read_dataset_event', 'read_dataset_event_from_classic' retrieved from /opt/miniconda3/envs/airflow/lib/python3.8/site-packages/airflow/example_dags/example_inlet_event_extra.py
[2024-10-04T09:43:21.641+0100] {logging_mixin.py:190} INFO - [2024-10-04T09:43:21.641+0100] {dag.py:3239} INFO - Sync 2 DAGs
[2024-10-04T09:43:21.647+0100] {logging_mixin.py:190} INFO - [2024-10-04T09:43:21.647+0100] {dag.py:4180} INFO - Setting next_dagrun for read_dataset_event to 2024-10-03 00:00:00+00:00, run_after=2024-10-04 00:00:00+00:00
[2024-10-04T09:43:21.648+0100] {logging_mixin.py:190} INFO - [2024-10-04T09:43:21.648+0100] {dag.py:4180} INFO - Setting next_dagrun for read_dataset_event_from_classic to 2024-10-03 00:00:00+00:00, run_after=2024-10-04 00:00:00+00:00
[2024-10-04T09:43:21.653+0100] {processor.py:208} INFO - Processing /opt/miniconda3/envs/airflow/lib/python3.8/site-packages/airflow/example_dags/example_inlet_event_extra.py took 0.086 seconds
[2024-10-04T10:20:25.847+0100] {processor.py:186} INFO - Started process (PID=20881) to work on /opt/miniconda3/envs/airflow/lib/python3.8/site-packages/airflow/example_dags/example_inlet_event_extra.py
[2024-10-04T10:20:25.848+0100] {processor.py:914} INFO - Processing file /opt/miniconda3/envs/airflow/lib/python3.8/site-packages/airflow/example_dags/example_inlet_event_extra.py for tasks to queue
[2024-10-04T10:20:25.849+0100] {logging_mixin.py:190} INFO - [2024-10-04T10:20:25.849+0100] {dagbag.py:588} INFO - Filling up the DagBag from /opt/miniconda3/envs/airflow/lib/python3.8/site-packages/airflow/example_dags/example_inlet_event_extra.py
[2024-10-04T10:20:25.893+0100] {processor.py:925} INFO - DAG(s) 'read_dataset_event', 'read_dataset_event_from_classic' retrieved from /opt/miniconda3/envs/airflow/lib/python3.8/site-packages/airflow/example_dags/example_inlet_event_extra.py
[2024-10-04T10:20:25.925+0100] {logging_mixin.py:190} INFO - [2024-10-04T10:20:25.925+0100] {dag.py:3239} INFO - Sync 2 DAGs
[2024-10-04T10:20:25.931+0100] {logging_mixin.py:190} INFO - [2024-10-04T10:20:25.931+0100] {dag.py:4180} INFO - Setting next_dagrun for read_dataset_event to 2024-10-03 00:00:00+00:00, run_after=2024-10-04 00:00:00+00:00
[2024-10-04T10:20:25.932+0100] {logging_mixin.py:190} INFO - [2024-10-04T10:20:25.932+0100] {dag.py:4180} INFO - Setting next_dagrun for read_dataset_event_from_classic to 2024-10-03 00:00:00+00:00, run_after=2024-10-04 00:00:00+00:00
[2024-10-04T10:20:25.937+0100] {processor.py:208} INFO - Processing /opt/miniconda3/envs/airflow/lib/python3.8/site-packages/airflow/example_dags/example_inlet_event_extra.py took 0.091 seconds
[2024-10-04T10:22:27.515+0100] {processor.py:186} INFO - Started process (PID=21039) to work on /opt/miniconda3/envs/airflow/lib/python3.8/site-packages/airflow/example_dags/example_inlet_event_extra.py
[2024-10-04T10:22:27.515+0100] {processor.py:914} INFO - Processing file /opt/miniconda3/envs/airflow/lib/python3.8/site-packages/airflow/example_dags/example_inlet_event_extra.py for tasks to queue
[2024-10-04T10:22:27.516+0100] {logging_mixin.py:190} INFO - [2024-10-04T10:22:27.516+0100] {dagbag.py:588} INFO - Filling up the DagBag from /opt/miniconda3/envs/airflow/lib/python3.8/site-packages/airflow/example_dags/example_inlet_event_extra.py
[2024-10-04T10:22:27.557+0100] {processor.py:925} INFO - DAG(s) 'read_dataset_event', 'read_dataset_event_from_classic' retrieved from /opt/miniconda3/envs/airflow/lib/python3.8/site-packages/airflow/example_dags/example_inlet_event_extra.py
[2024-10-04T10:22:27.589+0100] {logging_mixin.py:190} INFO - [2024-10-04T10:22:27.589+0100] {dag.py:3239} INFO - Sync 2 DAGs
[2024-10-04T10:22:27.595+0100] {logging_mixin.py:190} INFO - [2024-10-04T10:22:27.595+0100] {dag.py:4180} INFO - Setting next_dagrun for read_dataset_event to 2024-10-03 00:00:00+00:00, run_after=2024-10-04 00:00:00+00:00
[2024-10-04T10:22:27.596+0100] {logging_mixin.py:190} INFO - [2024-10-04T10:22:27.596+0100] {dag.py:4180} INFO - Setting next_dagrun for read_dataset_event_from_classic to 2024-10-03 00:00:00+00:00, run_after=2024-10-04 00:00:00+00:00
[2024-10-04T10:22:27.601+0100] {processor.py:208} INFO - Processing /opt/miniconda3/envs/airflow/lib/python3.8/site-packages/airflow/example_dags/example_inlet_event_extra.py took 0.088 seconds
[2024-10-04T10:25:42.922+0100] {processor.py:186} INFO - Started process (PID=21211) to work on /opt/miniconda3/envs/airflow/lib/python3.8/site-packages/airflow/example_dags/example_inlet_event_extra.py
[2024-10-04T10:25:42.923+0100] {processor.py:914} INFO - Processing file /opt/miniconda3/envs/airflow/lib/python3.8/site-packages/airflow/example_dags/example_inlet_event_extra.py for tasks to queue
[2024-10-04T10:25:42.924+0100] {logging_mixin.py:190} INFO - [2024-10-04T10:25:42.924+0100] {dagbag.py:588} INFO - Filling up the DagBag from /opt/miniconda3/envs/airflow/lib/python3.8/site-packages/airflow/example_dags/example_inlet_event_extra.py
[2024-10-04T10:25:42.965+0100] {processor.py:925} INFO - DAG(s) 'read_dataset_event_from_classic', 'read_dataset_event' retrieved from /opt/miniconda3/envs/airflow/lib/python3.8/site-packages/airflow/example_dags/example_inlet_event_extra.py
[2024-10-04T10:25:42.997+0100] {logging_mixin.py:190} INFO - [2024-10-04T10:25:42.997+0100] {dag.py:3239} INFO - Sync 2 DAGs
[2024-10-04T10:25:43.003+0100] {logging_mixin.py:190} INFO - [2024-10-04T10:25:43.003+0100] {dag.py:4180} INFO - Setting next_dagrun for read_dataset_event to 2024-10-03 00:00:00+00:00, run_after=2024-10-04 00:00:00+00:00
[2024-10-04T10:25:43.004+0100] {logging_mixin.py:190} INFO - [2024-10-04T10:25:43.004+0100] {dag.py:4180} INFO - Setting next_dagrun for read_dataset_event_from_classic to 2024-10-03 00:00:00+00:00, run_after=2024-10-04 00:00:00+00:00
[2024-10-04T10:25:43.009+0100] {processor.py:208} INFO - Processing /opt/miniconda3/envs/airflow/lib/python3.8/site-packages/airflow/example_dags/example_inlet_event_extra.py took 0.088 seconds
[2024-10-04T10:27:36.645+0100] {processor.py:186} INFO - Started process (PID=21362) to work on /opt/miniconda3/envs/airflow/lib/python3.8/site-packages/airflow/example_dags/example_inlet_event_extra.py
[2024-10-04T10:27:36.647+0100] {processor.py:914} INFO - Processing file /opt/miniconda3/envs/airflow/lib/python3.8/site-packages/airflow/example_dags/example_inlet_event_extra.py for tasks to queue
[2024-10-04T10:27:36.647+0100] {logging_mixin.py:190} INFO - [2024-10-04T10:27:36.647+0100] {dagbag.py:588} INFO - Filling up the DagBag from /opt/miniconda3/envs/airflow/lib/python3.8/site-packages/airflow/example_dags/example_inlet_event_extra.py
[2024-10-04T10:27:36.694+0100] {processor.py:925} INFO - DAG(s) 'read_dataset_event', 'read_dataset_event_from_classic' retrieved from /opt/miniconda3/envs/airflow/lib/python3.8/site-packages/airflow/example_dags/example_inlet_event_extra.py
[2024-10-04T10:27:36.727+0100] {logging_mixin.py:190} INFO - [2024-10-04T10:27:36.726+0100] {dag.py:3239} INFO - Sync 2 DAGs
[2024-10-04T10:27:36.732+0100] {logging_mixin.py:190} INFO - [2024-10-04T10:27:36.732+0100] {dag.py:4180} INFO - Setting next_dagrun for read_dataset_event to 2024-10-03 00:00:00+00:00, run_after=2024-10-04 00:00:00+00:00
[2024-10-04T10:27:36.734+0100] {logging_mixin.py:190} INFO - [2024-10-04T10:27:36.734+0100] {dag.py:4180} INFO - Setting next_dagrun for read_dataset_event_from_classic to 2024-10-03 00:00:00+00:00, run_after=2024-10-04 00:00:00+00:00
[2024-10-04T10:27:36.739+0100] {processor.py:208} INFO - Processing /opt/miniconda3/envs/airflow/lib/python3.8/site-packages/airflow/example_dags/example_inlet_event_extra.py took 0.095 seconds
[2024-10-04T10:29:31.635+0100] {processor.py:186} INFO - Started process (PID=21550) to work on /opt/miniconda3/envs/airflow/lib/python3.8/site-packages/airflow/example_dags/example_inlet_event_extra.py
[2024-10-04T10:29:31.636+0100] {processor.py:914} INFO - Processing file /opt/miniconda3/envs/airflow/lib/python3.8/site-packages/airflow/example_dags/example_inlet_event_extra.py for tasks to queue
[2024-10-04T10:29:31.637+0100] {logging_mixin.py:190} INFO - [2024-10-04T10:29:31.637+0100] {dagbag.py:588} INFO - Filling up the DagBag from /opt/miniconda3/envs/airflow/lib/python3.8/site-packages/airflow/example_dags/example_inlet_event_extra.py
[2024-10-04T10:29:31.683+0100] {processor.py:925} INFO - DAG(s) 'read_dataset_event', 'read_dataset_event_from_classic' retrieved from /opt/miniconda3/envs/airflow/lib/python3.8/site-packages/airflow/example_dags/example_inlet_event_extra.py
[2024-10-04T10:29:31.717+0100] {logging_mixin.py:190} INFO - [2024-10-04T10:29:31.716+0100] {dag.py:3239} INFO - Sync 2 DAGs
[2024-10-04T10:29:31.722+0100] {logging_mixin.py:190} INFO - [2024-10-04T10:29:31.722+0100] {dag.py:4180} INFO - Setting next_dagrun for read_dataset_event to 2024-10-03 00:00:00+00:00, run_after=2024-10-04 00:00:00+00:00
[2024-10-04T10:29:31.724+0100] {logging_mixin.py:190} INFO - [2024-10-04T10:29:31.724+0100] {dag.py:4180} INFO - Setting next_dagrun for read_dataset_event_from_classic to 2024-10-03 00:00:00+00:00, run_after=2024-10-04 00:00:00+00:00
[2024-10-04T10:29:31.728+0100] {processor.py:208} INFO - Processing /opt/miniconda3/envs/airflow/lib/python3.8/site-packages/airflow/example_dags/example_inlet_event_extra.py took 0.096 seconds
[2024-10-04T10:31:24.562+0100] {processor.py:186} INFO - Started process (PID=21707) to work on /opt/miniconda3/envs/airflow/lib/python3.8/site-packages/airflow/example_dags/example_inlet_event_extra.py
[2024-10-04T10:31:24.563+0100] {processor.py:914} INFO - Processing file /opt/miniconda3/envs/airflow/lib/python3.8/site-packages/airflow/example_dags/example_inlet_event_extra.py for tasks to queue
[2024-10-04T10:31:24.563+0100] {logging_mixin.py:190} INFO - [2024-10-04T10:31:24.563+0100] {dagbag.py:588} INFO - Filling up the DagBag from /opt/miniconda3/envs/airflow/lib/python3.8/site-packages/airflow/example_dags/example_inlet_event_extra.py
[2024-10-04T10:31:24.603+0100] {processor.py:925} INFO - DAG(s) 'read_dataset_event', 'read_dataset_event_from_classic' retrieved from /opt/miniconda3/envs/airflow/lib/python3.8/site-packages/airflow/example_dags/example_inlet_event_extra.py
[2024-10-04T10:31:24.636+0100] {logging_mixin.py:190} INFO - [2024-10-04T10:31:24.636+0100] {dag.py:3239} INFO - Sync 2 DAGs
[2024-10-04T10:31:24.642+0100] {logging_mixin.py:190} INFO - [2024-10-04T10:31:24.642+0100] {dag.py:4180} INFO - Setting next_dagrun for read_dataset_event to 2024-10-03 00:00:00+00:00, run_after=2024-10-04 00:00:00+00:00
[2024-10-04T10:31:24.643+0100] {logging_mixin.py:190} INFO - [2024-10-04T10:31:24.643+0100] {dag.py:4180} INFO - Setting next_dagrun for read_dataset_event_from_classic to 2024-10-03 00:00:00+00:00, run_after=2024-10-04 00:00:00+00:00
[2024-10-04T10:31:24.648+0100] {processor.py:208} INFO - Processing /opt/miniconda3/envs/airflow/lib/python3.8/site-packages/airflow/example_dags/example_inlet_event_extra.py took 0.087 seconds
[2024-10-04T10:33:28.491+0100] {processor.py:186} INFO - Started process (PID=21888) to work on /opt/miniconda3/envs/airflow/lib/python3.8/site-packages/airflow/example_dags/example_inlet_event_extra.py
[2024-10-04T10:33:28.492+0100] {processor.py:914} INFO - Processing file /opt/miniconda3/envs/airflow/lib/python3.8/site-packages/airflow/example_dags/example_inlet_event_extra.py for tasks to queue
[2024-10-04T10:33:28.492+0100] {logging_mixin.py:190} INFO - [2024-10-04T10:33:28.492+0100] {dagbag.py:588} INFO - Filling up the DagBag from /opt/miniconda3/envs/airflow/lib/python3.8/site-packages/airflow/example_dags/example_inlet_event_extra.py
[2024-10-04T10:33:28.533+0100] {processor.py:925} INFO - DAG(s) 'read_dataset_event', 'read_dataset_event_from_classic' retrieved from /opt/miniconda3/envs/airflow/lib/python3.8/site-packages/airflow/example_dags/example_inlet_event_extra.py
[2024-10-04T10:33:28.565+0100] {logging_mixin.py:190} INFO - [2024-10-04T10:33:28.565+0100] {dag.py:3239} INFO - Sync 2 DAGs
[2024-10-04T10:33:28.571+0100] {logging_mixin.py:190} INFO - [2024-10-04T10:33:28.571+0100] {dag.py:4180} INFO - Setting next_dagrun for read_dataset_event to 2024-10-03 00:00:00+00:00, run_after=2024-10-04 00:00:00+00:00
[2024-10-04T10:33:28.572+0100] {logging_mixin.py:190} INFO - [2024-10-04T10:33:28.572+0100] {dag.py:4180} INFO - Setting next_dagrun for read_dataset_event_from_classic to 2024-10-03 00:00:00+00:00, run_after=2024-10-04 00:00:00+00:00
[2024-10-04T10:33:28.577+0100] {processor.py:208} INFO - Processing /opt/miniconda3/envs/airflow/lib/python3.8/site-packages/airflow/example_dags/example_inlet_event_extra.py took 0.087 seconds
[2024-10-04T10:35:43.089+0100] {processor.py:186} INFO - Started process (PID=22061) to work on /opt/miniconda3/envs/airflow/lib/python3.8/site-packages/airflow/example_dags/example_inlet_event_extra.py
[2024-10-04T10:35:43.090+0100] {processor.py:914} INFO - Processing file /opt/miniconda3/envs/airflow/lib/python3.8/site-packages/airflow/example_dags/example_inlet_event_extra.py for tasks to queue
[2024-10-04T10:35:43.090+0100] {logging_mixin.py:190} INFO - [2024-10-04T10:35:43.090+0100] {dagbag.py:588} INFO - Filling up the DagBag from /opt/miniconda3/envs/airflow/lib/python3.8/site-packages/airflow/example_dags/example_inlet_event_extra.py
[2024-10-04T10:35:43.132+0100] {processor.py:925} INFO - DAG(s) 'read_dataset_event_from_classic', 'read_dataset_event' retrieved from /opt/miniconda3/envs/airflow/lib/python3.8/site-packages/airflow/example_dags/example_inlet_event_extra.py
[2024-10-04T10:35:43.164+0100] {logging_mixin.py:190} INFO - [2024-10-04T10:35:43.164+0100] {dag.py:3239} INFO - Sync 2 DAGs
[2024-10-04T10:35:43.169+0100] {logging_mixin.py:190} INFO - [2024-10-04T10:35:43.169+0100] {dag.py:4180} INFO - Setting next_dagrun for read_dataset_event to 2024-10-03 00:00:00+00:00, run_after=2024-10-04 00:00:00+00:00
[2024-10-04T10:35:43.171+0100] {logging_mixin.py:190} INFO - [2024-10-04T10:35:43.171+0100] {dag.py:4180} INFO - Setting next_dagrun for read_dataset_event_from_classic to 2024-10-03 00:00:00+00:00, run_after=2024-10-04 00:00:00+00:00
[2024-10-04T10:35:43.175+0100] {processor.py:208} INFO - Processing /opt/miniconda3/envs/airflow/lib/python3.8/site-packages/airflow/example_dags/example_inlet_event_extra.py took 0.087 seconds
[2024-10-04T10:37:57.298+0100] {processor.py:186} INFO - Started process (PID=22232) to work on /opt/miniconda3/envs/airflow/lib/python3.8/site-packages/airflow/example_dags/example_inlet_event_extra.py
[2024-10-04T10:37:57.299+0100] {processor.py:914} INFO - Processing file /opt/miniconda3/envs/airflow/lib/python3.8/site-packages/airflow/example_dags/example_inlet_event_extra.py for tasks to queue
[2024-10-04T10:37:57.299+0100] {logging_mixin.py:190} INFO - [2024-10-04T10:37:57.299+0100] {dagbag.py:588} INFO - Filling up the DagBag from /opt/miniconda3/envs/airflow/lib/python3.8/site-packages/airflow/example_dags/example_inlet_event_extra.py
[2024-10-04T10:37:57.340+0100] {processor.py:925} INFO - DAG(s) 'read_dataset_event', 'read_dataset_event_from_classic' retrieved from /opt/miniconda3/envs/airflow/lib/python3.8/site-packages/airflow/example_dags/example_inlet_event_extra.py
[2024-10-04T10:37:57.373+0100] {logging_mixin.py:190} INFO - [2024-10-04T10:37:57.373+0100] {dag.py:3239} INFO - Sync 2 DAGs
[2024-10-04T10:37:57.379+0100] {logging_mixin.py:190} INFO - [2024-10-04T10:37:57.379+0100] {dag.py:4180} INFO - Setting next_dagrun for read_dataset_event to 2024-10-03 00:00:00+00:00, run_after=2024-10-04 00:00:00+00:00
[2024-10-04T10:37:57.380+0100] {logging_mixin.py:190} INFO - [2024-10-04T10:37:57.380+0100] {dag.py:4180} INFO - Setting next_dagrun for read_dataset_event_from_classic to 2024-10-03 00:00:00+00:00, run_after=2024-10-04 00:00:00+00:00
[2024-10-04T10:37:57.385+0100] {processor.py:208} INFO - Processing /opt/miniconda3/envs/airflow/lib/python3.8/site-packages/airflow/example_dags/example_inlet_event_extra.py took 0.089 seconds
