[2024-10-04T01:55:43.566+0100] {processor.py:186} INFO - Started process (PID=17451) to work on /opt/miniconda3/envs/airflow/lib/python3.8/site-packages/airflow/example_dags/example_branch_operator_decorator.py
[2024-10-04T01:55:43.567+0100] {processor.py:914} INFO - Processing file /opt/miniconda3/envs/airflow/lib/python3.8/site-packages/airflow/example_dags/example_branch_operator_decorator.py for tasks to queue
[2024-10-04T01:55:43.567+0100] {logging_mixin.py:190} INFO - [2024-10-04T01:55:43.567+0100] {dagbag.py:588} INFO - Filling up the DagBag from /opt/miniconda3/envs/airflow/lib/python3.8/site-packages/airflow/example_dags/example_branch_operator_decorator.py
[2024-10-04T01:55:43.589+0100] {processor.py:927} WARNING - No viable dags retrieved from /opt/miniconda3/envs/airflow/lib/python3.8/site-packages/airflow/example_dags/example_branch_operator_decorator.py
[2024-10-04T01:55:43.618+0100] {processor.py:208} INFO - Processing /opt/miniconda3/envs/airflow/lib/python3.8/site-packages/airflow/example_dags/example_branch_operator_decorator.py took 0.053 seconds
[2024-10-04T02:14:12.216+0100] {processor.py:186} INFO - Started process (PID=17614) to work on /opt/miniconda3/envs/airflow/lib/python3.8/site-packages/airflow/example_dags/example_branch_operator_decorator.py
[2024-10-04T02:14:12.217+0100] {processor.py:914} INFO - Processing file /opt/miniconda3/envs/airflow/lib/python3.8/site-packages/airflow/example_dags/example_branch_operator_decorator.py for tasks to queue
[2024-10-04T02:14:12.217+0100] {logging_mixin.py:190} INFO - [2024-10-04T02:14:12.217+0100] {dagbag.py:588} INFO - Filling up the DagBag from /opt/miniconda3/envs/airflow/lib/python3.8/site-packages/airflow/example_dags/example_branch_operator_decorator.py
[2024-10-04T02:14:12.239+0100] {processor.py:927} WARNING - No viable dags retrieved from /opt/miniconda3/envs/airflow/lib/python3.8/site-packages/airflow/example_dags/example_branch_operator_decorator.py
[2024-10-04T02:14:12.268+0100] {processor.py:208} INFO - Processing /opt/miniconda3/envs/airflow/lib/python3.8/site-packages/airflow/example_dags/example_branch_operator_decorator.py took 0.053 seconds
[2024-10-04T03:51:19.479+0100] {processor.py:186} INFO - Started process (PID=17759) to work on /opt/miniconda3/envs/airflow/lib/python3.8/site-packages/airflow/example_dags/example_branch_operator_decorator.py
[2024-10-04T03:51:19.480+0100] {processor.py:914} INFO - Processing file /opt/miniconda3/envs/airflow/lib/python3.8/site-packages/airflow/example_dags/example_branch_operator_decorator.py for tasks to queue
[2024-10-04T03:51:19.481+0100] {logging_mixin.py:190} INFO - [2024-10-04T03:51:19.480+0100] {dagbag.py:588} INFO - Filling up the DagBag from /opt/miniconda3/envs/airflow/lib/python3.8/site-packages/airflow/example_dags/example_branch_operator_decorator.py
[2024-10-04T03:51:19.502+0100] {processor.py:927} WARNING - No viable dags retrieved from /opt/miniconda3/envs/airflow/lib/python3.8/site-packages/airflow/example_dags/example_branch_operator_decorator.py
[2024-10-04T03:51:19.531+0100] {processor.py:208} INFO - Processing /opt/miniconda3/envs/airflow/lib/python3.8/site-packages/airflow/example_dags/example_branch_operator_decorator.py took 0.053 seconds
[2024-10-04T04:16:41.104+0100] {processor.py:186} INFO - Started process (PID=17934) to work on /opt/miniconda3/envs/airflow/lib/python3.8/site-packages/airflow/example_dags/example_branch_operator_decorator.py
[2024-10-04T04:16:41.104+0100] {processor.py:914} INFO - Processing file /opt/miniconda3/envs/airflow/lib/python3.8/site-packages/airflow/example_dags/example_branch_operator_decorator.py for tasks to queue
[2024-10-04T04:16:41.105+0100] {logging_mixin.py:190} INFO - [2024-10-04T04:16:41.104+0100] {dagbag.py:588} INFO - Filling up the DagBag from /opt/miniconda3/envs/airflow/lib/python3.8/site-packages/airflow/example_dags/example_branch_operator_decorator.py
[2024-10-04T04:16:41.127+0100] {processor.py:927} WARNING - No viable dags retrieved from /opt/miniconda3/envs/airflow/lib/python3.8/site-packages/airflow/example_dags/example_branch_operator_decorator.py
[2024-10-04T04:16:41.157+0100] {processor.py:208} INFO - Processing /opt/miniconda3/envs/airflow/lib/python3.8/site-packages/airflow/example_dags/example_branch_operator_decorator.py took 0.055 seconds
[2024-10-04T06:14:33.301+0100] {processor.py:186} INFO - Started process (PID=18085) to work on /opt/miniconda3/envs/airflow/lib/python3.8/site-packages/airflow/example_dags/example_branch_operator_decorator.py
[2024-10-04T06:14:33.303+0100] {processor.py:914} INFO - Processing file /opt/miniconda3/envs/airflow/lib/python3.8/site-packages/airflow/example_dags/example_branch_operator_decorator.py for tasks to queue
[2024-10-04T06:14:33.303+0100] {logging_mixin.py:190} INFO - [2024-10-04T06:14:33.303+0100] {dagbag.py:588} INFO - Filling up the DagBag from /opt/miniconda3/envs/airflow/lib/python3.8/site-packages/airflow/example_dags/example_branch_operator_decorator.py
[2024-10-04T06:14:33.325+0100] {processor.py:927} WARNING - No viable dags retrieved from /opt/miniconda3/envs/airflow/lib/python3.8/site-packages/airflow/example_dags/example_branch_operator_decorator.py
[2024-10-04T06:14:33.354+0100] {processor.py:208} INFO - Processing /opt/miniconda3/envs/airflow/lib/python3.8/site-packages/airflow/example_dags/example_branch_operator_decorator.py took 0.054 seconds
[2024-10-04T06:16:23.767+0100] {processor.py:186} INFO - Started process (PID=19905) to work on /opt/miniconda3/envs/airflow/lib/python3.8/site-packages/airflow/example_dags/example_branch_operator_decorator.py
[2024-10-04T06:16:23.768+0100] {processor.py:914} INFO - Processing file /opt/miniconda3/envs/airflow/lib/python3.8/site-packages/airflow/example_dags/example_branch_operator_decorator.py for tasks to queue
[2024-10-04T06:16:23.768+0100] {logging_mixin.py:190} INFO - [2024-10-04T06:16:23.768+0100] {dagbag.py:588} INFO - Filling up the DagBag from /opt/miniconda3/envs/airflow/lib/python3.8/site-packages/airflow/example_dags/example_branch_operator_decorator.py
[2024-10-04T06:16:23.790+0100] {processor.py:927} WARNING - No viable dags retrieved from /opt/miniconda3/envs/airflow/lib/python3.8/site-packages/airflow/example_dags/example_branch_operator_decorator.py
[2024-10-04T06:16:23.819+0100] {processor.py:208} INFO - Processing /opt/miniconda3/envs/airflow/lib/python3.8/site-packages/airflow/example_dags/example_branch_operator_decorator.py took 0.054 seconds
[2024-10-04T08:39:04.409+0100] {processor.py:186} INFO - Started process (PID=20149) to work on /opt/miniconda3/envs/airflow/lib/python3.8/site-packages/airflow/example_dags/example_branch_operator_decorator.py
[2024-10-04T08:39:04.409+0100] {processor.py:914} INFO - Processing file /opt/miniconda3/envs/airflow/lib/python3.8/site-packages/airflow/example_dags/example_branch_operator_decorator.py for tasks to queue
[2024-10-04T08:39:04.410+0100] {logging_mixin.py:190} INFO - [2024-10-04T08:39:04.409+0100] {dagbag.py:588} INFO - Filling up the DagBag from /opt/miniconda3/envs/airflow/lib/python3.8/site-packages/airflow/example_dags/example_branch_operator_decorator.py
[2024-10-04T08:39:04.432+0100] {processor.py:927} WARNING - No viable dags retrieved from /opt/miniconda3/envs/airflow/lib/python3.8/site-packages/airflow/example_dags/example_branch_operator_decorator.py
[2024-10-04T08:39:04.460+0100] {processor.py:208} INFO - Processing /opt/miniconda3/envs/airflow/lib/python3.8/site-packages/airflow/example_dags/example_branch_operator_decorator.py took 0.053 seconds
[2024-10-04T08:40:55.260+0100] {processor.py:186} INFO - Started process (PID=20305) to work on /opt/miniconda3/envs/airflow/lib/python3.8/site-packages/airflow/example_dags/example_branch_operator_decorator.py
[2024-10-04T08:40:55.261+0100] {processor.py:914} INFO - Processing file /opt/miniconda3/envs/airflow/lib/python3.8/site-packages/airflow/example_dags/example_branch_operator_decorator.py for tasks to queue
[2024-10-04T08:40:55.261+0100] {logging_mixin.py:190} INFO - [2024-10-04T08:40:55.261+0100] {dagbag.py:588} INFO - Filling up the DagBag from /opt/miniconda3/envs/airflow/lib/python3.8/site-packages/airflow/example_dags/example_branch_operator_decorator.py
[2024-10-04T08:40:55.284+0100] {processor.py:927} WARNING - No viable dags retrieved from /opt/miniconda3/envs/airflow/lib/python3.8/site-packages/airflow/example_dags/example_branch_operator_decorator.py
[2024-10-04T08:40:55.312+0100] {processor.py:208} INFO - Processing /opt/miniconda3/envs/airflow/lib/python3.8/site-packages/airflow/example_dags/example_branch_operator_decorator.py took 0.053 seconds
[2024-10-04T09:41:45.671+0100] {processor.py:186} INFO - Started process (PID=20554) to work on /opt/miniconda3/envs/airflow/lib/python3.8/site-packages/airflow/example_dags/example_branch_operator_decorator.py
[2024-10-04T09:41:45.672+0100] {processor.py:914} INFO - Processing file /opt/miniconda3/envs/airflow/lib/python3.8/site-packages/airflow/example_dags/example_branch_operator_decorator.py for tasks to queue
[2024-10-04T09:41:45.672+0100] {logging_mixin.py:190} INFO - [2024-10-04T09:41:45.672+0100] {dagbag.py:588} INFO - Filling up the DagBag from /opt/miniconda3/envs/airflow/lib/python3.8/site-packages/airflow/example_dags/example_branch_operator_decorator.py
[2024-10-04T09:41:45.695+0100] {processor.py:927} WARNING - No viable dags retrieved from /opt/miniconda3/envs/airflow/lib/python3.8/site-packages/airflow/example_dags/example_branch_operator_decorator.py
[2024-10-04T09:41:45.723+0100] {processor.py:208} INFO - Processing /opt/miniconda3/envs/airflow/lib/python3.8/site-packages/airflow/example_dags/example_branch_operator_decorator.py took 0.054 seconds
[2024-10-04T09:43:38.798+0100] {processor.py:186} INFO - Started process (PID=20700) to work on /opt/miniconda3/envs/airflow/lib/python3.8/site-packages/airflow/example_dags/example_branch_operator_decorator.py
[2024-10-04T09:43:38.798+0100] {processor.py:914} INFO - Processing file /opt/miniconda3/envs/airflow/lib/python3.8/site-packages/airflow/example_dags/example_branch_operator_decorator.py for tasks to queue
[2024-10-04T09:43:38.799+0100] {logging_mixin.py:190} INFO - [2024-10-04T09:43:38.799+0100] {dagbag.py:588} INFO - Filling up the DagBag from /opt/miniconda3/envs/airflow/lib/python3.8/site-packages/airflow/example_dags/example_branch_operator_decorator.py
[2024-10-04T09:43:38.820+0100] {processor.py:927} WARNING - No viable dags retrieved from /opt/miniconda3/envs/airflow/lib/python3.8/site-packages/airflow/example_dags/example_branch_operator_decorator.py
[2024-10-04T09:43:38.849+0100] {processor.py:208} INFO - Processing /opt/miniconda3/envs/airflow/lib/python3.8/site-packages/airflow/example_dags/example_branch_operator_decorator.py took 0.052 seconds
[2024-10-04T10:20:42.768+0100] {processor.py:186} INFO - Started process (PID=20904) to work on /opt/miniconda3/envs/airflow/lib/python3.8/site-packages/airflow/example_dags/example_branch_operator_decorator.py
[2024-10-04T10:20:42.769+0100] {processor.py:914} INFO - Processing file /opt/miniconda3/envs/airflow/lib/python3.8/site-packages/airflow/example_dags/example_branch_operator_decorator.py for tasks to queue
[2024-10-04T10:20:42.770+0100] {logging_mixin.py:190} INFO - [2024-10-04T10:20:42.770+0100] {dagbag.py:588} INFO - Filling up the DagBag from /opt/miniconda3/envs/airflow/lib/python3.8/site-packages/airflow/example_dags/example_branch_operator_decorator.py
[2024-10-04T10:20:42.792+0100] {processor.py:927} WARNING - No viable dags retrieved from /opt/miniconda3/envs/airflow/lib/python3.8/site-packages/airflow/example_dags/example_branch_operator_decorator.py
[2024-10-04T10:20:42.821+0100] {processor.py:208} INFO - Processing /opt/miniconda3/envs/airflow/lib/python3.8/site-packages/airflow/example_dags/example_branch_operator_decorator.py took 0.054 seconds
[2024-10-04T10:22:44.965+0100] {processor.py:186} INFO - Started process (PID=21064) to work on /opt/miniconda3/envs/airflow/lib/python3.8/site-packages/airflow/example_dags/example_branch_operator_decorator.py
[2024-10-04T10:22:44.965+0100] {processor.py:914} INFO - Processing file /opt/miniconda3/envs/airflow/lib/python3.8/site-packages/airflow/example_dags/example_branch_operator_decorator.py for tasks to queue
[2024-10-04T10:22:44.965+0100] {logging_mixin.py:190} INFO - [2024-10-04T10:22:44.965+0100] {dagbag.py:588} INFO - Filling up the DagBag from /opt/miniconda3/envs/airflow/lib/python3.8/site-packages/airflow/example_dags/example_branch_operator_decorator.py
[2024-10-04T10:22:44.988+0100] {processor.py:927} WARNING - No viable dags retrieved from /opt/miniconda3/envs/airflow/lib/python3.8/site-packages/airflow/example_dags/example_branch_operator_decorator.py
[2024-10-04T10:22:45.017+0100] {processor.py:208} INFO - Processing /opt/miniconda3/envs/airflow/lib/python3.8/site-packages/airflow/example_dags/example_branch_operator_decorator.py took 0.054 seconds
[2024-10-04T10:26:00.673+0100] {processor.py:186} INFO - Started process (PID=21234) to work on /opt/miniconda3/envs/airflow/lib/python3.8/site-packages/airflow/example_dags/example_branch_operator_decorator.py
[2024-10-04T10:26:00.674+0100] {processor.py:914} INFO - Processing file /opt/miniconda3/envs/airflow/lib/python3.8/site-packages/airflow/example_dags/example_branch_operator_decorator.py for tasks to queue
[2024-10-04T10:26:00.674+0100] {logging_mixin.py:190} INFO - [2024-10-04T10:26:00.674+0100] {dagbag.py:588} INFO - Filling up the DagBag from /opt/miniconda3/envs/airflow/lib/python3.8/site-packages/airflow/example_dags/example_branch_operator_decorator.py
[2024-10-04T10:26:00.697+0100] {processor.py:927} WARNING - No viable dags retrieved from /opt/miniconda3/envs/airflow/lib/python3.8/site-packages/airflow/example_dags/example_branch_operator_decorator.py
[2024-10-04T10:26:00.726+0100] {processor.py:208} INFO - Processing /opt/miniconda3/envs/airflow/lib/python3.8/site-packages/airflow/example_dags/example_branch_operator_decorator.py took 0.055 seconds
[2024-10-04T10:27:53.762+0100] {processor.py:186} INFO - Started process (PID=21387) to work on /opt/miniconda3/envs/airflow/lib/python3.8/site-packages/airflow/example_dags/example_branch_operator_decorator.py
[2024-10-04T10:27:53.763+0100] {processor.py:914} INFO - Processing file /opt/miniconda3/envs/airflow/lib/python3.8/site-packages/airflow/example_dags/example_branch_operator_decorator.py for tasks to queue
[2024-10-04T10:27:53.764+0100] {logging_mixin.py:190} INFO - [2024-10-04T10:27:53.764+0100] {dagbag.py:588} INFO - Filling up the DagBag from /opt/miniconda3/envs/airflow/lib/python3.8/site-packages/airflow/example_dags/example_branch_operator_decorator.py
[2024-10-04T10:27:53.786+0100] {processor.py:927} WARNING - No viable dags retrieved from /opt/miniconda3/envs/airflow/lib/python3.8/site-packages/airflow/example_dags/example_branch_operator_decorator.py
[2024-10-04T10:27:53.815+0100] {processor.py:208} INFO - Processing /opt/miniconda3/envs/airflow/lib/python3.8/site-packages/airflow/example_dags/example_branch_operator_decorator.py took 0.054 seconds
[2024-10-04T10:29:48.346+0100] {processor.py:186} INFO - Started process (PID=21574) to work on /opt/miniconda3/envs/airflow/lib/python3.8/site-packages/airflow/example_dags/example_branch_operator_decorator.py
[2024-10-04T10:29:48.347+0100] {processor.py:914} INFO - Processing file /opt/miniconda3/envs/airflow/lib/python3.8/site-packages/airflow/example_dags/example_branch_operator_decorator.py for tasks to queue
[2024-10-04T10:29:48.348+0100] {logging_mixin.py:190} INFO - [2024-10-04T10:29:48.348+0100] {dagbag.py:588} INFO - Filling up the DagBag from /opt/miniconda3/envs/airflow/lib/python3.8/site-packages/airflow/example_dags/example_branch_operator_decorator.py
[2024-10-04T10:29:48.375+0100] {processor.py:927} WARNING - No viable dags retrieved from /opt/miniconda3/envs/airflow/lib/python3.8/site-packages/airflow/example_dags/example_branch_operator_decorator.py
[2024-10-04T10:29:48.406+0100] {processor.py:208} INFO - Processing /opt/miniconda3/envs/airflow/lib/python3.8/site-packages/airflow/example_dags/example_branch_operator_decorator.py took 0.061 seconds
[2024-10-04T10:31:43.551+0100] {processor.py:186} INFO - Started process (PID=21744) to work on /opt/miniconda3/envs/airflow/lib/python3.8/site-packages/airflow/example_dags/example_branch_operator_decorator.py
[2024-10-04T10:31:43.551+0100] {processor.py:914} INFO - Processing file /opt/miniconda3/envs/airflow/lib/python3.8/site-packages/airflow/example_dags/example_branch_operator_decorator.py for tasks to queue
[2024-10-04T10:31:43.551+0100] {logging_mixin.py:190} INFO - [2024-10-04T10:31:43.551+0100] {dagbag.py:588} INFO - Filling up the DagBag from /opt/miniconda3/envs/airflow/lib/python3.8/site-packages/airflow/example_dags/example_branch_operator_decorator.py
[2024-10-04T10:31:43.575+0100] {processor.py:927} WARNING - No viable dags retrieved from /opt/miniconda3/envs/airflow/lib/python3.8/site-packages/airflow/example_dags/example_branch_operator_decorator.py
[2024-10-04T10:31:43.604+0100] {processor.py:208} INFO - Processing /opt/miniconda3/envs/airflow/lib/python3.8/site-packages/airflow/example_dags/example_branch_operator_decorator.py took 0.055 seconds
[2024-10-04T10:33:47.603+0100] {processor.py:186} INFO - Started process (PID=21912) to work on /opt/miniconda3/envs/airflow/lib/python3.8/site-packages/airflow/example_dags/example_branch_operator_decorator.py
[2024-10-04T10:33:47.603+0100] {processor.py:914} INFO - Processing file /opt/miniconda3/envs/airflow/lib/python3.8/site-packages/airflow/example_dags/example_branch_operator_decorator.py for tasks to queue
[2024-10-04T10:33:47.604+0100] {logging_mixin.py:190} INFO - [2024-10-04T10:33:47.604+0100] {dagbag.py:588} INFO - Filling up the DagBag from /opt/miniconda3/envs/airflow/lib/python3.8/site-packages/airflow/example_dags/example_branch_operator_decorator.py
[2024-10-04T10:33:47.627+0100] {processor.py:927} WARNING - No viable dags retrieved from /opt/miniconda3/envs/airflow/lib/python3.8/site-packages/airflow/example_dags/example_branch_operator_decorator.py
[2024-10-04T10:33:47.656+0100] {processor.py:208} INFO - Processing /opt/miniconda3/envs/airflow/lib/python3.8/site-packages/airflow/example_dags/example_branch_operator_decorator.py took 0.055 seconds
[2024-10-04T10:36:02.114+0100] {processor.py:186} INFO - Started process (PID=22085) to work on /opt/miniconda3/envs/airflow/lib/python3.8/site-packages/airflow/example_dags/example_branch_operator_decorator.py
[2024-10-04T10:36:02.115+0100] {processor.py:914} INFO - Processing file /opt/miniconda3/envs/airflow/lib/python3.8/site-packages/airflow/example_dags/example_branch_operator_decorator.py for tasks to queue
[2024-10-04T10:36:02.115+0100] {logging_mixin.py:190} INFO - [2024-10-04T10:36:02.115+0100] {dagbag.py:588} INFO - Filling up the DagBag from /opt/miniconda3/envs/airflow/lib/python3.8/site-packages/airflow/example_dags/example_branch_operator_decorator.py
[2024-10-04T10:36:02.140+0100] {processor.py:927} WARNING - No viable dags retrieved from /opt/miniconda3/envs/airflow/lib/python3.8/site-packages/airflow/example_dags/example_branch_operator_decorator.py
[2024-10-04T10:36:02.170+0100] {processor.py:208} INFO - Processing /opt/miniconda3/envs/airflow/lib/python3.8/site-packages/airflow/example_dags/example_branch_operator_decorator.py took 0.057 seconds
