[2024-10-04T01:54:44.300+0100] {processor.py:186} INFO - Started process (PID=17369) to work on /opt/miniconda3/envs/airflow/lib/python3.8/site-packages/airflow/example_dags/example_trigger_target_dag.py
[2024-10-04T01:54:44.300+0100] {processor.py:914} INFO - Processing file /opt/miniconda3/envs/airflow/lib/python3.8/site-packages/airflow/example_dags/example_trigger_target_dag.py for tasks to queue
[2024-10-04T01:54:44.301+0100] {logging_mixin.py:190} INFO - [2024-10-04T01:54:44.301+0100] {dagbag.py:588} INFO - Filling up the DagBag from /opt/miniconda3/envs/airflow/lib/python3.8/site-packages/airflow/example_dags/example_trigger_target_dag.py
[2024-10-04T01:54:44.331+0100] {processor.py:925} INFO - DAG(s) 'example_trigger_target_dag' retrieved from /opt/miniconda3/envs/airflow/lib/python3.8/site-packages/airflow/example_dags/example_trigger_target_dag.py
[2024-10-04T01:54:44.364+0100] {logging_mixin.py:190} INFO - [2024-10-04T01:54:44.364+0100] {dag.py:3239} INFO - Sync 1 DAGs
[2024-10-04T01:54:44.368+0100] {logging_mixin.py:190} INFO - [2024-10-04T01:54:44.368+0100] {dag.py:4180} INFO - Setting next_dagrun for example_trigger_target_dag to None, run_after=None
[2024-10-04T01:54:44.373+0100] {processor.py:208} INFO - Processing /opt/miniconda3/envs/airflow/lib/python3.8/site-packages/airflow/example_dags/example_trigger_target_dag.py took 0.075 seconds
[2024-10-04T01:56:12.931+0100] {processor.py:186} INFO - Started process (PID=17490) to work on /opt/miniconda3/envs/airflow/lib/python3.8/site-packages/airflow/example_dags/example_trigger_target_dag.py
[2024-10-04T01:56:12.932+0100] {processor.py:914} INFO - Processing file /opt/miniconda3/envs/airflow/lib/python3.8/site-packages/airflow/example_dags/example_trigger_target_dag.py for tasks to queue
[2024-10-04T01:56:12.933+0100] {logging_mixin.py:190} INFO - [2024-10-04T01:56:12.933+0100] {dagbag.py:588} INFO - Filling up the DagBag from /opt/miniconda3/envs/airflow/lib/python3.8/site-packages/airflow/example_dags/example_trigger_target_dag.py
[2024-10-04T01:56:12.959+0100] {processor.py:925} INFO - DAG(s) 'example_trigger_target_dag' retrieved from /opt/miniconda3/envs/airflow/lib/python3.8/site-packages/airflow/example_dags/example_trigger_target_dag.py
[2024-10-04T01:56:12.990+0100] {logging_mixin.py:190} INFO - [2024-10-04T01:56:12.990+0100] {dag.py:3239} INFO - Sync 1 DAGs
[2024-10-04T01:56:12.994+0100] {logging_mixin.py:190} INFO - [2024-10-04T01:56:12.994+0100] {dag.py:4180} INFO - Setting next_dagrun for example_trigger_target_dag to None, run_after=None
[2024-10-04T01:56:12.999+0100] {processor.py:208} INFO - Processing /opt/miniconda3/envs/airflow/lib/python3.8/site-packages/airflow/example_dags/example_trigger_target_dag.py took 0.070 seconds
[2024-10-04T01:57:18.751+0100] {processor.py:186} INFO - Started process (PID=17570) to work on /opt/miniconda3/envs/airflow/lib/python3.8/site-packages/airflow/example_dags/example_trigger_target_dag.py
[2024-10-04T01:57:18.751+0100] {processor.py:914} INFO - Processing file /opt/miniconda3/envs/airflow/lib/python3.8/site-packages/airflow/example_dags/example_trigger_target_dag.py for tasks to queue
[2024-10-04T01:57:18.751+0100] {logging_mixin.py:190} INFO - [2024-10-04T01:57:18.751+0100] {dagbag.py:588} INFO - Filling up the DagBag from /opt/miniconda3/envs/airflow/lib/python3.8/site-packages/airflow/example_dags/example_trigger_target_dag.py
[2024-10-04T01:57:18.778+0100] {processor.py:925} INFO - DAG(s) 'example_trigger_target_dag' retrieved from /opt/miniconda3/envs/airflow/lib/python3.8/site-packages/airflow/example_dags/example_trigger_target_dag.py
[2024-10-04T01:57:18.809+0100] {logging_mixin.py:190} INFO - [2024-10-04T01:57:18.809+0100] {dag.py:3239} INFO - Sync 1 DAGs
[2024-10-04T01:57:18.812+0100] {logging_mixin.py:190} INFO - [2024-10-04T01:57:18.812+0100] {dag.py:4180} INFO - Setting next_dagrun for example_trigger_target_dag to None, run_after=None
[2024-10-04T01:57:18.818+0100] {processor.py:208} INFO - Processing /opt/miniconda3/envs/airflow/lib/python3.8/site-packages/airflow/example_dags/example_trigger_target_dag.py took 0.069 seconds
[2024-10-04T03:50:19.285+0100] {processor.py:186} INFO - Started process (PID=17672) to work on /opt/miniconda3/envs/airflow/lib/python3.8/site-packages/airflow/example_dags/example_trigger_target_dag.py
[2024-10-04T03:50:19.286+0100] {processor.py:914} INFO - Processing file /opt/miniconda3/envs/airflow/lib/python3.8/site-packages/airflow/example_dags/example_trigger_target_dag.py for tasks to queue
[2024-10-04T03:50:19.286+0100] {logging_mixin.py:190} INFO - [2024-10-04T03:50:19.286+0100] {dagbag.py:588} INFO - Filling up the DagBag from /opt/miniconda3/envs/airflow/lib/python3.8/site-packages/airflow/example_dags/example_trigger_target_dag.py
[2024-10-04T03:50:19.316+0100] {processor.py:925} INFO - DAG(s) 'example_trigger_target_dag' retrieved from /opt/miniconda3/envs/airflow/lib/python3.8/site-packages/airflow/example_dags/example_trigger_target_dag.py
[2024-10-04T03:50:19.348+0100] {logging_mixin.py:190} INFO - [2024-10-04T03:50:19.348+0100] {dag.py:3239} INFO - Sync 1 DAGs
[2024-10-04T03:50:19.352+0100] {logging_mixin.py:190} INFO - [2024-10-04T03:50:19.352+0100] {dag.py:4180} INFO - Setting next_dagrun for example_trigger_target_dag to None, run_after=None
[2024-10-04T03:50:19.357+0100] {processor.py:208} INFO - Processing /opt/miniconda3/envs/airflow/lib/python3.8/site-packages/airflow/example_dags/example_trigger_target_dag.py took 0.074 seconds
[2024-10-04T03:51:53.620+0100] {processor.py:186} INFO - Started process (PID=17799) to work on /opt/miniconda3/envs/airflow/lib/python3.8/site-packages/airflow/example_dags/example_trigger_target_dag.py
[2024-10-04T03:51:53.621+0100] {processor.py:914} INFO - Processing file /opt/miniconda3/envs/airflow/lib/python3.8/site-packages/airflow/example_dags/example_trigger_target_dag.py for tasks to queue
[2024-10-04T03:51:53.621+0100] {logging_mixin.py:190} INFO - [2024-10-04T03:51:53.621+0100] {dagbag.py:588} INFO - Filling up the DagBag from /opt/miniconda3/envs/airflow/lib/python3.8/site-packages/airflow/example_dags/example_trigger_target_dag.py
[2024-10-04T03:51:53.648+0100] {processor.py:925} INFO - DAG(s) 'example_trigger_target_dag' retrieved from /opt/miniconda3/envs/airflow/lib/python3.8/site-packages/airflow/example_dags/example_trigger_target_dag.py
[2024-10-04T03:51:53.679+0100] {logging_mixin.py:190} INFO - [2024-10-04T03:51:53.679+0100] {dag.py:3239} INFO - Sync 1 DAGs
[2024-10-04T03:51:53.683+0100] {logging_mixin.py:190} INFO - [2024-10-04T03:51:53.683+0100] {dag.py:4180} INFO - Setting next_dagrun for example_trigger_target_dag to None, run_after=None
[2024-10-04T03:51:53.688+0100] {processor.py:208} INFO - Processing /opt/miniconda3/envs/airflow/lib/python3.8/site-packages/airflow/example_dags/example_trigger_target_dag.py took 0.070 seconds
[2024-10-04T03:52:57.079+0100] {processor.py:186} INFO - Started process (PID=17888) to work on /opt/miniconda3/envs/airflow/lib/python3.8/site-packages/airflow/example_dags/example_trigger_target_dag.py
[2024-10-04T03:52:57.079+0100] {processor.py:914} INFO - Processing file /opt/miniconda3/envs/airflow/lib/python3.8/site-packages/airflow/example_dags/example_trigger_target_dag.py for tasks to queue
[2024-10-04T03:52:57.079+0100] {logging_mixin.py:190} INFO - [2024-10-04T03:52:57.079+0100] {dagbag.py:588} INFO - Filling up the DagBag from /opt/miniconda3/envs/airflow/lib/python3.8/site-packages/airflow/example_dags/example_trigger_target_dag.py
[2024-10-04T03:52:57.106+0100] {processor.py:925} INFO - DAG(s) 'example_trigger_target_dag' retrieved from /opt/miniconda3/envs/airflow/lib/python3.8/site-packages/airflow/example_dags/example_trigger_target_dag.py
[2024-10-04T03:52:57.137+0100] {logging_mixin.py:190} INFO - [2024-10-04T03:52:57.137+0100] {dag.py:3239} INFO - Sync 1 DAGs
[2024-10-04T03:52:57.140+0100] {logging_mixin.py:190} INFO - [2024-10-04T03:52:57.140+0100] {dag.py:4180} INFO - Setting next_dagrun for example_trigger_target_dag to None, run_after=None
[2024-10-04T03:52:57.146+0100] {processor.py:208} INFO - Processing /opt/miniconda3/envs/airflow/lib/python3.8/site-packages/airflow/example_dags/example_trigger_target_dag.py took 0.069 seconds
[2024-10-04T05:41:18.848+0100] {processor.py:186} INFO - Started process (PID=17996) to work on /opt/miniconda3/envs/airflow/lib/python3.8/site-packages/airflow/example_dags/example_trigger_target_dag.py
[2024-10-04T05:41:18.849+0100] {processor.py:914} INFO - Processing file /opt/miniconda3/envs/airflow/lib/python3.8/site-packages/airflow/example_dags/example_trigger_target_dag.py for tasks to queue
[2024-10-04T05:41:18.849+0100] {logging_mixin.py:190} INFO - [2024-10-04T05:41:18.849+0100] {dagbag.py:588} INFO - Filling up the DagBag from /opt/miniconda3/envs/airflow/lib/python3.8/site-packages/airflow/example_dags/example_trigger_target_dag.py
[2024-10-04T05:41:18.875+0100] {processor.py:925} INFO - DAG(s) 'example_trigger_target_dag' retrieved from /opt/miniconda3/envs/airflow/lib/python3.8/site-packages/airflow/example_dags/example_trigger_target_dag.py
[2024-10-04T05:41:18.906+0100] {logging_mixin.py:190} INFO - [2024-10-04T05:41:18.906+0100] {dag.py:3239} INFO - Sync 1 DAGs
[2024-10-04T05:41:18.910+0100] {logging_mixin.py:190} INFO - [2024-10-04T05:41:18.910+0100] {dag.py:4180} INFO - Setting next_dagrun for example_trigger_target_dag to None, run_after=None
[2024-10-04T05:41:18.915+0100] {processor.py:208} INFO - Processing /opt/miniconda3/envs/airflow/lib/python3.8/site-packages/airflow/example_dags/example_trigger_target_dag.py took 0.069 seconds
[2024-10-04T06:14:58.335+0100] {processor.py:186} INFO - Started process (PID=18119) to work on /opt/miniconda3/envs/airflow/lib/python3.8/site-packages/airflow/example_dags/example_trigger_target_dag.py
[2024-10-04T06:14:58.337+0100] {processor.py:914} INFO - Processing file /opt/miniconda3/envs/airflow/lib/python3.8/site-packages/airflow/example_dags/example_trigger_target_dag.py for tasks to queue
[2024-10-04T06:14:58.337+0100] {logging_mixin.py:190} INFO - [2024-10-04T06:14:58.337+0100] {dagbag.py:588} INFO - Filling up the DagBag from /opt/miniconda3/envs/airflow/lib/python3.8/site-packages/airflow/example_dags/example_trigger_target_dag.py
[2024-10-04T06:14:58.363+0100] {processor.py:925} INFO - DAG(s) 'example_trigger_target_dag' retrieved from /opt/miniconda3/envs/airflow/lib/python3.8/site-packages/airflow/example_dags/example_trigger_target_dag.py
[2024-10-04T06:14:58.394+0100] {logging_mixin.py:190} INFO - [2024-10-04T06:14:58.394+0100] {dag.py:3239} INFO - Sync 1 DAGs
[2024-10-04T06:14:58.398+0100] {logging_mixin.py:190} INFO - [2024-10-04T06:14:58.398+0100] {dag.py:4180} INFO - Setting next_dagrun for example_trigger_target_dag to None, run_after=None
[2024-10-04T06:14:58.404+0100] {processor.py:208} INFO - Processing /opt/miniconda3/envs/airflow/lib/python3.8/site-packages/airflow/example_dags/example_trigger_target_dag.py took 0.070 seconds
[2024-10-04T06:15:54.376+0100] {processor.py:186} INFO - Started process (PID=19849) to work on /opt/miniconda3/envs/airflow/lib/python3.8/site-packages/airflow/example_dags/example_trigger_target_dag.py
[2024-10-04T06:15:54.377+0100] {processor.py:914} INFO - Processing file /opt/miniconda3/envs/airflow/lib/python3.8/site-packages/airflow/example_dags/example_trigger_target_dag.py for tasks to queue
[2024-10-04T06:15:54.378+0100] {logging_mixin.py:190} INFO - [2024-10-04T06:15:54.378+0100] {dagbag.py:588} INFO - Filling up the DagBag from /opt/miniconda3/envs/airflow/lib/python3.8/site-packages/airflow/example_dags/example_trigger_target_dag.py
[2024-10-04T06:15:54.404+0100] {processor.py:925} INFO - DAG(s) 'example_trigger_target_dag' retrieved from /opt/miniconda3/envs/airflow/lib/python3.8/site-packages/airflow/example_dags/example_trigger_target_dag.py
[2024-10-04T06:15:54.435+0100] {logging_mixin.py:190} INFO - [2024-10-04T06:15:54.435+0100] {dag.py:3239} INFO - Sync 1 DAGs
[2024-10-04T06:15:54.439+0100] {logging_mixin.py:190} INFO - [2024-10-04T06:15:54.439+0100] {dag.py:4180} INFO - Setting next_dagrun for example_trigger_target_dag to None, run_after=None
[2024-10-04T06:15:54.444+0100] {processor.py:208} INFO - Processing /opt/miniconda3/envs/airflow/lib/python3.8/site-packages/airflow/example_dags/example_trigger_target_dag.py took 0.069 seconds
[2024-10-04T06:43:03.309+0100] {processor.py:186} INFO - Started process (PID=19948) to work on /opt/miniconda3/envs/airflow/lib/python3.8/site-packages/airflow/example_dags/example_trigger_target_dag.py
[2024-10-04T06:43:03.309+0100] {processor.py:914} INFO - Processing file /opt/miniconda3/envs/airflow/lib/python3.8/site-packages/airflow/example_dags/example_trigger_target_dag.py for tasks to queue
[2024-10-04T06:43:03.310+0100] {logging_mixin.py:190} INFO - [2024-10-04T06:43:03.310+0100] {dagbag.py:588} INFO - Filling up the DagBag from /opt/miniconda3/envs/airflow/lib/python3.8/site-packages/airflow/example_dags/example_trigger_target_dag.py
[2024-10-04T06:43:03.336+0100] {processor.py:925} INFO - DAG(s) 'example_trigger_target_dag' retrieved from /opt/miniconda3/envs/airflow/lib/python3.8/site-packages/airflow/example_dags/example_trigger_target_dag.py
[2024-10-04T06:43:03.367+0100] {logging_mixin.py:190} INFO - [2024-10-04T06:43:03.367+0100] {dag.py:3239} INFO - Sync 1 DAGs
[2024-10-04T06:43:03.371+0100] {logging_mixin.py:190} INFO - [2024-10-04T06:43:03.371+0100] {dag.py:4180} INFO - Setting next_dagrun for example_trigger_target_dag to None, run_after=None
[2024-10-04T06:43:03.377+0100] {processor.py:208} INFO - Processing /opt/miniconda3/envs/airflow/lib/python3.8/site-packages/airflow/example_dags/example_trigger_target_dag.py took 0.069 seconds
[2024-10-04T08:09:05.587+0100] {processor.py:186} INFO - Started process (PID=20060) to work on /opt/miniconda3/envs/airflow/lib/python3.8/site-packages/airflow/example_dags/example_trigger_target_dag.py
[2024-10-04T08:09:05.587+0100] {processor.py:914} INFO - Processing file /opt/miniconda3/envs/airflow/lib/python3.8/site-packages/airflow/example_dags/example_trigger_target_dag.py for tasks to queue
[2024-10-04T08:09:05.588+0100] {logging_mixin.py:190} INFO - [2024-10-04T08:09:05.588+0100] {dagbag.py:588} INFO - Filling up the DagBag from /opt/miniconda3/envs/airflow/lib/python3.8/site-packages/airflow/example_dags/example_trigger_target_dag.py
[2024-10-04T08:09:05.616+0100] {processor.py:925} INFO - DAG(s) 'example_trigger_target_dag' retrieved from /opt/miniconda3/envs/airflow/lib/python3.8/site-packages/airflow/example_dags/example_trigger_target_dag.py
[2024-10-04T08:09:05.647+0100] {logging_mixin.py:190} INFO - [2024-10-04T08:09:05.647+0100] {dag.py:3239} INFO - Sync 1 DAGs
[2024-10-04T08:09:05.650+0100] {logging_mixin.py:190} INFO - [2024-10-04T08:09:05.650+0100] {dag.py:4180} INFO - Setting next_dagrun for example_trigger_target_dag to None, run_after=None
[2024-10-04T08:09:05.656+0100] {processor.py:208} INFO - Processing /opt/miniconda3/envs/airflow/lib/python3.8/site-packages/airflow/example_dags/example_trigger_target_dag.py took 0.070 seconds
[2024-10-04T08:39:29.090+0100] {processor.py:186} INFO - Started process (PID=20183) to work on /opt/miniconda3/envs/airflow/lib/python3.8/site-packages/airflow/example_dags/example_trigger_target_dag.py
[2024-10-04T08:39:29.090+0100] {processor.py:914} INFO - Processing file /opt/miniconda3/envs/airflow/lib/python3.8/site-packages/airflow/example_dags/example_trigger_target_dag.py for tasks to queue
[2024-10-04T08:39:29.091+0100] {logging_mixin.py:190} INFO - [2024-10-04T08:39:29.091+0100] {dagbag.py:588} INFO - Filling up the DagBag from /opt/miniconda3/envs/airflow/lib/python3.8/site-packages/airflow/example_dags/example_trigger_target_dag.py
[2024-10-04T08:39:29.117+0100] {processor.py:925} INFO - DAG(s) 'example_trigger_target_dag' retrieved from /opt/miniconda3/envs/airflow/lib/python3.8/site-packages/airflow/example_dags/example_trigger_target_dag.py
[2024-10-04T08:39:29.148+0100] {logging_mixin.py:190} INFO - [2024-10-04T08:39:29.148+0100] {dag.py:3239} INFO - Sync 1 DAGs
[2024-10-04T08:39:29.152+0100] {logging_mixin.py:190} INFO - [2024-10-04T08:39:29.152+0100] {dag.py:4180} INFO - Setting next_dagrun for example_trigger_target_dag to None, run_after=None
[2024-10-04T08:39:29.158+0100] {processor.py:208} INFO - Processing /opt/miniconda3/envs/airflow/lib/python3.8/site-packages/airflow/example_dags/example_trigger_target_dag.py took 0.069 seconds
[2024-10-04T08:40:26.118+0100] {processor.py:186} INFO - Started process (PID=20259) to work on /opt/miniconda3/envs/airflow/lib/python3.8/site-packages/airflow/example_dags/example_trigger_target_dag.py
[2024-10-04T08:40:26.118+0100] {processor.py:914} INFO - Processing file /opt/miniconda3/envs/airflow/lib/python3.8/site-packages/airflow/example_dags/example_trigger_target_dag.py for tasks to queue
[2024-10-04T08:40:26.118+0100] {logging_mixin.py:190} INFO - [2024-10-04T08:40:26.118+0100] {dagbag.py:588} INFO - Filling up the DagBag from /opt/miniconda3/envs/airflow/lib/python3.8/site-packages/airflow/example_dags/example_trigger_target_dag.py
[2024-10-04T08:40:26.145+0100] {processor.py:925} INFO - DAG(s) 'example_trigger_target_dag' retrieved from /opt/miniconda3/envs/airflow/lib/python3.8/site-packages/airflow/example_dags/example_trigger_target_dag.py
[2024-10-04T08:40:26.176+0100] {logging_mixin.py:190} INFO - [2024-10-04T08:40:26.176+0100] {dag.py:3239} INFO - Sync 1 DAGs
[2024-10-04T08:40:26.180+0100] {logging_mixin.py:190} INFO - [2024-10-04T08:40:26.180+0100] {dag.py:4180} INFO - Setting next_dagrun for example_trigger_target_dag to None, run_after=None
[2024-10-04T08:40:26.185+0100] {processor.py:208} INFO - Processing /opt/miniconda3/envs/airflow/lib/python3.8/site-packages/airflow/example_dags/example_trigger_target_dag.py took 0.069 seconds
[2024-10-04T08:41:19.656+0100] {processor.py:186} INFO - Started process (PID=20339) to work on /opt/miniconda3/envs/airflow/lib/python3.8/site-packages/airflow/example_dags/example_trigger_target_dag.py
[2024-10-04T08:41:19.657+0100] {processor.py:914} INFO - Processing file /opt/miniconda3/envs/airflow/lib/python3.8/site-packages/airflow/example_dags/example_trigger_target_dag.py for tasks to queue
[2024-10-04T08:41:19.657+0100] {logging_mixin.py:190} INFO - [2024-10-04T08:41:19.657+0100] {dagbag.py:588} INFO - Filling up the DagBag from /opt/miniconda3/envs/airflow/lib/python3.8/site-packages/airflow/example_dags/example_trigger_target_dag.py
[2024-10-04T08:41:19.683+0100] {processor.py:925} INFO - DAG(s) 'example_trigger_target_dag' retrieved from /opt/miniconda3/envs/airflow/lib/python3.8/site-packages/airflow/example_dags/example_trigger_target_dag.py
[2024-10-04T08:41:19.714+0100] {logging_mixin.py:190} INFO - [2024-10-04T08:41:19.714+0100] {dag.py:3239} INFO - Sync 1 DAGs
[2024-10-04T08:41:19.718+0100] {logging_mixin.py:190} INFO - [2024-10-04T08:41:19.718+0100] {dag.py:4180} INFO - Setting next_dagrun for example_trigger_target_dag to None, run_after=None
[2024-10-04T08:41:19.724+0100] {processor.py:208} INFO - Processing /opt/miniconda3/envs/airflow/lib/python3.8/site-packages/airflow/example_dags/example_trigger_target_dag.py took 0.069 seconds
[2024-10-04T09:06:34.125+0100] {processor.py:186} INFO - Started process (PID=20425) to work on /opt/miniconda3/envs/airflow/lib/python3.8/site-packages/airflow/example_dags/example_trigger_target_dag.py
[2024-10-04T09:06:34.125+0100] {processor.py:914} INFO - Processing file /opt/miniconda3/envs/airflow/lib/python3.8/site-packages/airflow/example_dags/example_trigger_target_dag.py for tasks to queue
[2024-10-04T09:06:34.126+0100] {logging_mixin.py:190} INFO - [2024-10-04T09:06:34.126+0100] {dagbag.py:588} INFO - Filling up the DagBag from /opt/miniconda3/envs/airflow/lib/python3.8/site-packages/airflow/example_dags/example_trigger_target_dag.py
[2024-10-04T09:06:34.152+0100] {processor.py:925} INFO - DAG(s) 'example_trigger_target_dag' retrieved from /opt/miniconda3/envs/airflow/lib/python3.8/site-packages/airflow/example_dags/example_trigger_target_dag.py
[2024-10-04T09:06:34.183+0100] {logging_mixin.py:190} INFO - [2024-10-04T09:06:34.183+0100] {dag.py:3239} INFO - Sync 1 DAGs
[2024-10-04T09:06:34.187+0100] {logging_mixin.py:190} INFO - [2024-10-04T09:06:34.187+0100] {dag.py:4180} INFO - Setting next_dagrun for example_trigger_target_dag to None, run_after=None
[2024-10-04T09:06:34.193+0100] {processor.py:208} INFO - Processing /opt/miniconda3/envs/airflow/lib/python3.8/site-packages/airflow/example_dags/example_trigger_target_dag.py took 0.069 seconds
[2024-10-04T09:42:15.619+0100] {processor.py:186} INFO - Started process (PID=20592) to work on /opt/miniconda3/envs/airflow/lib/python3.8/site-packages/airflow/example_dags/example_trigger_target_dag.py
[2024-10-04T09:42:15.621+0100] {processor.py:914} INFO - Processing file /opt/miniconda3/envs/airflow/lib/python3.8/site-packages/airflow/example_dags/example_trigger_target_dag.py for tasks to queue
[2024-10-04T09:42:15.621+0100] {logging_mixin.py:190} INFO - [2024-10-04T09:42:15.621+0100] {dagbag.py:588} INFO - Filling up the DagBag from /opt/miniconda3/envs/airflow/lib/python3.8/site-packages/airflow/example_dags/example_trigger_target_dag.py
[2024-10-04T09:42:15.647+0100] {processor.py:925} INFO - DAG(s) 'example_trigger_target_dag' retrieved from /opt/miniconda3/envs/airflow/lib/python3.8/site-packages/airflow/example_dags/example_trigger_target_dag.py
[2024-10-04T09:42:15.678+0100] {logging_mixin.py:190} INFO - [2024-10-04T09:42:15.678+0100] {dag.py:3239} INFO - Sync 1 DAGs
[2024-10-04T09:42:15.682+0100] {logging_mixin.py:190} INFO - [2024-10-04T09:42:15.682+0100] {dag.py:4180} INFO - Setting next_dagrun for example_trigger_target_dag to None, run_after=None
[2024-10-04T09:42:15.688+0100] {processor.py:208} INFO - Processing /opt/miniconda3/envs/airflow/lib/python3.8/site-packages/airflow/example_dags/example_trigger_target_dag.py took 0.070 seconds
[2024-10-04T09:43:12.539+0100] {processor.py:186} INFO - Started process (PID=20666) to work on /opt/miniconda3/envs/airflow/lib/python3.8/site-packages/airflow/example_dags/example_trigger_target_dag.py
[2024-10-04T09:43:12.539+0100] {processor.py:914} INFO - Processing file /opt/miniconda3/envs/airflow/lib/python3.8/site-packages/airflow/example_dags/example_trigger_target_dag.py for tasks to queue
[2024-10-04T09:43:12.540+0100] {logging_mixin.py:190} INFO - [2024-10-04T09:43:12.540+0100] {dagbag.py:588} INFO - Filling up the DagBag from /opt/miniconda3/envs/airflow/lib/python3.8/site-packages/airflow/example_dags/example_trigger_target_dag.py
[2024-10-04T09:43:12.566+0100] {processor.py:925} INFO - DAG(s) 'example_trigger_target_dag' retrieved from /opt/miniconda3/envs/airflow/lib/python3.8/site-packages/airflow/example_dags/example_trigger_target_dag.py
[2024-10-04T09:43:12.597+0100] {logging_mixin.py:190} INFO - [2024-10-04T09:43:12.597+0100] {dag.py:3239} INFO - Sync 1 DAGs
[2024-10-04T09:43:12.601+0100] {logging_mixin.py:190} INFO - [2024-10-04T09:43:12.601+0100] {dag.py:4180} INFO - Setting next_dagrun for example_trigger_target_dag to None, run_after=None
[2024-10-04T09:43:12.606+0100] {processor.py:208} INFO - Processing /opt/miniconda3/envs/airflow/lib/python3.8/site-packages/airflow/example_dags/example_trigger_target_dag.py took 0.069 seconds
[2024-10-04T09:59:48.989+0100] {processor.py:186} INFO - Started process (PID=20740) to work on /opt/miniconda3/envs/airflow/lib/python3.8/site-packages/airflow/example_dags/example_trigger_target_dag.py
[2024-10-04T09:59:48.990+0100] {processor.py:914} INFO - Processing file /opt/miniconda3/envs/airflow/lib/python3.8/site-packages/airflow/example_dags/example_trigger_target_dag.py for tasks to queue
[2024-10-04T09:59:48.990+0100] {logging_mixin.py:190} INFO - [2024-10-04T09:59:48.990+0100] {dagbag.py:588} INFO - Filling up the DagBag from /opt/miniconda3/envs/airflow/lib/python3.8/site-packages/airflow/example_dags/example_trigger_target_dag.py
[2024-10-04T09:59:49.016+0100] {processor.py:925} INFO - DAG(s) 'example_trigger_target_dag' retrieved from /opt/miniconda3/envs/airflow/lib/python3.8/site-packages/airflow/example_dags/example_trigger_target_dag.py
[2024-10-04T09:59:49.047+0100] {logging_mixin.py:190} INFO - [2024-10-04T09:59:49.047+0100] {dag.py:3239} INFO - Sync 1 DAGs
[2024-10-04T09:59:49.051+0100] {logging_mixin.py:190} INFO - [2024-10-04T09:59:49.051+0100] {dag.py:4180} INFO - Setting next_dagrun for example_trigger_target_dag to None, run_after=None
[2024-10-04T09:59:49.056+0100] {processor.py:208} INFO - Processing /opt/miniconda3/envs/airflow/lib/python3.8/site-packages/airflow/example_dags/example_trigger_target_dag.py took 0.069 seconds
[2024-10-04T10:20:04.983+0100] {processor.py:186} INFO - Started process (PID=20849) to work on /opt/miniconda3/envs/airflow/lib/python3.8/site-packages/airflow/example_dags/example_trigger_target_dag.py
[2024-10-04T10:20:04.984+0100] {processor.py:914} INFO - Processing file /opt/miniconda3/envs/airflow/lib/python3.8/site-packages/airflow/example_dags/example_trigger_target_dag.py for tasks to queue
[2024-10-04T10:20:04.984+0100] {logging_mixin.py:190} INFO - [2024-10-04T10:20:04.984+0100] {dagbag.py:588} INFO - Filling up the DagBag from /opt/miniconda3/envs/airflow/lib/python3.8/site-packages/airflow/example_dags/example_trigger_target_dag.py
[2024-10-04T10:20:05.016+0100] {processor.py:925} INFO - DAG(s) 'example_trigger_target_dag' retrieved from /opt/miniconda3/envs/airflow/lib/python3.8/site-packages/airflow/example_dags/example_trigger_target_dag.py
[2024-10-04T10:20:05.050+0100] {logging_mixin.py:190} INFO - [2024-10-04T10:20:05.050+0100] {dag.py:3239} INFO - Sync 1 DAGs
[2024-10-04T10:20:05.054+0100] {logging_mixin.py:190} INFO - [2024-10-04T10:20:05.054+0100] {dag.py:4180} INFO - Setting next_dagrun for example_trigger_target_dag to None, run_after=None
[2024-10-04T10:20:05.061+0100] {processor.py:208} INFO - Processing /opt/miniconda3/envs/airflow/lib/python3.8/site-packages/airflow/example_dags/example_trigger_target_dag.py took 0.080 seconds
[2024-10-04T10:21:11.700+0100] {processor.py:186} INFO - Started process (PID=20942) to work on /opt/miniconda3/envs/airflow/lib/python3.8/site-packages/airflow/example_dags/example_trigger_target_dag.py
[2024-10-04T10:21:11.701+0100] {processor.py:914} INFO - Processing file /opt/miniconda3/envs/airflow/lib/python3.8/site-packages/airflow/example_dags/example_trigger_target_dag.py for tasks to queue
[2024-10-04T10:21:11.701+0100] {logging_mixin.py:190} INFO - [2024-10-04T10:21:11.701+0100] {dagbag.py:588} INFO - Filling up the DagBag from /opt/miniconda3/envs/airflow/lib/python3.8/site-packages/airflow/example_dags/example_trigger_target_dag.py
[2024-10-04T10:21:11.728+0100] {processor.py:925} INFO - DAG(s) 'example_trigger_target_dag' retrieved from /opt/miniconda3/envs/airflow/lib/python3.8/site-packages/airflow/example_dags/example_trigger_target_dag.py
[2024-10-04T10:21:11.759+0100] {logging_mixin.py:190} INFO - [2024-10-04T10:21:11.759+0100] {dag.py:3239} INFO - Sync 1 DAGs
[2024-10-04T10:21:11.763+0100] {logging_mixin.py:190} INFO - [2024-10-04T10:21:11.763+0100] {dag.py:4180} INFO - Setting next_dagrun for example_trigger_target_dag to None, run_after=None
[2024-10-04T10:21:11.769+0100] {processor.py:208} INFO - Processing /opt/miniconda3/envs/airflow/lib/python3.8/site-packages/airflow/example_dags/example_trigger_target_dag.py took 0.071 seconds
[2024-10-04T10:22:12.099+0100] {processor.py:186} INFO - Started process (PID=21021) to work on /opt/miniconda3/envs/airflow/lib/python3.8/site-packages/airflow/example_dags/example_trigger_target_dag.py
[2024-10-04T10:22:12.099+0100] {processor.py:914} INFO - Processing file /opt/miniconda3/envs/airflow/lib/python3.8/site-packages/airflow/example_dags/example_trigger_target_dag.py for tasks to queue
[2024-10-04T10:22:12.099+0100] {logging_mixin.py:190} INFO - [2024-10-04T10:22:12.099+0100] {dagbag.py:588} INFO - Filling up the DagBag from /opt/miniconda3/envs/airflow/lib/python3.8/site-packages/airflow/example_dags/example_trigger_target_dag.py
[2024-10-04T10:22:12.127+0100] {processor.py:925} INFO - DAG(s) 'example_trigger_target_dag' retrieved from /opt/miniconda3/envs/airflow/lib/python3.8/site-packages/airflow/example_dags/example_trigger_target_dag.py
[2024-10-04T10:22:12.158+0100] {logging_mixin.py:190} INFO - [2024-10-04T10:22:12.158+0100] {dag.py:3239} INFO - Sync 1 DAGs
[2024-10-04T10:22:12.162+0100] {logging_mixin.py:190} INFO - [2024-10-04T10:22:12.162+0100] {dag.py:4180} INFO - Setting next_dagrun for example_trigger_target_dag to None, run_after=None
[2024-10-04T10:22:12.168+0100] {processor.py:208} INFO - Processing /opt/miniconda3/envs/airflow/lib/python3.8/site-packages/airflow/example_dags/example_trigger_target_dag.py took 0.071 seconds
[2024-10-04T10:24:30.107+0100] {processor.py:186} INFO - Started process (PID=21120) to work on /opt/miniconda3/envs/airflow/lib/python3.8/site-packages/airflow/example_dags/example_trigger_target_dag.py
[2024-10-04T10:24:30.108+0100] {processor.py:914} INFO - Processing file /opt/miniconda3/envs/airflow/lib/python3.8/site-packages/airflow/example_dags/example_trigger_target_dag.py for tasks to queue
[2024-10-04T10:24:30.108+0100] {logging_mixin.py:190} INFO - [2024-10-04T10:24:30.108+0100] {dagbag.py:588} INFO - Filling up the DagBag from /opt/miniconda3/envs/airflow/lib/python3.8/site-packages/airflow/example_dags/example_trigger_target_dag.py
[2024-10-04T10:24:30.137+0100] {processor.py:925} INFO - DAG(s) 'example_trigger_target_dag' retrieved from /opt/miniconda3/envs/airflow/lib/python3.8/site-packages/airflow/example_dags/example_trigger_target_dag.py
[2024-10-04T10:24:30.168+0100] {logging_mixin.py:190} INFO - [2024-10-04T10:24:30.168+0100] {dag.py:3239} INFO - Sync 1 DAGs
[2024-10-04T10:24:30.172+0100] {logging_mixin.py:190} INFO - [2024-10-04T10:24:30.172+0100] {dag.py:4180} INFO - Setting next_dagrun for example_trigger_target_dag to None, run_after=None
[2024-10-04T10:24:30.177+0100] {processor.py:208} INFO - Processing /opt/miniconda3/envs/airflow/lib/python3.8/site-packages/airflow/example_dags/example_trigger_target_dag.py took 0.072 seconds
[2024-10-04T10:25:29.354+0100] {processor.py:186} INFO - Started process (PID=21195) to work on /opt/miniconda3/envs/airflow/lib/python3.8/site-packages/airflow/example_dags/example_trigger_target_dag.py
[2024-10-04T10:25:29.355+0100] {processor.py:914} INFO - Processing file /opt/miniconda3/envs/airflow/lib/python3.8/site-packages/airflow/example_dags/example_trigger_target_dag.py for tasks to queue
[2024-10-04T10:25:29.355+0100] {logging_mixin.py:190} INFO - [2024-10-04T10:25:29.355+0100] {dagbag.py:588} INFO - Filling up the DagBag from /opt/miniconda3/envs/airflow/lib/python3.8/site-packages/airflow/example_dags/example_trigger_target_dag.py
[2024-10-04T10:25:29.382+0100] {processor.py:925} INFO - DAG(s) 'example_trigger_target_dag' retrieved from /opt/miniconda3/envs/airflow/lib/python3.8/site-packages/airflow/example_dags/example_trigger_target_dag.py
[2024-10-04T10:25:29.414+0100] {logging_mixin.py:190} INFO - [2024-10-04T10:25:29.414+0100] {dag.py:3239} INFO - Sync 1 DAGs
[2024-10-04T10:25:29.417+0100] {logging_mixin.py:190} INFO - [2024-10-04T10:25:29.417+0100] {dag.py:4180} INFO - Setting next_dagrun for example_trigger_target_dag to None, run_after=None
[2024-10-04T10:25:29.423+0100] {processor.py:208} INFO - Processing /opt/miniconda3/envs/airflow/lib/python3.8/site-packages/airflow/example_dags/example_trigger_target_dag.py took 0.070 seconds
[2024-10-04T10:26:28.542+0100] {processor.py:186} INFO - Started process (PID=21272) to work on /opt/miniconda3/envs/airflow/lib/python3.8/site-packages/airflow/example_dags/example_trigger_target_dag.py
[2024-10-04T10:26:28.543+0100] {processor.py:914} INFO - Processing file /opt/miniconda3/envs/airflow/lib/python3.8/site-packages/airflow/example_dags/example_trigger_target_dag.py for tasks to queue
[2024-10-04T10:26:28.543+0100] {logging_mixin.py:190} INFO - [2024-10-04T10:26:28.543+0100] {dagbag.py:588} INFO - Filling up the DagBag from /opt/miniconda3/envs/airflow/lib/python3.8/site-packages/airflow/example_dags/example_trigger_target_dag.py
[2024-10-04T10:26:28.570+0100] {processor.py:925} INFO - DAG(s) 'example_trigger_target_dag' retrieved from /opt/miniconda3/envs/airflow/lib/python3.8/site-packages/airflow/example_dags/example_trigger_target_dag.py
[2024-10-04T10:26:28.602+0100] {logging_mixin.py:190} INFO - [2024-10-04T10:26:28.602+0100] {dag.py:3239} INFO - Sync 1 DAGs
[2024-10-04T10:26:28.605+0100] {logging_mixin.py:190} INFO - [2024-10-04T10:26:28.605+0100] {dag.py:4180} INFO - Setting next_dagrun for example_trigger_target_dag to None, run_after=None
[2024-10-04T10:26:28.611+0100] {processor.py:208} INFO - Processing /opt/miniconda3/envs/airflow/lib/python3.8/site-packages/airflow/example_dags/example_trigger_target_dag.py took 0.070 seconds
[2024-10-04T10:27:26.200+0100] {processor.py:186} INFO - Started process (PID=21348) to work on /opt/miniconda3/envs/airflow/lib/python3.8/site-packages/airflow/example_dags/example_trigger_target_dag.py
[2024-10-04T10:27:26.201+0100] {processor.py:914} INFO - Processing file /opt/miniconda3/envs/airflow/lib/python3.8/site-packages/airflow/example_dags/example_trigger_target_dag.py for tasks to queue
[2024-10-04T10:27:26.201+0100] {logging_mixin.py:190} INFO - [2024-10-04T10:27:26.201+0100] {dagbag.py:588} INFO - Filling up the DagBag from /opt/miniconda3/envs/airflow/lib/python3.8/site-packages/airflow/example_dags/example_trigger_target_dag.py
[2024-10-04T10:27:26.229+0100] {processor.py:925} INFO - DAG(s) 'example_trigger_target_dag' retrieved from /opt/miniconda3/envs/airflow/lib/python3.8/site-packages/airflow/example_dags/example_trigger_target_dag.py
[2024-10-04T10:27:26.260+0100] {logging_mixin.py:190} INFO - [2024-10-04T10:27:26.260+0100] {dag.py:3239} INFO - Sync 1 DAGs
[2024-10-04T10:27:26.264+0100] {logging_mixin.py:190} INFO - [2024-10-04T10:27:26.264+0100] {dag.py:4180} INFO - Setting next_dagrun for example_trigger_target_dag to None, run_after=None
[2024-10-04T10:27:26.269+0100] {processor.py:208} INFO - Processing /opt/miniconda3/envs/airflow/lib/python3.8/site-packages/airflow/example_dags/example_trigger_target_dag.py took 0.071 seconds
[2024-10-04T10:28:23.421+0100] {processor.py:186} INFO - Started process (PID=21429) to work on /opt/miniconda3/envs/airflow/lib/python3.8/site-packages/airflow/example_dags/example_trigger_target_dag.py
[2024-10-04T10:28:23.421+0100] {processor.py:914} INFO - Processing file /opt/miniconda3/envs/airflow/lib/python3.8/site-packages/airflow/example_dags/example_trigger_target_dag.py for tasks to queue
[2024-10-04T10:28:23.422+0100] {logging_mixin.py:190} INFO - [2024-10-04T10:28:23.421+0100] {dagbag.py:588} INFO - Filling up the DagBag from /opt/miniconda3/envs/airflow/lib/python3.8/site-packages/airflow/example_dags/example_trigger_target_dag.py
[2024-10-04T10:28:23.449+0100] {processor.py:925} INFO - DAG(s) 'example_trigger_target_dag' retrieved from /opt/miniconda3/envs/airflow/lib/python3.8/site-packages/airflow/example_dags/example_trigger_target_dag.py
[2024-10-04T10:28:23.481+0100] {logging_mixin.py:190} INFO - [2024-10-04T10:28:23.480+0100] {dag.py:3239} INFO - Sync 1 DAGs
[2024-10-04T10:28:23.484+0100] {logging_mixin.py:190} INFO - [2024-10-04T10:28:23.484+0100] {dag.py:4180} INFO - Setting next_dagrun for example_trigger_target_dag to None, run_after=None
[2024-10-04T10:28:23.490+0100] {processor.py:208} INFO - Processing /opt/miniconda3/envs/airflow/lib/python3.8/site-packages/airflow/example_dags/example_trigger_target_dag.py took 0.071 seconds
[2024-10-04T10:29:20.745+0100] {processor.py:186} INFO - Started process (PID=21525) to work on /opt/miniconda3/envs/airflow/lib/python3.8/site-packages/airflow/example_dags/example_trigger_target_dag.py
[2024-10-04T10:29:20.746+0100] {processor.py:914} INFO - Processing file /opt/miniconda3/envs/airflow/lib/python3.8/site-packages/airflow/example_dags/example_trigger_target_dag.py for tasks to queue
[2024-10-04T10:29:20.747+0100] {logging_mixin.py:190} INFO - [2024-10-04T10:29:20.747+0100] {dagbag.py:588} INFO - Filling up the DagBag from /opt/miniconda3/envs/airflow/lib/python3.8/site-packages/airflow/example_dags/example_trigger_target_dag.py
[2024-10-04T10:29:20.776+0100] {processor.py:925} INFO - DAG(s) 'example_trigger_target_dag' retrieved from /opt/miniconda3/envs/airflow/lib/python3.8/site-packages/airflow/example_dags/example_trigger_target_dag.py
[2024-10-04T10:29:20.808+0100] {logging_mixin.py:190} INFO - [2024-10-04T10:29:20.808+0100] {dag.py:3239} INFO - Sync 1 DAGs
[2024-10-04T10:29:20.812+0100] {logging_mixin.py:190} INFO - [2024-10-04T10:29:20.812+0100] {dag.py:4180} INFO - Setting next_dagrun for example_trigger_target_dag to None, run_after=None
[2024-10-04T10:29:20.817+0100] {processor.py:208} INFO - Processing /opt/miniconda3/envs/airflow/lib/python3.8/site-packages/airflow/example_dags/example_trigger_target_dag.py took 0.073 seconds
[2024-10-04T10:30:17.773+0100] {processor.py:186} INFO - Started process (PID=21620) to work on /opt/miniconda3/envs/airflow/lib/python3.8/site-packages/airflow/example_dags/example_trigger_target_dag.py
[2024-10-04T10:30:17.773+0100] {processor.py:914} INFO - Processing file /opt/miniconda3/envs/airflow/lib/python3.8/site-packages/airflow/example_dags/example_trigger_target_dag.py for tasks to queue
[2024-10-04T10:30:17.773+0100] {logging_mixin.py:190} INFO - [2024-10-04T10:30:17.773+0100] {dagbag.py:588} INFO - Filling up the DagBag from /opt/miniconda3/envs/airflow/lib/python3.8/site-packages/airflow/example_dags/example_trigger_target_dag.py
[2024-10-04T10:30:17.802+0100] {processor.py:925} INFO - DAG(s) 'example_trigger_target_dag' retrieved from /opt/miniconda3/envs/airflow/lib/python3.8/site-packages/airflow/example_dags/example_trigger_target_dag.py
[2024-10-04T10:30:17.833+0100] {logging_mixin.py:190} INFO - [2024-10-04T10:30:17.833+0100] {dag.py:3239} INFO - Sync 1 DAGs
[2024-10-04T10:30:17.837+0100] {logging_mixin.py:190} INFO - [2024-10-04T10:30:17.837+0100] {dag.py:4180} INFO - Setting next_dagrun for example_trigger_target_dag to None, run_after=None
[2024-10-04T10:30:17.842+0100] {processor.py:208} INFO - Processing /opt/miniconda3/envs/airflow/lib/python3.8/site-packages/airflow/example_dags/example_trigger_target_dag.py took 0.071 seconds
[2024-10-04T10:31:13.746+0100] {processor.py:186} INFO - Started process (PID=21693) to work on /opt/miniconda3/envs/airflow/lib/python3.8/site-packages/airflow/example_dags/example_trigger_target_dag.py
[2024-10-04T10:31:13.746+0100] {processor.py:914} INFO - Processing file /opt/miniconda3/envs/airflow/lib/python3.8/site-packages/airflow/example_dags/example_trigger_target_dag.py for tasks to queue
[2024-10-04T10:31:13.746+0100] {logging_mixin.py:190} INFO - [2024-10-04T10:31:13.746+0100] {dagbag.py:588} INFO - Filling up the DagBag from /opt/miniconda3/envs/airflow/lib/python3.8/site-packages/airflow/example_dags/example_trigger_target_dag.py
[2024-10-04T10:31:13.773+0100] {processor.py:925} INFO - DAG(s) 'example_trigger_target_dag' retrieved from /opt/miniconda3/envs/airflow/lib/python3.8/site-packages/airflow/example_dags/example_trigger_target_dag.py
[2024-10-04T10:31:13.805+0100] {logging_mixin.py:190} INFO - [2024-10-04T10:31:13.805+0100] {dag.py:3239} INFO - Sync 1 DAGs
[2024-10-04T10:31:13.809+0100] {logging_mixin.py:190} INFO - [2024-10-04T10:31:13.809+0100] {dag.py:4180} INFO - Setting next_dagrun for example_trigger_target_dag to None, run_after=None
[2024-10-04T10:31:13.815+0100] {processor.py:208} INFO - Processing /opt/miniconda3/envs/airflow/lib/python3.8/site-packages/airflow/example_dags/example_trigger_target_dag.py took 0.071 seconds
[2024-10-04T10:32:14.738+0100] {processor.py:186} INFO - Started process (PID=21784) to work on /opt/miniconda3/envs/airflow/lib/python3.8/site-packages/airflow/example_dags/example_trigger_target_dag.py
[2024-10-04T10:32:14.738+0100] {processor.py:914} INFO - Processing file /opt/miniconda3/envs/airflow/lib/python3.8/site-packages/airflow/example_dags/example_trigger_target_dag.py for tasks to queue
[2024-10-04T10:32:14.738+0100] {logging_mixin.py:190} INFO - [2024-10-04T10:32:14.738+0100] {dagbag.py:588} INFO - Filling up the DagBag from /opt/miniconda3/envs/airflow/lib/python3.8/site-packages/airflow/example_dags/example_trigger_target_dag.py
[2024-10-04T10:32:14.768+0100] {processor.py:925} INFO - DAG(s) 'example_trigger_target_dag' retrieved from /opt/miniconda3/envs/airflow/lib/python3.8/site-packages/airflow/example_dags/example_trigger_target_dag.py
[2024-10-04T10:32:14.800+0100] {logging_mixin.py:190} INFO - [2024-10-04T10:32:14.800+0100] {dag.py:3239} INFO - Sync 1 DAGs
[2024-10-04T10:32:14.804+0100] {logging_mixin.py:190} INFO - [2024-10-04T10:32:14.804+0100] {dag.py:4180} INFO - Setting next_dagrun for example_trigger_target_dag to None, run_after=None
[2024-10-04T10:32:14.810+0100] {processor.py:208} INFO - Processing /opt/miniconda3/envs/airflow/lib/python3.8/site-packages/airflow/example_dags/example_trigger_target_dag.py took 0.074 seconds
[2024-10-04T10:33:16.453+0100] {processor.py:186} INFO - Started process (PID=21874) to work on /opt/miniconda3/envs/airflow/lib/python3.8/site-packages/airflow/example_dags/example_trigger_target_dag.py
[2024-10-04T10:33:16.453+0100] {processor.py:914} INFO - Processing file /opt/miniconda3/envs/airflow/lib/python3.8/site-packages/airflow/example_dags/example_trigger_target_dag.py for tasks to queue
[2024-10-04T10:33:16.453+0100] {logging_mixin.py:190} INFO - [2024-10-04T10:33:16.453+0100] {dagbag.py:588} INFO - Filling up the DagBag from /opt/miniconda3/envs/airflow/lib/python3.8/site-packages/airflow/example_dags/example_trigger_target_dag.py
[2024-10-04T10:33:16.482+0100] {processor.py:925} INFO - DAG(s) 'example_trigger_target_dag' retrieved from /opt/miniconda3/envs/airflow/lib/python3.8/site-packages/airflow/example_dags/example_trigger_target_dag.py
[2024-10-04T10:33:16.513+0100] {logging_mixin.py:190} INFO - [2024-10-04T10:33:16.513+0100] {dag.py:3239} INFO - Sync 1 DAGs
[2024-10-04T10:33:16.517+0100] {logging_mixin.py:190} INFO - [2024-10-04T10:33:16.517+0100] {dag.py:4180} INFO - Setting next_dagrun for example_trigger_target_dag to None, run_after=None
[2024-10-04T10:33:16.523+0100] {processor.py:208} INFO - Processing /opt/miniconda3/envs/airflow/lib/python3.8/site-packages/airflow/example_dags/example_trigger_target_dag.py took 0.072 seconds
[2024-10-04T10:34:20.044+0100] {processor.py:186} INFO - Started process (PID=21952) to work on /opt/miniconda3/envs/airflow/lib/python3.8/site-packages/airflow/example_dags/example_trigger_target_dag.py
[2024-10-04T10:34:20.044+0100] {processor.py:914} INFO - Processing file /opt/miniconda3/envs/airflow/lib/python3.8/site-packages/airflow/example_dags/example_trigger_target_dag.py for tasks to queue
[2024-10-04T10:34:20.044+0100] {logging_mixin.py:190} INFO - [2024-10-04T10:34:20.044+0100] {dagbag.py:588} INFO - Filling up the DagBag from /opt/miniconda3/envs/airflow/lib/python3.8/site-packages/airflow/example_dags/example_trigger_target_dag.py
[2024-10-04T10:34:20.073+0100] {processor.py:925} INFO - DAG(s) 'example_trigger_target_dag' retrieved from /opt/miniconda3/envs/airflow/lib/python3.8/site-packages/airflow/example_dags/example_trigger_target_dag.py
[2024-10-04T10:34:20.105+0100] {logging_mixin.py:190} INFO - [2024-10-04T10:34:20.105+0100] {dag.py:3239} INFO - Sync 1 DAGs
[2024-10-04T10:34:20.109+0100] {logging_mixin.py:190} INFO - [2024-10-04T10:34:20.109+0100] {dag.py:4180} INFO - Setting next_dagrun for example_trigger_target_dag to None, run_after=None
[2024-10-04T10:34:20.115+0100] {processor.py:208} INFO - Processing /opt/miniconda3/envs/airflow/lib/python3.8/site-packages/airflow/example_dags/example_trigger_target_dag.py took 0.072 seconds
[2024-10-04T10:35:27.522+0100] {processor.py:186} INFO - Started process (PID=22043) to work on /opt/miniconda3/envs/airflow/lib/python3.8/site-packages/airflow/example_dags/example_trigger_target_dag.py
[2024-10-04T10:35:27.523+0100] {processor.py:914} INFO - Processing file /opt/miniconda3/envs/airflow/lib/python3.8/site-packages/airflow/example_dags/example_trigger_target_dag.py for tasks to queue
[2024-10-04T10:35:27.523+0100] {logging_mixin.py:190} INFO - [2024-10-04T10:35:27.523+0100] {dagbag.py:588} INFO - Filling up the DagBag from /opt/miniconda3/envs/airflow/lib/python3.8/site-packages/airflow/example_dags/example_trigger_target_dag.py
[2024-10-04T10:35:27.551+0100] {processor.py:925} INFO - DAG(s) 'example_trigger_target_dag' retrieved from /opt/miniconda3/envs/airflow/lib/python3.8/site-packages/airflow/example_dags/example_trigger_target_dag.py
[2024-10-04T10:35:27.582+0100] {logging_mixin.py:190} INFO - [2024-10-04T10:35:27.582+0100] {dag.py:3239} INFO - Sync 1 DAGs
[2024-10-04T10:35:27.586+0100] {logging_mixin.py:190} INFO - [2024-10-04T10:35:27.586+0100] {dag.py:4180} INFO - Setting next_dagrun for example_trigger_target_dag to None, run_after=None
[2024-10-04T10:35:27.592+0100] {processor.py:208} INFO - Processing /opt/miniconda3/envs/airflow/lib/python3.8/site-packages/airflow/example_dags/example_trigger_target_dag.py took 0.071 seconds
[2024-10-04T10:36:34.359+0100] {processor.py:186} INFO - Started process (PID=22124) to work on /opt/miniconda3/envs/airflow/lib/python3.8/site-packages/airflow/example_dags/example_trigger_target_dag.py
[2024-10-04T10:36:34.360+0100] {processor.py:914} INFO - Processing file /opt/miniconda3/envs/airflow/lib/python3.8/site-packages/airflow/example_dags/example_trigger_target_dag.py for tasks to queue
[2024-10-04T10:36:34.360+0100] {logging_mixin.py:190} INFO - [2024-10-04T10:36:34.360+0100] {dagbag.py:588} INFO - Filling up the DagBag from /opt/miniconda3/envs/airflow/lib/python3.8/site-packages/airflow/example_dags/example_trigger_target_dag.py
[2024-10-04T10:36:34.388+0100] {processor.py:925} INFO - DAG(s) 'example_trigger_target_dag' retrieved from /opt/miniconda3/envs/airflow/lib/python3.8/site-packages/airflow/example_dags/example_trigger_target_dag.py
[2024-10-04T10:36:34.419+0100] {logging_mixin.py:190} INFO - [2024-10-04T10:36:34.419+0100] {dag.py:3239} INFO - Sync 1 DAGs
[2024-10-04T10:36:34.423+0100] {logging_mixin.py:190} INFO - [2024-10-04T10:36:34.423+0100] {dag.py:4180} INFO - Setting next_dagrun for example_trigger_target_dag to None, run_after=None
[2024-10-04T10:36:34.429+0100] {processor.py:208} INFO - Processing /opt/miniconda3/envs/airflow/lib/python3.8/site-packages/airflow/example_dags/example_trigger_target_dag.py took 0.071 seconds
[2024-10-04T10:37:41.813+0100] {processor.py:186} INFO - Started process (PID=22212) to work on /opt/miniconda3/envs/airflow/lib/python3.8/site-packages/airflow/example_dags/example_trigger_target_dag.py
[2024-10-04T10:37:41.814+0100] {processor.py:914} INFO - Processing file /opt/miniconda3/envs/airflow/lib/python3.8/site-packages/airflow/example_dags/example_trigger_target_dag.py for tasks to queue
[2024-10-04T10:37:41.814+0100] {logging_mixin.py:190} INFO - [2024-10-04T10:37:41.814+0100] {dagbag.py:588} INFO - Filling up the DagBag from /opt/miniconda3/envs/airflow/lib/python3.8/site-packages/airflow/example_dags/example_trigger_target_dag.py
[2024-10-04T10:37:41.843+0100] {processor.py:925} INFO - DAG(s) 'example_trigger_target_dag' retrieved from /opt/miniconda3/envs/airflow/lib/python3.8/site-packages/airflow/example_dags/example_trigger_target_dag.py
[2024-10-04T10:37:41.874+0100] {logging_mixin.py:190} INFO - [2024-10-04T10:37:41.874+0100] {dag.py:3239} INFO - Sync 1 DAGs
[2024-10-04T10:37:41.878+0100] {logging_mixin.py:190} INFO - [2024-10-04T10:37:41.878+0100] {dag.py:4180} INFO - Setting next_dagrun for example_trigger_target_dag to None, run_after=None
[2024-10-04T10:37:41.883+0100] {processor.py:208} INFO - Processing /opt/miniconda3/envs/airflow/lib/python3.8/site-packages/airflow/example_dags/example_trigger_target_dag.py took 0.072 seconds
