[2024-10-04T01:54:50.246+0100] {processor.py:186} INFO - Started process (PID=17381) to work on /opt/miniconda3/envs/airflow/lib/python3.8/site-packages/airflow/example_dags/example_task_group.py
[2024-10-04T01:54:50.246+0100] {processor.py:914} INFO - Processing file /opt/miniconda3/envs/airflow/lib/python3.8/site-packages/airflow/example_dags/example_task_group.py for tasks to queue
[2024-10-04T01:54:50.246+0100] {logging_mixin.py:190} INFO - [2024-10-04T01:54:50.246+0100] {dagbag.py:588} INFO - Filling up the DagBag from /opt/miniconda3/envs/airflow/lib/python3.8/site-packages/airflow/example_dags/example_task_group.py
[2024-10-04T01:54:50.266+0100] {processor.py:925} INFO - DAG(s) 'example_task_group' retrieved from /opt/miniconda3/envs/airflow/lib/python3.8/site-packages/airflow/example_dags/example_task_group.py
[2024-10-04T01:54:50.299+0100] {logging_mixin.py:190} INFO - [2024-10-04T01:54:50.299+0100] {dag.py:3239} INFO - Sync 1 DAGs
[2024-10-04T01:54:50.302+0100] {logging_mixin.py:190} INFO - [2024-10-04T01:54:50.302+0100] {dag.py:4180} INFO - Setting next_dagrun for example_task_group to None, run_after=None
[2024-10-04T01:54:50.307+0100] {processor.py:208} INFO - Processing /opt/miniconda3/envs/airflow/lib/python3.8/site-packages/airflow/example_dags/example_task_group.py took 0.063 seconds
[2024-10-04T01:56:19.761+0100] {processor.py:186} INFO - Started process (PID=17498) to work on /opt/miniconda3/envs/airflow/lib/python3.8/site-packages/airflow/example_dags/example_task_group.py
[2024-10-04T01:56:19.761+0100] {processor.py:914} INFO - Processing file /opt/miniconda3/envs/airflow/lib/python3.8/site-packages/airflow/example_dags/example_task_group.py for tasks to queue
[2024-10-04T01:56:19.761+0100] {logging_mixin.py:190} INFO - [2024-10-04T01:56:19.761+0100] {dagbag.py:588} INFO - Filling up the DagBag from /opt/miniconda3/envs/airflow/lib/python3.8/site-packages/airflow/example_dags/example_task_group.py
[2024-10-04T01:56:19.780+0100] {processor.py:925} INFO - DAG(s) 'example_task_group' retrieved from /opt/miniconda3/envs/airflow/lib/python3.8/site-packages/airflow/example_dags/example_task_group.py
[2024-10-04T01:56:19.813+0100] {logging_mixin.py:190} INFO - [2024-10-04T01:56:19.813+0100] {dag.py:3239} INFO - Sync 1 DAGs
[2024-10-04T01:56:19.816+0100] {logging_mixin.py:190} INFO - [2024-10-04T01:56:19.816+0100] {dag.py:4180} INFO - Setting next_dagrun for example_task_group to None, run_after=None
[2024-10-04T01:56:19.822+0100] {processor.py:208} INFO - Processing /opt/miniconda3/envs/airflow/lib/python3.8/site-packages/airflow/example_dags/example_task_group.py took 0.062 seconds
[2024-10-04T01:57:25.010+0100] {processor.py:186} INFO - Started process (PID=17578) to work on /opt/miniconda3/envs/airflow/lib/python3.8/site-packages/airflow/example_dags/example_task_group.py
[2024-10-04T01:57:25.011+0100] {processor.py:914} INFO - Processing file /opt/miniconda3/envs/airflow/lib/python3.8/site-packages/airflow/example_dags/example_task_group.py for tasks to queue
[2024-10-04T01:57:25.011+0100] {logging_mixin.py:190} INFO - [2024-10-04T01:57:25.011+0100] {dagbag.py:588} INFO - Filling up the DagBag from /opt/miniconda3/envs/airflow/lib/python3.8/site-packages/airflow/example_dags/example_task_group.py
[2024-10-04T01:57:25.029+0100] {processor.py:925} INFO - DAG(s) 'example_task_group' retrieved from /opt/miniconda3/envs/airflow/lib/python3.8/site-packages/airflow/example_dags/example_task_group.py
[2024-10-04T01:57:25.062+0100] {logging_mixin.py:190} INFO - [2024-10-04T01:57:25.062+0100] {dag.py:3239} INFO - Sync 1 DAGs
[2024-10-04T01:57:25.065+0100] {logging_mixin.py:190} INFO - [2024-10-04T01:57:25.065+0100] {dag.py:4180} INFO - Setting next_dagrun for example_task_group to None, run_after=None
[2024-10-04T01:57:25.071+0100] {processor.py:208} INFO - Processing /opt/miniconda3/envs/airflow/lib/python3.8/site-packages/airflow/example_dags/example_task_group.py took 0.062 seconds
[2024-10-04T03:50:26.142+0100] {processor.py:186} INFO - Started process (PID=17683) to work on /opt/miniconda3/envs/airflow/lib/python3.8/site-packages/airflow/example_dags/example_task_group.py
[2024-10-04T03:50:26.142+0100] {processor.py:914} INFO - Processing file /opt/miniconda3/envs/airflow/lib/python3.8/site-packages/airflow/example_dags/example_task_group.py for tasks to queue
[2024-10-04T03:50:26.142+0100] {logging_mixin.py:190} INFO - [2024-10-04T03:50:26.142+0100] {dagbag.py:588} INFO - Filling up the DagBag from /opt/miniconda3/envs/airflow/lib/python3.8/site-packages/airflow/example_dags/example_task_group.py
[2024-10-04T03:50:26.161+0100] {processor.py:925} INFO - DAG(s) 'example_task_group' retrieved from /opt/miniconda3/envs/airflow/lib/python3.8/site-packages/airflow/example_dags/example_task_group.py
[2024-10-04T03:50:26.194+0100] {logging_mixin.py:190} INFO - [2024-10-04T03:50:26.194+0100] {dag.py:3239} INFO - Sync 1 DAGs
[2024-10-04T03:50:26.197+0100] {logging_mixin.py:190} INFO - [2024-10-04T03:50:26.197+0100] {dag.py:4180} INFO - Setting next_dagrun for example_task_group to None, run_after=None
[2024-10-04T03:50:26.203+0100] {processor.py:208} INFO - Processing /opt/miniconda3/envs/airflow/lib/python3.8/site-packages/airflow/example_dags/example_task_group.py took 0.062 seconds
[2024-10-04T03:52:00.442+0100] {processor.py:186} INFO - Started process (PID=17807) to work on /opt/miniconda3/envs/airflow/lib/python3.8/site-packages/airflow/example_dags/example_task_group.py
[2024-10-04T03:52:00.444+0100] {processor.py:914} INFO - Processing file /opt/miniconda3/envs/airflow/lib/python3.8/site-packages/airflow/example_dags/example_task_group.py for tasks to queue
[2024-10-04T03:52:00.444+0100] {logging_mixin.py:190} INFO - [2024-10-04T03:52:00.444+0100] {dagbag.py:588} INFO - Filling up the DagBag from /opt/miniconda3/envs/airflow/lib/python3.8/site-packages/airflow/example_dags/example_task_group.py
[2024-10-04T03:52:00.463+0100] {processor.py:925} INFO - DAG(s) 'example_task_group' retrieved from /opt/miniconda3/envs/airflow/lib/python3.8/site-packages/airflow/example_dags/example_task_group.py
[2024-10-04T03:52:00.496+0100] {logging_mixin.py:190} INFO - [2024-10-04T03:52:00.496+0100] {dag.py:3239} INFO - Sync 1 DAGs
[2024-10-04T03:52:00.499+0100] {logging_mixin.py:190} INFO - [2024-10-04T03:52:00.499+0100] {dag.py:4180} INFO - Setting next_dagrun for example_task_group to None, run_after=None
[2024-10-04T03:52:00.505+0100] {processor.py:208} INFO - Processing /opt/miniconda3/envs/airflow/lib/python3.8/site-packages/airflow/example_dags/example_task_group.py took 0.064 seconds
[2024-10-04T03:53:03.901+0100] {processor.py:186} INFO - Started process (PID=17896) to work on /opt/miniconda3/envs/airflow/lib/python3.8/site-packages/airflow/example_dags/example_task_group.py
[2024-10-04T03:53:03.901+0100] {processor.py:914} INFO - Processing file /opt/miniconda3/envs/airflow/lib/python3.8/site-packages/airflow/example_dags/example_task_group.py for tasks to queue
[2024-10-04T03:53:03.902+0100] {logging_mixin.py:190} INFO - [2024-10-04T03:53:03.901+0100] {dagbag.py:588} INFO - Filling up the DagBag from /opt/miniconda3/envs/airflow/lib/python3.8/site-packages/airflow/example_dags/example_task_group.py
[2024-10-04T03:53:03.920+0100] {processor.py:925} INFO - DAG(s) 'example_task_group' retrieved from /opt/miniconda3/envs/airflow/lib/python3.8/site-packages/airflow/example_dags/example_task_group.py
[2024-10-04T03:53:03.953+0100] {logging_mixin.py:190} INFO - [2024-10-04T03:53:03.953+0100] {dag.py:3239} INFO - Sync 1 DAGs
[2024-10-04T03:53:03.956+0100] {logging_mixin.py:190} INFO - [2024-10-04T03:53:03.956+0100] {dag.py:4180} INFO - Setting next_dagrun for example_task_group to None, run_after=None
[2024-10-04T03:53:03.962+0100] {processor.py:208} INFO - Processing /opt/miniconda3/envs/airflow/lib/python3.8/site-packages/airflow/example_dags/example_task_group.py took 0.062 seconds
[2024-10-04T06:13:44.586+0100] {processor.py:186} INFO - Started process (PID=18006) to work on /opt/miniconda3/envs/airflow/lib/python3.8/site-packages/airflow/example_dags/example_task_group.py
[2024-10-04T06:13:44.586+0100] {processor.py:914} INFO - Processing file /opt/miniconda3/envs/airflow/lib/python3.8/site-packages/airflow/example_dags/example_task_group.py for tasks to queue
[2024-10-04T06:13:44.587+0100] {logging_mixin.py:190} INFO - [2024-10-04T06:13:44.587+0100] {dagbag.py:588} INFO - Filling up the DagBag from /opt/miniconda3/envs/airflow/lib/python3.8/site-packages/airflow/example_dags/example_task_group.py
[2024-10-04T06:13:44.608+0100] {processor.py:925} INFO - DAG(s) 'example_task_group' retrieved from /opt/miniconda3/envs/airflow/lib/python3.8/site-packages/airflow/example_dags/example_task_group.py
[2024-10-04T06:13:44.641+0100] {logging_mixin.py:190} INFO - [2024-10-04T06:13:44.641+0100] {dag.py:3239} INFO - Sync 1 DAGs
[2024-10-04T06:13:44.645+0100] {logging_mixin.py:190} INFO - [2024-10-04T06:13:44.644+0100] {dag.py:4180} INFO - Setting next_dagrun for example_task_group to None, run_after=None
[2024-10-04T06:13:44.650+0100] {processor.py:208} INFO - Processing /opt/miniconda3/envs/airflow/lib/python3.8/site-packages/airflow/example_dags/example_task_group.py took 0.066 seconds
[2024-10-04T06:15:03.299+0100] {processor.py:186} INFO - Started process (PID=18127) to work on /opt/miniconda3/envs/airflow/lib/python3.8/site-packages/airflow/example_dags/example_task_group.py
[2024-10-04T06:15:03.300+0100] {processor.py:914} INFO - Processing file /opt/miniconda3/envs/airflow/lib/python3.8/site-packages/airflow/example_dags/example_task_group.py for tasks to queue
[2024-10-04T06:15:03.300+0100] {logging_mixin.py:190} INFO - [2024-10-04T06:15:03.300+0100] {dagbag.py:588} INFO - Filling up the DagBag from /opt/miniconda3/envs/airflow/lib/python3.8/site-packages/airflow/example_dags/example_task_group.py
[2024-10-04T06:15:03.319+0100] {processor.py:925} INFO - DAG(s) 'example_task_group' retrieved from /opt/miniconda3/envs/airflow/lib/python3.8/site-packages/airflow/example_dags/example_task_group.py
[2024-10-04T06:15:03.352+0100] {logging_mixin.py:190} INFO - [2024-10-04T06:15:03.352+0100] {dag.py:3239} INFO - Sync 1 DAGs
[2024-10-04T06:15:03.355+0100] {logging_mixin.py:190} INFO - [2024-10-04T06:15:03.355+0100] {dag.py:4180} INFO - Setting next_dagrun for example_task_group to None, run_after=None
[2024-10-04T06:15:03.361+0100] {processor.py:208} INFO - Processing /opt/miniconda3/envs/airflow/lib/python3.8/site-packages/airflow/example_dags/example_task_group.py took 0.064 seconds
[2024-10-04T06:15:59.551+0100] {processor.py:186} INFO - Started process (PID=19857) to work on /opt/miniconda3/envs/airflow/lib/python3.8/site-packages/airflow/example_dags/example_task_group.py
[2024-10-04T06:15:59.552+0100] {processor.py:914} INFO - Processing file /opt/miniconda3/envs/airflow/lib/python3.8/site-packages/airflow/example_dags/example_task_group.py for tasks to queue
[2024-10-04T06:15:59.553+0100] {logging_mixin.py:190} INFO - [2024-10-04T06:15:59.553+0100] {dagbag.py:588} INFO - Filling up the DagBag from /opt/miniconda3/envs/airflow/lib/python3.8/site-packages/airflow/example_dags/example_task_group.py
[2024-10-04T06:15:59.571+0100] {processor.py:925} INFO - DAG(s) 'example_task_group' retrieved from /opt/miniconda3/envs/airflow/lib/python3.8/site-packages/airflow/example_dags/example_task_group.py
[2024-10-04T06:15:59.604+0100] {logging_mixin.py:190} INFO - [2024-10-04T06:15:59.604+0100] {dag.py:3239} INFO - Sync 1 DAGs
[2024-10-04T06:15:59.607+0100] {logging_mixin.py:190} INFO - [2024-10-04T06:15:59.607+0100] {dag.py:4180} INFO - Setting next_dagrun for example_task_group to None, run_after=None
[2024-10-04T06:15:59.613+0100] {processor.py:208} INFO - Processing /opt/miniconda3/envs/airflow/lib/python3.8/site-packages/airflow/example_dags/example_task_group.py took 0.063 seconds
[2024-10-04T06:59:00.708+0100] {processor.py:186} INFO - Started process (PID=19961) to work on /opt/miniconda3/envs/airflow/lib/python3.8/site-packages/airflow/example_dags/example_task_group.py
[2024-10-04T06:59:00.708+0100] {processor.py:914} INFO - Processing file /opt/miniconda3/envs/airflow/lib/python3.8/site-packages/airflow/example_dags/example_task_group.py for tasks to queue
[2024-10-04T06:59:00.708+0100] {logging_mixin.py:190} INFO - [2024-10-04T06:59:00.708+0100] {dagbag.py:588} INFO - Filling up the DagBag from /opt/miniconda3/envs/airflow/lib/python3.8/site-packages/airflow/example_dags/example_task_group.py
[2024-10-04T06:59:00.727+0100] {processor.py:925} INFO - DAG(s) 'example_task_group' retrieved from /opt/miniconda3/envs/airflow/lib/python3.8/site-packages/airflow/example_dags/example_task_group.py
[2024-10-04T06:59:00.760+0100] {logging_mixin.py:190} INFO - [2024-10-04T06:59:00.760+0100] {dag.py:3239} INFO - Sync 1 DAGs
[2024-10-04T06:59:00.763+0100] {logging_mixin.py:190} INFO - [2024-10-04T06:59:00.763+0100] {dag.py:4180} INFO - Setting next_dagrun for example_task_group to None, run_after=None
[2024-10-04T06:59:00.769+0100] {processor.py:208} INFO - Processing /opt/miniconda3/envs/airflow/lib/python3.8/site-packages/airflow/example_dags/example_task_group.py took 0.062 seconds
[2024-10-04T08:12:46.592+0100] {processor.py:186} INFO - Started process (PID=20071) to work on /opt/miniconda3/envs/airflow/lib/python3.8/site-packages/airflow/example_dags/example_task_group.py
[2024-10-04T08:12:46.593+0100] {processor.py:914} INFO - Processing file /opt/miniconda3/envs/airflow/lib/python3.8/site-packages/airflow/example_dags/example_task_group.py for tasks to queue
[2024-10-04T08:12:46.593+0100] {logging_mixin.py:190} INFO - [2024-10-04T08:12:46.593+0100] {dagbag.py:588} INFO - Filling up the DagBag from /opt/miniconda3/envs/airflow/lib/python3.8/site-packages/airflow/example_dags/example_task_group.py
[2024-10-04T08:12:46.611+0100] {processor.py:925} INFO - DAG(s) 'example_task_group' retrieved from /opt/miniconda3/envs/airflow/lib/python3.8/site-packages/airflow/example_dags/example_task_group.py
[2024-10-04T08:12:46.644+0100] {logging_mixin.py:190} INFO - [2024-10-04T08:12:46.644+0100] {dag.py:3239} INFO - Sync 1 DAGs
[2024-10-04T08:12:46.648+0100] {logging_mixin.py:190} INFO - [2024-10-04T08:12:46.647+0100] {dag.py:4180} INFO - Setting next_dagrun for example_task_group to None, run_after=None
[2024-10-04T08:12:46.653+0100] {processor.py:208} INFO - Processing /opt/miniconda3/envs/airflow/lib/python3.8/site-packages/airflow/example_dags/example_task_group.py took 0.062 seconds
[2024-10-04T08:39:34.800+0100] {processor.py:186} INFO - Started process (PID=20191) to work on /opt/miniconda3/envs/airflow/lib/python3.8/site-packages/airflow/example_dags/example_task_group.py
[2024-10-04T08:39:34.801+0100] {processor.py:914} INFO - Processing file /opt/miniconda3/envs/airflow/lib/python3.8/site-packages/airflow/example_dags/example_task_group.py for tasks to queue
[2024-10-04T08:39:34.801+0100] {logging_mixin.py:190} INFO - [2024-10-04T08:39:34.801+0100] {dagbag.py:588} INFO - Filling up the DagBag from /opt/miniconda3/envs/airflow/lib/python3.8/site-packages/airflow/example_dags/example_task_group.py
[2024-10-04T08:39:34.819+0100] {processor.py:925} INFO - DAG(s) 'example_task_group' retrieved from /opt/miniconda3/envs/airflow/lib/python3.8/site-packages/airflow/example_dags/example_task_group.py
[2024-10-04T08:39:34.853+0100] {logging_mixin.py:190} INFO - [2024-10-04T08:39:34.852+0100] {dag.py:3239} INFO - Sync 1 DAGs
[2024-10-04T08:39:34.856+0100] {logging_mixin.py:190} INFO - [2024-10-04T08:39:34.856+0100] {dag.py:4180} INFO - Setting next_dagrun for example_task_group to None, run_after=None
[2024-10-04T08:39:34.861+0100] {processor.py:208} INFO - Processing /opt/miniconda3/envs/airflow/lib/python3.8/site-packages/airflow/example_dags/example_task_group.py took 0.063 seconds
[2024-10-04T08:41:26.167+0100] {processor.py:186} INFO - Started process (PID=20347) to work on /opt/miniconda3/envs/airflow/lib/python3.8/site-packages/airflow/example_dags/example_task_group.py
[2024-10-04T08:41:26.167+0100] {processor.py:914} INFO - Processing file /opt/miniconda3/envs/airflow/lib/python3.8/site-packages/airflow/example_dags/example_task_group.py for tasks to queue
[2024-10-04T08:41:26.167+0100] {logging_mixin.py:190} INFO - [2024-10-04T08:41:26.167+0100] {dagbag.py:588} INFO - Filling up the DagBag from /opt/miniconda3/envs/airflow/lib/python3.8/site-packages/airflow/example_dags/example_task_group.py
[2024-10-04T08:41:26.186+0100] {processor.py:925} INFO - DAG(s) 'example_task_group' retrieved from /opt/miniconda3/envs/airflow/lib/python3.8/site-packages/airflow/example_dags/example_task_group.py
[2024-10-04T08:41:26.219+0100] {logging_mixin.py:190} INFO - [2024-10-04T08:41:26.219+0100] {dag.py:3239} INFO - Sync 1 DAGs
[2024-10-04T08:41:26.222+0100] {logging_mixin.py:190} INFO - [2024-10-04T08:41:26.222+0100] {dag.py:4180} INFO - Setting next_dagrun for example_task_group to None, run_after=None
[2024-10-04T08:41:26.228+0100] {processor.py:208} INFO - Processing /opt/miniconda3/envs/airflow/lib/python3.8/site-packages/airflow/example_dags/example_task_group.py took 0.062 seconds
[2024-10-04T09:25:14.206+0100] {processor.py:186} INFO - Started process (PID=20437) to work on /opt/miniconda3/envs/airflow/lib/python3.8/site-packages/airflow/example_dags/example_task_group.py
[2024-10-04T09:25:14.206+0100] {processor.py:914} INFO - Processing file /opt/miniconda3/envs/airflow/lib/python3.8/site-packages/airflow/example_dags/example_task_group.py for tasks to queue
[2024-10-04T09:25:14.207+0100] {logging_mixin.py:190} INFO - [2024-10-04T09:25:14.207+0100] {dagbag.py:588} INFO - Filling up the DagBag from /opt/miniconda3/envs/airflow/lib/python3.8/site-packages/airflow/example_dags/example_task_group.py
[2024-10-04T09:25:14.225+0100] {processor.py:925} INFO - DAG(s) 'example_task_group' retrieved from /opt/miniconda3/envs/airflow/lib/python3.8/site-packages/airflow/example_dags/example_task_group.py
[2024-10-04T09:25:14.259+0100] {logging_mixin.py:190} INFO - [2024-10-04T09:25:14.259+0100] {dag.py:3239} INFO - Sync 1 DAGs
[2024-10-04T09:25:14.262+0100] {logging_mixin.py:190} INFO - [2024-10-04T09:25:14.262+0100] {dag.py:4180} INFO - Setting next_dagrun for example_task_group to None, run_after=None
[2024-10-04T09:25:14.267+0100] {processor.py:208} INFO - Processing /opt/miniconda3/envs/airflow/lib/python3.8/site-packages/airflow/example_dags/example_task_group.py took 0.063 seconds
[2024-10-04T09:42:21.702+0100] {processor.py:186} INFO - Started process (PID=20600) to work on /opt/miniconda3/envs/airflow/lib/python3.8/site-packages/airflow/example_dags/example_task_group.py
[2024-10-04T09:42:21.702+0100] {processor.py:914} INFO - Processing file /opt/miniconda3/envs/airflow/lib/python3.8/site-packages/airflow/example_dags/example_task_group.py for tasks to queue
[2024-10-04T09:42:21.703+0100] {logging_mixin.py:190} INFO - [2024-10-04T09:42:21.703+0100] {dagbag.py:588} INFO - Filling up the DagBag from /opt/miniconda3/envs/airflow/lib/python3.8/site-packages/airflow/example_dags/example_task_group.py
[2024-10-04T09:42:21.721+0100] {processor.py:925} INFO - DAG(s) 'example_task_group' retrieved from /opt/miniconda3/envs/airflow/lib/python3.8/site-packages/airflow/example_dags/example_task_group.py
[2024-10-04T09:42:21.754+0100] {logging_mixin.py:190} INFO - [2024-10-04T09:42:21.754+0100] {dag.py:3239} INFO - Sync 1 DAGs
[2024-10-04T09:42:21.758+0100] {logging_mixin.py:190} INFO - [2024-10-04T09:42:21.758+0100] {dag.py:4180} INFO - Setting next_dagrun for example_task_group to None, run_after=None
[2024-10-04T09:42:21.763+0100] {processor.py:208} INFO - Processing /opt/miniconda3/envs/airflow/lib/python3.8/site-packages/airflow/example_dags/example_task_group.py took 0.063 seconds
[2024-10-04T10:11:07.331+0100] {processor.py:186} INFO - Started process (PID=20749) to work on /opt/miniconda3/envs/airflow/lib/python3.8/site-packages/airflow/example_dags/example_task_group.py
[2024-10-04T10:11:07.331+0100] {processor.py:914} INFO - Processing file /opt/miniconda3/envs/airflow/lib/python3.8/site-packages/airflow/example_dags/example_task_group.py for tasks to queue
[2024-10-04T10:11:07.331+0100] {logging_mixin.py:190} INFO - [2024-10-04T10:11:07.331+0100] {dagbag.py:588} INFO - Filling up the DagBag from /opt/miniconda3/envs/airflow/lib/python3.8/site-packages/airflow/example_dags/example_task_group.py
[2024-10-04T10:11:07.350+0100] {processor.py:925} INFO - DAG(s) 'example_task_group' retrieved from /opt/miniconda3/envs/airflow/lib/python3.8/site-packages/airflow/example_dags/example_task_group.py
[2024-10-04T10:11:07.383+0100] {logging_mixin.py:190} INFO - [2024-10-04T10:11:07.383+0100] {dag.py:3239} INFO - Sync 1 DAGs
[2024-10-04T10:11:07.386+0100] {logging_mixin.py:190} INFO - [2024-10-04T10:11:07.386+0100] {dag.py:4180} INFO - Setting next_dagrun for example_task_group to None, run_after=None
[2024-10-04T10:11:07.391+0100] {processor.py:208} INFO - Processing /opt/miniconda3/envs/airflow/lib/python3.8/site-packages/airflow/example_dags/example_task_group.py took 0.062 seconds
[2024-10-04T10:20:11.840+0100] {processor.py:186} INFO - Started process (PID=20857) to work on /opt/miniconda3/envs/airflow/lib/python3.8/site-packages/airflow/example_dags/example_task_group.py
[2024-10-04T10:20:11.841+0100] {processor.py:914} INFO - Processing file /opt/miniconda3/envs/airflow/lib/python3.8/site-packages/airflow/example_dags/example_task_group.py for tasks to queue
[2024-10-04T10:20:11.841+0100] {logging_mixin.py:190} INFO - [2024-10-04T10:20:11.841+0100] {dagbag.py:588} INFO - Filling up the DagBag from /opt/miniconda3/envs/airflow/lib/python3.8/site-packages/airflow/example_dags/example_task_group.py
[2024-10-04T10:20:11.861+0100] {processor.py:925} INFO - DAG(s) 'example_task_group' retrieved from /opt/miniconda3/envs/airflow/lib/python3.8/site-packages/airflow/example_dags/example_task_group.py
[2024-10-04T10:20:11.894+0100] {logging_mixin.py:190} INFO - [2024-10-04T10:20:11.894+0100] {dag.py:3239} INFO - Sync 1 DAGs
[2024-10-04T10:20:11.898+0100] {logging_mixin.py:190} INFO - [2024-10-04T10:20:11.897+0100] {dag.py:4180} INFO - Setting next_dagrun for example_task_group to None, run_after=None
[2024-10-04T10:20:11.903+0100] {processor.py:208} INFO - Processing /opt/miniconda3/envs/airflow/lib/python3.8/site-packages/airflow/example_dags/example_task_group.py took 0.065 seconds
[2024-10-04T10:21:17.398+0100] {processor.py:186} INFO - Started process (PID=20950) to work on /opt/miniconda3/envs/airflow/lib/python3.8/site-packages/airflow/example_dags/example_task_group.py
[2024-10-04T10:21:17.398+0100] {processor.py:914} INFO - Processing file /opt/miniconda3/envs/airflow/lib/python3.8/site-packages/airflow/example_dags/example_task_group.py for tasks to queue
[2024-10-04T10:21:17.398+0100] {logging_mixin.py:190} INFO - [2024-10-04T10:21:17.398+0100] {dagbag.py:588} INFO - Filling up the DagBag from /opt/miniconda3/envs/airflow/lib/python3.8/site-packages/airflow/example_dags/example_task_group.py
[2024-10-04T10:21:17.418+0100] {processor.py:925} INFO - DAG(s) 'example_task_group' retrieved from /opt/miniconda3/envs/airflow/lib/python3.8/site-packages/airflow/example_dags/example_task_group.py
[2024-10-04T10:21:17.451+0100] {logging_mixin.py:190} INFO - [2024-10-04T10:21:17.451+0100] {dag.py:3239} INFO - Sync 1 DAGs
[2024-10-04T10:21:17.455+0100] {logging_mixin.py:190} INFO - [2024-10-04T10:21:17.454+0100] {dag.py:4180} INFO - Setting next_dagrun for example_task_group to None, run_after=None
[2024-10-04T10:21:17.460+0100] {processor.py:208} INFO - Processing /opt/miniconda3/envs/airflow/lib/python3.8/site-packages/airflow/example_dags/example_task_group.py took 0.064 seconds
[2024-10-04T10:22:18.952+0100] {processor.py:186} INFO - Started process (PID=21029) to work on /opt/miniconda3/envs/airflow/lib/python3.8/site-packages/airflow/example_dags/example_task_group.py
[2024-10-04T10:22:18.952+0100] {processor.py:914} INFO - Processing file /opt/miniconda3/envs/airflow/lib/python3.8/site-packages/airflow/example_dags/example_task_group.py for tasks to queue
[2024-10-04T10:22:18.953+0100] {logging_mixin.py:190} INFO - [2024-10-04T10:22:18.953+0100] {dagbag.py:588} INFO - Filling up the DagBag from /opt/miniconda3/envs/airflow/lib/python3.8/site-packages/airflow/example_dags/example_task_group.py
[2024-10-04T10:22:18.972+0100] {processor.py:925} INFO - DAG(s) 'example_task_group' retrieved from /opt/miniconda3/envs/airflow/lib/python3.8/site-packages/airflow/example_dags/example_task_group.py
[2024-10-04T10:22:19.006+0100] {logging_mixin.py:190} INFO - [2024-10-04T10:22:19.006+0100] {dag.py:3239} INFO - Sync 1 DAGs
[2024-10-04T10:22:19.009+0100] {logging_mixin.py:190} INFO - [2024-10-04T10:22:19.009+0100] {dag.py:4180} INFO - Setting next_dagrun for example_task_group to None, run_after=None
[2024-10-04T10:22:19.015+0100] {processor.py:208} INFO - Processing /opt/miniconda3/envs/airflow/lib/python3.8/site-packages/airflow/example_dags/example_task_group.py took 0.064 seconds
[2024-10-04T10:24:36.976+0100] {processor.py:186} INFO - Started process (PID=21128) to work on /opt/miniconda3/envs/airflow/lib/python3.8/site-packages/airflow/example_dags/example_task_group.py
[2024-10-04T10:24:36.977+0100] {processor.py:914} INFO - Processing file /opt/miniconda3/envs/airflow/lib/python3.8/site-packages/airflow/example_dags/example_task_group.py for tasks to queue
[2024-10-04T10:24:36.977+0100] {logging_mixin.py:190} INFO - [2024-10-04T10:24:36.977+0100] {dagbag.py:588} INFO - Filling up the DagBag from /opt/miniconda3/envs/airflow/lib/python3.8/site-packages/airflow/example_dags/example_task_group.py
[2024-10-04T10:24:36.998+0100] {processor.py:925} INFO - DAG(s) 'example_task_group' retrieved from /opt/miniconda3/envs/airflow/lib/python3.8/site-packages/airflow/example_dags/example_task_group.py
[2024-10-04T10:24:37.031+0100] {logging_mixin.py:190} INFO - [2024-10-04T10:24:37.031+0100] {dag.py:3239} INFO - Sync 1 DAGs
[2024-10-04T10:24:37.034+0100] {logging_mixin.py:190} INFO - [2024-10-04T10:24:37.034+0100] {dag.py:4180} INFO - Setting next_dagrun for example_task_group to None, run_after=None
[2024-10-04T10:24:37.039+0100] {processor.py:208} INFO - Processing /opt/miniconda3/envs/airflow/lib/python3.8/site-packages/airflow/example_dags/example_task_group.py took 0.065 seconds
[2024-10-04T10:25:36.093+0100] {processor.py:186} INFO - Started process (PID=21203) to work on /opt/miniconda3/envs/airflow/lib/python3.8/site-packages/airflow/example_dags/example_task_group.py
[2024-10-04T10:25:36.093+0100] {processor.py:914} INFO - Processing file /opt/miniconda3/envs/airflow/lib/python3.8/site-packages/airflow/example_dags/example_task_group.py for tasks to queue
[2024-10-04T10:25:36.093+0100] {logging_mixin.py:190} INFO - [2024-10-04T10:25:36.093+0100] {dagbag.py:588} INFO - Filling up the DagBag from /opt/miniconda3/envs/airflow/lib/python3.8/site-packages/airflow/example_dags/example_task_group.py
[2024-10-04T10:25:36.113+0100] {processor.py:925} INFO - DAG(s) 'example_task_group' retrieved from /opt/miniconda3/envs/airflow/lib/python3.8/site-packages/airflow/example_dags/example_task_group.py
[2024-10-04T10:25:36.146+0100] {logging_mixin.py:190} INFO - [2024-10-04T10:25:36.146+0100] {dag.py:3239} INFO - Sync 1 DAGs
[2024-10-04T10:25:36.149+0100] {logging_mixin.py:190} INFO - [2024-10-04T10:25:36.149+0100] {dag.py:4180} INFO - Setting next_dagrun for example_task_group to None, run_after=None
[2024-10-04T10:25:36.155+0100] {processor.py:208} INFO - Processing /opt/miniconda3/envs/airflow/lib/python3.8/site-packages/airflow/example_dags/example_task_group.py took 0.064 seconds
[2024-10-04T10:26:35.126+0100] {processor.py:186} INFO - Started process (PID=21281) to work on /opt/miniconda3/envs/airflow/lib/python3.8/site-packages/airflow/example_dags/example_task_group.py
[2024-10-04T10:26:35.126+0100] {processor.py:914} INFO - Processing file /opt/miniconda3/envs/airflow/lib/python3.8/site-packages/airflow/example_dags/example_task_group.py for tasks to queue
[2024-10-04T10:26:35.127+0100] {logging_mixin.py:190} INFO - [2024-10-04T10:26:35.127+0100] {dagbag.py:588} INFO - Filling up the DagBag from /opt/miniconda3/envs/airflow/lib/python3.8/site-packages/airflow/example_dags/example_task_group.py
[2024-10-04T10:26:35.146+0100] {processor.py:925} INFO - DAG(s) 'example_task_group' retrieved from /opt/miniconda3/envs/airflow/lib/python3.8/site-packages/airflow/example_dags/example_task_group.py
[2024-10-04T10:26:35.180+0100] {logging_mixin.py:190} INFO - [2024-10-04T10:26:35.180+0100] {dag.py:3239} INFO - Sync 1 DAGs
[2024-10-04T10:26:35.184+0100] {logging_mixin.py:190} INFO - [2024-10-04T10:26:35.183+0100] {dag.py:4180} INFO - Setting next_dagrun for example_task_group to None, run_after=None
[2024-10-04T10:26:35.189+0100] {processor.py:208} INFO - Processing /opt/miniconda3/envs/airflow/lib/python3.8/site-packages/airflow/example_dags/example_task_group.py took 0.065 seconds
[2024-10-04T10:27:31.914+0100] {processor.py:186} INFO - Started process (PID=21356) to work on /opt/miniconda3/envs/airflow/lib/python3.8/site-packages/airflow/example_dags/example_task_group.py
[2024-10-04T10:27:31.915+0100] {processor.py:914} INFO - Processing file /opt/miniconda3/envs/airflow/lib/python3.8/site-packages/airflow/example_dags/example_task_group.py for tasks to queue
[2024-10-04T10:27:31.916+0100] {logging_mixin.py:190} INFO - [2024-10-04T10:27:31.916+0100] {dagbag.py:588} INFO - Filling up the DagBag from /opt/miniconda3/envs/airflow/lib/python3.8/site-packages/airflow/example_dags/example_task_group.py
[2024-10-04T10:27:31.935+0100] {processor.py:925} INFO - DAG(s) 'example_task_group' retrieved from /opt/miniconda3/envs/airflow/lib/python3.8/site-packages/airflow/example_dags/example_task_group.py
[2024-10-04T10:27:31.968+0100] {logging_mixin.py:190} INFO - [2024-10-04T10:27:31.968+0100] {dag.py:3239} INFO - Sync 1 DAGs
[2024-10-04T10:27:31.971+0100] {logging_mixin.py:190} INFO - [2024-10-04T10:27:31.971+0100] {dag.py:4180} INFO - Setting next_dagrun for example_task_group to None, run_after=None
[2024-10-04T10:27:31.977+0100] {processor.py:208} INFO - Processing /opt/miniconda3/envs/airflow/lib/python3.8/site-packages/airflow/example_dags/example_task_group.py took 0.064 seconds
[2024-10-04T10:28:29.550+0100] {processor.py:186} INFO - Started process (PID=21437) to work on /opt/miniconda3/envs/airflow/lib/python3.8/site-packages/airflow/example_dags/example_task_group.py
[2024-10-04T10:28:29.550+0100] {processor.py:914} INFO - Processing file /opt/miniconda3/envs/airflow/lib/python3.8/site-packages/airflow/example_dags/example_task_group.py for tasks to queue
[2024-10-04T10:28:29.551+0100] {logging_mixin.py:190} INFO - [2024-10-04T10:28:29.550+0100] {dagbag.py:588} INFO - Filling up the DagBag from /opt/miniconda3/envs/airflow/lib/python3.8/site-packages/airflow/example_dags/example_task_group.py
[2024-10-04T10:28:29.574+0100] {processor.py:925} INFO - DAG(s) 'example_task_group' retrieved from /opt/miniconda3/envs/airflow/lib/python3.8/site-packages/airflow/example_dags/example_task_group.py
[2024-10-04T10:28:29.609+0100] {logging_mixin.py:190} INFO - [2024-10-04T10:28:29.609+0100] {dag.py:3239} INFO - Sync 1 DAGs
[2024-10-04T10:28:29.613+0100] {logging_mixin.py:190} INFO - [2024-10-04T10:28:29.613+0100] {dag.py:4180} INFO - Setting next_dagrun for example_task_group to None, run_after=None
[2024-10-04T10:28:29.619+0100] {processor.py:208} INFO - Processing /opt/miniconda3/envs/airflow/lib/python3.8/site-packages/airflow/example_dags/example_task_group.py took 0.071 seconds
[2024-10-04T10:29:27.228+0100] {processor.py:186} INFO - Started process (PID=21540) to work on /opt/miniconda3/envs/airflow/lib/python3.8/site-packages/airflow/example_dags/example_task_group.py
[2024-10-04T10:29:27.229+0100] {processor.py:914} INFO - Processing file /opt/miniconda3/envs/airflow/lib/python3.8/site-packages/airflow/example_dags/example_task_group.py for tasks to queue
[2024-10-04T10:29:27.230+0100] {logging_mixin.py:190} INFO - [2024-10-04T10:29:27.230+0100] {dagbag.py:588} INFO - Filling up the DagBag from /opt/miniconda3/envs/airflow/lib/python3.8/site-packages/airflow/example_dags/example_task_group.py
[2024-10-04T10:29:27.249+0100] {processor.py:925} INFO - DAG(s) 'example_task_group' retrieved from /opt/miniconda3/envs/airflow/lib/python3.8/site-packages/airflow/example_dags/example_task_group.py
[2024-10-04T10:29:27.282+0100] {logging_mixin.py:190} INFO - [2024-10-04T10:29:27.282+0100] {dag.py:3239} INFO - Sync 1 DAGs
[2024-10-04T10:29:27.285+0100] {logging_mixin.py:190} INFO - [2024-10-04T10:29:27.285+0100] {dag.py:4180} INFO - Setting next_dagrun for example_task_group to None, run_after=None
[2024-10-04T10:29:27.291+0100] {processor.py:208} INFO - Processing /opt/miniconda3/envs/airflow/lib/python3.8/site-packages/airflow/example_dags/example_task_group.py took 0.064 seconds
[2024-10-04T10:31:19.462+0100] {processor.py:186} INFO - Started process (PID=21701) to work on /opt/miniconda3/envs/airflow/lib/python3.8/site-packages/airflow/example_dags/example_task_group.py
[2024-10-04T10:31:19.462+0100] {processor.py:914} INFO - Processing file /opt/miniconda3/envs/airflow/lib/python3.8/site-packages/airflow/example_dags/example_task_group.py for tasks to queue
[2024-10-04T10:31:19.462+0100] {logging_mixin.py:190} INFO - [2024-10-04T10:31:19.462+0100] {dagbag.py:588} INFO - Filling up the DagBag from /opt/miniconda3/envs/airflow/lib/python3.8/site-packages/airflow/example_dags/example_task_group.py
[2024-10-04T10:31:19.482+0100] {processor.py:925} INFO - DAG(s) 'example_task_group' retrieved from /opt/miniconda3/envs/airflow/lib/python3.8/site-packages/airflow/example_dags/example_task_group.py
[2024-10-04T10:31:19.515+0100] {logging_mixin.py:190} INFO - [2024-10-04T10:31:19.515+0100] {dag.py:3239} INFO - Sync 1 DAGs
[2024-10-04T10:31:19.518+0100] {logging_mixin.py:190} INFO - [2024-10-04T10:31:19.518+0100] {dag.py:4180} INFO - Setting next_dagrun for example_task_group to None, run_after=None
[2024-10-04T10:31:19.524+0100] {processor.py:208} INFO - Processing /opt/miniconda3/envs/airflow/lib/python3.8/site-packages/airflow/example_dags/example_task_group.py took 0.063 seconds
[2024-10-04T10:32:20.647+0100] {processor.py:186} INFO - Started process (PID=21794) to work on /opt/miniconda3/envs/airflow/lib/python3.8/site-packages/airflow/example_dags/example_task_group.py
[2024-10-04T10:32:20.647+0100] {processor.py:914} INFO - Processing file /opt/miniconda3/envs/airflow/lib/python3.8/site-packages/airflow/example_dags/example_task_group.py for tasks to queue
[2024-10-04T10:32:20.647+0100] {logging_mixin.py:190} INFO - [2024-10-04T10:32:20.647+0100] {dagbag.py:588} INFO - Filling up the DagBag from /opt/miniconda3/envs/airflow/lib/python3.8/site-packages/airflow/example_dags/example_task_group.py
[2024-10-04T10:32:20.667+0100] {processor.py:925} INFO - DAG(s) 'example_task_group' retrieved from /opt/miniconda3/envs/airflow/lib/python3.8/site-packages/airflow/example_dags/example_task_group.py
[2024-10-04T10:32:20.701+0100] {logging_mixin.py:190} INFO - [2024-10-04T10:32:20.701+0100] {dag.py:3239} INFO - Sync 1 DAGs
[2024-10-04T10:32:20.704+0100] {logging_mixin.py:190} INFO - [2024-10-04T10:32:20.704+0100] {dag.py:4180} INFO - Setting next_dagrun for example_task_group to None, run_after=None
[2024-10-04T10:32:20.710+0100] {processor.py:208} INFO - Processing /opt/miniconda3/envs/airflow/lib/python3.8/site-packages/airflow/example_dags/example_task_group.py took 0.065 seconds
[2024-10-04T10:33:23.332+0100] {processor.py:186} INFO - Started process (PID=21882) to work on /opt/miniconda3/envs/airflow/lib/python3.8/site-packages/airflow/example_dags/example_task_group.py
[2024-10-04T10:33:23.333+0100] {processor.py:914} INFO - Processing file /opt/miniconda3/envs/airflow/lib/python3.8/site-packages/airflow/example_dags/example_task_group.py for tasks to queue
[2024-10-04T10:33:23.333+0100] {logging_mixin.py:190} INFO - [2024-10-04T10:33:23.333+0100] {dagbag.py:588} INFO - Filling up the DagBag from /opt/miniconda3/envs/airflow/lib/python3.8/site-packages/airflow/example_dags/example_task_group.py
[2024-10-04T10:33:23.352+0100] {processor.py:925} INFO - DAG(s) 'example_task_group' retrieved from /opt/miniconda3/envs/airflow/lib/python3.8/site-packages/airflow/example_dags/example_task_group.py
[2024-10-04T10:33:23.387+0100] {logging_mixin.py:190} INFO - [2024-10-04T10:33:23.386+0100] {dag.py:3239} INFO - Sync 1 DAGs
[2024-10-04T10:33:23.390+0100] {logging_mixin.py:190} INFO - [2024-10-04T10:33:23.390+0100] {dag.py:4180} INFO - Setting next_dagrun for example_task_group to None, run_after=None
[2024-10-04T10:33:23.396+0100] {processor.py:208} INFO - Processing /opt/miniconda3/envs/airflow/lib/python3.8/site-packages/airflow/example_dags/example_task_group.py took 0.065 seconds
[2024-10-04T10:34:26.935+0100] {processor.py:186} INFO - Started process (PID=21960) to work on /opt/miniconda3/envs/airflow/lib/python3.8/site-packages/airflow/example_dags/example_task_group.py
[2024-10-04T10:34:26.936+0100] {processor.py:914} INFO - Processing file /opt/miniconda3/envs/airflow/lib/python3.8/site-packages/airflow/example_dags/example_task_group.py for tasks to queue
[2024-10-04T10:34:26.936+0100] {logging_mixin.py:190} INFO - [2024-10-04T10:34:26.936+0100] {dagbag.py:588} INFO - Filling up the DagBag from /opt/miniconda3/envs/airflow/lib/python3.8/site-packages/airflow/example_dags/example_task_group.py
[2024-10-04T10:34:26.955+0100] {processor.py:925} INFO - DAG(s) 'example_task_group' retrieved from /opt/miniconda3/envs/airflow/lib/python3.8/site-packages/airflow/example_dags/example_task_group.py
[2024-10-04T10:34:26.988+0100] {logging_mixin.py:190} INFO - [2024-10-04T10:34:26.988+0100] {dag.py:3239} INFO - Sync 1 DAGs
[2024-10-04T10:34:26.991+0100] {logging_mixin.py:190} INFO - [2024-10-04T10:34:26.991+0100] {dag.py:4180} INFO - Setting next_dagrun for example_task_group to None, run_after=None
[2024-10-04T10:34:26.997+0100] {processor.py:208} INFO - Processing /opt/miniconda3/envs/airflow/lib/python3.8/site-packages/airflow/example_dags/example_task_group.py took 0.063 seconds
[2024-10-04T10:35:34.386+0100] {processor.py:186} INFO - Started process (PID=22051) to work on /opt/miniconda3/envs/airflow/lib/python3.8/site-packages/airflow/example_dags/example_task_group.py
[2024-10-04T10:35:34.386+0100] {processor.py:914} INFO - Processing file /opt/miniconda3/envs/airflow/lib/python3.8/site-packages/airflow/example_dags/example_task_group.py for tasks to queue
[2024-10-04T10:35:34.386+0100] {logging_mixin.py:190} INFO - [2024-10-04T10:35:34.386+0100] {dagbag.py:588} INFO - Filling up the DagBag from /opt/miniconda3/envs/airflow/lib/python3.8/site-packages/airflow/example_dags/example_task_group.py
[2024-10-04T10:35:34.406+0100] {processor.py:925} INFO - DAG(s) 'example_task_group' retrieved from /opt/miniconda3/envs/airflow/lib/python3.8/site-packages/airflow/example_dags/example_task_group.py
[2024-10-04T10:35:34.439+0100] {logging_mixin.py:190} INFO - [2024-10-04T10:35:34.439+0100] {dag.py:3239} INFO - Sync 1 DAGs
[2024-10-04T10:35:34.443+0100] {logging_mixin.py:190} INFO - [2024-10-04T10:35:34.442+0100] {dag.py:4180} INFO - Setting next_dagrun for example_task_group to None, run_after=None
[2024-10-04T10:35:34.448+0100] {processor.py:208} INFO - Processing /opt/miniconda3/envs/airflow/lib/python3.8/site-packages/airflow/example_dags/example_task_group.py took 0.064 seconds
[2024-10-04T10:36:41.243+0100] {processor.py:186} INFO - Started process (PID=22133) to work on /opt/miniconda3/envs/airflow/lib/python3.8/site-packages/airflow/example_dags/example_task_group.py
[2024-10-04T10:36:41.244+0100] {processor.py:914} INFO - Processing file /opt/miniconda3/envs/airflow/lib/python3.8/site-packages/airflow/example_dags/example_task_group.py for tasks to queue
[2024-10-04T10:36:41.244+0100] {logging_mixin.py:190} INFO - [2024-10-04T10:36:41.244+0100] {dagbag.py:588} INFO - Filling up the DagBag from /opt/miniconda3/envs/airflow/lib/python3.8/site-packages/airflow/example_dags/example_task_group.py
[2024-10-04T10:36:41.264+0100] {processor.py:925} INFO - DAG(s) 'example_task_group' retrieved from /opt/miniconda3/envs/airflow/lib/python3.8/site-packages/airflow/example_dags/example_task_group.py
[2024-10-04T10:36:41.297+0100] {logging_mixin.py:190} INFO - [2024-10-04T10:36:41.297+0100] {dag.py:3239} INFO - Sync 1 DAGs
[2024-10-04T10:36:41.301+0100] {logging_mixin.py:190} INFO - [2024-10-04T10:36:41.301+0100] {dag.py:4180} INFO - Setting next_dagrun for example_task_group to None, run_after=None
[2024-10-04T10:36:41.306+0100] {processor.py:208} INFO - Processing /opt/miniconda3/envs/airflow/lib/python3.8/site-packages/airflow/example_dags/example_task_group.py took 0.064 seconds
[2024-10-04T10:37:48.719+0100] {processor.py:186} INFO - Started process (PID=22220) to work on /opt/miniconda3/envs/airflow/lib/python3.8/site-packages/airflow/example_dags/example_task_group.py
[2024-10-04T10:37:48.719+0100] {processor.py:914} INFO - Processing file /opt/miniconda3/envs/airflow/lib/python3.8/site-packages/airflow/example_dags/example_task_group.py for tasks to queue
[2024-10-04T10:37:48.719+0100] {logging_mixin.py:190} INFO - [2024-10-04T10:37:48.719+0100] {dagbag.py:588} INFO - Filling up the DagBag from /opt/miniconda3/envs/airflow/lib/python3.8/site-packages/airflow/example_dags/example_task_group.py
[2024-10-04T10:37:48.739+0100] {processor.py:925} INFO - DAG(s) 'example_task_group' retrieved from /opt/miniconda3/envs/airflow/lib/python3.8/site-packages/airflow/example_dags/example_task_group.py
[2024-10-04T10:37:48.774+0100] {logging_mixin.py:190} INFO - [2024-10-04T10:37:48.774+0100] {dag.py:3239} INFO - Sync 1 DAGs
[2024-10-04T10:37:48.777+0100] {logging_mixin.py:190} INFO - [2024-10-04T10:37:48.777+0100] {dag.py:4180} INFO - Setting next_dagrun for example_task_group to None, run_after=None
[2024-10-04T10:37:48.783+0100] {processor.py:208} INFO - Processing /opt/miniconda3/envs/airflow/lib/python3.8/site-packages/airflow/example_dags/example_task_group.py took 0.066 seconds
