[2024-10-04T01:54:48.525+0100] {processor.py:186} INFO - Started process (PID=17378) to work on /opt/miniconda3/envs/airflow/lib/python3.8/site-packages/airflow/example_dags/example_task_group_decorator.py
[2024-10-04T01:54:48.526+0100] {processor.py:914} INFO - Processing file /opt/miniconda3/envs/airflow/lib/python3.8/site-packages/airflow/example_dags/example_task_group_decorator.py for tasks to queue
[2024-10-04T01:54:48.526+0100] {logging_mixin.py:190} INFO - [2024-10-04T01:54:48.526+0100] {dagbag.py:588} INFO - Filling up the DagBag from /opt/miniconda3/envs/airflow/lib/python3.8/site-packages/airflow/example_dags/example_task_group_decorator.py
[2024-10-04T01:54:48.555+0100] {processor.py:925} INFO - DAG(s) 'example_task_group_decorator' retrieved from /opt/miniconda3/envs/airflow/lib/python3.8/site-packages/airflow/example_dags/example_task_group_decorator.py
[2024-10-04T01:54:48.590+0100] {logging_mixin.py:190} INFO - [2024-10-04T01:54:48.590+0100] {dag.py:3239} INFO - Sync 1 DAGs
[2024-10-04T01:54:48.593+0100] {logging_mixin.py:190} INFO - [2024-10-04T01:54:48.593+0100] {dag.py:4180} INFO - Setting next_dagrun for example_task_group_decorator to None, run_after=None
[2024-10-04T01:54:48.599+0100] {processor.py:208} INFO - Processing /opt/miniconda3/envs/airflow/lib/python3.8/site-packages/airflow/example_dags/example_task_group_decorator.py took 0.075 seconds
[2024-10-04T01:56:18.038+0100] {processor.py:186} INFO - Started process (PID=17496) to work on /opt/miniconda3/envs/airflow/lib/python3.8/site-packages/airflow/example_dags/example_task_group_decorator.py
[2024-10-04T01:56:18.038+0100] {processor.py:914} INFO - Processing file /opt/miniconda3/envs/airflow/lib/python3.8/site-packages/airflow/example_dags/example_task_group_decorator.py for tasks to queue
[2024-10-04T01:56:18.038+0100] {logging_mixin.py:190} INFO - [2024-10-04T01:56:18.038+0100] {dagbag.py:588} INFO - Filling up the DagBag from /opt/miniconda3/envs/airflow/lib/python3.8/site-packages/airflow/example_dags/example_task_group_decorator.py
[2024-10-04T01:56:18.067+0100] {processor.py:925} INFO - DAG(s) 'example_task_group_decorator' retrieved from /opt/miniconda3/envs/airflow/lib/python3.8/site-packages/airflow/example_dags/example_task_group_decorator.py
[2024-10-04T01:56:18.101+0100] {logging_mixin.py:190} INFO - [2024-10-04T01:56:18.101+0100] {dag.py:3239} INFO - Sync 1 DAGs
[2024-10-04T01:56:18.105+0100] {logging_mixin.py:190} INFO - [2024-10-04T01:56:18.105+0100] {dag.py:4180} INFO - Setting next_dagrun for example_task_group_decorator to None, run_after=None
[2024-10-04T01:56:18.110+0100] {processor.py:208} INFO - Processing /opt/miniconda3/envs/airflow/lib/python3.8/site-packages/airflow/example_dags/example_task_group_decorator.py took 0.074 seconds
[2024-10-04T01:57:23.316+0100] {processor.py:186} INFO - Started process (PID=17576) to work on /opt/miniconda3/envs/airflow/lib/python3.8/site-packages/airflow/example_dags/example_task_group_decorator.py
[2024-10-04T01:57:23.316+0100] {processor.py:914} INFO - Processing file /opt/miniconda3/envs/airflow/lib/python3.8/site-packages/airflow/example_dags/example_task_group_decorator.py for tasks to queue
[2024-10-04T01:57:23.316+0100] {logging_mixin.py:190} INFO - [2024-10-04T01:57:23.316+0100] {dagbag.py:588} INFO - Filling up the DagBag from /opt/miniconda3/envs/airflow/lib/python3.8/site-packages/airflow/example_dags/example_task_group_decorator.py
[2024-10-04T01:57:23.345+0100] {processor.py:925} INFO - DAG(s) 'example_task_group_decorator' retrieved from /opt/miniconda3/envs/airflow/lib/python3.8/site-packages/airflow/example_dags/example_task_group_decorator.py
[2024-10-04T01:57:23.379+0100] {logging_mixin.py:190} INFO - [2024-10-04T01:57:23.378+0100] {dag.py:3239} INFO - Sync 1 DAGs
[2024-10-04T01:57:23.382+0100] {logging_mixin.py:190} INFO - [2024-10-04T01:57:23.382+0100] {dag.py:4180} INFO - Setting next_dagrun for example_task_group_decorator to None, run_after=None
[2024-10-04T01:57:23.388+0100] {processor.py:208} INFO - Processing /opt/miniconda3/envs/airflow/lib/python3.8/site-packages/airflow/example_dags/example_task_group_decorator.py took 0.074 seconds
[2024-10-04T03:50:24.430+0100] {processor.py:186} INFO - Started process (PID=17681) to work on /opt/miniconda3/envs/airflow/lib/python3.8/site-packages/airflow/example_dags/example_task_group_decorator.py
[2024-10-04T03:50:24.430+0100] {processor.py:914} INFO - Processing file /opt/miniconda3/envs/airflow/lib/python3.8/site-packages/airflow/example_dags/example_task_group_decorator.py for tasks to queue
[2024-10-04T03:50:24.431+0100] {logging_mixin.py:190} INFO - [2024-10-04T03:50:24.431+0100] {dagbag.py:588} INFO - Filling up the DagBag from /opt/miniconda3/envs/airflow/lib/python3.8/site-packages/airflow/example_dags/example_task_group_decorator.py
[2024-10-04T03:50:24.460+0100] {processor.py:925} INFO - DAG(s) 'example_task_group_decorator' retrieved from /opt/miniconda3/envs/airflow/lib/python3.8/site-packages/airflow/example_dags/example_task_group_decorator.py
[2024-10-04T03:50:24.493+0100] {logging_mixin.py:190} INFO - [2024-10-04T03:50:24.493+0100] {dag.py:3239} INFO - Sync 1 DAGs
[2024-10-04T03:50:24.497+0100] {logging_mixin.py:190} INFO - [2024-10-04T03:50:24.497+0100] {dag.py:4180} INFO - Setting next_dagrun for example_task_group_decorator to None, run_after=None
[2024-10-04T03:50:24.503+0100] {processor.py:208} INFO - Processing /opt/miniconda3/envs/airflow/lib/python3.8/site-packages/airflow/example_dags/example_task_group_decorator.py took 0.074 seconds
[2024-10-04T03:51:58.725+0100] {processor.py:186} INFO - Started process (PID=17805) to work on /opt/miniconda3/envs/airflow/lib/python3.8/site-packages/airflow/example_dags/example_task_group_decorator.py
[2024-10-04T03:51:58.726+0100] {processor.py:914} INFO - Processing file /opt/miniconda3/envs/airflow/lib/python3.8/site-packages/airflow/example_dags/example_task_group_decorator.py for tasks to queue
[2024-10-04T03:51:58.726+0100] {logging_mixin.py:190} INFO - [2024-10-04T03:51:58.726+0100] {dagbag.py:588} INFO - Filling up the DagBag from /opt/miniconda3/envs/airflow/lib/python3.8/site-packages/airflow/example_dags/example_task_group_decorator.py
[2024-10-04T03:51:58.755+0100] {processor.py:925} INFO - DAG(s) 'example_task_group_decorator' retrieved from /opt/miniconda3/envs/airflow/lib/python3.8/site-packages/airflow/example_dags/example_task_group_decorator.py
[2024-10-04T03:51:58.789+0100] {logging_mixin.py:190} INFO - [2024-10-04T03:51:58.789+0100] {dag.py:3239} INFO - Sync 1 DAGs
[2024-10-04T03:51:58.793+0100] {logging_mixin.py:190} INFO - [2024-10-04T03:51:58.793+0100] {dag.py:4180} INFO - Setting next_dagrun for example_task_group_decorator to None, run_after=None
[2024-10-04T03:51:58.798+0100] {processor.py:208} INFO - Processing /opt/miniconda3/envs/airflow/lib/python3.8/site-packages/airflow/example_dags/example_task_group_decorator.py took 0.075 seconds
[2024-10-04T03:53:02.194+0100] {processor.py:186} INFO - Started process (PID=17894) to work on /opt/miniconda3/envs/airflow/lib/python3.8/site-packages/airflow/example_dags/example_task_group_decorator.py
[2024-10-04T03:53:02.194+0100] {processor.py:914} INFO - Processing file /opt/miniconda3/envs/airflow/lib/python3.8/site-packages/airflow/example_dags/example_task_group_decorator.py for tasks to queue
[2024-10-04T03:53:02.194+0100] {logging_mixin.py:190} INFO - [2024-10-04T03:53:02.194+0100] {dagbag.py:588} INFO - Filling up the DagBag from /opt/miniconda3/envs/airflow/lib/python3.8/site-packages/airflow/example_dags/example_task_group_decorator.py
[2024-10-04T03:53:02.223+0100] {processor.py:925} INFO - DAG(s) 'example_task_group_decorator' retrieved from /opt/miniconda3/envs/airflow/lib/python3.8/site-packages/airflow/example_dags/example_task_group_decorator.py
[2024-10-04T03:53:02.257+0100] {logging_mixin.py:190} INFO - [2024-10-04T03:53:02.257+0100] {dag.py:3239} INFO - Sync 1 DAGs
[2024-10-04T03:53:02.261+0100] {logging_mixin.py:190} INFO - [2024-10-04T03:53:02.261+0100] {dag.py:4180} INFO - Setting next_dagrun for example_task_group_decorator to None, run_after=None
[2024-10-04T03:53:02.266+0100] {processor.py:208} INFO - Processing /opt/miniconda3/envs/airflow/lib/python3.8/site-packages/airflow/example_dags/example_task_group_decorator.py took 0.074 seconds
[2024-10-04T05:58:25.967+0100] {processor.py:186} INFO - Started process (PID=18004) to work on /opt/miniconda3/envs/airflow/lib/python3.8/site-packages/airflow/example_dags/example_task_group_decorator.py
[2024-10-04T05:58:25.968+0100] {processor.py:914} INFO - Processing file /opt/miniconda3/envs/airflow/lib/python3.8/site-packages/airflow/example_dags/example_task_group_decorator.py for tasks to queue
[2024-10-04T05:58:25.969+0100] {logging_mixin.py:190} INFO - [2024-10-04T05:58:25.969+0100] {dagbag.py:588} INFO - Filling up the DagBag from /opt/miniconda3/envs/airflow/lib/python3.8/site-packages/airflow/example_dags/example_task_group_decorator.py
[2024-10-04T05:58:25.998+0100] {processor.py:925} INFO - DAG(s) 'example_task_group_decorator' retrieved from /opt/miniconda3/envs/airflow/lib/python3.8/site-packages/airflow/example_dags/example_task_group_decorator.py
[2024-10-04T05:58:26.031+0100] {logging_mixin.py:190} INFO - [2024-10-04T05:58:26.031+0100] {dag.py:3239} INFO - Sync 1 DAGs
[2024-10-04T05:58:26.035+0100] {logging_mixin.py:190} INFO - [2024-10-04T05:58:26.035+0100] {dag.py:4180} INFO - Setting next_dagrun for example_task_group_decorator to None, run_after=None
[2024-10-04T05:58:26.041+0100] {processor.py:208} INFO - Processing /opt/miniconda3/envs/airflow/lib/python3.8/site-packages/airflow/example_dags/example_task_group_decorator.py took 0.075 seconds
[2024-10-04T06:15:02.633+0100] {processor.py:186} INFO - Started process (PID=18125) to work on /opt/miniconda3/envs/airflow/lib/python3.8/site-packages/airflow/example_dags/example_task_group_decorator.py
[2024-10-04T06:15:02.635+0100] {processor.py:914} INFO - Processing file /opt/miniconda3/envs/airflow/lib/python3.8/site-packages/airflow/example_dags/example_task_group_decorator.py for tasks to queue
[2024-10-04T06:15:02.635+0100] {logging_mixin.py:190} INFO - [2024-10-04T06:15:02.635+0100] {dagbag.py:588} INFO - Filling up the DagBag from /opt/miniconda3/envs/airflow/lib/python3.8/site-packages/airflow/example_dags/example_task_group_decorator.py
[2024-10-04T06:15:02.664+0100] {processor.py:925} INFO - DAG(s) 'example_task_group_decorator' retrieved from /opt/miniconda3/envs/airflow/lib/python3.8/site-packages/airflow/example_dags/example_task_group_decorator.py
[2024-10-04T06:15:02.697+0100] {logging_mixin.py:190} INFO - [2024-10-04T06:15:02.697+0100] {dag.py:3239} INFO - Sync 1 DAGs
[2024-10-04T06:15:02.701+0100] {logging_mixin.py:190} INFO - [2024-10-04T06:15:02.701+0100] {dag.py:4180} INFO - Setting next_dagrun for example_task_group_decorator to None, run_after=None
[2024-10-04T06:15:02.707+0100] {processor.py:208} INFO - Processing /opt/miniconda3/envs/airflow/lib/python3.8/site-packages/airflow/example_dags/example_task_group_decorator.py took 0.075 seconds
[2024-10-04T06:15:57.849+0100] {processor.py:186} INFO - Started process (PID=19855) to work on /opt/miniconda3/envs/airflow/lib/python3.8/site-packages/airflow/example_dags/example_task_group_decorator.py
[2024-10-04T06:15:57.851+0100] {processor.py:914} INFO - Processing file /opt/miniconda3/envs/airflow/lib/python3.8/site-packages/airflow/example_dags/example_task_group_decorator.py for tasks to queue
[2024-10-04T06:15:57.851+0100] {logging_mixin.py:190} INFO - [2024-10-04T06:15:57.851+0100] {dagbag.py:588} INFO - Filling up the DagBag from /opt/miniconda3/envs/airflow/lib/python3.8/site-packages/airflow/example_dags/example_task_group_decorator.py
[2024-10-04T06:15:57.880+0100] {processor.py:925} INFO - DAG(s) 'example_task_group_decorator' retrieved from /opt/miniconda3/envs/airflow/lib/python3.8/site-packages/airflow/example_dags/example_task_group_decorator.py
[2024-10-04T06:15:57.913+0100] {logging_mixin.py:190} INFO - [2024-10-04T06:15:57.913+0100] {dag.py:3239} INFO - Sync 1 DAGs
[2024-10-04T06:15:57.917+0100] {logging_mixin.py:190} INFO - [2024-10-04T06:15:57.917+0100] {dag.py:4180} INFO - Setting next_dagrun for example_task_group_decorator to None, run_after=None
[2024-10-04T06:15:57.922+0100] {processor.py:208} INFO - Processing /opt/miniconda3/envs/airflow/lib/python3.8/site-packages/airflow/example_dags/example_task_group_decorator.py took 0.075 seconds
[2024-10-04T06:58:59.328+0100] {processor.py:186} INFO - Started process (PID=19957) to work on /opt/miniconda3/envs/airflow/lib/python3.8/site-packages/airflow/example_dags/example_task_group_decorator.py
[2024-10-04T06:58:59.328+0100] {processor.py:914} INFO - Processing file /opt/miniconda3/envs/airflow/lib/python3.8/site-packages/airflow/example_dags/example_task_group_decorator.py for tasks to queue
[2024-10-04T06:58:59.328+0100] {logging_mixin.py:190} INFO - [2024-10-04T06:58:59.328+0100] {dagbag.py:588} INFO - Filling up the DagBag from /opt/miniconda3/envs/airflow/lib/python3.8/site-packages/airflow/example_dags/example_task_group_decorator.py
[2024-10-04T06:58:59.360+0100] {processor.py:925} INFO - DAG(s) 'example_task_group_decorator' retrieved from /opt/miniconda3/envs/airflow/lib/python3.8/site-packages/airflow/example_dags/example_task_group_decorator.py
[2024-10-04T06:58:59.393+0100] {logging_mixin.py:190} INFO - [2024-10-04T06:58:59.393+0100] {dag.py:3239} INFO - Sync 1 DAGs
[2024-10-04T06:58:59.397+0100] {logging_mixin.py:190} INFO - [2024-10-04T06:58:59.397+0100] {dag.py:4180} INFO - Setting next_dagrun for example_task_group_decorator to None, run_after=None
[2024-10-04T06:58:59.402+0100] {processor.py:208} INFO - Processing /opt/miniconda3/envs/airflow/lib/python3.8/site-packages/airflow/example_dags/example_task_group_decorator.py took 0.076 seconds
[2024-10-04T08:12:45.099+0100] {processor.py:186} INFO - Started process (PID=20069) to work on /opt/miniconda3/envs/airflow/lib/python3.8/site-packages/airflow/example_dags/example_task_group_decorator.py
[2024-10-04T08:12:45.099+0100] {processor.py:914} INFO - Processing file /opt/miniconda3/envs/airflow/lib/python3.8/site-packages/airflow/example_dags/example_task_group_decorator.py for tasks to queue
[2024-10-04T08:12:45.100+0100] {logging_mixin.py:190} INFO - [2024-10-04T08:12:45.100+0100] {dagbag.py:588} INFO - Filling up the DagBag from /opt/miniconda3/envs/airflow/lib/python3.8/site-packages/airflow/example_dags/example_task_group_decorator.py
[2024-10-04T08:12:45.131+0100] {processor.py:925} INFO - DAG(s) 'example_task_group_decorator' retrieved from /opt/miniconda3/envs/airflow/lib/python3.8/site-packages/airflow/example_dags/example_task_group_decorator.py
[2024-10-04T08:12:45.164+0100] {logging_mixin.py:190} INFO - [2024-10-04T08:12:45.164+0100] {dag.py:3239} INFO - Sync 1 DAGs
[2024-10-04T08:12:45.168+0100] {logging_mixin.py:190} INFO - [2024-10-04T08:12:45.168+0100] {dag.py:4180} INFO - Setting next_dagrun for example_task_group_decorator to None, run_after=None
[2024-10-04T08:12:45.173+0100] {processor.py:208} INFO - Processing /opt/miniconda3/envs/airflow/lib/python3.8/site-packages/airflow/example_dags/example_task_group_decorator.py took 0.076 seconds
[2024-10-04T08:39:33.091+0100] {processor.py:186} INFO - Started process (PID=20189) to work on /opt/miniconda3/envs/airflow/lib/python3.8/site-packages/airflow/example_dags/example_task_group_decorator.py
[2024-10-04T08:39:33.091+0100] {processor.py:914} INFO - Processing file /opt/miniconda3/envs/airflow/lib/python3.8/site-packages/airflow/example_dags/example_task_group_decorator.py for tasks to queue
[2024-10-04T08:39:33.092+0100] {logging_mixin.py:190} INFO - [2024-10-04T08:39:33.092+0100] {dagbag.py:588} INFO - Filling up the DagBag from /opt/miniconda3/envs/airflow/lib/python3.8/site-packages/airflow/example_dags/example_task_group_decorator.py
[2024-10-04T08:39:33.120+0100] {processor.py:925} INFO - DAG(s) 'example_task_group_decorator' retrieved from /opt/miniconda3/envs/airflow/lib/python3.8/site-packages/airflow/example_dags/example_task_group_decorator.py
[2024-10-04T08:39:33.154+0100] {logging_mixin.py:190} INFO - [2024-10-04T08:39:33.154+0100] {dag.py:3239} INFO - Sync 1 DAGs
[2024-10-04T08:39:33.158+0100] {logging_mixin.py:190} INFO - [2024-10-04T08:39:33.157+0100] {dag.py:4180} INFO - Setting next_dagrun for example_task_group_decorator to None, run_after=None
[2024-10-04T08:39:33.163+0100] {processor.py:208} INFO - Processing /opt/miniconda3/envs/airflow/lib/python3.8/site-packages/airflow/example_dags/example_task_group_decorator.py took 0.073 seconds
[2024-10-04T08:40:30.191+0100] {processor.py:186} INFO - Started process (PID=20267) to work on /opt/miniconda3/envs/airflow/lib/python3.8/site-packages/airflow/example_dags/example_task_group_decorator.py
[2024-10-04T08:40:30.191+0100] {processor.py:914} INFO - Processing file /opt/miniconda3/envs/airflow/lib/python3.8/site-packages/airflow/example_dags/example_task_group_decorator.py for tasks to queue
[2024-10-04T08:40:30.192+0100] {logging_mixin.py:190} INFO - [2024-10-04T08:40:30.192+0100] {dagbag.py:588} INFO - Filling up the DagBag from /opt/miniconda3/envs/airflow/lib/python3.8/site-packages/airflow/example_dags/example_task_group_decorator.py
[2024-10-04T08:40:30.220+0100] {processor.py:925} INFO - DAG(s) 'example_task_group_decorator' retrieved from /opt/miniconda3/envs/airflow/lib/python3.8/site-packages/airflow/example_dags/example_task_group_decorator.py
[2024-10-04T08:40:30.254+0100] {logging_mixin.py:190} INFO - [2024-10-04T08:40:30.254+0100] {dag.py:3239} INFO - Sync 1 DAGs
[2024-10-04T08:40:30.258+0100] {logging_mixin.py:190} INFO - [2024-10-04T08:40:30.257+0100] {dag.py:4180} INFO - Setting next_dagrun for example_task_group_decorator to None, run_after=None
[2024-10-04T08:40:30.263+0100] {processor.py:208} INFO - Processing /opt/miniconda3/envs/airflow/lib/python3.8/site-packages/airflow/example_dags/example_task_group_decorator.py took 0.074 seconds
[2024-10-04T08:41:24.459+0100] {processor.py:186} INFO - Started process (PID=20345) to work on /opt/miniconda3/envs/airflow/lib/python3.8/site-packages/airflow/example_dags/example_task_group_decorator.py
[2024-10-04T08:41:24.459+0100] {processor.py:914} INFO - Processing file /opt/miniconda3/envs/airflow/lib/python3.8/site-packages/airflow/example_dags/example_task_group_decorator.py for tasks to queue
[2024-10-04T08:41:24.459+0100] {logging_mixin.py:190} INFO - [2024-10-04T08:41:24.459+0100] {dagbag.py:588} INFO - Filling up the DagBag from /opt/miniconda3/envs/airflow/lib/python3.8/site-packages/airflow/example_dags/example_task_group_decorator.py
[2024-10-04T08:41:24.488+0100] {processor.py:925} INFO - DAG(s) 'example_task_group_decorator' retrieved from /opt/miniconda3/envs/airflow/lib/python3.8/site-packages/airflow/example_dags/example_task_group_decorator.py
[2024-10-04T08:41:24.522+0100] {logging_mixin.py:190} INFO - [2024-10-04T08:41:24.522+0100] {dag.py:3239} INFO - Sync 1 DAGs
[2024-10-04T08:41:24.525+0100] {logging_mixin.py:190} INFO - [2024-10-04T08:41:24.525+0100] {dag.py:4180} INFO - Setting next_dagrun for example_task_group_decorator to None, run_after=None
[2024-10-04T08:41:24.531+0100] {processor.py:208} INFO - Processing /opt/miniconda3/envs/airflow/lib/python3.8/site-packages/airflow/example_dags/example_task_group_decorator.py took 0.074 seconds
[2024-10-04T09:10:08.556+0100] {processor.py:186} INFO - Started process (PID=20435) to work on /opt/miniconda3/envs/airflow/lib/python3.8/site-packages/airflow/example_dags/example_task_group_decorator.py
[2024-10-04T09:10:08.556+0100] {processor.py:914} INFO - Processing file /opt/miniconda3/envs/airflow/lib/python3.8/site-packages/airflow/example_dags/example_task_group_decorator.py for tasks to queue
[2024-10-04T09:10:08.557+0100] {logging_mixin.py:190} INFO - [2024-10-04T09:10:08.557+0100] {dagbag.py:588} INFO - Filling up the DagBag from /opt/miniconda3/envs/airflow/lib/python3.8/site-packages/airflow/example_dags/example_task_group_decorator.py
[2024-10-04T09:10:08.586+0100] {processor.py:925} INFO - DAG(s) 'example_task_group_decorator' retrieved from /opt/miniconda3/envs/airflow/lib/python3.8/site-packages/airflow/example_dags/example_task_group_decorator.py
[2024-10-04T09:10:08.621+0100] {logging_mixin.py:190} INFO - [2024-10-04T09:10:08.621+0100] {dag.py:3239} INFO - Sync 1 DAGs
[2024-10-04T09:10:08.625+0100] {logging_mixin.py:190} INFO - [2024-10-04T09:10:08.625+0100] {dag.py:4180} INFO - Setting next_dagrun for example_task_group_decorator to None, run_after=None
[2024-10-04T09:10:08.631+0100] {processor.py:208} INFO - Processing /opt/miniconda3/envs/airflow/lib/python3.8/site-packages/airflow/example_dags/example_task_group_decorator.py took 0.076 seconds
[2024-10-04T09:42:20.002+0100] {processor.py:186} INFO - Started process (PID=20598) to work on /opt/miniconda3/envs/airflow/lib/python3.8/site-packages/airflow/example_dags/example_task_group_decorator.py
[2024-10-04T09:42:20.003+0100] {processor.py:914} INFO - Processing file /opt/miniconda3/envs/airflow/lib/python3.8/site-packages/airflow/example_dags/example_task_group_decorator.py for tasks to queue
[2024-10-04T09:42:20.003+0100] {logging_mixin.py:190} INFO - [2024-10-04T09:42:20.003+0100] {dagbag.py:588} INFO - Filling up the DagBag from /opt/miniconda3/envs/airflow/lib/python3.8/site-packages/airflow/example_dags/example_task_group_decorator.py
[2024-10-04T09:42:20.032+0100] {processor.py:925} INFO - DAG(s) 'example_task_group_decorator' retrieved from /opt/miniconda3/envs/airflow/lib/python3.8/site-packages/airflow/example_dags/example_task_group_decorator.py
[2024-10-04T09:42:20.066+0100] {logging_mixin.py:190} INFO - [2024-10-04T09:42:20.066+0100] {dag.py:3239} INFO - Sync 1 DAGs
[2024-10-04T09:42:20.069+0100] {logging_mixin.py:190} INFO - [2024-10-04T09:42:20.069+0100] {dag.py:4180} INFO - Setting next_dagrun for example_task_group_decorator to None, run_after=None
[2024-10-04T09:42:20.075+0100] {processor.py:208} INFO - Processing /opt/miniconda3/envs/airflow/lib/python3.8/site-packages/airflow/example_dags/example_task_group_decorator.py took 0.075 seconds
[2024-10-04T09:43:17.154+0100] {processor.py:186} INFO - Started process (PID=20672) to work on /opt/miniconda3/envs/airflow/lib/python3.8/site-packages/airflow/example_dags/example_task_group_decorator.py
[2024-10-04T09:43:17.154+0100] {processor.py:914} INFO - Processing file /opt/miniconda3/envs/airflow/lib/python3.8/site-packages/airflow/example_dags/example_task_group_decorator.py for tasks to queue
[2024-10-04T09:43:17.154+0100] {logging_mixin.py:190} INFO - [2024-10-04T09:43:17.154+0100] {dagbag.py:588} INFO - Filling up the DagBag from /opt/miniconda3/envs/airflow/lib/python3.8/site-packages/airflow/example_dags/example_task_group_decorator.py
[2024-10-04T09:43:17.183+0100] {processor.py:925} INFO - DAG(s) 'example_task_group_decorator' retrieved from /opt/miniconda3/envs/airflow/lib/python3.8/site-packages/airflow/example_dags/example_task_group_decorator.py
[2024-10-04T09:43:17.217+0100] {logging_mixin.py:190} INFO - [2024-10-04T09:43:17.217+0100] {dag.py:3239} INFO - Sync 1 DAGs
[2024-10-04T09:43:17.221+0100] {logging_mixin.py:190} INFO - [2024-10-04T09:43:17.221+0100] {dag.py:4180} INFO - Setting next_dagrun for example_task_group_decorator to None, run_after=None
[2024-10-04T09:43:17.226+0100] {processor.py:208} INFO - Processing /opt/miniconda3/envs/airflow/lib/python3.8/site-packages/airflow/example_dags/example_task_group_decorator.py took 0.074 seconds
[2024-10-04T10:11:05.871+0100] {processor.py:186} INFO - Started process (PID=20747) to work on /opt/miniconda3/envs/airflow/lib/python3.8/site-packages/airflow/example_dags/example_task_group_decorator.py
[2024-10-04T10:11:05.871+0100] {processor.py:914} INFO - Processing file /opt/miniconda3/envs/airflow/lib/python3.8/site-packages/airflow/example_dags/example_task_group_decorator.py for tasks to queue
[2024-10-04T10:11:05.872+0100] {logging_mixin.py:190} INFO - [2024-10-04T10:11:05.872+0100] {dagbag.py:588} INFO - Filling up the DagBag from /opt/miniconda3/envs/airflow/lib/python3.8/site-packages/airflow/example_dags/example_task_group_decorator.py
[2024-10-04T10:11:05.902+0100] {processor.py:925} INFO - DAG(s) 'example_task_group_decorator' retrieved from /opt/miniconda3/envs/airflow/lib/python3.8/site-packages/airflow/example_dags/example_task_group_decorator.py
[2024-10-04T10:11:05.936+0100] {logging_mixin.py:190} INFO - [2024-10-04T10:11:05.936+0100] {dag.py:3239} INFO - Sync 1 DAGs
[2024-10-04T10:11:05.939+0100] {logging_mixin.py:190} INFO - [2024-10-04T10:11:05.939+0100] {dag.py:4180} INFO - Setting next_dagrun for example_task_group_decorator to None, run_after=None
[2024-10-04T10:11:05.944+0100] {processor.py:208} INFO - Processing /opt/miniconda3/envs/airflow/lib/python3.8/site-packages/airflow/example_dags/example_task_group_decorator.py took 0.075 seconds
[2024-10-04T10:20:10.129+0100] {processor.py:186} INFO - Started process (PID=20855) to work on /opt/miniconda3/envs/airflow/lib/python3.8/site-packages/airflow/example_dags/example_task_group_decorator.py
[2024-10-04T10:20:10.129+0100] {processor.py:914} INFO - Processing file /opt/miniconda3/envs/airflow/lib/python3.8/site-packages/airflow/example_dags/example_task_group_decorator.py for tasks to queue
[2024-10-04T10:20:10.129+0100] {logging_mixin.py:190} INFO - [2024-10-04T10:20:10.129+0100] {dagbag.py:588} INFO - Filling up the DagBag from /opt/miniconda3/envs/airflow/lib/python3.8/site-packages/airflow/example_dags/example_task_group_decorator.py
[2024-10-04T10:20:10.159+0100] {processor.py:925} INFO - DAG(s) 'example_task_group_decorator' retrieved from /opt/miniconda3/envs/airflow/lib/python3.8/site-packages/airflow/example_dags/example_task_group_decorator.py
[2024-10-04T10:20:10.193+0100] {logging_mixin.py:190} INFO - [2024-10-04T10:20:10.193+0100] {dag.py:3239} INFO - Sync 1 DAGs
[2024-10-04T10:20:10.196+0100] {logging_mixin.py:190} INFO - [2024-10-04T10:20:10.196+0100] {dag.py:4180} INFO - Setting next_dagrun for example_task_group_decorator to None, run_after=None
[2024-10-04T10:20:10.202+0100] {processor.py:208} INFO - Processing /opt/miniconda3/envs/airflow/lib/python3.8/site-packages/airflow/example_dags/example_task_group_decorator.py took 0.075 seconds
[2024-10-04T10:21:15.812+0100] {processor.py:186} INFO - Started process (PID=20948) to work on /opt/miniconda3/envs/airflow/lib/python3.8/site-packages/airflow/example_dags/example_task_group_decorator.py
[2024-10-04T10:21:15.813+0100] {processor.py:914} INFO - Processing file /opt/miniconda3/envs/airflow/lib/python3.8/site-packages/airflow/example_dags/example_task_group_decorator.py for tasks to queue
[2024-10-04T10:21:15.813+0100] {logging_mixin.py:190} INFO - [2024-10-04T10:21:15.813+0100] {dagbag.py:588} INFO - Filling up the DagBag from /opt/miniconda3/envs/airflow/lib/python3.8/site-packages/airflow/example_dags/example_task_group_decorator.py
[2024-10-04T10:21:15.843+0100] {processor.py:925} INFO - DAG(s) 'example_task_group_decorator' retrieved from /opt/miniconda3/envs/airflow/lib/python3.8/site-packages/airflow/example_dags/example_task_group_decorator.py
[2024-10-04T10:21:15.876+0100] {logging_mixin.py:190} INFO - [2024-10-04T10:21:15.876+0100] {dag.py:3239} INFO - Sync 1 DAGs
[2024-10-04T10:21:15.880+0100] {logging_mixin.py:190} INFO - [2024-10-04T10:21:15.880+0100] {dag.py:4180} INFO - Setting next_dagrun for example_task_group_decorator to None, run_after=None
[2024-10-04T10:21:15.886+0100] {processor.py:208} INFO - Processing /opt/miniconda3/envs/airflow/lib/python3.8/site-packages/airflow/example_dags/example_task_group_decorator.py took 0.075 seconds
[2024-10-04T10:22:17.226+0100] {processor.py:186} INFO - Started process (PID=21027) to work on /opt/miniconda3/envs/airflow/lib/python3.8/site-packages/airflow/example_dags/example_task_group_decorator.py
[2024-10-04T10:22:17.227+0100] {processor.py:914} INFO - Processing file /opt/miniconda3/envs/airflow/lib/python3.8/site-packages/airflow/example_dags/example_task_group_decorator.py for tasks to queue
[2024-10-04T10:22:17.227+0100] {logging_mixin.py:190} INFO - [2024-10-04T10:22:17.227+0100] {dagbag.py:588} INFO - Filling up the DagBag from /opt/miniconda3/envs/airflow/lib/python3.8/site-packages/airflow/example_dags/example_task_group_decorator.py
[2024-10-04T10:22:17.257+0100] {processor.py:925} INFO - DAG(s) 'example_task_group_decorator' retrieved from /opt/miniconda3/envs/airflow/lib/python3.8/site-packages/airflow/example_dags/example_task_group_decorator.py
[2024-10-04T10:22:17.291+0100] {logging_mixin.py:190} INFO - [2024-10-04T10:22:17.291+0100] {dag.py:3239} INFO - Sync 1 DAGs
[2024-10-04T10:22:17.295+0100] {logging_mixin.py:190} INFO - [2024-10-04T10:22:17.295+0100] {dag.py:4180} INFO - Setting next_dagrun for example_task_group_decorator to None, run_after=None
[2024-10-04T10:22:17.300+0100] {processor.py:208} INFO - Processing /opt/miniconda3/envs/airflow/lib/python3.8/site-packages/airflow/example_dags/example_task_group_decorator.py took 0.076 seconds
[2024-10-04T10:24:35.247+0100] {processor.py:186} INFO - Started process (PID=21126) to work on /opt/miniconda3/envs/airflow/lib/python3.8/site-packages/airflow/example_dags/example_task_group_decorator.py
[2024-10-04T10:24:35.248+0100] {processor.py:914} INFO - Processing file /opt/miniconda3/envs/airflow/lib/python3.8/site-packages/airflow/example_dags/example_task_group_decorator.py for tasks to queue
[2024-10-04T10:24:35.248+0100] {logging_mixin.py:190} INFO - [2024-10-04T10:24:35.248+0100] {dagbag.py:588} INFO - Filling up the DagBag from /opt/miniconda3/envs/airflow/lib/python3.8/site-packages/airflow/example_dags/example_task_group_decorator.py
[2024-10-04T10:24:35.280+0100] {processor.py:925} INFO - DAG(s) 'example_task_group_decorator' retrieved from /opt/miniconda3/envs/airflow/lib/python3.8/site-packages/airflow/example_dags/example_task_group_decorator.py
[2024-10-04T10:24:35.316+0100] {logging_mixin.py:190} INFO - [2024-10-04T10:24:35.316+0100] {dag.py:3239} INFO - Sync 1 DAGs
[2024-10-04T10:24:35.319+0100] {logging_mixin.py:190} INFO - [2024-10-04T10:24:35.319+0100] {dag.py:4180} INFO - Setting next_dagrun for example_task_group_decorator to None, run_after=None
[2024-10-04T10:24:35.325+0100] {processor.py:208} INFO - Processing /opt/miniconda3/envs/airflow/lib/python3.8/site-packages/airflow/example_dags/example_task_group_decorator.py took 0.079 seconds
[2024-10-04T10:25:34.374+0100] {processor.py:186} INFO - Started process (PID=21201) to work on /opt/miniconda3/envs/airflow/lib/python3.8/site-packages/airflow/example_dags/example_task_group_decorator.py
[2024-10-04T10:25:34.374+0100] {processor.py:914} INFO - Processing file /opt/miniconda3/envs/airflow/lib/python3.8/site-packages/airflow/example_dags/example_task_group_decorator.py for tasks to queue
[2024-10-04T10:25:34.374+0100] {logging_mixin.py:190} INFO - [2024-10-04T10:25:34.374+0100] {dagbag.py:588} INFO - Filling up the DagBag from /opt/miniconda3/envs/airflow/lib/python3.8/site-packages/airflow/example_dags/example_task_group_decorator.py
[2024-10-04T10:25:34.405+0100] {processor.py:925} INFO - DAG(s) 'example_task_group_decorator' retrieved from /opt/miniconda3/envs/airflow/lib/python3.8/site-packages/airflow/example_dags/example_task_group_decorator.py
[2024-10-04T10:25:34.439+0100] {logging_mixin.py:190} INFO - [2024-10-04T10:25:34.439+0100] {dag.py:3239} INFO - Sync 1 DAGs
[2024-10-04T10:25:34.443+0100] {logging_mixin.py:190} INFO - [2024-10-04T10:25:34.443+0100] {dag.py:4180} INFO - Setting next_dagrun for example_task_group_decorator to None, run_after=None
[2024-10-04T10:25:34.448+0100] {processor.py:208} INFO - Processing /opt/miniconda3/envs/airflow/lib/python3.8/site-packages/airflow/example_dags/example_task_group_decorator.py took 0.076 seconds
[2024-10-04T10:26:33.652+0100] {processor.py:186} INFO - Started process (PID=21278) to work on /opt/miniconda3/envs/airflow/lib/python3.8/site-packages/airflow/example_dags/example_task_group_decorator.py
[2024-10-04T10:26:33.652+0100] {processor.py:914} INFO - Processing file /opt/miniconda3/envs/airflow/lib/python3.8/site-packages/airflow/example_dags/example_task_group_decorator.py for tasks to queue
[2024-10-04T10:26:33.652+0100] {logging_mixin.py:190} INFO - [2024-10-04T10:26:33.652+0100] {dagbag.py:588} INFO - Filling up the DagBag from /opt/miniconda3/envs/airflow/lib/python3.8/site-packages/airflow/example_dags/example_task_group_decorator.py
[2024-10-04T10:26:33.682+0100] {processor.py:925} INFO - DAG(s) 'example_task_group_decorator' retrieved from /opt/miniconda3/envs/airflow/lib/python3.8/site-packages/airflow/example_dags/example_task_group_decorator.py
[2024-10-04T10:26:33.716+0100] {logging_mixin.py:190} INFO - [2024-10-04T10:26:33.716+0100] {dag.py:3239} INFO - Sync 1 DAGs
[2024-10-04T10:26:33.720+0100] {logging_mixin.py:190} INFO - [2024-10-04T10:26:33.720+0100] {dag.py:4180} INFO - Setting next_dagrun for example_task_group_decorator to None, run_after=None
[2024-10-04T10:26:33.725+0100] {processor.py:208} INFO - Processing /opt/miniconda3/envs/airflow/lib/python3.8/site-packages/airflow/example_dags/example_task_group_decorator.py took 0.075 seconds
[2024-10-04T10:27:30.196+0100] {processor.py:186} INFO - Started process (PID=21354) to work on /opt/miniconda3/envs/airflow/lib/python3.8/site-packages/airflow/example_dags/example_task_group_decorator.py
[2024-10-04T10:27:30.197+0100] {processor.py:914} INFO - Processing file /opt/miniconda3/envs/airflow/lib/python3.8/site-packages/airflow/example_dags/example_task_group_decorator.py for tasks to queue
[2024-10-04T10:27:30.197+0100] {logging_mixin.py:190} INFO - [2024-10-04T10:27:30.197+0100] {dagbag.py:588} INFO - Filling up the DagBag from /opt/miniconda3/envs/airflow/lib/python3.8/site-packages/airflow/example_dags/example_task_group_decorator.py
[2024-10-04T10:27:30.227+0100] {processor.py:925} INFO - DAG(s) 'example_task_group_decorator' retrieved from /opt/miniconda3/envs/airflow/lib/python3.8/site-packages/airflow/example_dags/example_task_group_decorator.py
[2024-10-04T10:27:30.261+0100] {logging_mixin.py:190} INFO - [2024-10-04T10:27:30.261+0100] {dag.py:3239} INFO - Sync 1 DAGs
[2024-10-04T10:27:30.265+0100] {logging_mixin.py:190} INFO - [2024-10-04T10:27:30.265+0100] {dag.py:4180} INFO - Setting next_dagrun for example_task_group_decorator to None, run_after=None
[2024-10-04T10:27:30.270+0100] {processor.py:208} INFO - Processing /opt/miniconda3/envs/airflow/lib/python3.8/site-packages/airflow/example_dags/example_task_group_decorator.py took 0.076 seconds
[2024-10-04T10:28:27.812+0100] {processor.py:186} INFO - Started process (PID=21435) to work on /opt/miniconda3/envs/airflow/lib/python3.8/site-packages/airflow/example_dags/example_task_group_decorator.py
[2024-10-04T10:28:27.812+0100] {processor.py:914} INFO - Processing file /opt/miniconda3/envs/airflow/lib/python3.8/site-packages/airflow/example_dags/example_task_group_decorator.py for tasks to queue
[2024-10-04T10:28:27.812+0100] {logging_mixin.py:190} INFO - [2024-10-04T10:28:27.812+0100] {dagbag.py:588} INFO - Filling up the DagBag from /opt/miniconda3/envs/airflow/lib/python3.8/site-packages/airflow/example_dags/example_task_group_decorator.py
[2024-10-04T10:28:27.844+0100] {processor.py:925} INFO - DAG(s) 'example_task_group_decorator' retrieved from /opt/miniconda3/envs/airflow/lib/python3.8/site-packages/airflow/example_dags/example_task_group_decorator.py
[2024-10-04T10:28:27.878+0100] {logging_mixin.py:190} INFO - [2024-10-04T10:28:27.878+0100] {dag.py:3239} INFO - Sync 1 DAGs
[2024-10-04T10:28:27.882+0100] {logging_mixin.py:190} INFO - [2024-10-04T10:28:27.882+0100] {dag.py:4180} INFO - Setting next_dagrun for example_task_group_decorator to None, run_after=None
[2024-10-04T10:28:27.887+0100] {processor.py:208} INFO - Processing /opt/miniconda3/envs/airflow/lib/python3.8/site-packages/airflow/example_dags/example_task_group_decorator.py took 0.077 seconds
[2024-10-04T10:29:25.512+0100] {processor.py:186} INFO - Started process (PID=21538) to work on /opt/miniconda3/envs/airflow/lib/python3.8/site-packages/airflow/example_dags/example_task_group_decorator.py
[2024-10-04T10:29:25.513+0100] {processor.py:914} INFO - Processing file /opt/miniconda3/envs/airflow/lib/python3.8/site-packages/airflow/example_dags/example_task_group_decorator.py for tasks to queue
[2024-10-04T10:29:25.513+0100] {logging_mixin.py:190} INFO - [2024-10-04T10:29:25.513+0100] {dagbag.py:588} INFO - Filling up the DagBag from /opt/miniconda3/envs/airflow/lib/python3.8/site-packages/airflow/example_dags/example_task_group_decorator.py
[2024-10-04T10:29:25.542+0100] {processor.py:925} INFO - DAG(s) 'example_task_group_decorator' retrieved from /opt/miniconda3/envs/airflow/lib/python3.8/site-packages/airflow/example_dags/example_task_group_decorator.py
[2024-10-04T10:29:25.576+0100] {logging_mixin.py:190} INFO - [2024-10-04T10:29:25.576+0100] {dag.py:3239} INFO - Sync 1 DAGs
[2024-10-04T10:29:25.580+0100] {logging_mixin.py:190} INFO - [2024-10-04T10:29:25.580+0100] {dag.py:4180} INFO - Setting next_dagrun for example_task_group_decorator to None, run_after=None
[2024-10-04T10:29:25.585+0100] {processor.py:208} INFO - Processing /opt/miniconda3/envs/airflow/lib/python3.8/site-packages/airflow/example_dags/example_task_group_decorator.py took 0.075 seconds
[2024-10-04T10:30:22.755+0100] {processor.py:186} INFO - Started process (PID=21626) to work on /opt/miniconda3/envs/airflow/lib/python3.8/site-packages/airflow/example_dags/example_task_group_decorator.py
[2024-10-04T10:30:22.755+0100] {processor.py:914} INFO - Processing file /opt/miniconda3/envs/airflow/lib/python3.8/site-packages/airflow/example_dags/example_task_group_decorator.py for tasks to queue
[2024-10-04T10:30:22.755+0100] {logging_mixin.py:190} INFO - [2024-10-04T10:30:22.755+0100] {dagbag.py:588} INFO - Filling up the DagBag from /opt/miniconda3/envs/airflow/lib/python3.8/site-packages/airflow/example_dags/example_task_group_decorator.py
[2024-10-04T10:30:22.785+0100] {processor.py:925} INFO - DAG(s) 'example_task_group_decorator' retrieved from /opt/miniconda3/envs/airflow/lib/python3.8/site-packages/airflow/example_dags/example_task_group_decorator.py
[2024-10-04T10:30:22.820+0100] {logging_mixin.py:190} INFO - [2024-10-04T10:30:22.820+0100] {dag.py:3239} INFO - Sync 1 DAGs
[2024-10-04T10:30:22.823+0100] {logging_mixin.py:190} INFO - [2024-10-04T10:30:22.823+0100] {dag.py:4180} INFO - Setting next_dagrun for example_task_group_decorator to None, run_after=None
[2024-10-04T10:30:22.829+0100] {processor.py:208} INFO - Processing /opt/miniconda3/envs/airflow/lib/python3.8/site-packages/airflow/example_dags/example_task_group_decorator.py took 0.076 seconds
[2024-10-04T10:31:18.000+0100] {processor.py:186} INFO - Started process (PID=21699) to work on /opt/miniconda3/envs/airflow/lib/python3.8/site-packages/airflow/example_dags/example_task_group_decorator.py
[2024-10-04T10:31:18.001+0100] {processor.py:914} INFO - Processing file /opt/miniconda3/envs/airflow/lib/python3.8/site-packages/airflow/example_dags/example_task_group_decorator.py for tasks to queue
[2024-10-04T10:31:18.001+0100] {logging_mixin.py:190} INFO - [2024-10-04T10:31:18.001+0100] {dagbag.py:588} INFO - Filling up the DagBag from /opt/miniconda3/envs/airflow/lib/python3.8/site-packages/airflow/example_dags/example_task_group_decorator.py
[2024-10-04T10:31:18.031+0100] {processor.py:925} INFO - DAG(s) 'example_task_group_decorator' retrieved from /opt/miniconda3/envs/airflow/lib/python3.8/site-packages/airflow/example_dags/example_task_group_decorator.py
[2024-10-04T10:31:18.065+0100] {logging_mixin.py:190} INFO - [2024-10-04T10:31:18.065+0100] {dag.py:3239} INFO - Sync 1 DAGs
[2024-10-04T10:31:18.069+0100] {logging_mixin.py:190} INFO - [2024-10-04T10:31:18.069+0100] {dag.py:4180} INFO - Setting next_dagrun for example_task_group_decorator to None, run_after=None
[2024-10-04T10:31:18.074+0100] {processor.py:208} INFO - Processing /opt/miniconda3/envs/airflow/lib/python3.8/site-packages/airflow/example_dags/example_task_group_decorator.py took 0.076 seconds
[2024-10-04T10:32:18.923+0100] {processor.py:186} INFO - Started process (PID=21792) to work on /opt/miniconda3/envs/airflow/lib/python3.8/site-packages/airflow/example_dags/example_task_group_decorator.py
[2024-10-04T10:32:18.924+0100] {processor.py:914} INFO - Processing file /opt/miniconda3/envs/airflow/lib/python3.8/site-packages/airflow/example_dags/example_task_group_decorator.py for tasks to queue
[2024-10-04T10:32:18.924+0100] {logging_mixin.py:190} INFO - [2024-10-04T10:32:18.924+0100] {dagbag.py:588} INFO - Filling up the DagBag from /opt/miniconda3/envs/airflow/lib/python3.8/site-packages/airflow/example_dags/example_task_group_decorator.py
[2024-10-04T10:32:18.955+0100] {processor.py:925} INFO - DAG(s) 'example_task_group_decorator' retrieved from /opt/miniconda3/envs/airflow/lib/python3.8/site-packages/airflow/example_dags/example_task_group_decorator.py
[2024-10-04T10:32:18.989+0100] {logging_mixin.py:190} INFO - [2024-10-04T10:32:18.989+0100] {dag.py:3239} INFO - Sync 1 DAGs
[2024-10-04T10:32:18.993+0100] {logging_mixin.py:190} INFO - [2024-10-04T10:32:18.993+0100] {dag.py:4180} INFO - Setting next_dagrun for example_task_group_decorator to None, run_after=None
[2024-10-04T10:32:18.998+0100] {processor.py:208} INFO - Processing /opt/miniconda3/envs/airflow/lib/python3.8/site-packages/airflow/example_dags/example_task_group_decorator.py took 0.077 seconds
[2024-10-04T10:33:21.606+0100] {processor.py:186} INFO - Started process (PID=21880) to work on /opt/miniconda3/envs/airflow/lib/python3.8/site-packages/airflow/example_dags/example_task_group_decorator.py
[2024-10-04T10:33:21.606+0100] {processor.py:914} INFO - Processing file /opt/miniconda3/envs/airflow/lib/python3.8/site-packages/airflow/example_dags/example_task_group_decorator.py for tasks to queue
[2024-10-04T10:33:21.606+0100] {logging_mixin.py:190} INFO - [2024-10-04T10:33:21.606+0100] {dagbag.py:588} INFO - Filling up the DagBag from /opt/miniconda3/envs/airflow/lib/python3.8/site-packages/airflow/example_dags/example_task_group_decorator.py
[2024-10-04T10:33:21.637+0100] {processor.py:925} INFO - DAG(s) 'example_task_group_decorator' retrieved from /opt/miniconda3/envs/airflow/lib/python3.8/site-packages/airflow/example_dags/example_task_group_decorator.py
[2024-10-04T10:33:21.671+0100] {logging_mixin.py:190} INFO - [2024-10-04T10:33:21.671+0100] {dag.py:3239} INFO - Sync 1 DAGs
[2024-10-04T10:33:21.675+0100] {logging_mixin.py:190} INFO - [2024-10-04T10:33:21.674+0100] {dag.py:4180} INFO - Setting next_dagrun for example_task_group_decorator to None, run_after=None
[2024-10-04T10:33:21.680+0100] {processor.py:208} INFO - Processing /opt/miniconda3/envs/airflow/lib/python3.8/site-packages/airflow/example_dags/example_task_group_decorator.py took 0.076 seconds
[2024-10-04T10:34:25.210+0100] {processor.py:186} INFO - Started process (PID=21958) to work on /opt/miniconda3/envs/airflow/lib/python3.8/site-packages/airflow/example_dags/example_task_group_decorator.py
[2024-10-04T10:34:25.211+0100] {processor.py:914} INFO - Processing file /opt/miniconda3/envs/airflow/lib/python3.8/site-packages/airflow/example_dags/example_task_group_decorator.py for tasks to queue
[2024-10-04T10:34:25.211+0100] {logging_mixin.py:190} INFO - [2024-10-04T10:34:25.211+0100] {dagbag.py:588} INFO - Filling up the DagBag from /opt/miniconda3/envs/airflow/lib/python3.8/site-packages/airflow/example_dags/example_task_group_decorator.py
[2024-10-04T10:34:25.243+0100] {processor.py:925} INFO - DAG(s) 'example_task_group_decorator' retrieved from /opt/miniconda3/envs/airflow/lib/python3.8/site-packages/airflow/example_dags/example_task_group_decorator.py
[2024-10-04T10:34:25.277+0100] {logging_mixin.py:190} INFO - [2024-10-04T10:34:25.277+0100] {dag.py:3239} INFO - Sync 1 DAGs
[2024-10-04T10:34:25.281+0100] {logging_mixin.py:190} INFO - [2024-10-04T10:34:25.281+0100] {dag.py:4180} INFO - Setting next_dagrun for example_task_group_decorator to None, run_after=None
[2024-10-04T10:34:25.287+0100] {processor.py:208} INFO - Processing /opt/miniconda3/envs/airflow/lib/python3.8/site-packages/airflow/example_dags/example_task_group_decorator.py took 0.078 seconds
[2024-10-04T10:35:32.658+0100] {processor.py:186} INFO - Started process (PID=22049) to work on /opt/miniconda3/envs/airflow/lib/python3.8/site-packages/airflow/example_dags/example_task_group_decorator.py
[2024-10-04T10:35:32.658+0100] {processor.py:914} INFO - Processing file /opt/miniconda3/envs/airflow/lib/python3.8/site-packages/airflow/example_dags/example_task_group_decorator.py for tasks to queue
[2024-10-04T10:35:32.658+0100] {logging_mixin.py:190} INFO - [2024-10-04T10:35:32.658+0100] {dagbag.py:588} INFO - Filling up the DagBag from /opt/miniconda3/envs/airflow/lib/python3.8/site-packages/airflow/example_dags/example_task_group_decorator.py
[2024-10-04T10:35:32.690+0100] {processor.py:925} INFO - DAG(s) 'example_task_group_decorator' retrieved from /opt/miniconda3/envs/airflow/lib/python3.8/site-packages/airflow/example_dags/example_task_group_decorator.py
[2024-10-04T10:35:32.724+0100] {logging_mixin.py:190} INFO - [2024-10-04T10:35:32.724+0100] {dag.py:3239} INFO - Sync 1 DAGs
[2024-10-04T10:35:32.727+0100] {logging_mixin.py:190} INFO - [2024-10-04T10:35:32.727+0100] {dag.py:4180} INFO - Setting next_dagrun for example_task_group_decorator to None, run_after=None
[2024-10-04T10:35:32.733+0100] {processor.py:208} INFO - Processing /opt/miniconda3/envs/airflow/lib/python3.8/site-packages/airflow/example_dags/example_task_group_decorator.py took 0.077 seconds
[2024-10-04T10:36:39.515+0100] {processor.py:186} INFO - Started process (PID=22131) to work on /opt/miniconda3/envs/airflow/lib/python3.8/site-packages/airflow/example_dags/example_task_group_decorator.py
[2024-10-04T10:36:39.516+0100] {processor.py:914} INFO - Processing file /opt/miniconda3/envs/airflow/lib/python3.8/site-packages/airflow/example_dags/example_task_group_decorator.py for tasks to queue
[2024-10-04T10:36:39.516+0100] {logging_mixin.py:190} INFO - [2024-10-04T10:36:39.516+0100] {dagbag.py:588} INFO - Filling up the DagBag from /opt/miniconda3/envs/airflow/lib/python3.8/site-packages/airflow/example_dags/example_task_group_decorator.py
[2024-10-04T10:36:39.546+0100] {processor.py:925} INFO - DAG(s) 'example_task_group_decorator' retrieved from /opt/miniconda3/envs/airflow/lib/python3.8/site-packages/airflow/example_dags/example_task_group_decorator.py
[2024-10-04T10:36:39.580+0100] {logging_mixin.py:190} INFO - [2024-10-04T10:36:39.580+0100] {dag.py:3239} INFO - Sync 1 DAGs
[2024-10-04T10:36:39.583+0100] {logging_mixin.py:190} INFO - [2024-10-04T10:36:39.583+0100] {dag.py:4180} INFO - Setting next_dagrun for example_task_group_decorator to None, run_after=None
[2024-10-04T10:36:39.589+0100] {processor.py:208} INFO - Processing /opt/miniconda3/envs/airflow/lib/python3.8/site-packages/airflow/example_dags/example_task_group_decorator.py took 0.075 seconds
[2024-10-04T10:37:46.969+0100] {processor.py:186} INFO - Started process (PID=22218) to work on /opt/miniconda3/envs/airflow/lib/python3.8/site-packages/airflow/example_dags/example_task_group_decorator.py
[2024-10-04T10:37:46.970+0100] {processor.py:914} INFO - Processing file /opt/miniconda3/envs/airflow/lib/python3.8/site-packages/airflow/example_dags/example_task_group_decorator.py for tasks to queue
[2024-10-04T10:37:46.970+0100] {logging_mixin.py:190} INFO - [2024-10-04T10:37:46.970+0100] {dagbag.py:588} INFO - Filling up the DagBag from /opt/miniconda3/envs/airflow/lib/python3.8/site-packages/airflow/example_dags/example_task_group_decorator.py
[2024-10-04T10:37:47.005+0100] {processor.py:925} INFO - DAG(s) 'example_task_group_decorator' retrieved from /opt/miniconda3/envs/airflow/lib/python3.8/site-packages/airflow/example_dags/example_task_group_decorator.py
[2024-10-04T10:37:47.040+0100] {logging_mixin.py:190} INFO - [2024-10-04T10:37:47.040+0100] {dag.py:3239} INFO - Sync 1 DAGs
[2024-10-04T10:37:47.044+0100] {logging_mixin.py:190} INFO - [2024-10-04T10:37:47.044+0100] {dag.py:4180} INFO - Setting next_dagrun for example_task_group_decorator to None, run_after=None
[2024-10-04T10:37:47.050+0100] {processor.py:208} INFO - Processing /opt/miniconda3/envs/airflow/lib/python3.8/site-packages/airflow/example_dags/example_task_group_decorator.py took 0.083 seconds
