[2024-10-04T01:55:26.358+0100] {processor.py:186} INFO - Started process (PID=17430) to work on /opt/miniconda3/envs/airflow/lib/python3.8/site-packages/airflow/example_dags/example_external_task_marker_dag.py
[2024-10-04T01:55:26.359+0100] {processor.py:914} INFO - Processing file /opt/miniconda3/envs/airflow/lib/python3.8/site-packages/airflow/example_dags/example_external_task_marker_dag.py for tasks to queue
[2024-10-04T01:55:26.359+0100] {logging_mixin.py:190} INFO - [2024-10-04T01:55:26.359+0100] {dagbag.py:588} INFO - Filling up the DagBag from /opt/miniconda3/envs/airflow/lib/python3.8/site-packages/airflow/example_dags/example_external_task_marker_dag.py
[2024-10-04T01:55:26.380+0100] {processor.py:925} INFO - DAG(s) 'example_external_task_marker_child', 'example_external_task_marker_parent' retrieved from /opt/miniconda3/envs/airflow/lib/python3.8/site-packages/airflow/example_dags/example_external_task_marker_dag.py
[2024-10-04T01:55:26.409+0100] {logging_mixin.py:190} INFO - [2024-10-04T01:55:26.409+0100] {workday.py:41} WARNING - Could not import pandas. Holidays will not be considered.
[2024-10-04T01:55:26.416+0100] {logging_mixin.py:190} INFO - [2024-10-04T01:55:26.416+0100] {dag.py:3239} INFO - Sync 2 DAGs
[2024-10-04T01:55:26.419+0100] {logging_mixin.py:190} INFO - [2024-10-04T01:55:26.419+0100] {dag.py:4180} INFO - Setting next_dagrun for example_external_task_marker_child to None, run_after=None
[2024-10-04T01:55:26.420+0100] {logging_mixin.py:190} INFO - [2024-10-04T01:55:26.420+0100] {dag.py:4180} INFO - Setting next_dagrun for example_external_task_marker_parent to None, run_after=None
[2024-10-04T01:55:26.425+0100] {processor.py:208} INFO - Processing /opt/miniconda3/envs/airflow/lib/python3.8/site-packages/airflow/example_dags/example_external_task_marker_dag.py took 0.068 seconds
[2024-10-04T01:57:34.110+0100] {processor.py:186} INFO - Started process (PID=17590) to work on /opt/miniconda3/envs/airflow/lib/python3.8/site-packages/airflow/example_dags/example_external_task_marker_dag.py
[2024-10-04T01:57:34.111+0100] {processor.py:914} INFO - Processing file /opt/miniconda3/envs/airflow/lib/python3.8/site-packages/airflow/example_dags/example_external_task_marker_dag.py for tasks to queue
[2024-10-04T01:57:34.111+0100] {logging_mixin.py:190} INFO - [2024-10-04T01:57:34.111+0100] {dagbag.py:588} INFO - Filling up the DagBag from /opt/miniconda3/envs/airflow/lib/python3.8/site-packages/airflow/example_dags/example_external_task_marker_dag.py
[2024-10-04T01:57:34.130+0100] {processor.py:925} INFO - DAG(s) 'example_external_task_marker_parent', 'example_external_task_marker_child' retrieved from /opt/miniconda3/envs/airflow/lib/python3.8/site-packages/airflow/example_dags/example_external_task_marker_dag.py
[2024-10-04T01:57:34.162+0100] {logging_mixin.py:190} INFO - [2024-10-04T01:57:34.162+0100] {workday.py:41} WARNING - Could not import pandas. Holidays will not be considered.
[2024-10-04T01:57:34.167+0100] {logging_mixin.py:190} INFO - [2024-10-04T01:57:34.167+0100] {dag.py:3239} INFO - Sync 2 DAGs
[2024-10-04T01:57:34.170+0100] {logging_mixin.py:190} INFO - [2024-10-04T01:57:34.170+0100] {dag.py:4180} INFO - Setting next_dagrun for example_external_task_marker_child to None, run_after=None
[2024-10-04T01:57:34.171+0100] {logging_mixin.py:190} INFO - [2024-10-04T01:57:34.171+0100] {dag.py:4180} INFO - Setting next_dagrun for example_external_task_marker_parent to None, run_after=None
[2024-10-04T01:57:34.176+0100] {processor.py:208} INFO - Processing /opt/miniconda3/envs/airflow/lib/python3.8/site-packages/airflow/example_dags/example_external_task_marker_dag.py took 0.067 seconds
[2024-10-04T03:51:03.768+0100] {processor.py:186} INFO - Started process (PID=17739) to work on /opt/miniconda3/envs/airflow/lib/python3.8/site-packages/airflow/example_dags/example_external_task_marker_dag.py
[2024-10-04T03:51:03.770+0100] {processor.py:914} INFO - Processing file /opt/miniconda3/envs/airflow/lib/python3.8/site-packages/airflow/example_dags/example_external_task_marker_dag.py for tasks to queue
[2024-10-04T03:51:03.770+0100] {logging_mixin.py:190} INFO - [2024-10-04T03:51:03.770+0100] {dagbag.py:588} INFO - Filling up the DagBag from /opt/miniconda3/envs/airflow/lib/python3.8/site-packages/airflow/example_dags/example_external_task_marker_dag.py
[2024-10-04T03:51:03.791+0100] {processor.py:925} INFO - DAG(s) 'example_external_task_marker_child', 'example_external_task_marker_parent' retrieved from /opt/miniconda3/envs/airflow/lib/python3.8/site-packages/airflow/example_dags/example_external_task_marker_dag.py
[2024-10-04T03:51:03.821+0100] {logging_mixin.py:190} INFO - [2024-10-04T03:51:03.821+0100] {workday.py:41} WARNING - Could not import pandas. Holidays will not be considered.
[2024-10-04T03:51:03.827+0100] {logging_mixin.py:190} INFO - [2024-10-04T03:51:03.827+0100] {dag.py:3239} INFO - Sync 2 DAGs
[2024-10-04T03:51:03.830+0100] {logging_mixin.py:190} INFO - [2024-10-04T03:51:03.830+0100] {dag.py:4180} INFO - Setting next_dagrun for example_external_task_marker_child to None, run_after=None
[2024-10-04T03:51:03.831+0100] {logging_mixin.py:190} INFO - [2024-10-04T03:51:03.831+0100] {dag.py:4180} INFO - Setting next_dagrun for example_external_task_marker_parent to None, run_after=None
[2024-10-04T03:51:03.836+0100] {processor.py:208} INFO - Processing /opt/miniconda3/envs/airflow/lib/python3.8/site-packages/airflow/example_dags/example_external_task_marker_dag.py took 0.069 seconds
[2024-10-04T03:53:10.745+0100] {processor.py:186} INFO - Started process (PID=17904) to work on /opt/miniconda3/envs/airflow/lib/python3.8/site-packages/airflow/example_dags/example_external_task_marker_dag.py
[2024-10-04T03:53:10.745+0100] {processor.py:914} INFO - Processing file /opt/miniconda3/envs/airflow/lib/python3.8/site-packages/airflow/example_dags/example_external_task_marker_dag.py for tasks to queue
[2024-10-04T03:53:10.745+0100] {logging_mixin.py:190} INFO - [2024-10-04T03:53:10.745+0100] {dagbag.py:588} INFO - Filling up the DagBag from /opt/miniconda3/envs/airflow/lib/python3.8/site-packages/airflow/example_dags/example_external_task_marker_dag.py
[2024-10-04T03:53:10.765+0100] {processor.py:925} INFO - DAG(s) 'example_external_task_marker_parent', 'example_external_task_marker_child' retrieved from /opt/miniconda3/envs/airflow/lib/python3.8/site-packages/airflow/example_dags/example_external_task_marker_dag.py
[2024-10-04T03:53:10.797+0100] {logging_mixin.py:190} INFO - [2024-10-04T03:53:10.797+0100] {workday.py:41} WARNING - Could not import pandas. Holidays will not be considered.
[2024-10-04T03:53:10.802+0100] {logging_mixin.py:190} INFO - [2024-10-04T03:53:10.801+0100] {dag.py:3239} INFO - Sync 2 DAGs
[2024-10-04T03:53:10.805+0100] {logging_mixin.py:190} INFO - [2024-10-04T03:53:10.805+0100] {dag.py:4180} INFO - Setting next_dagrun for example_external_task_marker_child to None, run_after=None
[2024-10-04T03:53:10.806+0100] {logging_mixin.py:190} INFO - [2024-10-04T03:53:10.806+0100] {dag.py:4180} INFO - Setting next_dagrun for example_external_task_marker_parent to None, run_after=None
[2024-10-04T03:53:10.811+0100] {processor.py:208} INFO - Processing /opt/miniconda3/envs/airflow/lib/python3.8/site-packages/airflow/example_dags/example_external_task_marker_dag.py took 0.068 seconds
[2024-10-04T06:14:17.745+0100] {processor.py:186} INFO - Started process (PID=18063) to work on /opt/miniconda3/envs/airflow/lib/python3.8/site-packages/airflow/example_dags/example_external_task_marker_dag.py
[2024-10-04T06:14:17.746+0100] {processor.py:914} INFO - Processing file /opt/miniconda3/envs/airflow/lib/python3.8/site-packages/airflow/example_dags/example_external_task_marker_dag.py for tasks to queue
[2024-10-04T06:14:17.746+0100] {logging_mixin.py:190} INFO - [2024-10-04T06:14:17.746+0100] {dagbag.py:588} INFO - Filling up the DagBag from /opt/miniconda3/envs/airflow/lib/python3.8/site-packages/airflow/example_dags/example_external_task_marker_dag.py
[2024-10-04T06:14:17.766+0100] {processor.py:925} INFO - DAG(s) 'example_external_task_marker_child', 'example_external_task_marker_parent' retrieved from /opt/miniconda3/envs/airflow/lib/python3.8/site-packages/airflow/example_dags/example_external_task_marker_dag.py
[2024-10-04T06:14:17.796+0100] {logging_mixin.py:190} INFO - [2024-10-04T06:14:17.796+0100] {workday.py:41} WARNING - Could not import pandas. Holidays will not be considered.
[2024-10-04T06:14:17.803+0100] {logging_mixin.py:190} INFO - [2024-10-04T06:14:17.802+0100] {dag.py:3239} INFO - Sync 2 DAGs
[2024-10-04T06:14:17.806+0100] {logging_mixin.py:190} INFO - [2024-10-04T06:14:17.806+0100] {dag.py:4180} INFO - Setting next_dagrun for example_external_task_marker_child to None, run_after=None
[2024-10-04T06:14:17.807+0100] {logging_mixin.py:190} INFO - [2024-10-04T06:14:17.807+0100] {dag.py:4180} INFO - Setting next_dagrun for example_external_task_marker_parent to None, run_after=None
[2024-10-04T06:14:17.811+0100] {processor.py:208} INFO - Processing /opt/miniconda3/envs/airflow/lib/python3.8/site-packages/airflow/example_dags/example_external_task_marker_dag.py took 0.068 seconds
[2024-10-04T06:16:08.664+0100] {processor.py:186} INFO - Started process (PID=19885) to work on /opt/miniconda3/envs/airflow/lib/python3.8/site-packages/airflow/example_dags/example_external_task_marker_dag.py
[2024-10-04T06:16:08.665+0100] {processor.py:914} INFO - Processing file /opt/miniconda3/envs/airflow/lib/python3.8/site-packages/airflow/example_dags/example_external_task_marker_dag.py for tasks to queue
[2024-10-04T06:16:08.665+0100] {logging_mixin.py:190} INFO - [2024-10-04T06:16:08.665+0100] {dagbag.py:588} INFO - Filling up the DagBag from /opt/miniconda3/envs/airflow/lib/python3.8/site-packages/airflow/example_dags/example_external_task_marker_dag.py
[2024-10-04T06:16:08.685+0100] {processor.py:925} INFO - DAG(s) 'example_external_task_marker_parent', 'example_external_task_marker_child' retrieved from /opt/miniconda3/envs/airflow/lib/python3.8/site-packages/airflow/example_dags/example_external_task_marker_dag.py
[2024-10-04T06:16:08.716+0100] {logging_mixin.py:190} INFO - [2024-10-04T06:16:08.716+0100] {workday.py:41} WARNING - Could not import pandas. Holidays will not be considered.
[2024-10-04T06:16:08.721+0100] {logging_mixin.py:190} INFO - [2024-10-04T06:16:08.721+0100] {dag.py:3239} INFO - Sync 2 DAGs
[2024-10-04T06:16:08.724+0100] {logging_mixin.py:190} INFO - [2024-10-04T06:16:08.724+0100] {dag.py:4180} INFO - Setting next_dagrun for example_external_task_marker_child to None, run_after=None
[2024-10-04T06:16:08.725+0100] {logging_mixin.py:190} INFO - [2024-10-04T06:16:08.725+0100] {dag.py:4180} INFO - Setting next_dagrun for example_external_task_marker_parent to None, run_after=None
[2024-10-04T06:16:08.730+0100] {processor.py:208} INFO - Processing /opt/miniconda3/envs/airflow/lib/python3.8/site-packages/airflow/example_dags/example_external_task_marker_dag.py took 0.068 seconds
[2024-10-04T08:38:49.452+0100] {processor.py:186} INFO - Started process (PID=20128) to work on /opt/miniconda3/envs/airflow/lib/python3.8/site-packages/airflow/example_dags/example_external_task_marker_dag.py
[2024-10-04T08:38:49.452+0100] {processor.py:914} INFO - Processing file /opt/miniconda3/envs/airflow/lib/python3.8/site-packages/airflow/example_dags/example_external_task_marker_dag.py for tasks to queue
[2024-10-04T08:38:49.452+0100] {logging_mixin.py:190} INFO - [2024-10-04T08:38:49.452+0100] {dagbag.py:588} INFO - Filling up the DagBag from /opt/miniconda3/envs/airflow/lib/python3.8/site-packages/airflow/example_dags/example_external_task_marker_dag.py
[2024-10-04T08:38:49.472+0100] {processor.py:925} INFO - DAG(s) 'example_external_task_marker_parent', 'example_external_task_marker_child' retrieved from /opt/miniconda3/envs/airflow/lib/python3.8/site-packages/airflow/example_dags/example_external_task_marker_dag.py
[2024-10-04T08:38:49.505+0100] {logging_mixin.py:190} INFO - [2024-10-04T08:38:49.505+0100] {workday.py:41} WARNING - Could not import pandas. Holidays will not be considered.
[2024-10-04T08:38:49.509+0100] {logging_mixin.py:190} INFO - [2024-10-04T08:38:49.509+0100] {dag.py:3239} INFO - Sync 2 DAGs
[2024-10-04T08:38:49.513+0100] {logging_mixin.py:190} INFO - [2024-10-04T08:38:49.513+0100] {dag.py:4180} INFO - Setting next_dagrun for example_external_task_marker_child to None, run_after=None
[2024-10-04T08:38:49.514+0100] {logging_mixin.py:190} INFO - [2024-10-04T08:38:49.514+0100] {dag.py:4180} INFO - Setting next_dagrun for example_external_task_marker_parent to None, run_after=None
[2024-10-04T08:38:49.519+0100] {processor.py:208} INFO - Processing /opt/miniconda3/envs/airflow/lib/python3.8/site-packages/airflow/example_dags/example_external_task_marker_dag.py took 0.069 seconds
[2024-10-04T08:40:40.246+0100] {processor.py:186} INFO - Started process (PID=20281) to work on /opt/miniconda3/envs/airflow/lib/python3.8/site-packages/airflow/example_dags/example_external_task_marker_dag.py
[2024-10-04T08:40:40.246+0100] {processor.py:914} INFO - Processing file /opt/miniconda3/envs/airflow/lib/python3.8/site-packages/airflow/example_dags/example_external_task_marker_dag.py for tasks to queue
[2024-10-04T08:40:40.247+0100] {logging_mixin.py:190} INFO - [2024-10-04T08:40:40.247+0100] {dagbag.py:588} INFO - Filling up the DagBag from /opt/miniconda3/envs/airflow/lib/python3.8/site-packages/airflow/example_dags/example_external_task_marker_dag.py
[2024-10-04T08:40:40.266+0100] {processor.py:925} INFO - DAG(s) 'example_external_task_marker_parent', 'example_external_task_marker_child' retrieved from /opt/miniconda3/envs/airflow/lib/python3.8/site-packages/airflow/example_dags/example_external_task_marker_dag.py
[2024-10-04T08:40:40.297+0100] {logging_mixin.py:190} INFO - [2024-10-04T08:40:40.297+0100] {workday.py:41} WARNING - Could not import pandas. Holidays will not be considered.
[2024-10-04T08:40:40.302+0100] {logging_mixin.py:190} INFO - [2024-10-04T08:40:40.302+0100] {dag.py:3239} INFO - Sync 2 DAGs
[2024-10-04T08:40:40.306+0100] {logging_mixin.py:190} INFO - [2024-10-04T08:40:40.306+0100] {dag.py:4180} INFO - Setting next_dagrun for example_external_task_marker_child to None, run_after=None
[2024-10-04T08:40:40.307+0100] {logging_mixin.py:190} INFO - [2024-10-04T08:40:40.306+0100] {dag.py:4180} INFO - Setting next_dagrun for example_external_task_marker_parent to None, run_after=None
[2024-10-04T08:40:40.311+0100] {processor.py:208} INFO - Processing /opt/miniconda3/envs/airflow/lib/python3.8/site-packages/airflow/example_dags/example_external_task_marker_dag.py took 0.067 seconds
[2024-10-04T09:41:29.482+0100] {processor.py:186} INFO - Started process (PID=20525) to work on /opt/miniconda3/envs/airflow/lib/python3.8/site-packages/airflow/example_dags/example_external_task_marker_dag.py
[2024-10-04T09:41:29.483+0100] {processor.py:914} INFO - Processing file /opt/miniconda3/envs/airflow/lib/python3.8/site-packages/airflow/example_dags/example_external_task_marker_dag.py for tasks to queue
[2024-10-04T09:41:29.483+0100] {logging_mixin.py:190} INFO - [2024-10-04T09:41:29.483+0100] {dagbag.py:588} INFO - Filling up the DagBag from /opt/miniconda3/envs/airflow/lib/python3.8/site-packages/airflow/example_dags/example_external_task_marker_dag.py
[2024-10-04T09:41:29.503+0100] {processor.py:925} INFO - DAG(s) 'example_external_task_marker_child', 'example_external_task_marker_parent' retrieved from /opt/miniconda3/envs/airflow/lib/python3.8/site-packages/airflow/example_dags/example_external_task_marker_dag.py
[2024-10-04T09:41:29.533+0100] {logging_mixin.py:190} INFO - [2024-10-04T09:41:29.533+0100] {workday.py:41} WARNING - Could not import pandas. Holidays will not be considered.
[2024-10-04T09:41:29.540+0100] {logging_mixin.py:190} INFO - [2024-10-04T09:41:29.540+0100] {dag.py:3239} INFO - Sync 2 DAGs
[2024-10-04T09:41:29.543+0100] {logging_mixin.py:190} INFO - [2024-10-04T09:41:29.543+0100] {dag.py:4180} INFO - Setting next_dagrun for example_external_task_marker_child to None, run_after=None
[2024-10-04T09:41:29.544+0100] {logging_mixin.py:190} INFO - [2024-10-04T09:41:29.544+0100] {dag.py:4180} INFO - Setting next_dagrun for example_external_task_marker_parent to None, run_after=None
[2024-10-04T09:41:29.549+0100] {processor.py:208} INFO - Processing /opt/miniconda3/envs/airflow/lib/python3.8/site-packages/airflow/example_dags/example_external_task_marker_dag.py took 0.068 seconds
[2024-10-04T09:43:23.291+0100] {processor.py:186} INFO - Started process (PID=20680) to work on /opt/miniconda3/envs/airflow/lib/python3.8/site-packages/airflow/example_dags/example_external_task_marker_dag.py
[2024-10-04T09:43:23.291+0100] {processor.py:914} INFO - Processing file /opt/miniconda3/envs/airflow/lib/python3.8/site-packages/airflow/example_dags/example_external_task_marker_dag.py for tasks to queue
[2024-10-04T09:43:23.292+0100] {logging_mixin.py:190} INFO - [2024-10-04T09:43:23.292+0100] {dagbag.py:588} INFO - Filling up the DagBag from /opt/miniconda3/envs/airflow/lib/python3.8/site-packages/airflow/example_dags/example_external_task_marker_dag.py
[2024-10-04T09:43:23.311+0100] {processor.py:925} INFO - DAG(s) 'example_external_task_marker_child', 'example_external_task_marker_parent' retrieved from /opt/miniconda3/envs/airflow/lib/python3.8/site-packages/airflow/example_dags/example_external_task_marker_dag.py
[2024-10-04T09:43:23.340+0100] {logging_mixin.py:190} INFO - [2024-10-04T09:43:23.340+0100] {workday.py:41} WARNING - Could not import pandas. Holidays will not be considered.
[2024-10-04T09:43:23.347+0100] {logging_mixin.py:190} INFO - [2024-10-04T09:43:23.347+0100] {dag.py:3239} INFO - Sync 2 DAGs
[2024-10-04T09:43:23.350+0100] {logging_mixin.py:190} INFO - [2024-10-04T09:43:23.350+0100] {dag.py:4180} INFO - Setting next_dagrun for example_external_task_marker_child to None, run_after=None
[2024-10-04T09:43:23.351+0100] {logging_mixin.py:190} INFO - [2024-10-04T09:43:23.351+0100] {dag.py:4180} INFO - Setting next_dagrun for example_external_task_marker_parent to None, run_after=None
[2024-10-04T09:43:23.356+0100] {processor.py:208} INFO - Processing /opt/miniconda3/envs/airflow/lib/python3.8/site-packages/airflow/example_dags/example_external_task_marker_dag.py took 0.066 seconds
[2024-10-04T10:20:27.574+0100] {processor.py:186} INFO - Started process (PID=20883) to work on /opt/miniconda3/envs/airflow/lib/python3.8/site-packages/airflow/example_dags/example_external_task_marker_dag.py
[2024-10-04T10:20:27.575+0100] {processor.py:914} INFO - Processing file /opt/miniconda3/envs/airflow/lib/python3.8/site-packages/airflow/example_dags/example_external_task_marker_dag.py for tasks to queue
[2024-10-04T10:20:27.575+0100] {logging_mixin.py:190} INFO - [2024-10-04T10:20:27.575+0100] {dagbag.py:588} INFO - Filling up the DagBag from /opt/miniconda3/envs/airflow/lib/python3.8/site-packages/airflow/example_dags/example_external_task_marker_dag.py
[2024-10-04T10:20:27.595+0100] {processor.py:925} INFO - DAG(s) 'example_external_task_marker_child', 'example_external_task_marker_parent' retrieved from /opt/miniconda3/envs/airflow/lib/python3.8/site-packages/airflow/example_dags/example_external_task_marker_dag.py
[2024-10-04T10:20:27.625+0100] {logging_mixin.py:190} INFO - [2024-10-04T10:20:27.625+0100] {workday.py:41} WARNING - Could not import pandas. Holidays will not be considered.
[2024-10-04T10:20:27.632+0100] {logging_mixin.py:190} INFO - [2024-10-04T10:20:27.632+0100] {dag.py:3239} INFO - Sync 2 DAGs
[2024-10-04T10:20:27.635+0100] {logging_mixin.py:190} INFO - [2024-10-04T10:20:27.635+0100] {dag.py:4180} INFO - Setting next_dagrun for example_external_task_marker_child to None, run_after=None
[2024-10-04T10:20:27.636+0100] {logging_mixin.py:190} INFO - [2024-10-04T10:20:27.636+0100] {dag.py:4180} INFO - Setting next_dagrun for example_external_task_marker_parent to None, run_after=None
[2024-10-04T10:20:27.641+0100] {processor.py:208} INFO - Processing /opt/miniconda3/envs/airflow/lib/python3.8/site-packages/airflow/example_dags/example_external_task_marker_dag.py took 0.068 seconds
[2024-10-04T10:22:29.250+0100] {processor.py:186} INFO - Started process (PID=21041) to work on /opt/miniconda3/envs/airflow/lib/python3.8/site-packages/airflow/example_dags/example_external_task_marker_dag.py
[2024-10-04T10:22:29.250+0100] {processor.py:914} INFO - Processing file /opt/miniconda3/envs/airflow/lib/python3.8/site-packages/airflow/example_dags/example_external_task_marker_dag.py for tasks to queue
[2024-10-04T10:22:29.250+0100] {logging_mixin.py:190} INFO - [2024-10-04T10:22:29.250+0100] {dagbag.py:588} INFO - Filling up the DagBag from /opt/miniconda3/envs/airflow/lib/python3.8/site-packages/airflow/example_dags/example_external_task_marker_dag.py
[2024-10-04T10:22:29.271+0100] {processor.py:925} INFO - DAG(s) 'example_external_task_marker_parent', 'example_external_task_marker_child' retrieved from /opt/miniconda3/envs/airflow/lib/python3.8/site-packages/airflow/example_dags/example_external_task_marker_dag.py
[2024-10-04T10:22:29.302+0100] {logging_mixin.py:190} INFO - [2024-10-04T10:22:29.302+0100] {workday.py:41} WARNING - Could not import pandas. Holidays will not be considered.
[2024-10-04T10:22:29.307+0100] {logging_mixin.py:190} INFO - [2024-10-04T10:22:29.307+0100] {dag.py:3239} INFO - Sync 2 DAGs
[2024-10-04T10:22:29.311+0100] {logging_mixin.py:190} INFO - [2024-10-04T10:22:29.311+0100] {dag.py:4180} INFO - Setting next_dagrun for example_external_task_marker_child to None, run_after=None
[2024-10-04T10:22:29.311+0100] {logging_mixin.py:190} INFO - [2024-10-04T10:22:29.311+0100] {dag.py:4180} INFO - Setting next_dagrun for example_external_task_marker_parent to None, run_after=None
[2024-10-04T10:22:29.317+0100] {processor.py:208} INFO - Processing /opt/miniconda3/envs/airflow/lib/python3.8/site-packages/airflow/example_dags/example_external_task_marker_dag.py took 0.068 seconds
[2024-10-04T10:25:44.650+0100] {processor.py:186} INFO - Started process (PID=21213) to work on /opt/miniconda3/envs/airflow/lib/python3.8/site-packages/airflow/example_dags/example_external_task_marker_dag.py
[2024-10-04T10:25:44.652+0100] {processor.py:914} INFO - Processing file /opt/miniconda3/envs/airflow/lib/python3.8/site-packages/airflow/example_dags/example_external_task_marker_dag.py for tasks to queue
[2024-10-04T10:25:44.652+0100] {logging_mixin.py:190} INFO - [2024-10-04T10:25:44.652+0100] {dagbag.py:588} INFO - Filling up the DagBag from /opt/miniconda3/envs/airflow/lib/python3.8/site-packages/airflow/example_dags/example_external_task_marker_dag.py
[2024-10-04T10:25:44.673+0100] {processor.py:925} INFO - DAG(s) 'example_external_task_marker_child', 'example_external_task_marker_parent' retrieved from /opt/miniconda3/envs/airflow/lib/python3.8/site-packages/airflow/example_dags/example_external_task_marker_dag.py
[2024-10-04T10:25:44.702+0100] {logging_mixin.py:190} INFO - [2024-10-04T10:25:44.702+0100] {workday.py:41} WARNING - Could not import pandas. Holidays will not be considered.
[2024-10-04T10:25:44.709+0100] {logging_mixin.py:190} INFO - [2024-10-04T10:25:44.709+0100] {dag.py:3239} INFO - Sync 2 DAGs
[2024-10-04T10:25:44.712+0100] {logging_mixin.py:190} INFO - [2024-10-04T10:25:44.712+0100] {dag.py:4180} INFO - Setting next_dagrun for example_external_task_marker_child to None, run_after=None
[2024-10-04T10:25:44.713+0100] {logging_mixin.py:190} INFO - [2024-10-04T10:25:44.713+0100] {dag.py:4180} INFO - Setting next_dagrun for example_external_task_marker_parent to None, run_after=None
[2024-10-04T10:25:44.718+0100] {processor.py:208} INFO - Processing /opt/miniconda3/envs/airflow/lib/python3.8/site-packages/airflow/example_dags/example_external_task_marker_dag.py took 0.069 seconds
[2024-10-04T10:27:37.956+0100] {processor.py:186} INFO - Started process (PID=21364) to work on /opt/miniconda3/envs/airflow/lib/python3.8/site-packages/airflow/example_dags/example_external_task_marker_dag.py
[2024-10-04T10:27:37.957+0100] {processor.py:914} INFO - Processing file /opt/miniconda3/envs/airflow/lib/python3.8/site-packages/airflow/example_dags/example_external_task_marker_dag.py for tasks to queue
[2024-10-04T10:27:37.958+0100] {logging_mixin.py:190} INFO - [2024-10-04T10:27:37.958+0100] {dagbag.py:588} INFO - Filling up the DagBag from /opt/miniconda3/envs/airflow/lib/python3.8/site-packages/airflow/example_dags/example_external_task_marker_dag.py
[2024-10-04T10:27:37.978+0100] {processor.py:925} INFO - DAG(s) 'example_external_task_marker_child', 'example_external_task_marker_parent' retrieved from /opt/miniconda3/envs/airflow/lib/python3.8/site-packages/airflow/example_dags/example_external_task_marker_dag.py
[2024-10-04T10:27:38.008+0100] {logging_mixin.py:190} INFO - [2024-10-04T10:27:38.007+0100] {workday.py:41} WARNING - Could not import pandas. Holidays will not be considered.
[2024-10-04T10:27:38.014+0100] {logging_mixin.py:190} INFO - [2024-10-04T10:27:38.014+0100] {dag.py:3239} INFO - Sync 2 DAGs
[2024-10-04T10:27:38.017+0100] {logging_mixin.py:190} INFO - [2024-10-04T10:27:38.017+0100] {dag.py:4180} INFO - Setting next_dagrun for example_external_task_marker_child to None, run_after=None
[2024-10-04T10:27:38.018+0100] {logging_mixin.py:190} INFO - [2024-10-04T10:27:38.018+0100] {dag.py:4180} INFO - Setting next_dagrun for example_external_task_marker_parent to None, run_after=None
[2024-10-04T10:27:38.023+0100] {processor.py:208} INFO - Processing /opt/miniconda3/envs/airflow/lib/python3.8/site-packages/airflow/example_dags/example_external_task_marker_dag.py took 0.068 seconds
[2024-10-04T10:29:33.385+0100] {processor.py:186} INFO - Started process (PID=21552) to work on /opt/miniconda3/envs/airflow/lib/python3.8/site-packages/airflow/example_dags/example_external_task_marker_dag.py
[2024-10-04T10:29:33.386+0100] {processor.py:914} INFO - Processing file /opt/miniconda3/envs/airflow/lib/python3.8/site-packages/airflow/example_dags/example_external_task_marker_dag.py for tasks to queue
[2024-10-04T10:29:33.386+0100] {logging_mixin.py:190} INFO - [2024-10-04T10:29:33.386+0100] {dagbag.py:588} INFO - Filling up the DagBag from /opt/miniconda3/envs/airflow/lib/python3.8/site-packages/airflow/example_dags/example_external_task_marker_dag.py
[2024-10-04T10:29:33.407+0100] {processor.py:925} INFO - DAG(s) 'example_external_task_marker_child', 'example_external_task_marker_parent' retrieved from /opt/miniconda3/envs/airflow/lib/python3.8/site-packages/airflow/example_dags/example_external_task_marker_dag.py
[2024-10-04T10:29:33.436+0100] {logging_mixin.py:190} INFO - [2024-10-04T10:29:33.436+0100] {workday.py:41} WARNING - Could not import pandas. Holidays will not be considered.
[2024-10-04T10:29:33.443+0100] {logging_mixin.py:190} INFO - [2024-10-04T10:29:33.443+0100] {dag.py:3239} INFO - Sync 2 DAGs
[2024-10-04T10:29:33.446+0100] {logging_mixin.py:190} INFO - [2024-10-04T10:29:33.446+0100] {dag.py:4180} INFO - Setting next_dagrun for example_external_task_marker_child to None, run_after=None
[2024-10-04T10:29:33.447+0100] {logging_mixin.py:190} INFO - [2024-10-04T10:29:33.447+0100] {dag.py:4180} INFO - Setting next_dagrun for example_external_task_marker_parent to None, run_after=None
[2024-10-04T10:29:33.452+0100] {processor.py:208} INFO - Processing /opt/miniconda3/envs/airflow/lib/python3.8/site-packages/airflow/example_dags/example_external_task_marker_dag.py took 0.070 seconds
[2024-10-04T10:31:26.303+0100] {processor.py:186} INFO - Started process (PID=21709) to work on /opt/miniconda3/envs/airflow/lib/python3.8/site-packages/airflow/example_dags/example_external_task_marker_dag.py
[2024-10-04T10:31:26.303+0100] {processor.py:914} INFO - Processing file /opt/miniconda3/envs/airflow/lib/python3.8/site-packages/airflow/example_dags/example_external_task_marker_dag.py for tasks to queue
[2024-10-04T10:31:26.303+0100] {logging_mixin.py:190} INFO - [2024-10-04T10:31:26.303+0100] {dagbag.py:588} INFO - Filling up the DagBag from /opt/miniconda3/envs/airflow/lib/python3.8/site-packages/airflow/example_dags/example_external_task_marker_dag.py
[2024-10-04T10:31:26.325+0100] {processor.py:925} INFO - DAG(s) 'example_external_task_marker_child', 'example_external_task_marker_parent' retrieved from /opt/miniconda3/envs/airflow/lib/python3.8/site-packages/airflow/example_dags/example_external_task_marker_dag.py
[2024-10-04T10:31:26.354+0100] {logging_mixin.py:190} INFO - [2024-10-04T10:31:26.354+0100] {workday.py:41} WARNING - Could not import pandas. Holidays will not be considered.
[2024-10-04T10:31:26.361+0100] {logging_mixin.py:190} INFO - [2024-10-04T10:31:26.361+0100] {dag.py:3239} INFO - Sync 2 DAGs
[2024-10-04T10:31:26.364+0100] {logging_mixin.py:190} INFO - [2024-10-04T10:31:26.364+0100] {dag.py:4180} INFO - Setting next_dagrun for example_external_task_marker_child to None, run_after=None
[2024-10-04T10:31:26.365+0100] {logging_mixin.py:190} INFO - [2024-10-04T10:31:26.365+0100] {dag.py:4180} INFO - Setting next_dagrun for example_external_task_marker_parent to None, run_after=None
[2024-10-04T10:31:26.370+0100] {processor.py:208} INFO - Processing /opt/miniconda3/envs/airflow/lib/python3.8/site-packages/airflow/example_dags/example_external_task_marker_dag.py took 0.069 seconds
[2024-10-04T10:33:30.228+0100] {processor.py:186} INFO - Started process (PID=21890) to work on /opt/miniconda3/envs/airflow/lib/python3.8/site-packages/airflow/example_dags/example_external_task_marker_dag.py
[2024-10-04T10:33:30.228+0100] {processor.py:914} INFO - Processing file /opt/miniconda3/envs/airflow/lib/python3.8/site-packages/airflow/example_dags/example_external_task_marker_dag.py for tasks to queue
[2024-10-04T10:33:30.228+0100] {logging_mixin.py:190} INFO - [2024-10-04T10:33:30.228+0100] {dagbag.py:588} INFO - Filling up the DagBag from /opt/miniconda3/envs/airflow/lib/python3.8/site-packages/airflow/example_dags/example_external_task_marker_dag.py
[2024-10-04T10:33:30.249+0100] {processor.py:925} INFO - DAG(s) 'example_external_task_marker_parent', 'example_external_task_marker_child' retrieved from /opt/miniconda3/envs/airflow/lib/python3.8/site-packages/airflow/example_dags/example_external_task_marker_dag.py
[2024-10-04T10:33:30.281+0100] {logging_mixin.py:190} INFO - [2024-10-04T10:33:30.281+0100] {workday.py:41} WARNING - Could not import pandas. Holidays will not be considered.
[2024-10-04T10:33:30.285+0100] {logging_mixin.py:190} INFO - [2024-10-04T10:33:30.285+0100] {dag.py:3239} INFO - Sync 2 DAGs
[2024-10-04T10:33:30.289+0100] {logging_mixin.py:190} INFO - [2024-10-04T10:33:30.289+0100] {dag.py:4180} INFO - Setting next_dagrun for example_external_task_marker_child to None, run_after=None
[2024-10-04T10:33:30.290+0100] {logging_mixin.py:190} INFO - [2024-10-04T10:33:30.290+0100] {dag.py:4180} INFO - Setting next_dagrun for example_external_task_marker_parent to None, run_after=None
[2024-10-04T10:33:30.295+0100] {processor.py:208} INFO - Processing /opt/miniconda3/envs/airflow/lib/python3.8/site-packages/airflow/example_dags/example_external_task_marker_dag.py took 0.069 seconds
[2024-10-04T10:35:44.861+0100] {processor.py:186} INFO - Started process (PID=22063) to work on /opt/miniconda3/envs/airflow/lib/python3.8/site-packages/airflow/example_dags/example_external_task_marker_dag.py
[2024-10-04T10:35:44.861+0100] {processor.py:914} INFO - Processing file /opt/miniconda3/envs/airflow/lib/python3.8/site-packages/airflow/example_dags/example_external_task_marker_dag.py for tasks to queue
[2024-10-04T10:35:44.862+0100] {logging_mixin.py:190} INFO - [2024-10-04T10:35:44.862+0100] {dagbag.py:588} INFO - Filling up the DagBag from /opt/miniconda3/envs/airflow/lib/python3.8/site-packages/airflow/example_dags/example_external_task_marker_dag.py
[2024-10-04T10:35:44.883+0100] {processor.py:925} INFO - DAG(s) 'example_external_task_marker_parent', 'example_external_task_marker_child' retrieved from /opt/miniconda3/envs/airflow/lib/python3.8/site-packages/airflow/example_dags/example_external_task_marker_dag.py
[2024-10-04T10:35:44.915+0100] {logging_mixin.py:190} INFO - [2024-10-04T10:35:44.915+0100] {workday.py:41} WARNING - Could not import pandas. Holidays will not be considered.
[2024-10-04T10:35:44.920+0100] {logging_mixin.py:190} INFO - [2024-10-04T10:35:44.920+0100] {dag.py:3239} INFO - Sync 2 DAGs
[2024-10-04T10:35:44.924+0100] {logging_mixin.py:190} INFO - [2024-10-04T10:35:44.924+0100] {dag.py:4180} INFO - Setting next_dagrun for example_external_task_marker_child to None, run_after=None
[2024-10-04T10:35:44.925+0100] {logging_mixin.py:190} INFO - [2024-10-04T10:35:44.925+0100] {dag.py:4180} INFO - Setting next_dagrun for example_external_task_marker_parent to None, run_after=None
[2024-10-04T10:35:44.930+0100] {processor.py:208} INFO - Processing /opt/miniconda3/envs/airflow/lib/python3.8/site-packages/airflow/example_dags/example_external_task_marker_dag.py took 0.070 seconds
[2024-10-04T10:37:59.034+0100] {processor.py:186} INFO - Started process (PID=22234) to work on /opt/miniconda3/envs/airflow/lib/python3.8/site-packages/airflow/example_dags/example_external_task_marker_dag.py
[2024-10-04T10:37:59.036+0100] {processor.py:914} INFO - Processing file /opt/miniconda3/envs/airflow/lib/python3.8/site-packages/airflow/example_dags/example_external_task_marker_dag.py for tasks to queue
[2024-10-04T10:37:59.036+0100] {logging_mixin.py:190} INFO - [2024-10-04T10:37:59.036+0100] {dagbag.py:588} INFO - Filling up the DagBag from /opt/miniconda3/envs/airflow/lib/python3.8/site-packages/airflow/example_dags/example_external_task_marker_dag.py
[2024-10-04T10:37:59.057+0100] {processor.py:925} INFO - DAG(s) 'example_external_task_marker_parent', 'example_external_task_marker_child' retrieved from /opt/miniconda3/envs/airflow/lib/python3.8/site-packages/airflow/example_dags/example_external_task_marker_dag.py
[2024-10-04T10:37:59.090+0100] {logging_mixin.py:190} INFO - [2024-10-04T10:37:59.090+0100] {workday.py:41} WARNING - Could not import pandas. Holidays will not be considered.
[2024-10-04T10:37:59.095+0100] {logging_mixin.py:190} INFO - [2024-10-04T10:37:59.094+0100] {dag.py:3239} INFO - Sync 2 DAGs
[2024-10-04T10:37:59.098+0100] {logging_mixin.py:190} INFO - [2024-10-04T10:37:59.098+0100] {dag.py:4180} INFO - Setting next_dagrun for example_external_task_marker_child to None, run_after=None
[2024-10-04T10:37:59.099+0100] {logging_mixin.py:190} INFO - [2024-10-04T10:37:59.099+0100] {dag.py:4180} INFO - Setting next_dagrun for example_external_task_marker_parent to None, run_after=None
[2024-10-04T10:37:59.104+0100] {processor.py:208} INFO - Processing /opt/miniconda3/envs/airflow/lib/python3.8/site-packages/airflow/example_dags/example_external_task_marker_dag.py took 0.071 seconds
