[2024-10-04T01:28:40.612+0100] {processor.py:186} INFO - Started process (PID=17354) to work on /opt/miniconda3/envs/airflow/lib/python3.8/site-packages/airflow/example_dags/tutorial_dag.py
[2024-10-04T01:28:40.612+0100] {processor.py:914} INFO - Processing file /opt/miniconda3/envs/airflow/lib/python3.8/site-packages/airflow/example_dags/tutorial_dag.py for tasks to queue
[2024-10-04T01:28:40.612+0100] {logging_mixin.py:190} INFO - [2024-10-04T01:28:40.612+0100] {dagbag.py:588} INFO - Filling up the DagBag from /opt/miniconda3/envs/airflow/lib/python3.8/site-packages/airflow/example_dags/tutorial_dag.py
[2024-10-04T01:28:40.635+0100] {processor.py:925} INFO - DAG(s) 'tutorial_dag' retrieved from /opt/miniconda3/envs/airflow/lib/python3.8/site-packages/airflow/example_dags/tutorial_dag.py
[2024-10-04T01:28:40.667+0100] {logging_mixin.py:190} INFO - [2024-10-04T01:28:40.666+0100] {dag.py:3239} INFO - Sync 1 DAGs
[2024-10-04T01:28:40.670+0100] {logging_mixin.py:190} INFO - [2024-10-04T01:28:40.670+0100] {dag.py:4180} INFO - Setting next_dagrun for tutorial_dag to None, run_after=None
[2024-10-04T01:28:40.676+0100] {processor.py:208} INFO - Processing /opt/miniconda3/envs/airflow/lib/python3.8/site-packages/airflow/example_dags/tutorial_dag.py took 0.066 seconds
[2024-10-04T01:56:05.753+0100] {processor.py:186} INFO - Started process (PID=17478) to work on /opt/miniconda3/envs/airflow/lib/python3.8/site-packages/airflow/example_dags/tutorial_dag.py
[2024-10-04T01:56:05.754+0100] {processor.py:914} INFO - Processing file /opt/miniconda3/envs/airflow/lib/python3.8/site-packages/airflow/example_dags/tutorial_dag.py for tasks to queue
[2024-10-04T01:56:05.755+0100] {logging_mixin.py:190} INFO - [2024-10-04T01:56:05.755+0100] {dagbag.py:588} INFO - Filling up the DagBag from /opt/miniconda3/envs/airflow/lib/python3.8/site-packages/airflow/example_dags/tutorial_dag.py
[2024-10-04T01:56:05.778+0100] {processor.py:925} INFO - DAG(s) 'tutorial_dag' retrieved from /opt/miniconda3/envs/airflow/lib/python3.8/site-packages/airflow/example_dags/tutorial_dag.py
[2024-10-04T01:56:05.809+0100] {logging_mixin.py:190} INFO - [2024-10-04T01:56:05.809+0100] {dag.py:3239} INFO - Sync 1 DAGs
[2024-10-04T01:56:05.812+0100] {logging_mixin.py:190} INFO - [2024-10-04T01:56:05.812+0100] {dag.py:4180} INFO - Setting next_dagrun for tutorial_dag to None, run_after=None
[2024-10-04T01:56:05.818+0100] {processor.py:208} INFO - Processing /opt/miniconda3/envs/airflow/lib/python3.8/site-packages/airflow/example_dags/tutorial_dag.py took 0.067 seconds
[2024-10-04T01:57:10.899+0100] {processor.py:186} INFO - Started process (PID=17559) to work on /opt/miniconda3/envs/airflow/lib/python3.8/site-packages/airflow/example_dags/tutorial_dag.py
[2024-10-04T01:57:10.900+0100] {processor.py:914} INFO - Processing file /opt/miniconda3/envs/airflow/lib/python3.8/site-packages/airflow/example_dags/tutorial_dag.py for tasks to queue
[2024-10-04T01:57:10.900+0100] {logging_mixin.py:190} INFO - [2024-10-04T01:57:10.900+0100] {dagbag.py:588} INFO - Filling up the DagBag from /opt/miniconda3/envs/airflow/lib/python3.8/site-packages/airflow/example_dags/tutorial_dag.py
[2024-10-04T01:57:10.923+0100] {processor.py:925} INFO - DAG(s) 'tutorial_dag' retrieved from /opt/miniconda3/envs/airflow/lib/python3.8/site-packages/airflow/example_dags/tutorial_dag.py
[2024-10-04T01:57:10.955+0100] {logging_mixin.py:190} INFO - [2024-10-04T01:57:10.955+0100] {dag.py:3239} INFO - Sync 1 DAGs
[2024-10-04T01:57:10.958+0100] {logging_mixin.py:190} INFO - [2024-10-04T01:57:10.958+0100] {dag.py:4180} INFO - Setting next_dagrun for tutorial_dag to None, run_after=None
[2024-10-04T01:57:10.964+0100] {processor.py:208} INFO - Processing /opt/miniconda3/envs/airflow/lib/python3.8/site-packages/airflow/example_dags/tutorial_dag.py took 0.066 seconds
[2024-10-04T03:16:35.019+0100] {processor.py:186} INFO - Started process (PID=17652) to work on /opt/miniconda3/envs/airflow/lib/python3.8/site-packages/airflow/example_dags/tutorial_dag.py
[2024-10-04T03:16:35.020+0100] {processor.py:914} INFO - Processing file /opt/miniconda3/envs/airflow/lib/python3.8/site-packages/airflow/example_dags/tutorial_dag.py for tasks to queue
[2024-10-04T03:16:35.020+0100] {logging_mixin.py:190} INFO - [2024-10-04T03:16:35.020+0100] {dagbag.py:588} INFO - Filling up the DagBag from /opt/miniconda3/envs/airflow/lib/python3.8/site-packages/airflow/example_dags/tutorial_dag.py
[2024-10-04T03:16:35.043+0100] {processor.py:925} INFO - DAG(s) 'tutorial_dag' retrieved from /opt/miniconda3/envs/airflow/lib/python3.8/site-packages/airflow/example_dags/tutorial_dag.py
[2024-10-04T03:16:35.075+0100] {logging_mixin.py:190} INFO - [2024-10-04T03:16:35.074+0100] {dag.py:3239} INFO - Sync 1 DAGs
[2024-10-04T03:16:35.078+0100] {logging_mixin.py:190} INFO - [2024-10-04T03:16:35.078+0100] {dag.py:4180} INFO - Setting next_dagrun for tutorial_dag to None, run_after=None
[2024-10-04T03:16:35.084+0100] {processor.py:208} INFO - Processing /opt/miniconda3/envs/airflow/lib/python3.8/site-packages/airflow/example_dags/tutorial_dag.py took 0.066 seconds
[2024-10-04T03:51:45.106+0100] {processor.py:186} INFO - Started process (PID=17789) to work on /opt/miniconda3/envs/airflow/lib/python3.8/site-packages/airflow/example_dags/tutorial_dag.py
[2024-10-04T03:51:45.107+0100] {processor.py:914} INFO - Processing file /opt/miniconda3/envs/airflow/lib/python3.8/site-packages/airflow/example_dags/tutorial_dag.py for tasks to queue
[2024-10-04T03:51:45.107+0100] {logging_mixin.py:190} INFO - [2024-10-04T03:51:45.107+0100] {dagbag.py:588} INFO - Filling up the DagBag from /opt/miniconda3/envs/airflow/lib/python3.8/site-packages/airflow/example_dags/tutorial_dag.py
[2024-10-04T03:51:45.130+0100] {processor.py:925} INFO - DAG(s) 'tutorial_dag' retrieved from /opt/miniconda3/envs/airflow/lib/python3.8/site-packages/airflow/example_dags/tutorial_dag.py
[2024-10-04T03:51:45.161+0100] {logging_mixin.py:190} INFO - [2024-10-04T03:51:45.161+0100] {dag.py:3239} INFO - Sync 1 DAGs
[2024-10-04T03:51:45.164+0100] {logging_mixin.py:190} INFO - [2024-10-04T03:51:45.164+0100] {dag.py:4180} INFO - Setting next_dagrun for tutorial_dag to None, run_after=None
[2024-10-04T03:51:45.170+0100] {processor.py:208} INFO - Processing /opt/miniconda3/envs/airflow/lib/python3.8/site-packages/airflow/example_dags/tutorial_dag.py took 0.066 seconds
[2024-10-04T03:52:48.565+0100] {processor.py:186} INFO - Started process (PID=17878) to work on /opt/miniconda3/envs/airflow/lib/python3.8/site-packages/airflow/example_dags/tutorial_dag.py
[2024-10-04T03:52:48.565+0100] {processor.py:914} INFO - Processing file /opt/miniconda3/envs/airflow/lib/python3.8/site-packages/airflow/example_dags/tutorial_dag.py for tasks to queue
[2024-10-04T03:52:48.565+0100] {logging_mixin.py:190} INFO - [2024-10-04T03:52:48.565+0100] {dagbag.py:588} INFO - Filling up the DagBag from /opt/miniconda3/envs/airflow/lib/python3.8/site-packages/airflow/example_dags/tutorial_dag.py
[2024-10-04T03:52:48.588+0100] {processor.py:925} INFO - DAG(s) 'tutorial_dag' retrieved from /opt/miniconda3/envs/airflow/lib/python3.8/site-packages/airflow/example_dags/tutorial_dag.py
[2024-10-04T03:52:48.620+0100] {logging_mixin.py:190} INFO - [2024-10-04T03:52:48.620+0100] {dag.py:3239} INFO - Sync 1 DAGs
[2024-10-04T03:52:48.623+0100] {logging_mixin.py:190} INFO - [2024-10-04T03:52:48.623+0100] {dag.py:4180} INFO - Setting next_dagrun for tutorial_dag to None, run_after=None
[2024-10-04T03:52:48.629+0100] {processor.py:208} INFO - Processing /opt/miniconda3/envs/airflow/lib/python3.8/site-packages/airflow/example_dags/tutorial_dag.py took 0.066 seconds
[2024-10-04T05:24:51.749+0100] {processor.py:186} INFO - Started process (PID=17981) to work on /opt/miniconda3/envs/airflow/lib/python3.8/site-packages/airflow/example_dags/tutorial_dag.py
[2024-10-04T05:24:51.750+0100] {processor.py:914} INFO - Processing file /opt/miniconda3/envs/airflow/lib/python3.8/site-packages/airflow/example_dags/tutorial_dag.py for tasks to queue
[2024-10-04T05:24:51.750+0100] {logging_mixin.py:190} INFO - [2024-10-04T05:24:51.750+0100] {dagbag.py:588} INFO - Filling up the DagBag from /opt/miniconda3/envs/airflow/lib/python3.8/site-packages/airflow/example_dags/tutorial_dag.py
[2024-10-04T05:24:51.774+0100] {processor.py:925} INFO - DAG(s) 'tutorial_dag' retrieved from /opt/miniconda3/envs/airflow/lib/python3.8/site-packages/airflow/example_dags/tutorial_dag.py
[2024-10-04T05:24:51.806+0100] {logging_mixin.py:190} INFO - [2024-10-04T05:24:51.805+0100] {dag.py:3239} INFO - Sync 1 DAGs
[2024-10-04T05:24:51.809+0100] {logging_mixin.py:190} INFO - [2024-10-04T05:24:51.809+0100] {dag.py:4180} INFO - Setting next_dagrun for tutorial_dag to None, run_after=None
[2024-10-04T05:24:51.815+0100] {processor.py:208} INFO - Processing /opt/miniconda3/envs/airflow/lib/python3.8/site-packages/airflow/example_dags/tutorial_dag.py took 0.067 seconds
[2024-10-04T06:14:51.322+0100] {processor.py:186} INFO - Started process (PID=18109) to work on /opt/miniconda3/envs/airflow/lib/python3.8/site-packages/airflow/example_dags/tutorial_dag.py
[2024-10-04T06:14:51.322+0100] {processor.py:914} INFO - Processing file /opt/miniconda3/envs/airflow/lib/python3.8/site-packages/airflow/example_dags/tutorial_dag.py for tasks to queue
[2024-10-04T06:14:51.323+0100] {logging_mixin.py:190} INFO - [2024-10-04T06:14:51.322+0100] {dagbag.py:588} INFO - Filling up the DagBag from /opt/miniconda3/envs/airflow/lib/python3.8/site-packages/airflow/example_dags/tutorial_dag.py
[2024-10-04T06:14:51.346+0100] {processor.py:925} INFO - DAG(s) 'tutorial_dag' retrieved from /opt/miniconda3/envs/airflow/lib/python3.8/site-packages/airflow/example_dags/tutorial_dag.py
[2024-10-04T06:14:51.377+0100] {logging_mixin.py:190} INFO - [2024-10-04T06:14:51.377+0100] {dag.py:3239} INFO - Sync 1 DAGs
[2024-10-04T06:14:51.381+0100] {logging_mixin.py:190} INFO - [2024-10-04T06:14:51.381+0100] {dag.py:4180} INFO - Setting next_dagrun for tutorial_dag to None, run_after=None
[2024-10-04T06:14:51.386+0100] {processor.py:208} INFO - Processing /opt/miniconda3/envs/airflow/lib/python3.8/site-packages/airflow/example_dags/tutorial_dag.py took 0.066 seconds
[2024-10-04T06:15:46.166+0100] {processor.py:186} INFO - Started process (PID=19839) to work on /opt/miniconda3/envs/airflow/lib/python3.8/site-packages/airflow/example_dags/tutorial_dag.py
[2024-10-04T06:15:46.167+0100] {processor.py:914} INFO - Processing file /opt/miniconda3/envs/airflow/lib/python3.8/site-packages/airflow/example_dags/tutorial_dag.py for tasks to queue
[2024-10-04T06:15:46.167+0100] {logging_mixin.py:190} INFO - [2024-10-04T06:15:46.167+0100] {dagbag.py:588} INFO - Filling up the DagBag from /opt/miniconda3/envs/airflow/lib/python3.8/site-packages/airflow/example_dags/tutorial_dag.py
[2024-10-04T06:15:46.191+0100] {processor.py:925} INFO - DAG(s) 'tutorial_dag' retrieved from /opt/miniconda3/envs/airflow/lib/python3.8/site-packages/airflow/example_dags/tutorial_dag.py
[2024-10-04T06:15:46.222+0100] {logging_mixin.py:190} INFO - [2024-10-04T06:15:46.222+0100] {dag.py:3239} INFO - Sync 1 DAGs
[2024-10-04T06:15:46.225+0100] {logging_mixin.py:190} INFO - [2024-10-04T06:15:46.225+0100] {dag.py:4180} INFO - Setting next_dagrun for tutorial_dag to None, run_after=None
[2024-10-04T06:15:46.231+0100] {processor.py:208} INFO - Processing /opt/miniconda3/envs/airflow/lib/python3.8/site-packages/airflow/example_dags/tutorial_dag.py took 0.067 seconds
[2024-10-04T06:16:43.993+0100] {processor.py:186} INFO - Started process (PID=19935) to work on /opt/miniconda3/envs/airflow/lib/python3.8/site-packages/airflow/example_dags/tutorial_dag.py
[2024-10-04T06:16:43.993+0100] {processor.py:914} INFO - Processing file /opt/miniconda3/envs/airflow/lib/python3.8/site-packages/airflow/example_dags/tutorial_dag.py for tasks to queue
[2024-10-04T06:16:43.994+0100] {logging_mixin.py:190} INFO - [2024-10-04T06:16:43.994+0100] {dagbag.py:588} INFO - Filling up the DagBag from /opt/miniconda3/envs/airflow/lib/python3.8/site-packages/airflow/example_dags/tutorial_dag.py
[2024-10-04T06:16:44.017+0100] {processor.py:925} INFO - DAG(s) 'tutorial_dag' retrieved from /opt/miniconda3/envs/airflow/lib/python3.8/site-packages/airflow/example_dags/tutorial_dag.py
[2024-10-04T06:16:44.050+0100] {logging_mixin.py:190} INFO - [2024-10-04T06:16:44.050+0100] {dag.py:3239} INFO - Sync 1 DAGs
[2024-10-04T06:16:44.054+0100] {logging_mixin.py:190} INFO - [2024-10-04T06:16:44.054+0100] {dag.py:4180} INFO - Setting next_dagrun for tutorial_dag to None, run_after=None
[2024-10-04T06:16:44.059+0100] {processor.py:208} INFO - Processing /opt/miniconda3/envs/airflow/lib/python3.8/site-packages/airflow/example_dags/tutorial_dag.py took 0.068 seconds
[2024-10-04T08:02:34.796+0100] {processor.py:186} INFO - Started process (PID=20044) to work on /opt/miniconda3/envs/airflow/lib/python3.8/site-packages/airflow/example_dags/tutorial_dag.py
[2024-10-04T08:02:34.796+0100] {processor.py:914} INFO - Processing file /opt/miniconda3/envs/airflow/lib/python3.8/site-packages/airflow/example_dags/tutorial_dag.py for tasks to queue
[2024-10-04T08:02:34.797+0100] {logging_mixin.py:190} INFO - [2024-10-04T08:02:34.797+0100] {dagbag.py:588} INFO - Filling up the DagBag from /opt/miniconda3/envs/airflow/lib/python3.8/site-packages/airflow/example_dags/tutorial_dag.py
[2024-10-04T08:02:34.822+0100] {processor.py:925} INFO - DAG(s) 'tutorial_dag' retrieved from /opt/miniconda3/envs/airflow/lib/python3.8/site-packages/airflow/example_dags/tutorial_dag.py
[2024-10-04T08:02:34.853+0100] {logging_mixin.py:190} INFO - [2024-10-04T08:02:34.853+0100] {dag.py:3239} INFO - Sync 1 DAGs
[2024-10-04T08:02:34.857+0100] {logging_mixin.py:190} INFO - [2024-10-04T08:02:34.857+0100] {dag.py:4180} INFO - Setting next_dagrun for tutorial_dag to None, run_after=None
[2024-10-04T08:02:34.863+0100] {processor.py:208} INFO - Processing /opt/miniconda3/envs/airflow/lib/python3.8/site-packages/airflow/example_dags/tutorial_dag.py took 0.068 seconds
[2024-10-04T08:39:22.390+0100] {processor.py:186} INFO - Started process (PID=20173) to work on /opt/miniconda3/envs/airflow/lib/python3.8/site-packages/airflow/example_dags/tutorial_dag.py
[2024-10-04T08:39:22.391+0100] {processor.py:914} INFO - Processing file /opt/miniconda3/envs/airflow/lib/python3.8/site-packages/airflow/example_dags/tutorial_dag.py for tasks to queue
[2024-10-04T08:39:22.391+0100] {logging_mixin.py:190} INFO - [2024-10-04T08:39:22.391+0100] {dagbag.py:588} INFO - Filling up the DagBag from /opt/miniconda3/envs/airflow/lib/python3.8/site-packages/airflow/example_dags/tutorial_dag.py
[2024-10-04T08:39:22.414+0100] {processor.py:925} INFO - DAG(s) 'tutorial_dag' retrieved from /opt/miniconda3/envs/airflow/lib/python3.8/site-packages/airflow/example_dags/tutorial_dag.py
[2024-10-04T08:39:22.445+0100] {logging_mixin.py:190} INFO - [2024-10-04T08:39:22.445+0100] {dag.py:3239} INFO - Sync 1 DAGs
[2024-10-04T08:39:22.448+0100] {logging_mixin.py:190} INFO - [2024-10-04T08:39:22.448+0100] {dag.py:4180} INFO - Setting next_dagrun for tutorial_dag to None, run_after=None
[2024-10-04T08:39:22.454+0100] {processor.py:208} INFO - Processing /opt/miniconda3/envs/airflow/lib/python3.8/site-packages/airflow/example_dags/tutorial_dag.py took 0.066 seconds
[2024-10-04T08:40:18.618+0100] {processor.py:186} INFO - Started process (PID=20248) to work on /opt/miniconda3/envs/airflow/lib/python3.8/site-packages/airflow/example_dags/tutorial_dag.py
[2024-10-04T08:40:18.618+0100] {processor.py:914} INFO - Processing file /opt/miniconda3/envs/airflow/lib/python3.8/site-packages/airflow/example_dags/tutorial_dag.py for tasks to queue
[2024-10-04T08:40:18.619+0100] {logging_mixin.py:190} INFO - [2024-10-04T08:40:18.619+0100] {dagbag.py:588} INFO - Filling up the DagBag from /opt/miniconda3/envs/airflow/lib/python3.8/site-packages/airflow/example_dags/tutorial_dag.py
[2024-10-04T08:40:18.642+0100] {processor.py:925} INFO - DAG(s) 'tutorial_dag' retrieved from /opt/miniconda3/envs/airflow/lib/python3.8/site-packages/airflow/example_dags/tutorial_dag.py
[2024-10-04T08:40:18.673+0100] {logging_mixin.py:190} INFO - [2024-10-04T08:40:18.673+0100] {dag.py:3239} INFO - Sync 1 DAGs
[2024-10-04T08:40:18.676+0100] {logging_mixin.py:190} INFO - [2024-10-04T08:40:18.676+0100] {dag.py:4180} INFO - Setting next_dagrun for tutorial_dag to None, run_after=None
[2024-10-04T08:40:18.682+0100] {processor.py:208} INFO - Processing /opt/miniconda3/envs/airflow/lib/python3.8/site-packages/airflow/example_dags/tutorial_dag.py took 0.066 seconds
[2024-10-04T08:41:13.042+0100] {processor.py:186} INFO - Started process (PID=20329) to work on /opt/miniconda3/envs/airflow/lib/python3.8/site-packages/airflow/example_dags/tutorial_dag.py
[2024-10-04T08:41:13.042+0100] {processor.py:914} INFO - Processing file /opt/miniconda3/envs/airflow/lib/python3.8/site-packages/airflow/example_dags/tutorial_dag.py for tasks to queue
[2024-10-04T08:41:13.042+0100] {logging_mixin.py:190} INFO - [2024-10-04T08:41:13.042+0100] {dagbag.py:588} INFO - Filling up the DagBag from /opt/miniconda3/envs/airflow/lib/python3.8/site-packages/airflow/example_dags/tutorial_dag.py
[2024-10-04T08:41:13.065+0100] {processor.py:925} INFO - DAG(s) 'tutorial_dag' retrieved from /opt/miniconda3/envs/airflow/lib/python3.8/site-packages/airflow/example_dags/tutorial_dag.py
[2024-10-04T08:41:13.097+0100] {logging_mixin.py:190} INFO - [2024-10-04T08:41:13.097+0100] {dag.py:3239} INFO - Sync 1 DAGs
[2024-10-04T08:41:13.100+0100] {logging_mixin.py:190} INFO - [2024-10-04T08:41:13.100+0100] {dag.py:4180} INFO - Setting next_dagrun for tutorial_dag to None, run_after=None
[2024-10-04T08:41:13.106+0100] {processor.py:208} INFO - Processing /opt/miniconda3/envs/airflow/lib/python3.8/site-packages/airflow/example_dags/tutorial_dag.py took 0.066 seconds
[2024-10-04T08:58:03.658+0100] {processor.py:186} INFO - Started process (PID=20413) to work on /opt/miniconda3/envs/airflow/lib/python3.8/site-packages/airflow/example_dags/tutorial_dag.py
[2024-10-04T08:58:03.658+0100] {processor.py:914} INFO - Processing file /opt/miniconda3/envs/airflow/lib/python3.8/site-packages/airflow/example_dags/tutorial_dag.py for tasks to queue
[2024-10-04T08:58:03.658+0100] {logging_mixin.py:190} INFO - [2024-10-04T08:58:03.658+0100] {dagbag.py:588} INFO - Filling up the DagBag from /opt/miniconda3/envs/airflow/lib/python3.8/site-packages/airflow/example_dags/tutorial_dag.py
[2024-10-04T08:58:03.681+0100] {processor.py:925} INFO - DAG(s) 'tutorial_dag' retrieved from /opt/miniconda3/envs/airflow/lib/python3.8/site-packages/airflow/example_dags/tutorial_dag.py
[2024-10-04T08:58:03.713+0100] {logging_mixin.py:190} INFO - [2024-10-04T08:58:03.713+0100] {dag.py:3239} INFO - Sync 1 DAGs
[2024-10-04T08:58:03.716+0100] {logging_mixin.py:190} INFO - [2024-10-04T08:58:03.716+0100] {dag.py:4180} INFO - Setting next_dagrun for tutorial_dag to None, run_after=None
[2024-10-04T08:58:03.722+0100] {processor.py:208} INFO - Processing /opt/miniconda3/envs/airflow/lib/python3.8/site-packages/airflow/example_dags/tutorial_dag.py took 0.065 seconds
[2024-10-04T09:42:07.069+0100] {processor.py:186} INFO - Started process (PID=20582) to work on /opt/miniconda3/envs/airflow/lib/python3.8/site-packages/airflow/example_dags/tutorial_dag.py
[2024-10-04T09:42:07.071+0100] {processor.py:914} INFO - Processing file /opt/miniconda3/envs/airflow/lib/python3.8/site-packages/airflow/example_dags/tutorial_dag.py for tasks to queue
[2024-10-04T09:42:07.071+0100] {logging_mixin.py:190} INFO - [2024-10-04T09:42:07.071+0100] {dagbag.py:588} INFO - Filling up the DagBag from /opt/miniconda3/envs/airflow/lib/python3.8/site-packages/airflow/example_dags/tutorial_dag.py
[2024-10-04T09:42:07.094+0100] {processor.py:925} INFO - DAG(s) 'tutorial_dag' retrieved from /opt/miniconda3/envs/airflow/lib/python3.8/site-packages/airflow/example_dags/tutorial_dag.py
[2024-10-04T09:42:07.126+0100] {logging_mixin.py:190} INFO - [2024-10-04T09:42:07.126+0100] {dag.py:3239} INFO - Sync 1 DAGs
[2024-10-04T09:42:07.129+0100] {logging_mixin.py:190} INFO - [2024-10-04T09:42:07.129+0100] {dag.py:4180} INFO - Setting next_dagrun for tutorial_dag to None, run_after=None
[2024-10-04T09:42:07.135+0100] {processor.py:208} INFO - Processing /opt/miniconda3/envs/airflow/lib/python3.8/site-packages/airflow/example_dags/tutorial_dag.py took 0.067 seconds
[2024-10-04T09:43:04.640+0100] {processor.py:186} INFO - Started process (PID=20656) to work on /opt/miniconda3/envs/airflow/lib/python3.8/site-packages/airflow/example_dags/tutorial_dag.py
[2024-10-04T09:43:04.640+0100] {processor.py:914} INFO - Processing file /opt/miniconda3/envs/airflow/lib/python3.8/site-packages/airflow/example_dags/tutorial_dag.py for tasks to queue
[2024-10-04T09:43:04.640+0100] {logging_mixin.py:190} INFO - [2024-10-04T09:43:04.640+0100] {dagbag.py:588} INFO - Filling up the DagBag from /opt/miniconda3/envs/airflow/lib/python3.8/site-packages/airflow/example_dags/tutorial_dag.py
[2024-10-04T09:43:04.663+0100] {processor.py:925} INFO - DAG(s) 'tutorial_dag' retrieved from /opt/miniconda3/envs/airflow/lib/python3.8/site-packages/airflow/example_dags/tutorial_dag.py
[2024-10-04T09:43:04.695+0100] {logging_mixin.py:190} INFO - [2024-10-04T09:43:04.695+0100] {dag.py:3239} INFO - Sync 1 DAGs
[2024-10-04T09:43:04.698+0100] {logging_mixin.py:190} INFO - [2024-10-04T09:43:04.698+0100] {dag.py:4180} INFO - Setting next_dagrun for tutorial_dag to None, run_after=None
[2024-10-04T09:43:04.704+0100] {processor.py:208} INFO - Processing /opt/miniconda3/envs/airflow/lib/python3.8/site-packages/airflow/example_dags/tutorial_dag.py took 0.066 seconds
[2024-10-04T09:43:58.847+0100] {processor.py:186} INFO - Started process (PID=20728) to work on /opt/miniconda3/envs/airflow/lib/python3.8/site-packages/airflow/example_dags/tutorial_dag.py
[2024-10-04T09:43:58.847+0100] {processor.py:914} INFO - Processing file /opt/miniconda3/envs/airflow/lib/python3.8/site-packages/airflow/example_dags/tutorial_dag.py for tasks to queue
[2024-10-04T09:43:58.848+0100] {logging_mixin.py:190} INFO - [2024-10-04T09:43:58.848+0100] {dagbag.py:588} INFO - Filling up the DagBag from /opt/miniconda3/envs/airflow/lib/python3.8/site-packages/airflow/example_dags/tutorial_dag.py
[2024-10-04T09:43:58.871+0100] {processor.py:925} INFO - DAG(s) 'tutorial_dag' retrieved from /opt/miniconda3/envs/airflow/lib/python3.8/site-packages/airflow/example_dags/tutorial_dag.py
[2024-10-04T09:43:58.903+0100] {logging_mixin.py:190} INFO - [2024-10-04T09:43:58.902+0100] {dag.py:3239} INFO - Sync 1 DAGs
[2024-10-04T09:43:58.906+0100] {logging_mixin.py:190} INFO - [2024-10-04T09:43:58.906+0100] {dag.py:4180} INFO - Setting next_dagrun for tutorial_dag to None, run_after=None
[2024-10-04T09:43:58.912+0100] {processor.py:208} INFO - Processing /opt/miniconda3/envs/airflow/lib/python3.8/site-packages/airflow/example_dags/tutorial_dag.py took 0.066 seconds
[2024-10-04T10:19:56.104+0100] {processor.py:186} INFO - Started process (PID=20838) to work on /opt/miniconda3/envs/airflow/lib/python3.8/site-packages/airflow/example_dags/tutorial_dag.py
[2024-10-04T10:19:56.105+0100] {processor.py:914} INFO - Processing file /opt/miniconda3/envs/airflow/lib/python3.8/site-packages/airflow/example_dags/tutorial_dag.py for tasks to queue
[2024-10-04T10:19:56.105+0100] {logging_mixin.py:190} INFO - [2024-10-04T10:19:56.105+0100] {dagbag.py:588} INFO - Filling up the DagBag from /opt/miniconda3/envs/airflow/lib/python3.8/site-packages/airflow/example_dags/tutorial_dag.py
[2024-10-04T10:19:56.130+0100] {processor.py:925} INFO - DAG(s) 'tutorial_dag' retrieved from /opt/miniconda3/envs/airflow/lib/python3.8/site-packages/airflow/example_dags/tutorial_dag.py
[2024-10-04T10:19:56.163+0100] {logging_mixin.py:190} INFO - [2024-10-04T10:19:56.163+0100] {dag.py:3239} INFO - Sync 1 DAGs
[2024-10-04T10:19:56.167+0100] {logging_mixin.py:190} INFO - [2024-10-04T10:19:56.167+0100] {dag.py:4180} INFO - Setting next_dagrun for tutorial_dag to None, run_after=None
[2024-10-04T10:19:56.173+0100] {processor.py:208} INFO - Processing /opt/miniconda3/envs/airflow/lib/python3.8/site-packages/airflow/example_dags/tutorial_dag.py took 0.070 seconds
[2024-10-04T10:21:04.294+0100] {processor.py:186} INFO - Started process (PID=20932) to work on /opt/miniconda3/envs/airflow/lib/python3.8/site-packages/airflow/example_dags/tutorial_dag.py
[2024-10-04T10:21:04.295+0100] {processor.py:914} INFO - Processing file /opt/miniconda3/envs/airflow/lib/python3.8/site-packages/airflow/example_dags/tutorial_dag.py for tasks to queue
[2024-10-04T10:21:04.296+0100] {logging_mixin.py:190} INFO - [2024-10-04T10:21:04.296+0100] {dagbag.py:588} INFO - Filling up the DagBag from /opt/miniconda3/envs/airflow/lib/python3.8/site-packages/airflow/example_dags/tutorial_dag.py
[2024-10-04T10:21:04.319+0100] {processor.py:925} INFO - DAG(s) 'tutorial_dag' retrieved from /opt/miniconda3/envs/airflow/lib/python3.8/site-packages/airflow/example_dags/tutorial_dag.py
[2024-10-04T10:21:04.351+0100] {logging_mixin.py:190} INFO - [2024-10-04T10:21:04.351+0100] {dag.py:3239} INFO - Sync 1 DAGs
[2024-10-04T10:21:04.354+0100] {logging_mixin.py:190} INFO - [2024-10-04T10:21:04.354+0100] {dag.py:4180} INFO - Setting next_dagrun for tutorial_dag to None, run_after=None
[2024-10-04T10:21:04.360+0100] {processor.py:208} INFO - Processing /opt/miniconda3/envs/airflow/lib/python3.8/site-packages/airflow/example_dags/tutorial_dag.py took 0.067 seconds
[2024-10-04T10:22:03.521+0100] {processor.py:186} INFO - Started process (PID=21011) to work on /opt/miniconda3/envs/airflow/lib/python3.8/site-packages/airflow/example_dags/tutorial_dag.py
[2024-10-04T10:22:03.521+0100] {processor.py:914} INFO - Processing file /opt/miniconda3/envs/airflow/lib/python3.8/site-packages/airflow/example_dags/tutorial_dag.py for tasks to queue
[2024-10-04T10:22:03.522+0100] {logging_mixin.py:190} INFO - [2024-10-04T10:22:03.522+0100] {dagbag.py:588} INFO - Filling up the DagBag from /opt/miniconda3/envs/airflow/lib/python3.8/site-packages/airflow/example_dags/tutorial_dag.py
[2024-10-04T10:22:03.546+0100] {processor.py:925} INFO - DAG(s) 'tutorial_dag' retrieved from /opt/miniconda3/envs/airflow/lib/python3.8/site-packages/airflow/example_dags/tutorial_dag.py
[2024-10-04T10:22:03.578+0100] {logging_mixin.py:190} INFO - [2024-10-04T10:22:03.577+0100] {dag.py:3239} INFO - Sync 1 DAGs
[2024-10-04T10:22:03.581+0100] {logging_mixin.py:190} INFO - [2024-10-04T10:22:03.581+0100] {dag.py:4180} INFO - Setting next_dagrun for tutorial_dag to None, run_after=None
[2024-10-04T10:22:03.587+0100] {processor.py:208} INFO - Processing /opt/miniconda3/envs/airflow/lib/python3.8/site-packages/airflow/example_dags/tutorial_dag.py took 0.067 seconds
[2024-10-04T10:24:21.454+0100] {processor.py:186} INFO - Started process (PID=21109) to work on /opt/miniconda3/envs/airflow/lib/python3.8/site-packages/airflow/example_dags/tutorial_dag.py
[2024-10-04T10:24:21.455+0100] {processor.py:914} INFO - Processing file /opt/miniconda3/envs/airflow/lib/python3.8/site-packages/airflow/example_dags/tutorial_dag.py for tasks to queue
[2024-10-04T10:24:21.455+0100] {logging_mixin.py:190} INFO - [2024-10-04T10:24:21.455+0100] {dagbag.py:588} INFO - Filling up the DagBag from /opt/miniconda3/envs/airflow/lib/python3.8/site-packages/airflow/example_dags/tutorial_dag.py
[2024-10-04T10:24:21.479+0100] {processor.py:925} INFO - DAG(s) 'tutorial_dag' retrieved from /opt/miniconda3/envs/airflow/lib/python3.8/site-packages/airflow/example_dags/tutorial_dag.py
[2024-10-04T10:24:21.511+0100] {logging_mixin.py:190} INFO - [2024-10-04T10:24:21.510+0100] {dag.py:3239} INFO - Sync 1 DAGs
[2024-10-04T10:24:21.514+0100] {logging_mixin.py:190} INFO - [2024-10-04T10:24:21.514+0100] {dag.py:4180} INFO - Setting next_dagrun for tutorial_dag to None, run_after=None
[2024-10-04T10:24:21.520+0100] {processor.py:208} INFO - Processing /opt/miniconda3/envs/airflow/lib/python3.8/site-packages/airflow/example_dags/tutorial_dag.py took 0.067 seconds
[2024-10-04T10:25:20.927+0100] {processor.py:186} INFO - Started process (PID=21185) to work on /opt/miniconda3/envs/airflow/lib/python3.8/site-packages/airflow/example_dags/tutorial_dag.py
[2024-10-04T10:25:20.928+0100] {processor.py:914} INFO - Processing file /opt/miniconda3/envs/airflow/lib/python3.8/site-packages/airflow/example_dags/tutorial_dag.py for tasks to queue
[2024-10-04T10:25:20.928+0100] {logging_mixin.py:190} INFO - [2024-10-04T10:25:20.928+0100] {dagbag.py:588} INFO - Filling up the DagBag from /opt/miniconda3/envs/airflow/lib/python3.8/site-packages/airflow/example_dags/tutorial_dag.py
[2024-10-04T10:25:20.952+0100] {processor.py:925} INFO - DAG(s) 'tutorial_dag' retrieved from /opt/miniconda3/envs/airflow/lib/python3.8/site-packages/airflow/example_dags/tutorial_dag.py
[2024-10-04T10:25:20.984+0100] {logging_mixin.py:190} INFO - [2024-10-04T10:25:20.984+0100] {dag.py:3239} INFO - Sync 1 DAGs
[2024-10-04T10:25:20.987+0100] {logging_mixin.py:190} INFO - [2024-10-04T10:25:20.987+0100] {dag.py:4180} INFO - Setting next_dagrun for tutorial_dag to None, run_after=None
[2024-10-04T10:25:20.993+0100] {processor.py:208} INFO - Processing /opt/miniconda3/envs/airflow/lib/python3.8/site-packages/airflow/example_dags/tutorial_dag.py took 0.067 seconds
[2024-10-04T10:26:21.124+0100] {processor.py:186} INFO - Started process (PID=21262) to work on /opt/miniconda3/envs/airflow/lib/python3.8/site-packages/airflow/example_dags/tutorial_dag.py
[2024-10-04T10:26:21.124+0100] {processor.py:914} INFO - Processing file /opt/miniconda3/envs/airflow/lib/python3.8/site-packages/airflow/example_dags/tutorial_dag.py for tasks to queue
[2024-10-04T10:26:21.125+0100] {logging_mixin.py:190} INFO - [2024-10-04T10:26:21.125+0100] {dagbag.py:588} INFO - Filling up the DagBag from /opt/miniconda3/envs/airflow/lib/python3.8/site-packages/airflow/example_dags/tutorial_dag.py
[2024-10-04T10:26:21.149+0100] {processor.py:925} INFO - DAG(s) 'tutorial_dag' retrieved from /opt/miniconda3/envs/airflow/lib/python3.8/site-packages/airflow/example_dags/tutorial_dag.py
[2024-10-04T10:26:21.181+0100] {logging_mixin.py:190} INFO - [2024-10-04T10:26:21.180+0100] {dag.py:3239} INFO - Sync 1 DAGs
[2024-10-04T10:26:21.184+0100] {logging_mixin.py:190} INFO - [2024-10-04T10:26:21.184+0100] {dag.py:4180} INFO - Setting next_dagrun for tutorial_dag to None, run_after=None
[2024-10-04T10:26:21.190+0100] {processor.py:208} INFO - Processing /opt/miniconda3/envs/airflow/lib/python3.8/site-packages/airflow/example_dags/tutorial_dag.py took 0.067 seconds
[2024-10-04T10:27:18.225+0100] {processor.py:186} INFO - Started process (PID=21338) to work on /opt/miniconda3/envs/airflow/lib/python3.8/site-packages/airflow/example_dags/tutorial_dag.py
[2024-10-04T10:27:18.226+0100] {processor.py:914} INFO - Processing file /opt/miniconda3/envs/airflow/lib/python3.8/site-packages/airflow/example_dags/tutorial_dag.py for tasks to queue
[2024-10-04T10:27:18.226+0100] {logging_mixin.py:190} INFO - [2024-10-04T10:27:18.226+0100] {dagbag.py:588} INFO - Filling up the DagBag from /opt/miniconda3/envs/airflow/lib/python3.8/site-packages/airflow/example_dags/tutorial_dag.py
[2024-10-04T10:27:18.255+0100] {processor.py:925} INFO - DAG(s) 'tutorial_dag' retrieved from /opt/miniconda3/envs/airflow/lib/python3.8/site-packages/airflow/example_dags/tutorial_dag.py
[2024-10-04T10:27:18.287+0100] {logging_mixin.py:190} INFO - [2024-10-04T10:27:18.287+0100] {dag.py:3239} INFO - Sync 1 DAGs
[2024-10-04T10:27:18.290+0100] {logging_mixin.py:190} INFO - [2024-10-04T10:27:18.290+0100] {dag.py:4180} INFO - Setting next_dagrun for tutorial_dag to None, run_after=None
[2024-10-04T10:27:18.296+0100] {processor.py:208} INFO - Processing /opt/miniconda3/envs/airflow/lib/python3.8/site-packages/airflow/example_dags/tutorial_dag.py took 0.074 seconds
[2024-10-04T10:28:15.282+0100] {processor.py:186} INFO - Started process (PID=21419) to work on /opt/miniconda3/envs/airflow/lib/python3.8/site-packages/airflow/example_dags/tutorial_dag.py
[2024-10-04T10:28:15.283+0100] {processor.py:914} INFO - Processing file /opt/miniconda3/envs/airflow/lib/python3.8/site-packages/airflow/example_dags/tutorial_dag.py for tasks to queue
[2024-10-04T10:28:15.283+0100] {logging_mixin.py:190} INFO - [2024-10-04T10:28:15.283+0100] {dagbag.py:588} INFO - Filling up the DagBag from /opt/miniconda3/envs/airflow/lib/python3.8/site-packages/airflow/example_dags/tutorial_dag.py
[2024-10-04T10:28:15.308+0100] {processor.py:925} INFO - DAG(s) 'tutorial_dag' retrieved from /opt/miniconda3/envs/airflow/lib/python3.8/site-packages/airflow/example_dags/tutorial_dag.py
[2024-10-04T10:28:15.339+0100] {logging_mixin.py:190} INFO - [2024-10-04T10:28:15.339+0100] {dag.py:3239} INFO - Sync 1 DAGs
[2024-10-04T10:28:15.343+0100] {logging_mixin.py:190} INFO - [2024-10-04T10:28:15.343+0100] {dag.py:4180} INFO - Setting next_dagrun for tutorial_dag to None, run_after=None
[2024-10-04T10:28:15.349+0100] {processor.py:208} INFO - Processing /opt/miniconda3/envs/airflow/lib/python3.8/site-packages/airflow/example_dags/tutorial_dag.py took 0.069 seconds
[2024-10-04T10:29:13.254+0100] {processor.py:186} INFO - Started process (PID=21515) to work on /opt/miniconda3/envs/airflow/lib/python3.8/site-packages/airflow/example_dags/tutorial_dag.py
[2024-10-04T10:29:13.254+0100] {processor.py:914} INFO - Processing file /opt/miniconda3/envs/airflow/lib/python3.8/site-packages/airflow/example_dags/tutorial_dag.py for tasks to queue
[2024-10-04T10:29:13.255+0100] {logging_mixin.py:190} INFO - [2024-10-04T10:29:13.255+0100] {dagbag.py:588} INFO - Filling up the DagBag from /opt/miniconda3/envs/airflow/lib/python3.8/site-packages/airflow/example_dags/tutorial_dag.py
[2024-10-04T10:29:13.281+0100] {processor.py:925} INFO - DAG(s) 'tutorial_dag' retrieved from /opt/miniconda3/envs/airflow/lib/python3.8/site-packages/airflow/example_dags/tutorial_dag.py
[2024-10-04T10:29:13.313+0100] {logging_mixin.py:190} INFO - [2024-10-04T10:29:13.313+0100] {dag.py:3239} INFO - Sync 1 DAGs
[2024-10-04T10:29:13.316+0100] {logging_mixin.py:190} INFO - [2024-10-04T10:29:13.316+0100] {dag.py:4180} INFO - Setting next_dagrun for tutorial_dag to None, run_after=None
[2024-10-04T10:29:13.322+0100] {processor.py:208} INFO - Processing /opt/miniconda3/envs/airflow/lib/python3.8/site-packages/airflow/example_dags/tutorial_dag.py took 0.070 seconds
[2024-10-04T10:30:10.169+0100] {processor.py:186} INFO - Started process (PID=21609) to work on /opt/miniconda3/envs/airflow/lib/python3.8/site-packages/airflow/example_dags/tutorial_dag.py
[2024-10-04T10:30:10.169+0100] {processor.py:914} INFO - Processing file /opt/miniconda3/envs/airflow/lib/python3.8/site-packages/airflow/example_dags/tutorial_dag.py for tasks to queue
[2024-10-04T10:30:10.169+0100] {logging_mixin.py:190} INFO - [2024-10-04T10:30:10.169+0100] {dagbag.py:588} INFO - Filling up the DagBag from /opt/miniconda3/envs/airflow/lib/python3.8/site-packages/airflow/example_dags/tutorial_dag.py
[2024-10-04T10:30:10.195+0100] {processor.py:925} INFO - DAG(s) 'tutorial_dag' retrieved from /opt/miniconda3/envs/airflow/lib/python3.8/site-packages/airflow/example_dags/tutorial_dag.py
[2024-10-04T10:30:10.228+0100] {logging_mixin.py:190} INFO - [2024-10-04T10:30:10.227+0100] {dag.py:3239} INFO - Sync 1 DAGs
[2024-10-04T10:30:10.231+0100] {logging_mixin.py:190} INFO - [2024-10-04T10:30:10.231+0100] {dag.py:4180} INFO - Setting next_dagrun for tutorial_dag to None, run_after=None
[2024-10-04T10:30:10.237+0100] {processor.py:208} INFO - Processing /opt/miniconda3/envs/airflow/lib/python3.8/site-packages/airflow/example_dags/tutorial_dag.py took 0.070 seconds
[2024-10-04T10:31:06.327+0100] {processor.py:186} INFO - Started process (PID=21682) to work on /opt/miniconda3/envs/airflow/lib/python3.8/site-packages/airflow/example_dags/tutorial_dag.py
[2024-10-04T10:31:06.327+0100] {processor.py:914} INFO - Processing file /opt/miniconda3/envs/airflow/lib/python3.8/site-packages/airflow/example_dags/tutorial_dag.py for tasks to queue
[2024-10-04T10:31:06.327+0100] {logging_mixin.py:190} INFO - [2024-10-04T10:31:06.327+0100] {dagbag.py:588} INFO - Filling up the DagBag from /opt/miniconda3/envs/airflow/lib/python3.8/site-packages/airflow/example_dags/tutorial_dag.py
[2024-10-04T10:31:06.352+0100] {processor.py:925} INFO - DAG(s) 'tutorial_dag' retrieved from /opt/miniconda3/envs/airflow/lib/python3.8/site-packages/airflow/example_dags/tutorial_dag.py
[2024-10-04T10:31:06.384+0100] {logging_mixin.py:190} INFO - [2024-10-04T10:31:06.383+0100] {dag.py:3239} INFO - Sync 1 DAGs
[2024-10-04T10:31:06.387+0100] {logging_mixin.py:190} INFO - [2024-10-04T10:31:06.387+0100] {dag.py:4180} INFO - Setting next_dagrun for tutorial_dag to None, run_after=None
[2024-10-04T10:31:06.393+0100] {processor.py:208} INFO - Processing /opt/miniconda3/envs/airflow/lib/python3.8/site-packages/airflow/example_dags/tutorial_dag.py took 0.067 seconds
[2024-10-04T10:32:07.042+0100] {processor.py:186} INFO - Started process (PID=21772) to work on /opt/miniconda3/envs/airflow/lib/python3.8/site-packages/airflow/example_dags/tutorial_dag.py
[2024-10-04T10:32:07.042+0100] {processor.py:914} INFO - Processing file /opt/miniconda3/envs/airflow/lib/python3.8/site-packages/airflow/example_dags/tutorial_dag.py for tasks to queue
[2024-10-04T10:32:07.043+0100] {logging_mixin.py:190} INFO - [2024-10-04T10:32:07.042+0100] {dagbag.py:588} INFO - Filling up the DagBag from /opt/miniconda3/envs/airflow/lib/python3.8/site-packages/airflow/example_dags/tutorial_dag.py
[2024-10-04T10:32:07.068+0100] {processor.py:925} INFO - DAG(s) 'tutorial_dag' retrieved from /opt/miniconda3/envs/airflow/lib/python3.8/site-packages/airflow/example_dags/tutorial_dag.py
[2024-10-04T10:32:07.100+0100] {logging_mixin.py:190} INFO - [2024-10-04T10:32:07.100+0100] {dag.py:3239} INFO - Sync 1 DAGs
[2024-10-04T10:32:07.104+0100] {logging_mixin.py:190} INFO - [2024-10-04T10:32:07.104+0100] {dag.py:4180} INFO - Setting next_dagrun for tutorial_dag to None, run_after=None
[2024-10-04T10:32:07.110+0100] {processor.py:208} INFO - Processing /opt/miniconda3/envs/airflow/lib/python3.8/site-packages/airflow/example_dags/tutorial_dag.py took 0.070 seconds
[2024-10-04T10:33:07.726+0100] {processor.py:186} INFO - Started process (PID=21864) to work on /opt/miniconda3/envs/airflow/lib/python3.8/site-packages/airflow/example_dags/tutorial_dag.py
[2024-10-04T10:33:07.727+0100] {processor.py:914} INFO - Processing file /opt/miniconda3/envs/airflow/lib/python3.8/site-packages/airflow/example_dags/tutorial_dag.py for tasks to queue
[2024-10-04T10:33:07.727+0100] {logging_mixin.py:190} INFO - [2024-10-04T10:33:07.727+0100] {dagbag.py:588} INFO - Filling up the DagBag from /opt/miniconda3/envs/airflow/lib/python3.8/site-packages/airflow/example_dags/tutorial_dag.py
[2024-10-04T10:33:07.751+0100] {processor.py:925} INFO - DAG(s) 'tutorial_dag' retrieved from /opt/miniconda3/envs/airflow/lib/python3.8/site-packages/airflow/example_dags/tutorial_dag.py
[2024-10-04T10:33:07.783+0100] {logging_mixin.py:190} INFO - [2024-10-04T10:33:07.783+0100] {dag.py:3239} INFO - Sync 1 DAGs
[2024-10-04T10:33:07.786+0100] {logging_mixin.py:190} INFO - [2024-10-04T10:33:07.786+0100] {dag.py:4180} INFO - Setting next_dagrun for tutorial_dag to None, run_after=None
[2024-10-04T10:33:07.792+0100] {processor.py:208} INFO - Processing /opt/miniconda3/envs/airflow/lib/python3.8/site-packages/airflow/example_dags/tutorial_dag.py took 0.068 seconds
[2024-10-04T10:34:11.467+0100] {processor.py:186} INFO - Started process (PID=21942) to work on /opt/miniconda3/envs/airflow/lib/python3.8/site-packages/airflow/example_dags/tutorial_dag.py
[2024-10-04T10:34:11.467+0100] {processor.py:914} INFO - Processing file /opt/miniconda3/envs/airflow/lib/python3.8/site-packages/airflow/example_dags/tutorial_dag.py for tasks to queue
[2024-10-04T10:34:11.467+0100] {logging_mixin.py:190} INFO - [2024-10-04T10:34:11.467+0100] {dagbag.py:588} INFO - Filling up the DagBag from /opt/miniconda3/envs/airflow/lib/python3.8/site-packages/airflow/example_dags/tutorial_dag.py
[2024-10-04T10:34:11.492+0100] {processor.py:925} INFO - DAG(s) 'tutorial_dag' retrieved from /opt/miniconda3/envs/airflow/lib/python3.8/site-packages/airflow/example_dags/tutorial_dag.py
[2024-10-04T10:34:11.524+0100] {logging_mixin.py:190} INFO - [2024-10-04T10:34:11.524+0100] {dag.py:3239} INFO - Sync 1 DAGs
[2024-10-04T10:34:11.527+0100] {logging_mixin.py:190} INFO - [2024-10-04T10:34:11.527+0100] {dag.py:4180} INFO - Setting next_dagrun for tutorial_dag to None, run_after=None
[2024-10-04T10:34:11.533+0100] {processor.py:208} INFO - Processing /opt/miniconda3/envs/airflow/lib/python3.8/site-packages/airflow/example_dags/tutorial_dag.py took 0.068 seconds
[2024-10-04T10:35:18.936+0100] {processor.py:186} INFO - Started process (PID=22033) to work on /opt/miniconda3/envs/airflow/lib/python3.8/site-packages/airflow/example_dags/tutorial_dag.py
[2024-10-04T10:35:18.936+0100] {processor.py:914} INFO - Processing file /opt/miniconda3/envs/airflow/lib/python3.8/site-packages/airflow/example_dags/tutorial_dag.py for tasks to queue
[2024-10-04T10:35:18.937+0100] {logging_mixin.py:190} INFO - [2024-10-04T10:35:18.937+0100] {dagbag.py:588} INFO - Filling up the DagBag from /opt/miniconda3/envs/airflow/lib/python3.8/site-packages/airflow/example_dags/tutorial_dag.py
[2024-10-04T10:35:18.961+0100] {processor.py:925} INFO - DAG(s) 'tutorial_dag' retrieved from /opt/miniconda3/envs/airflow/lib/python3.8/site-packages/airflow/example_dags/tutorial_dag.py
[2024-10-04T10:35:18.993+0100] {logging_mixin.py:190} INFO - [2024-10-04T10:35:18.993+0100] {dag.py:3239} INFO - Sync 1 DAGs
[2024-10-04T10:35:18.997+0100] {logging_mixin.py:190} INFO - [2024-10-04T10:35:18.997+0100] {dag.py:4180} INFO - Setting next_dagrun for tutorial_dag to None, run_after=None
[2024-10-04T10:35:19.003+0100] {processor.py:208} INFO - Processing /opt/miniconda3/envs/airflow/lib/python3.8/site-packages/airflow/example_dags/tutorial_dag.py took 0.068 seconds
[2024-10-04T10:36:25.784+0100] {processor.py:186} INFO - Started process (PID=22113) to work on /opt/miniconda3/envs/airflow/lib/python3.8/site-packages/airflow/example_dags/tutorial_dag.py
[2024-10-04T10:36:25.784+0100] {processor.py:914} INFO - Processing file /opt/miniconda3/envs/airflow/lib/python3.8/site-packages/airflow/example_dags/tutorial_dag.py for tasks to queue
[2024-10-04T10:36:25.784+0100] {logging_mixin.py:190} INFO - [2024-10-04T10:36:25.784+0100] {dagbag.py:588} INFO - Filling up the DagBag from /opt/miniconda3/envs/airflow/lib/python3.8/site-packages/airflow/example_dags/tutorial_dag.py
[2024-10-04T10:36:25.810+0100] {processor.py:925} INFO - DAG(s) 'tutorial_dag' retrieved from /opt/miniconda3/envs/airflow/lib/python3.8/site-packages/airflow/example_dags/tutorial_dag.py
[2024-10-04T10:36:25.842+0100] {logging_mixin.py:190} INFO - [2024-10-04T10:36:25.841+0100] {dag.py:3239} INFO - Sync 1 DAGs
[2024-10-04T10:36:25.845+0100] {logging_mixin.py:190} INFO - [2024-10-04T10:36:25.845+0100] {dag.py:4180} INFO - Setting next_dagrun for tutorial_dag to None, run_after=None
[2024-10-04T10:36:25.851+0100] {processor.py:208} INFO - Processing /opt/miniconda3/envs/airflow/lib/python3.8/site-packages/airflow/example_dags/tutorial_dag.py took 0.069 seconds
[2024-10-04T10:37:33.162+0100] {processor.py:186} INFO - Started process (PID=22200) to work on /opt/miniconda3/envs/airflow/lib/python3.8/site-packages/airflow/example_dags/tutorial_dag.py
[2024-10-04T10:37:33.163+0100] {processor.py:914} INFO - Processing file /opt/miniconda3/envs/airflow/lib/python3.8/site-packages/airflow/example_dags/tutorial_dag.py for tasks to queue
[2024-10-04T10:37:33.163+0100] {logging_mixin.py:190} INFO - [2024-10-04T10:37:33.163+0100] {dagbag.py:588} INFO - Filling up the DagBag from /opt/miniconda3/envs/airflow/lib/python3.8/site-packages/airflow/example_dags/tutorial_dag.py
[2024-10-04T10:37:33.189+0100] {processor.py:925} INFO - DAG(s) 'tutorial_dag' retrieved from /opt/miniconda3/envs/airflow/lib/python3.8/site-packages/airflow/example_dags/tutorial_dag.py
[2024-10-04T10:37:33.221+0100] {logging_mixin.py:190} INFO - [2024-10-04T10:37:33.220+0100] {dag.py:3239} INFO - Sync 1 DAGs
[2024-10-04T10:37:33.224+0100] {logging_mixin.py:190} INFO - [2024-10-04T10:37:33.224+0100] {dag.py:4180} INFO - Setting next_dagrun for tutorial_dag to None, run_after=None
[2024-10-04T10:37:33.230+0100] {processor.py:208} INFO - Processing /opt/miniconda3/envs/airflow/lib/python3.8/site-packages/airflow/example_dags/tutorial_dag.py took 0.069 seconds
