[2024-10-04T01:38:25.609+0100] {processor.py:186} INFO - Started process (PID=17356) to work on /opt/miniconda3/envs/airflow/lib/python3.8/site-packages/airflow/example_dags/tutorial.py
[2024-10-04T01:38:25.610+0100] {processor.py:914} INFO - Processing file /opt/miniconda3/envs/airflow/lib/python3.8/site-packages/airflow/example_dags/tutorial.py for tasks to queue
[2024-10-04T01:38:25.610+0100] {logging_mixin.py:190} INFO - [2024-10-04T01:38:25.610+0100] {dagbag.py:588} INFO - Filling up the DagBag from /opt/miniconda3/envs/airflow/lib/python3.8/site-packages/airflow/example_dags/tutorial.py
[2024-10-04T01:38:25.630+0100] {processor.py:925} INFO - DAG(s) 'tutorial' retrieved from /opt/miniconda3/envs/airflow/lib/python3.8/site-packages/airflow/example_dags/tutorial.py
[2024-10-04T01:38:25.663+0100] {logging_mixin.py:190} INFO - [2024-10-04T01:38:25.663+0100] {dag.py:3239} INFO - Sync 1 DAGs
[2024-10-04T01:38:25.668+0100] {logging_mixin.py:190} INFO - [2024-10-04T01:38:25.668+0100] {dag.py:4180} INFO - Setting next_dagrun for tutorial to 2024-10-03 00:00:00+00:00, run_after=2024-10-04 00:00:00+00:00
[2024-10-04T01:38:25.673+0100] {processor.py:208} INFO - Processing /opt/miniconda3/envs/airflow/lib/python3.8/site-packages/airflow/example_dags/tutorial.py took 0.066 seconds
[2024-10-04T01:56:07.461+0100] {processor.py:186} INFO - Started process (PID=17480) to work on /opt/miniconda3/envs/airflow/lib/python3.8/site-packages/airflow/example_dags/tutorial.py
[2024-10-04T01:56:07.462+0100] {processor.py:914} INFO - Processing file /opt/miniconda3/envs/airflow/lib/python3.8/site-packages/airflow/example_dags/tutorial.py for tasks to queue
[2024-10-04T01:56:07.463+0100] {logging_mixin.py:190} INFO - [2024-10-04T01:56:07.463+0100] {dagbag.py:588} INFO - Filling up the DagBag from /opt/miniconda3/envs/airflow/lib/python3.8/site-packages/airflow/example_dags/tutorial.py
[2024-10-04T01:56:07.481+0100] {processor.py:925} INFO - DAG(s) 'tutorial' retrieved from /opt/miniconda3/envs/airflow/lib/python3.8/site-packages/airflow/example_dags/tutorial.py
[2024-10-04T01:56:07.513+0100] {logging_mixin.py:190} INFO - [2024-10-04T01:56:07.513+0100] {dag.py:3239} INFO - Sync 1 DAGs
[2024-10-04T01:56:07.519+0100] {logging_mixin.py:190} INFO - [2024-10-04T01:56:07.518+0100] {dag.py:4180} INFO - Setting next_dagrun for tutorial to 2024-10-03 00:00:00+00:00, run_after=2024-10-04 00:00:00+00:00
[2024-10-04T01:56:07.524+0100] {processor.py:208} INFO - Processing /opt/miniconda3/envs/airflow/lib/python3.8/site-packages/airflow/example_dags/tutorial.py took 0.064 seconds
[2024-10-04T01:57:12.602+0100] {processor.py:186} INFO - Started process (PID=17561) to work on /opt/miniconda3/envs/airflow/lib/python3.8/site-packages/airflow/example_dags/tutorial.py
[2024-10-04T01:57:12.603+0100] {processor.py:914} INFO - Processing file /opt/miniconda3/envs/airflow/lib/python3.8/site-packages/airflow/example_dags/tutorial.py for tasks to queue
[2024-10-04T01:57:12.603+0100] {logging_mixin.py:190} INFO - [2024-10-04T01:57:12.603+0100] {dagbag.py:588} INFO - Filling up the DagBag from /opt/miniconda3/envs/airflow/lib/python3.8/site-packages/airflow/example_dags/tutorial.py
[2024-10-04T01:57:12.621+0100] {processor.py:925} INFO - DAG(s) 'tutorial' retrieved from /opt/miniconda3/envs/airflow/lib/python3.8/site-packages/airflow/example_dags/tutorial.py
[2024-10-04T01:57:12.653+0100] {logging_mixin.py:190} INFO - [2024-10-04T01:57:12.653+0100] {dag.py:3239} INFO - Sync 1 DAGs
[2024-10-04T01:57:12.659+0100] {logging_mixin.py:190} INFO - [2024-10-04T01:57:12.658+0100] {dag.py:4180} INFO - Setting next_dagrun for tutorial to 2024-10-03 00:00:00+00:00, run_after=2024-10-04 00:00:00+00:00
[2024-10-04T01:57:12.664+0100] {processor.py:208} INFO - Processing /opt/miniconda3/envs/airflow/lib/python3.8/site-packages/airflow/example_dags/tutorial.py took 0.063 seconds
[2024-10-04T03:32:34.624+0100] {processor.py:186} INFO - Started process (PID=17657) to work on /opt/miniconda3/envs/airflow/lib/python3.8/site-packages/airflow/example_dags/tutorial.py
[2024-10-04T03:32:34.624+0100] {processor.py:914} INFO - Processing file /opt/miniconda3/envs/airflow/lib/python3.8/site-packages/airflow/example_dags/tutorial.py for tasks to queue
[2024-10-04T03:32:34.624+0100] {logging_mixin.py:190} INFO - [2024-10-04T03:32:34.624+0100] {dagbag.py:588} INFO - Filling up the DagBag from /opt/miniconda3/envs/airflow/lib/python3.8/site-packages/airflow/example_dags/tutorial.py
[2024-10-04T03:32:34.643+0100] {processor.py:925} INFO - DAG(s) 'tutorial' retrieved from /opt/miniconda3/envs/airflow/lib/python3.8/site-packages/airflow/example_dags/tutorial.py
[2024-10-04T03:32:34.675+0100] {logging_mixin.py:190} INFO - [2024-10-04T03:32:34.675+0100] {dag.py:3239} INFO - Sync 1 DAGs
[2024-10-04T03:32:34.681+0100] {logging_mixin.py:190} INFO - [2024-10-04T03:32:34.681+0100] {dag.py:4180} INFO - Setting next_dagrun for tutorial to 2024-10-03 00:00:00+00:00, run_after=2024-10-04 00:00:00+00:00
[2024-10-04T03:32:34.686+0100] {processor.py:208} INFO - Processing /opt/miniconda3/envs/airflow/lib/python3.8/site-packages/airflow/example_dags/tutorial.py took 0.064 seconds
[2024-10-04T03:51:46.795+0100] {processor.py:186} INFO - Started process (PID=17791) to work on /opt/miniconda3/envs/airflow/lib/python3.8/site-packages/airflow/example_dags/tutorial.py
[2024-10-04T03:51:46.796+0100] {processor.py:914} INFO - Processing file /opt/miniconda3/envs/airflow/lib/python3.8/site-packages/airflow/example_dags/tutorial.py for tasks to queue
[2024-10-04T03:51:46.797+0100] {logging_mixin.py:190} INFO - [2024-10-04T03:51:46.797+0100] {dagbag.py:588} INFO - Filling up the DagBag from /opt/miniconda3/envs/airflow/lib/python3.8/site-packages/airflow/example_dags/tutorial.py
[2024-10-04T03:51:46.815+0100] {processor.py:925} INFO - DAG(s) 'tutorial' retrieved from /opt/miniconda3/envs/airflow/lib/python3.8/site-packages/airflow/example_dags/tutorial.py
[2024-10-04T03:51:46.848+0100] {logging_mixin.py:190} INFO - [2024-10-04T03:51:46.847+0100] {dag.py:3239} INFO - Sync 1 DAGs
[2024-10-04T03:51:46.853+0100] {logging_mixin.py:190} INFO - [2024-10-04T03:51:46.853+0100] {dag.py:4180} INFO - Setting next_dagrun for tutorial to 2024-10-03 00:00:00+00:00, run_after=2024-10-04 00:00:00+00:00
[2024-10-04T03:51:46.858+0100] {processor.py:208} INFO - Processing /opt/miniconda3/envs/airflow/lib/python3.8/site-packages/airflow/example_dags/tutorial.py took 0.064 seconds
[2024-10-04T03:52:50.285+0100] {processor.py:186} INFO - Started process (PID=17880) to work on /opt/miniconda3/envs/airflow/lib/python3.8/site-packages/airflow/example_dags/tutorial.py
[2024-10-04T03:52:50.285+0100] {processor.py:914} INFO - Processing file /opt/miniconda3/envs/airflow/lib/python3.8/site-packages/airflow/example_dags/tutorial.py for tasks to queue
[2024-10-04T03:52:50.285+0100] {logging_mixin.py:190} INFO - [2024-10-04T03:52:50.285+0100] {dagbag.py:588} INFO - Filling up the DagBag from /opt/miniconda3/envs/airflow/lib/python3.8/site-packages/airflow/example_dags/tutorial.py
[2024-10-04T03:52:50.303+0100] {processor.py:925} INFO - DAG(s) 'tutorial' retrieved from /opt/miniconda3/envs/airflow/lib/python3.8/site-packages/airflow/example_dags/tutorial.py
[2024-10-04T03:52:50.336+0100] {logging_mixin.py:190} INFO - [2024-10-04T03:52:50.336+0100] {dag.py:3239} INFO - Sync 1 DAGs
[2024-10-04T03:52:50.341+0100] {logging_mixin.py:190} INFO - [2024-10-04T03:52:50.341+0100] {dag.py:4180} INFO - Setting next_dagrun for tutorial to 2024-10-03 00:00:00+00:00, run_after=2024-10-04 00:00:00+00:00
[2024-10-04T03:52:50.347+0100] {processor.py:208} INFO - Processing /opt/miniconda3/envs/airflow/lib/python3.8/site-packages/airflow/example_dags/tutorial.py took 0.064 seconds
[2024-10-04T05:24:53.460+0100] {processor.py:186} INFO - Started process (PID=17985) to work on /opt/miniconda3/envs/airflow/lib/python3.8/site-packages/airflow/example_dags/tutorial.py
[2024-10-04T05:24:53.461+0100] {processor.py:914} INFO - Processing file /opt/miniconda3/envs/airflow/lib/python3.8/site-packages/airflow/example_dags/tutorial.py for tasks to queue
[2024-10-04T05:24:53.461+0100] {logging_mixin.py:190} INFO - [2024-10-04T05:24:53.461+0100] {dagbag.py:588} INFO - Filling up the DagBag from /opt/miniconda3/envs/airflow/lib/python3.8/site-packages/airflow/example_dags/tutorial.py
[2024-10-04T05:24:53.480+0100] {processor.py:925} INFO - DAG(s) 'tutorial' retrieved from /opt/miniconda3/envs/airflow/lib/python3.8/site-packages/airflow/example_dags/tutorial.py
[2024-10-04T05:24:53.513+0100] {logging_mixin.py:190} INFO - [2024-10-04T05:24:53.513+0100] {dag.py:3239} INFO - Sync 1 DAGs
[2024-10-04T05:24:53.520+0100] {logging_mixin.py:190} INFO - [2024-10-04T05:24:53.519+0100] {dag.py:4180} INFO - Setting next_dagrun for tutorial to 2024-10-03 00:00:00+00:00, run_after=2024-10-04 00:00:00+00:00
[2024-10-04T05:24:53.525+0100] {processor.py:208} INFO - Processing /opt/miniconda3/envs/airflow/lib/python3.8/site-packages/airflow/example_dags/tutorial.py took 0.066 seconds
[2024-10-04T06:14:52.633+0100] {processor.py:186} INFO - Started process (PID=18111) to work on /opt/miniconda3/envs/airflow/lib/python3.8/site-packages/airflow/example_dags/tutorial.py
[2024-10-04T06:14:52.634+0100] {processor.py:914} INFO - Processing file /opt/miniconda3/envs/airflow/lib/python3.8/site-packages/airflow/example_dags/tutorial.py for tasks to queue
[2024-10-04T06:14:52.635+0100] {logging_mixin.py:190} INFO - [2024-10-04T06:14:52.635+0100] {dagbag.py:588} INFO - Filling up the DagBag from /opt/miniconda3/envs/airflow/lib/python3.8/site-packages/airflow/example_dags/tutorial.py
[2024-10-04T06:14:52.653+0100] {processor.py:925} INFO - DAG(s) 'tutorial' retrieved from /opt/miniconda3/envs/airflow/lib/python3.8/site-packages/airflow/example_dags/tutorial.py
[2024-10-04T06:14:52.685+0100] {logging_mixin.py:190} INFO - [2024-10-04T06:14:52.685+0100] {dag.py:3239} INFO - Sync 1 DAGs
[2024-10-04T06:14:52.691+0100] {logging_mixin.py:190} INFO - [2024-10-04T06:14:52.691+0100] {dag.py:4180} INFO - Setting next_dagrun for tutorial to 2024-10-03 00:00:00+00:00, run_after=2024-10-04 00:00:00+00:00
[2024-10-04T06:14:52.697+0100] {processor.py:208} INFO - Processing /opt/miniconda3/envs/airflow/lib/python3.8/site-packages/airflow/example_dags/tutorial.py took 0.065 seconds
[2024-10-04T06:15:47.542+0100] {processor.py:186} INFO - Started process (PID=19841) to work on /opt/miniconda3/envs/airflow/lib/python3.8/site-packages/airflow/example_dags/tutorial.py
[2024-10-04T06:15:47.543+0100] {processor.py:914} INFO - Processing file /opt/miniconda3/envs/airflow/lib/python3.8/site-packages/airflow/example_dags/tutorial.py for tasks to queue
[2024-10-04T06:15:47.543+0100] {logging_mixin.py:190} INFO - [2024-10-04T06:15:47.543+0100] {dagbag.py:588} INFO - Filling up the DagBag from /opt/miniconda3/envs/airflow/lib/python3.8/site-packages/airflow/example_dags/tutorial.py
[2024-10-04T06:15:47.561+0100] {processor.py:925} INFO - DAG(s) 'tutorial' retrieved from /opt/miniconda3/envs/airflow/lib/python3.8/site-packages/airflow/example_dags/tutorial.py
[2024-10-04T06:15:47.594+0100] {logging_mixin.py:190} INFO - [2024-10-04T06:15:47.594+0100] {dag.py:3239} INFO - Sync 1 DAGs
[2024-10-04T06:15:47.600+0100] {logging_mixin.py:190} INFO - [2024-10-04T06:15:47.600+0100] {dag.py:4180} INFO - Setting next_dagrun for tutorial to 2024-10-03 00:00:00+00:00, run_after=2024-10-04 00:00:00+00:00
[2024-10-04T06:15:47.605+0100] {processor.py:208} INFO - Processing /opt/miniconda3/envs/airflow/lib/python3.8/site-packages/airflow/example_dags/tutorial.py took 0.064 seconds
[2024-10-04T06:33:02.859+0100] {processor.py:186} INFO - Started process (PID=19938) to work on /opt/miniconda3/envs/airflow/lib/python3.8/site-packages/airflow/example_dags/tutorial.py
[2024-10-04T06:33:02.859+0100] {processor.py:914} INFO - Processing file /opt/miniconda3/envs/airflow/lib/python3.8/site-packages/airflow/example_dags/tutorial.py for tasks to queue
[2024-10-04T06:33:02.859+0100] {logging_mixin.py:190} INFO - [2024-10-04T06:33:02.859+0100] {dagbag.py:588} INFO - Filling up the DagBag from /opt/miniconda3/envs/airflow/lib/python3.8/site-packages/airflow/example_dags/tutorial.py
[2024-10-04T06:33:02.878+0100] {processor.py:925} INFO - DAG(s) 'tutorial' retrieved from /opt/miniconda3/envs/airflow/lib/python3.8/site-packages/airflow/example_dags/tutorial.py
[2024-10-04T06:33:02.910+0100] {logging_mixin.py:190} INFO - [2024-10-04T06:33:02.910+0100] {dag.py:3239} INFO - Sync 1 DAGs
[2024-10-04T06:33:02.915+0100] {logging_mixin.py:190} INFO - [2024-10-04T06:33:02.915+0100] {dag.py:4180} INFO - Setting next_dagrun for tutorial to 2024-10-03 00:00:00+00:00, run_after=2024-10-04 00:00:00+00:00
[2024-10-04T06:33:02.921+0100] {processor.py:208} INFO - Processing /opt/miniconda3/envs/airflow/lib/python3.8/site-packages/airflow/example_dags/tutorial.py took 0.064 seconds
[2024-10-04T08:02:36.283+0100] {processor.py:186} INFO - Started process (PID=20046) to work on /opt/miniconda3/envs/airflow/lib/python3.8/site-packages/airflow/example_dags/tutorial.py
[2024-10-04T08:02:36.284+0100] {processor.py:914} INFO - Processing file /opt/miniconda3/envs/airflow/lib/python3.8/site-packages/airflow/example_dags/tutorial.py for tasks to queue
[2024-10-04T08:02:36.284+0100] {logging_mixin.py:190} INFO - [2024-10-04T08:02:36.284+0100] {dagbag.py:588} INFO - Filling up the DagBag from /opt/miniconda3/envs/airflow/lib/python3.8/site-packages/airflow/example_dags/tutorial.py
[2024-10-04T08:02:36.302+0100] {processor.py:925} INFO - DAG(s) 'tutorial' retrieved from /opt/miniconda3/envs/airflow/lib/python3.8/site-packages/airflow/example_dags/tutorial.py
[2024-10-04T08:02:36.335+0100] {logging_mixin.py:190} INFO - [2024-10-04T08:02:36.335+0100] {dag.py:3239} INFO - Sync 1 DAGs
[2024-10-04T08:02:36.340+0100] {logging_mixin.py:190} INFO - [2024-10-04T08:02:36.340+0100] {dag.py:4180} INFO - Setting next_dagrun for tutorial to 2024-10-03 00:00:00+00:00, run_after=2024-10-04 00:00:00+00:00
[2024-10-04T08:02:36.346+0100] {processor.py:208} INFO - Processing /opt/miniconda3/envs/airflow/lib/python3.8/site-packages/airflow/example_dags/tutorial.py took 0.064 seconds
[2024-10-04T08:39:24.082+0100] {processor.py:186} INFO - Started process (PID=20175) to work on /opt/miniconda3/envs/airflow/lib/python3.8/site-packages/airflow/example_dags/tutorial.py
[2024-10-04T08:39:24.082+0100] {processor.py:914} INFO - Processing file /opt/miniconda3/envs/airflow/lib/python3.8/site-packages/airflow/example_dags/tutorial.py for tasks to queue
[2024-10-04T08:39:24.082+0100] {logging_mixin.py:190} INFO - [2024-10-04T08:39:24.082+0100] {dagbag.py:588} INFO - Filling up the DagBag from /opt/miniconda3/envs/airflow/lib/python3.8/site-packages/airflow/example_dags/tutorial.py
[2024-10-04T08:39:24.100+0100] {processor.py:925} INFO - DAG(s) 'tutorial' retrieved from /opt/miniconda3/envs/airflow/lib/python3.8/site-packages/airflow/example_dags/tutorial.py
[2024-10-04T08:39:24.133+0100] {logging_mixin.py:190} INFO - [2024-10-04T08:39:24.133+0100] {dag.py:3239} INFO - Sync 1 DAGs
[2024-10-04T08:39:24.138+0100] {logging_mixin.py:190} INFO - [2024-10-04T08:39:24.138+0100] {dag.py:4180} INFO - Setting next_dagrun for tutorial to 2024-10-03 00:00:00+00:00, run_after=2024-10-04 00:00:00+00:00
[2024-10-04T08:39:24.143+0100] {processor.py:208} INFO - Processing /opt/miniconda3/envs/airflow/lib/python3.8/site-packages/airflow/example_dags/tutorial.py took 0.063 seconds
[2024-10-04T08:40:19.393+0100] {processor.py:186} INFO - Started process (PID=20250) to work on /opt/miniconda3/envs/airflow/lib/python3.8/site-packages/airflow/example_dags/tutorial.py
[2024-10-04T08:40:19.394+0100] {processor.py:914} INFO - Processing file /opt/miniconda3/envs/airflow/lib/python3.8/site-packages/airflow/example_dags/tutorial.py for tasks to queue
[2024-10-04T08:40:19.394+0100] {logging_mixin.py:190} INFO - [2024-10-04T08:40:19.394+0100] {dagbag.py:588} INFO - Filling up the DagBag from /opt/miniconda3/envs/airflow/lib/python3.8/site-packages/airflow/example_dags/tutorial.py
[2024-10-04T08:40:19.412+0100] {processor.py:925} INFO - DAG(s) 'tutorial' retrieved from /opt/miniconda3/envs/airflow/lib/python3.8/site-packages/airflow/example_dags/tutorial.py
[2024-10-04T08:40:19.444+0100] {logging_mixin.py:190} INFO - [2024-10-04T08:40:19.444+0100] {dag.py:3239} INFO - Sync 1 DAGs
[2024-10-04T08:40:19.449+0100] {logging_mixin.py:190} INFO - [2024-10-04T08:40:19.449+0100] {dag.py:4180} INFO - Setting next_dagrun for tutorial to 2024-10-03 00:00:00+00:00, run_after=2024-10-04 00:00:00+00:00
[2024-10-04T08:40:19.455+0100] {processor.py:208} INFO - Processing /opt/miniconda3/envs/airflow/lib/python3.8/site-packages/airflow/example_dags/tutorial.py took 0.063 seconds
[2024-10-04T08:41:14.748+0100] {processor.py:186} INFO - Started process (PID=20331) to work on /opt/miniconda3/envs/airflow/lib/python3.8/site-packages/airflow/example_dags/tutorial.py
[2024-10-04T08:41:14.748+0100] {processor.py:914} INFO - Processing file /opt/miniconda3/envs/airflow/lib/python3.8/site-packages/airflow/example_dags/tutorial.py for tasks to queue
[2024-10-04T08:41:14.749+0100] {logging_mixin.py:190} INFO - [2024-10-04T08:41:14.748+0100] {dagbag.py:588} INFO - Filling up the DagBag from /opt/miniconda3/envs/airflow/lib/python3.8/site-packages/airflow/example_dags/tutorial.py
[2024-10-04T08:41:14.767+0100] {processor.py:925} INFO - DAG(s) 'tutorial' retrieved from /opt/miniconda3/envs/airflow/lib/python3.8/site-packages/airflow/example_dags/tutorial.py
[2024-10-04T08:41:14.799+0100] {logging_mixin.py:190} INFO - [2024-10-04T08:41:14.799+0100] {dag.py:3239} INFO - Sync 1 DAGs
[2024-10-04T08:41:14.804+0100] {logging_mixin.py:190} INFO - [2024-10-04T08:41:14.804+0100] {dag.py:4180} INFO - Setting next_dagrun for tutorial to 2024-10-03 00:00:00+00:00, run_after=2024-10-04 00:00:00+00:00
[2024-10-04T08:41:14.810+0100] {processor.py:208} INFO - Processing /opt/miniconda3/envs/airflow/lib/python3.8/site-packages/airflow/example_dags/tutorial.py took 0.064 seconds
[2024-10-04T08:58:05.351+0100] {processor.py:186} INFO - Started process (PID=20415) to work on /opt/miniconda3/envs/airflow/lib/python3.8/site-packages/airflow/example_dags/tutorial.py
[2024-10-04T08:58:05.352+0100] {processor.py:914} INFO - Processing file /opt/miniconda3/envs/airflow/lib/python3.8/site-packages/airflow/example_dags/tutorial.py for tasks to queue
[2024-10-04T08:58:05.352+0100] {logging_mixin.py:190} INFO - [2024-10-04T08:58:05.352+0100] {dagbag.py:588} INFO - Filling up the DagBag from /opt/miniconda3/envs/airflow/lib/python3.8/site-packages/airflow/example_dags/tutorial.py
[2024-10-04T08:58:05.373+0100] {processor.py:925} INFO - DAG(s) 'tutorial' retrieved from /opt/miniconda3/envs/airflow/lib/python3.8/site-packages/airflow/example_dags/tutorial.py
[2024-10-04T08:58:05.406+0100] {logging_mixin.py:190} INFO - [2024-10-04T08:58:05.406+0100] {dag.py:3239} INFO - Sync 1 DAGs
[2024-10-04T08:58:05.411+0100] {logging_mixin.py:190} INFO - [2024-10-04T08:58:05.411+0100] {dag.py:4180} INFO - Setting next_dagrun for tutorial to 2024-10-03 00:00:00+00:00, run_after=2024-10-04 00:00:00+00:00
[2024-10-04T08:58:05.416+0100] {processor.py:208} INFO - Processing /opt/miniconda3/envs/airflow/lib/python3.8/site-packages/airflow/example_dags/tutorial.py took 0.067 seconds
[2024-10-04T09:42:08.772+0100] {processor.py:186} INFO - Started process (PID=20584) to work on /opt/miniconda3/envs/airflow/lib/python3.8/site-packages/airflow/example_dags/tutorial.py
[2024-10-04T09:42:08.773+0100] {processor.py:914} INFO - Processing file /opt/miniconda3/envs/airflow/lib/python3.8/site-packages/airflow/example_dags/tutorial.py for tasks to queue
[2024-10-04T09:42:08.774+0100] {logging_mixin.py:190} INFO - [2024-10-04T09:42:08.773+0100] {dagbag.py:588} INFO - Filling up the DagBag from /opt/miniconda3/envs/airflow/lib/python3.8/site-packages/airflow/example_dags/tutorial.py
[2024-10-04T09:42:08.792+0100] {processor.py:925} INFO - DAG(s) 'tutorial' retrieved from /opt/miniconda3/envs/airflow/lib/python3.8/site-packages/airflow/example_dags/tutorial.py
[2024-10-04T09:42:08.852+0100] {logging_mixin.py:190} INFO - [2024-10-04T09:42:08.852+0100] {dag.py:3239} INFO - Sync 1 DAGs
[2024-10-04T09:42:08.857+0100] {logging_mixin.py:190} INFO - [2024-10-04T09:42:08.857+0100] {dag.py:4180} INFO - Setting next_dagrun for tutorial to 2024-10-03 00:00:00+00:00, run_after=2024-10-04 00:00:00+00:00
[2024-10-04T09:42:08.863+0100] {processor.py:208} INFO - Processing /opt/miniconda3/envs/airflow/lib/python3.8/site-packages/airflow/example_dags/tutorial.py took 0.092 seconds
[2024-10-04T09:43:06.331+0100] {processor.py:186} INFO - Started process (PID=20658) to work on /opt/miniconda3/envs/airflow/lib/python3.8/site-packages/airflow/example_dags/tutorial.py
[2024-10-04T09:43:06.331+0100] {processor.py:914} INFO - Processing file /opt/miniconda3/envs/airflow/lib/python3.8/site-packages/airflow/example_dags/tutorial.py for tasks to queue
[2024-10-04T09:43:06.331+0100] {logging_mixin.py:190} INFO - [2024-10-04T09:43:06.331+0100] {dagbag.py:588} INFO - Filling up the DagBag from /opt/miniconda3/envs/airflow/lib/python3.8/site-packages/airflow/example_dags/tutorial.py
[2024-10-04T09:43:06.349+0100] {processor.py:925} INFO - DAG(s) 'tutorial' retrieved from /opt/miniconda3/envs/airflow/lib/python3.8/site-packages/airflow/example_dags/tutorial.py
[2024-10-04T09:43:06.382+0100] {logging_mixin.py:190} INFO - [2024-10-04T09:43:06.382+0100] {dag.py:3239} INFO - Sync 1 DAGs
[2024-10-04T09:43:06.387+0100] {logging_mixin.py:190} INFO - [2024-10-04T09:43:06.387+0100] {dag.py:4180} INFO - Setting next_dagrun for tutorial to 2024-10-03 00:00:00+00:00, run_after=2024-10-04 00:00:00+00:00
[2024-10-04T09:43:06.392+0100] {processor.py:208} INFO - Processing /opt/miniconda3/envs/airflow/lib/python3.8/site-packages/airflow/example_dags/tutorial.py took 0.063 seconds
[2024-10-04T09:44:00.555+0100] {processor.py:186} INFO - Started process (PID=20730) to work on /opt/miniconda3/envs/airflow/lib/python3.8/site-packages/airflow/example_dags/tutorial.py
[2024-10-04T09:44:00.556+0100] {processor.py:914} INFO - Processing file /opt/miniconda3/envs/airflow/lib/python3.8/site-packages/airflow/example_dags/tutorial.py for tasks to queue
[2024-10-04T09:44:00.556+0100] {logging_mixin.py:190} INFO - [2024-10-04T09:44:00.556+0100] {dagbag.py:588} INFO - Filling up the DagBag from /opt/miniconda3/envs/airflow/lib/python3.8/site-packages/airflow/example_dags/tutorial.py
[2024-10-04T09:44:00.574+0100] {processor.py:925} INFO - DAG(s) 'tutorial' retrieved from /opt/miniconda3/envs/airflow/lib/python3.8/site-packages/airflow/example_dags/tutorial.py
[2024-10-04T09:44:00.607+0100] {logging_mixin.py:190} INFO - [2024-10-04T09:44:00.607+0100] {dag.py:3239} INFO - Sync 1 DAGs
[2024-10-04T09:44:00.612+0100] {logging_mixin.py:190} INFO - [2024-10-04T09:44:00.612+0100] {dag.py:4180} INFO - Setting next_dagrun for tutorial to 2024-10-03 00:00:00+00:00, run_after=2024-10-04 00:00:00+00:00
[2024-10-04T09:44:00.617+0100] {processor.py:208} INFO - Processing /opt/miniconda3/envs/airflow/lib/python3.8/site-packages/airflow/example_dags/tutorial.py took 0.063 seconds
[2024-10-04T10:19:57.821+0100] {processor.py:186} INFO - Started process (PID=20840) to work on /opt/miniconda3/envs/airflow/lib/python3.8/site-packages/airflow/example_dags/tutorial.py
[2024-10-04T10:19:57.823+0100] {processor.py:914} INFO - Processing file /opt/miniconda3/envs/airflow/lib/python3.8/site-packages/airflow/example_dags/tutorial.py for tasks to queue
[2024-10-04T10:19:57.823+0100] {logging_mixin.py:190} INFO - [2024-10-04T10:19:57.823+0100] {dagbag.py:588} INFO - Filling up the DagBag from /opt/miniconda3/envs/airflow/lib/python3.8/site-packages/airflow/example_dags/tutorial.py
[2024-10-04T10:19:57.843+0100] {processor.py:925} INFO - DAG(s) 'tutorial' retrieved from /opt/miniconda3/envs/airflow/lib/python3.8/site-packages/airflow/example_dags/tutorial.py
[2024-10-04T10:19:57.877+0100] {logging_mixin.py:190} INFO - [2024-10-04T10:19:57.876+0100] {dag.py:3239} INFO - Sync 1 DAGs
[2024-10-04T10:19:57.883+0100] {logging_mixin.py:190} INFO - [2024-10-04T10:19:57.883+0100] {dag.py:4180} INFO - Setting next_dagrun for tutorial to 2024-10-03 00:00:00+00:00, run_after=2024-10-04 00:00:00+00:00
[2024-10-04T10:19:57.888+0100] {processor.py:208} INFO - Processing /opt/miniconda3/envs/airflow/lib/python3.8/site-packages/airflow/example_dags/tutorial.py took 0.068 seconds
[2024-10-04T10:21:05.993+0100] {processor.py:186} INFO - Started process (PID=20934) to work on /opt/miniconda3/envs/airflow/lib/python3.8/site-packages/airflow/example_dags/tutorial.py
[2024-10-04T10:21:05.994+0100] {processor.py:914} INFO - Processing file /opt/miniconda3/envs/airflow/lib/python3.8/site-packages/airflow/example_dags/tutorial.py for tasks to queue
[2024-10-04T10:21:05.995+0100] {logging_mixin.py:190} INFO - [2024-10-04T10:21:05.995+0100] {dagbag.py:588} INFO - Filling up the DagBag from /opt/miniconda3/envs/airflow/lib/python3.8/site-packages/airflow/example_dags/tutorial.py
[2024-10-04T10:21:06.014+0100] {processor.py:925} INFO - DAG(s) 'tutorial' retrieved from /opt/miniconda3/envs/airflow/lib/python3.8/site-packages/airflow/example_dags/tutorial.py
[2024-10-04T10:21:06.046+0100] {logging_mixin.py:190} INFO - [2024-10-04T10:21:06.046+0100] {dag.py:3239} INFO - Sync 1 DAGs
[2024-10-04T10:21:06.051+0100] {logging_mixin.py:190} INFO - [2024-10-04T10:21:06.051+0100] {dag.py:4180} INFO - Setting next_dagrun for tutorial to 2024-10-03 00:00:00+00:00, run_after=2024-10-04 00:00:00+00:00
[2024-10-04T10:21:06.057+0100] {processor.py:208} INFO - Processing /opt/miniconda3/envs/airflow/lib/python3.8/site-packages/airflow/example_dags/tutorial.py took 0.065 seconds
[2024-10-04T10:22:05.236+0100] {processor.py:186} INFO - Started process (PID=21013) to work on /opt/miniconda3/envs/airflow/lib/python3.8/site-packages/airflow/example_dags/tutorial.py
[2024-10-04T10:22:05.237+0100] {processor.py:914} INFO - Processing file /opt/miniconda3/envs/airflow/lib/python3.8/site-packages/airflow/example_dags/tutorial.py for tasks to queue
[2024-10-04T10:22:05.237+0100] {logging_mixin.py:190} INFO - [2024-10-04T10:22:05.237+0100] {dagbag.py:588} INFO - Filling up the DagBag from /opt/miniconda3/envs/airflow/lib/python3.8/site-packages/airflow/example_dags/tutorial.py
[2024-10-04T10:22:05.257+0100] {processor.py:925} INFO - DAG(s) 'tutorial' retrieved from /opt/miniconda3/envs/airflow/lib/python3.8/site-packages/airflow/example_dags/tutorial.py
[2024-10-04T10:22:05.289+0100] {logging_mixin.py:190} INFO - [2024-10-04T10:22:05.289+0100] {dag.py:3239} INFO - Sync 1 DAGs
[2024-10-04T10:22:05.295+0100] {logging_mixin.py:190} INFO - [2024-10-04T10:22:05.295+0100] {dag.py:4180} INFO - Setting next_dagrun for tutorial to 2024-10-03 00:00:00+00:00, run_after=2024-10-04 00:00:00+00:00
[2024-10-04T10:22:05.300+0100] {processor.py:208} INFO - Processing /opt/miniconda3/envs/airflow/lib/python3.8/site-packages/airflow/example_dags/tutorial.py took 0.066 seconds
[2024-10-04T10:24:23.209+0100] {processor.py:186} INFO - Started process (PID=21111) to work on /opt/miniconda3/envs/airflow/lib/python3.8/site-packages/airflow/example_dags/tutorial.py
[2024-10-04T10:24:23.210+0100] {processor.py:914} INFO - Processing file /opt/miniconda3/envs/airflow/lib/python3.8/site-packages/airflow/example_dags/tutorial.py for tasks to queue
[2024-10-04T10:24:23.211+0100] {logging_mixin.py:190} INFO - [2024-10-04T10:24:23.210+0100] {dagbag.py:588} INFO - Filling up the DagBag from /opt/miniconda3/envs/airflow/lib/python3.8/site-packages/airflow/example_dags/tutorial.py
[2024-10-04T10:24:23.230+0100] {processor.py:925} INFO - DAG(s) 'tutorial' retrieved from /opt/miniconda3/envs/airflow/lib/python3.8/site-packages/airflow/example_dags/tutorial.py
[2024-10-04T10:24:23.262+0100] {logging_mixin.py:190} INFO - [2024-10-04T10:24:23.262+0100] {dag.py:3239} INFO - Sync 1 DAGs
[2024-10-04T10:24:23.268+0100] {logging_mixin.py:190} INFO - [2024-10-04T10:24:23.268+0100] {dag.py:4180} INFO - Setting next_dagrun for tutorial to 2024-10-03 00:00:00+00:00, run_after=2024-10-04 00:00:00+00:00
[2024-10-04T10:24:23.273+0100] {processor.py:208} INFO - Processing /opt/miniconda3/envs/airflow/lib/python3.8/site-packages/airflow/example_dags/tutorial.py took 0.066 seconds
[2024-10-04T10:25:22.636+0100] {processor.py:186} INFO - Started process (PID=21187) to work on /opt/miniconda3/envs/airflow/lib/python3.8/site-packages/airflow/example_dags/tutorial.py
[2024-10-04T10:25:22.636+0100] {processor.py:914} INFO - Processing file /opt/miniconda3/envs/airflow/lib/python3.8/site-packages/airflow/example_dags/tutorial.py for tasks to queue
[2024-10-04T10:25:22.636+0100] {logging_mixin.py:190} INFO - [2024-10-04T10:25:22.636+0100] {dagbag.py:588} INFO - Filling up the DagBag from /opt/miniconda3/envs/airflow/lib/python3.8/site-packages/airflow/example_dags/tutorial.py
[2024-10-04T10:25:22.655+0100] {processor.py:925} INFO - DAG(s) 'tutorial' retrieved from /opt/miniconda3/envs/airflow/lib/python3.8/site-packages/airflow/example_dags/tutorial.py
[2024-10-04T10:25:22.688+0100] {logging_mixin.py:190} INFO - [2024-10-04T10:25:22.688+0100] {dag.py:3239} INFO - Sync 1 DAGs
[2024-10-04T10:25:22.693+0100] {logging_mixin.py:190} INFO - [2024-10-04T10:25:22.693+0100] {dag.py:4180} INFO - Setting next_dagrun for tutorial to 2024-10-03 00:00:00+00:00, run_after=2024-10-04 00:00:00+00:00
[2024-10-04T10:25:22.699+0100] {processor.py:208} INFO - Processing /opt/miniconda3/envs/airflow/lib/python3.8/site-packages/airflow/example_dags/tutorial.py took 0.065 seconds
[2024-10-04T10:26:22.834+0100] {processor.py:186} INFO - Started process (PID=21264) to work on /opt/miniconda3/envs/airflow/lib/python3.8/site-packages/airflow/example_dags/tutorial.py
[2024-10-04T10:26:22.834+0100] {processor.py:914} INFO - Processing file /opt/miniconda3/envs/airflow/lib/python3.8/site-packages/airflow/example_dags/tutorial.py for tasks to queue
[2024-10-04T10:26:22.835+0100] {logging_mixin.py:190} INFO - [2024-10-04T10:26:22.835+0100] {dagbag.py:588} INFO - Filling up the DagBag from /opt/miniconda3/envs/airflow/lib/python3.8/site-packages/airflow/example_dags/tutorial.py
[2024-10-04T10:26:22.855+0100] {processor.py:925} INFO - DAG(s) 'tutorial' retrieved from /opt/miniconda3/envs/airflow/lib/python3.8/site-packages/airflow/example_dags/tutorial.py
[2024-10-04T10:26:22.888+0100] {logging_mixin.py:190} INFO - [2024-10-04T10:26:22.887+0100] {dag.py:3239} INFO - Sync 1 DAGs
[2024-10-04T10:26:22.893+0100] {logging_mixin.py:190} INFO - [2024-10-04T10:26:22.893+0100] {dag.py:4180} INFO - Setting next_dagrun for tutorial to 2024-10-03 00:00:00+00:00, run_after=2024-10-04 00:00:00+00:00
[2024-10-04T10:26:22.899+0100] {processor.py:208} INFO - Processing /opt/miniconda3/envs/airflow/lib/python3.8/site-packages/airflow/example_dags/tutorial.py took 0.066 seconds
[2024-10-04T10:27:19.193+0100] {processor.py:186} INFO - Started process (PID=21340) to work on /opt/miniconda3/envs/airflow/lib/python3.8/site-packages/airflow/example_dags/tutorial.py
[2024-10-04T10:27:19.193+0100] {processor.py:914} INFO - Processing file /opt/miniconda3/envs/airflow/lib/python3.8/site-packages/airflow/example_dags/tutorial.py for tasks to queue
[2024-10-04T10:27:19.194+0100] {logging_mixin.py:190} INFO - [2024-10-04T10:27:19.194+0100] {dagbag.py:588} INFO - Filling up the DagBag from /opt/miniconda3/envs/airflow/lib/python3.8/site-packages/airflow/example_dags/tutorial.py
[2024-10-04T10:27:19.212+0100] {processor.py:925} INFO - DAG(s) 'tutorial' retrieved from /opt/miniconda3/envs/airflow/lib/python3.8/site-packages/airflow/example_dags/tutorial.py
[2024-10-04T10:27:19.245+0100] {logging_mixin.py:190} INFO - [2024-10-04T10:27:19.245+0100] {dag.py:3239} INFO - Sync 1 DAGs
[2024-10-04T10:27:19.250+0100] {logging_mixin.py:190} INFO - [2024-10-04T10:27:19.250+0100] {dag.py:4180} INFO - Setting next_dagrun for tutorial to 2024-10-03 00:00:00+00:00, run_after=2024-10-04 00:00:00+00:00
[2024-10-04T10:27:19.255+0100] {processor.py:208} INFO - Processing /opt/miniconda3/envs/airflow/lib/python3.8/site-packages/airflow/example_dags/tutorial.py took 0.064 seconds
[2024-10-04T10:28:16.985+0100] {processor.py:186} INFO - Started process (PID=21421) to work on /opt/miniconda3/envs/airflow/lib/python3.8/site-packages/airflow/example_dags/tutorial.py
[2024-10-04T10:28:16.986+0100] {processor.py:914} INFO - Processing file /opt/miniconda3/envs/airflow/lib/python3.8/site-packages/airflow/example_dags/tutorial.py for tasks to queue
[2024-10-04T10:28:16.987+0100] {logging_mixin.py:190} INFO - [2024-10-04T10:28:16.986+0100] {dagbag.py:588} INFO - Filling up the DagBag from /opt/miniconda3/envs/airflow/lib/python3.8/site-packages/airflow/example_dags/tutorial.py
[2024-10-04T10:28:17.005+0100] {processor.py:925} INFO - DAG(s) 'tutorial' retrieved from /opt/miniconda3/envs/airflow/lib/python3.8/site-packages/airflow/example_dags/tutorial.py
[2024-10-04T10:28:17.038+0100] {logging_mixin.py:190} INFO - [2024-10-04T10:28:17.038+0100] {dag.py:3239} INFO - Sync 1 DAGs
[2024-10-04T10:28:17.043+0100] {logging_mixin.py:190} INFO - [2024-10-04T10:28:17.043+0100] {dag.py:4180} INFO - Setting next_dagrun for tutorial to 2024-10-03 00:00:00+00:00, run_after=2024-10-04 00:00:00+00:00
[2024-10-04T10:28:17.049+0100] {processor.py:208} INFO - Processing /opt/miniconda3/envs/airflow/lib/python3.8/site-packages/airflow/example_dags/tutorial.py took 0.065 seconds
[2024-10-04T10:29:14.094+0100] {processor.py:186} INFO - Started process (PID=21517) to work on /opt/miniconda3/envs/airflow/lib/python3.8/site-packages/airflow/example_dags/tutorial.py
[2024-10-04T10:29:14.095+0100] {processor.py:914} INFO - Processing file /opt/miniconda3/envs/airflow/lib/python3.8/site-packages/airflow/example_dags/tutorial.py for tasks to queue
[2024-10-04T10:29:14.095+0100] {logging_mixin.py:190} INFO - [2024-10-04T10:29:14.095+0100] {dagbag.py:588} INFO - Filling up the DagBag from /opt/miniconda3/envs/airflow/lib/python3.8/site-packages/airflow/example_dags/tutorial.py
[2024-10-04T10:29:14.114+0100] {processor.py:925} INFO - DAG(s) 'tutorial' retrieved from /opt/miniconda3/envs/airflow/lib/python3.8/site-packages/airflow/example_dags/tutorial.py
[2024-10-04T10:29:14.147+0100] {logging_mixin.py:190} INFO - [2024-10-04T10:29:14.147+0100] {dag.py:3239} INFO - Sync 1 DAGs
[2024-10-04T10:29:14.153+0100] {logging_mixin.py:190} INFO - [2024-10-04T10:29:14.153+0100] {dag.py:4180} INFO - Setting next_dagrun for tutorial to 2024-10-03 00:00:00+00:00, run_after=2024-10-04 00:00:00+00:00
[2024-10-04T10:29:14.159+0100] {processor.py:208} INFO - Processing /opt/miniconda3/envs/airflow/lib/python3.8/site-packages/airflow/example_dags/tutorial.py took 0.067 seconds
[2024-10-04T10:30:11.892+0100] {processor.py:186} INFO - Started process (PID=21611) to work on /opt/miniconda3/envs/airflow/lib/python3.8/site-packages/airflow/example_dags/tutorial.py
[2024-10-04T10:30:11.892+0100] {processor.py:914} INFO - Processing file /opt/miniconda3/envs/airflow/lib/python3.8/site-packages/airflow/example_dags/tutorial.py for tasks to queue
[2024-10-04T10:30:11.892+0100] {logging_mixin.py:190} INFO - [2024-10-04T10:30:11.892+0100] {dagbag.py:588} INFO - Filling up the DagBag from /opt/miniconda3/envs/airflow/lib/python3.8/site-packages/airflow/example_dags/tutorial.py
[2024-10-04T10:30:11.911+0100] {processor.py:925} INFO - DAG(s) 'tutorial' retrieved from /opt/miniconda3/envs/airflow/lib/python3.8/site-packages/airflow/example_dags/tutorial.py
[2024-10-04T10:30:11.944+0100] {logging_mixin.py:190} INFO - [2024-10-04T10:30:11.944+0100] {dag.py:3239} INFO - Sync 1 DAGs
[2024-10-04T10:30:11.949+0100] {logging_mixin.py:190} INFO - [2024-10-04T10:30:11.949+0100] {dag.py:4180} INFO - Setting next_dagrun for tutorial to 2024-10-03 00:00:00+00:00, run_after=2024-10-04 00:00:00+00:00
[2024-10-04T10:30:11.955+0100] {processor.py:208} INFO - Processing /opt/miniconda3/envs/airflow/lib/python3.8/site-packages/airflow/example_dags/tutorial.py took 0.065 seconds
[2024-10-04T10:31:08.038+0100] {processor.py:186} INFO - Started process (PID=21684) to work on /opt/miniconda3/envs/airflow/lib/python3.8/site-packages/airflow/example_dags/tutorial.py
[2024-10-04T10:31:08.039+0100] {processor.py:914} INFO - Processing file /opt/miniconda3/envs/airflow/lib/python3.8/site-packages/airflow/example_dags/tutorial.py for tasks to queue
[2024-10-04T10:31:08.039+0100] {logging_mixin.py:190} INFO - [2024-10-04T10:31:08.039+0100] {dagbag.py:588} INFO - Filling up the DagBag from /opt/miniconda3/envs/airflow/lib/python3.8/site-packages/airflow/example_dags/tutorial.py
[2024-10-04T10:31:08.059+0100] {processor.py:925} INFO - DAG(s) 'tutorial' retrieved from /opt/miniconda3/envs/airflow/lib/python3.8/site-packages/airflow/example_dags/tutorial.py
[2024-10-04T10:31:08.091+0100] {logging_mixin.py:190} INFO - [2024-10-04T10:31:08.091+0100] {dag.py:3239} INFO - Sync 1 DAGs
[2024-10-04T10:31:08.097+0100] {logging_mixin.py:190} INFO - [2024-10-04T10:31:08.097+0100] {dag.py:4180} INFO - Setting next_dagrun for tutorial to 2024-10-03 00:00:00+00:00, run_after=2024-10-04 00:00:00+00:00
[2024-10-04T10:31:08.102+0100] {processor.py:208} INFO - Processing /opt/miniconda3/envs/airflow/lib/python3.8/site-packages/airflow/example_dags/tutorial.py took 0.065 seconds
[2024-10-04T10:32:08.774+0100] {processor.py:186} INFO - Started process (PID=21774) to work on /opt/miniconda3/envs/airflow/lib/python3.8/site-packages/airflow/example_dags/tutorial.py
[2024-10-04T10:32:08.775+0100] {processor.py:914} INFO - Processing file /opt/miniconda3/envs/airflow/lib/python3.8/site-packages/airflow/example_dags/tutorial.py for tasks to queue
[2024-10-04T10:32:08.775+0100] {logging_mixin.py:190} INFO - [2024-10-04T10:32:08.775+0100] {dagbag.py:588} INFO - Filling up the DagBag from /opt/miniconda3/envs/airflow/lib/python3.8/site-packages/airflow/example_dags/tutorial.py
[2024-10-04T10:32:08.794+0100] {processor.py:925} INFO - DAG(s) 'tutorial' retrieved from /opt/miniconda3/envs/airflow/lib/python3.8/site-packages/airflow/example_dags/tutorial.py
[2024-10-04T10:32:08.827+0100] {logging_mixin.py:190} INFO - [2024-10-04T10:32:08.827+0100] {dag.py:3239} INFO - Sync 1 DAGs
[2024-10-04T10:32:08.832+0100] {logging_mixin.py:190} INFO - [2024-10-04T10:32:08.832+0100] {dag.py:4180} INFO - Setting next_dagrun for tutorial to 2024-10-03 00:00:00+00:00, run_after=2024-10-04 00:00:00+00:00
[2024-10-04T10:32:08.838+0100] {processor.py:208} INFO - Processing /opt/miniconda3/envs/airflow/lib/python3.8/site-packages/airflow/example_dags/tutorial.py took 0.065 seconds
[2024-10-04T10:33:09.449+0100] {processor.py:186} INFO - Started process (PID=21866) to work on /opt/miniconda3/envs/airflow/lib/python3.8/site-packages/airflow/example_dags/tutorial.py
[2024-10-04T10:33:09.450+0100] {processor.py:914} INFO - Processing file /opt/miniconda3/envs/airflow/lib/python3.8/site-packages/airflow/example_dags/tutorial.py for tasks to queue
[2024-10-04T10:33:09.450+0100] {logging_mixin.py:190} INFO - [2024-10-04T10:33:09.450+0100] {dagbag.py:588} INFO - Filling up the DagBag from /opt/miniconda3/envs/airflow/lib/python3.8/site-packages/airflow/example_dags/tutorial.py
[2024-10-04T10:33:09.471+0100] {processor.py:925} INFO - DAG(s) 'tutorial' retrieved from /opt/miniconda3/envs/airflow/lib/python3.8/site-packages/airflow/example_dags/tutorial.py
[2024-10-04T10:33:09.505+0100] {logging_mixin.py:190} INFO - [2024-10-04T10:33:09.505+0100] {dag.py:3239} INFO - Sync 1 DAGs
[2024-10-04T10:33:09.510+0100] {logging_mixin.py:190} INFO - [2024-10-04T10:33:09.510+0100] {dag.py:4180} INFO - Setting next_dagrun for tutorial to 2024-10-03 00:00:00+00:00, run_after=2024-10-04 00:00:00+00:00
[2024-10-04T10:33:09.516+0100] {processor.py:208} INFO - Processing /opt/miniconda3/envs/airflow/lib/python3.8/site-packages/airflow/example_dags/tutorial.py took 0.068 seconds
[2024-10-04T10:34:13.175+0100] {processor.py:186} INFO - Started process (PID=21944) to work on /opt/miniconda3/envs/airflow/lib/python3.8/site-packages/airflow/example_dags/tutorial.py
[2024-10-04T10:34:13.176+0100] {processor.py:914} INFO - Processing file /opt/miniconda3/envs/airflow/lib/python3.8/site-packages/airflow/example_dags/tutorial.py for tasks to queue
[2024-10-04T10:34:13.176+0100] {logging_mixin.py:190} INFO - [2024-10-04T10:34:13.176+0100] {dagbag.py:588} INFO - Filling up the DagBag from /opt/miniconda3/envs/airflow/lib/python3.8/site-packages/airflow/example_dags/tutorial.py
[2024-10-04T10:34:13.196+0100] {processor.py:925} INFO - DAG(s) 'tutorial' retrieved from /opt/miniconda3/envs/airflow/lib/python3.8/site-packages/airflow/example_dags/tutorial.py
[2024-10-04T10:34:13.228+0100] {logging_mixin.py:190} INFO - [2024-10-04T10:34:13.228+0100] {dag.py:3239} INFO - Sync 1 DAGs
[2024-10-04T10:34:13.234+0100] {logging_mixin.py:190} INFO - [2024-10-04T10:34:13.234+0100] {dag.py:4180} INFO - Setting next_dagrun for tutorial to 2024-10-03 00:00:00+00:00, run_after=2024-10-04 00:00:00+00:00
[2024-10-04T10:34:13.239+0100] {processor.py:208} INFO - Processing /opt/miniconda3/envs/airflow/lib/python3.8/site-packages/airflow/example_dags/tutorial.py took 0.065 seconds
[2024-10-04T10:35:20.657+0100] {processor.py:186} INFO - Started process (PID=22035) to work on /opt/miniconda3/envs/airflow/lib/python3.8/site-packages/airflow/example_dags/tutorial.py
[2024-10-04T10:35:20.657+0100] {processor.py:914} INFO - Processing file /opt/miniconda3/envs/airflow/lib/python3.8/site-packages/airflow/example_dags/tutorial.py for tasks to queue
[2024-10-04T10:35:20.657+0100] {logging_mixin.py:190} INFO - [2024-10-04T10:35:20.657+0100] {dagbag.py:588} INFO - Filling up the DagBag from /opt/miniconda3/envs/airflow/lib/python3.8/site-packages/airflow/example_dags/tutorial.py
[2024-10-04T10:35:20.677+0100] {processor.py:925} INFO - DAG(s) 'tutorial' retrieved from /opt/miniconda3/envs/airflow/lib/python3.8/site-packages/airflow/example_dags/tutorial.py
[2024-10-04T10:35:20.710+0100] {logging_mixin.py:190} INFO - [2024-10-04T10:35:20.710+0100] {dag.py:3239} INFO - Sync 1 DAGs
[2024-10-04T10:35:20.715+0100] {logging_mixin.py:190} INFO - [2024-10-04T10:35:20.715+0100] {dag.py:4180} INFO - Setting next_dagrun for tutorial to 2024-10-03 00:00:00+00:00, run_after=2024-10-04 00:00:00+00:00
[2024-10-04T10:35:20.720+0100] {processor.py:208} INFO - Processing /opt/miniconda3/envs/airflow/lib/python3.8/site-packages/airflow/example_dags/tutorial.py took 0.065 seconds
[2024-10-04T10:36:27.504+0100] {processor.py:186} INFO - Started process (PID=22115) to work on /opt/miniconda3/envs/airflow/lib/python3.8/site-packages/airflow/example_dags/tutorial.py
[2024-10-04T10:36:27.504+0100] {processor.py:914} INFO - Processing file /opt/miniconda3/envs/airflow/lib/python3.8/site-packages/airflow/example_dags/tutorial.py for tasks to queue
[2024-10-04T10:36:27.505+0100] {logging_mixin.py:190} INFO - [2024-10-04T10:36:27.505+0100] {dagbag.py:588} INFO - Filling up the DagBag from /opt/miniconda3/envs/airflow/lib/python3.8/site-packages/airflow/example_dags/tutorial.py
[2024-10-04T10:36:27.524+0100] {processor.py:925} INFO - DAG(s) 'tutorial' retrieved from /opt/miniconda3/envs/airflow/lib/python3.8/site-packages/airflow/example_dags/tutorial.py
[2024-10-04T10:36:27.557+0100] {logging_mixin.py:190} INFO - [2024-10-04T10:36:27.557+0100] {dag.py:3239} INFO - Sync 1 DAGs
[2024-10-04T10:36:27.562+0100] {logging_mixin.py:190} INFO - [2024-10-04T10:36:27.562+0100] {dag.py:4180} INFO - Setting next_dagrun for tutorial to 2024-10-03 00:00:00+00:00, run_after=2024-10-04 00:00:00+00:00
[2024-10-04T10:36:27.568+0100] {processor.py:208} INFO - Processing /opt/miniconda3/envs/airflow/lib/python3.8/site-packages/airflow/example_dags/tutorial.py took 0.065 seconds
[2024-10-04T10:37:34.872+0100] {processor.py:186} INFO - Started process (PID=22202) to work on /opt/miniconda3/envs/airflow/lib/python3.8/site-packages/airflow/example_dags/tutorial.py
[2024-10-04T10:37:34.873+0100] {processor.py:914} INFO - Processing file /opt/miniconda3/envs/airflow/lib/python3.8/site-packages/airflow/example_dags/tutorial.py for tasks to queue
[2024-10-04T10:37:34.873+0100] {logging_mixin.py:190} INFO - [2024-10-04T10:37:34.873+0100] {dagbag.py:588} INFO - Filling up the DagBag from /opt/miniconda3/envs/airflow/lib/python3.8/site-packages/airflow/example_dags/tutorial.py
[2024-10-04T10:37:34.892+0100] {processor.py:925} INFO - DAG(s) 'tutorial' retrieved from /opt/miniconda3/envs/airflow/lib/python3.8/site-packages/airflow/example_dags/tutorial.py
[2024-10-04T10:37:34.925+0100] {logging_mixin.py:190} INFO - [2024-10-04T10:37:34.925+0100] {dag.py:3239} INFO - Sync 1 DAGs
[2024-10-04T10:37:34.930+0100] {logging_mixin.py:190} INFO - [2024-10-04T10:37:34.930+0100] {dag.py:4180} INFO - Setting next_dagrun for tutorial to 2024-10-03 00:00:00+00:00, run_after=2024-10-04 00:00:00+00:00
[2024-10-04T10:37:34.936+0100] {processor.py:208} INFO - Processing /opt/miniconda3/envs/airflow/lib/python3.8/site-packages/airflow/example_dags/tutorial.py took 0.066 seconds
