[2024-10-07T01:56:02.951+0100] {local_task_job_runner.py:123} INFO - ::group::Pre task execution logs
[2024-10-07T01:56:02.954+0100] {taskinstance.py:2612} INFO - Dependencies all met for dep_context=non-requeueable deps ti=<TaskInstance: executing_multiple_tasks_3.taskD scheduled__2024-10-06T00:00:00+00:00 [queued]>
[2024-10-07T01:56:02.956+0100] {taskinstance.py:2612} INFO - Dependencies all met for dep_context=requeueable deps ti=<TaskInstance: executing_multiple_tasks_3.taskD scheduled__2024-10-06T00:00:00+00:00 [queued]>
[2024-10-07T01:56:02.956+0100] {taskinstance.py:2865} INFO - Starting attempt 1 of 1
[2024-10-07T01:56:02.959+0100] {taskinstance.py:2888} INFO - Executing <Task(BashOperator): taskD> on 2024-10-06 00:00:00+00:00
[2024-10-07T01:56:02.961+0100] {standard_task_runner.py:72} INFO - Started process 38560 to run task
[2024-10-07T01:56:02.964+0100] {standard_task_runner.py:104} INFO - Running: ['airflow', 'tasks', 'run', 'executing_multiple_tasks_3', 'taskD', 'scheduled__2024-10-06T00:00:00+00:00', '--job-id', '82', '--raw', '--subdir', 'DAGS_FOLDER/execute_multiple_3.py', '--cfg-path', '/var/folders/nl/1x330z2x7yzb268yb0bbvjcr0000gn/T/tmpwhqg34mw']
[2024-10-07T01:56:02.965+0100] {standard_task_runner.py:105} INFO - Job 82: Subtask taskD
[2024-10-07T01:56:02.977+0100] {task_command.py:467} INFO - Running <TaskInstance: executing_multiple_tasks_3.taskD scheduled__2024-10-06T00:00:00+00:00 [running]> on host mujtabas-macbook-pro.local
[2024-10-07T01:56:02.994+0100] {taskinstance.py:3131} INFO - Exporting env vars: AIRFLOW_CTX_DAG_OWNER='ali' AIRFLOW_CTX_DAG_ID='executing_multiple_tasks_3' AIRFLOW_CTX_TASK_ID='taskD' AIRFLOW_CTX_EXECUTION_DATE='2024-10-06T00:00:00+00:00' AIRFLOW_CTX_TRY_NUMBER='1' AIRFLOW_CTX_DAG_RUN_ID='scheduled__2024-10-06T00:00:00+00:00'
[2024-10-07T01:56:02.995+0100] {taskinstance.py:731} INFO - ::endgroup::
[2024-10-07T01:56:03.000+0100] {subprocess.py:63} INFO - Tmp dir root location: /var/folders/nl/1x330z2x7yzb268yb0bbvjcr0000gn/T
[2024-10-07T01:56:03.000+0100] {subprocess.py:75} INFO - Running command: ['/bin/bash', '-c', 'echo TASK D completed!']
[2024-10-07T01:56:03.002+0100] {subprocess.py:86} INFO - Output:
[2024-10-07T01:56:03.004+0100] {subprocess.py:93} INFO - TASK D completed!
[2024-10-07T01:56:03.004+0100] {subprocess.py:97} INFO - Command exited with return code 0
[2024-10-07T01:56:03.009+0100] {taskinstance.py:340} INFO - ::group::Post task execution logs
[2024-10-07T01:56:03.010+0100] {taskinstance.py:352} INFO - Marking task as SUCCESS. dag_id=executing_multiple_tasks_3, task_id=taskD, run_id=scheduled__2024-10-06T00:00:00+00:00, execution_date=20241006T000000, start_date=20241007T005602, end_date=20241007T005603
[2024-10-07T01:56:03.037+0100] {local_task_job_runner.py:266} INFO - Task exited with return code 0
[2024-10-07T01:56:03.043+0100] {taskinstance.py:3900} INFO - 1 downstream tasks scheduled from follow-on schedule check
[2024-10-07T01:56:03.044+0100] {local_task_job_runner.py:245} INFO - ::endgroup::
