[2024-10-09T01:11:35.392+0100] {local_task_job_runner.py:123} INFO - ::group::Pre task execution logs
[2024-10-09T01:11:35.396+0100] {taskinstance.py:2612} INFO - Dependencies all met for dep_context=non-requeueable deps ti=<TaskInstance: executing_multiple_tasks_2.taskC scheduled__2024-10-08T00:00:00+00:00 [queued]>
[2024-10-09T01:11:35.397+0100] {taskinstance.py:2612} INFO - Dependencies all met for dep_context=requeueable deps ti=<TaskInstance: executing_multiple_tasks_2.taskC scheduled__2024-10-08T00:00:00+00:00 [queued]>
[2024-10-09T01:11:35.397+0100] {taskinstance.py:2865} INFO - Starting attempt 1 of 1
[2024-10-09T01:11:35.401+0100] {taskinstance.py:2888} INFO - Executing <Task(BashOperator): taskC> on 2024-10-08 00:00:00+00:00
[2024-10-09T01:11:35.402+0100] {standard_task_runner.py:72} INFO - Started process 10797 to run task
[2024-10-09T01:11:35.405+0100] {standard_task_runner.py:104} INFO - Running: ['airflow', 'tasks', 'run', 'executing_multiple_tasks_2', 'taskC', 'scheduled__2024-10-08T00:00:00+00:00', '--job-id', '105', '--raw', '--subdir', 'DAGS_FOLDER/execute_multiple_2.py', '--cfg-path', '/var/folders/nl/1x330z2x7yzb268yb0bbvjcr0000gn/T/tmpj0aytntf']
[2024-10-09T01:11:35.406+0100] {standard_task_runner.py:105} INFO - Job 105: Subtask taskC
[2024-10-09T01:11:35.416+0100] {task_command.py:467} INFO - Running <TaskInstance: executing_multiple_tasks_2.taskC scheduled__2024-10-08T00:00:00+00:00 [running]> on host mujtabas-macbook-pro.local
[2024-10-09T01:11:35.436+0100] {taskinstance.py:3131} INFO - Exporting env vars: AIRFLOW_CTX_DAG_OWNER='ali' AIRFLOW_CTX_DAG_ID='executing_multiple_tasks_2' AIRFLOW_CTX_TASK_ID='taskC' AIRFLOW_CTX_EXECUTION_DATE='2024-10-08T00:00:00+00:00' AIRFLOW_CTX_TRY_NUMBER='1' AIRFLOW_CTX_DAG_RUN_ID='scheduled__2024-10-08T00:00:00+00:00'
[2024-10-09T01:11:35.436+0100] {taskinstance.py:731} INFO - ::endgroup::
[2024-10-09T01:11:35.441+0100] {subprocess.py:63} INFO - Tmp dir root location: /var/folders/nl/1x330z2x7yzb268yb0bbvjcr0000gn/T
[2024-10-09T01:11:35.441+0100] {subprocess.py:75} INFO - Running command: ['/bin/bash', '-c', '\n            echo TASK C has started!\n            sleep 15\n            echo TASK C has ended!\n        ']
[2024-10-09T01:11:35.443+0100] {subprocess.py:86} INFO - Output:
[2024-10-09T01:11:35.444+0100] {subprocess.py:93} INFO - TASK C has started!
[2024-10-09T01:27:14.720+0100] {job.py:229} INFO - Heartbeat recovered after 939.35 seconds
[2024-10-09T01:35:35.047+0100] {job.py:229} INFO - Heartbeat recovered after 500.33 seconds
[2024-10-09T01:35:40.018+0100] {subprocess.py:93} INFO - TASK C has ended!
[2024-10-09T01:35:40.021+0100] {subprocess.py:97} INFO - Command exited with return code 0
[2024-10-09T01:35:40.036+0100] {taskinstance.py:340} INFO - ::group::Post task execution logs
[2024-10-09T01:35:40.037+0100] {taskinstance.py:352} INFO - Marking task as SUCCESS. dag_id=executing_multiple_tasks_2, task_id=taskC, run_id=scheduled__2024-10-08T00:00:00+00:00, execution_date=20241008T000000, start_date=20241009T001135, end_date=20241009T003540
[2024-10-09T01:35:40.045+0100] {local_task_job_runner.py:266} INFO - Task exited with return code 0
[2024-10-09T01:35:40.052+0100] {taskinstance.py:3900} INFO - 1 downstream tasks scheduled from follow-on schedule check
[2024-10-09T01:35:40.053+0100] {local_task_job_runner.py:245} INFO - ::endgroup::
