[2024-10-06T01:15:24.027+0100] {local_task_job_runner.py:123} INFO - ::group::Pre task execution logs
[2024-10-06T01:15:24.030+0100] {taskinstance.py:2612} INFO - Dependencies all met for dep_context=non-requeueable deps ti=<TaskInstance: executing_multiple_tasks_2.taskC scheduled__2024-10-05T00:00:00+00:00 [queued]>
[2024-10-06T01:15:24.031+0100] {taskinstance.py:2612} INFO - Dependencies all met for dep_context=requeueable deps ti=<TaskInstance: executing_multiple_tasks_2.taskC scheduled__2024-10-05T00:00:00+00:00 [queued]>
[2024-10-06T01:15:24.032+0100] {taskinstance.py:2865} INFO - Starting attempt 1 of 1
[2024-10-06T01:15:24.035+0100] {taskinstance.py:2888} INFO - Executing <Task(BashOperator): taskC> on 2024-10-05 00:00:00+00:00
[2024-10-06T01:15:24.037+0100] {standard_task_runner.py:72} INFO - Started process 35957 to run task
[2024-10-06T01:15:24.039+0100] {standard_task_runner.py:104} INFO - Running: ['airflow', 'tasks', 'run', 'executing_multiple_tasks_2', 'taskC', 'scheduled__2024-10-05T00:00:00+00:00', '--job-id', '74', '--raw', '--subdir', 'DAGS_FOLDER/execute_multiple_2.py', '--cfg-path', '/var/folders/nl/1x330z2x7yzb268yb0bbvjcr0000gn/T/tmpyaq8wuys']
[2024-10-06T01:15:24.040+0100] {standard_task_runner.py:105} INFO - Job 74: Subtask taskC
[2024-10-06T01:15:24.051+0100] {task_command.py:467} INFO - Running <TaskInstance: executing_multiple_tasks_2.taskC scheduled__2024-10-05T00:00:00+00:00 [running]> on host mujtabas-macbook-pro.local
[2024-10-06T01:15:24.071+0100] {taskinstance.py:3131} INFO - Exporting env vars: AIRFLOW_CTX_DAG_OWNER='ali' AIRFLOW_CTX_DAG_ID='executing_multiple_tasks_2' AIRFLOW_CTX_TASK_ID='taskC' AIRFLOW_CTX_EXECUTION_DATE='2024-10-05T00:00:00+00:00' AIRFLOW_CTX_TRY_NUMBER='1' AIRFLOW_CTX_DAG_RUN_ID='scheduled__2024-10-05T00:00:00+00:00'
[2024-10-06T01:15:24.071+0100] {taskinstance.py:731} INFO - ::endgroup::
[2024-10-06T01:15:24.076+0100] {subprocess.py:63} INFO - Tmp dir root location: /var/folders/nl/1x330z2x7yzb268yb0bbvjcr0000gn/T
[2024-10-06T01:15:24.076+0100] {subprocess.py:75} INFO - Running command: ['/bin/bash', '-c', '\n            echo TASK C has started!\n            sleep 15\n            echo TASK C has ended!\n        ']
[2024-10-06T01:15:24.078+0100] {subprocess.py:86} INFO - Output:
[2024-10-06T01:15:24.080+0100] {subprocess.py:93} INFO - TASK C has started!
[2024-10-06T01:32:41.037+0100] {job.py:229} INFO - Heartbeat recovered after 1037.03 seconds
[2024-10-06T01:32:50.960+0100] {subprocess.py:93} INFO - TASK C has ended!
[2024-10-06T01:32:50.962+0100] {subprocess.py:97} INFO - Command exited with return code 0
[2024-10-06T01:32:50.982+0100] {taskinstance.py:340} INFO - ::group::Post task execution logs
[2024-10-06T01:32:50.983+0100] {taskinstance.py:352} INFO - Marking task as SUCCESS. dag_id=executing_multiple_tasks_2, task_id=taskC, run_id=scheduled__2024-10-05T00:00:00+00:00, execution_date=20241005T000000, start_date=20241006T001524, end_date=20241006T003250
[2024-10-06T01:32:51.015+0100] {local_task_job_runner.py:266} INFO - Task exited with return code 0
[2024-10-06T01:32:51.026+0100] {taskinstance.py:3900} INFO - 1 downstream tasks scheduled from follow-on schedule check
[2024-10-06T01:32:51.027+0100] {local_task_job_runner.py:245} INFO - ::endgroup::
