[2024-10-17T21:48:26.868+0100] {local_task_job_runner.py:123} INFO - ::group::Pre task execution logs
[2024-10-17T21:48:26.872+0100] {taskinstance.py:2612} INFO - Dependencies all met for dep_context=non-requeueable deps ti=<TaskInstance: cron_catchup_backfill.taskBranch scheduled__2024-10-13T00:00:00+00:00 [queued]>
[2024-10-17T21:48:26.874+0100] {taskinstance.py:2612} INFO - Dependencies all met for dep_context=requeueable deps ti=<TaskInstance: cron_catchup_backfill.taskBranch scheduled__2024-10-13T00:00:00+00:00 [queued]>
[2024-10-17T21:48:26.874+0100] {taskinstance.py:2865} INFO - Starting attempt 1 of 1
[2024-10-17T21:48:26.877+0100] {taskinstance.py:2888} INFO - Executing <Task(BranchPythonOperator): taskBranch> on 2024-10-13 00:00:00+00:00
[2024-10-17T21:48:26.879+0100] {standard_task_runner.py:72} INFO - Started process 5493 to run task
[2024-10-17T21:48:26.882+0100] {standard_task_runner.py:104} INFO - Running: ['airflow', 'tasks', 'run', 'cron_catchup_backfill', 'taskBranch', 'scheduled__2024-10-13T00:00:00+00:00', '--job-id', '275', '--raw', '--subdir', 'DAGS_FOLDER/cron_catchup_backfill.py', '--cfg-path', '/var/folders/nl/1x330z2x7yzb268yb0bbvjcr0000gn/T/tmpec_i0szc']
[2024-10-17T21:48:26.884+0100] {standard_task_runner.py:105} INFO - Job 275: Subtask taskBranch
[2024-10-17T21:48:26.897+0100] {task_command.py:467} INFO - Running <TaskInstance: cron_catchup_backfill.taskBranch scheduled__2024-10-13T00:00:00+00:00 [running]> on host mujtabas-macbook-pro.local
[2024-10-17T21:48:26.917+0100] {taskinstance.py:3131} INFO - Exporting env vars: AIRFLOW_CTX_DAG_OWNER='ali' AIRFLOW_CTX_DAG_ID='cron_catchup_backfill' AIRFLOW_CTX_TASK_ID='taskBranch' AIRFLOW_CTX_EXECUTION_DATE='2024-10-13T00:00:00+00:00' AIRFLOW_CTX_TRY_NUMBER='1' AIRFLOW_CTX_DAG_RUN_ID='scheduled__2024-10-13T00:00:00+00:00'
[2024-10-17T21:48:26.917+0100] {taskinstance.py:731} INFO - ::endgroup::
[2024-10-17T21:48:26.921+0100] {baseoperator.py:405} WARNING - BranchPythonOperator.execute cannot be called outside TaskInstance!
[2024-10-17T21:48:26.923+0100] {python.py:240} INFO - Done. Returned value was: taskD
[2024-10-17T21:48:26.923+0100] {branch.py:38} INFO - Branch into taskD
[2024-10-17T21:48:26.923+0100] {skipmixin.py:230} INFO - Following branch {'taskD'}
[2024-10-17T21:48:26.926+0100] {skipmixin.py:278} INFO - Skipping tasks [('taskC', -1), ('taskE', -1)]
[2024-10-17T21:48:26.931+0100] {taskinstance.py:340} INFO - ::group::Post task execution logs
[2024-10-17T21:48:26.931+0100] {taskinstance.py:352} INFO - Marking task as SUCCESS. dag_id=cron_catchup_backfill, task_id=taskBranch, run_id=scheduled__2024-10-13T00:00:00+00:00, execution_date=20241013T000000, start_date=20241017T204826, end_date=20241017T204826
[2024-10-17T21:48:26.939+0100] {local_task_job_runner.py:266} INFO - Task exited with return code 0
[2024-10-17T21:48:26.945+0100] {taskinstance.py:3900} INFO - 0 downstream tasks scheduled from follow-on schedule check
[2024-10-17T21:48:26.946+0100] {local_task_job_runner.py:245} INFO - ::endgroup::
