[2024-10-16T14:08:36.921+0100] {local_task_job_runner.py:123} INFO - ::group::Pre task execution logs
[2024-10-16T14:08:36.925+0100] {taskinstance.py:2612} INFO - Dependencies all met for dep_context=non-requeueable deps ti=<TaskInstance: executing_sql_pipeline_multiple.insert_values_2 scheduled__2024-10-15T00:00:00+00:00 [queued]>
[2024-10-16T14:08:36.927+0100] {taskinstance.py:2612} INFO - Dependencies all met for dep_context=requeueable deps ti=<TaskInstance: executing_sql_pipeline_multiple.insert_values_2 scheduled__2024-10-15T00:00:00+00:00 [queued]>
[2024-10-16T14:08:36.927+0100] {taskinstance.py:2865} INFO - Starting attempt 1 of 1
[2024-10-16T14:08:36.930+0100] {taskinstance.py:2888} INFO - Executing <Task(SqliteOperator): insert_values_2> on 2024-10-15 00:00:00+00:00
[2024-10-16T14:08:36.933+0100] {standard_task_runner.py:72} INFO - Started process 71368 to run task
[2024-10-16T14:08:36.936+0100] {standard_task_runner.py:104} INFO - Running: ['airflow', 'tasks', 'run', 'executing_sql_pipeline_multiple', 'insert_values_2', 'scheduled__2024-10-15T00:00:00+00:00', '--job-id', '203', '--raw', '--subdir', 'DAGS_FOLDER/sql_pipeline_multiple.py', '--cfg-path', '/var/folders/nl/1x330z2x7yzb268yb0bbvjcr0000gn/T/tmptl8jj_6x']
[2024-10-16T14:08:36.937+0100] {standard_task_runner.py:105} INFO - Job 203: Subtask insert_values_2
[2024-10-16T14:08:36.949+0100] {task_command.py:467} INFO - Running <TaskInstance: executing_sql_pipeline_multiple.insert_values_2 scheduled__2024-10-15T00:00:00+00:00 [running]> on host mujtabas-macbook-pro.local
[2024-10-16T14:08:36.969+0100] {taskinstance.py:3131} INFO - Exporting env vars: AIRFLOW_CTX_DAG_OWNER='ali' AIRFLOW_CTX_DAG_ID='executing_sql_pipeline_multiple' AIRFLOW_CTX_TASK_ID='insert_values_2' AIRFLOW_CTX_EXECUTION_DATE='2024-10-15T00:00:00+00:00' AIRFLOW_CTX_TRY_NUMBER='1' AIRFLOW_CTX_DAG_RUN_ID='scheduled__2024-10-15T00:00:00+00:00'
[2024-10-16T14:08:36.969+0100] {taskinstance.py:731} INFO - ::endgroup::
[2024-10-16T14:08:36.974+0100] {sql.py:266} INFO - Executing: 
            INSERT INTO users (name, age) VALUES 
                ('Harry', 49),
                ('Nancy', 52),
                ('Elvis', 26),
                ('Mia', 20);
        
[2024-10-16T14:08:36.976+0100] {base.py:84} INFO - Retrieving connection 'my_sqlite_conn'
[2024-10-16T14:08:36.986+0100] {base.py:84} INFO - Retrieving connection 'my_sqlite_conn'
[2024-10-16T14:08:36.987+0100] {sql.py:509} INFO - Running statement: 
            INSERT INTO users (name, age) VALUES 
                ('Harry', 49),
                ('Nancy', 52),
                ('Elvis', 26),
                ('Mia', 20);
        , parameters: None
[2024-10-16T14:08:36.987+0100] {sql.py:518} INFO - Rows affected: 4
[2024-10-16T14:08:36.990+0100] {taskinstance.py:340} INFO - ::group::Post task execution logs
[2024-10-16T14:08:36.990+0100] {taskinstance.py:352} INFO - Marking task as SUCCESS. dag_id=executing_sql_pipeline_multiple, task_id=insert_values_2, run_id=scheduled__2024-10-15T00:00:00+00:00, execution_date=20241015T000000, start_date=20241016T130836, end_date=20241016T130836
[2024-10-16T14:08:36.997+0100] {local_task_job_runner.py:266} INFO - Task exited with return code 0
[2024-10-16T14:08:37.002+0100] {logging_mixin.py:190} WARNING - /opt/miniconda3/envs/airflow/lib/python3.8/site-packages/airflow/models/baseoperator.py:1378 AirflowProviderDeprecationWarning: Call to deprecated class SqliteOperator. (Please use `airflow.providers.common.sql.operators.sql.SQLExecuteQueryOperator`.)
[2024-10-16T14:08:37.005+0100] {taskinstance.py:3900} INFO - 1 downstream tasks scheduled from follow-on schedule check
[2024-10-16T14:08:37.005+0100] {local_task_job_runner.py:245} INFO - ::endgroup::
