[2024-10-04T18:10:01.283+0100] {local_task_job_runner.py:123} INFO - ::group::Pre task execution logs
[2024-10-04T18:10:01.286+0100] {taskinstance.py:2612} INFO - Dependencies all met for dep_context=non-requeueable deps ti=<TaskInstance: executing_multiple_tasks_2.taskC manual__2024-10-04T17:09:53.150551+00:00 [queued]>
[2024-10-04T18:10:01.288+0100] {taskinstance.py:2612} INFO - Dependencies all met for dep_context=requeueable deps ti=<TaskInstance: executing_multiple_tasks_2.taskC manual__2024-10-04T17:09:53.150551+00:00 [queued]>
[2024-10-04T18:10:01.288+0100] {taskinstance.py:2865} INFO - Starting attempt 1 of 1
[2024-10-04T18:10:01.292+0100] {taskinstance.py:2888} INFO - Executing <Task(BashOperator): taskC> on 2024-10-04 17:09:53.150551+00:00
[2024-10-04T18:10:01.294+0100] {standard_task_runner.py:72} INFO - Started process 26193 to run task
[2024-10-04T18:10:01.296+0100] {standard_task_runner.py:104} INFO - Running: ['airflow', 'tasks', 'run', 'executing_multiple_tasks_2', 'taskC', 'manual__2024-10-04T17:09:53.150551+00:00', '--job-id', '32', '--raw', '--subdir', 'DAGS_FOLDER/execute_multiple_2.py', '--cfg-path', '/var/folders/nl/1x330z2x7yzb268yb0bbvjcr0000gn/T/tmp0lq2h_a3']
[2024-10-04T18:10:01.297+0100] {standard_task_runner.py:105} INFO - Job 32: Subtask taskC
[2024-10-04T18:10:01.309+0100] {task_command.py:467} INFO - Running <TaskInstance: executing_multiple_tasks_2.taskC manual__2024-10-04T17:09:53.150551+00:00 [running]> on host mujtabas-macbook-pro.local
[2024-10-04T18:10:01.328+0100] {taskinstance.py:3131} INFO - Exporting env vars: AIRFLOW_CTX_DAG_OWNER='ali' AIRFLOW_CTX_DAG_ID='executing_multiple_tasks_2' AIRFLOW_CTX_TASK_ID='taskC' AIRFLOW_CTX_EXECUTION_DATE='2024-10-04T17:09:53.150551+00:00' AIRFLOW_CTX_TRY_NUMBER='1' AIRFLOW_CTX_DAG_RUN_ID='manual__2024-10-04T17:09:53.150551+00:00'
[2024-10-04T18:10:01.328+0100] {taskinstance.py:731} INFO - ::endgroup::
[2024-10-04T18:10:01.333+0100] {subprocess.py:63} INFO - Tmp dir root location: /var/folders/nl/1x330z2x7yzb268yb0bbvjcr0000gn/T
[2024-10-04T18:10:01.334+0100] {subprocess.py:75} INFO - Running command: ['/bin/bash', '-c', '\n            echo TASK C has started!\n            sleep 15\n            echo TASK C has ended!\n        ']
[2024-10-04T18:10:01.336+0100] {subprocess.py:86} INFO - Output:
[2024-10-04T18:10:01.338+0100] {subprocess.py:93} INFO - TASK C has started!
[2024-10-04T18:10:16.344+0100] {subprocess.py:93} INFO - TASK C has ended!
[2024-10-04T18:10:16.347+0100] {subprocess.py:97} INFO - Command exited with return code 0
[2024-10-04T18:10:16.369+0100] {taskinstance.py:340} INFO - ::group::Post task execution logs
[2024-10-04T18:10:16.371+0100] {taskinstance.py:352} INFO - Marking task as SUCCESS. dag_id=executing_multiple_tasks_2, task_id=taskC, run_id=manual__2024-10-04T17:09:53.150551+00:00, execution_date=20241004T170953, start_date=20241004T171001, end_date=20241004T171016
[2024-10-04T18:10:16.420+0100] {local_task_job_runner.py:266} INFO - Task exited with return code 0
[2024-10-04T18:10:16.430+0100] {taskinstance.py:3900} INFO - 0 downstream tasks scheduled from follow-on schedule check
[2024-10-04T18:10:16.430+0100] {local_task_job_runner.py:245} INFO - ::endgroup::
