[2024-10-17T22:01:19.830+0100] {local_task_job_runner.py:123} INFO - ::group::Pre task execution logs
[2024-10-17T22:01:19.834+0100] {taskinstance.py:2612} INFO - Dependencies all met for dep_context=non-requeueable deps ti=<TaskInstance: cron_catchup_backfill_3.taskA backfill__2022-01-15T12:00:00+00:00 [queued]>
[2024-10-17T22:01:19.836+0100] {taskinstance.py:2612} INFO - Dependencies all met for dep_context=requeueable deps ti=<TaskInstance: cron_catchup_backfill_3.taskA backfill__2022-01-15T12:00:00+00:00 [queued]>
[2024-10-17T22:01:19.836+0100] {taskinstance.py:2865} INFO - Starting attempt 1 of 1
[2024-10-17T22:01:19.841+0100] {taskinstance.py:2888} INFO - Executing <Task(BashOperator): taskA> on 2022-01-15 12:00:00+00:00
[2024-10-17T22:01:19.843+0100] {standard_task_runner.py:72} INFO - Started process 6940 to run task
[2024-10-17T22:01:19.846+0100] {standard_task_runner.py:104} INFO - Running: ['airflow', 'tasks', 'run', 'cron_catchup_backfill_3', 'taskA', 'backfill__2022-01-15T12:00:00+00:00', '--job-id', '322', '--pool', 'default_pool', '--raw', '--subdir', 'DAGS_FOLDER/cron_catchup_backfill_3.py', '--cfg-path', '/var/folders/nl/1x330z2x7yzb268yb0bbvjcr0000gn/T/tmpiibh6pff']
[2024-10-17T22:01:19.847+0100] {standard_task_runner.py:105} INFO - Job 322: Subtask taskA
[2024-10-17T22:01:19.861+0100] {task_command.py:467} INFO - Running <TaskInstance: cron_catchup_backfill_3.taskA backfill__2022-01-15T12:00:00+00:00 [running]> on host mujtabas-macbook-pro.local
[2024-10-17T22:01:19.888+0100] {taskinstance.py:3131} INFO - Exporting env vars: AIRFLOW_CTX_DAG_OWNER='ali' AIRFLOW_CTX_DAG_ID='cron_catchup_backfill_3' AIRFLOW_CTX_TASK_ID='taskA' AIRFLOW_CTX_EXECUTION_DATE='2022-01-15T12:00:00+00:00' AIRFLOW_CTX_TRY_NUMBER='1' AIRFLOW_CTX_DAG_RUN_ID='backfill__2022-01-15T12:00:00+00:00'
[2024-10-17T22:01:19.889+0100] {taskinstance.py:731} INFO - ::endgroup::
[2024-10-17T22:01:19.894+0100] {subprocess.py:63} INFO - Tmp dir root location: /var/folders/nl/1x330z2x7yzb268yb0bbvjcr0000gn/T
[2024-10-17T22:01:19.894+0100] {subprocess.py:75} INFO - Running command: ['/bin/bash', '-c', 'echo TASK A has executed!']
[2024-10-17T22:01:19.898+0100] {subprocess.py:86} INFO - Output:
[2024-10-17T22:01:19.900+0100] {subprocess.py:93} INFO - TASK A has executed!
[2024-10-17T22:01:19.900+0100] {subprocess.py:97} INFO - Command exited with return code 0
[2024-10-17T22:01:19.906+0100] {taskinstance.py:340} INFO - ::group::Post task execution logs
[2024-10-17T22:01:19.906+0100] {taskinstance.py:352} INFO - Marking task as SUCCESS. dag_id=cron_catchup_backfill_3, task_id=taskA, run_id=backfill__2022-01-15T12:00:00+00:00, execution_date=20220115T120000, start_date=20241017T210119, end_date=20241017T210119
[2024-10-17T22:01:19.951+0100] {local_task_job_runner.py:266} INFO - Task exited with return code 0
[2024-10-17T22:01:19.960+0100] {taskinstance.py:3900} INFO - 1 downstream tasks scheduled from follow-on schedule check
[2024-10-17T22:01:19.960+0100] {local_task_job_runner.py:245} INFO - ::endgroup::
