[2024-10-04T16:52:12.752+0100] {local_task_job_runner.py:123} INFO - ::group::Pre task execution logs
[2024-10-04T16:52:12.756+0100] {taskinstance.py:2612} INFO - Dependencies all met for dep_context=non-requeueable deps ti=<TaskInstance: executing_multiple_tasks.taskB manual__2024-10-04T15:52:11.114333+00:00 [queued]>
[2024-10-04T16:52:12.758+0100] {taskinstance.py:2612} INFO - Dependencies all met for dep_context=requeueable deps ti=<TaskInstance: executing_multiple_tasks.taskB manual__2024-10-04T15:52:11.114333+00:00 [queued]>
[2024-10-04T16:52:12.758+0100] {taskinstance.py:2865} INFO - Starting attempt 1 of 1
[2024-10-04T16:52:12.761+0100] {taskinstance.py:2888} INFO - Executing <Task(BashOperator): taskB> on 2024-10-04 15:52:11.114333+00:00
[2024-10-04T16:52:12.763+0100] {standard_task_runner.py:72} INFO - Started process 25134 to run task
[2024-10-04T16:52:12.766+0100] {standard_task_runner.py:104} INFO - Running: ['airflow', 'tasks', 'run', 'executing_multiple_tasks', 'taskB', 'manual__2024-10-04T15:52:11.114333+00:00', '--job-id', '12', '--raw', '--subdir', 'DAGS_FOLDER/execute_multiple.py', '--cfg-path', '/var/folders/nl/1x330z2x7yzb268yb0bbvjcr0000gn/T/tmptsjfctv6']
[2024-10-04T16:52:12.767+0100] {standard_task_runner.py:105} INFO - Job 12: Subtask taskB
[2024-10-04T16:52:12.779+0100] {task_command.py:467} INFO - Running <TaskInstance: executing_multiple_tasks.taskB manual__2024-10-04T15:52:11.114333+00:00 [running]> on host mujtabas-macbook-pro.local
[2024-10-04T16:52:12.798+0100] {taskinstance.py:3131} INFO - Exporting env vars: AIRFLOW_CTX_DAG_OWNER='ali' AIRFLOW_CTX_DAG_ID='executing_multiple_tasks' AIRFLOW_CTX_TASK_ID='taskB' AIRFLOW_CTX_EXECUTION_DATE='2024-10-04T15:52:11.114333+00:00' AIRFLOW_CTX_TRY_NUMBER='1' AIRFLOW_CTX_DAG_RUN_ID='manual__2024-10-04T15:52:11.114333+00:00'
[2024-10-04T16:52:12.798+0100] {taskinstance.py:731} INFO - ::endgroup::
[2024-10-04T16:52:12.803+0100] {subprocess.py:63} INFO - Tmp dir root location: /var/folders/nl/1x330z2x7yzb268yb0bbvjcr0000gn/T
[2024-10-04T16:52:12.803+0100] {subprocess.py:75} INFO - Running command: ['/bin/bash', '-c', 'echo TASK B has executed!']
[2024-10-04T16:52:12.805+0100] {subprocess.py:86} INFO - Output:
[2024-10-04T16:52:12.807+0100] {subprocess.py:93} INFO - TASK B has executed!
[2024-10-04T16:52:12.807+0100] {subprocess.py:97} INFO - Command exited with return code 0
[2024-10-04T16:52:12.813+0100] {taskinstance.py:340} INFO - ::group::Post task execution logs
[2024-10-04T16:52:12.813+0100] {taskinstance.py:352} INFO - Marking task as SUCCESS. dag_id=executing_multiple_tasks, task_id=taskB, run_id=manual__2024-10-04T15:52:11.114333+00:00, execution_date=20241004T155211, start_date=20241004T155212, end_date=20241004T155212
[2024-10-04T16:52:12.822+0100] {local_task_job_runner.py:266} INFO - Task exited with return code 0
[2024-10-04T16:52:12.828+0100] {taskinstance.py:3900} INFO - 1 downstream tasks scheduled from follow-on schedule check
[2024-10-04T16:52:12.828+0100] {local_task_job_runner.py:245} INFO - ::endgroup::
